3.431,5938
22.896,5937
22.897,5936
22.897,5935
22.898,5934
22.898,5933
22.898,5932
22.899,5931
22.899,5930
22.899,5929
22.899,5928
22.899,5927
22.900,5926
22.901,5925
22.901,5924
22.902,5923
22.902,5922
22.902,5921
22.903,5920
22.903,5919
22.903,5918
22.903,5917
22.903,5916
22.903,5915
22.904,5914
22.904,5913
22.904,5912
22.904,5911
22.904,5910
22.905,5909
22.905,5908
22.905,5907
22.905,5906
22.905,5905
22.905,5904
22.906,5903
22.906,5902
22.906,5901
22.906,5900
22.906,5899
22.906,5898
22.906,5897
22.907,5896
22.907,5895
22.907,5894
22.907,5893
22.907,5892
22.907,5891
22.907,5890
22.908,5889
22.908,5888
22.908,5887
22.909,5886
22.909,5885
22.909,5884
22.909,5883
22.909,5882
22.909,5881
22.909,5880
22.910,5879
22.910,5878
22.910,5877
22.910,5876
22.910,5875
22.910,5874
22.910,5873
22.911,5872
22.911,5871
22.911,5870
22.911,5869
22.911,5868
22.911,5867
22.911,5866
22.911,5865
22.912,5864
22.912,5863
22.912,5862
22.912,5861
22.912,5860
22.912,5859
22.912,5858
22.913,5857
22.913,5856
22.913,5855
22.913,5854
22.913,5853
22.915,5852
22.915,5851
22.915,5850
22.915,5849
22.915,5848
22.915,5847
22.915,5846
22.915,5845
22.916,5844
22.917,5843
22.917,5842
22.917,5841
22.917,5840
22.917,5839
22.918,5838
22.918,5837
22.918,5836
22.918,5835
22.918,5834
22.918,5833
22.918,5832
22.918,5831
22.918,5830
22.918,5829
22.918,5828
22.919,5827
22.919,5826
22.919,5825
22.919,5824
22.919,5823
22.919,5822
22.919,5821
22.919,5820
22.919,5819
22.919,5818
22.920,5817
22.920,5816
22.920,5815
22.920,5814
22.920,5813
22.920,5812
22.920,5811
22.920,5810
22.920,5809
22.920,5808
22.921,5807
22.921,5806
22.921,5805
22.921,5804
22.921,5803
22.921,5802
22.921,5801
22.921,5800
22.921,5799
22.921,5798
22.921,5797
22.921,5796
22.921,5795
22.921,5794
22.921,5793
22.922,5792
22.922,5791
22.922,5790
22.922,5789
22.922,5788
22.922,5787
22.922,5786
22.922,5785
22.922,5784
22.922,5783
22.922,5782
22.922,5781
22.923,5780
22.923,5779
22.923,5778
22.923,5777
22.923,5776
22.923,5775
22.923,5774
22.923,5773
22.923,5772
22.923,5771
22.923,5770
22.923,5769
22.923,5768
22.923,5767
22.924,5766
22.924,5765
22.924,5764
22.924,5763
22.924,5762
22.924,5761
22.924,5760
22.924,5759
22.924,5758
22.924,5757
22.924,5756
22.924,5755
22.924,5754
22.924,5753
22.924,5752
22.925,5751
22.925,5750
22.925,5749
22.925,5748
22.925,5747
22.926,5746
22.926,5745
22.926,5744
22.926,5743
22.926,5742
22.926,5741
22.926,5740
22.926,5739
22.926,5738
22.926,5737
22.926,5736
22.926,5735
22.926,5734
22.926,5733
22.926,5732
22.926,5731
22.927,5730
22.927,5729
22.927,5728
22.927,5727
22.927,5726
22.927,5725
22.927,5724
22.927,5723
22.927,5722
22.927,5721
22.927,5720
22.927,5719
22.927,5718
22.927,5717
22.927,5716
22.927,5715
22.928,5714
22.928,5713
22.928,5712
22.928,5711
22.928,5710
22.928,5709
22.928,5708
22.928,5707
22.928,5706
22.928,5705
22.928,5704
22.928,5703
22.928,5702
22.928,5701
22.928,5700
22.928,5699
22.928,5698
22.929,5697
22.929,5696
22.929,5695
22.929,5694
22.929,5693
22.929,5692
22.929,5691
22.929,5690
22.929,5689
22.929,5688
22.929,5687
22.929,5686
22.929,5685
22.930,5684
22.931,5683
22.931,5682
22.931,5681
22.931,5680
22.931,5679
22.931,5678
22.932,5677
22.932,5676
22.932,5675
22.932,5674
22.932,5673
22.932,5672
22.932,5671
22.932,5670
22.932,5669
22.932,5668
22.932,5667
22.932,5666
22.932,5665
22.932,5664
22.932,5663
22.932,5662
22.932,5661
22.932,5660
22.932,5659
22.933,5658
22.933,5657
22.933,5656
22.933,5655
22.933,5654
22.933,5653
22.933,5652
22.933,5651
22.933,5650
22.933,5649
22.933,5648
22.933,5647
22.933,5646
22.933,5645
22.933,5644
22.933,5643
22.933,5642
22.934,5641
22.934,5640
22.934,5639
22.934,5638
22.934,5637
22.934,5636
22.934,5635
22.934,5634
22.934,5633
22.934,5632
22.934,5631
22.934,5630
22.934,5629
22.934,5628
22.934,5627
22.934,5626
22.935,5625
22.935,5624
22.935,5623
22.935,5622
22.935,5621
22.935,5620
22.935,5619
22.935,5618
22.935,5617
22.935,5616
22.935,5615
22.935,5614
22.935,5613
22.935,5612
22.935,5611
22.935,5610
22.935,5609
22.935,5608
22.935,5607
22.936,5606
22.936,5605
22.936,5604
22.936,5603
22.936,5602
22.936,5601
22.936,5600
22.936,5599
22.936,5598
22.936,5597
22.936,5596
22.936,5595
22.936,5594
22.936,5593
22.936,5592
22.936,5591
22.937,5590
22.938,5589
22.938,5588
22.938,5587
22.938,5586
22.938,5585
22.938,5584
22.938,5583
22.938,5582
22.938,5581
22.938,5580
22.938,5579
22.939,5578
22.939,5577
22.939,5576
22.939,5575
22.939,5574
22.939,5573
22.939,5572
22.939,5571
22.939,5570
22.939,5569
22.939,5568
22.939,5567
22.939,5566
22.939,5565
22.939,5564
22.939,5563
22.939,5562
22.939,5561
22.939,5560
22.940,5559
22.940,5558
22.940,5557
22.940,5556
22.940,5555
22.940,5554
22.940,5553
22.940,5552
22.940,5551
22.940,5550
22.940,5549
22.940,5548
22.940,5547
22.940,5546
22.940,5545
22.940,5544
22.940,5543
22.940,5542
22.940,5541
22.941,5540
22.941,5539
22.941,5538
22.941,5537
22.941,5536
22.941,5535
22.941,5534
22.941,5533
22.941,5532
22.941,5531
22.941,5530
22.941,5529
22.941,5528
22.941,5527
22.941,5526
22.941,5525
22.941,5524
22.941,5523
22.941,5522
22.941,5521
22.941,5520
22.941,5519
22.942,5518
22.942,5517
22.942,5516
22.942,5515
22.942,5514
22.942,5513
22.942,5512
22.942,5511
22.942,5510
22.942,5509
22.942,5508
22.942,5507
22.942,5506
22.942,5505
22.942,5504
22.942,5503
22.942,5502
22.942,5501
22.942,5500
22.942,5499
22.942,5498
22.942,5497
22.942,5496
22.942,5495
22.942,5494
22.942,5493
22.943,5492
22.943,5491
22.943,5490
22.943,5489
22.943,5488
22.943,5487
22.943,5486
22.943,5485
22.943,5484
22.943,5483
22.943,5482
22.943,5481
22.943,5480
22.943,5479
22.943,5478
22.943,5477
22.943,5476
22.943,5475
22.943,5474
22.943,5473
22.943,5472
22.943,5471
22.943,5470
22.943,5469
22.943,5468
22.943,5467
22.944,5466
22.944,5465
22.944,5464
22.944,5463
22.944,5462
22.944,5461
22.944,5460
22.944,5459
22.944,5458
22.944,5457
22.944,5456
22.944,5455
22.944,5454
22.944,5453
22.944,5452
22.944,5451
22.944,5450
22.944,5449
22.944,5448
22.944,5447
22.944,5446
22.944,5445
22.945,5444
22.945,5443
22.945,5442
22.945,5441
22.945,5440
22.945,5439
22.945,5438
22.945,5437
22.945,5436
22.945,5435
22.945,5434
22.945,5433
22.945,5432
22.945,5431
22.945,5430
22.945,5429
22.945,5428
22.945,5427
22.945,5426
22.945,5425
22.946,5424
22.946,5423
22.946,5422
22.946,5421
22.946,5420
22.946,5419
22.946,5418
22.946,5417
22.946,5416
22.946,5415
22.946,5414
22.946,5413
22.946,5412
22.946,5411
22.946,5410
22.946,5409
22.947,5408
22.947,5407
22.947,5406
22.947,5405
22.947,5404
22.947,5403
22.947,5402
22.947,5401
22.947,5400
22.947,5399
22.947,5398
22.947,5397
22.947,5396
22.947,5395
22.947,5394
22.948,5393
22.948,5392
22.948,5391
22.948,5390
22.948,5389
22.948,5388
22.948,5387
22.948,5386
22.948,5385
22.948,5384
22.948,5383
22.948,5382
22.948,5381
22.948,5380
22.948,5379
22.948,5378
22.948,5377
22.948,5376
22.948,5375
22.948,5374
22.948,5373
22.948,5372
22.948,5371
22.948,5370
22.948,5369
22.949,5368
22.949,5367
22.949,5366
22.949,5365
22.949,5364
22.949,5363
22.949,5362
22.949,5361
22.949,5360
22.949,5359
22.949,5358
22.949,5357
22.949,5356
22.949,5355
22.949,5354
22.949,5353
22.949,5352
22.949,5351
22.949,5350
22.949,5349
22.949,5348
22.949,5347
22.949,5346
22.949,5345
22.949,5344
22.949,5343
22.949,5342
22.949,5341
22.949,5340
22.950,5339
22.950,5338
22.950,5337
22.950,5336
22.950,5335
22.950,5334
22.950,5333
22.950,5332
22.950,5331
22.950,5330
22.950,5329
22.950,5328
22.950,5327
22.950,5326
22.950,5325
22.950,5324
22.950,5323
22.950,5322
22.950,5321
22.950,5320
22.950,5319
22.950,5318
22.950,5317
22.950,5316
22.950,5315
22.950,5314
22.950,5313
22.950,5312
22.951,5311
22.951,5310
22.951,5309
22.951,5308
22.951,5307
22.951,5306
22.951,5305
22.951,5304
22.951,5303
22.951,5302
22.951,5301
22.951,5300
22.951,5299
22.952,5298
22.952,5297
22.952,5296
22.952,5295
22.952,5294
22.952,5293
22.952,5292
22.952,5291
22.952,5290
22.952,5289
22.952,5288
22.952,5287
22.952,5286
22.952,5285
22.952,5284
22.952,5283
22.952,5282
22.952,5281
22.952,5280
22.952,5279
22.952,5278
22.952,5277
22.952,5276
22.952,5275
22.952,5274
22.952,5273
22.952,5272
22.952,5271
22.952,5270
22.952,5269
22.952,5268
22.952,5267
22.953,5266
22.953,5265
22.953,5264
22.953,5263
22.953,5262
22.953,5261
22.953,5260
22.953,5259
22.953,5258
22.953,5257
22.953,5256
22.953,5255
22.953,5254
22.953,5253
22.953,5252
22.953,5251
22.953,5250
22.953,5249
22.953,5248
22.953,5247
22.953,5246
22.953,5245
22.953,5244
22.953,5243
22.953,5242
22.953,5241
22.953,5240
22.953,5239
22.953,5238
22.953,5237
22.953,5236
22.953,5235
22.954,5234
22.954,5233
22.954,5232
22.954,5231
22.954,5230
22.954,5229
22.954,5228
22.954,5227
22.954,5226
22.954,5225
22.954,5224
22.954,5223
22.954,5222
22.954,5221
22.954,5220
22.954,5219
22.954,5218
22.954,5217
22.954,5216
22.954,5215
22.954,5214
22.954,5213
22.954,5212
22.954,5211
22.954,5210
22.954,5209
22.954,5208
22.954,5207
22.954,5206
22.955,5205
22.955,5204
22.955,5203
22.955,5202
22.955,5201
22.955,5200
22.955,5199
22.955,5198
22.955,5197
22.955,5196
22.955,5195
22.955,5194
22.955,5193
22.955,5192
22.955,5191
22.955,5190
22.955,5189
22.955,5188
22.955,5187
22.955,5186
22.955,5185
22.955,5184
22.955,5183
22.955,5182
22.955,5181
22.955,5180
22.955,5179
22.955,5178
22.955,5177
22.955,5176
22.955,5175
22.956,5174
22.956,5173
22.956,5172
22.956,5171
22.956,5170
22.956,5169
22.956,5168
22.956,5167
22.956,5166
22.956,5165
22.956,5164
22.956,5163
22.956,5162
22.956,5161
22.956,5160
22.956,5159
22.956,5158
22.956,5157
22.956,5156
22.956,5155
22.956,5154
22.956,5153
22.956,5152
22.956,5151
22.956,5150
22.956,5149
22.956,5148
22.957,5147
22.957,5146
22.957,5145
22.957,5144
22.957,5143
22.957,5142
22.957,5141
22.957,5140
22.957,5139
22.957,5138
22.957,5137
22.957,5136
22.957,5135
22.957,5134
22.957,5133
22.957,5132
22.957,5131
22.957,5130
22.957,5129
22.957,5128
22.957,5127
22.957,5126
22.957,5125
22.957,5124
22.957,5123
22.957,5122
22.957,5121
22.957,5120
22.957,5119
22.957,5118
22.957,5117
22.957,5116
22.957,5115
22.958,5114
22.958,5113
22.958,5112
22.958,5111
22.958,5110
22.958,5109
22.958,5108
22.958,5107
22.958,5106
22.958,5105
22.958,5104
22.958,5103
22.958,5102
22.958,5101
22.958,5100
22.958,5099
22.959,5098
22.959,5097
22.959,5096
22.959,5095
22.959,5094
22.959,5093
22.959,5092
22.959,5091
22.959,5090
22.960,5089
22.960,5088
22.960,5087
22.960,5086
22.960,5085
22.960,5084
22.960,5083
22.960,5082
22.960,5081
22.960,5080
22.960,5079
22.960,5078
22.960,5077
22.960,5076
22.960,5075
22.960,5074
22.960,5073
22.961,5072
22.961,5071
22.961,5070
22.961,5069
22.961,5068
22.961,5067
22.961,5066
22.961,5065
22.961,5064
22.961,5063
22.961,5062
22.961,5061
22.961,5060
22.962,5059
22.962,5058
22.962,5057
22.962,5056
22.962,5055
22.962,5054
22.962,5053
22.962,5052
22.962,5051
22.962,5050
22.962,5049
22.963,5048
22.963,5047
22.963,5046
22.963,5045
22.963,5044
22.963,5043
22.963,5042
22.963,5041
22.964,5040
22.964,5039
22.964,5038
22.964,5037
22.964,5036
22.964,5035
22.964,5034
22.964,5033
22.964,5032
22.964,5031
22.964,5030
22.965,5029
22.965,5028
22.965,5027
22.965,5026
22.965,5025
22.965,5024
22.965,5023
22.965,5022
22.965,5021
22.965,5020
22.965,5019
22.965,5018
22.965,5017
22.965,5016
22.965,5015
22.966,5014
22.966,5013
22.966,5012
22.966,5011
22.966,5010
22.966,5009
22.966,5008
22.966,5007
22.966,5006
22.966,5005
22.966,5004
22.966,5003
22.966,5002
22.966,5001
22.966,5000
22.966,4999
22.966,4998
22.967,4997
22.967,4996
22.967,4995
22.967,4994
22.967,4993
22.967,4992
22.967,4991
22.967,4990
22.967,4989
22.967,4988
22.967,4987
22.967,4986
22.967,4985
22.967,4984
22.967,4983
22.968,4982
22.968,4981
22.968,4980
22.968,4979
22.968,4978
22.968,4977
22.968,4976
22.968,4975
22.968,4974
22.968,4973
22.968,4972
22.968,4971
22.968,4970
22.968,4969
22.968,4968
22.968,4967
22.969,4966
22.969,4965
22.969,4964
22.969,4963
22.969,4962
22.969,4961
22.969,4960
22.969,4959
22.969,4958
22.969,4957
22.969,4956
22.969,4955
22.969,4954
22.969,4953
22.970,4952
22.970,4951
22.970,4950
22.970,4949
22.970,4948
22.970,4947
22.970,4946
22.970,4945
22.970,4944
22.970,4943
22.970,4942
22.970,4941
22.970,4940
22.971,4939
22.971,4938
22.971,4937
22.971,4936
22.971,4935
22.971,4934
22.971,4933
22.971,4932
22.971,4931
22.971,4930
22.971,4929
22.971,4928
22.971,4927
22.971,4926
22.971,4925
22.972,4924
22.972,4923
22.972,4922
22.972,4921
22.972,4920
22.972,4919
22.972,4918
22.972,4917
22.972,4916
22.972,4915
22.972,4914
22.972,4913
22.972,4912
22.972,4911
22.972,4910
22.973,4909
22.973,4908
22.973,4907
22.973,4906
22.973,4905
22.973,4904
22.973,4903
22.973,4902
22.973,4901
22.973,4900
22.973,4899
22.973,4898
22.973,4897
22.973,4896
22.974,4895
22.974,4894
22.974,4893
22.974,4892
22.974,4891
22.974,4890
22.974,4889
22.974,4888
22.974,4887
22.974,4886
22.974,4885
22.974,4884
22.974,4883
22.974,4882
22.974,4881
22.974,4880
22.974,4879
22.974,4878
22.975,4877
22.975,4876
22.975,4875
22.975,4874
22.975,4873
22.975,4872
22.975,4871
22.975,4870
22.975,4869
22.975,4868
22.975,4867
22.975,4866
22.975,4865
22.975,4864
22.976,4863
22.976,4862
22.976,4861
22.976,4860
22.976,4859
22.976,4858
22.976,4857
22.976,4856
22.976,4855
22.976,4854
22.976,4853
22.976,4852
22.976,4851
22.977,4850
22.977,4849
22.977,4848
22.977,4847
22.977,4846
22.977,4845
22.977,4844
22.977,4843
22.977,4842
22.977,4841
22.977,4840
22.977,4839
22.977,4838
22.977,4837
22.978,4836
22.978,4835
22.978,4834
22.978,4833
22.978,4832
22.978,4831
22.978,4830
22.978,4829
22.978,4828
22.978,4827
22.978,4826
22.979,4825
22.979,4824
22.979,4823
22.979,4822
22.979,4821
22.979,4820
22.979,4819
22.979,4818
22.979,4817
22.979,4816
22.980,4815
22.980,4814
22.980,4813
22.980,4812
22.980,4811
22.980,4810
22.980,4809
22.980,4808
22.980,4807
22.980,4806
22.981,4805
22.981,4804
22.981,4803
22.981,4802
22.981,4801
22.981,4800
22.981,4799
22.981,4798
22.981,4797
22.981,4796
22.981,4795
22.981,4794
22.981,4793
22.981,4792
22.981,4791
22.981,4790
22.982,4789
22.982,4788
22.982,4787
22.982,4786
22.982,4785
22.982,4784
22.982,4783
22.982,4782
22.982,4781
22.982,4780
22.982,4779
22.982,4778
22.982,4777
22.982,4776
22.982,4775
22.982,4774
22.982,4773
22.982,4772
22.982,4771
22.982,4770
22.983,4769
22.983,4768
22.983,4767
22.983,4766
22.983,4765
22.983,4764
22.983,4763
22.983,4762
22.983,4761
22.983,4760
22.983,4759
22.983,4758
22.983,4757
22.983,4756
22.983,4755
22.984,4754
22.984,4753
22.984,4752
22.984,4751
22.984,4750
22.984,4749
22.984,4748
22.984,4747
22.984,4746
22.984,4745
22.984,4744
22.984,4743
22.984,4742
22.985,4741
22.985,4740
22.985,4739
22.985,4738
22.985,4737
22.985,4736
22.985,4735
22.985,4734
22.985,4733
22.985,4732
22.985,4731
22.985,4730
22.985,4729
22.985,4728
22.985,4727
22.985,4726
22.985,4725
22.985,4724
22.985,4723
22.986,4722
22.986,4721
22.986,4720
22.986,4719
22.986,4718
22.986,4717
22.986,4716
22.986,4715
22.986,4714
22.986,4713
22.986,4712
22.986,4711
22.986,4710
22.986,4709
22.987,4708
22.987,4707
22.987,4706
22.987,4705
22.987,4704
22.987,4703
22.987,4702
22.987,4701
22.987,4700
22.987,4699
22.987,4698
22.987,4697
22.987,4696
22.987,4695
22.987,4694
22.987,4693
22.987,4692
22.988,4691
22.988,4690
22.988,4689
22.988,4688
22.988,4687
22.988,4686
22.988,4685
22.988,4684
22.988,4683
22.988,4682
22.988,4681
22.988,4680
22.988,4679
22.989,4678
22.989,4677
22.989,4676
22.989,4675
22.989,4674
22.990,4673
22.990,4672
22.990,4671
22.990,4670
22.990,4669
22.990,4668
22.990,4667
22.990,4666
22.990,4665
22.990,4664
22.990,4663
22.990,4662
22.990,4661
22.990,4660
22.990,4659
22.990,4658
22.991,4657
22.991,4656
22.991,4655
22.991,4654
22.991,4653
22.991,4652
22.991,4651
22.991,4650
22.991,4649
22.991,4648
22.991,4647
22.991,4646
22.991,4645
22.991,4644
22.992,4643
22.992,4642
22.992,4641
22.992,4640
22.992,4639
22.992,4638
22.992,4637
22.992,4636
22.992,4635
22.992,4634
22.992,4633
22.992,4632
22.992,4631
22.992,4630
22.992,4629
22.992,4628
22.993,4627
22.993,4626
22.993,4625
22.993,4624
22.993,4623
22.993,4622
22.993,4621
22.993,4620
22.993,4619
22.993,4618
22.993,4617
22.993,4616
22.993,4615
22.994,4614
22.994,4613
22.994,4612
22.994,4611
22.994,4610
22.994,4609
22.994,4608
22.994,4607
22.994,4606
22.994,4605
22.994,4604
22.994,4603
22.994,4602
22.994,4601
22.994,4600
22.994,4599
22.994,4598
22.995,4597
22.995,4596
22.995,4595
22.995,4594
22.995,4593
22.995,4592
22.995,4591
22.995,4590
22.995,4589
22.995,4588
22.995,4587
22.995,4586
22.995,4585
22.995,4584
22.995,4583
22.995,4582
22.995,4581
22.995,4580
22.995,4579
22.996,4578
22.996,4577
22.996,4576
22.996,4575
22.996,4574
22.996,4573
22.996,4572
22.996,4571
22.996,4570
22.996,4569
22.997,4568
22.997,4567
22.997,4566
22.997,4565
22.997,4564
22.997,4563
22.998,4562
22.998,4561
22.998,4560
22.998,4559
22.998,4558
22.998,4557
22.998,4556
22.998,4555
22.998,4554
22.998,4553
22.998,4552
22.998,4551
22.998,4550
22.998,4549
22.999,4548
22.999,4547
22.999,4546
22.999,4545
22.999,4544
22.999,4543
22.999,4542
22.999,4541
22.999,4540
22.999,4539
22.999,4538
22.999,4537
22.999,4536
22.999,4535
22.999,4534
22.999,4533
23.000,4532
23.000,4531
23.000,4530
23.000,4529
23.000,4528
23.000,4527
23.000,4526
23.000,4525
23.000,4524
23.000,4523
23.000,4522
23.000,4521
23.000,4520
23.000,4519
23.000,4518
23.001,4517
23.001,4516
23.001,4515
23.001,4514
23.001,4513
23.001,4512
23.001,4511
23.001,4510
23.001,4509
23.001,4508
23.001,4507
23.001,4506
23.001,4505
23.001,4504
23.001,4503
23.001,4502
23.001,4501
23.001,4500
23.002,4499
23.002,4498
23.002,4497
23.002,4496
23.002,4495
23.002,4494
23.002,4493
23.002,4492
23.002,4491
23.002,4490
23.002,4489
23.002,4488
23.002,4487
23.002,4486
23.002,4485
23.003,4484
23.003,4483
23.003,4482
23.003,4481
23.003,4480
23.003,4479
23.003,4478
23.003,4477
23.003,4476
23.003,4475
23.003,4474
23.003,4473
23.003,4472
23.003,4471
23.003,4470
23.003,4469
23.003,4468
23.004,4467
23.004,4466
23.004,4465
23.004,4464
23.004,4463
23.004,4462
23.004,4461
23.004,4460
23.004,4459
23.004,4458
23.004,4457
23.004,4456
23.004,4455
23.004,4454
23.004,4453
23.004,4452
23.005,4451
23.005,4450
23.005,4449
23.005,4448
23.005,4447
23.005,4446
23.005,4445
23.005,4444
23.005,4443
23.005,4442
23.005,4441
23.005,4440
23.005,4439
23.005,4438
23.005,4437
23.005,4436
23.006,4435
23.006,4434
23.006,4433
23.006,4432
23.006,4431
23.006,4430
23.006,4429
23.006,4428
23.006,4427
23.006,4426
23.006,4425
23.006,4424
23.006,4423
23.006,4422
23.006,4421
23.006,4420
23.007,4419
23.007,4418
23.007,4417
23.007,4416
23.007,4415
23.007,4414
23.007,4413
23.007,4412
23.007,4411
23.007,4410
23.007,4409
23.007,4408
23.007,4407
23.007,4406
23.007,4405
23.007,4404
23.007,4403
23.007,4402
23.008,4401
23.008,4400
23.008,4399
23.008,4398
23.008,4397
23.008,4396
23.008,4395
23.008,4394
23.008,4393
23.008,4392
23.008,4391
23.008,4390
23.008,4389
23.008,4388
23.008,4387
23.008,4386
23.009,4385
23.009,4384
23.009,4383
23.009,4382
23.009,4381
23.009,4380
23.009,4379
23.009,4378
23.009,4377
23.009,4376
23.009,4375
23.009,4374
23.009,4373
23.009,4372
23.009,4371
23.010,4370
23.010,4369
23.010,4368
23.010,4367
23.010,4366
23.010,4365
23.010,4364
23.010,4363
23.010,4362
23.010,4361
23.010,4360
23.010,4359
23.010,4358
23.010,4357
23.010,4356
23.010,4355
23.010,4354
23.011,4353
23.011,4352
23.011,4351
23.011,4350
23.011,4349
23.011,4348
23.011,4347
23.011,4346
23.011,4345
23.011,4344
23.011,4343
23.011,4342
23.011,4341
23.011,4340
23.012,4339
23.012,4338
23.012,4337
23.012,4336
23.012,4335
23.012,4334
23.012,4333
23.012,4332
23.012,4331
23.012,4330
23.012,4329
23.012,4328
23.012,4327
23.012,4326
23.013,4325
23.013,4324
23.013,4323
23.013,4322
23.013,4321
23.013,4320
23.013,4319
23.013,4318
23.013,4317
23.013,4316
23.013,4315
23.013,4314
23.013,4313
23.013,4312
23.013,4311
23.014,4310
23.014,4309
23.014,4308
23.014,4307
23.014,4306
23.014,4305
23.014,4304
23.014,4303
23.014,4302
23.014,4301
23.014,4300
23.014,4299
23.014,4298
23.014,4297
23.014,4296
23.014,4295
23.014,4294
23.014,4293
23.015,4292
23.015,4291
23.015,4290
23.015,4289
23.015,4288
23.015,4287
23.015,4286
23.015,4285
23.015,4284
23.015,4283
23.015,4282
23.016,4281
23.016,4280
23.016,4279
23.016,4278
23.016,4277
23.016,4276
23.016,4275
23.016,4274
23.016,4273
23.016,4272
23.016,4271
23.016,4270
23.016,4269
23.016,4268
23.016,4267
23.017,4266
23.017,4265
23.017,4264
23.017,4263
23.017,4262
23.017,4261
23.017,4260
23.017,4259
23.017,4258
23.017,4257
23.017,4256
23.017,4255
23.017,4254
23.017,4253
23.017,4252
23.017,4251
23.017,4250
23.018,4249
23.018,4248
23.018,4247
23.018,4246
23.018,4245
23.018,4244
23.018,4243
23.018,4242
23.018,4241
23.018,4240
23.018,4239
23.018,4238
23.018,4237
23.018,4236
23.018,4235
23.018,4234
23.018,4233
23.019,4232
23.019,4231
23.019,4230
23.019,4229
23.019,4228
23.019,4227
23.019,4226
23.019,4225
23.019,4224
23.019,4223
23.019,4222
23.019,4221
23.019,4220
23.019,4219
23.019,4218
23.020,4217
23.020,4216
23.020,4215
23.020,4214
23.020,4213
23.020,4212
23.020,4211
23.020,4210
23.020,4209
23.020,4208
23.020,4207
23.020,4206
23.020,4205
23.020,4204
23.020,4203
23.020,4202
23.020,4201
23.020,4200
23.020,4199
23.021,4198
23.021,4197
23.021,4196
23.021,4195
23.021,4194
23.021,4193
23.021,4192
23.021,4191
23.021,4190
23.021,4189
23.021,4188
23.021,4187
23.021,4186
23.021,4185
23.021,4184
23.022,4183
23.022,4182
23.022,4181
23.022,4180
23.022,4179
23.022,4178
23.022,4177
23.022,4176
23.022,4175
23.022,4174
23.022,4173
23.022,4172
23.022,4171
23.022,4170
23.022,4169
23.022,4168
23.022,4167
23.023,4166
23.023,4165
23.023,4164
23.023,4163
23.023,4162
23.023,4161
23.023,4160
23.023,4159
23.023,4158
23.023,4157
23.023,4156
23.023,4155
23.023,4154
23.023,4153
23.023,4152
23.023,4151
23.024,4150
23.024,4149
23.024,4148
23.024,4147
23.024,4146
23.024,4145
23.024,4144
23.024,4143
23.024,4142
23.024,4141
23.024,4140
23.024,4139
23.025,4138
23.025,4137
23.025,4136
23.025,4135
23.025,4134
23.025,4133
23.025,4132
23.025,4131
23.025,4130
23.025,4129
23.025,4128
23.025,4127
23.025,4126
23.025,4125
23.026,4124
23.026,4123
23.026,4122
23.026,4121
23.026,4120
23.026,4119
23.026,4118
23.026,4117
23.026,4116
23.026,4115
23.026,4114
23.026,4113
23.026,4112
23.026,4111
23.027,4110
23.027,4109
23.027,4108
23.027,4107
23.027,4106
23.027,4105
23.027,4104
23.027,4103
23.027,4102
23.027,4101
23.027,4100
23.027,4099
23.027,4098
23.027,4097
23.027,4096
23.027,4095
23.028,4094
23.028,4093
23.028,4092
23.028,4091
23.028,4090
23.028,4089
23.028,4088
23.028,4087
23.028,4086
23.028,4085
23.028,4084
23.028,4083
23.028,4082
23.028,4081
23.028,4080
23.028,4079
23.029,4078
23.029,4077
23.029,4076
23.029,4075
23.029,4074
23.029,4073
23.029,4072
23.029,4071
23.029,4070
23.029,4069
23.029,4068
23.029,4067
23.031,4066
23.031,4065
23.031,4064
23.031,4063
23.031,4062
23.031,4061
23.031,4060
23.031,4059
23.032,4058
23.032,4057
23.032,4056
23.032,4055
23.032,4054
23.032,4053
23.032,4052
23.032,4051
23.032,4050
23.032,4049
23.032,4048
23.033,4047
23.033,4046
23.033,4045
23.033,4044
23.033,4043
23.033,4042
23.033,4041
23.033,4040
23.033,4039
23.033,4038
23.033,4037
23.033,4036
23.033,4035
23.033,4034
23.033,4033
23.034,4032
23.034,4031
23.034,4030
23.034,4029
23.034,4028
23.034,4027
23.034,4026
23.034,4025
23.034,4024
23.034,4023
23.034,4022
23.034,4021
23.034,4020
23.034,4019
23.034,4018
23.034,4017
23.034,4016
23.034,4015
23.034,4014
23.034,4013
23.035,4012
23.035,4011
23.035,4010
23.035,4009
23.035,4008
23.035,4007
23.035,4006
23.035,4005
23.035,4004
23.035,4003
23.035,4002
23.035,4001
23.035,4000
23.036,3999
23.036,3998
23.036,3997
23.036,3996
23.036,3995
23.036,3994
23.036,3993
23.036,3992
23.036,3991
23.036,3990
23.036,3989
23.036,3988
23.036,3987
23.036,3986
23.036,3985
23.036,3984
23.036,3983
23.036,3982
23.036,3981
23.036,3980
23.037,3979
23.037,3978
23.037,3977
23.037,3976
23.037,3975
23.037,3974
23.037,3973
23.037,3972
23.037,3971
23.037,3970
23.037,3969
23.037,3968
23.037,3967
23.037,3966
23.037,3965
23.037,3964
23.037,3963
23.037,3962
23.038,3961
23.038,3960
23.038,3959
23.038,3958
23.038,3957
23.038,3956
23.038,3955
23.038,3954
23.038,3953
23.038,3952
23.038,3951
23.038,3950
23.038,3949
23.038,3948
23.038,3947
23.038,3946
23.038,3945
23.038,3944
23.039,3943
23.039,3942
23.039,3941
23.039,3940
23.039,3939
23.039,3938
23.039,3937
23.039,3936
23.039,3935
23.039,3934
23.039,3933
23.039,3932
23.039,3931
23.040,3930
23.040,3929
23.040,3928
23.040,3927
23.040,3926
23.040,3925
23.040,3924
23.040,3923
23.040,3922
23.040,3921
23.040,3920
23.040,3919
23.040,3918
23.040,3917
23.040,3916
23.041,3915
23.041,3914
23.041,3913
23.041,3912
23.041,3911
23.041,3910
23.041,3909
23.041,3908
23.041,3907
23.041,3906
23.041,3905
23.041,3904
23.041,3903
23.041,3902
23.041,3901
23.041,3900
23.042,3899
23.042,3898
23.042,3897
23.042,3896
23.042,3895
23.042,3894
23.042,3893
23.042,3892
23.042,3891
23.042,3890
23.042,3889
23.042,3888
23.042,3887
23.042,3886
23.042,3885
23.042,3884
23.042,3883
23.043,3882
23.043,3881
23.043,3880
23.043,3879
23.043,3878
23.043,3877
23.043,3876
23.043,3875
23.043,3874
23.043,3873
23.043,3872
23.043,3871
23.044,3870
23.044,3869
23.044,3868
23.044,3867
23.044,3866
23.044,3865
23.044,3864
23.044,3863
23.044,3862
23.044,3861
23.044,3860
23.044,3859
23.044,3858
23.044,3857
23.044,3856
23.044,3855
23.045,3854
23.045,3853
23.045,3852
23.045,3851
23.045,3850
23.045,3849
23.045,3848
23.045,3847
23.045,3846
23.045,3845
23.045,3844
23.045,3843
23.046,3842
23.046,3841
23.046,3840
23.046,3839
23.046,3838
23.046,3837
23.046,3836
23.046,3835
23.046,3834
23.046,3833
23.046,3832
23.046,3831
23.047,3830
23.047,3829
23.047,3828
23.047,3827
23.047,3826
23.047,3825
23.047,3824
23.047,3823
23.048,3822
23.048,3821
23.048,3820
23.048,3819
23.048,3818
23.048,3817
23.048,3816
23.048,3815
23.048,3814
23.048,3813
23.048,3812
23.048,3811
23.049,3810
23.049,3809
23.049,3808
23.049,3807
23.049,3806
23.049,3805
23.049,3804
23.049,3803
23.049,3802
23.050,3801
23.050,3800
23.050,3799
23.050,3798
23.050,3797
23.050,3796
23.050,3795
23.050,3794
23.051,3793
23.051,3792
23.051,3791
23.051,3790
23.051,3789
23.051,3788
23.051,3787
23.051,3786
23.051,3785
23.051,3784
23.052,3783
23.052,3782
23.052,3781
23.052,3780
23.052,3779
23.052,3778
23.052,3777
23.052,3776
23.052,3775
23.053,3774
23.053,3773
23.053,3772
23.053,3771
23.053,3770
23.053,3769
23.053,3768
23.053,3767
23.054,3766
23.054,3765
23.054,3764
23.054,3763
23.054,3762
23.054,3761
23.054,3760
23.054,3759
23.054,3758
23.054,3757
23.054,3756
23.054,3755
23.054,3754
23.054,3753
23.055,3752
23.055,3751
23.055,3750
23.055,3749
23.055,3748
23.056,3747
23.056,3746
23.056,3745
23.056,3744
23.056,3743
23.056,3742
23.057,3741
23.057,3740
23.057,3739
23.057,3738
23.057,3737
23.057,3736
23.057,3735
23.058,3734
23.058,3733
23.058,3732
23.058,3731
23.058,3730
23.058,3729
23.059,3728
23.059,3727
23.059,3726
23.060,3725
23.060,3724
23.060,3723
23.060,3722
23.060,3721
23.060,3720
23.060,3719
23.061,3718
23.061,3717
23.061,3716
23.061,3715
23.062,3714
23.063,3713
23.063,3712
23.063,3711
23.063,3710
23.064,3709
23.064,3708
23.064,3707
23.064,3706
23.064,3705
23.064,3704
23.065,3703
23.065,3702
23.065,3701
23.065,3700
23.065,3699
23.066,3698
23.066,3697
23.066,3696
23.066,3695
23.066,3694
23.066,3693
23.067,3692
23.067,3691
23.067,3690
23.067,3689
23.067,3688
23.067,3687
23.067,3686
23.068,3685
23.068,3684
23.068,3683
23.068,3682
23.068,3681
23.069,3680
23.069,3679
23.069,3678
23.069,3677
23.069,3676
23.070,3675
23.070,3674
23.070,3673
23.070,3672
23.070,3671
23.071,3670
23.071,3669
23.071,3668
23.071,3667
23.071,3666
23.071,3665
23.071,3664
23.071,3663
23.071,3662
23.072,3661
23.072,3660
23.072,3659
23.072,3658
23.073,3657
23.073,3656
23.073,3655
23.073,3654
23.073,3653
23.073,3652
23.074,3651
23.074,3650
23.074,3649
23.074,3648
23.074,3647
23.074,3646
23.074,3645
23.074,3644
23.074,3643
23.075,3642
23.075,3641
23.075,3640
23.075,3639
23.075,3638
23.075,3637
23.075,3636
23.076,3635
23.076,3634
23.076,3633
23.076,3632
23.076,3631
23.076,3630
23.076,3629
23.076,3628
23.077,3627
23.077,3626
23.077,3625
23.077,3624
23.078,3623
23.078,3622
23.078,3621
23.078,3620
23.078,3619
23.078,3618
23.078,3617
23.078,3616
23.079,3615
23.079,3614
23.080,3613
23.080,3612
23.080,3611
23.081,3610
23.081,3609
23.081,3608
23.081,3607
23.081,3606
23.081,3605
23.081,3604
23.081,3603
23.081,3602
23.081,3601
23.081,3600
23.081,3599
23.082,3598
23.082,3597
23.082,3596
23.082,3595
23.083,3594
23.083,3593
23.083,3592
23.083,3591
23.083,3590
23.083,3589
23.083,3588
23.084,3587
23.084,3586
23.084,3585
23.084,3584
23.084,3583
23.084,3582
23.084,3581
23.085,3580
23.085,3579
23.085,3578
23.085,3577
23.086,3576
23.086,3575
23.086,3574
23.086,3573
23.086,3572
23.086,3571
23.086,3570
23.086,3569
23.086,3568
23.087,3567
23.087,3566
23.087,3565
23.087,3564
23.087,3563
23.087,3562
23.087,3561
23.087,3560
23.087,3559
23.087,3558
23.088,3557
23.088,3556
23.088,3555
23.088,3554
23.089,3553
23.089,3552
23.089,3551
23.089,3550
23.089,3549
23.089,3548
23.089,3547
23.090,3546
23.090,3545
23.090,3544
23.090,3543
23.090,3542
23.090,3541
23.090,3540
23.091,3539
23.091,3538
23.091,3537
23.091,3536
23.091,3535
23.092,3534
23.092,3533
23.092,3532
23.093,3531
23.093,3530
23.093,3529
23.093,3528
23.094,3527
23.094,3526
23.094,3525
23.094,3524
23.095,3523
23.095,3522
23.095,3521
23.096,3520
23.096,3519
23.096,3518
23.096,3517
23.096,3516
23.097,3515
23.097,3514
23.097,3513
23.098,3512
23.098,3511
23.098,3510
23.098,3509
23.099,3508
23.099,3507
23.099,3506
23.099,3505
23.100,3504
23.100,3503
23.101,3502
23.101,3501
23.101,3500
23.102,3499
23.102,3498
23.102,3497
23.102,3496
23.102,3495
23.102,3494
23.102,3493
23.103,3492
23.103,3491
23.103,3490
23.104,3489
23.104,3488
23.104,3487
23.104,3486
23.104,3485
23.104,3484
23.104,3483
23.105,3482
23.105,3481
23.105,3480
23.105,3479
23.106,3478
23.106,3477
23.106,3476
23.107,3475
23.108,3474
23.108,3473
23.108,3472
23.108,3471
23.109,3470
23.109,3469
23.109,3468
23.109,3467
23.109,3466
23.110,3465
23.110,3464
23.110,3463
23.110,3462
23.111,3461
23.111,3460
23.111,3459
23.111,3458
23.111,3457
23.111,3456
23.112,3455
23.112,3454
23.112,3453
23.112,3452
23.112,3451
23.113,3450
23.114,3449
23.114,3448
23.114,3447
23.115,3446
23.115,3445
23.116,3444
23.116,3443
23.117,3442
23.117,3441
23.117,3440
23.117,3439
23.117,3438
23.117,3437
23.118,3436
23.118,3435
23.118,3434
23.118,3433
23.118,3432
23.120,3431
23.120,3430
23.120,3429
23.121,3428
23.121,3427
23.122,3426
23.122,3425
23.122,3424
23.122,3423
23.122,3422
23.123,3421
23.123,3420
23.123,3419
23.124,3418
23.125,3417
23.125,3416
23.126,3415
23.126,3414
23.127,3413
23.127,3412
23.128,3411
23.128,3410
23.128,3409
23.130,3408
23.130,3407
23.130,3406
23.131,3405
23.131,3404
23.132,3403
23.132,3402
23.132,3401
23.132,3400
23.134,3399
23.134,3398
23.134,3397
23.135,3396
23.135,3395
23.136,3394
23.136,3393
23.136,3392
23.137,3391
23.137,3390
23.138,3389
23.139,3388
23.140,3387
23.140,3386
23.140,3385
23.141,3384
23.141,3383
23.142,3382
23.142,3381
23.143,3380
23.143,3379
23.143,3378
23.143,3377
23.144,3376
23.145,3375
23.146,3374
23.146,3373
23.146,3372
23.147,3371
23.147,3370
23.148,3369
23.148,3368
23.149,3367
23.149,3366
23.150,3365
23.153,3364
23.153,3363
23.154,3362
23.155,3361
23.157,3360
23.160,3359
23.165,3358
23.166,3357
23.167,3356
23.168,3355
23.172,3354
23.173,3353
23.174,3352
23.177,3351
23.178,3350
23.182,3349
23.185,3348
23.187,3347
23.188,3346
23.188,3345
23.189,3344
23.190,3343
23.191,3342
23.191,3341
23.191,3340
23.193,3339
23.194,3338
23.195,3337
23.200,3336
23.206,3335
23.207,3334
23.208,3333
23.211,3332
23.215,3331
23.216,3330
23.219,3329
23.219,3328
23.226,3327
23.227,3326
23.229,3325
23.233,3324
23.233,3323
23.235,3322
23.237,3321
23.241,3320
23.243,3319
23.244,3318
23.252,3317
23.264,3316
23.269,3315
23.276,3314
