2.327,5996
20.697,5995
20.698,5994
20.698,5993
20.698,5992
20.699,5991
20.699,5990
20.699,5989
20.699,5988
20.700,5987
20.700,5986
20.700,5985
20.700,5984
20.701,5983
20.701,5982
20.701,5981
20.701,5980
20.702,5979
20.702,5978
20.702,5977
20.703,5976
20.703,5975
20.703,5974
20.703,5973
20.703,5972
20.703,5971
20.704,5970
20.704,5969
20.704,5968
20.704,5967
20.704,5966
20.704,5965
20.705,5964
20.705,5963
20.705,5962
20.706,5961
20.706,5960
20.706,5959
20.706,5958
20.706,5957
20.706,5956
20.706,5955
20.707,5954
20.707,5953
20.707,5952
20.707,5951
20.707,5950
20.707,5949
20.707,5948
20.707,5947
20.708,5946
20.708,5945
20.708,5944
20.708,5943
20.708,5942
20.708,5941
20.708,5940
20.709,5939
20.709,5938
20.709,5937
20.709,5936
20.709,5935
20.709,5934
20.709,5933
20.710,5932
20.710,5931
20.710,5930
20.710,5929
20.710,5928
20.710,5927
20.710,5926
20.710,5925
20.711,5924
20.711,5923
20.711,5922
20.711,5921
20.711,5920
20.711,5919
20.711,5918
20.711,5917
20.712,5916
20.712,5915
20.712,5914
20.712,5913
20.712,5912
20.712,5911
20.712,5910
20.712,5909
20.713,5908
20.713,5907
20.713,5906
20.713,5905
20.713,5904
20.713,5903
20.713,5902
20.713,5901
20.714,5900
20.714,5899
20.714,5898
20.714,5897
20.714,5896
20.714,5895
20.714,5894
20.714,5893
20.714,5892
20.715,5891
20.715,5890
20.715,5889
20.715,5888
20.715,5887
20.715,5886
20.715,5885
20.716,5884
20.716,5883
20.716,5882
20.716,5881
20.716,5880
20.716,5879
20.716,5878
20.716,5877
20.716,5876
20.716,5875
20.717,5874
20.717,5873
20.717,5872
20.717,5871
20.717,5870
20.717,5869
20.718,5868
20.718,5867
20.718,5866
20.718,5865
20.718,5864
20.718,5863
20.718,5862
20.718,5861
20.718,5860
20.718,5859
20.719,5858
20.719,5857
20.719,5856
20.719,5855
20.719,5854
20.719,5853
20.719,5852
20.719,5851
20.719,5850
20.719,5849
20.719,5848
20.719,5847
20.719,5846
20.720,5845
20.720,5844
20.720,5843
20.720,5842
20.720,5841
20.720,5840
20.720,5839
20.720,5838
20.720,5837
20.720,5836
20.720,5835
20.720,5834
20.720,5833
20.720,5832
20.721,5831
20.721,5830
20.721,5829
20.721,5828
20.721,5827
20.721,5826
20.721,5825
20.721,5824
20.721,5823
20.721,5822
20.721,5821
20.722,5820
20.722,5819
20.722,5818
20.722,5817
20.722,5816
20.722,5815
20.722,5814
20.722,5813
20.722,5812
20.722,5811
20.722,5810
20.722,5809
20.723,5808
20.723,5807
20.723,5806
20.723,5805
20.723,5804
20.723,5803
20.724,5802
20.724,5801
20.724,5800
20.724,5799
20.724,5798
20.724,5797
20.724,5796
20.724,5795
20.724,5794
20.724,5793
20.724,5792
20.724,5791
20.724,5790
20.724,5789
20.724,5788
20.724,5787
20.724,5786
20.725,5785
20.725,5784
20.725,5783
20.725,5782
20.725,5781
20.725,5780
20.725,5779
20.725,5778
20.725,5777
20.725,5776
20.725,5775
20.725,5774
20.725,5773
20.726,5772
20.726,5771
20.726,5770
20.726,5769
20.726,5768
20.726,5767
20.726,5766
20.726,5765
20.726,5764
20.726,5763
20.726,5762
20.726,5761
20.726,5760
20.726,5759
20.727,5758
20.727,5757
20.727,5756
20.727,5755
20.727,5754
20.727,5753
20.727,5752
20.727,5751
20.727,5750
20.727,5749
20.727,5748
20.727,5747
20.727,5746
20.727,5745
20.727,5744
20.727,5743
20.728,5742
20.728,5741
20.728,5740
20.729,5739
20.729,5738
20.729,5737
20.729,5736
20.729,5735
20.729,5734
20.729,5733
20.729,5732
20.729,5731
20.729,5730
20.729,5729
20.729,5728
20.729,5727
20.729,5726
20.729,5725
20.729,5724
20.729,5723
20.730,5722
20.730,5721
20.730,5720
20.730,5719
20.730,5718
20.730,5717
20.730,5716
20.730,5715
20.730,5714
20.730,5713
20.730,5712
20.730,5711
20.730,5710
20.730,5709
20.730,5708
20.730,5707
20.730,5706
20.730,5705
20.731,5704
20.731,5703
20.731,5702
20.731,5701
20.731,5700
20.731,5699
20.731,5698
20.731,5697
20.731,5696
20.731,5695
20.731,5694
20.731,5693
20.731,5692
20.731,5691
20.731,5690
20.731,5689
20.732,5688
20.732,5687
20.732,5686
20.732,5685
20.732,5684
20.732,5683
20.732,5682
20.732,5681
20.732,5680
20.732,5679
20.732,5678
20.732,5677
20.732,5676
20.732,5675
20.732,5674
20.732,5673
20.732,5672
20.732,5671
20.732,5670
20.732,5669
20.733,5668
20.733,5667
20.733,5666
20.733,5665
20.733,5664
20.733,5663
20.733,5662
20.733,5661
20.733,5660
20.733,5659
20.733,5658
20.733,5657
20.733,5656
20.733,5655
20.733,5654
20.733,5653
20.733,5652
20.733,5651
20.734,5650
20.734,5649
20.734,5648
20.734,5647
20.734,5646
20.734,5645
20.734,5644
20.735,5643
20.735,5642
20.735,5641
20.735,5640
20.735,5639
20.735,5638
20.735,5637
20.735,5636
20.735,5635
20.735,5634
20.735,5633
20.735,5632
20.736,5631
20.736,5630
20.736,5629
20.736,5628
20.736,5627
20.736,5626
20.736,5625
20.736,5624
20.736,5623
20.736,5622
20.736,5621
20.736,5620
20.736,5619
20.736,5618
20.736,5617
20.736,5616
20.736,5615
20.736,5614
20.736,5613
20.736,5612
20.737,5611
20.737,5610
20.737,5609
20.737,5608
20.737,5607
20.737,5606
20.737,5605
20.737,5604
20.737,5603
20.737,5602
20.737,5601
20.737,5600
20.737,5599
20.737,5598
20.737,5597
20.737,5596
20.737,5595
20.737,5594
20.737,5593
20.737,5592
20.738,5591
20.738,5590
20.738,5589
20.738,5588
20.738,5587
20.738,5586
20.738,5585
20.738,5584
20.738,5583
20.738,5582
20.738,5581
20.738,5580
20.738,5579
20.738,5578
20.738,5577
20.738,5576
20.738,5575
20.738,5574
20.738,5573
20.738,5572
20.738,5571
20.738,5570
20.738,5569
20.738,5568
20.739,5567
20.739,5566
20.739,5565
20.739,5564
20.739,5563
20.739,5562
20.739,5561
20.739,5560
20.739,5559
20.739,5558
20.739,5557
20.739,5556
20.739,5555
20.739,5554
20.739,5553
20.739,5552
20.739,5551
20.739,5550
20.739,5549
20.739,5548
20.739,5547
20.739,5546
20.739,5545
20.739,5544
20.739,5543
20.740,5542
20.740,5541
20.740,5540
20.740,5539
20.740,5538
20.740,5537
20.740,5536
20.740,5535
20.740,5534
20.740,5533
20.740,5532
20.740,5531
20.740,5530
20.740,5529
20.740,5528
20.740,5527
20.740,5526
20.740,5525
20.740,5524
20.740,5523
20.740,5522
20.740,5521
20.740,5520
20.740,5519
20.741,5518
20.741,5517
20.741,5516
20.741,5515
20.741,5514
20.741,5513
20.741,5512
20.741,5511
20.741,5510
20.741,5509
20.741,5508
20.741,5507
20.741,5506
20.741,5505
20.741,5504
20.741,5503
20.741,5502
20.741,5501
20.741,5500
20.741,5499
20.741,5498
20.742,5497
20.742,5496
20.742,5495
20.742,5494
20.742,5493
20.742,5492
20.742,5491
20.742,5490
20.742,5489
20.742,5488
20.742,5487
20.742,5486
20.742,5485
20.742,5484
20.742,5483
20.742,5482
20.742,5481
20.743,5480
20.743,5479
20.743,5478
20.743,5477
20.743,5476
20.743,5475
20.743,5474
20.743,5473
20.743,5472
20.743,5471
20.743,5470
20.743,5469
20.743,5468
20.743,5467
20.743,5466
20.743,5465
20.743,5464
20.743,5463
20.743,5462
20.743,5461
20.743,5460
20.743,5459
20.743,5458
20.743,5457
20.743,5456
20.744,5455
20.744,5454
20.744,5453
20.744,5452
20.744,5451
20.744,5450
20.744,5449
20.744,5448
20.744,5447
20.744,5446
20.744,5445
20.744,5444
20.744,5443
20.744,5442
20.744,5441
20.744,5440
20.744,5439
20.744,5438
20.744,5437
20.744,5436
20.744,5435
20.744,5434
20.744,5433
20.744,5432
20.744,5431
20.744,5430
20.744,5429
20.744,5428
20.745,5427
20.745,5426
20.745,5425
20.745,5424
20.745,5423
20.745,5422
20.745,5421
20.745,5420
20.745,5419
20.745,5418
20.745,5417
20.745,5416
20.745,5415
20.745,5414
20.745,5413
20.745,5412
20.745,5411
20.745,5410
20.745,5409
20.745,5408
20.745,5407
20.745,5406
20.745,5405
20.745,5404
20.745,5403
20.746,5402
20.746,5401
20.746,5400
20.746,5399
20.746,5398
20.746,5397
20.746,5396
20.746,5395
20.746,5394
20.746,5393
20.746,5392
20.746,5391
20.746,5390
20.746,5389
20.746,5388
20.746,5387
20.746,5386
20.746,5385
20.746,5384
20.746,5383
20.746,5382
20.746,5381
20.746,5380
20.746,5379
20.746,5378
20.746,5377
20.746,5376
20.746,5375
20.746,5374
20.746,5373
20.747,5372
20.747,5371
20.747,5370
20.747,5369
20.747,5368
20.747,5367
20.747,5366
20.747,5365
20.747,5364
20.748,5363
20.748,5362
20.748,5361
20.748,5360
20.748,5359
20.748,5358
20.748,5357
20.748,5356
20.748,5355
20.748,5354
20.748,5353
20.748,5352
20.748,5351
20.748,5350
20.748,5349
20.748,5348
20.748,5347
20.748,5346
20.748,5345
20.748,5344
20.748,5343
20.748,5342
20.748,5341
20.748,5340
20.748,5339
20.748,5338
20.748,5337
20.748,5336
20.749,5335
20.749,5334
20.749,5333
20.749,5332
20.749,5331
20.749,5330
20.749,5329
20.749,5328
20.749,5327
20.749,5326
20.749,5325
20.749,5324
20.749,5323
20.749,5322
20.749,5321
20.749,5320
20.749,5319
20.749,5318
20.749,5317
20.749,5316
20.749,5315
20.749,5314
20.749,5313
20.749,5312
20.749,5311
20.749,5310
20.749,5309
20.749,5308
20.750,5307
20.750,5306
20.750,5305
20.750,5304
20.750,5303
20.750,5302
20.750,5301
20.750,5300
20.750,5299
20.750,5298
20.750,5297
20.750,5296
20.750,5295
20.750,5294
20.750,5293
20.750,5292
20.750,5291
20.750,5290
20.750,5289
20.750,5288
20.750,5287
20.750,5286
20.750,5285
20.750,5284
20.750,5283
20.750,5282
20.750,5281
20.750,5280
20.750,5279
20.750,5278
20.750,5277
20.751,5276
20.751,5275
20.751,5274
20.751,5273
20.751,5272
20.751,5271
20.751,5270
20.751,5269
20.751,5268
20.751,5267
20.751,5266
20.751,5265
20.751,5264
20.751,5263
20.751,5262
20.751,5261
20.751,5260
20.751,5259
20.751,5258
20.751,5257
20.751,5256
20.751,5255
20.751,5254
20.751,5253
20.751,5252
20.751,5251
20.751,5250
20.751,5249
20.751,5248
20.751,5247
20.751,5246
20.751,5245
20.752,5244
20.752,5243
20.752,5242
20.752,5241
20.752,5240
20.752,5239
20.752,5238
20.752,5237
20.752,5236
20.752,5235
20.752,5234
20.752,5233
20.752,5232
20.752,5231
20.752,5230
20.752,5229
20.752,5228
20.752,5227
20.752,5226
20.752,5225
20.752,5224
20.752,5223
20.752,5222
20.752,5221
20.752,5220
20.753,5219
20.753,5218
20.753,5217
20.753,5216
20.753,5215
20.753,5214
20.753,5213
20.753,5212
20.753,5211
20.753,5210
20.753,5209
20.753,5208
20.753,5207
20.753,5206
20.753,5205
20.753,5204
20.753,5203
20.753,5202
20.753,5201
20.753,5200
20.753,5199
20.753,5198
20.753,5197
20.753,5196
20.753,5195
20.753,5194
20.753,5193
20.753,5192
20.753,5191
20.753,5190
20.753,5189
20.753,5188
20.753,5187
20.754,5186
20.754,5185
20.754,5184
20.754,5183
20.754,5182
20.754,5181
20.754,5180
20.754,5179
20.754,5178
20.754,5177
20.754,5176
20.754,5175
20.754,5174
20.754,5173
20.754,5172
20.754,5171
20.754,5170
20.754,5169
20.754,5168
20.754,5167
20.754,5166
20.754,5165
20.754,5164
20.754,5163
20.754,5162
20.754,5161
20.754,5160
20.754,5159
20.754,5158
20.754,5157
20.754,5156
20.754,5155
20.755,5154
20.755,5153
20.755,5152
20.755,5151
20.755,5150
20.755,5149
20.755,5148
20.755,5147
20.755,5146
20.755,5145
20.755,5144
20.755,5143
20.755,5142
20.756,5141
20.756,5140
20.756,5139
20.756,5138
20.756,5137
20.756,5136
20.756,5135
20.756,5134
20.756,5133
20.756,5132
20.756,5131
20.756,5130
20.756,5129
20.756,5128
20.756,5127
20.756,5126
20.756,5125
20.756,5124
20.756,5123
20.756,5122
20.757,5121
20.757,5120
20.757,5119
20.757,5118
20.757,5117
20.757,5116
20.757,5115
20.757,5114
20.757,5113
20.757,5112
20.757,5111
20.757,5110
20.757,5109
20.757,5108
20.757,5107
20.757,5106
20.757,5105
20.757,5104
20.757,5103
20.758,5102
20.758,5101
20.758,5100
20.758,5099
20.758,5098
20.758,5097
20.758,5096
20.758,5095
20.758,5094
20.758,5093
20.758,5092
20.758,5091
20.758,5090
20.758,5089
20.758,5088
20.758,5087
20.758,5086
20.758,5085
20.759,5084
20.759,5083
20.759,5082
20.759,5081
20.759,5080
20.759,5079
20.759,5078
20.759,5077
20.759,5076
20.759,5075
20.759,5074
20.759,5073
20.760,5072
20.760,5071
20.760,5070
20.760,5069
20.760,5068
20.760,5067
20.760,5066
20.760,5065
20.760,5064
20.760,5063
20.760,5062
20.760,5061
20.760,5060
20.760,5059
20.760,5058
20.760,5057
20.761,5056
20.761,5055
20.761,5054
20.761,5053
20.761,5052
20.761,5051
20.761,5050
20.761,5049
20.761,5048
20.761,5047
20.761,5046
20.761,5045
20.761,5044
20.761,5043
20.761,5042
20.761,5041
20.762,5040
20.762,5039
20.762,5038
20.762,5037
20.762,5036
20.762,5035
20.762,5034
20.762,5033
20.762,5032
20.762,5031
20.762,5030
20.762,5029
20.762,5028
20.762,5027
20.762,5026
20.762,5025
20.763,5024
20.763,5023
20.763,5022
20.763,5021
20.763,5020
20.763,5019
20.763,5018
20.763,5017
20.763,5016
20.763,5015
20.763,5014
20.763,5013
20.763,5012
20.763,5011
20.763,5010
20.763,5009
20.763,5008
20.763,5007
20.764,5006
20.764,5005
20.764,5004
20.764,5003
20.764,5002
20.764,5001
20.764,5000
20.764,4999
20.764,4998
20.764,4997
20.764,4996
20.764,4995
20.764,4994
20.764,4993
20.764,4992
20.764,4991
20.764,4990
20.764,4989
20.764,4988
20.764,4987
20.765,4986
20.765,4985
20.765,4984
20.765,4983
20.765,4982
20.765,4981
20.765,4980
20.765,4979
20.765,4978
20.765,4977
20.765,4976
20.765,4975
20.765,4974
20.765,4973
20.765,4972
20.765,4971
20.765,4970
20.765,4969
20.765,4968
20.766,4967
20.766,4966
20.766,4965
20.766,4964
20.766,4963
20.766,4962
20.766,4961
20.766,4960
20.766,4959
20.766,4958
20.766,4957
20.766,4956
20.766,4955
20.766,4954
20.766,4953
20.766,4952
20.767,4951
20.767,4950
20.767,4949
20.767,4948
20.767,4947
20.767,4946
20.767,4945
20.767,4944
20.767,4943
20.767,4942
20.767,4941
20.767,4940
20.767,4939
20.767,4938
20.767,4937
20.767,4936
20.768,4935
20.768,4934
20.768,4933
20.768,4932
20.768,4931
20.768,4930
20.768,4929
20.768,4928
20.768,4927
20.768,4926
20.768,4925
20.768,4924
20.768,4923
20.768,4922
20.769,4921
20.769,4920
20.769,4919
20.769,4918
20.769,4917
20.769,4916
20.769,4915
20.769,4914
20.769,4913
20.769,4912
20.769,4911
20.769,4910
20.769,4909
20.769,4908
20.769,4907
20.769,4906
20.769,4905
20.769,4904
20.769,4903
20.769,4902
20.769,4901
20.770,4900
20.770,4899
20.770,4898
20.770,4897
20.770,4896
20.770,4895
20.770,4894
20.770,4893
20.770,4892
20.770,4891
20.770,4890
20.770,4889
20.770,4888
20.770,4887
20.770,4886
20.770,4885
20.771,4884
20.771,4883
20.771,4882
20.771,4881
20.771,4880
20.771,4879
20.771,4878
20.771,4877
20.771,4876
20.771,4875
20.771,4874
20.771,4873
20.771,4872
20.771,4871
20.771,4870
20.772,4869
20.772,4868
20.772,4867
20.772,4866
20.772,4865
20.772,4864
20.772,4863
20.772,4862
20.772,4861
20.772,4860
20.772,4859
20.772,4858
20.772,4857
20.772,4856
20.772,4855
20.773,4854
20.773,4853
20.773,4852
20.773,4851
20.773,4850
20.773,4849
20.773,4848
20.773,4847
20.773,4846
20.773,4845
20.773,4844
20.773,4843
20.773,4842
20.773,4841
20.773,4840
20.773,4839
20.773,4838
20.774,4837
20.774,4836
20.774,4835
20.774,4834
20.774,4833
20.774,4832
20.774,4831
20.774,4830
20.774,4829
20.774,4828
20.774,4827
20.774,4826
20.774,4825
20.774,4824
20.774,4823
20.774,4822
20.775,4821
20.775,4820
20.775,4819
20.775,4818
20.775,4817
20.775,4816
20.775,4815
20.775,4814
20.775,4813
20.775,4812
20.775,4811
20.775,4810
20.775,4809
20.775,4808
20.775,4807
20.775,4806
20.775,4805
20.775,4804
20.775,4803
20.775,4802
20.775,4801
20.776,4800
20.776,4799
20.776,4798
20.776,4797
20.776,4796
20.776,4795
20.776,4794
20.776,4793
20.776,4792
20.776,4791
20.776,4790
20.776,4789
20.776,4788
20.776,4787
20.776,4786
20.776,4785
20.776,4784
20.776,4783
20.776,4782
20.776,4781
20.777,4780
20.777,4779
20.777,4778
20.777,4777
20.777,4776
20.777,4775
20.777,4774
20.777,4773
20.777,4772
20.777,4771
20.777,4770
20.777,4769
20.777,4768
20.777,4767
20.778,4766
20.778,4765
20.778,4764
20.778,4763
20.778,4762
20.778,4761
20.778,4760
20.778,4759
20.778,4758
20.778,4757
20.778,4756
20.778,4755
20.778,4754
20.778,4753
20.778,4752
20.779,4751
20.779,4750
20.779,4749
20.779,4748
20.779,4747
20.779,4746
20.779,4745
20.779,4744
20.779,4743
20.779,4742
20.779,4741
20.779,4740
20.779,4739
20.779,4738
20.780,4737
20.780,4736
20.780,4735
20.780,4734
20.780,4733
20.780,4732
20.780,4731
20.780,4730
20.782,4729
20.782,4728
20.782,4727
20.782,4726
20.782,4725
20.782,4724
20.782,4723
20.782,4722
20.782,4721
20.782,4720
20.782,4719
20.782,4718
20.782,4717
20.782,4716
20.782,4715
20.783,4714
20.783,4713
20.783,4712
20.783,4711
20.783,4710
20.783,4709
20.783,4708
20.783,4707
20.783,4706
20.783,4705
20.783,4704
20.783,4703
20.783,4702
20.783,4701
20.783,4700
20.784,4699
20.784,4698
20.784,4697
20.784,4696
20.784,4695
20.784,4694
20.784,4693
20.784,4692
20.784,4691
20.784,4690
20.784,4689
20.784,4688
20.784,4687
20.784,4686
20.784,4685
20.784,4684
20.785,4683
20.785,4682
20.785,4681
20.785,4680
20.785,4679
20.785,4678
20.785,4677
20.785,4676
20.785,4675
20.785,4674
20.785,4673
20.785,4672
20.785,4671
20.785,4670
20.786,4669
20.786,4668
20.786,4667
20.786,4666
20.786,4665
20.786,4664
20.786,4663
20.786,4662
20.786,4661
20.786,4660
20.786,4659
20.786,4658
20.786,4657
20.786,4656
20.786,4655
20.786,4654
20.786,4653
20.786,4652
20.786,4651
20.787,4650
20.787,4649
20.787,4648
20.787,4647
20.787,4646
20.787,4645
20.787,4644
20.787,4643
20.787,4642
20.787,4641
20.787,4640
20.787,4639
20.787,4638
20.787,4637
20.787,4636
20.787,4635
20.787,4634
20.787,4633
20.787,4632
20.787,4631
20.787,4630
20.787,4629
20.788,4628
20.788,4627
20.788,4626
20.788,4625
20.788,4624
20.788,4623
20.788,4622
20.788,4621
20.788,4620
20.788,4619
20.788,4618
20.788,4617
20.788,4616
20.788,4615
20.788,4614
20.788,4613
20.788,4612
20.789,4611
20.789,4610
20.789,4609
20.789,4608
20.789,4607
20.789,4606
20.789,4605
20.789,4604
20.789,4603
20.789,4602
20.789,4601
20.789,4600
20.789,4599
20.789,4598
20.789,4597
20.789,4596
20.789,4595
20.789,4594
20.789,4593
20.789,4592
20.789,4591
20.790,4590
20.790,4589
20.790,4588
20.790,4587
20.790,4586
20.790,4585
20.790,4584
20.790,4583
20.790,4582
20.790,4581
20.790,4580
20.790,4579
20.790,4578
20.790,4577
20.790,4576
20.790,4575
20.790,4574
20.791,4573
20.791,4572
20.791,4571
20.791,4570
20.791,4569
20.791,4568
20.791,4567
20.791,4566
20.791,4565
20.791,4564
20.791,4563
20.791,4562
20.791,4561
20.791,4560
20.792,4559
20.792,4558
20.792,4557
20.792,4556
20.792,4555
20.792,4554
20.792,4553
20.792,4552
20.792,4551
20.792,4550
20.792,4549
20.792,4548
20.792,4547
20.792,4546
20.792,4545
20.792,4544
20.792,4543
20.792,4542
20.792,4541
20.792,4540
20.793,4539
20.793,4538
20.793,4537
20.793,4536
20.793,4535
20.793,4534
20.793,4533
20.793,4532
20.793,4531
20.793,4530
20.793,4529
20.793,4528
20.793,4527
20.794,4526
20.794,4525
20.794,4524
20.794,4523
20.794,4522
20.794,4521
20.794,4520
20.794,4519
20.794,4518
20.794,4517
20.794,4516
20.794,4515
20.794,4514
20.794,4513
20.794,4512
20.794,4511
20.795,4510
20.795,4509
20.795,4508
20.795,4507
20.795,4506
20.795,4505
20.795,4504
20.795,4503
20.795,4502
20.795,4501
20.795,4500
20.795,4499
20.795,4498
20.795,4497
20.795,4496
20.795,4495
20.796,4494
20.796,4493
20.796,4492
20.796,4491
20.796,4490
20.796,4489
20.796,4488
20.796,4487
20.796,4486
20.796,4485
20.796,4484
20.796,4483
20.796,4482
20.796,4481
20.796,4480
20.797,4479
20.797,4478
20.797,4477
20.797,4476
20.797,4475
20.797,4474
20.797,4473
20.797,4472
20.797,4471
20.797,4470
20.797,4469
20.797,4468
20.797,4467
20.797,4466
20.797,4465
20.797,4464
20.798,4463
20.798,4462
20.798,4461
20.798,4460
20.798,4459
20.798,4458
20.798,4457
20.798,4456
20.798,4455
20.798,4454
20.798,4453
20.798,4452
20.798,4451
20.798,4450
20.798,4449
20.798,4448
20.798,4447
20.799,4446
20.799,4445
20.799,4444
20.799,4443
20.799,4442
20.799,4441
20.799,4440
20.799,4439
20.799,4438
20.799,4437
20.799,4436
20.799,4435
20.799,4434
20.799,4433
20.799,4432
20.799,4431
20.799,4430
20.799,4429
20.800,4428
20.800,4427
20.800,4426
20.800,4425
20.800,4424
20.800,4423
20.800,4422
20.800,4421
20.800,4420
20.800,4419
20.800,4418
20.800,4417
20.800,4416
20.800,4415
20.800,4414
20.800,4413
20.801,4412
20.801,4411
20.801,4410
20.801,4409
20.801,4408
20.801,4407
20.801,4406
20.801,4405
20.801,4404
20.801,4403
20.801,4402
20.801,4401
20.801,4400
20.801,4399
20.801,4398
20.801,4397
20.801,4396
20.801,4395
20.801,4394
20.802,4393
20.802,4392
20.802,4391
20.802,4390
20.802,4389
20.802,4388
20.802,4387
20.802,4386
20.802,4385
20.802,4384
20.802,4383
20.803,4382
20.803,4381
20.803,4380
20.803,4379
20.803,4378
20.803,4377
20.803,4376
20.803,4375
20.803,4374
20.803,4373
20.803,4372
20.803,4371
20.803,4370
20.803,4369
20.803,4368
20.803,4367
20.803,4366
20.804,4365
20.804,4364
20.804,4363
20.804,4362
20.804,4361
20.804,4360
20.804,4359
20.804,4358
20.804,4357
20.804,4356
20.804,4355
20.804,4354
20.804,4353
20.804,4352
20.804,4351
20.804,4350
20.804,4349
20.805,4348
20.805,4347
20.805,4346
20.805,4345
20.805,4344
20.805,4343
20.805,4342
20.805,4341
20.805,4340
20.805,4339
20.805,4338
20.805,4337
20.805,4336
20.805,4335
20.805,4334
20.805,4333
20.805,4332
20.805,4331
20.805,4330
20.805,4329
20.806,4328
20.806,4327
20.806,4326
20.806,4325
20.806,4324
20.806,4323
20.806,4322
20.806,4321
20.806,4320
20.806,4319
20.806,4318
20.806,4317
20.806,4316
20.806,4315
20.806,4314
20.806,4313
20.807,4312
20.807,4311
20.807,4310
20.807,4309
20.807,4308
20.807,4307
20.807,4306
20.807,4305
20.807,4304
20.807,4303
20.807,4302
20.807,4301
20.807,4300
20.807,4299
20.807,4298
20.807,4297
20.807,4296
20.807,4295
20.808,4294
20.808,4293
20.808,4292
20.808,4291
20.808,4290
20.808,4289
20.808,4288
20.808,4287
20.808,4286
20.808,4285
20.808,4284
20.808,4283
20.809,4282
20.809,4281
20.809,4280
20.809,4279
20.809,4278
20.809,4277
20.809,4276
20.809,4275
20.809,4274
20.809,4273
20.809,4272
20.809,4271
20.809,4270
20.810,4269
20.810,4268
20.810,4267
20.810,4266
20.810,4265
20.810,4264
20.810,4263
20.810,4262
20.810,4261
20.810,4260
20.810,4259
20.810,4258
20.810,4257
20.811,4256
20.811,4255
20.811,4254
20.811,4253
20.811,4252
20.811,4251
20.811,4250
20.811,4249
20.811,4248
20.811,4247
20.811,4246
20.811,4245
20.811,4244
20.811,4243
20.811,4242
20.811,4241
20.811,4240
20.811,4239
20.811,4238
20.811,4237
20.812,4236
20.812,4235
20.812,4234
20.812,4233
20.812,4232
20.812,4231
20.812,4230
20.812,4229
20.812,4228
20.812,4227
20.812,4226
20.812,4225
20.812,4224
20.812,4223
20.812,4222
20.812,4221
20.812,4220
20.812,4219
20.813,4218
20.813,4217
20.813,4216
20.813,4215
20.813,4214
20.813,4213
20.813,4212
20.813,4211
20.813,4210
20.813,4209
20.813,4208
20.813,4207
20.813,4206
20.813,4205
20.813,4204
20.813,4203
20.813,4202
20.813,4201
20.813,4200
20.814,4199
20.814,4198
20.814,4197
20.814,4196
20.814,4195
20.814,4194
20.814,4193
20.814,4192
20.814,4191
20.814,4190
20.814,4189
20.814,4188
20.814,4187
20.814,4186
20.814,4185
20.814,4184
20.814,4183
20.815,4182
20.815,4181
20.815,4180
20.815,4179
20.815,4178
20.815,4177
20.815,4176
20.815,4175
20.815,4174
20.815,4173
20.815,4172
20.815,4171
20.815,4170
20.815,4169
20.815,4168
20.815,4167
20.815,4166
20.815,4165
20.815,4164
20.815,4163
20.815,4162
20.816,4161
20.816,4160
20.816,4159
20.816,4158
20.816,4157
20.816,4156
20.816,4155
20.816,4154
20.816,4153
20.816,4152
20.816,4151
20.816,4150
20.816,4149
20.816,4148
20.816,4147
20.817,4146
20.817,4145
20.817,4144
20.817,4143
20.817,4142
20.817,4141
20.817,4140
20.817,4139
20.817,4138
20.817,4137
20.817,4136
20.817,4135
20.817,4134
20.817,4133
20.817,4132
20.817,4131
20.817,4130
20.817,4129
20.818,4128
20.818,4127
20.818,4126
20.818,4125
20.818,4124
20.818,4123
20.818,4122
20.818,4121
20.818,4120
20.818,4119
20.818,4118
20.818,4117
20.818,4116
20.818,4115
20.818,4114
20.819,4113
20.819,4112
20.819,4111
20.819,4110
20.819,4109
20.819,4108
20.819,4107
20.819,4106
20.819,4105
20.819,4104
20.820,4103
20.820,4102
20.820,4101
20.820,4100
20.820,4099
20.820,4098
20.820,4097
20.820,4096
20.820,4095
20.820,4094
20.820,4093
20.820,4092
20.820,4091
20.820,4090
20.820,4089
20.820,4088
20.820,4087
20.820,4086
20.820,4085
20.820,4084
20.821,4083
20.821,4082
20.821,4081
20.821,4080
20.821,4079
20.821,4078
20.821,4077
20.821,4076
20.821,4075
20.821,4074
20.821,4073
20.821,4072
20.821,4071
20.821,4070
20.821,4069
20.821,4068
20.821,4067
20.821,4066
20.821,4065
20.822,4064
20.822,4063
20.822,4062
20.822,4061
20.822,4060
20.822,4059
20.822,4058
20.822,4057
20.822,4056
20.822,4055
20.822,4054
20.822,4053
20.822,4052
20.822,4051
20.822,4050
20.822,4049
20.822,4048
20.823,4047
20.823,4046
20.823,4045
20.823,4044
20.823,4043
20.823,4042
20.823,4041
20.823,4040
20.823,4039
20.823,4038
20.823,4037
20.823,4036
20.823,4035
20.823,4034
20.823,4033
20.823,4032
20.823,4031
20.823,4030
20.823,4029
20.824,4028
20.824,4027
20.824,4026
20.824,4025
20.824,4024
20.824,4023
20.824,4022
20.824,4021
20.824,4020
20.824,4019
20.824,4018
20.824,4017
20.824,4016
20.824,4015
20.824,4014
20.824,4013
20.824,4012
20.824,4011
20.825,4010
20.825,4009
20.825,4008
20.825,4007
20.825,4006
20.825,4005
20.825,4004
20.825,4003
20.825,4002
20.825,4001
20.825,4000
20.825,3999
20.825,3998
20.825,3997
20.825,3996
20.825,3995
20.825,3994
20.825,3993
20.825,3992
20.825,3991
20.825,3990
20.826,3989
20.826,3988
20.826,3987
20.826,3986
20.826,3985
20.826,3984
20.826,3983
20.826,3982
20.826,3981
20.826,3980
20.826,3979
20.826,3978
20.826,3977
20.826,3976
20.826,3975
20.826,3974
20.827,3973
20.827,3972
20.827,3971
20.827,3970
20.827,3969
20.827,3968
20.827,3967
20.827,3966
20.827,3965
20.827,3964
20.827,3963
20.827,3962
20.827,3961
20.827,3960
20.827,3959
20.827,3958
20.827,3957
20.827,3956
20.828,3955
20.828,3954
20.828,3953
20.828,3952
20.828,3951
20.828,3950
20.828,3949
20.828,3948
20.828,3947
20.828,3946
20.828,3945
20.828,3944
20.829,3943
20.829,3942
20.829,3941
20.829,3940
20.829,3939
20.829,3938
20.829,3937
20.829,3936
20.829,3935
20.829,3934
20.829,3933
20.829,3932
20.829,3931
20.830,3930
20.830,3929
20.830,3928
20.830,3927
20.830,3926
20.830,3925
20.830,3924
20.830,3923
20.830,3922
20.830,3921
20.830,3920
20.830,3919
20.830,3918
20.830,3917
20.830,3916
20.831,3915
20.831,3914
20.831,3913
20.831,3912
20.831,3911
20.831,3910
20.831,3909
20.831,3908
20.831,3907
20.831,3906
20.831,3905
20.831,3904
20.831,3903
20.831,3902
20.831,3901
20.831,3900
20.831,3899
20.831,3898
20.832,3897
20.832,3896
20.832,3895
20.832,3894
20.832,3893
20.832,3892
20.832,3891
20.832,3890
20.832,3889
20.832,3888
20.832,3887
20.832,3886
20.833,3885
20.833,3884
20.833,3883
20.833,3882
20.833,3881
20.833,3880
20.833,3879
20.833,3878
20.833,3877
20.833,3876
20.833,3875
20.833,3874
20.833,3873
20.833,3872
20.833,3871
20.833,3870
20.833,3869
20.834,3868
20.834,3867
20.834,3866
20.834,3865
20.834,3864
20.834,3863
20.834,3862
20.834,3861
20.834,3860
20.834,3859
20.834,3858
20.834,3857
20.834,3856
20.834,3855
20.834,3854
20.834,3853
20.834,3852
20.834,3851
20.834,3850
20.835,3849
20.835,3848
20.835,3847
20.835,3846
20.835,3845
20.835,3844
20.835,3843
20.835,3842
20.835,3841
20.835,3840
20.835,3839
20.835,3838
20.836,3837
20.836,3836
20.836,3835
20.836,3834
20.836,3833
20.836,3832
20.836,3831
20.836,3830
20.836,3829
20.836,3828
20.836,3827
20.836,3826
20.836,3825
20.836,3824
20.836,3823
20.837,3822
20.837,3821
20.837,3820
20.837,3819
20.837,3818
20.837,3817
20.837,3816
20.837,3815
20.837,3814
20.837,3813
20.837,3812
20.837,3811
20.838,3810
20.838,3809
20.838,3808
20.838,3807
20.839,3806
20.839,3805
20.839,3804
20.839,3803
20.839,3802
20.839,3801
20.839,3800
20.839,3799
20.839,3798
20.840,3797
20.840,3796
20.840,3795
20.840,3794
20.840,3793
20.840,3792
20.840,3791
20.840,3790
20.840,3789
20.840,3788
20.841,3787
20.841,3786
20.841,3785
20.841,3784
20.841,3783
20.841,3782
20.841,3781
20.841,3780
20.841,3779
20.841,3778
20.842,3777
20.842,3776
20.842,3775
20.842,3774
20.842,3773
20.842,3772
20.842,3771
20.842,3770
20.843,3769
20.843,3768
20.843,3767
20.843,3766
20.843,3765
20.843,3764
20.843,3763
20.843,3762
20.844,3761
20.844,3760
20.844,3759
20.844,3758
20.844,3757
20.844,3756
20.844,3755
20.845,3754
20.845,3753
20.845,3752
20.845,3751
20.845,3750
20.845,3749
20.845,3748
20.845,3747
20.845,3746
20.846,3745
20.846,3744
20.846,3743
20.846,3742
20.846,3741
20.846,3740
20.846,3739
20.847,3738
20.847,3737
20.847,3736
20.847,3735
20.847,3734
20.848,3733
20.848,3732
20.848,3731
20.848,3730
20.848,3729
20.848,3728
20.848,3727
20.849,3726
20.849,3725
20.849,3724
20.849,3723
20.849,3722
20.849,3721
20.849,3720
20.849,3719
20.849,3718
20.850,3717
20.850,3716
20.850,3715
20.850,3714
20.850,3713
20.850,3712
20.851,3711
20.851,3710
20.851,3709
20.851,3708
20.851,3707
20.851,3706
20.852,3705
20.852,3704
20.852,3703
20.852,3702
20.852,3701
20.852,3700
20.853,3699
20.853,3698
20.853,3697
20.853,3696
20.853,3695
20.853,3694
20.853,3693
20.853,3692
20.853,3691
20.853,3690
20.854,3689
20.854,3688
20.854,3687
20.854,3686
20.854,3685
20.854,3684
20.854,3683
20.854,3682
20.854,3681
20.855,3680
20.855,3679
20.855,3678
20.855,3677
20.856,3676
20.856,3675
20.856,3674
20.856,3673
20.856,3672
20.856,3671
20.856,3670
20.857,3669
20.857,3668
20.857,3667
20.857,3666
20.857,3665
20.857,3664
20.857,3663
20.857,3662
20.857,3661
20.858,3660
20.858,3659
20.858,3658
20.858,3657
20.858,3656
20.858,3655
20.858,3654
20.858,3653
20.858,3652
20.859,3651
20.859,3650
20.859,3649
20.859,3648
20.860,3647
20.860,3646
20.860,3645
20.860,3644
20.860,3643
20.860,3642
20.861,3641
20.861,3640
20.861,3639
20.861,3638
20.861,3637
20.861,3636
20.861,3635
20.861,3634
20.862,3633
20.862,3632
20.862,3631
20.862,3630
20.862,3629
20.862,3628
20.863,3627
20.863,3626
20.863,3625
20.863,3624
20.863,3623
20.864,3622
20.864,3621
20.864,3620
20.864,3619
20.864,3618
20.865,3617
20.865,3616
20.865,3615
20.865,3614
20.865,3613
20.866,3612
20.866,3611
20.866,3610
20.866,3609
20.866,3608
20.867,3607
20.867,3606
20.867,3605
20.867,3604
20.868,3603
20.868,3602
20.868,3601
20.868,3600
20.868,3599
20.868,3598
20.869,3597
20.869,3596
20.869,3595
20.869,3594
20.869,3593
20.869,3592
20.870,3591
20.870,3590
20.870,3589
20.870,3588
20.870,3587
20.870,3586
20.870,3585
20.871,3584
20.871,3583
20.871,3582
20.871,3581
20.871,3580
20.872,3579
20.872,3578
20.872,3577
20.872,3576
20.873,3575
20.873,3574
20.873,3573
20.874,3572
20.874,3571
20.874,3570
20.874,3569
20.874,3568
20.874,3567
20.875,3566
20.875,3565
20.875,3564
20.875,3563
20.875,3562
20.875,3561
20.875,3560
20.876,3559
20.876,3558
20.876,3557
20.876,3556
20.876,3555
20.876,3554
20.876,3553
20.876,3552
20.877,3551
20.877,3550
20.878,3549
20.878,3548
20.878,3547
20.878,3546
20.878,3545
20.878,3544
20.878,3543
20.879,3542
20.879,3541
20.879,3540
20.879,3539
20.880,3538
20.880,3537
20.881,3536
20.881,3535
20.881,3534
20.881,3533
20.881,3532
20.882,3531
20.882,3530
20.882,3529
20.882,3528
20.882,3527
20.882,3526
20.882,3525
20.882,3524
20.882,3523
20.883,3522
20.883,3521
20.883,3520
20.883,3519
20.883,3518
20.884,3517
20.884,3516
20.884,3515
20.884,3514
20.884,3513
20.885,3512
20.885,3511
20.885,3510
20.885,3509
20.885,3508
20.885,3507
20.885,3506
20.886,3505
20.886,3504
20.886,3503
20.886,3502
20.886,3501
20.887,3500
20.887,3499
20.887,3498
20.887,3497
20.887,3496
20.888,3495
20.888,3494
20.888,3493
20.889,3492
20.890,3491
20.890,3490
20.890,3489
20.891,3488
20.892,3487
20.893,3486
20.893,3485
20.893,3484
20.893,3483
20.894,3482
20.894,3481
20.894,3480
20.894,3479
20.894,3478
20.895,3477
20.895,3476
20.896,3475
20.896,3474
20.897,3473
20.897,3472
20.898,3471
20.898,3470
20.898,3469
20.898,3468
20.899,3467
20.899,3466
20.899,3465
20.899,3464
20.900,3463
20.900,3462
20.900,3461
20.900,3460
20.901,3459
20.901,3458
20.901,3457
20.902,3456
20.902,3455
20.902,3454
20.903,3453
20.904,3452
20.904,3451
20.904,3450
20.904,3449
20.904,3448
20.905,3447
20.905,3446
20.905,3445
20.906,3444
20.906,3443
20.906,3442
20.906,3441
20.906,3440
20.906,3439
20.907,3438
20.907,3437
20.908,3436
20.908,3435
20.908,3434
20.908,3433
20.909,3432
20.909,3431
20.910,3430
20.910,3429
20.912,3428
20.912,3427
20.913,3426
20.914,3425
20.915,3424
20.915,3423
20.915,3422
20.916,3421
20.916,3420
20.916,3419
20.917,3418
20.917,3417
20.917,3416
20.917,3415
20.917,3414
20.917,3413
20.918,3412
20.918,3411
20.919,3410
20.920,3409
20.921,3408
20.921,3407
20.922,3406
20.922,3405
20.923,3404
20.923,3403
20.923,3402
20.924,3401
20.924,3400
20.924,3399
20.924,3398
20.925,3397
20.926,3396
20.926,3395
20.927,3394
20.927,3393
20.928,3392
20.929,3391
20.930,3390
20.930,3389
20.931,3388
20.931,3387
20.931,3386
20.932,3385
20.933,3384
20.934,3383
20.935,3382
20.936,3381
20.937,3380
20.938,3379
20.939,3378
20.941,3377
20.941,3376
20.942,3375
20.942,3374
20.943,3373
20.945,3372
20.946,3371
20.947,3370
20.948,3369
20.948,3368
20.949,3367
20.950,3366
20.951,3365
20.952,3364
20.953,3363
20.954,3362
20.954,3361
20.956,3360
20.957,3359
20.958,3358
20.960,3357
20.961,3356
20.961,3355
20.965,3354
20.965,3353
20.966,3352
20.967,3351
20.967,3350
20.967,3349
20.968,3348
20.968,3347
20.969,3346
20.969,3345
20.971,3344
20.972,3343
20.973,3342
20.975,3341
20.978,3340
20.979,3339
20.981,3338
20.984,3337
20.987,3336
20.988,3335
20.990,3334
20.992,3333
20.996,3332
20.996,3331
20.997,3330
21.000,3329
21.003,3328
21.004,3327
21.006,3326
21.008,3325
21.010,3324
21.010,3323
21.013,3322
21.015,3321
21.016,3320
21.017,3319
21.020,3318
21.023,3317
21.027,3316
21.027,3315
21.035,3314
21.038,3313
21.039,3312
21.042,3311
21.051,3310
