3.333,5940
21.945,5939
21.945,5938
21.945,5937
21.945,5936
21.946,5935
21.946,5934
21.946,5933
21.946,5932
21.947,5931
21.947,5930
21.947,5929
21.948,5928
21.948,5927
21.948,5926
21.949,5925
21.949,5924
21.949,5923
21.949,5922
21.949,5921
21.950,5920
21.950,5919
21.950,5918
21.950,5917
21.951,5916
21.951,5915
21.951,5914
21.951,5913
21.951,5912
21.952,5911
21.952,5910
21.952,5909
21.952,5908
21.952,5907
21.952,5906
21.953,5905
21.953,5904
21.953,5903
21.953,5902
21.953,5901
21.953,5900
21.954,5899
21.954,5898
21.954,5897
21.954,5896
21.954,5895
21.954,5894
21.955,5893
21.955,5892
21.955,5891
21.955,5890
21.955,5889
21.955,5888
21.955,5887
21.956,5886
21.956,5885
21.956,5884
21.956,5883
21.956,5882
21.956,5881
21.957,5880
21.957,5879
21.957,5878
21.957,5877
21.957,5876
21.958,5875
21.958,5874
21.958,5873
21.958,5872
21.958,5871
21.958,5870
21.958,5869
21.958,5868
21.959,5867
21.959,5866
21.959,5865
21.959,5864
21.959,5863
21.959,5862
21.959,5861
21.959,5860
21.960,5859
21.960,5858
21.960,5857
21.960,5856
21.960,5855
21.960,5854
21.960,5853
21.961,5852
21.961,5851
21.961,5850
21.961,5849
21.961,5848
21.961,5847
21.961,5846
21.961,5845
21.962,5844
21.962,5843
21.962,5842
21.962,5841
21.962,5840
21.962,5839
21.962,5838
21.962,5837
21.963,5836
21.963,5835
21.963,5834
21.963,5833
21.963,5832
21.963,5831
21.963,5830
21.963,5829
21.963,5828
21.964,5827
21.964,5826
21.964,5825
21.964,5824
21.964,5823
21.964,5822
21.965,5821
21.965,5820
21.965,5819
21.965,5818
21.965,5817
21.965,5816
21.965,5815
21.966,5814
21.966,5813
21.966,5812
21.966,5811
21.966,5810
21.966,5809
21.967,5808
21.967,5807
21.967,5806
21.967,5805
21.967,5804
21.967,5803
21.967,5802
21.967,5801
21.967,5800
21.967,5799
21.967,5798
21.967,5797
21.968,5796
21.968,5795
21.968,5794
21.968,5793
21.968,5792
21.968,5791
21.968,5790
21.968,5789
21.968,5788
21.968,5787
21.969,5786
21.969,5785
21.969,5784
21.969,5783
21.969,5782
21.969,5781
21.969,5780
21.969,5779
21.969,5778
21.969,5777
21.969,5776
21.969,5775
21.970,5774
21.970,5773
21.970,5772
21.970,5771
21.970,5770
21.970,5769
21.970,5768
21.970,5767
21.970,5766
21.970,5765
21.971,5764
21.971,5763
21.971,5762
21.971,5761
21.971,5760
21.971,5759
21.971,5758
21.971,5757
21.971,5756
21.971,5755
21.971,5754
21.971,5753
21.971,5752
21.972,5751
21.972,5750
21.972,5749
21.972,5748
21.972,5747
21.973,5746
21.973,5745
21.973,5744
21.973,5743
21.973,5742
21.973,5741
21.973,5740
21.973,5739
21.973,5738
21.973,5737
21.973,5736
21.973,5735
21.973,5734
21.973,5733
21.973,5732
21.974,5731
21.974,5730
21.974,5729
21.974,5728
21.974,5727
21.974,5726
21.974,5725
21.974,5724
21.974,5723
21.974,5722
21.975,5721
21.975,5720
21.975,5719
21.975,5718
21.975,5717
21.975,5716
21.975,5715
21.975,5714
21.975,5713
21.975,5712
21.975,5711
21.975,5710
21.975,5709
21.975,5708
21.975,5707
21.975,5706
21.976,5705
21.976,5704
21.976,5703
21.976,5702
21.976,5701
21.976,5700
21.976,5699
21.976,5698
21.976,5697
21.976,5696
21.976,5695
21.976,5694
21.976,5693
21.977,5692
21.977,5691
21.977,5690
21.977,5689
21.977,5688
21.977,5687
21.977,5686
21.978,5685
21.978,5684
21.978,5683
21.978,5682
21.978,5681
21.978,5680
21.978,5679
21.978,5678
21.978,5677
21.978,5676
21.978,5675
21.978,5674
21.979,5673
21.979,5672
21.979,5671
21.979,5670
21.979,5669
21.979,5668
21.979,5667
21.979,5666
21.979,5665
21.979,5664
21.979,5663
21.979,5662
21.979,5661
21.979,5660
21.979,5659
21.979,5658
21.979,5657
21.980,5656
21.980,5655
21.980,5654
21.980,5653
21.980,5652
21.980,5651
21.980,5650
21.980,5649
21.980,5648
21.980,5647
21.980,5646
21.980,5645
21.980,5644
21.980,5643
21.980,5642
21.980,5641
21.980,5640
21.981,5639
21.981,5638
21.981,5637
21.981,5636
21.981,5635
21.981,5634
21.981,5633
21.981,5632
21.981,5631
21.981,5630
21.981,5629
21.981,5628
21.981,5627
21.981,5626
21.981,5625
21.981,5624
21.981,5623
21.981,5622
21.981,5621
21.982,5620
21.982,5619
21.982,5618
21.982,5617
21.982,5616
21.982,5615
21.982,5614
21.982,5613
21.982,5612
21.982,5611
21.982,5610
21.982,5609
21.982,5608
21.982,5607
21.982,5606
21.982,5605
21.982,5604
21.982,5603
21.982,5602
21.983,5601
21.983,5600
21.983,5599
21.983,5598
21.983,5597
21.983,5596
21.983,5595
21.983,5594
21.983,5593
21.984,5592
21.984,5591
21.984,5590
21.984,5589
21.984,5588
21.984,5587
21.984,5586
21.984,5585
21.984,5584
21.984,5583
21.984,5582
21.984,5581
21.985,5580
21.985,5579
21.985,5578
21.985,5577
21.985,5576
21.985,5575
21.985,5574
21.985,5573
21.985,5572
21.985,5571
21.985,5570
21.985,5569
21.985,5568
21.985,5567
21.985,5566
21.985,5565
21.985,5564
21.985,5563
21.986,5562
21.986,5561
21.986,5560
21.986,5559
21.986,5558
21.986,5557
21.986,5556
21.986,5555
21.986,5554
21.986,5553
21.986,5552
21.986,5551
21.986,5550
21.986,5549
21.986,5548
21.986,5547
21.986,5546
21.986,5545
21.986,5544
21.986,5543
21.987,5542
21.987,5541
21.987,5540
21.987,5539
21.987,5538
21.987,5537
21.987,5536
21.987,5535
21.987,5534
21.987,5533
21.987,5532
21.987,5531
21.987,5530
21.987,5529
21.987,5528
21.987,5527
21.987,5526
21.987,5525
21.987,5524
21.987,5523
21.987,5522
21.988,5521
21.988,5520
21.988,5519
21.988,5518
21.988,5517
21.988,5516
21.988,5515
21.988,5514
21.988,5513
21.988,5512
21.988,5511
21.988,5510
21.988,5509
21.988,5508
21.988,5507
21.988,5506
21.988,5505
21.988,5504
21.988,5503
21.988,5502
21.988,5501
21.988,5500
21.989,5499
21.989,5498
21.989,5497
21.989,5496
21.989,5495
21.989,5494
21.989,5493
21.989,5492
21.989,5491
21.989,5490
21.989,5489
21.989,5488
21.989,5487
21.989,5486
21.989,5485
21.989,5484
21.989,5483
21.989,5482
21.989,5481
21.989,5480
21.989,5479
21.989,5478
21.989,5477
21.990,5476
21.990,5475
21.990,5474
21.990,5473
21.990,5472
21.990,5471
21.990,5470
21.990,5469
21.990,5468
21.990,5467
21.990,5466
21.990,5465
21.990,5464
21.990,5463
21.990,5462
21.990,5461
21.990,5460
21.990,5459
21.990,5458
21.990,5457
21.990,5456
21.990,5455
21.991,5454
21.991,5453
21.991,5452
21.991,5451
21.991,5450
21.991,5449
21.991,5448
21.991,5447
21.991,5446
21.991,5445
21.991,5444
21.991,5443
21.991,5442
21.991,5441
21.991,5440
21.991,5439
21.991,5438
21.991,5437
21.991,5436
21.992,5435
21.992,5434
21.992,5433
21.992,5432
21.992,5431
21.992,5430
21.992,5429
21.992,5428
21.992,5427
21.992,5426
21.992,5425
21.992,5424
21.993,5423
21.993,5422
21.993,5421
21.993,5420
21.993,5419
21.993,5418
21.993,5417
21.993,5416
21.993,5415
21.993,5414
21.993,5413
21.993,5412
21.993,5411
21.993,5410
21.993,5409
21.993,5408
21.993,5407
21.993,5406
21.993,5405
21.993,5404
21.993,5403
21.993,5402
21.993,5401
21.993,5400
21.993,5399
21.993,5398
21.993,5397
21.993,5396
21.993,5395
21.994,5394
21.994,5393
21.994,5392
21.994,5391
21.994,5390
21.994,5389
21.994,5388
21.994,5387
21.994,5386
21.994,5385
21.994,5384
21.994,5383
21.994,5382
21.994,5381
21.994,5380
21.994,5379
21.994,5378
21.994,5377
21.994,5376
21.994,5375
21.994,5374
21.994,5373
21.994,5372
21.994,5371
21.994,5370
21.994,5369
21.995,5368
21.995,5367
21.995,5366
21.995,5365
21.995,5364
21.995,5363
21.995,5362
21.995,5361
21.995,5360
21.995,5359
21.995,5358
21.995,5357
21.995,5356
21.995,5355
21.995,5354
21.995,5353
21.995,5352
21.995,5351
21.995,5350
21.995,5349
21.995,5348
21.995,5347
21.995,5346
21.995,5345
21.995,5344
21.995,5343
21.995,5342
21.995,5341
21.995,5340
21.995,5339
21.995,5338
21.996,5337
21.996,5336
21.996,5335
21.996,5334
21.996,5333
21.996,5332
21.996,5331
21.996,5330
21.996,5329
21.996,5328
21.996,5327
21.996,5326
21.996,5325
21.996,5324
21.996,5323
21.996,5322
21.996,5321
21.996,5320
21.996,5319
21.996,5318
21.996,5317
21.996,5316
21.996,5315
21.996,5314
21.996,5313
21.996,5312
21.996,5311
21.996,5310
21.997,5309
21.997,5308
21.997,5307
21.997,5306
21.997,5305
21.997,5304
21.997,5303
21.997,5302
21.997,5301
21.997,5300
21.997,5299
21.997,5298
21.997,5297
21.997,5296
21.997,5295
21.997,5294
21.998,5293
21.998,5292
21.998,5291
21.998,5290
21.998,5289
21.998,5288
21.998,5287
21.998,5286
21.998,5285
21.998,5284
21.998,5283
21.998,5282
21.998,5281
21.998,5280
21.998,5279
21.998,5278
21.998,5277
21.998,5276
21.998,5275
21.998,5274
21.998,5273
21.998,5272
21.998,5271
21.998,5270
21.998,5269
21.998,5268
21.998,5267
21.998,5266
21.998,5265
21.998,5264
21.998,5263
21.998,5262
21.998,5261
21.998,5260
21.998,5259
21.999,5258
21.999,5257
21.999,5256
21.999,5255
21.999,5254
21.999,5253
21.999,5252
21.999,5251
21.999,5250
21.999,5249
21.999,5248
21.999,5247
21.999,5246
21.999,5245
21.999,5244
21.999,5243
21.999,5242
21.999,5241
21.999,5240
21.999,5239
21.999,5238
21.999,5237
21.999,5236
21.999,5235
21.999,5234
21.999,5233
21.999,5232
21.999,5231
21.999,5230
21.999,5229
21.999,5228
21.999,5227
21.999,5226
21.999,5225
22.000,5224
22.000,5223
22.000,5222
22.000,5221
22.000,5220
22.000,5219
22.000,5218
22.000,5217
22.000,5216
22.000,5215
22.000,5214
22.000,5213
22.000,5212
22.000,5211
22.000,5210
22.000,5209
22.000,5208
22.000,5207
22.000,5206
22.000,5205
22.000,5204
22.000,5203
22.000,5202
22.000,5201
22.000,5200
22.000,5199
22.000,5198
22.000,5197
22.000,5196
22.000,5195
22.000,5194
22.000,5193
22.000,5192
22.001,5191
22.001,5190
22.001,5189
22.001,5188
22.001,5187
22.001,5186
22.001,5185
22.001,5184
22.001,5183
22.001,5182
22.001,5181
22.001,5180
22.001,5179
22.001,5178
22.001,5177
22.001,5176
22.001,5175
22.001,5174
22.001,5173
22.001,5172
22.001,5171
22.001,5170
22.001,5169
22.001,5168
22.001,5167
22.001,5166
22.001,5165
22.001,5164
22.001,5163
22.001,5162
22.001,5161
22.002,5160
22.002,5159
22.002,5158
22.002,5157
22.002,5156
22.002,5155
22.002,5154
22.002,5153
22.002,5152
22.002,5151
22.002,5150
22.002,5149
22.002,5148
22.002,5147
22.002,5146
22.002,5145
22.002,5144
22.002,5143
22.002,5142
22.002,5141
22.002,5140
22.002,5139
22.002,5138
22.002,5137
22.002,5136
22.002,5135
22.002,5134
22.002,5133
22.002,5132
22.002,5131
22.002,5130
22.002,5129
22.002,5128
22.003,5127
22.003,5126
22.003,5125
22.003,5124
22.003,5123
22.003,5122
22.003,5121
22.003,5120
22.003,5119
22.003,5118
22.003,5117
22.003,5116
22.003,5115
22.003,5114
22.003,5113
22.003,5112
22.004,5111
22.004,5110
22.004,5109
22.004,5108
22.004,5107
22.004,5106
22.004,5105
22.004,5104
22.004,5103
22.004,5102
22.004,5101
22.004,5100
22.004,5099
22.004,5098
22.005,5097
22.005,5096
22.005,5095
22.005,5094
22.005,5093
22.005,5092
22.005,5091
22.005,5090
22.005,5089
22.005,5088
22.005,5087
22.005,5086
22.005,5085
22.005,5084
22.005,5083
22.006,5082
22.006,5081
22.006,5080
22.006,5079
22.006,5078
22.006,5077
22.006,5076
22.006,5075
22.006,5074
22.006,5073
22.006,5072
22.006,5071
22.006,5070
22.006,5069
22.006,5068
22.007,5067
22.007,5066
22.007,5065
22.007,5064
22.007,5063
22.007,5062
22.007,5061
22.007,5060
22.007,5059
22.007,5058
22.007,5057
22.007,5056
22.007,5055
22.007,5054
22.007,5053
22.008,5052
22.008,5051
22.008,5050
22.008,5049
22.008,5048
22.008,5047
22.008,5046
22.008,5045
22.008,5044
22.008,5043
22.008,5042
22.008,5041
22.009,5040
22.009,5039
22.009,5038
22.009,5037
22.009,5036
22.009,5035
22.009,5034
22.009,5033
22.009,5032
22.009,5031
22.009,5030
22.009,5029
22.009,5028
22.010,5027
22.010,5026
22.010,5025
22.010,5024
22.010,5023
22.010,5022
22.010,5021
22.010,5020
22.010,5019
22.010,5018
22.010,5017
22.010,5016
22.011,5015
22.011,5014
22.011,5013
22.011,5012
22.011,5011
22.011,5010
22.011,5009
22.011,5008
22.011,5007
22.011,5006
22.011,5005
22.011,5004
22.011,5003
22.011,5002
22.011,5001
22.011,5000
22.012,4999
22.012,4998
22.012,4997
22.012,4996
22.012,4995
22.012,4994
22.012,4993
22.012,4992
22.012,4991
22.012,4990
22.012,4989
22.012,4988
22.012,4987
22.012,4986
22.012,4985
22.013,4984
22.013,4983
22.013,4982
22.013,4981
22.013,4980
22.013,4979
22.013,4978
22.013,4977
22.013,4976
22.013,4975
22.013,4974
22.013,4973
22.013,4972
22.013,4971
22.013,4970
22.014,4969
22.014,4968
22.014,4967
22.014,4966
22.014,4965
22.014,4964
22.014,4963
22.014,4962
22.014,4961
22.014,4960
22.014,4959
22.014,4958
22.014,4957
22.014,4956
22.014,4955
22.015,4954
22.015,4953
22.015,4952
22.015,4951
22.015,4950
22.015,4949
22.015,4948
22.015,4947
22.015,4946
22.015,4945
22.015,4944
22.015,4943
22.015,4942
22.015,4941
22.015,4940
22.015,4939
22.015,4938
22.016,4937
22.016,4936
22.016,4935
22.016,4934
22.016,4933
22.016,4932
22.016,4931
22.016,4930
22.016,4929
22.016,4928
22.016,4927
22.016,4926
22.016,4925
22.016,4924
22.016,4923
22.017,4922
22.017,4921
22.017,4920
22.017,4919
22.017,4918
22.017,4917
22.017,4916
22.017,4915
22.017,4914
22.017,4913
22.017,4912
22.017,4911
22.017,4910
22.017,4909
22.017,4908
22.018,4907
22.018,4906
22.018,4905
22.018,4904
22.018,4903
22.018,4902
22.018,4901
22.018,4900
22.018,4899
22.018,4898
22.018,4897
22.018,4896
22.018,4895
22.018,4894
22.019,4893
22.019,4892
22.019,4891
22.019,4890
22.019,4889
22.019,4888
22.019,4887
22.019,4886
22.019,4885
22.019,4884
22.019,4883
22.019,4882
22.019,4881
22.019,4880
22.019,4879
22.020,4878
22.020,4877
22.020,4876
22.020,4875
22.020,4874
22.020,4873
22.020,4872
22.020,4871
22.020,4870
22.020,4869
22.020,4868
22.021,4867
22.021,4866
22.021,4865
22.021,4864
22.021,4863
22.021,4862
22.021,4861
22.021,4860
22.021,4859
22.021,4858
22.021,4857
22.021,4856
22.021,4855
22.021,4854
22.021,4853
22.022,4852
22.022,4851
22.022,4850
22.022,4849
22.022,4848
22.022,4847
22.022,4846
22.022,4845
22.022,4844
22.022,4843
22.022,4842
22.022,4841
22.022,4840
22.022,4839
22.023,4838
22.023,4837
22.023,4836
22.023,4835
22.023,4834
22.023,4833
22.023,4832
22.023,4831
22.023,4830
22.023,4829
22.023,4828
22.023,4827
22.023,4826
22.023,4825
22.023,4824
22.024,4823
22.024,4822
22.024,4821
22.024,4820
22.024,4819
22.024,4818
22.024,4817
22.024,4816
22.024,4815
22.024,4814
22.024,4813
22.024,4812
22.024,4811
22.024,4810
22.025,4809
22.025,4808
22.025,4807
22.025,4806
22.025,4805
22.025,4804
22.025,4803
22.025,4802
22.025,4801
22.025,4800
22.025,4799
22.025,4798
22.025,4797
22.025,4796
22.025,4795
22.025,4794
22.025,4793
22.025,4792
22.026,4791
22.026,4790
22.026,4789
22.026,4788
22.026,4787
22.026,4786
22.026,4785
22.026,4784
22.026,4783
22.026,4782
22.026,4781
22.026,4780
22.026,4779
22.026,4778
22.026,4777
22.026,4776
22.026,4775
22.027,4774
22.027,4773
22.027,4772
22.027,4771
22.027,4770
22.027,4769
22.027,4768
22.027,4767
22.027,4766
22.027,4765
22.027,4764
22.027,4763
22.027,4762
22.027,4761
22.027,4760
22.027,4759
22.027,4758
22.027,4757
22.028,4756
22.028,4755
22.028,4754
22.028,4753
22.028,4752
22.028,4751
22.028,4750
22.028,4749
22.028,4748
22.028,4747
22.028,4746
22.028,4745
22.028,4744
22.028,4743
22.028,4742
22.029,4741
22.029,4740
22.029,4739
22.029,4738
22.029,4737
22.029,4736
22.029,4735
22.029,4734
22.029,4733
22.029,4732
22.029,4731
22.029,4730
22.029,4729
22.029,4728
22.029,4727
22.029,4726
22.029,4725
22.029,4724
22.029,4723
22.030,4722
22.030,4721
22.030,4720
22.030,4719
22.030,4718
22.030,4717
22.030,4716
22.030,4715
22.030,4714
22.030,4713
22.030,4712
22.030,4711
22.030,4710
22.030,4709
22.030,4708
22.030,4707
22.030,4706
22.031,4705
22.031,4704
22.031,4703
22.031,4702
22.031,4701
22.031,4700
22.031,4699
22.031,4698
22.031,4697
22.031,4696
22.031,4695
22.031,4694
22.031,4693
22.031,4692
22.031,4691
22.031,4690
22.031,4689
22.031,4688
22.032,4687
22.032,4686
22.032,4685
22.032,4684
22.032,4683
22.032,4682
22.032,4681
22.032,4680
22.032,4679
22.032,4678
22.033,4677
22.033,4676
22.033,4675
22.033,4674
22.033,4673
22.033,4672
22.033,4671
22.033,4670
22.033,4669
22.033,4668
22.033,4667
22.033,4666
22.033,4665
22.033,4664
22.033,4663
22.033,4662
22.034,4661
22.034,4660
22.034,4659
22.034,4658
22.034,4657
22.034,4656
22.034,4655
22.034,4654
22.034,4653
22.034,4652
22.035,4651
22.035,4650
22.035,4649
22.035,4648
22.035,4647
22.035,4646
22.035,4645
22.035,4644
22.035,4643
22.035,4642
22.035,4641
22.035,4640
22.036,4639
22.036,4638
22.036,4637
22.036,4636
22.036,4635
22.036,4634
22.036,4633
22.036,4632
22.036,4631
22.036,4630
22.036,4629
22.036,4628
22.036,4627
22.036,4626
22.036,4625
22.036,4624
22.036,4623
22.037,4622
22.037,4621
22.037,4620
22.037,4619
22.037,4618
22.037,4617
22.037,4616
22.037,4615
22.037,4614
22.037,4613
22.037,4612
22.038,4611
22.038,4610
22.038,4609
22.038,4608
22.038,4607
22.038,4606
22.038,4605
22.038,4604
22.038,4603
22.038,4602
22.038,4601
22.038,4600
22.038,4599
22.038,4598
22.038,4597
22.038,4596
22.038,4595
22.039,4594
22.039,4593
22.039,4592
22.039,4591
22.039,4590
22.039,4589
22.039,4588
22.039,4587
22.039,4586
22.039,4585
22.039,4584
22.039,4583
22.039,4582
22.039,4581
22.039,4580
22.039,4579
22.039,4578
22.039,4577
22.039,4576
22.039,4575
22.040,4574
22.040,4573
22.040,4572
22.040,4571
22.040,4570
22.040,4569
22.040,4568
22.040,4567
22.040,4566
22.040,4565
22.040,4564
22.040,4563
22.040,4562
22.040,4561
22.041,4560
22.041,4559
22.041,4558
22.041,4557
22.041,4556
22.041,4555
22.041,4554
22.041,4553
22.041,4552
22.041,4551
22.041,4550
22.041,4549
22.041,4548
22.041,4547
22.042,4546
22.042,4545
22.042,4544
22.042,4543
22.042,4542
22.042,4541
22.042,4540
22.042,4539
22.042,4538
22.042,4537
22.042,4536
22.043,4535
22.043,4534
22.043,4533
22.043,4532
22.043,4531
22.043,4530
22.043,4529
22.043,4528
22.043,4527
22.043,4526
22.043,4525
22.043,4524
22.043,4523
22.043,4522
22.043,4521
22.043,4520
22.044,4519
22.044,4518
22.044,4517
22.044,4516
22.044,4515
22.044,4514
22.044,4513
22.044,4512
22.044,4511
22.044,4510
22.044,4509
22.044,4508
22.044,4507
22.044,4506
22.044,4505
22.044,4504
22.045,4503
22.045,4502
22.045,4501
22.045,4500
22.045,4499
22.045,4498
22.045,4497
22.045,4496
22.045,4495
22.045,4494
22.045,4493
22.045,4492
22.045,4491
22.045,4490
22.045,4489
22.045,4488
22.045,4487
22.045,4486
22.046,4485
22.046,4484
22.046,4483
22.046,4482
22.046,4481
22.046,4480
22.046,4479
22.046,4478
22.046,4477
22.046,4476
22.046,4475
22.046,4474
22.046,4473
22.046,4472
22.046,4471
22.046,4470
22.046,4469
22.047,4468
22.047,4467
22.047,4466
22.047,4465
22.047,4464
22.047,4463
22.047,4462
22.047,4461
22.047,4460
22.047,4459
22.047,4458
22.047,4457
22.047,4456
22.047,4455
22.047,4454
22.047,4453
22.047,4452
22.047,4451
22.048,4450
22.048,4449
22.048,4448
22.048,4447
22.048,4446
22.048,4445
22.048,4444
22.048,4443
22.048,4442
22.049,4441
22.049,4440
22.049,4439
22.049,4438
22.049,4437
22.049,4436
22.049,4435
22.049,4434
22.049,4433
22.049,4432
22.049,4431
22.049,4430
22.049,4429
22.049,4428
22.049,4427
22.049,4426
22.050,4425
22.050,4424
22.050,4423
22.050,4422
22.050,4421
22.050,4420
22.050,4419
22.050,4418
22.050,4417
22.050,4416
22.050,4415
22.050,4414
22.050,4413
22.050,4412
22.050,4411
22.050,4410
22.051,4409
22.051,4408
22.051,4407
22.051,4406
22.051,4405
22.051,4404
22.051,4403
22.051,4402
22.051,4401
22.051,4400
22.051,4399
22.052,4398
22.052,4397
22.052,4396
22.052,4395
22.052,4394
22.052,4393
22.052,4392
22.052,4391
22.052,4390
22.052,4389
22.052,4388
22.052,4387
22.052,4386
22.052,4385
22.052,4384
22.052,4383
22.052,4382
22.052,4381
22.052,4380
22.052,4379
22.052,4378
22.053,4377
22.053,4376
22.053,4375
22.053,4374
22.053,4373
22.053,4372
22.053,4371
22.053,4370
22.053,4369
22.053,4368
22.053,4367
22.053,4366
22.053,4365
22.053,4364
22.054,4363
22.054,4362
22.054,4361
22.054,4360
22.054,4359
22.054,4358
22.054,4357
22.054,4356
22.054,4355
22.054,4354
22.054,4353
22.054,4352
22.054,4351
22.054,4350
22.054,4349
22.054,4348
22.054,4347
22.054,4346
22.054,4345
22.055,4344
22.055,4343
22.055,4342
22.055,4341
22.055,4340
22.055,4339
22.055,4338
22.055,4337
22.055,4336
22.055,4335
22.055,4334
22.055,4333
22.055,4332
22.055,4331
22.055,4330
22.055,4329
22.055,4328
22.055,4327
22.056,4326
22.056,4325
22.056,4324
22.056,4323
22.056,4322
22.056,4321
22.056,4320
22.056,4319
22.056,4318
22.056,4317
22.056,4316
22.056,4315
22.056,4314
22.056,4313
22.056,4312
22.056,4311
22.056,4310
22.057,4309
22.057,4308
22.057,4307
22.057,4306
22.057,4305
22.057,4304
22.057,4303
22.057,4302
22.057,4301
22.057,4300
22.057,4299
22.057,4298
22.057,4297
22.057,4296
22.057,4295
22.057,4294
22.057,4293
22.057,4292
22.057,4291
22.057,4290
22.057,4289
22.057,4288
22.057,4287
22.058,4286
22.058,4285
22.058,4284
22.058,4283
22.058,4282
22.058,4281
22.058,4280
22.058,4279
22.058,4278
22.058,4277
22.058,4276
22.058,4275
22.058,4274
22.058,4273
22.058,4272
22.058,4271
22.058,4270
22.059,4269
22.059,4268
22.059,4267
22.059,4266
22.059,4265
22.059,4264
22.059,4263
22.059,4262
22.059,4261
22.059,4260
22.059,4259
22.059,4258
22.059,4257
22.059,4256
22.059,4255
22.059,4254
22.059,4253
22.059,4252
22.060,4251
22.060,4250
22.060,4249
22.060,4248
22.060,4247
22.060,4246
22.060,4245
22.060,4244
22.060,4243
22.060,4242
22.060,4241
22.060,4240
22.060,4239
22.060,4238
22.060,4237
22.060,4236
22.060,4235
22.061,4234
22.061,4233
22.061,4232
22.061,4231
22.061,4230
22.061,4229
22.061,4228
22.061,4227
22.061,4226
22.061,4225
22.061,4224
22.061,4223
22.061,4222
22.061,4221
22.061,4220
22.061,4219
22.061,4218
22.061,4217
22.061,4216
22.061,4215
22.062,4214
22.062,4213
22.062,4212
22.062,4211
22.062,4210
22.062,4209
22.062,4208
22.062,4207
22.062,4206
22.062,4205
22.062,4204
22.062,4203
22.062,4202
22.062,4201
22.062,4200
22.062,4199
22.062,4198
22.062,4197
22.062,4196
22.063,4195
22.063,4194
22.063,4193
22.063,4192
22.063,4191
22.063,4190
22.063,4189
22.063,4188
22.063,4187
22.063,4186
22.063,4185
22.063,4184
22.063,4183
22.063,4182
22.063,4181
22.063,4180
22.063,4179
22.063,4178
22.064,4177
22.064,4176
22.064,4175
22.064,4174
22.064,4173
22.064,4172
22.064,4171
22.064,4170
22.064,4169
22.064,4168
22.064,4167
22.064,4166
22.064,4165
22.064,4164
22.064,4163
22.064,4162
22.064,4161
22.064,4160
22.064,4159
22.065,4158
22.065,4157
22.065,4156
22.065,4155
22.065,4154
22.065,4153
22.065,4152
22.065,4151
22.065,4150
22.065,4149
22.065,4148
22.065,4147
22.065,4146
22.065,4145
22.065,4144
22.065,4143
22.065,4142
22.065,4141
22.065,4140
22.066,4139
22.066,4138
22.066,4137
22.066,4136
22.066,4135
22.066,4134
22.066,4133
22.066,4132
22.066,4131
22.066,4130
22.066,4129
22.066,4128
22.066,4127
22.066,4126
22.066,4125
22.066,4124
22.067,4123
22.067,4122
22.067,4121
22.067,4120
22.067,4119
22.067,4118
22.067,4117
22.067,4116
22.067,4115
22.067,4114
22.067,4113
22.067,4112
22.067,4111
22.067,4110
22.068,4109
22.068,4108
22.068,4107
22.068,4106
22.068,4105
22.068,4104
22.068,4103
22.068,4102
22.068,4101
22.069,4100
22.069,4099
22.069,4098
22.069,4097
22.069,4096
22.069,4095
22.069,4094
22.069,4093
22.069,4092
22.069,4091
22.069,4090
22.069,4089
22.069,4088
22.069,4087
22.069,4086
22.069,4085
22.069,4084
22.069,4083
22.069,4082
22.070,4081
22.070,4080
22.070,4079
22.070,4078
22.070,4077
22.070,4076
22.070,4075
22.070,4074
22.070,4073
22.070,4072
22.070,4071
22.070,4070
22.070,4069
22.070,4068
22.070,4067
22.070,4066
22.071,4065
22.071,4064
22.071,4063
22.071,4062
22.071,4061
22.071,4060
22.071,4059
22.071,4058
22.071,4057
22.071,4056
22.071,4055
22.071,4054
22.071,4053
22.071,4052
22.071,4051
22.071,4050
22.072,4049
22.072,4048
22.072,4047
22.072,4046
22.072,4045
22.072,4044
22.072,4043
22.072,4042
22.072,4041
22.072,4040
22.072,4039
22.072,4038
22.072,4037
22.072,4036
22.073,4035
22.073,4034
22.073,4033
22.073,4032
22.073,4031
22.073,4030
22.073,4029
22.073,4028
22.073,4027
22.073,4026
22.073,4025
22.073,4024
22.073,4023
22.073,4022
22.073,4021
22.074,4020
22.074,4019
22.074,4018
22.074,4017
22.074,4016
22.074,4015
22.074,4014
22.074,4013
22.074,4012
22.074,4011
22.074,4010
22.074,4009
22.074,4008
22.074,4007
22.074,4006
22.074,4005
22.074,4004
22.074,4003
22.075,4002
22.075,4001
22.075,4000
22.075,3999
22.075,3998
22.075,3997
22.075,3996
22.075,3995
22.075,3994
22.075,3993
22.075,3992
22.075,3991
22.075,3990
22.075,3989
22.075,3988
22.075,3987
22.075,3986
22.075,3985
22.075,3984
22.075,3983
22.076,3982
22.076,3981
22.076,3980
22.076,3979
22.076,3978
22.076,3977
22.076,3976
22.076,3975
22.076,3974
22.076,3973
22.076,3972
22.076,3971
22.076,3970
22.076,3969
22.076,3968
22.076,3967
22.076,3966
22.076,3965
22.077,3964
22.077,3963
22.077,3962
22.077,3961
22.077,3960
22.077,3959
22.077,3958
22.077,3957
22.077,3956
22.077,3955
22.077,3954
22.077,3953
22.077,3952
22.077,3951
22.078,3950
22.078,3949
22.078,3948
22.078,3947
22.078,3946
22.078,3945
22.078,3944
22.078,3943
22.078,3942
22.078,3941
22.078,3940
22.078,3939
22.078,3938
22.078,3937
22.078,3936
22.079,3935
22.079,3934
22.079,3933
22.079,3932
22.079,3931
22.079,3930
22.079,3929
22.079,3928
22.079,3927
22.079,3926
22.079,3925
22.079,3924
22.079,3923
22.079,3922
22.079,3921
22.079,3920
22.079,3919
22.079,3918
22.079,3917
22.079,3916
22.080,3915
22.080,3914
22.080,3913
22.080,3912
22.080,3911
22.080,3910
22.080,3909
22.080,3908
22.080,3907
22.081,3906
22.081,3905
22.081,3904
22.081,3903
22.081,3902
22.081,3901
22.081,3900
22.081,3899
22.081,3898
22.081,3897
22.081,3896
22.081,3895
22.081,3894
22.081,3893
22.081,3892
22.081,3891
22.081,3890
22.081,3889
22.082,3888
22.082,3887
22.082,3886
22.082,3885
22.082,3884
22.082,3883
22.082,3882
22.082,3881
22.082,3880
22.082,3879
22.082,3878
22.083,3877
22.083,3876
22.083,3875
22.083,3874
22.083,3873
22.083,3872
22.083,3871
22.083,3870
22.083,3869
22.083,3868
22.083,3867
22.083,3866
22.083,3865
22.083,3864
22.083,3863
22.083,3862
22.083,3861
22.083,3860
22.083,3859
22.084,3858
22.084,3857
22.084,3856
22.084,3855
22.084,3854
22.084,3853
22.084,3852
22.084,3851
22.084,3850
22.085,3849
22.085,3848
22.085,3847
22.085,3846
22.085,3845
22.085,3844
22.085,3843
22.085,3842
22.085,3841
22.085,3840
22.085,3839
22.085,3838
22.085,3837
22.085,3836
22.085,3835
22.085,3834
22.086,3833
22.086,3832
22.086,3831
22.086,3830
22.086,3829
22.086,3828
22.086,3827
22.086,3826
22.086,3825
22.086,3824
22.086,3823
22.086,3822
22.086,3821
22.086,3820
22.086,3819
22.086,3818
22.086,3817
22.086,3816
22.086,3815
22.087,3814
22.087,3813
22.087,3812
22.087,3811
22.087,3810
22.087,3809
22.087,3808
22.087,3807
22.087,3806
22.087,3805
22.087,3804
22.087,3803
22.087,3802
22.087,3801
22.087,3800
22.088,3799
22.088,3798
22.088,3797
22.088,3796
22.089,3795
22.089,3794
22.089,3793
22.089,3792
22.089,3791
22.089,3790
22.089,3789
22.090,3788
22.090,3787
22.090,3786
22.090,3785
22.090,3784
22.090,3783
22.090,3782
22.090,3781
22.091,3780
22.091,3779
22.091,3778
22.091,3777
22.091,3776
22.091,3775
22.091,3774
22.091,3773
22.092,3772
22.092,3771
22.092,3770
22.092,3769
22.092,3768
22.092,3767
22.092,3766
22.093,3765
22.093,3764
22.093,3763
22.093,3762
22.093,3761
22.093,3760
22.093,3759
22.094,3758
22.094,3757
22.094,3756
22.094,3755
22.094,3754
22.094,3753
22.094,3752
22.095,3751
22.095,3750
22.095,3749
22.095,3748
22.095,3747
22.095,3746
22.095,3745
22.096,3744
22.096,3743
22.096,3742
22.096,3741
22.096,3740
22.096,3739
22.096,3738
22.097,3737
22.097,3736
22.097,3735
22.098,3734
22.098,3733
22.098,3732
22.098,3731
22.098,3730
22.099,3729
22.099,3728
22.099,3727
22.099,3726
22.099,3725
22.099,3724
22.099,3723
22.100,3722
22.100,3721
22.100,3720
22.101,3719
22.101,3718
22.101,3717
22.101,3716
22.101,3715
22.102,3714
22.102,3713
22.102,3712
22.102,3711
22.102,3710
22.102,3709
22.102,3708
22.102,3707
22.102,3706
22.103,3705
22.103,3704
22.103,3703
22.103,3702
22.103,3701
22.104,3700
22.104,3699
22.104,3698
22.104,3697
22.104,3696
22.104,3695
22.104,3694
22.105,3693
22.105,3692
22.105,3691
22.105,3690
22.105,3689
22.105,3688
22.105,3687
22.105,3686
22.105,3685
22.106,3684
22.106,3683
22.106,3682
22.107,3681
22.107,3680
22.107,3679
22.107,3678
22.107,3677
22.107,3676
22.107,3675
22.108,3674
22.108,3673
22.108,3672
22.108,3671
22.108,3670
22.109,3669
22.109,3668
22.109,3667
22.109,3666
22.109,3665
22.109,3664
22.109,3663
22.109,3662
22.109,3661
22.109,3660
22.110,3659
22.110,3658
22.110,3657
22.110,3656
22.110,3655
22.110,3654
22.110,3653
22.111,3652
22.111,3651
22.111,3650
22.111,3649
22.111,3648
22.111,3647
22.112,3646
22.112,3645
22.112,3644
22.112,3643
22.112,3642
22.112,3641
22.112,3640
22.112,3639
22.112,3638
22.113,3637
22.113,3636
22.113,3635
22.114,3634
22.114,3633
22.114,3632
22.114,3631
22.114,3630
22.114,3629
22.114,3628
22.114,3627
22.114,3626
22.114,3625
22.115,3624
22.115,3623
22.115,3622
22.115,3621
22.115,3620
22.115,3619
22.115,3618
22.115,3617
22.115,3616
22.115,3615
22.116,3614
22.116,3613
22.116,3612
22.117,3611
22.117,3610
22.117,3609
22.117,3608
22.117,3607
22.117,3606
22.118,3605
22.118,3604
22.118,3603
22.118,3602
22.118,3601
22.118,3600
22.118,3599
22.119,3598
22.119,3597
22.119,3596
22.119,3595
22.119,3594
22.120,3593
22.120,3592
22.120,3591
22.120,3590
22.120,3589
22.120,3588
22.121,3587
22.121,3586
22.121,3585
22.121,3584
22.121,3583
22.122,3582
22.122,3581
22.122,3580
22.123,3579
22.123,3578
22.123,3577
22.123,3576
22.123,3575
22.123,3574
22.123,3573
22.123,3572
22.124,3571
22.124,3570
22.124,3569
22.124,3568
22.124,3567
22.125,3566
22.125,3565
22.125,3564
22.126,3563
22.126,3562
22.126,3561
22.127,3560
22.127,3559
22.127,3558
22.127,3557
22.128,3556
22.128,3555
22.128,3554
22.128,3553
22.128,3552
22.128,3551
22.128,3550
22.129,3549
22.129,3548
22.129,3547
22.129,3546
22.129,3545
22.129,3544
22.129,3543
22.129,3542
22.130,3541
22.130,3540
22.131,3539
22.131,3538
22.131,3537
22.131,3536
22.131,3535
22.132,3534
22.132,3533
22.132,3532
22.132,3531
22.132,3530
22.132,3529
22.133,3528
22.133,3527
22.133,3526
22.133,3525
22.133,3524
22.133,3523
22.134,3522
22.134,3521
22.134,3520
22.134,3519
22.134,3518
22.134,3517
22.135,3516
22.135,3515
22.135,3514
22.136,3513
22.136,3512
22.136,3511
22.136,3510
22.136,3509
22.136,3508
22.137,3507
22.137,3506
22.137,3505
22.137,3504
22.137,3503
22.137,3502
22.137,3501
22.138,3500
22.138,3499
22.138,3498
22.138,3497
22.138,3496
22.139,3495
22.139,3494
22.139,3493
22.139,3492
22.139,3491
22.139,3490
22.140,3489
22.140,3488
22.141,3487
22.141,3486
22.142,3485
22.143,3484
22.143,3483
22.143,3482
22.143,3481
22.143,3480
22.143,3479
22.143,3478
22.144,3477
22.144,3476
22.144,3475
22.144,3474
22.144,3473
22.145,3472
22.145,3471
22.145,3470
22.145,3469
22.145,3468
22.146,3467
22.146,3466
22.146,3465
22.146,3464
22.147,3463
22.148,3462
22.149,3461
22.149,3460
22.149,3459
22.149,3458
22.150,3457
22.150,3456
22.150,3455
22.150,3454
22.151,3453
22.152,3452
22.152,3451
22.152,3450
22.153,3449
22.153,3448
22.153,3447
22.153,3446
22.154,3445
22.154,3444
22.154,3443
22.154,3442
22.155,3441
22.155,3440
22.155,3439
22.156,3438
22.156,3437
22.156,3436
22.157,3435
22.157,3434
22.158,3433
22.158,3432
22.159,3431
22.159,3430
22.159,3429
22.160,3428
22.160,3427
22.162,3426
22.162,3425
22.163,3424
22.163,3423
22.163,3422
22.164,3421
22.164,3420
22.165,3419
22.165,3418
22.166,3417
22.166,3416
22.167,3415
22.168,3414
22.168,3413
22.168,3412
22.169,3411
22.169,3410
22.170,3409
22.170,3408
22.170,3407
22.172,3406
22.173,3405
22.173,3404
22.174,3403
22.175,3402
22.175,3401
22.175,3400
22.176,3399
22.177,3398
22.177,3397
22.178,3396
22.178,3395
22.178,3394
22.178,3393
22.179,3392
22.179,3391
22.179,3390
22.179,3389
22.179,3388
22.181,3387
22.182,3386
22.182,3385
22.183,3384
22.183,3383
22.184,3382
22.185,3381
22.186,3380
22.186,3379
22.186,3378
22.187,3377
22.187,3376
22.188,3375
22.193,3374
22.193,3373
22.195,3372
22.197,3371
22.198,3370
22.199,3369
22.199,3368
22.200,3367
22.201,3366
22.202,3365
22.203,3364
22.205,3363
22.206,3362
22.208,3361
22.208,3360
22.209,3359
22.210,3358
22.211,3357
22.212,3356
22.216,3355
22.216,3354
22.216,3353
22.218,3352
22.221,3351
22.221,3350
22.222,3349
22.222,3348
22.223,3347
22.223,3346
22.224,3345
22.225,3344
22.227,3343
22.231,3342
22.233,3341
22.234,3340
22.238,3339
22.239,3338
22.242,3337
22.242,3336
22.242,3335
22.246,3334
22.248,3333
22.249,3332
22.253,3331
22.258,3330
22.259,3329
22.259,3328
22.261,3327
22.262,3326
22.263,3325
22.265,3324
22.266,3323
22.270,3322
22.271,3321
22.272,3320
22.276,3319
22.283,3318
22.286,3317
22.287,3316
22.294,3315
22.309,3314
