2.574,6006
21.037,6005
21.038,6004
21.038,6003
21.038,6002
21.038,6001
21.039,6000
21.039,5999
21.039,5998
21.039,5997
21.040,5996
21.040,5995
21.040,5994
21.041,5993
21.041,5992
21.041,5991
21.041,5990
21.042,5989
21.042,5988
21.042,5987
21.043,5986
21.043,5985
21.043,5984
21.043,5983
21.043,5982
21.043,5981
21.044,5980
21.044,5979
21.044,5978
21.044,5977
21.044,5976
21.045,5975
21.045,5974
21.045,5973
21.045,5972
21.045,5971
21.045,5970
21.045,5969
21.046,5968
21.046,5967
21.046,5966
21.046,5965
21.046,5964
21.046,5963
21.047,5962
21.047,5961
21.047,5960
21.047,5959
21.047,5958
21.047,5957
21.047,5956
21.047,5955
21.048,5954
21.048,5953
21.048,5952
21.048,5951
21.048,5950
21.048,5949
21.048,5948
21.048,5947
21.049,5946
21.049,5945
21.049,5944
21.049,5943
21.049,5942
21.049,5941
21.049,5940
21.050,5939
21.050,5938
21.050,5937
21.050,5936
21.050,5935
21.050,5934
21.050,5933
21.050,5932
21.051,5931
21.051,5930
21.051,5929
21.051,5928
21.051,5927
21.051,5926
21.051,5925
21.051,5924
21.052,5923
21.052,5922
21.052,5921
21.052,5920
21.052,5919
21.052,5918
21.052,5917
21.052,5916
21.053,5915
21.053,5914
21.053,5913
21.053,5912
21.053,5911
21.053,5910
21.053,5909
21.053,5908
21.053,5907
21.054,5906
21.054,5905
21.054,5904
21.054,5903
21.054,5902
21.054,5901
21.054,5900
21.054,5899
21.055,5898
21.055,5897
21.055,5896
21.055,5895
21.055,5894
21.055,5893
21.055,5892
21.056,5891
21.056,5890
21.056,5889
21.056,5888
21.056,5887
21.057,5886
21.057,5885
21.057,5884
21.057,5883
21.057,5882
21.057,5881
21.057,5880
21.057,5879
21.058,5878
21.058,5877
21.058,5876
21.058,5875
21.058,5874
21.058,5873
21.058,5872
21.058,5871
21.058,5870
21.058,5869
21.058,5868
21.058,5867
21.059,5866
21.059,5865
21.059,5864
21.059,5863
21.059,5862
21.059,5861
21.059,5860
21.059,5859
21.059,5858
21.059,5857
21.059,5856
21.059,5855
21.059,5854
21.059,5853
21.059,5852
21.059,5851
21.060,5850
21.060,5849
21.060,5848
21.060,5847
21.060,5846
21.060,5845
21.060,5844
21.060,5843
21.060,5842
21.060,5841
21.060,5840
21.060,5839
21.060,5838
21.061,5837
21.061,5836
21.061,5835
21.061,5834
21.061,5833
21.061,5832
21.061,5831
21.061,5830
21.061,5829
21.061,5828
21.061,5827
21.062,5826
21.062,5825
21.062,5824
21.062,5823
21.062,5822
21.062,5821
21.062,5820
21.062,5819
21.062,5818
21.062,5817
21.062,5816
21.062,5815
21.063,5814
21.063,5813
21.063,5812
21.063,5811
21.063,5810
21.063,5809
21.064,5808
21.064,5807
21.064,5806
21.064,5805
21.064,5804
21.064,5803
21.064,5802
21.064,5801
21.064,5800
21.064,5799
21.064,5798
21.064,5797
21.064,5796
21.064,5795
21.064,5794
21.064,5793
21.065,5792
21.065,5791
21.065,5790
21.065,5789
21.065,5788
21.065,5787
21.065,5786
21.065,5785
21.065,5784
21.065,5783
21.065,5782
21.065,5781
21.065,5780
21.065,5779
21.065,5778
21.066,5777
21.066,5776
21.066,5775
21.066,5774
21.066,5773
21.066,5772
21.066,5771
21.066,5770
21.066,5769
21.066,5768
21.066,5767
21.066,5766
21.066,5765
21.066,5764
21.067,5763
21.067,5762
21.067,5761
21.067,5760
21.067,5759
21.067,5758
21.067,5757
21.067,5756
21.067,5755
21.067,5754
21.067,5753
21.067,5752
21.067,5751
21.068,5750
21.068,5749
21.068,5748
21.068,5747
21.068,5746
21.068,5745
21.068,5744
21.068,5743
21.068,5742
21.068,5741
21.068,5740
21.068,5739
21.068,5738
21.068,5737
21.068,5736
21.068,5735
21.069,5734
21.069,5733
21.069,5732
21.069,5731
21.069,5730
21.069,5729
21.069,5728
21.069,5727
21.069,5726
21.069,5725
21.069,5724
21.069,5723
21.069,5722
21.069,5721
21.069,5720
21.069,5719
21.069,5718
21.069,5717
21.069,5716
21.069,5715
21.070,5714
21.070,5713
21.070,5712
21.070,5711
21.070,5710
21.070,5709
21.070,5708
21.070,5707
21.070,5706
21.070,5705
21.070,5704
21.070,5703
21.070,5702
21.070,5701
21.070,5700
21.070,5699
21.071,5698
21.071,5697
21.071,5696
21.071,5695
21.071,5694
21.071,5693
21.071,5692
21.071,5691
21.071,5690
21.071,5689
21.071,5688
21.071,5687
21.071,5686
21.071,5685
21.071,5684
21.071,5683
21.071,5682
21.072,5681
21.072,5680
21.072,5679
21.072,5678
21.072,5677
21.072,5676
21.072,5675
21.072,5674
21.072,5673
21.072,5672
21.072,5671
21.072,5670
21.072,5669
21.072,5668
21.072,5667
21.072,5666
21.072,5665
21.072,5664
21.072,5663
21.073,5662
21.073,5661
21.073,5660
21.073,5659
21.074,5658
21.074,5657
21.074,5656
21.074,5655
21.074,5654
21.074,5653
21.074,5652
21.074,5651
21.074,5650
21.074,5649
21.074,5648
21.074,5647
21.074,5646
21.075,5645
21.075,5644
21.075,5643
21.075,5642
21.075,5641
21.075,5640
21.075,5639
21.075,5638
21.075,5637
21.075,5636
21.075,5635
21.075,5634
21.075,5633
21.075,5632
21.075,5631
21.075,5630
21.075,5629
21.075,5628
21.075,5627
21.075,5626
21.075,5625
21.076,5624
21.076,5623
21.076,5622
21.076,5621
21.076,5620
21.076,5619
21.076,5618
21.076,5617
21.077,5616
21.077,5615
21.077,5614
21.077,5613
21.077,5612
21.077,5611
21.077,5610
21.077,5609
21.077,5608
21.077,5607
21.077,5606
21.077,5605
21.077,5604
21.077,5603
21.077,5602
21.077,5601
21.077,5600
21.077,5599
21.077,5598
21.077,5597
21.077,5596
21.078,5595
21.078,5594
21.078,5593
21.078,5592
21.078,5591
21.078,5590
21.078,5589
21.078,5588
21.078,5587
21.078,5586
21.078,5585
21.078,5584
21.078,5583
21.078,5582
21.078,5581
21.078,5580
21.078,5579
21.078,5578
21.078,5577
21.078,5576
21.078,5575
21.078,5574
21.078,5573
21.079,5572
21.079,5571
21.079,5570
21.079,5569
21.079,5568
21.079,5567
21.079,5566
21.079,5565
21.079,5564
21.079,5563
21.079,5562
21.079,5561
21.079,5560
21.079,5559
21.079,5558
21.079,5557
21.079,5556
21.079,5555
21.079,5554
21.079,5553
21.079,5552
21.079,5551
21.079,5550
21.079,5549
21.079,5548
21.080,5547
21.080,5546
21.080,5545
21.080,5544
21.080,5543
21.080,5542
21.080,5541
21.080,5540
21.080,5539
21.080,5538
21.080,5537
21.080,5536
21.080,5535
21.080,5534
21.080,5533
21.080,5532
21.080,5531
21.080,5530
21.080,5529
21.080,5528
21.080,5527
21.080,5526
21.080,5525
21.080,5524
21.081,5523
21.081,5522
21.081,5521
21.081,5520
21.081,5519
21.081,5518
21.081,5517
21.081,5516
21.081,5515
21.081,5514
21.081,5513
21.081,5512
21.081,5511
21.081,5510
21.081,5509
21.081,5508
21.081,5507
21.081,5506
21.081,5505
21.081,5504
21.081,5503
21.081,5502
21.082,5501
21.082,5500
21.082,5499
21.082,5498
21.082,5497
21.082,5496
21.082,5495
21.082,5494
21.082,5493
21.082,5492
21.082,5491
21.082,5490
21.082,5489
21.082,5488
21.082,5487
21.083,5486
21.083,5485
21.083,5484
21.083,5483
21.083,5482
21.083,5481
21.083,5480
21.083,5479
21.083,5478
21.083,5477
21.083,5476
21.083,5475
21.083,5474
21.083,5473
21.083,5472
21.083,5471
21.083,5470
21.083,5469
21.083,5468
21.083,5467
21.083,5466
21.083,5465
21.083,5464
21.083,5463
21.083,5462
21.083,5461
21.084,5460
21.084,5459
21.084,5458
21.084,5457
21.084,5456
21.084,5455
21.084,5454
21.084,5453
21.084,5452
21.084,5451
21.084,5450
21.084,5449
21.084,5448
21.084,5447
21.084,5446
21.084,5445
21.084,5444
21.084,5443
21.084,5442
21.084,5441
21.084,5440
21.084,5439
21.084,5438
21.084,5437
21.084,5436
21.084,5435
21.084,5434
21.084,5433
21.084,5432
21.084,5431
21.084,5430
21.084,5429
21.084,5428
21.085,5427
21.085,5426
21.085,5425
21.085,5424
21.085,5423
21.085,5422
21.085,5421
21.085,5420
21.085,5419
21.085,5418
21.085,5417
21.085,5416
21.085,5415
21.085,5414
21.085,5413
21.085,5412
21.085,5411
21.085,5410
21.085,5409
21.085,5408
21.085,5407
21.085,5406
21.085,5405
21.085,5404
21.085,5403
21.085,5402
21.085,5401
21.085,5400
21.085,5399
21.086,5398
21.086,5397
21.086,5396
21.086,5395
21.086,5394
21.086,5393
21.086,5392
21.086,5391
21.086,5390
21.086,5389
21.086,5388
21.086,5387
21.086,5386
21.086,5385
21.086,5384
21.086,5383
21.086,5382
21.086,5381
21.086,5380
21.086,5379
21.086,5378
21.086,5377
21.086,5376
21.087,5375
21.087,5374
21.087,5373
21.087,5372
21.087,5371
21.087,5370
21.087,5369
21.087,5368
21.087,5367
21.087,5366
21.087,5365
21.087,5364
21.087,5363
21.087,5362
21.088,5361
21.088,5360
21.088,5359
21.088,5358
21.088,5357
21.088,5356
21.088,5355
21.088,5354
21.088,5353
21.088,5352
21.088,5351
21.088,5350
21.088,5349
21.088,5348
21.088,5347
21.088,5346
21.088,5345
21.088,5344
21.088,5343
21.088,5342
21.088,5341
21.088,5340
21.088,5339
21.088,5338
21.088,5337
21.088,5336
21.088,5335
21.088,5334
21.088,5333
21.088,5332
21.088,5331
21.088,5330
21.089,5329
21.089,5328
21.089,5327
21.089,5326
21.089,5325
21.089,5324
21.089,5323
21.089,5322
21.089,5321
21.089,5320
21.089,5319
21.089,5318
21.089,5317
21.089,5316
21.089,5315
21.089,5314
21.089,5313
21.089,5312
21.089,5311
21.089,5310
21.089,5309
21.089,5308
21.090,5307
21.090,5306
21.090,5305
21.090,5304
21.090,5303
21.090,5302
21.090,5301
21.090,5300
21.090,5299
21.090,5298
21.090,5297
21.090,5296
21.090,5295
21.090,5294
21.090,5293
21.090,5292
21.090,5291
21.090,5290
21.090,5289
21.090,5288
21.090,5287
21.090,5286
21.090,5285
21.090,5284
21.090,5283
21.090,5282
21.090,5281
21.090,5280
21.090,5279
21.090,5278
21.090,5277
21.091,5276
21.091,5275
21.091,5274
21.091,5273
21.091,5272
21.091,5271
21.091,5270
21.091,5269
21.091,5268
21.091,5267
21.091,5266
21.091,5265
21.091,5264
21.091,5263
21.091,5262
21.091,5261
21.091,5260
21.091,5259
21.091,5258
21.091,5257
21.091,5256
21.091,5255
21.091,5254
21.091,5253
21.091,5252
21.091,5251
21.091,5250
21.091,5249
21.091,5248
21.091,5247
21.091,5246
21.091,5245
21.091,5244
21.092,5243
21.092,5242
21.092,5241
21.092,5240
21.092,5239
21.092,5238
21.092,5237
21.092,5236
21.092,5235
21.092,5234
21.092,5233
21.092,5232
21.092,5231
21.092,5230
21.092,5229
21.092,5228
21.092,5227
21.092,5226
21.092,5225
21.092,5224
21.092,5223
21.092,5222
21.092,5221
21.092,5220
21.092,5219
21.092,5218
21.092,5217
21.092,5216
21.092,5215
21.092,5214
21.092,5213
21.092,5212
21.093,5211
21.093,5210
21.093,5209
21.093,5208
21.093,5207
21.093,5206
21.093,5205
21.093,5204
21.093,5203
21.093,5202
21.093,5201
21.093,5200
21.093,5199
21.093,5198
21.093,5197
21.093,5196
21.093,5195
21.093,5194
21.093,5193
21.093,5192
21.093,5191
21.093,5190
21.093,5189
21.093,5188
21.093,5187
21.093,5186
21.093,5185
21.093,5184
21.093,5183
21.093,5182
21.093,5181
21.093,5180
21.093,5179
21.093,5178
21.093,5177
21.093,5176
21.093,5175
21.094,5174
21.094,5173
21.094,5172
21.094,5171
21.094,5170
21.094,5169
21.094,5168
21.094,5167
21.094,5166
21.094,5165
21.094,5164
21.094,5163
21.094,5162
21.094,5161
21.094,5160
21.094,5159
21.095,5158
21.095,5157
21.095,5156
21.095,5155
21.095,5154
21.095,5153
21.095,5152
21.095,5151
21.095,5150
21.095,5149
21.095,5148
21.095,5147
21.095,5146
21.095,5145
21.095,5144
21.095,5143
21.096,5142
21.096,5141
21.096,5140
21.096,5139
21.096,5138
21.096,5137
21.096,5136
21.096,5135
21.096,5134
21.096,5133
21.096,5132
21.096,5131
21.096,5130
21.096,5129
21.096,5128
21.096,5127
21.096,5126
21.096,5125
21.096,5124
21.096,5123
21.096,5122
21.097,5121
21.097,5120
21.097,5119
21.097,5118
21.097,5117
21.097,5116
21.097,5115
21.097,5114
21.097,5113
21.097,5112
21.097,5111
21.097,5110
21.097,5109
21.097,5108
21.097,5107
21.097,5106
21.097,5105
21.097,5104
21.098,5103
21.098,5102
21.098,5101
21.098,5100
21.098,5099
21.098,5098
21.098,5097
21.098,5096
21.098,5095
21.098,5094
21.098,5093
21.098,5092
21.098,5091
21.098,5090
21.099,5089
21.099,5088
21.099,5087
21.099,5086
21.099,5085
21.099,5084
21.099,5083
21.099,5082
21.099,5081
21.099,5080
21.099,5079
21.099,5078
21.099,5077
21.100,5076
21.100,5075
21.100,5074
21.100,5073
21.100,5072
21.100,5071
21.100,5070
21.100,5069
21.100,5068
21.100,5067
21.100,5066
21.100,5065
21.100,5064
21.100,5063
21.100,5062
21.100,5061
21.100,5060
21.101,5059
21.101,5058
21.101,5057
21.101,5056
21.101,5055
21.101,5054
21.101,5053
21.101,5052
21.101,5051
21.101,5050
21.101,5049
21.101,5048
21.101,5047
21.101,5046
21.101,5045
21.102,5044
21.102,5043
21.102,5042
21.102,5041
21.102,5040
21.102,5039
21.102,5038
21.102,5037
21.102,5036
21.102,5035
21.102,5034
21.102,5033
21.102,5032
21.102,5031
21.102,5030
21.102,5029
21.102,5028
21.102,5027
21.102,5026
21.102,5025
21.102,5024
21.103,5023
21.103,5022
21.103,5021
21.103,5020
21.103,5019
21.103,5018
21.103,5017
21.103,5016
21.103,5015
21.103,5014
21.103,5013
21.103,5012
21.103,5011
21.103,5010
21.103,5009
21.103,5008
21.103,5007
21.103,5006
21.103,5005
21.104,5004
21.104,5003
21.104,5002
21.104,5001
21.104,5000
21.104,4999
21.104,4998
21.104,4997
21.104,4996
21.104,4995
21.104,4994
21.104,4993
21.104,4992
21.104,4991
21.104,4990
21.104,4989
21.104,4988
21.104,4987
21.104,4986
21.104,4985
21.105,4984
21.105,4983
21.105,4982
21.105,4981
21.105,4980
21.105,4979
21.105,4978
21.105,4977
21.105,4976
21.105,4975
21.105,4974
21.105,4973
21.105,4972
21.105,4971
21.105,4970
21.105,4969
21.105,4968
21.105,4967
21.106,4966
21.106,4965
21.106,4964
21.106,4963
21.106,4962
21.106,4961
21.106,4960
21.106,4959
21.106,4958
21.106,4957
21.106,4956
21.107,4955
21.107,4954
21.107,4953
21.107,4952
21.107,4951
21.107,4950
21.107,4949
21.107,4948
21.107,4947
21.107,4946
21.107,4945
21.107,4944
21.107,4943
21.107,4942
21.108,4941
21.108,4940
21.108,4939
21.108,4938
21.108,4937
21.108,4936
21.108,4935
21.108,4934
21.108,4933
21.108,4932
21.108,4931
21.108,4930
21.108,4929
21.108,4928
21.108,4927
21.108,4926
21.108,4925
21.108,4924
21.108,4923
21.109,4922
21.109,4921
21.109,4920
21.109,4919
21.109,4918
21.109,4917
21.109,4916
21.109,4915
21.109,4914
21.109,4913
21.109,4912
21.109,4911
21.109,4910
21.109,4909
21.109,4908
21.109,4907
21.109,4906
21.109,4905
21.109,4904
21.110,4903
21.110,4902
21.110,4901
21.110,4900
21.110,4899
21.110,4898
21.110,4897
21.110,4896
21.110,4895
21.110,4894
21.110,4893
21.110,4892
21.110,4891
21.110,4890
21.110,4889
21.110,4888
21.111,4887
21.111,4886
21.111,4885
21.111,4884
21.111,4883
21.111,4882
21.111,4881
21.111,4880
21.111,4879
21.111,4878
21.111,4877
21.111,4876
21.111,4875
21.112,4874
21.112,4873
21.112,4872
21.112,4871
21.112,4870
21.112,4869
21.112,4868
21.112,4867
21.112,4866
21.112,4865
21.112,4864
21.112,4863
21.112,4862
21.112,4861
21.112,4860
21.112,4859
21.112,4858
21.113,4857
21.113,4856
21.113,4855
21.113,4854
21.113,4853
21.113,4852
21.113,4851
21.113,4850
21.113,4849
21.113,4848
21.113,4847
21.113,4846
21.113,4845
21.113,4844
21.113,4843
21.113,4842
21.113,4841
21.114,4840
21.114,4839
21.114,4838
21.114,4837
21.114,4836
21.114,4835
21.114,4834
21.114,4833
21.114,4832
21.114,4831
21.114,4830
21.114,4829
21.114,4828
21.114,4827
21.114,4826
21.114,4825
21.114,4824
21.114,4823
21.115,4822
21.115,4821
21.115,4820
21.115,4819
21.115,4818
21.115,4817
21.115,4816
21.115,4815
21.115,4814
21.115,4813
21.115,4812
21.115,4811
21.115,4810
21.115,4809
21.115,4808
21.115,4807
21.115,4806
21.115,4805
21.115,4804
21.116,4803
21.116,4802
21.116,4801
21.116,4800
21.116,4799
21.116,4798
21.116,4797
21.116,4796
21.116,4795
21.116,4794
21.116,4793
21.116,4792
21.116,4791
21.116,4790
21.116,4789
21.116,4788
21.116,4787
21.116,4786
21.117,4785
21.117,4784
21.117,4783
21.117,4782
21.117,4781
21.117,4780
21.117,4779
21.117,4778
21.117,4777
21.117,4776
21.117,4775
21.117,4774
21.117,4773
21.117,4772
21.117,4771
21.118,4770
21.118,4769
21.118,4768
21.118,4767
21.118,4766
21.118,4765
21.118,4764
21.118,4763
21.118,4762
21.118,4761
21.118,4760
21.118,4759
21.119,4758
21.119,4757
21.119,4756
21.119,4755
21.119,4754
21.119,4753
21.119,4752
21.119,4751
21.119,4750
21.119,4749
21.119,4748
21.119,4747
21.119,4746
21.120,4745
21.120,4744
21.120,4743
21.120,4742
21.120,4741
21.120,4740
21.121,4739
21.121,4738
21.121,4737
21.121,4736
21.121,4735
21.121,4734
21.121,4733
21.121,4732
21.121,4731
21.121,4730
21.121,4729
21.121,4728
21.121,4727
21.121,4726
21.121,4725
21.121,4724
21.122,4723
21.122,4722
21.122,4721
21.122,4720
21.122,4719
21.122,4718
21.122,4717
21.122,4716
21.122,4715
21.122,4714
21.122,4713
21.122,4712
21.122,4711
21.122,4710
21.122,4709
21.122,4708
21.123,4707
21.123,4706
21.123,4705
21.123,4704
21.123,4703
21.123,4702
21.123,4701
21.123,4700
21.123,4699
21.123,4698
21.123,4697
21.123,4696
21.123,4695
21.123,4694
21.123,4693
21.124,4692
21.124,4691
21.124,4690
21.124,4689
21.124,4688
21.124,4687
21.124,4686
21.124,4685
21.124,4684
21.124,4683
21.124,4682
21.124,4681
21.124,4680
21.124,4679
21.124,4678
21.125,4677
21.125,4676
21.125,4675
21.125,4674
21.125,4673
21.125,4672
21.125,4671
21.125,4670
21.125,4669
21.125,4668
21.125,4667
21.125,4666
21.125,4665
21.125,4664
21.125,4663
21.125,4662
21.126,4661
21.126,4660
21.126,4659
21.126,4658
21.126,4657
21.126,4656
21.126,4655
21.126,4654
21.126,4653
21.126,4652
21.126,4651
21.126,4650
21.126,4649
21.126,4648
21.126,4647
21.126,4646
21.126,4645
21.126,4644
21.127,4643
21.127,4642
21.127,4641
21.127,4640
21.127,4639
21.127,4638
21.127,4637
21.127,4636
21.127,4635
21.127,4634
21.127,4633
21.127,4632
21.127,4631
21.127,4630
21.127,4629
21.127,4628
21.127,4627
21.127,4626
21.127,4625
21.128,4624
21.128,4623
21.128,4622
21.128,4621
21.128,4620
21.128,4619
21.128,4618
21.128,4617
21.128,4616
21.128,4615
21.128,4614
21.128,4613
21.128,4612
21.128,4611
21.128,4610
21.128,4609
21.128,4608
21.128,4607
21.129,4606
21.129,4605
21.129,4604
21.129,4603
21.129,4602
21.129,4601
21.129,4600
21.129,4599
21.129,4598
21.129,4597
21.129,4596
21.129,4595
21.129,4594
21.129,4593
21.129,4592
21.129,4591
21.129,4590
21.129,4589
21.129,4588
21.130,4587
21.130,4586
21.130,4585
21.130,4584
21.130,4583
21.130,4582
21.130,4581
21.130,4580
21.130,4579
21.130,4578
21.130,4577
21.130,4576
21.130,4575
21.130,4574
21.130,4573
21.131,4572
21.131,4571
21.131,4570
21.131,4569
21.131,4568
21.131,4567
21.131,4566
21.131,4565
21.131,4564
21.131,4563
21.131,4562
21.131,4561
21.131,4560
21.131,4559
21.131,4558
21.132,4557
21.132,4556
21.132,4555
21.132,4554
21.132,4553
21.132,4552
21.132,4551
21.132,4550
21.132,4549
21.132,4548
21.132,4547
21.132,4546
21.132,4545
21.132,4544
21.132,4543
21.132,4542
21.133,4541
21.133,4540
21.133,4539
21.133,4538
21.133,4537
21.133,4536
21.133,4535
21.133,4534
21.133,4533
21.133,4532
21.133,4531
21.133,4530
21.133,4529
21.133,4528
21.133,4527
21.133,4526
21.133,4525
21.134,4524
21.134,4523
21.134,4522
21.134,4521
21.134,4520
21.134,4519
21.134,4518
21.134,4517
21.134,4516
21.134,4515
21.134,4514
21.134,4513
21.134,4512
21.135,4511
21.135,4510
21.135,4509
21.135,4508
21.135,4507
21.135,4506
21.135,4505
21.135,4504
21.135,4503
21.135,4502
21.135,4501
21.135,4500
21.135,4499
21.135,4498
21.135,4497
21.135,4496
21.135,4495
21.135,4494
21.136,4493
21.136,4492
21.136,4491
21.136,4490
21.136,4489
21.136,4488
21.136,4487
21.136,4486
21.136,4485
21.136,4484
21.136,4483
21.136,4482
21.136,4481
21.136,4480
21.136,4479
21.137,4478
21.137,4477
21.137,4476
21.137,4475
21.137,4474
21.137,4473
21.137,4472
21.137,4471
21.137,4470
21.137,4469
21.137,4468
21.137,4467
21.137,4466
21.137,4465
21.137,4464
21.138,4463
21.138,4462
21.138,4461
21.138,4460
21.138,4459
21.138,4458
21.138,4457
21.138,4456
21.138,4455
21.138,4454
21.138,4453
21.138,4452
21.138,4451
21.138,4450
21.139,4449
21.139,4448
21.139,4447
21.139,4446
21.139,4445
21.139,4444
21.139,4443
21.139,4442
21.139,4441
21.139,4440
21.139,4439
21.139,4438
21.139,4437
21.139,4436
21.139,4435
21.139,4434
21.139,4433
21.139,4432
21.140,4431
21.140,4430
21.140,4429
21.140,4428
21.140,4427
21.140,4426
21.140,4425
21.140,4424
21.140,4423
21.140,4422
21.140,4421
21.140,4420
21.140,4419
21.140,4418
21.140,4417
21.140,4416
21.140,4415
21.141,4414
21.141,4413
21.141,4412
21.141,4411
21.141,4410
21.141,4409
21.141,4408
21.141,4407
21.141,4406
21.141,4405
21.141,4404
21.141,4403
21.141,4402
21.141,4401
21.142,4400
21.142,4399
21.142,4398
21.142,4397
21.142,4396
21.142,4395
21.142,4394
21.142,4393
21.142,4392
21.142,4391
21.142,4390
21.142,4389
21.142,4388
21.142,4387
21.142,4386
21.142,4385
21.143,4384
21.143,4383
21.143,4382
21.143,4381
21.143,4380
21.143,4379
21.143,4378
21.143,4377
21.143,4376
21.143,4375
21.143,4374
21.143,4373
21.143,4372
21.143,4371
21.143,4370
21.143,4369
21.143,4368
21.144,4367
21.144,4366
21.144,4365
21.144,4364
21.144,4363
21.144,4362
21.144,4361
21.144,4360
21.144,4359
21.144,4358
21.144,4357
21.144,4356
21.144,4355
21.144,4354
21.144,4353
21.144,4352
21.144,4351
21.145,4350
21.145,4349
21.145,4348
21.145,4347
21.145,4346
21.145,4345
21.145,4344
21.145,4343
21.145,4342
21.145,4341
21.145,4340
21.145,4339
21.145,4338
21.145,4337
21.145,4336
21.145,4335
21.145,4334
21.145,4333
21.145,4332
21.146,4331
21.146,4330
21.146,4329
21.146,4328
21.146,4327
21.146,4326
21.146,4325
21.146,4324
21.146,4323
21.146,4322
21.146,4321
21.146,4320
21.146,4319
21.146,4318
21.146,4317
21.146,4316
21.146,4315
21.147,4314
21.147,4313
21.147,4312
21.147,4311
21.147,4310
21.147,4309
21.147,4308
21.147,4307
21.147,4306
21.147,4305
21.147,4304
21.147,4303
21.147,4302
21.147,4301
21.147,4300
21.147,4299
21.148,4298
21.148,4297
21.148,4296
21.148,4295
21.148,4294
21.148,4293
21.148,4292
21.148,4291
21.148,4290
21.148,4289
21.148,4288
21.148,4287
21.148,4286
21.148,4285
21.149,4284
21.149,4283
21.149,4282
21.149,4281
21.149,4280
21.149,4279
21.149,4278
21.149,4277
21.149,4276
21.149,4275
21.149,4274
21.149,4273
21.149,4272
21.149,4271
21.150,4270
21.150,4269
21.150,4268
21.150,4267
21.150,4266
21.150,4265
21.150,4264
21.150,4263
21.150,4262
21.150,4261
21.150,4260
21.150,4259
21.150,4258
21.150,4257
21.150,4256
21.150,4255
21.150,4254
21.151,4253
21.151,4252
21.151,4251
21.151,4250
21.151,4249
21.151,4248
21.151,4247
21.151,4246
21.151,4245
21.151,4244
21.151,4243
21.151,4242
21.151,4241
21.151,4240
21.151,4239
21.151,4238
21.151,4237
21.151,4236
21.151,4235
21.151,4234
21.151,4233
21.152,4232
21.152,4231
21.152,4230
21.152,4229
21.152,4228
21.152,4227
21.152,4226
21.152,4225
21.152,4224
21.152,4223
21.152,4222
21.152,4221
21.152,4220
21.152,4219
21.152,4218
21.152,4217
21.152,4216
21.152,4215
21.153,4214
21.153,4213
21.153,4212
21.153,4211
21.153,4210
21.153,4209
21.153,4208
21.153,4207
21.153,4206
21.153,4205
21.153,4204
21.153,4203
21.153,4202
21.153,4201
21.153,4200
21.153,4199
21.154,4198
21.154,4197
21.154,4196
21.154,4195
21.154,4194
21.154,4193
21.154,4192
21.154,4191
21.154,4190
21.154,4189
21.154,4188
21.154,4187
21.154,4186
21.154,4185
21.154,4184
21.154,4183
21.154,4182
21.154,4181
21.154,4180
21.154,4179
21.155,4178
21.155,4177
21.155,4176
21.155,4175
21.155,4174
21.155,4173
21.155,4172
21.155,4171
21.155,4170
21.155,4169
21.155,4168
21.155,4167
21.155,4166
21.155,4165
21.155,4164
21.155,4163
21.155,4162
21.156,4161
21.156,4160
21.156,4159
21.156,4158
21.156,4157
21.156,4156
21.156,4155
21.156,4154
21.156,4153
21.156,4152
21.156,4151
21.156,4150
21.156,4149
21.156,4148
21.156,4147
21.157,4146
21.157,4145
21.157,4144
21.157,4143
21.157,4142
21.157,4141
21.157,4140
21.157,4139
21.157,4138
21.157,4137
21.157,4136
21.157,4135
21.157,4134
21.157,4133
21.157,4132
21.157,4131
21.157,4130
21.157,4129
21.157,4128
21.157,4127
21.158,4126
21.158,4125
21.158,4124
21.158,4123
21.158,4122
21.158,4121
21.158,4120
21.158,4119
21.158,4118
21.158,4117
21.158,4116
21.159,4115
21.159,4114
21.159,4113
21.159,4112
21.159,4111
21.159,4110
21.159,4109
21.159,4108
21.159,4107
21.159,4106
21.159,4105
21.159,4104
21.159,4103
21.159,4102
21.159,4101
21.159,4100
21.159,4099
21.159,4098
21.159,4097
21.159,4096
21.160,4095
21.160,4094
21.160,4093
21.160,4092
21.160,4091
21.160,4090
21.160,4089
21.160,4088
21.160,4087
21.160,4086
21.160,4085
21.160,4084
21.160,4083
21.160,4082
21.160,4081
21.160,4080
21.161,4079
21.161,4078
21.161,4077
21.161,4076
21.161,4075
21.161,4074
21.161,4073
21.161,4072
21.161,4071
21.161,4070
21.161,4069
21.161,4068
21.161,4067
21.161,4066
21.161,4065
21.161,4064
21.161,4063
21.161,4062
21.161,4061
21.161,4060
21.161,4059
21.162,4058
21.162,4057
21.162,4056
21.162,4055
21.162,4054
21.162,4053
21.162,4052
21.162,4051
21.162,4050
21.162,4049
21.162,4048
21.162,4047
21.162,4046
21.162,4045
21.162,4044
21.162,4043
21.162,4042
21.162,4041
21.162,4040
21.162,4039
21.162,4038
21.163,4037
21.163,4036
21.163,4035
21.163,4034
21.163,4033
21.163,4032
21.163,4031
21.163,4030
21.163,4029
21.163,4028
21.163,4027
21.163,4026
21.163,4025
21.163,4024
21.163,4023
21.163,4022
21.163,4021
21.164,4020
21.164,4019
21.164,4018
21.164,4017
21.164,4016
21.164,4015
21.164,4014
21.164,4013
21.164,4012
21.164,4011
21.164,4010
21.164,4009
21.164,4008
21.164,4007
21.164,4006
21.164,4005
21.164,4004
21.165,4003
21.165,4002
21.165,4001
21.165,4000
21.165,3999
21.165,3998
21.165,3997
21.165,3996
21.165,3995
21.165,3994
21.165,3993
21.165,3992
21.165,3991
21.165,3990
21.165,3989
21.165,3988
21.165,3987
21.166,3986
21.166,3985
21.166,3984
21.166,3983
21.166,3982
21.166,3981
21.166,3980
21.166,3979
21.166,3978
21.166,3977
21.166,3976
21.166,3975
21.166,3974
21.166,3973
21.166,3972
21.166,3971
21.166,3970
21.166,3969
21.167,3968
21.167,3967
21.167,3966
21.167,3965
21.167,3964
21.167,3963
21.167,3962
21.167,3961
21.167,3960
21.168,3959
21.168,3958
21.168,3957
21.168,3956
21.168,3955
21.168,3954
21.168,3953
21.168,3952
21.168,3951
21.168,3950
21.168,3949
21.168,3948
21.168,3947
21.168,3946
21.169,3945
21.169,3944
21.169,3943
21.169,3942
21.169,3941
21.169,3940
21.169,3939
21.169,3938
21.169,3937
21.169,3936
21.170,3935
21.170,3934
21.170,3933
21.170,3932
21.170,3931
21.170,3930
21.170,3929
21.170,3928
21.170,3927
21.170,3926
21.170,3925
21.170,3924
21.170,3923
21.170,3922
21.170,3921
21.170,3920
21.170,3919
21.170,3918
21.171,3917
21.171,3916
21.171,3915
21.171,3914
21.171,3913
21.171,3912
21.171,3911
21.171,3910
21.171,3909
21.171,3908
21.171,3907
21.171,3906
21.171,3905
21.172,3904
21.172,3903
21.172,3902
21.172,3901
21.172,3900
21.172,3899
21.172,3898
21.172,3897
21.172,3896
21.172,3895
21.172,3894
21.172,3893
21.172,3892
21.172,3891
21.172,3890
21.172,3889
21.172,3888
21.173,3887
21.173,3886
21.173,3885
21.173,3884
21.173,3883
21.173,3882
21.173,3881
21.173,3880
21.173,3879
21.173,3878
21.173,3877
21.173,3876
21.173,3875
21.173,3874
21.173,3873
21.174,3872
21.174,3871
21.174,3870
21.174,3869
21.174,3868
21.174,3867
21.174,3866
21.174,3865
21.174,3864
21.174,3863
21.174,3862
21.174,3861
21.174,3860
21.174,3859
21.174,3858
21.174,3857
21.174,3856
21.174,3855
21.174,3854
21.175,3853
21.175,3852
21.175,3851
21.175,3850
21.175,3849
21.175,3848
21.175,3847
21.175,3846
21.175,3845
21.175,3844
21.175,3843
21.175,3842
21.175,3841
21.176,3840
21.176,3839
21.176,3838
21.176,3837
21.176,3836
21.176,3835
21.176,3834
21.176,3833
21.176,3832
21.176,3831
21.176,3830
21.176,3829
21.176,3828
21.177,3827
21.177,3826
21.177,3825
21.177,3824
21.177,3823
21.177,3822
21.177,3821
21.177,3820
21.177,3819
21.177,3818
21.177,3817
21.177,3816
21.178,3815
21.178,3814
21.178,3813
21.178,3812
21.179,3811
21.179,3810
21.179,3809
21.179,3808
21.179,3807
21.179,3806
21.179,3805
21.180,3804
21.180,3803
21.180,3802
21.180,3801
21.180,3800
21.180,3799
21.180,3798
21.180,3797
21.180,3796
21.181,3795
21.181,3794
21.181,3793
21.181,3792
21.181,3791
21.181,3790
21.181,3789
21.182,3788
21.182,3787
21.182,3786
21.182,3785
21.182,3784
21.182,3783
21.182,3782
21.182,3781
21.182,3780
21.183,3779
21.183,3778
21.183,3777
21.183,3776
21.183,3775
21.183,3774
21.183,3773
21.183,3772
21.184,3771
21.184,3770
21.184,3769
21.184,3768
21.184,3767
21.184,3766
21.184,3765
21.185,3764
21.185,3763
21.185,3762
21.185,3761
21.185,3760
21.185,3759
21.185,3758
21.185,3757
21.186,3756
21.186,3755
21.186,3754
21.186,3753
21.186,3752
21.186,3751
21.186,3750
21.187,3749
21.187,3748
21.187,3747
21.187,3746
21.187,3745
21.187,3744
21.188,3743
21.188,3742
21.188,3741
21.188,3740
21.188,3739
21.188,3738
21.189,3737
21.189,3736
21.189,3735
21.189,3734
21.189,3733
21.189,3732
21.190,3731
21.190,3730
21.190,3729
21.190,3728
21.190,3727
21.190,3726
21.190,3725
21.190,3724
21.191,3723
21.191,3722
21.191,3721
21.191,3720
21.191,3719
21.191,3718
21.191,3717
21.192,3716
21.192,3715
21.192,3714
21.192,3713
21.192,3712
21.192,3711
21.193,3710
21.193,3709
21.193,3708
21.193,3707
21.193,3706
21.194,3705
21.194,3704
21.194,3703
21.194,3702
21.194,3701
21.194,3700
21.194,3699
21.194,3698
21.195,3697
21.195,3696
21.195,3695
21.195,3694
21.195,3693
21.195,3692
21.195,3691
21.195,3690
21.196,3689
21.196,3688
21.196,3687
21.196,3686
21.196,3685
21.196,3684
21.196,3683
21.197,3682
21.197,3681
21.197,3680
21.197,3679
21.197,3678
21.197,3677
21.197,3676
21.198,3675
21.198,3674
21.198,3673
21.198,3672
21.198,3671
21.198,3670
21.198,3669
21.199,3668
21.199,3667
21.199,3666
21.199,3665
21.199,3664
21.199,3663
21.199,3662
21.199,3661
21.200,3660
21.200,3659
21.200,3658
21.200,3657
21.200,3656
21.200,3655
21.200,3654
21.200,3653
21.201,3652
21.201,3651
21.201,3650
21.201,3649
21.201,3648
21.202,3647
21.202,3646
21.202,3645
21.202,3644
21.202,3643
21.202,3642
21.202,3641
21.202,3640
21.202,3639
21.203,3638
21.203,3637
21.203,3636
21.203,3635
21.203,3634
21.203,3633
21.204,3632
21.204,3631
21.204,3630
21.204,3629
21.205,3628
21.205,3627
21.205,3626
21.205,3625
21.206,3624
21.206,3623
21.206,3622
21.206,3621
21.207,3620
21.207,3619
21.207,3618
21.207,3617
21.207,3616
21.207,3615
21.207,3614
21.208,3613
21.208,3612
21.208,3611
21.208,3610
21.208,3609
21.208,3608
21.209,3607
21.209,3606
21.209,3605
21.210,3604
21.210,3603
21.210,3602
21.210,3601
21.210,3600
21.210,3599
21.210,3598
21.211,3597
21.211,3596
21.211,3595
21.211,3594
21.211,3593
21.211,3592
21.212,3591
21.212,3590
21.212,3589
21.212,3588
21.212,3587
21.212,3586
21.212,3585
21.213,3584
21.213,3583
21.213,3582
21.213,3581
21.213,3580
21.214,3579
21.214,3578
21.214,3577
21.215,3576
21.215,3575
21.215,3574
21.215,3573
21.216,3572
21.216,3571
21.216,3570
21.216,3569
21.216,3568
21.216,3567
21.216,3566
21.217,3565
21.217,3564
21.217,3563
21.217,3562
21.217,3561
21.217,3560
21.217,3559
21.217,3558
21.217,3557
21.218,3556
21.218,3555
21.218,3554
21.219,3553
21.219,3552
21.219,3551
21.219,3550
21.219,3549
21.219,3548
21.220,3547
21.220,3546
21.220,3545
21.220,3544
21.220,3543
21.221,3542
21.221,3541
21.221,3540
21.222,3539
21.222,3538
21.223,3537
21.223,3536
21.223,3535
21.223,3534
21.223,3533
21.223,3532
21.224,3531
21.224,3530
21.224,3529
21.224,3528
21.224,3527
21.224,3526
21.224,3525
21.224,3524
21.225,3523
21.225,3522
21.225,3521
21.225,3520
21.226,3519
21.226,3518
21.226,3517
21.227,3516
21.227,3515
21.227,3514
21.227,3513
21.227,3512
21.227,3511
21.227,3510
21.228,3509
21.228,3508
21.228,3507
21.228,3506
21.228,3505
21.228,3504
21.229,3503
21.229,3502
21.229,3501
21.229,3500
21.229,3499
21.230,3498
21.230,3497
21.230,3496
21.231,3495
21.232,3494
21.232,3493
21.233,3492
21.233,3491
21.234,3490
21.234,3489
21.235,3488
21.235,3487
21.235,3486
21.235,3485
21.235,3484
21.235,3483
21.236,3482
21.236,3481
21.236,3480
21.236,3479
21.236,3478
21.237,3477
21.237,3476
21.237,3475
21.238,3474
21.238,3473
21.238,3472
21.239,3471
21.239,3470
21.240,3469
21.240,3468
21.240,3467
21.240,3466
21.241,3465
21.241,3464
21.241,3463
21.241,3462
21.242,3461
21.242,3460
21.242,3459
21.242,3458
21.242,3457
21.244,3456
21.244,3455
21.244,3454
21.244,3453
21.244,3452
21.245,3451
21.245,3450
21.245,3449
21.245,3448
21.246,3447
21.246,3446
21.247,3445
21.247,3444
21.247,3443
21.247,3442
21.247,3441
21.248,3440
21.248,3439
21.249,3438
21.249,3437
21.249,3436
21.250,3435
21.251,3434
21.251,3433
21.252,3432
21.253,3431
21.253,3430
21.254,3429
21.255,3428
21.256,3427
21.256,3426
21.256,3425
21.256,3424
21.256,3423
21.257,3422
21.257,3421
21.257,3420
21.258,3419
21.258,3418
21.258,3417
21.258,3416
21.258,3415
21.259,3414
21.259,3413
21.260,3412
21.261,3411
21.262,3410
21.262,3409
21.263,3408
21.263,3407
21.263,3406
21.264,3405
21.264,3404
21.265,3403
21.265,3402
21.265,3401
21.265,3400
21.265,3399
21.267,3398
21.267,3397
21.268,3396
21.269,3395
21.269,3394
21.269,3393
21.270,3392
21.271,3391
21.271,3390
21.272,3389
21.272,3388
21.273,3387
21.273,3386
21.274,3385
21.276,3384
21.277,3383
21.278,3382
21.279,3381
21.280,3380
21.281,3379
21.283,3378
21.284,3377
21.284,3376
21.284,3375
21.285,3374
21.288,3373
21.288,3372
21.290,3371
21.291,3370
21.291,3369
21.291,3368
21.293,3367
21.294,3366
21.295,3365
21.295,3364
21.297,3363
21.297,3362
21.299,3361
21.300,3360
21.301,3359
21.304,3358
21.304,3357
21.304,3356
21.308,3355
21.309,3354
21.309,3353
21.310,3352
21.310,3351
21.310,3350
21.311,3349
21.311,3348
21.312,3347
21.314,3346
21.315,3345
21.316,3344
21.318,3343
21.320,3342
21.322,3341
21.323,3340
21.326,3339
21.329,3338
21.331,3337
21.333,3336
21.335,3335
21.337,3334
21.340,3333
21.341,3332
21.342,3331
21.344,3330
21.348,3329
21.348,3328
21.350,3327
21.351,3326
21.353,3325
21.355,3324
21.355,3323
21.359,3322
21.360,3321
21.361,3320
21.362,3319
21.365,3318
21.368,3317
21.372,3316
21.372,3315
21.379,3314
21.383,3313
21.384,3312
21.386,3311
21.395,3310
