3.406,5990
22.351,5989
22.351,5988
22.351,5987
22.352,5986
22.352,5985
22.352,5984
22.353,5983
22.353,5982
22.353,5981
22.353,5980
22.354,5979
22.354,5978
22.354,5977
22.355,5976
22.355,5975
22.355,5974
22.357,5973
22.357,5972
22.357,5971
22.357,5970
22.357,5969
22.357,5968
22.357,5967
22.357,5966
22.357,5965
22.358,5964
22.358,5963
22.358,5962
22.358,5961
22.358,5960
22.358,5959
22.359,5958
22.359,5957
22.359,5956
22.360,5955
22.360,5954
22.360,5953
22.360,5952
22.360,5951
22.360,5950
22.361,5949
22.361,5948
22.361,5947
22.361,5946
22.361,5945
22.361,5944
22.361,5943
22.363,5942
22.363,5941
22.363,5940
22.363,5939
22.363,5938
22.363,5937
22.363,5936
22.363,5935
22.363,5934
22.363,5933
22.363,5932
22.363,5931
22.363,5930
22.363,5929
22.365,5928
22.365,5927
22.365,5926
22.365,5925
22.365,5924
22.365,5923
22.366,5922
22.366,5921
22.366,5920
22.366,5919
22.366,5918
22.366,5917
22.366,5916
22.366,5915
22.367,5914
22.367,5913
22.367,5912
22.367,5911
22.367,5910
22.367,5909
22.367,5908
22.367,5907
22.367,5906
22.368,5905
22.368,5904
22.368,5903
22.369,5902
22.369,5901
22.369,5900
22.369,5899
22.369,5898
22.369,5897
22.369,5896
22.369,5895
22.370,5894
22.370,5893
22.370,5892
22.370,5891
22.370,5890
22.370,5889
22.370,5888
22.370,5887
22.370,5886
22.370,5885
22.371,5884
22.371,5883
22.371,5882
22.371,5881
22.371,5880
22.371,5879
22.371,5878
22.371,5877
22.371,5876
22.372,5875
22.372,5874
22.372,5873
22.372,5872
22.372,5871
22.372,5870
22.372,5869
22.372,5868
22.372,5867
22.372,5866
22.373,5865
22.373,5864
22.373,5863
22.373,5862
22.373,5861
22.373,5860
22.373,5859
22.373,5858
22.373,5857
22.374,5856
22.374,5855
22.374,5854
22.374,5853
22.374,5852
22.374,5851
22.374,5850
22.374,5849
22.374,5848
22.374,5847
22.374,5846
22.374,5845
22.375,5844
22.375,5843
22.375,5842
22.375,5841
22.375,5840
22.375,5839
22.375,5838
22.375,5837
22.375,5836
22.375,5835
22.375,5834
22.375,5833
22.375,5832
22.375,5831
22.376,5830
22.376,5829
22.376,5828
22.376,5827
22.376,5826
22.376,5825
22.376,5824
22.376,5823
22.376,5822
22.377,5821
22.377,5820
22.377,5819
22.377,5818
22.377,5817
22.377,5816
22.377,5815
22.377,5814
22.377,5813
22.377,5812
22.378,5811
22.378,5810
22.378,5809
22.378,5808
22.378,5807
22.378,5806
22.378,5805
22.378,5804
22.378,5803
22.378,5802
22.378,5801
22.378,5800
22.378,5799
22.379,5798
22.379,5797
22.379,5796
22.379,5795
22.379,5794
22.380,5793
22.380,5792
22.380,5791
22.380,5790
22.380,5789
22.380,5788
22.380,5787
22.380,5786
22.380,5785
22.380,5784
22.380,5783
22.380,5782
22.380,5781
22.380,5780
22.380,5779
22.380,5778
22.381,5777
22.381,5776
22.381,5775
22.381,5774
22.381,5773
22.381,5772
22.381,5771
22.381,5770
22.381,5769
22.381,5768
22.381,5767
22.381,5766
22.382,5765
22.382,5764
22.382,5763
22.382,5762
22.382,5761
22.382,5760
22.382,5759
22.382,5758
22.382,5757
22.382,5756
22.382,5755
22.383,5754
22.383,5753
22.383,5752
22.383,5751
22.383,5750
22.383,5749
22.383,5748
22.383,5747
22.383,5746
22.383,5745
22.383,5744
22.383,5743
22.383,5742
22.383,5741
22.383,5740
22.383,5739
22.384,5738
22.384,5737
22.384,5736
22.384,5735
22.384,5734
22.385,5733
22.385,5732
22.385,5731
22.385,5730
22.385,5729
22.385,5728
22.385,5727
22.385,5726
22.385,5725
22.385,5724
22.385,5723
22.385,5722
22.385,5721
22.385,5720
22.385,5719
22.385,5718
22.385,5717
22.386,5716
22.386,5715
22.386,5714
22.386,5713
22.386,5712
22.386,5711
22.386,5710
22.386,5709
22.386,5708
22.386,5707
22.386,5706
22.386,5705
22.386,5704
22.386,5703
22.386,5702
22.386,5701
22.386,5700
22.386,5699
22.387,5698
22.387,5697
22.387,5696
22.387,5695
22.387,5694
22.387,5693
22.387,5692
22.387,5691
22.387,5690
22.387,5689
22.387,5688
22.387,5687
22.387,5686
22.387,5685
22.387,5684
22.387,5683
22.387,5682
22.387,5681
22.388,5680
22.388,5679
22.388,5678
22.388,5677
22.388,5676
22.388,5675
22.388,5674
22.388,5673
22.388,5672
22.388,5671
22.388,5670
22.388,5669
22.388,5668
22.388,5667
22.388,5666
22.388,5665
22.388,5664
22.388,5663
22.388,5662
22.389,5661
22.389,5660
22.389,5659
22.389,5658
22.389,5657
22.389,5656
22.389,5655
22.389,5654
22.389,5653
22.389,5652
22.389,5651
22.389,5650
22.389,5649
22.389,5648
22.389,5647
22.389,5646
22.389,5645
22.390,5644
22.390,5643
22.390,5642
22.391,5641
22.391,5640
22.391,5639
22.391,5638
22.391,5637
22.391,5636
22.391,5635
22.391,5634
22.391,5633
22.392,5632
22.392,5631
22.392,5630
22.392,5629
22.392,5628
22.392,5627
22.392,5626
22.392,5625
22.392,5624
22.392,5623
22.392,5622
22.392,5621
22.392,5620
22.392,5619
22.392,5618
22.392,5617
22.392,5616
22.392,5615
22.393,5614
22.393,5613
22.393,5612
22.393,5611
22.393,5610
22.393,5609
22.393,5608
22.393,5607
22.393,5606
22.393,5605
22.393,5604
22.393,5603
22.393,5602
22.393,5601
22.393,5600
22.393,5599
22.393,5598
22.393,5597
22.393,5596
22.393,5595
22.393,5594
22.393,5593
22.394,5592
22.394,5591
22.394,5590
22.394,5589
22.394,5588
22.394,5587
22.394,5586
22.394,5585
22.394,5584
22.394,5583
22.394,5582
22.394,5581
22.394,5580
22.394,5579
22.394,5578
22.394,5577
22.394,5576
22.394,5575
22.394,5574
22.394,5573
22.394,5572
22.395,5571
22.395,5570
22.395,5569
22.395,5568
22.395,5567
22.395,5566
22.395,5565
22.395,5564
22.395,5563
22.395,5562
22.395,5561
22.395,5560
22.395,5559
22.395,5558
22.395,5557
22.395,5556
22.395,5555
22.395,5554
22.395,5553
22.395,5552
22.395,5551
22.395,5550
22.395,5549
22.395,5548
22.395,5547
22.396,5546
22.396,5545
22.396,5544
22.396,5543
22.396,5542
22.396,5541
22.396,5540
22.396,5539
22.396,5538
22.396,5537
22.396,5536
22.396,5535
22.396,5534
22.396,5533
22.396,5532
22.396,5531
22.396,5530
22.396,5529
22.396,5528
22.396,5527
22.396,5526
22.396,5525
22.396,5524
22.397,5523
22.397,5522
22.397,5521
22.397,5520
22.397,5519
22.397,5518
22.397,5517
22.397,5516
22.397,5515
22.397,5514
22.397,5513
22.397,5512
22.397,5511
22.397,5510
22.397,5509
22.397,5508
22.397,5507
22.397,5506
22.397,5505
22.397,5504
22.398,5503
22.398,5502
22.398,5501
22.398,5500
22.398,5499
22.398,5498
22.398,5497
22.398,5496
22.398,5495
22.398,5494
22.398,5493
22.398,5492
22.398,5491
22.398,5490
22.398,5489
22.398,5488
22.398,5487
22.398,5486
22.399,5485
22.399,5484
22.399,5483
22.399,5482
22.399,5481
22.399,5480
22.399,5479
22.399,5478
22.399,5477
22.399,5476
22.399,5475
22.399,5474
22.399,5473
22.399,5472
22.399,5471
22.399,5470
22.400,5469
22.400,5468
22.400,5467
22.400,5466
22.400,5465
22.400,5464
22.400,5463
22.400,5462
22.400,5461
22.400,5460
22.400,5459
22.400,5458
22.400,5457
22.400,5456
22.400,5455
22.400,5454
22.400,5453
22.400,5452
22.400,5451
22.400,5450
22.400,5449
22.400,5448
22.400,5447
22.400,5446
22.400,5445
22.400,5444
22.400,5443
22.401,5442
22.401,5441
22.401,5440
22.401,5439
22.401,5438
22.401,5437
22.401,5436
22.401,5435
22.401,5434
22.401,5433
22.401,5432
22.401,5431
22.401,5430
22.401,5429
22.401,5428
22.401,5427
22.401,5426
22.401,5425
22.401,5424
22.401,5423
22.401,5422
22.401,5421
22.401,5420
22.401,5419
22.402,5418
22.402,5417
22.402,5416
22.402,5415
22.402,5414
22.402,5413
22.402,5412
22.402,5411
22.402,5410
22.402,5409
22.402,5408
22.402,5407
22.402,5406
22.402,5405
22.402,5404
22.402,5403
22.402,5402
22.402,5401
22.402,5400
22.402,5399
22.402,5398
22.402,5397
22.402,5396
22.402,5395
22.402,5394
22.402,5393
22.402,5392
22.402,5391
22.403,5390
22.403,5389
22.403,5388
22.403,5387
22.403,5386
22.403,5385
22.403,5384
22.403,5383
22.403,5382
22.403,5381
22.403,5380
22.403,5379
22.403,5378
22.403,5377
22.403,5376
22.403,5375
22.403,5374
22.403,5373
22.403,5372
22.403,5371
22.403,5370
22.403,5369
22.403,5368
22.403,5367
22.403,5366
22.403,5365
22.403,5364
22.404,5363
22.404,5362
22.404,5361
22.404,5360
22.404,5359
22.404,5358
22.404,5357
22.404,5356
22.404,5355
22.404,5354
22.404,5353
22.404,5352
22.404,5351
22.405,5350
22.405,5349
22.405,5348
22.405,5347
22.405,5346
22.405,5345
22.405,5344
22.405,5343
22.405,5342
22.405,5341
22.405,5340
22.405,5339
22.405,5338
22.405,5337
22.405,5336
22.405,5335
22.405,5334
22.405,5333
22.405,5332
22.405,5331
22.405,5330
22.405,5329
22.405,5328
22.405,5327
22.405,5326
22.405,5325
22.405,5324
22.405,5323
22.405,5322
22.405,5321
22.405,5320
22.406,5319
22.406,5318
22.406,5317
22.406,5316
22.406,5315
22.406,5314
22.406,5313
22.406,5312
22.406,5311
22.407,5310
22.407,5309
22.407,5308
22.407,5307
22.407,5306
22.407,5305
22.407,5304
22.407,5303
22.407,5302
22.407,5301
22.407,5300
22.407,5299
22.407,5298
22.407,5297
22.407,5296
22.407,5295
22.407,5294
22.407,5293
22.407,5292
22.407,5291
22.407,5290
22.407,5289
22.407,5288
22.407,5287
22.407,5286
22.407,5285
22.407,5284
22.407,5283
22.407,5282
22.408,5281
22.408,5280
22.408,5279
22.408,5278
22.408,5277
22.408,5276
22.408,5275
22.408,5274
22.408,5273
22.408,5272
22.408,5271
22.408,5270
22.408,5269
22.408,5268
22.408,5267
22.408,5266
22.408,5265
22.408,5264
22.408,5263
22.408,5262
22.408,5261
22.408,5260
22.408,5259
22.408,5258
22.408,5257
22.408,5256
22.408,5255
22.409,5254
22.409,5253
22.409,5252
22.409,5251
22.409,5250
22.409,5249
22.409,5248
22.409,5247
22.409,5246
22.409,5245
22.409,5244
22.409,5243
22.409,5242
22.409,5241
22.409,5240
22.409,5239
22.409,5238
22.409,5237
22.409,5236
22.409,5235
22.409,5234
22.409,5233
22.409,5232
22.409,5231
22.409,5230
22.409,5229
22.409,5228
22.409,5227
22.409,5226
22.409,5225
22.409,5224
22.409,5223
22.409,5222
22.409,5221
22.409,5220
22.409,5219
22.409,5218
22.410,5217
22.410,5216
22.410,5215
22.410,5214
22.410,5213
22.410,5212
22.410,5211
22.410,5210
22.410,5209
22.410,5208
22.410,5207
22.410,5206
22.410,5205
22.410,5204
22.410,5203
22.410,5202
22.410,5201
22.410,5200
22.410,5199
22.410,5198
22.410,5197
22.410,5196
22.410,5195
22.410,5194
22.410,5193
22.410,5192
22.410,5191
22.410,5190
22.410,5189
22.410,5188
22.410,5187
22.410,5186
22.410,5185
22.410,5184
22.410,5183
22.410,5182
22.410,5181
22.410,5180
22.411,5179
22.411,5178
22.411,5177
22.411,5176
22.411,5175
22.411,5174
22.411,5173
22.411,5172
22.411,5171
22.411,5170
22.411,5169
22.411,5168
22.411,5167
22.411,5166
22.411,5165
22.411,5164
22.411,5163
22.411,5162
22.411,5161
22.411,5160
22.411,5159
22.411,5158
22.411,5157
22.411,5156
22.411,5155
22.411,5154
22.411,5153
22.412,5152
22.412,5151
22.412,5150
22.412,5149
22.412,5148
22.412,5147
22.412,5146
22.412,5145
22.412,5144
22.412,5143
22.412,5142
22.412,5141
22.413,5140
22.413,5139
22.413,5138
22.413,5137
22.413,5136
22.413,5135
22.413,5134
22.413,5133
22.413,5132
22.413,5131
22.413,5130
22.413,5129
22.413,5128
22.413,5127
22.413,5126
22.414,5125
22.414,5124
22.414,5123
22.414,5122
22.414,5121
22.414,5120
22.414,5119
22.414,5118
22.414,5117
22.414,5116
22.414,5115
22.414,5114
22.414,5113
22.414,5112
22.415,5111
22.415,5110
22.415,5109
22.415,5108
22.415,5107
22.415,5106
22.415,5105
22.415,5104
22.415,5103
22.415,5102
22.415,5101
22.415,5100
22.415,5099
22.416,5098
22.416,5097
22.416,5096
22.416,5095
22.416,5094
22.416,5093
22.416,5092
22.416,5091
22.416,5090
22.416,5089
22.416,5088
22.416,5087
22.416,5086
22.416,5085
22.416,5084
22.416,5083
22.417,5082
22.417,5081
22.417,5080
22.417,5079
22.417,5078
22.417,5077
22.417,5076
22.417,5075
22.417,5074
22.417,5073
22.417,5072
22.417,5071
22.417,5070
22.417,5069
22.417,5068
22.417,5067
22.417,5066
22.417,5065
22.418,5064
22.418,5063
22.418,5062
22.418,5061
22.418,5060
22.418,5059
22.418,5058
22.418,5057
22.418,5056
22.418,5055
22.418,5054
22.418,5053
22.418,5052
22.418,5051
22.418,5050
22.419,5049
22.419,5048
22.419,5047
22.419,5046
22.419,5045
22.419,5044
22.419,5043
22.419,5042
22.419,5041
22.419,5040
22.419,5039
22.419,5038
22.419,5037
22.419,5036
22.420,5035
22.420,5034
22.420,5033
22.420,5032
22.420,5031
22.420,5030
22.420,5029
22.420,5028
22.420,5027
22.420,5026
22.420,5025
22.420,5024
22.420,5023
22.421,5022
22.421,5021
22.421,5020
22.421,5019
22.421,5018
22.421,5017
22.421,5016
22.421,5015
22.421,5014
22.421,5013
22.421,5012
22.421,5011
22.421,5010
22.422,5009
22.422,5008
22.422,5007
22.422,5006
22.422,5005
22.422,5004
22.422,5003
22.422,5002
22.422,5001
22.422,5000
22.422,4999
22.422,4998
22.422,4997
22.422,4996
22.423,4995
22.423,4994
22.423,4993
22.423,4992
22.423,4991
22.423,4990
22.423,4989
22.423,4988
22.423,4987
22.423,4986
22.423,4985
22.423,4984
22.423,4983
22.423,4982
22.423,4981
22.423,4980
22.423,4979
22.424,4978
22.424,4977
22.424,4976
22.424,4975
22.424,4974
22.424,4973
22.424,4972
22.424,4971
22.424,4970
22.424,4969
22.424,4968
22.424,4967
22.424,4966
22.424,4965
22.424,4964
22.424,4963
22.424,4962
22.425,4961
22.425,4960
22.425,4959
22.425,4958
22.425,4957
22.425,4956
22.425,4955
22.425,4954
22.425,4953
22.425,4952
22.425,4951
22.425,4950
22.425,4949
22.425,4948
22.425,4947
22.426,4946
22.426,4945
22.426,4944
22.426,4943
22.426,4942
22.426,4941
22.426,4940
22.426,4939
22.426,4938
22.426,4937
22.426,4936
22.426,4935
22.426,4934
22.426,4933
22.427,4932
22.427,4931
22.427,4930
22.427,4929
22.427,4928
22.427,4927
22.427,4926
22.427,4925
22.427,4924
22.427,4923
22.427,4922
22.427,4921
22.427,4920
22.427,4919
22.428,4918
22.428,4917
22.428,4916
22.428,4915
22.428,4914
22.428,4913
22.428,4912
22.428,4911
22.428,4910
22.428,4909
22.428,4908
22.428,4907
22.428,4906
22.428,4905
22.428,4904
22.428,4903
22.428,4902
22.428,4901
22.429,4900
22.429,4899
22.429,4898
22.429,4897
22.429,4896
22.429,4895
22.429,4894
22.429,4893
22.429,4892
22.429,4891
22.429,4890
22.429,4889
22.429,4888
22.429,4887
22.429,4886
22.430,4885
22.430,4884
22.430,4883
22.430,4882
22.430,4881
22.430,4880
22.430,4879
22.430,4878
22.430,4877
22.430,4876
22.430,4875
22.431,4874
22.431,4873
22.431,4872
22.431,4871
22.431,4870
22.431,4869
22.431,4868
22.431,4867
22.431,4866
22.431,4865
22.431,4864
22.431,4863
22.431,4862
22.431,4861
22.431,4860
22.431,4859
22.432,4858
22.432,4857
22.432,4856
22.432,4855
22.432,4854
22.432,4853
22.432,4852
22.432,4851
22.432,4850
22.432,4849
22.432,4848
22.432,4847
22.432,4846
22.432,4845
22.432,4844
22.432,4843
22.432,4842
22.433,4841
22.433,4840
22.433,4839
22.433,4838
22.433,4837
22.433,4836
22.433,4835
22.433,4834
22.433,4833
22.433,4832
22.433,4831
22.433,4830
22.433,4829
22.433,4828
22.433,4827
22.433,4826
22.433,4825
22.433,4824
22.434,4823
22.434,4822
22.434,4821
22.434,4820
22.434,4819
22.434,4818
22.434,4817
22.434,4816
22.434,4815
22.434,4814
22.434,4813
22.434,4812
22.434,4811
22.434,4810
22.434,4809
22.434,4808
22.434,4807
22.434,4806
22.434,4805
22.435,4804
22.435,4803
22.435,4802
22.435,4801
22.435,4800
22.435,4799
22.435,4798
22.435,4797
22.435,4796
22.435,4795
22.435,4794
22.435,4793
22.435,4792
22.435,4791
22.435,4790
22.435,4789
22.435,4788
22.436,4787
22.436,4786
22.436,4785
22.436,4784
22.436,4783
22.436,4782
22.436,4781
22.436,4780
22.436,4779
22.436,4778
22.436,4777
22.436,4776
22.436,4775
22.436,4774
22.436,4773
22.436,4772
22.437,4771
22.437,4770
22.437,4769
22.437,4768
22.437,4767
22.437,4766
22.437,4765
22.437,4764
22.437,4763
22.437,4762
22.437,4761
22.437,4760
22.437,4759
22.437,4758
22.437,4757
22.438,4756
22.438,4755
22.438,4754
22.438,4753
22.438,4752
22.438,4751
22.438,4750
22.438,4749
22.438,4748
22.439,4747
22.439,4746
22.439,4745
22.439,4744
22.439,4743
22.439,4742
22.439,4741
22.439,4740
22.440,4739
22.440,4738
22.440,4737
22.440,4736
22.440,4735
22.440,4734
22.440,4733
22.440,4732
22.440,4731
22.440,4730
22.441,4729
22.441,4728
22.441,4727
22.441,4726
22.441,4725
22.441,4724
22.442,4723
22.442,4722
22.442,4721
22.442,4720
22.442,4719
22.442,4718
22.442,4717
22.442,4716
22.442,4715
22.442,4714
22.442,4713
22.442,4712
22.442,4711
22.442,4710
22.442,4709
22.443,4708
22.443,4707
22.443,4706
22.443,4705
22.443,4704
22.443,4703
22.443,4702
22.443,4701
22.443,4700
22.443,4699
22.443,4698
22.443,4697
22.443,4696
22.444,4695
22.444,4694
22.444,4693
22.444,4692
22.444,4691
22.444,4690
22.444,4689
22.444,4688
22.444,4687
22.445,4686
22.445,4685
22.445,4684
22.445,4683
22.445,4682
22.445,4681
22.445,4680
22.445,4679
22.445,4678
22.445,4677
22.445,4676
22.445,4675
22.445,4674
22.446,4673
22.446,4672
22.446,4671
22.446,4670
22.446,4669
22.446,4668
22.446,4667
22.446,4666
22.446,4665
22.446,4664
22.446,4663
22.446,4662
22.446,4661
22.446,4660
22.446,4659
22.446,4658
22.446,4657
22.447,4656
22.447,4655
22.447,4654
22.447,4653
22.447,4652
22.447,4651
22.447,4650
22.447,4649
22.447,4648
22.447,4647
22.447,4646
22.447,4645
22.448,4644
22.448,4643
22.448,4642
22.448,4641
22.448,4640
22.448,4639
22.448,4638
22.448,4637
22.448,4636
22.448,4635
22.448,4634
22.448,4633
22.448,4632
22.449,4631
22.449,4630
22.449,4629
22.449,4628
22.449,4627
22.449,4626
22.449,4625
22.449,4624
22.449,4623
22.449,4622
22.449,4621
22.449,4620
22.449,4619
22.449,4618
22.449,4617
22.449,4616
22.450,4615
22.450,4614
22.450,4613
22.450,4612
22.450,4611
22.450,4610
22.450,4609
22.450,4608
22.450,4607
22.450,4606
22.450,4605
22.450,4604
22.450,4603
22.451,4602
22.451,4601
22.451,4600
22.451,4599
22.452,4598
22.453,4597
22.453,4596
22.454,4595
22.454,4594
22.454,4593
22.454,4592
22.454,4591
22.454,4590
22.454,4589
22.454,4588
22.454,4587
22.454,4586
22.454,4585
22.454,4584
22.454,4583
22.455,4582
22.455,4581
22.455,4580
22.455,4579
22.455,4578
22.455,4577
22.455,4576
22.455,4575
22.455,4574
22.455,4573
22.455,4572
22.455,4571
22.455,4570
22.455,4569
22.455,4568
22.455,4567
22.456,4566
22.456,4565
22.456,4564
22.456,4563
22.456,4562
22.456,4561
22.456,4560
22.456,4559
22.456,4558
22.456,4557
22.456,4556
22.456,4555
22.456,4554
22.456,4553
22.456,4552
22.457,4551
22.457,4550
22.457,4549
22.457,4548
22.457,4547
22.457,4546
22.457,4545
22.457,4544
22.458,4543
22.458,4542
22.458,4541
22.458,4540
22.458,4539
22.458,4538
22.458,4537
22.458,4536
22.458,4535
22.458,4534
22.458,4533
22.458,4532
22.458,4531
22.458,4530
22.458,4529
22.458,4528
22.458,4527
22.459,4526
22.459,4525
22.459,4524
22.459,4523
22.459,4522
22.459,4521
22.459,4520
22.459,4519
22.459,4518
22.459,4517
22.459,4516
22.459,4515
22.459,4514
22.459,4513
22.459,4512
22.459,4511
22.459,4510
22.460,4509
22.460,4508
22.460,4507
22.460,4506
22.460,4505
22.460,4504
22.460,4503
22.460,4502
22.461,4501
22.461,4500
22.461,4499
22.461,4498
22.461,4497
22.461,4496
22.461,4495
22.461,4494
22.461,4493
22.461,4492
22.461,4491
22.461,4490
22.461,4489
22.461,4488
22.461,4487
22.461,4486
22.461,4485
22.461,4484
22.461,4483
22.461,4482
22.461,4481
22.461,4480
22.462,4479
22.462,4478
22.462,4477
22.462,4476
22.462,4475
22.462,4474
22.462,4473
22.462,4472
22.462,4471
22.462,4470
22.462,4469
22.462,4468
22.462,4467
22.462,4466
22.462,4465
22.462,4464
22.463,4463
22.463,4462
22.463,4461
22.463,4460
22.463,4459
22.463,4458
22.463,4457
22.463,4456
22.463,4455
22.463,4454
22.463,4453
22.463,4452
22.463,4451
22.463,4450
22.463,4449
22.463,4448
22.463,4447
22.463,4446
22.464,4445
22.464,4444
22.464,4443
22.464,4442
22.464,4441
22.464,4440
22.464,4439
22.464,4438
22.464,4437
22.464,4436
22.464,4435
22.464,4434
22.464,4433
22.464,4432
22.465,4431
22.465,4430
22.465,4429
22.465,4428
22.465,4427
22.465,4426
22.465,4425
22.465,4424
22.465,4423
22.465,4422
22.465,4421
22.465,4420
22.465,4419
22.465,4418
22.465,4417
22.465,4416
22.465,4415
22.466,4414
22.466,4413
22.466,4412
22.466,4411
22.466,4410
22.466,4409
22.466,4408
22.466,4407
22.466,4406
22.466,4405
22.466,4404
22.466,4403
22.466,4402
22.466,4401
22.466,4400
22.466,4399
22.466,4398
22.466,4397
22.466,4396
22.466,4395
22.466,4394
22.466,4393
22.467,4392
22.467,4391
22.467,4390
22.467,4389
22.467,4388
22.467,4387
22.467,4386
22.467,4385
22.467,4384
22.467,4383
22.467,4382
22.467,4381
22.467,4380
22.467,4379
22.467,4378
22.467,4377
22.467,4376
22.467,4375
22.467,4374
22.467,4373
22.468,4372
22.468,4371
22.468,4370
22.468,4369
22.468,4368
22.468,4367
22.468,4366
22.468,4365
22.468,4364
22.468,4363
22.468,4362
22.468,4361
22.468,4360
22.468,4359
22.469,4358
22.469,4357
22.469,4356
22.469,4355
22.469,4354
22.469,4353
22.469,4352
22.469,4351
22.469,4350
22.469,4349
22.469,4348
22.469,4347
22.469,4346
22.469,4345
22.469,4344
22.469,4343
22.470,4342
22.470,4341
22.470,4340
22.470,4339
22.470,4338
22.470,4337
22.470,4336
22.470,4335
22.470,4334
22.470,4333
22.470,4332
22.470,4331
22.470,4330
22.470,4329
22.470,4328
22.470,4327
22.470,4326
22.470,4325
22.470,4324
22.471,4323
22.471,4322
22.471,4321
22.471,4320
22.471,4319
22.471,4318
22.471,4317
22.471,4316
22.471,4315
22.471,4314
22.471,4313
22.471,4312
22.471,4311
22.471,4310
22.471,4309
22.471,4308
22.472,4307
22.472,4306
22.472,4305
22.472,4304
22.472,4303
22.472,4302
22.472,4301
22.472,4300
22.472,4299
22.472,4298
22.472,4297
22.472,4296
22.473,4295
22.473,4294
22.473,4293
22.473,4292
22.473,4291
22.473,4290
22.473,4289
22.473,4288
22.473,4287
22.473,4286
22.473,4285
22.473,4284
22.473,4283
22.473,4282
22.473,4281
22.474,4280
22.474,4279
22.474,4278
22.474,4277
22.474,4276
22.474,4275
22.474,4274
22.474,4273
22.474,4272
22.474,4271
22.474,4270
22.474,4269
22.474,4268
22.474,4267
22.474,4266
22.474,4265
22.475,4264
22.475,4263
22.475,4262
22.475,4261
22.475,4260
22.475,4259
22.475,4258
22.475,4257
22.475,4256
22.475,4255
22.475,4254
22.475,4253
22.475,4252
22.475,4251
22.475,4250
22.476,4249
22.476,4248
22.476,4247
22.476,4246
22.476,4245
22.476,4244
22.476,4243
22.476,4242
22.476,4241
22.476,4240
22.476,4239
22.476,4238
22.477,4237
22.477,4236
22.477,4235
22.477,4234
22.477,4233
22.477,4232
22.477,4231
22.477,4230
22.477,4229
22.477,4228
22.477,4227
22.477,4226
22.477,4225
22.477,4224
22.477,4223
22.477,4222
22.477,4221
22.477,4220
22.477,4219
22.478,4218
22.478,4217
22.478,4216
22.478,4215
22.478,4214
22.478,4213
22.478,4212
22.478,4211
22.478,4210
22.478,4209
22.478,4208
22.478,4207
22.478,4206
22.478,4205
22.478,4204
22.478,4203
22.478,4202
22.478,4201
22.478,4200
22.478,4199
22.479,4198
22.479,4197
22.479,4196
22.479,4195
22.479,4194
22.479,4193
22.479,4192
22.479,4191
22.479,4190
22.479,4189
22.479,4188
22.479,4187
22.479,4186
22.479,4185
22.479,4184
22.479,4183
22.479,4182
22.479,4181
22.479,4180
22.480,4179
22.480,4178
22.480,4177
22.480,4176
22.480,4175
22.480,4174
22.480,4173
22.480,4172
22.480,4171
22.480,4170
22.480,4169
22.480,4168
22.481,4167
22.481,4166
22.481,4165
22.481,4164
22.481,4163
22.481,4162
22.481,4161
22.481,4160
22.481,4159
22.481,4158
22.481,4157
22.481,4156
22.481,4155
22.481,4154
22.481,4153
22.481,4152
22.482,4151
22.482,4150
22.482,4149
22.482,4148
22.482,4147
22.482,4146
22.482,4145
22.482,4144
22.482,4143
22.482,4142
22.482,4141
22.482,4140
22.482,4139
22.482,4138
22.482,4137
22.482,4136
22.482,4135
22.482,4134
22.482,4133
22.483,4132
22.483,4131
22.483,4130
22.483,4129
22.483,4128
22.483,4127
22.483,4126
22.483,4125
22.483,4124
22.483,4123
22.483,4122
22.483,4121
22.483,4120
22.483,4119
22.483,4118
22.483,4117
22.483,4116
22.483,4115
22.483,4114
22.483,4113
22.484,4112
22.484,4111
22.484,4110
22.484,4109
22.484,4108
22.484,4107
22.484,4106
22.484,4105
22.484,4104
22.484,4103
22.484,4102
22.484,4101
22.484,4100
22.485,4099
22.485,4098
22.485,4097
22.485,4096
22.485,4095
22.485,4094
22.485,4093
22.485,4092
22.485,4091
22.485,4090
22.485,4089
22.486,4088
22.486,4087
22.486,4086
22.486,4085
22.486,4084
22.486,4083
22.486,4082
22.486,4081
22.486,4080
22.486,4079
22.486,4078
22.486,4077
22.486,4076
22.486,4075
22.486,4074
22.486,4073
22.486,4072
22.486,4071
22.486,4070
22.486,4069
22.487,4068
22.487,4067
22.487,4066
22.487,4065
22.487,4064
22.487,4063
22.487,4062
22.487,4061
22.487,4060
22.487,4059
22.487,4058
22.487,4057
22.487,4056
22.487,4055
22.487,4054
22.487,4053
22.487,4052
22.487,4051
22.487,4050
22.487,4049
22.488,4048
22.488,4047
22.488,4046
22.488,4045
22.488,4044
22.488,4043
22.488,4042
22.488,4041
22.488,4040
22.488,4039
22.488,4038
22.488,4037
22.488,4036
22.488,4035
22.488,4034
22.488,4033
22.488,4032
22.489,4031
22.489,4030
22.489,4029
22.489,4028
22.489,4027
22.489,4026
22.489,4025
22.489,4024
22.489,4023
22.489,4022
22.489,4021
22.489,4020
22.489,4019
22.489,4018
22.489,4017
22.490,4016
22.490,4015
22.490,4014
22.490,4013
22.490,4012
22.490,4011
22.490,4010
22.490,4009
22.490,4008
22.490,4007
22.490,4006
22.490,4005
22.490,4004
22.490,4003
22.490,4002
22.490,4001
22.490,4000
22.491,3999
22.491,3998
22.491,3997
22.491,3996
22.491,3995
22.491,3994
22.491,3993
22.491,3992
22.491,3991
22.491,3990
22.491,3989
22.491,3988
22.491,3987
22.491,3986
22.491,3985
22.491,3984
22.492,3983
22.492,3982
22.492,3981
22.492,3980
22.492,3979
22.492,3978
22.492,3977
22.492,3976
22.492,3975
22.492,3974
22.493,3973
22.493,3972
22.493,3971
22.493,3970
22.493,3969
22.493,3968
22.493,3967
22.493,3966
22.493,3965
22.493,3964
22.493,3963
22.493,3962
22.493,3961
22.494,3960
22.494,3959
22.494,3958
22.494,3957
22.494,3956
22.494,3955
22.494,3954
22.494,3953
22.494,3952
22.494,3951
22.494,3950
22.494,3949
22.494,3948
22.495,3947
22.495,3946
22.495,3945
22.495,3944
22.495,3943
22.495,3942
22.495,3941
22.495,3940
22.495,3939
22.495,3938
22.495,3937
22.495,3936
22.495,3935
22.495,3934
22.495,3933
22.496,3932
22.496,3931
22.496,3930
22.496,3929
22.496,3928
22.496,3927
22.496,3926
22.496,3925
22.496,3924
22.496,3923
22.496,3922
22.496,3921
22.496,3920
22.496,3919
22.496,3918
22.496,3917
22.496,3916
22.497,3915
22.497,3914
22.497,3913
22.497,3912
22.497,3911
22.497,3910
22.497,3909
22.497,3908
22.497,3907
22.497,3906
22.497,3905
22.497,3904
22.497,3903
22.498,3902
22.498,3901
22.498,3900
22.498,3899
22.498,3898
22.498,3897
22.498,3896
22.498,3895
22.498,3894
22.498,3893
22.498,3892
22.498,3891
22.498,3890
22.498,3889
22.498,3888
22.499,3887
22.499,3886
22.499,3885
22.499,3884
22.499,3883
22.499,3882
22.499,3881
22.499,3880
22.499,3879
22.499,3878
22.499,3877
22.499,3876
22.499,3875
22.499,3874
22.499,3873
22.499,3872
22.499,3871
22.500,3870
22.500,3869
22.500,3868
22.500,3867
22.500,3866
22.500,3865
22.500,3864
22.500,3863
22.500,3862
22.500,3861
22.500,3860
22.500,3859
22.501,3858
22.501,3857
22.501,3856
22.501,3855
22.501,3854
22.501,3853
22.501,3852
22.501,3851
22.501,3850
22.501,3849
22.501,3848
22.501,3847
22.501,3846
22.501,3845
22.501,3844
22.501,3843
22.501,3842
22.501,3841
22.501,3840
22.501,3839
22.502,3838
22.502,3837
22.502,3836
22.502,3835
22.502,3834
22.502,3833
22.502,3832
22.502,3831
22.502,3830
22.502,3829
22.502,3828
22.502,3827
22.502,3826
22.502,3825
22.502,3824
22.502,3823
22.503,3822
22.503,3821
22.503,3820
22.503,3819
22.503,3818
22.503,3817
22.503,3816
22.503,3815
22.503,3814
22.503,3813
22.503,3812
22.504,3811
22.504,3810
22.504,3809
22.504,3808
22.504,3807
22.504,3806
22.504,3805
22.504,3804
22.504,3803
22.504,3802
22.504,3801
22.504,3800
22.505,3799
22.505,3798
22.505,3797
22.505,3796
22.505,3795
22.505,3794
22.505,3793
22.505,3792
22.505,3791
22.505,3790
22.506,3789
22.506,3788
22.506,3787
22.506,3786
22.506,3785
22.506,3784
22.506,3783
22.506,3782
22.506,3781
22.507,3780
22.507,3779
22.507,3778
22.507,3777
22.507,3776
22.508,3775
22.508,3774
22.508,3773
22.508,3772
22.508,3771
22.508,3770
22.508,3769
22.508,3768
22.508,3767
22.509,3766
22.509,3765
22.509,3764
22.509,3763
22.509,3762
22.509,3761
22.510,3760
22.510,3759
22.510,3758
22.510,3757
22.511,3756
22.511,3755
22.511,3754
22.511,3753
22.511,3752
22.511,3751
22.511,3750
22.511,3749
22.511,3748
22.511,3747
22.512,3746
22.512,3745
22.512,3744
22.512,3743
22.512,3742
22.512,3741
22.512,3740
22.512,3739
22.512,3738
22.512,3737
22.513,3736
22.513,3735
22.513,3734
22.513,3733
22.513,3732
22.513,3731
22.514,3730
22.514,3729
22.514,3728
22.514,3727
22.514,3726
22.514,3725
22.514,3724
22.514,3723
22.515,3722
22.515,3721
22.515,3720
22.515,3719
22.515,3718
22.515,3717
22.515,3716
22.516,3715
22.516,3714
22.516,3713
22.516,3712
22.516,3711
22.516,3710
22.516,3709
22.517,3708
22.517,3707
22.517,3706
22.517,3705
22.517,3704
22.517,3703
22.518,3702
22.518,3701
22.518,3700
22.518,3699
22.518,3698
22.518,3697
22.518,3696
22.518,3695
22.519,3694
22.519,3693
22.519,3692
22.519,3691
22.519,3690
22.519,3689
22.519,3688
22.519,3687
22.519,3686
22.520,3685
22.520,3684
22.520,3683
22.520,3682
22.520,3681
22.520,3680
22.520,3679
22.520,3678
22.521,3677
22.521,3676
22.521,3675
22.522,3674
22.522,3673
22.522,3672
22.522,3671
22.522,3670
22.522,3669
22.523,3668
22.523,3667
22.523,3666
22.523,3665
22.523,3664
22.524,3663
22.524,3662
22.524,3661
22.524,3660
22.525,3659
22.525,3658
22.525,3657
22.525,3656
22.525,3655
22.526,3654
22.526,3653
22.526,3652
22.526,3651
22.526,3650
22.526,3649
22.526,3648
22.527,3647
22.527,3646
22.527,3645
22.527,3644
22.528,3643
22.528,3642
22.528,3641
22.528,3640
22.528,3639
22.528,3638
22.528,3637
22.529,3636
22.529,3635
22.529,3634
22.530,3633
22.530,3632
22.530,3631
22.530,3630
22.531,3629
22.531,3628
22.531,3627
22.531,3626
22.531,3625
22.531,3624
22.531,3623
22.531,3622
22.532,3621
22.532,3620
22.532,3619
22.532,3618
22.532,3617
22.532,3616
22.532,3615
22.532,3614
22.533,3613
22.533,3612
22.534,3611
22.534,3610
22.534,3609
22.534,3608
22.534,3607
22.535,3606
22.535,3605
22.535,3604
22.535,3603
22.535,3602
22.535,3601
22.535,3600
22.536,3599
22.536,3598
22.536,3597
22.536,3596
22.536,3595
22.536,3594
22.536,3593
22.536,3592
22.537,3591
22.537,3590
22.537,3589
22.537,3588
22.537,3587
22.537,3586
22.538,3585
22.538,3584
22.538,3583
22.538,3582
22.538,3581
22.539,3580
22.539,3579
22.539,3578
22.540,3577
22.540,3576
22.540,3575
22.540,3574
22.540,3573
22.541,3572
22.541,3571
22.541,3570
22.541,3569
22.541,3568
22.541,3567
22.541,3566
22.541,3565
22.542,3564
22.542,3563
22.542,3562
22.543,3561
22.543,3560
22.543,3559
22.543,3558
22.543,3557
22.544,3556
22.544,3555
22.544,3554
22.544,3553
22.544,3552
22.544,3551
22.544,3550
22.545,3549
22.545,3548
22.545,3547
22.545,3546
22.545,3545
22.545,3544
22.545,3543
22.546,3542
22.546,3541
22.547,3540
22.547,3539
22.547,3538
22.547,3537
22.547,3536
22.548,3535
22.548,3534
22.548,3533
22.549,3532
22.549,3531
22.549,3530
22.549,3529
22.550,3528
22.550,3527
22.550,3526
22.550,3525
22.551,3524
22.551,3523
22.551,3522
22.551,3521
22.552,3520
22.552,3519
22.552,3518
22.553,3517
22.553,3516
22.554,3515
22.554,3514
22.554,3513
22.554,3512
22.554,3511
22.555,3510
22.555,3509
22.555,3508
22.555,3507
22.555,3506
22.556,3505
22.556,3504
22.557,3503
22.557,3502
22.557,3501
22.558,3500
22.558,3499
22.558,3498
22.558,3497
22.559,3496
22.559,3495
22.559,3494
22.559,3493
22.559,3492
22.560,3491
22.560,3490
22.560,3489
22.561,3488
22.561,3487
22.561,3486
22.562,3485
22.562,3484
22.562,3483
22.563,3482
22.563,3481
22.563,3480
22.563,3479
22.563,3478
22.564,3477
22.564,3476
22.564,3475
22.564,3474
22.565,3473
22.565,3472
22.565,3471
22.565,3470
22.566,3469
22.566,3468
22.566,3467
22.566,3466
22.567,3465
22.567,3464
22.567,3463
22.567,3462
22.568,3461
22.568,3460
22.568,3459
22.568,3458
22.569,3457
22.569,3456
22.569,3455
22.569,3454
22.569,3453
22.569,3452
22.570,3451
22.570,3450
22.570,3449
22.570,3448
22.570,3447
22.571,3446
22.571,3445
22.571,3444
22.572,3443
22.572,3442
22.572,3441
22.572,3440
22.572,3439
22.572,3438
22.573,3437
22.573,3436
22.574,3435
22.575,3434
22.575,3433
22.576,3432
22.576,3431
22.576,3430
22.576,3429
22.577,3428
22.577,3427
22.577,3426
22.578,3425
22.580,3424
22.585,3423
22.585,3422
22.585,3421
22.586,3420
22.586,3419
22.586,3418
22.587,3417
22.587,3416
22.588,3415
22.588,3414
22.589,3413
22.590,3412
22.591,3411
22.591,3410
22.592,3409
22.593,3408
22.593,3407
22.593,3406
22.594,3405
22.594,3404
22.596,3403
22.596,3402
22.597,3401
22.597,3400
22.598,3399
22.599,3398
22.600,3397
22.600,3396
22.600,3395
22.602,3394
22.602,3393
22.602,3392
22.602,3391
22.602,3390
22.604,3389
22.605,3388
22.605,3387
22.605,3386
22.605,3385
22.606,3384
22.607,3383
22.608,3382
22.610,3381
22.611,3380
22.614,3379
22.615,3378
22.616,3377
22.616,3376
22.617,3375
22.617,3374
22.621,3373
22.622,3372
22.622,3371
22.623,3370
22.623,3369
22.624,3368
22.625,3367
22.626,3366
22.626,3365
22.627,3364
22.628,3363
22.629,3362
22.629,3361
22.630,3360
22.630,3359
22.631,3358
22.632,3357
22.634,3356
22.637,3355
22.637,3354
22.639,3353
22.639,3352
22.641,3351
22.643,3350
22.647,3349
22.650,3348
22.650,3347
22.652,3346
22.657,3345
22.659,3344
22.659,3343
22.659,3342
22.660,3341
22.662,3340
22.664,3339
22.669,3338
22.671,3337
22.671,3336
22.672,3335
22.672,3334
22.675,3333
22.676,3332
22.679,3331
22.683,3330
22.683,3329
22.687,3328
22.688,3327
22.689,3326
22.691,3325
22.696,3324
22.697,3323
22.698,3322
22.698,3321
22.704,3320
22.706,3319
22.707,3318
22.717,3317
22.721,3316
22.724,3315
22.732,3314
22.749,3313
