0.041,960
0.158,959
0.158,958
0.158,957
0.159,956
0.159,955
0.159,954
0.159,953
0.159,952
0.159,951
0.159,950
0.160,949
0.160,948
0.160,947
0.160,946
0.160,945
0.160,944
0.161,943
0.161,942
0.161,941
0.161,940
0.161,939
0.162,938
0.162,937
0.162,936
0.162,935
0.162,934
0.162,933
0.163,932
0.163,931
0.163,930
0.163,929
0.163,928
0.163,927
0.164,926
0.164,925
0.164,924
0.164,923
0.164,922
0.165,921
0.165,920
0.165,919
0.165,918
0.165,917
0.165,916
0.165,915
0.165,914
0.166,913
0.166,912
0.166,911
0.166,910
0.166,909
0.167,908
0.167,907
0.167,906
0.167,905
0.167,904
0.168,903
0.168,902
0.168,901
0.168,900
0.168,899
0.168,898
0.169,897
0.169,896
0.169,895
0.169,894
0.169,893
0.170,892
0.170,891
0.170,890
0.170,889
0.170,888
0.170,887
0.171,886
0.171,885
0.171,884
0.171,883
0.171,882
0.171,881
0.171,880
0.171,879
0.171,878
0.171,877
0.171,876
0.172,875
0.172,874
0.172,873
0.172,872
0.172,871
0.172,870
0.172,869
0.172,868
0.172,867
0.172,866
0.173,865
0.173,864
0.173,863
0.173,862
0.173,861
0.173,860
0.173,859
0.173,858
0.173,857
0.173,856
0.173,855
0.173,854
0.173,853
0.173,852
0.174,851
0.174,850
0.174,849
0.174,848
0.174,847
0.174,846
0.174,845
0.174,844
0.174,843
0.174,842
0.174,841
0.174,840
0.175,839
0.175,838
0.175,837
0.175,836
0.175,835
0.175,834
0.176,833
0.176,832
0.176,831
0.176,830
0.176,829
0.176,828
0.176,827
0.176,826
0.176,825
0.176,824
0.176,823
0.176,822
0.177,821
0.177,820
0.177,819
0.177,818
0.177,817
0.177,816
0.177,815
0.177,814
0.177,813
0.177,812
0.177,811
0.177,810
0.177,809
0.177,808
0.177,807
0.178,806
0.178,805
0.178,804
0.178,803
0.178,802
0.178,801
0.178,800
0.178,799
0.178,798
0.178,797
0.178,796
0.179,795
0.179,794
0.179,793
0.179,792
0.179,791
0.179,790
0.179,789
0.179,788
0.179,787
0.179,786
0.179,785
0.179,784
0.180,783
0.180,782
0.180,781
0.180,780
0.180,779
0.180,778
0.180,777
0.180,776
0.181,775
0.181,774
0.181,773
0.181,772
0.181,771
0.181,770
0.181,769
0.182,768
0.182,767
0.183,766
0.183,765
0.183,764
0.183,763
0.183,762
0.183,761
0.183,760
0.183,759
0.183,758
0.184,757
0.184,756
0.184,755
0.184,754
0.185,753
0.185,752
