0.041,936
0.159,935
0.159,934
0.159,933
0.160,932
0.160,931
0.160,930
0.160,929
0.160,928
0.160,927
0.161,926
0.161,925
0.161,924
0.161,923
0.161,922
0.162,921
0.162,920
0.162,919
0.162,918
0.162,917
0.162,916
0.163,915
0.163,914
0.163,913
0.163,912
0.163,911
0.163,910
0.164,909
0.164,908
0.164,907
0.164,906
0.164,905
0.165,904
0.165,903
0.165,902
0.165,901
0.166,900
0.166,899
0.166,898
0.166,897
0.166,896
0.167,895
0.167,894
0.167,893
0.168,892
0.168,891
0.168,890
0.168,889
0.168,888
0.169,887
0.169,886
0.169,885
0.169,884
0.169,883
0.169,882
0.170,881
0.170,880
0.170,879
0.170,878
0.170,877
0.170,876
0.171,875
0.171,874
0.171,873
0.171,872
0.171,871
0.172,870
0.172,869
0.172,868
0.172,867
0.172,866
0.173,865
0.173,864
0.173,863
0.173,862
0.173,861
0.173,860
0.173,859
0.173,858
0.173,857
0.173,856
0.173,855
0.174,854
0.174,853
0.174,852
0.174,851
0.174,850
0.174,849
0.174,848
0.174,847
0.174,846
0.174,845
0.174,844
0.175,843
0.175,842
0.175,841
0.175,840
0.175,839
0.175,838
0.175,837
0.175,836
0.175,835
0.175,834
0.175,833
0.175,832
0.176,831
0.176,830
0.176,829
0.176,828
0.176,827
0.176,826
0.176,825
0.176,824
0.176,823
0.176,822
0.177,821
0.177,820
0.177,819
0.177,818
0.177,817
0.177,816
0.177,815
0.178,814
0.178,813
0.178,812
0.178,811
0.178,810
0.178,809
0.178,808
0.178,807
0.178,806
0.178,805
0.179,804
0.179,803
0.179,802
0.179,801
0.179,800
0.179,799
0.179,798
0.179,797
0.179,796
0.179,795
0.179,794
0.179,793
0.179,792
0.179,791
0.180,790
0.180,789
0.180,788
0.180,787
0.180,786
0.180,785
0.180,784
0.180,783
0.180,782
0.180,781
0.181,780
0.181,779
0.181,778
0.181,777
0.182,776
0.182,775
0.182,774
0.182,773
0.182,772
0.182,771
0.182,770
0.183,769
0.183,768
0.183,767
0.183,766
0.183,765
0.183,764
0.184,763
0.184,762
0.184,761
0.184,760
0.184,759
0.185,758
0.185,757
0.185,756
0.185,755
