0.053,928
0.172,927
0.172,926
0.172,925
0.173,924
0.173,923
0.173,922
0.173,921
0.173,920
0.173,919
0.174,918
0.174,917
0.174,916
0.174,915
0.174,914
0.175,913
0.175,912
0.175,911
0.175,910
0.175,909
0.176,908
0.176,907
0.176,906
0.176,905
0.176,904
0.177,903
0.177,902
0.177,901
0.177,900
0.177,899
0.178,898
0.178,897
0.178,896
0.178,895
0.178,894
0.178,893
0.179,892
0.179,891
0.179,890
0.179,889
0.179,888
0.179,887
0.180,886
0.180,885
0.180,884
0.180,883
0.180,882
0.180,881
0.181,880
0.181,879
0.181,878
0.181,877
0.182,876
0.182,875
0.182,874
0.182,873
0.182,872
0.182,871
0.183,870
0.183,869
0.183,868
0.183,867
0.183,866
0.183,865
0.184,864
0.184,863
0.184,862
0.184,861
0.185,860
0.185,859
0.185,858
0.185,857
0.185,856
0.186,855
0.186,854
0.186,853
0.186,852
0.186,851
0.186,850
0.186,849
0.186,848
0.187,847
0.187,846
0.187,845
0.187,844
0.187,843
0.187,842
0.187,841
0.187,840
0.187,839
0.187,838
0.187,837
0.188,836
0.188,835
0.188,834
0.188,833
0.188,832
0.188,831
0.188,830
0.188,829
0.188,828
0.188,827
0.189,826
0.189,825
0.189,824
0.190,823
0.190,822
0.190,821
0.190,820
0.190,819
0.190,818
0.190,817
0.190,816
0.190,815
0.190,814
0.190,813
0.190,812
0.190,811
0.191,810
0.191,809
0.191,808
0.191,807
0.191,806
0.191,805
0.191,804
0.191,803
0.191,802
0.192,801
0.192,800
0.192,799
0.192,798
0.192,797
0.192,796
0.192,795
0.192,794
0.192,793
0.192,792
0.192,791
0.193,790
0.193,789
0.193,788
0.193,787
0.193,786
0.193,785
0.193,784
0.193,783
0.193,782
0.193,781
0.193,780
0.193,779
0.193,778
0.193,777
0.194,776
0.194,775
0.194,774
0.194,773
0.194,772
0.194,771
0.194,770
0.194,769
0.195,768
0.195,767
0.195,766
0.195,765
0.195,764
0.195,763
0.195,762
0.195,761
0.196,760
0.196,759
0.196,758
0.196,757
0.196,756
0.196,755
0.197,754
0.197,753
0.197,752
0.197,751
0.197,750
0.198,749
0.198,748
0.198,747
0.198,746
0.198,745
