0.039,928
0.157,927
0.157,926
0.157,925
0.157,924
0.157,923
0.157,922
0.158,921
0.158,920
0.158,919
0.158,918
0.158,917
0.158,916
0.159,915
0.159,914
0.159,913
0.159,912
0.159,911
0.159,910
0.159,909
0.160,908
0.160,907
0.160,906
0.160,905
0.160,904
0.161,903
0.161,902
0.161,901
0.161,900
0.161,899
0.161,898
0.162,897
0.162,896
0.162,895
0.162,894
0.162,893
0.162,892
0.162,891
0.163,890
0.163,889
0.163,888
0.163,887
0.163,886
0.164,885
0.164,884
0.164,883
0.164,882
0.165,881
0.165,880
0.165,879
0.165,878
0.166,877
0.166,876
0.166,875
0.166,874
0.166,873
0.166,872
0.167,871
0.167,870
0.167,869
0.167,868
0.168,867
0.168,866
0.168,865
0.168,864
0.168,863
0.168,862
0.169,861
0.169,860
0.169,859
0.169,858
0.169,857
0.170,856
0.170,855
0.170,854
0.170,853
0.170,852
0.170,851
0.170,850
0.170,849
0.170,848
0.170,847
0.171,846
0.171,845
0.171,844
0.171,843
0.171,842
0.171,841
0.171,840
0.171,839
0.171,838
0.171,837
0.171,836
0.172,835
0.172,834
0.172,833
0.172,832
0.172,831
0.172,830
0.172,829
0.172,828
0.172,827
0.172,826
0.172,825
0.173,824
0.173,823
0.173,822
0.173,821
0.173,820
0.173,819
0.173,818
0.173,817
0.173,816
0.173,815
0.173,814
0.173,813
0.174,812
0.174,811
0.174,810
0.174,809
0.174,808
0.174,807
0.174,806
0.174,805
0.174,804
0.174,803
0.175,802
0.175,801
0.175,800
0.175,799
0.175,798
0.175,797
0.175,796
0.175,795
0.175,794
0.175,793
0.175,792
0.176,791
0.176,790
0.176,789
0.176,788
0.176,787
0.176,786
0.176,785
0.176,784
0.176,783
0.176,782
0.176,781
0.177,780
0.177,779
0.177,778
0.177,777
0.178,776
0.178,775
0.178,774
0.178,773
0.178,772
0.178,771
0.179,770
0.179,769
0.179,768
0.179,767
0.179,766
0.179,765
0.179,764
0.179,763
0.180,762
0.180,761
0.180,760
0.180,759
0.180,758
0.181,757
0.181,756
