0.043,960
0.165,959
0.165,958
0.165,957
0.165,956
0.166,955
0.166,954
0.166,953
0.166,952
0.166,951
0.166,950
0.167,949
0.167,948
0.167,947
0.167,946
0.167,945
0.168,944
0.168,943
0.168,942
0.168,941
0.169,940
0.169,939
0.169,938
0.169,937
0.169,936
0.170,935
0.170,934
0.170,933
0.170,932
0.170,931
0.170,930
0.171,929
0.171,928
0.171,927
0.171,926
0.171,925
0.172,924
0.172,923
0.172,922
0.172,921
0.172,920
0.172,919
0.173,918
0.173,917
0.173,916
0.173,915
0.173,914
0.173,913
0.173,912
0.174,911
0.174,910
0.174,909
0.174,908
0.174,907
0.174,906
0.175,905
0.175,904
0.175,903
0.175,902
0.175,901
0.175,900
0.175,899
0.176,898
0.176,897
0.176,896
0.176,895
0.176,894
0.177,893
0.177,892
0.177,891
0.177,890
0.177,889
0.177,888
0.177,887
0.178,886
0.178,885
0.178,884
0.178,883
0.178,882
0.178,881
0.178,880
0.178,879
0.178,878
0.178,877
0.178,876
0.178,875
0.179,874
0.179,873
0.179,872
0.179,871
0.179,870
0.179,869
0.179,868
0.179,867
0.179,866
0.179,865
0.179,864
0.179,863
0.180,862
0.180,861
0.180,860
0.180,859
0.180,858
0.180,857
0.180,856
0.180,855
0.180,854
0.180,853
0.180,852
0.181,851
0.181,850
0.181,849
0.181,848
0.181,847
0.181,846
0.181,845
0.181,844
0.181,843
0.181,842
0.181,841
0.181,840
0.182,839
0.182,838
0.182,837
0.182,836
0.182,835
0.183,834
0.183,833
0.183,832
0.183,831
0.183,830
0.183,829
0.183,828
0.183,827
0.183,826
0.183,825
0.183,824
0.184,823
0.184,822
0.184,821
0.184,820
0.184,819
0.184,818
0.184,817
0.184,816
0.184,815
0.184,814
0.184,813
0.184,812
0.185,811
0.185,810
0.185,809
0.185,808
0.185,807
0.185,806
0.185,805
0.185,804
0.185,803
0.185,802
0.185,801
0.185,800
0.185,799
0.185,798
0.186,797
0.186,796
0.186,795
0.186,794
0.186,793
0.186,792
0.186,791
0.186,790
0.186,789
0.186,788
0.186,787
0.186,786
0.187,785
0.187,784
0.187,783
0.187,782
0.187,781
0.187,780
0.187,779
0.187,778
0.187,777
0.187,776
0.188,775
0.188,774
0.188,773
0.188,772
0.188,771
0.188,770
0.188,769
0.189,768
0.189,767
0.190,766
0.190,765
0.190,764
0.190,763
0.190,762
0.190,761
0.190,760
0.191,759
0.191,758
0.191,757
0.191,756
0.191,755
0.191,754
0.191,753
0.192,752
0.192,751
