0.053,940
0.174,939
0.174,938
0.174,937
0.174,936
0.174,935
0.175,934
0.175,933
0.175,932
0.175,931
0.175,930
0.175,929
0.176,928
0.176,927
0.176,926
0.176,925
0.176,924
0.177,923
0.177,922
0.177,921
0.177,920
0.177,919
0.178,918
0.178,917
0.178,916
0.178,915
0.178,914
0.179,913
0.179,912
0.179,911
0.179,910
0.179,909
0.179,908
0.180,907
0.180,906
0.180,905
0.180,904
0.181,903
0.181,902
0.181,901
0.181,900
0.181,899
0.181,898
0.182,897
0.182,896
0.182,895
0.182,894
0.182,893
0.182,892
0.183,891
0.183,890
0.183,889
0.183,888
0.183,887
0.184,886
0.184,885
0.184,884
0.184,883
0.184,882
0.184,881
0.184,880
0.185,879
0.185,878
0.185,877
0.185,876
0.185,875
0.186,874
0.186,873
0.186,872
0.186,871
0.186,870
0.187,869
0.187,868
0.187,867
0.187,866
0.187,865
0.187,864
0.187,863
0.187,862
0.187,861
0.187,860
0.187,859
0.187,858
0.188,857
0.188,856
0.188,855
0.188,854
0.188,853
0.188,852
0.188,851
0.188,850
0.188,849
0.188,848
0.188,847
0.188,846
0.189,845
0.189,844
0.189,843
0.189,842
0.189,841
0.189,840
0.189,839
0.189,838
0.189,837
0.189,836
0.189,835
0.190,834
0.190,833
0.190,832
0.190,831
0.191,830
0.191,829
0.191,828
0.191,827
0.191,826
0.191,825
0.191,824
0.191,823
0.191,822
0.191,821
0.191,820
0.192,819
0.192,818
0.192,817
0.192,816
0.192,815
0.192,814
0.192,813
0.192,812
0.193,811
0.193,810
0.193,809
0.193,808
0.193,807
0.193,806
0.193,805
0.193,804
0.193,803
0.193,802
0.193,801
0.193,800
0.193,799
0.193,798
0.193,797
0.193,796
0.194,795
0.194,794
0.194,793
0.194,792
0.194,791
0.194,790
0.194,789
0.194,788
0.194,787
0.194,786
0.194,785
0.194,784
0.194,783
0.194,782
0.195,781
0.195,780
0.195,779
0.195,778
0.195,777
0.195,776
0.195,775
0.195,774
0.196,773
0.196,772
0.196,771
0.196,770
0.196,769
0.196,768
0.196,767
0.197,766
0.197,765
0.197,764
0.197,763
0.197,762
0.197,761
0.197,760
0.197,759
0.197,758
0.197,757
0.198,756
0.198,755
0.198,754
0.198,753
0.198,752
0.199,751
0.199,750
0.199,749
0.200,748
0.200,747
0.200,746
0.201,745
