0.053,940
0.172,939
0.172,938
0.172,937
0.172,936
0.173,935
0.173,934
0.173,933
0.173,932
0.173,931
0.173,930
0.174,929
0.174,928
0.174,927
0.174,926
0.175,925
0.175,924
0.175,923
0.175,922
0.175,921
0.175,920
0.176,919
0.176,918
0.176,917
0.176,916
0.176,915
0.177,914
0.177,913
0.177,912
0.177,911
0.178,910
0.178,909
0.178,908
0.178,907
0.178,906
0.178,905
0.179,904
0.179,903
0.179,902
0.179,901
0.179,900
0.179,899
0.180,898
0.180,897
0.180,896
0.180,895
0.181,894
0.181,893
0.181,892
0.181,891
0.182,890
0.182,889
0.182,888
0.182,887
0.182,886
0.182,885
0.182,884
0.183,883
0.183,882
0.183,881
0.183,880
0.183,879
0.183,878
0.184,877
0.184,876
0.184,875
0.184,874
0.184,873
0.184,872
0.185,871
0.185,870
0.185,869
0.185,868
0.185,867
0.185,866
0.186,865
0.186,864
0.186,863
0.186,862
0.187,861
0.187,860
0.187,859
0.187,858
0.187,857
0.187,856
0.187,855
0.187,854
0.187,853
0.187,852
0.187,851
0.187,850
0.187,849
0.188,848
0.188,847
0.188,846
0.188,845
0.188,844
0.188,843
0.188,842
0.188,841
0.188,840
0.188,839
0.188,838
0.188,837
0.189,836
0.189,835
0.189,834
0.189,833
0.189,832
0.189,831
0.189,830
0.189,829
0.189,828
0.189,827
0.189,826
0.189,825
0.189,824
0.190,823
0.190,822
0.190,821
0.190,820
0.190,819
0.191,818
0.191,817
0.191,816
0.191,815
0.191,814
0.191,813
0.191,812
0.191,811
0.192,810
0.192,809
0.192,808
0.192,807
0.192,806
0.192,805
0.192,804
0.192,803
0.192,802
0.192,801
0.192,800
0.192,799
0.192,798
0.192,797
0.192,796
0.193,795
0.193,794
0.193,793
0.193,792
0.193,791
0.193,790
0.193,789
0.193,788
0.193,787
0.193,786
0.193,785
0.193,784
0.193,783
0.194,782
0.194,781
0.194,780
0.194,779
0.194,778
0.194,777
0.194,776
0.194,775
0.194,774
0.195,773
0.195,772
0.195,771
0.195,770
0.195,769
0.195,768
0.196,767
0.196,766
0.196,765
0.196,764
0.196,763
0.197,762
0.197,761
0.197,760
0.197,759
0.197,758
0.197,757
0.197,756
0.198,755
0.198,754
0.198,753
0.198,752
0.199,751
0.200,750
