0.041,960
0.163,959
0.164,958
0.164,957
0.164,956
0.164,955
0.164,954
0.164,953
0.164,952
0.165,951
0.165,950
0.165,949
0.165,948
0.165,947
0.165,946
0.166,945
0.166,944
0.166,943
0.166,942
0.166,941
0.166,940
0.166,939
0.167,938
0.167,937
0.167,936
0.167,935
0.168,934
0.168,933
0.168,932
0.169,931
0.169,930
0.169,929
0.169,928
0.169,927
0.169,926
0.170,925
0.170,924
0.170,923
0.170,922
0.170,921
0.170,920
0.171,919
0.171,918
0.171,917
0.171,916
0.171,915
0.171,914
0.171,913
0.172,912
0.172,911
0.172,910
0.172,909
0.172,908
0.172,907
0.173,906
0.173,905
0.173,904
0.173,903
0.173,902
0.173,901
0.173,900
0.174,899
0.174,898
0.174,897
0.174,896
0.174,895
0.175,894
0.175,893
0.175,892
0.175,891
0.175,890
0.175,889
0.176,888
0.176,887
0.176,886
0.176,885
0.176,884
0.176,883
0.176,882
0.176,881
0.176,880
0.177,879
0.177,878
0.177,877
0.177,876
0.177,875
0.177,874
0.177,873
0.177,872
0.177,871
0.177,870
0.178,869
0.178,868
0.178,867
0.178,866
0.178,865
0.178,864
0.178,863
0.178,862
0.178,861
0.178,860
0.178,859
0.178,858
0.178,857
0.179,856
0.179,855
0.179,854
0.179,853
0.179,852
0.179,851
0.179,850
0.179,849
0.179,848
0.179,847
0.179,846
0.179,845
0.179,844
0.180,843
0.180,842
0.180,841
0.180,840
0.180,839
0.180,838
0.180,837
0.180,836
0.180,835
0.180,834
0.180,833
0.180,832
0.181,831
0.181,830
0.181,829
0.181,828
0.181,827
0.181,826
0.181,825
0.181,824
0.181,823
0.181,822
0.181,821
0.181,820
0.181,819
0.182,818
0.182,817
0.182,816
0.182,815
0.182,814
0.182,813
0.182,812
0.182,811
0.182,810
0.182,809
0.182,808
0.182,807
0.182,806
0.183,805
0.183,804
0.183,803
0.183,802
0.183,801
0.183,800
0.183,799
0.183,798
0.183,797
0.183,796
0.183,795
0.183,794
0.183,793
0.183,792
0.184,791
0.184,790
0.184,789
0.184,788
0.184,787
0.184,786
0.184,785
0.184,784
0.184,783
0.184,782
0.185,781
0.185,780
0.185,779
0.185,778
0.185,777
0.185,776
0.185,775
0.185,774
0.185,773
0.185,772
0.186,771
0.186,770
0.186,769
0.187,768
0.187,767
0.187,766
0.187,765
0.188,764
0.188,763
0.188,762
0.188,761
0.188,760
0.188,759
0.189,758
0.189,757
0.189,756
0.189,755
0.189,754
0.189,753
