0.051,924
0.172,923
0.172,922
0.172,921
0.172,920
0.173,919
0.173,918
0.173,917
0.173,916
0.173,915
0.173,914
0.174,913
0.174,912
0.174,911
0.174,910
0.175,909
0.175,908
0.175,907
0.176,906
0.176,905
0.176,904
0.177,903
0.177,902
0.177,901
0.177,900
0.177,899
0.177,898
0.178,897
0.178,896
0.178,895
0.178,894
0.178,893
0.179,892
0.179,891
0.179,890
0.179,889
0.179,888
0.180,887
0.180,886
0.180,885
0.180,884
0.180,883
0.181,882
0.181,881
0.181,880
0.181,879
0.181,878
0.181,877
0.182,876
0.182,875
0.182,874
0.182,873
0.182,872
0.182,871
0.183,870
0.183,869
0.183,868
0.183,867
0.183,866
0.183,865
0.183,864
0.184,863
0.185,862
0.185,861
0.185,860
0.186,859
0.186,858
0.186,857
0.186,856
0.186,855
0.186,854
0.186,853
0.186,852
0.186,851
0.187,850
0.187,849
0.187,848
0.187,847
0.187,846
0.187,845
0.187,844
0.187,843
0.187,842
0.187,841
0.187,840
0.187,839
0.187,838
0.188,837
0.188,836
0.188,835
0.188,834
0.188,833
0.188,832
0.188,831
0.188,830
0.188,829
0.188,828
0.188,827
0.188,826
0.188,825
0.188,824
0.189,823
0.189,822
0.189,821
0.189,820
0.189,819
0.189,818
0.189,817
0.189,816
0.189,815
0.189,814
0.189,813
0.189,812
0.189,811
0.190,810
0.190,809
0.190,808
0.190,807
0.190,806
0.190,805
0.190,804
0.190,803
0.190,802
0.190,801
0.190,800
0.190,799
0.191,798
0.191,797
0.191,796
0.191,795
0.191,794
0.191,793
0.191,792
0.191,791
0.191,790
0.192,789
0.192,788
0.192,787
0.192,786
0.192,785
0.192,784
0.192,783
0.192,782
0.192,781
0.192,780
0.193,779
0.193,778
0.194,777
0.194,776
0.194,775
0.194,774
0.194,773
0.194,772
0.194,771
0.195,770
0.195,769
0.195,768
0.195,767
0.195,766
0.196,765
0.196,764
0.196,763
0.196,762
0.196,761
0.197,760
0.197,759
