0.041,926
0.159,925
0.159,924
0.160,923
0.160,922
0.160,921
0.160,920
0.161,919
0.161,918
0.161,917
0.161,916
0.162,915
0.162,914
0.162,913
0.162,912
0.163,911
0.163,910
0.163,909
0.163,908
0.163,907
0.164,906
0.164,905
0.164,904
0.164,903
0.164,902
0.164,901
0.165,900
0.165,899
0.165,898
0.165,897
0.165,896
0.166,895
0.166,894
0.166,893
0.166,892
0.166,891
0.166,890
0.167,889
0.167,888
0.167,887
0.167,886
0.167,885
0.168,884
0.168,883
0.168,882
0.168,881
0.169,880
0.169,879
0.169,878
0.169,877
0.169,876
0.169,875
0.170,874
0.170,873
0.170,872
0.170,871
0.170,870
0.170,869
0.171,868
0.171,867
0.171,866
0.171,865
0.172,864
0.172,863
0.172,862
0.172,861
0.172,860
0.172,859
0.173,858
0.173,857
0.173,856
0.173,855
0.174,854
0.174,853
0.174,852
0.174,851
0.174,850
0.174,849
0.174,848
0.174,847
0.175,846
0.175,845
0.175,844
0.175,843
0.175,842
0.175,841
0.175,840
0.175,839
0.175,838
0.175,837
0.176,836
0.176,835
0.176,834
0.176,833
0.176,832
0.176,831
0.176,830
0.176,829
0.176,828
0.176,827
0.176,826
0.176,825
0.177,824
0.177,823
0.177,822
0.177,821
0.177,820
0.177,819
0.177,818
0.177,817
0.177,816
0.177,815
0.177,814
0.177,813
0.178,812
0.178,811
0.178,810
0.178,809
0.178,808
0.178,807
0.178,806
0.178,805
0.178,804
0.178,803
0.178,802
0.179,801
0.179,800
0.179,799
0.179,798
0.179,797
0.179,796
0.179,795
0.179,794
0.179,793
0.180,792
0.180,791
0.180,790
0.180,789
0.180,788
0.180,787
0.180,786
0.180,785
0.180,784
0.180,783
0.180,782
0.180,781
0.180,780
0.181,779
0.181,778
0.181,777
0.181,776
0.181,775
0.181,774
0.181,773
0.181,772
0.181,771
0.182,770
0.182,769
0.182,768
0.182,767
0.183,766
0.183,765
0.183,764
0.183,763
0.184,762
0.184,761
0.184,760
0.185,759
0.185,758
0.185,757
0.185,756
0.186,755
0.186,754
0.186,753
