0.084,880
0.352,879
0.352,878
0.353,877
0.353,876
0.353,875
0.353,874
0.353,873
0.353,872
0.353,871
0.353,870
0.353,869
0.354,868
0.354,867
0.354,866
0.354,865
0.354,864
0.354,863
0.354,862
0.354,861
0.354,860
0.354,859
0.354,858
0.355,857
0.355,856
0.355,855
0.355,854
0.355,853
0.355,852
0.355,851
0.355,850
0.355,849
0.355,848
0.355,847
0.355,846
0.356,845
0.356,844
0.356,843
0.356,842
0.356,841
0.356,840
0.356,839
0.356,838
0.356,837
0.356,836
0.356,835
0.356,834
0.356,833
0.357,832
0.357,831
0.357,830
0.357,829
0.357,828
0.357,827
0.357,826
0.357,825
0.357,824
0.358,823
0.358,822
0.358,821
0.358,820
0.358,819
0.358,818
0.358,817
0.358,816
0.358,815
0.358,814
0.359,813
0.359,812
0.359,811
0.359,810
0.359,809
0.359,808
0.359,807
0.359,806
0.359,805
0.360,804
0.360,803
0.360,802
0.360,801
0.360,800
0.360,799
0.360,798
0.360,797
0.360,796
0.361,795
0.361,794
0.361,793
0.361,792
0.361,791
0.361,790
0.362,789
0.362,788
0.362,787
0.362,786
0.362,785
0.362,784
0.362,783
0.362,782
0.363,781
0.363,780
0.363,779
0.363,778
0.363,777
0.363,776
0.363,775
0.363,774
0.363,773
0.364,772
0.364,771
0.364,770
0.364,769
0.364,768
0.364,767
0.364,766
0.364,765
0.365,764
0.365,763
0.365,762
0.365,761
0.365,760
0.366,759
0.366,758
0.366,757
0.366,756
0.366,755
0.366,754
0.366,753
0.366,752
0.366,751
0.366,750
0.366,749
0.366,748
0.367,747
0.367,746
0.367,745
0.367,744
0.367,743
0.367,742
0.367,741
0.367,740
0.367,739
0.367,738
0.367,737
0.367,736
0.367,735
0.367,734
0.367,733
0.367,732
0.367,731
0.367,730
0.368,729
0.368,728
0.368,727
0.368,726
0.368,725
0.368,724
0.368,723
0.368,722
0.368,721
0.368,720
0.368,719
0.368,718
0.369,717
0.369,716
0.369,715
0.369,714
0.369,713
0.369,712
0.369,711
0.369,710
0.369,709
0.369,708
0.369,707
0.370,706
0.370,705
0.370,704
0.370,703
0.370,702
0.370,701
0.370,700
0.370,699
0.370,698
0.370,697
0.370,696
0.370,695
0.370,694
0.370,693
0.370,692
0.371,691
0.371,690
0.371,689
0.371,688
0.371,687
0.371,686
0.371,685
0.371,684
0.371,683
0.371,682
0.371,681
0.371,680
0.371,679
0.371,678
0.371,677
0.372,676
0.372,675
0.372,674
0.372,673
0.372,672
0.372,671
0.372,670
0.372,669
0.372,668
0.372,667
0.372,666
0.372,665
0.372,664
0.372,663
0.373,662
0.373,661
0.373,660
0.373,659
0.373,658
0.373,657
0.373,656
0.373,655
0.373,654
0.373,653
0.373,652
0.373,651
0.373,650
0.374,649
0.374,648
0.374,647
0.374,646
0.374,645
0.374,644
0.374,643
0.375,642
0.375,641
0.375,640
0.375,639
0.375,638
0.375,637
0.376,636
0.376,635
0.376,634
0.376,633
0.376,632
0.376,631
0.377,630
0.377,629
0.377,628
0.377,627
0.378,626
0.379,625
0.380,624
0.380,623
0.380,622
0.381,621
0.381,620
0.381,619
0.381,618
0.381,617
0.381,616
0.382,615
