0.095,848
0.364,847
0.364,846
0.364,845
0.365,844
0.365,843
0.365,842
0.365,841
0.365,840
0.365,839
0.365,838
0.365,837
0.365,836
0.365,835
0.366,834
0.366,833
0.366,832
0.366,831
0.366,830
0.366,829
0.366,828
0.366,827
0.366,826
0.366,825
0.366,824
0.366,823
0.367,822
0.367,821
0.367,820
0.367,819
0.367,818
0.367,817
0.367,816
0.367,815
0.367,814
0.367,813
0.367,812
0.367,811
0.367,810
0.368,809
0.368,808
0.368,807
0.368,806
0.368,805
0.368,804
0.368,803
0.368,802
0.369,801
0.369,800
0.369,799
0.369,798
0.369,797
0.369,796
0.369,795
0.369,794
0.369,793
0.370,792
0.370,791
0.370,790
0.370,789
0.370,788
0.370,787
0.370,786
0.370,785
0.370,784
0.370,783
0.371,782
0.371,781
0.371,780
0.371,779
0.371,778
0.371,777
0.371,776
0.371,775
0.371,774
0.371,773
0.371,772
0.372,771
0.372,770
0.372,769
0.372,768
0.372,767
0.372,766
0.372,765
0.373,764
0.373,763
0.373,762
0.373,761
0.374,760
0.374,759
0.374,758
0.374,757
0.374,756
0.374,755
0.374,754
0.374,753
0.375,752
0.375,751
0.375,750
0.375,749
0.375,748
0.375,747
0.376,746
0.376,745
0.376,744
0.376,743
0.376,742
0.376,741
0.376,740
0.376,739
0.376,738
0.377,737
0.377,736
0.377,735
0.377,734
0.377,733
0.377,732
0.377,731
0.377,730
0.378,729
0.378,728
0.378,727
0.378,726
0.378,725
0.378,724
0.378,723
0.379,722
0.379,721
0.379,720
0.379,719
0.379,718
0.380,717
0.380,716
0.380,715
0.380,714
0.380,713
0.380,712
0.380,711
0.381,710
0.381,709
0.381,708
0.381,707
0.381,706
0.381,705
0.381,704
0.381,703
0.381,702
0.381,701
0.381,700
0.381,699
0.381,698
0.381,697
0.381,696
0.382,695
0.382,694
0.382,693
0.382,692
0.382,691
0.383,690
0.383,689
0.383,688
0.383,687
0.383,686
0.383,685
0.383,684
0.383,683
0.383,682
0.383,681
0.383,680
0.383,679
0.384,678
0.384,677
0.384,676
0.384,675
0.384,674
0.384,673
0.384,672
0.384,671
0.384,670
0.384,669
0.384,668
0.384,667
0.384,666
0.385,665
0.385,664
0.385,663
0.385,662
0.385,661
0.385,660
0.385,659
0.385,658
0.385,657
0.386,656
0.386,655
0.386,654
0.386,653
0.386,652
0.386,651
0.386,650
0.386,649
0.387,648
0.387,647
0.387,646
0.387,645
0.387,644
0.387,643
0.387,642
0.387,641
0.387,640
0.388,639
0.388,638
0.388,637
0.388,636
0.388,635
0.388,634
0.388,633
0.389,632
0.389,631
0.389,630
0.389,629
0.389,628
0.389,627
0.390,626
0.390,625
0.390,624
0.391,623
0.391,622
0.391,621
0.391,620
0.391,619
0.393,618
0.395,617
