0.095,854
0.361,853
0.361,852
0.361,851
0.361,850
0.361,849
0.361,848
0.361,847
0.361,846
0.361,845
0.362,844
0.362,843
0.362,842
0.362,841
0.362,840
0.362,839
0.362,838
0.362,837
0.362,836
0.362,835
0.362,834
0.363,833
0.363,832
0.363,831
0.363,830
0.363,829
0.363,828
0.363,827
0.363,826
0.363,825
0.363,824
0.363,823
0.363,822
0.364,821
0.364,820
0.364,819
0.364,818
0.364,817
0.364,816
0.364,815
0.364,814
0.364,813
0.364,812
0.365,811
0.365,810
0.365,809
0.365,808
0.365,807
0.365,806
0.365,805
0.365,804
0.365,803
0.366,802
0.366,801
0.366,800
0.366,799
0.366,798
0.366,797
0.366,796
0.366,795
0.366,794
0.366,793
0.367,792
0.367,791
0.367,790
0.367,789
0.367,788
0.367,787
0.367,786
0.367,785
0.367,784
0.368,783
0.368,782
0.368,781
0.368,780
0.368,779
0.368,778
0.368,777
0.368,776
0.368,775
0.368,774
0.369,773
0.369,772
0.369,771
0.369,770
0.369,769
0.369,768
0.369,767
0.369,766
0.369,765
0.370,764
0.370,763
0.370,762
0.370,761
0.370,760
0.370,759
0.370,758
0.370,757
0.371,756
0.371,755
0.371,754
0.371,753
0.371,752
0.371,751
0.371,750
0.371,749
0.372,748
0.372,747
0.372,746
0.372,745
0.372,744
0.372,743
0.372,742
0.373,741
0.373,740
0.373,739
0.373,738
0.373,737
0.373,736
0.373,735
0.374,734
0.374,733
0.374,732
0.375,731
0.375,730
0.375,729
0.375,728
0.375,727
0.375,726
0.375,725
0.375,724
0.376,723
0.376,722
0.376,721
0.376,720
0.376,719
0.376,718
0.376,717
0.377,716
0.377,715
0.377,714
0.377,713
0.377,712
0.377,711
0.378,710
0.378,709
0.378,708
0.378,707
0.378,706
0.378,705
0.378,704
0.378,703
0.378,702
0.378,701
0.378,700
0.378,699
0.378,698
0.378,697
0.378,696
0.378,695
0.378,694
0.378,693
0.379,692
0.379,691
0.379,690
0.379,689
0.379,688
0.379,687
0.379,686
0.379,685
0.379,684
0.379,683
0.379,682
0.379,681
0.379,680
0.380,679
0.380,678
0.380,677
0.380,676
0.380,675
0.380,674
0.380,673
0.380,672
0.380,671
0.380,670
0.380,669
0.380,668
0.380,667
0.380,666
0.381,665
0.381,664
0.381,663
0.381,662
0.381,661
0.382,660
0.382,659
0.382,658
0.382,657
0.382,656
0.382,655
0.382,654
0.382,653
0.382,652
0.382,651
0.383,650
0.383,649
0.384,648
0.384,647
0.384,646
0.384,645
0.384,644
0.384,643
0.384,642
0.384,641
0.385,640
0.385,639
0.385,638
0.385,637
0.385,636
0.385,635
0.385,634
0.385,633
0.385,632
0.385,631
0.385,630
0.386,629
0.386,628
0.386,627
0.386,626
0.386,625
0.386,624
0.387,623
0.387,622
0.387,621
0.387,620
0.388,619
0.388,618
0.389,617
0.389,616
