0.086,876
0.365,875
0.365,874
0.366,873
0.366,872
0.366,871
0.366,870
0.366,869
0.366,868
0.366,867
0.366,866
0.366,865
0.366,864
0.367,863
0.367,862
0.367,861
0.367,860
0.367,859
0.367,858
0.367,857
0.367,856
0.367,855
0.367,854
0.367,853
0.367,852
0.368,851
0.368,850
0.368,849
0.368,848
0.368,847
0.368,846
0.368,845
0.369,844
0.369,843
0.369,842
0.369,841
0.369,840
0.369,839
0.369,838
0.369,837
0.369,836
0.369,835
0.369,834
0.369,833
0.370,832
0.370,831
0.370,830
0.370,829
0.370,828
0.370,827
0.370,826
0.370,825
0.370,824
0.370,823
0.370,822
0.371,821
0.371,820
0.371,819
0.371,818
0.371,817
0.371,816
0.371,815
0.371,814
0.371,813
0.371,812
0.372,811
0.372,810
0.372,809
0.372,808
0.372,807
0.372,806
0.372,805
0.372,804
0.372,803
0.372,802
0.373,801
0.373,800
0.373,799
0.373,798
0.373,797
0.373,796
0.373,795
0.373,794
0.374,793
0.374,792
0.374,791
0.374,790
0.374,789
0.375,788
0.375,787
0.375,786
0.375,785
0.375,784
0.375,783
0.375,782
0.375,781
0.375,780
0.375,779
0.376,778
0.376,777
0.376,776
0.376,775
0.376,774
0.376,773
0.376,772
0.376,771
0.376,770
0.377,769
0.377,768
0.377,767
0.377,766
0.377,765
0.377,764
0.377,763
0.378,762
0.378,761
0.378,760
0.378,759
0.378,758
0.378,757
0.378,756
0.379,755
0.379,754
0.379,753
0.379,752
0.379,751
0.379,750
0.379,749
0.379,748
0.379,747
0.379,746
0.379,745
0.380,744
0.380,743
0.380,742
0.380,741
0.380,740
0.380,739
0.380,738
0.380,737
0.380,736
0.380,735
0.380,734
0.380,733
0.380,732
0.380,731
0.380,730
0.380,729
0.381,728
0.381,727
0.381,726
0.381,725
0.381,724
0.381,723
0.381,722
0.381,721
0.381,720
0.381,719
0.381,718
0.381,717
0.381,716
0.381,715
0.381,714
0.381,713
0.382,712
0.382,711
0.382,710
0.382,709
0.382,708
0.382,707
0.382,706
0.382,705
0.382,704
0.382,703
0.382,702
0.382,701
0.382,700
0.382,699
0.383,698
0.384,697
0.384,696
0.385,695
0.385,694
0.385,693
0.385,692
0.385,691
0.385,690
0.385,689
0.385,688
0.385,687
0.386,686
0.386,685
0.387,684
0.387,683
0.387,682
0.387,681
0.387,680
0.387,679
0.387,678
0.387,677
0.387,676
0.388,675
0.388,674
0.388,673
0.388,672
0.388,671
0.388,670
0.388,669
0.388,668
0.388,667
0.388,666
0.388,665
0.388,664
0.389,663
0.389,662
0.389,661
0.389,660
0.389,659
0.389,658
0.389,657
0.389,656
0.389,655
0.390,654
0.390,653
0.390,652
0.390,651
0.390,650
0.391,649
0.391,648
0.391,647
0.391,646
0.391,645
0.391,644
0.391,643
0.391,642
0.392,641
0.392,640
0.392,639
0.392,638
0.393,637
0.393,636
0.393,635
0.393,634
0.394,633
0.394,632
0.394,631
0.395,630
0.395,629
0.395,628
0.395,627
0.395,626
0.395,625
0.396,624
0.396,623
0.397,622
0.397,621
0.397,620
0.397,619
