0.085,880
0.362,879
0.362,878
0.362,877
0.362,876
0.362,875
0.363,874
0.363,873
0.363,872
0.363,871
0.363,870
0.363,869
0.363,868
0.363,867
0.363,866
0.363,865
0.363,864
0.364,863
0.364,862
0.364,861
0.364,860
0.364,859
0.364,858
0.364,857
0.364,856
0.364,855
0.364,854
0.364,853
0.364,852
0.365,851
0.365,850
0.365,849
0.365,848
0.365,847
0.365,846
0.365,845
0.365,844
0.365,843
0.368,842
0.369,841
0.369,840
0.369,839
0.369,838
0.370,837
0.370,836
0.370,835
0.370,834
0.370,833
0.370,832
0.370,831
0.371,830
0.371,829
0.371,828
0.371,827
0.372,826
0.372,825
0.372,824
0.372,823
0.372,822
0.372,821
0.373,820
0.373,819
0.373,818
0.373,817
0.373,816
0.374,815
0.374,814
0.374,813
0.374,812
0.374,811
0.374,810
0.375,809
0.375,808
0.375,807
0.375,806
0.375,805
0.375,804
0.376,803
0.376,802
0.376,801
0.376,800
0.376,799
0.376,798
0.377,797
0.377,796
0.377,795
0.377,794
0.377,793
0.377,792
0.377,791
0.377,790
0.377,789
0.378,788
0.378,787
0.378,786
0.378,785
0.378,784
0.378,783
0.378,782
0.378,781
0.378,780
0.378,779
0.378,778
0.378,777
0.378,776
0.378,775
0.378,774
0.378,773
0.379,772
0.379,771
0.379,770
0.379,769
0.379,768
0.379,767
0.379,766
0.379,765
0.379,764
0.379,763
0.379,762
0.379,761
0.380,760
0.380,759
0.380,758
0.380,757
0.380,756
0.380,755
0.380,754
0.380,753
0.380,752
0.380,751
0.380,750
0.380,749
0.381,748
0.381,747
0.381,746
0.381,745
0.381,744
0.381,743
0.381,742
0.381,741
0.381,740
0.381,739
0.381,738
0.381,737
0.381,736
0.381,735
0.381,734
0.381,733
0.381,732
0.381,731
0.382,730
0.382,729
0.382,728
0.382,727
0.382,726
0.382,725
0.382,724
0.382,723
0.382,722
0.382,721
0.382,720
0.382,719
0.382,718
0.382,717
0.382,716
0.382,715
0.383,714
0.383,713
0.383,712
0.383,711
0.383,710
0.384,709
0.384,708
0.384,707
0.384,706
0.384,705
0.384,704
0.384,703
0.384,702
0.384,701
0.384,700
0.384,699
0.384,698
0.384,697
0.384,696
0.384,695
0.384,694
0.385,693
0.385,692
0.385,691
0.385,690
0.385,689
0.386,688
0.386,687
0.386,686
0.386,685
0.386,684
0.386,683
0.386,682
0.386,681
0.386,680
0.386,679
0.386,678
0.386,677
0.387,676
0.387,675
0.387,674
0.387,673
0.387,672
0.387,671
0.387,670
0.387,669
0.387,668
0.387,667
0.387,666
0.388,665
0.388,664
0.388,663
0.388,662
0.388,661
0.388,660
0.388,659
0.388,658
0.388,657
0.388,656
0.388,655
0.389,654
0.389,653
0.389,652
0.389,651
0.389,650
0.389,649
0.389,648
0.389,647
0.389,646
0.389,645
0.390,644
0.390,643
0.390,642
0.390,641
0.390,640
0.390,639
0.390,638
0.390,637
0.390,636
0.390,635
0.390,634
0.391,633
0.391,632
0.391,631
0.391,630
0.392,629
0.392,628
0.392,627
0.393,626
0.393,625
0.394,624
0.395,623
0.395,622
0.395,621
0.395,620
0.395,619
0.395,618
0.396,617
0.397,616
