0.086,852
0.352,851
0.352,850
0.353,849
0.353,848
0.353,847
0.353,846
0.353,845
0.353,844
0.353,843
0.353,842
0.353,841
0.354,840
0.354,839
0.354,838
0.354,837
0.354,836
0.354,835
0.354,834
0.354,833
0.354,832
0.355,831
0.355,830
0.355,829
0.355,828
0.355,827
0.355,826
0.355,825
0.355,824
0.355,823
0.355,822
0.355,821
0.355,820
0.355,819
0.356,818
0.356,817
0.356,816
0.356,815
0.356,814
0.356,813
0.356,812
0.356,811
0.356,810
0.356,809
0.356,808
0.356,807
0.356,806
0.356,805
0.357,804
0.357,803
0.357,802
0.357,801
0.357,800
0.357,799
0.357,798
0.357,797
0.357,796
0.358,795
0.358,794
0.358,793
0.358,792
0.359,791
0.359,790
0.359,789
0.359,788
0.359,787
0.359,786
0.359,785
0.359,784
0.359,783
0.360,782
0.360,781
0.360,780
0.360,779
0.360,778
0.360,777
0.360,776
0.360,775
0.360,774
0.360,773
0.361,772
0.361,771
0.361,770
0.361,769
0.361,768
0.361,767
0.361,766
0.361,765
0.362,764
0.362,763
0.362,762
0.362,761
0.362,760
0.362,759
0.362,758
0.362,757
0.362,756
0.363,755
0.363,754
0.363,753
0.363,752
0.363,751
0.363,750
0.364,749
0.364,748
0.364,747
0.364,746
0.364,745
0.364,744
0.364,743
0.365,742
0.365,741
0.365,740
0.365,739
0.365,738
0.365,737
0.365,736
0.366,735
0.366,734
0.366,733
0.366,732
0.366,731
0.366,730
0.366,729
0.366,728
0.366,727
0.366,726
0.366,725
0.367,724
0.367,723
0.367,722
0.367,721
0.367,720
0.367,719
0.367,718
0.367,717
0.367,716
0.367,715
0.367,714
0.367,713
0.367,712
0.367,711
0.367,710
0.368,709
0.368,708
0.368,707
0.368,706
0.368,705
0.368,704
0.368,703
0.368,702
0.368,701
0.368,700
0.368,699
0.368,698
0.368,697
0.368,696
0.368,695
0.368,694
0.369,693
0.369,692
0.369,691
0.369,690
0.369,689
0.369,688
0.369,687
0.369,686
0.369,685
0.369,684
0.369,683
0.369,682
0.370,681
0.370,680
0.370,679
0.370,678
0.370,677
0.370,676
0.370,675
0.370,674
0.370,673
0.371,672
0.371,671
0.371,670
0.371,669
0.371,668
0.371,667
0.371,666
0.371,665
0.371,664
0.371,663
0.371,662
0.371,661
0.371,660
0.371,659
0.371,658
0.372,657
0.372,656
0.372,655
0.372,654
0.372,653
0.372,652
0.372,651
0.373,650
0.373,649
0.373,648
0.373,647
0.373,646
0.373,645
0.373,644
0.374,643
0.374,642
0.374,641
0.374,640
0.374,639
0.374,638
0.374,637
0.375,636
0.375,635
0.375,634
0.375,633
0.375,632
0.375,631
0.375,630
0.376,629
0.376,628
0.376,627
0.376,626
0.377,625
0.377,624
0.377,623
0.377,622
0.378,621
0.378,620
0.378,619
0.379,618
0.380,617
