0.085,870
0.360,869
0.360,868
0.360,867
0.360,866
0.360,865
0.361,864
0.361,863
0.361,862
0.361,861
0.361,860
0.361,859
0.361,858
0.362,857
0.362,856
0.362,855
0.362,854
0.362,853
0.362,852
0.362,851
0.362,850
0.362,849
0.362,848
0.362,847
0.363,846
0.363,845
0.363,844
0.363,843
0.363,842
0.363,841
0.363,840
0.363,839
0.363,838
0.363,837
0.363,836
0.364,835
0.364,834
0.364,833
0.364,832
0.364,831
0.364,830
0.364,829
0.364,828
0.364,827
0.364,826
0.365,825
0.365,824
0.365,823
0.365,822
0.365,821
0.365,820
0.365,819
0.365,818
0.365,817
0.365,816
0.365,815
0.366,814
0.366,813
0.366,812
0.366,811
0.366,810
0.366,809
0.366,808
0.366,807
0.366,806
0.366,805
0.367,804
0.367,803
0.367,802
0.367,801
0.367,800
0.367,799
0.367,798
0.367,797
0.367,796
0.367,795
0.368,794
0.368,793
0.368,792
0.368,791
0.368,790
0.368,789
0.368,788
0.368,787
0.369,786
0.369,785
0.369,784
0.369,783
0.369,782
0.369,781
0.370,780
0.370,779
0.370,778
0.370,777
0.370,776
0.370,775
0.370,774
0.370,773
0.371,772
0.371,771
0.371,770
0.371,769
0.371,768
0.371,767
0.371,766
0.371,765
0.371,764
0.372,763
0.372,762
0.372,761
0.372,760
0.372,759
0.372,758
0.372,757
0.372,756
0.372,755
0.373,754
0.373,753
0.373,752
0.373,751
0.374,750
0.374,749
0.374,748
0.374,747
0.374,746
0.374,745
0.374,744
0.374,743
0.375,742
0.375,741
0.375,740
0.375,739
0.375,738
0.375,737
0.375,736
0.375,735
0.375,734
0.375,733
0.376,732
0.376,731
0.376,730
0.376,729
0.376,728
0.376,727
0.376,726
0.376,725
0.376,724
0.376,723
0.376,722
0.376,721
0.376,720
0.376,719
0.376,718
0.376,717
0.376,716
0.377,715
0.377,714
0.377,713
0.377,712
0.377,711
0.377,710
0.377,709
0.377,708
0.377,707
0.377,706
0.377,705
0.377,704
0.377,703
0.378,702
0.378,701
0.378,700
0.378,699
0.378,698
0.378,697
0.378,696
0.378,695
0.378,694
0.378,693
0.378,692
0.378,691
0.379,690
0.379,689
0.379,688
0.379,687
0.379,686
0.379,685
0.379,684
0.379,683
0.379,682
0.379,681
0.379,680
0.380,679
0.380,678
0.380,677
0.380,676
0.380,675
0.381,674
0.381,673
0.381,672
0.381,671
0.381,670
0.381,669
0.381,668
0.381,667
0.381,666
0.381,665
0.381,664
0.381,663
0.381,662
0.381,661
0.381,660
0.381,659
0.382,658
0.382,657
0.382,656
0.382,655
0.382,654
0.382,653
0.382,652
0.382,651
0.383,650
0.383,649
0.383,648
0.383,647
0.383,646
0.383,645
0.383,644
0.383,643
0.383,642
0.384,641
0.384,640
0.384,639
0.384,638
0.384,637
0.384,636
0.384,635
0.384,634
0.384,633
0.384,632
0.384,631
0.386,630
0.386,629
0.386,628
0.386,627
0.387,626
0.387,625
0.387,624
0.387,623
0.387,622
0.388,621
0.388,620
0.388,619
0.388,618
0.389,617
0.391,616
