0.085,868
0.358,867
0.358,866
0.358,865
0.358,864
0.358,863
0.358,862
0.359,861
0.359,860
0.359,859
0.359,858
0.359,857
0.359,856
0.359,855
0.359,854
0.359,853
0.359,852
0.359,851
0.360,850
0.360,849
0.360,848
0.360,847
0.360,846
0.360,845
0.360,844
0.360,843
0.360,842
0.360,841
0.360,840
0.361,839
0.361,838
0.361,837
0.361,836
0.361,835
0.361,834
0.361,833
0.361,832
0.361,831
0.362,830
0.362,829
0.362,828
0.362,827
0.362,826
0.362,825
0.362,824
0.362,823
0.362,822
0.362,821
0.362,820
0.362,819
0.362,818
0.363,817
0.363,816
0.363,815
0.363,814
0.363,813
0.363,812
0.363,811
0.363,810
0.363,809
0.363,808
0.363,807
0.364,806
0.364,805
0.364,804
0.364,803
0.364,802
0.364,801
0.364,800
0.364,799
0.364,798
0.365,797
0.365,796
0.365,795
0.365,794
0.365,793
0.365,792
0.365,791
0.365,790
0.365,789
0.365,788
0.365,787
0.365,786
0.366,785
0.366,784
0.366,783
0.366,782
0.366,781
0.366,780
0.366,779
0.366,778
0.366,777
0.366,776
0.367,775
0.367,774
0.367,773
0.368,772
0.368,771
0.368,770
0.368,769
0.368,768
0.368,767
0.368,766
0.368,765
0.368,764
0.368,763
0.369,762
0.369,761
0.369,760
0.369,759
0.369,758
0.369,757
0.369,756
0.369,755
0.369,754
0.370,753
0.370,752
0.370,751
0.370,750
0.370,749
0.370,748
0.371,747
0.371,746
0.371,745
0.371,744
0.371,743
0.371,742
0.371,741
0.371,740
0.372,739
0.372,738
0.372,737
0.372,736
0.372,735
0.372,734
0.372,733
0.372,732
0.372,731
0.372,730
0.372,729
0.372,728
0.372,727
0.372,726
0.372,725
0.372,724
0.372,723
0.373,722
0.373,721
0.373,720
0.373,719
0.373,718
0.373,717
0.373,716
0.373,715
0.373,714
0.373,713
0.373,712
0.373,711
0.373,710
0.373,709
0.373,708
0.373,707
0.374,706
0.374,705
0.374,704
0.374,703
0.374,702
0.374,701
0.374,700
0.374,699
0.374,698
0.374,697
0.374,696
0.374,695
0.374,694
0.374,693
0.374,692
0.375,691
0.375,690
0.375,689
0.375,688
0.375,687
0.375,686
0.375,685
0.375,684
0.375,683
0.375,682
0.375,681
0.375,680
0.375,679
0.375,678
0.375,677
0.376,676
0.376,675
0.376,674
0.376,673
0.376,672
0.376,671
0.377,670
0.377,669
0.377,668
0.377,667
0.377,666
0.377,665
0.377,664
0.377,663
0.377,662
0.377,661
0.377,660
0.377,659
0.377,658
0.378,657
0.378,656
0.378,655
0.378,654
0.378,653
0.378,652
0.378,651
0.379,650
0.379,649
0.379,648
0.379,647
0.379,646
0.379,645
0.379,644
0.379,643
0.379,642
0.379,641
0.380,640
0.380,639
0.380,638
0.380,637
0.381,636
0.381,635
0.381,634
0.381,633
0.381,632
0.382,631
0.382,630
0.382,629
0.382,628
0.383,627
0.383,626
0.383,625
0.383,624
0.383,623
0.384,622
0.384,621
0.384,620
0.384,619
0.385,618
