0.088,878
0.364,877
0.364,876
0.364,875
0.364,874
0.365,873
0.365,872
0.365,871
0.365,870
0.365,869
0.365,868
0.365,867
0.365,866
0.365,865
0.365,864
0.366,863
0.366,862
0.366,861
0.366,860
0.366,859
0.366,858
0.366,857
0.366,856
0.366,855
0.366,854
0.366,853
0.367,852
0.367,851
0.367,850
0.367,849
0.367,848
0.367,847
0.367,846
0.367,845
0.367,844
0.367,843
0.367,842
0.368,841
0.368,840
0.368,839
0.368,838
0.368,837
0.368,836
0.368,835
0.368,834
0.368,833
0.368,832
0.368,831
0.368,830
0.368,829
0.369,828
0.369,827
0.369,826
0.369,825
0.369,824
0.369,823
0.369,822
0.369,821
0.369,820
0.370,819
0.370,818
0.370,817
0.370,816
0.370,815
0.370,814
0.370,813
0.370,812
0.370,811
0.371,810
0.371,809
0.371,808
0.371,807
0.371,806
0.371,805
0.371,804
0.371,803
0.371,802
0.371,801
0.371,800
0.371,799
0.372,798
0.372,797
0.372,796
0.372,795
0.372,794
0.372,793
0.372,792
0.372,791
0.372,790
0.373,789
0.373,788
0.373,787
0.373,786
0.373,785
0.373,784
0.373,783
0.373,782
0.373,781
0.373,780
0.374,779
0.374,778
0.374,777
0.374,776
0.374,775
0.374,774
0.374,773
0.374,772
0.374,771
0.375,770
0.375,769
0.375,768
0.375,767
0.375,766
0.375,765
0.375,764
0.375,763
0.376,762
0.376,761
0.376,760
0.376,759
0.377,758
0.377,757
0.377,756
0.377,755
0.377,754
0.377,753
0.377,752
0.377,751
0.378,750
0.378,749
0.378,748
0.378,747
0.379,746
0.379,745
0.379,744
0.379,743
0.379,742
0.379,741
0.379,740
0.379,739
0.379,738
0.379,737
0.379,736
0.379,735
0.379,734
0.379,733
0.379,732
0.379,731
0.379,730
0.380,729
0.380,728
0.380,727
0.380,726
0.380,725
0.380,724
0.380,723
0.380,722
0.380,721
0.380,720
0.380,719
0.380,718
0.380,717
0.380,716
0.380,715
0.380,714
0.381,713
0.381,712
0.381,711
0.381,710
0.381,709
0.382,708
0.382,707
0.382,706
0.382,705
0.382,704
0.382,703
0.382,702
0.382,701
0.382,700
0.382,699
0.382,698
0.382,697
0.382,696
0.382,695
0.382,694
0.383,693
0.387,692
0.387,691
0.387,690
0.387,689
0.387,688
0.387,687
0.389,686
0.389,685
0.389,684
0.389,683
0.389,682
0.389,681
0.389,680
0.389,679
0.389,678
0.389,677
0.389,676
0.389,675
0.389,674
0.390,673
0.390,672
0.390,671
0.390,670
0.390,669
0.390,668
0.390,667
0.390,666
0.390,665
0.390,664
0.390,663
0.390,662
0.390,661
0.390,660
0.391,659
0.391,658
0.391,657
0.391,656
0.391,655
0.391,654
0.391,653
0.391,652
0.391,651
0.391,650
0.392,649
0.392,648
0.392,647
0.392,646
0.392,645
0.392,644
0.394,643
0.394,642
0.395,641
0.395,640
0.396,639
0.396,638
0.396,637
0.396,636
0.396,635
0.396,634
0.396,633
0.396,632
0.396,631
0.397,630
0.397,629
0.397,628
0.398,627
0.398,626
0.398,625
0.400,624
0.400,623
0.400,622
0.401,621
0.401,620
0.401,619
0.401,618
0.401,617
0.401,616
0.402,615
0.404,614
