0.086,886
0.361,885
0.361,884
0.361,883
0.362,882
0.362,881
0.362,880
0.362,879
0.362,878
0.362,877
0.362,876
0.362,875
0.362,874
0.362,873
0.363,872
0.363,871
0.363,870
0.363,869
0.363,868
0.363,867
0.363,866
0.363,865
0.363,864
0.363,863
0.363,862
0.364,861
0.364,860
0.364,859
0.364,858
0.364,857
0.364,856
0.364,855
0.364,854
0.364,853
0.364,852
0.365,851
0.365,850
0.365,849
0.365,848
0.365,847
0.365,846
0.365,845
0.365,844
0.365,843
0.365,842
0.365,841
0.365,840
0.365,839
0.366,838
0.366,837
0.366,836
0.366,835
0.366,834
0.366,833
0.366,832
0.366,831
0.366,830
0.366,829
0.366,828
0.367,827
0.367,826
0.367,825
0.367,824
0.367,823
0.367,822
0.367,821
0.367,820
0.367,819
0.368,818
0.368,817
0.368,816
0.368,815
0.368,814
0.368,813
0.368,812
0.368,811
0.368,810
0.369,809
0.369,808
0.369,807
0.369,806
0.369,805
0.369,804
0.369,803
0.369,802
0.369,801
0.370,800
0.370,799
0.370,798
0.370,797
0.370,796
0.370,795
0.370,794
0.370,793
0.370,792
0.371,791
0.371,790
0.371,789
0.371,788
0.371,787
0.371,786
0.371,785
0.371,784
0.371,783
0.372,782
0.372,781
0.372,780
0.372,779
0.372,778
0.372,777
0.372,776
0.372,775
0.373,774
0.373,773
0.373,772
0.373,771
0.373,770
0.373,769
0.373,768
0.374,767
0.374,766
0.374,765
0.374,764
0.375,763
0.375,762
0.375,761
0.375,760
0.375,759
0.375,758
0.376,757
0.376,756
0.376,755
0.376,754
0.376,753
0.376,752
0.376,751
0.376,750
0.376,749
0.376,748
0.377,747
0.377,746
0.377,745
0.377,744
0.377,743
0.377,742
0.377,741
0.377,740
0.377,739
0.377,738
0.377,737
0.377,736
0.377,735
0.377,734
0.377,733
0.377,732
0.377,731
0.377,730
0.378,729
0.378,728
0.378,727
0.378,726
0.378,725
0.378,724
0.378,723
0.378,722
0.378,721
0.378,720
0.378,719
0.378,718
0.378,717
0.378,716
0.379,715
0.379,714
0.379,713
0.379,712
0.379,711
0.379,710
0.379,709
0.379,708
0.379,707
0.379,706
0.379,705
0.379,704
0.379,703
0.379,702
0.379,701
0.379,700
0.379,699
0.380,698
0.380,697
0.380,696
0.380,695
0.380,694
0.380,693
0.381,692
0.381,691
0.381,690
0.381,689
0.381,688
0.381,687
0.381,686
0.381,685
0.381,684
0.381,683
0.381,682
0.381,681
0.381,680
0.382,679
0.382,678
0.382,677
0.382,676
0.382,675
0.382,674
0.382,673
0.382,672
0.382,671
0.382,670
0.382,669
0.382,668
0.382,667
0.382,666
0.383,665
0.383,664
0.383,663
0.383,662
0.383,661
0.383,660
0.383,659
0.383,658
0.383,657
0.383,656
0.383,655
0.384,654
0.384,653
0.384,652
0.384,651
0.384,650
0.384,649
0.384,648
0.384,647
0.384,646
0.384,645
0.385,644
0.385,643
0.385,642
0.385,641
0.385,640
0.385,639
0.386,638
0.386,637
0.386,636
0.386,635
0.387,634
0.387,633
0.388,632
0.388,631
0.388,630
0.388,629
0.388,628
0.389,627
0.389,626
0.389,625
0.389,624
0.389,623
0.390,622
0.392,621
0.393,620
0.393,619
0.393,618
0.393,617
0.393,616
0.395,615
