0.515,5808
3.583,5807
3.583,5806
3.583,5805
3.583,5804
3.584,5803
3.584,5802
3.584,5801
3.585,5800
3.585,5799
3.585,5798
3.585,5797
3.585,5796
3.586,5795
3.586,5794
3.586,5793
3.586,5792
3.586,5791
3.587,5790
3.587,5789
3.587,5788
3.587,5787
3.587,5786
3.587,5785
3.588,5784
3.588,5783
3.588,5782
3.588,5781
3.589,5780
3.589,5779
3.589,5778
3.589,5777
3.589,5776
3.589,5775
3.589,5774
3.589,5773
3.590,5772
3.590,5771
3.590,5770
3.590,5769
3.590,5768
3.590,5767
3.590,5766
3.591,5765
3.591,5764
3.591,5763
3.591,5762
3.591,5761
3.591,5760
3.591,5759
3.591,5758
3.591,5757
3.592,5756
3.592,5755
3.592,5754
3.592,5753
3.592,5752
3.592,5751
3.592,5750
3.592,5749
3.593,5748
3.593,5747
3.593,5746
3.593,5745
3.593,5744
3.593,5743
3.593,5742
3.593,5741
3.593,5740
3.594,5739
3.594,5738
3.594,5737
3.594,5736
3.594,5735
3.594,5734
3.594,5733
3.594,5732
3.595,5731
3.595,5730
3.595,5729
3.595,5728
3.595,5727
3.595,5726
3.595,5725
3.595,5724
3.595,5723
3.596,5722
3.596,5721
3.596,5720
3.596,5719
3.596,5718
3.596,5717
3.596,5716
3.597,5715
3.597,5714
3.597,5713
3.597,5712
3.597,5711
3.597,5710
3.597,5709
3.597,5708
3.597,5707
3.597,5706
3.597,5705
3.598,5704
3.598,5703
3.598,5702
3.598,5701
3.598,5700
3.598,5699
3.598,5698
3.598,5697
3.598,5696
3.598,5695
3.599,5694
3.599,5693
3.599,5692
3.599,5691
3.599,5690
3.599,5689
3.600,5688
3.600,5687
3.600,5686
3.600,5685
3.600,5684
3.600,5683
3.600,5682
3.600,5681
3.600,5680
3.600,5679
3.601,5678
3.601,5677
3.601,5676
3.601,5675
3.601,5674
3.601,5673
3.601,5672
3.601,5671
3.601,5670
3.601,5669
3.601,5668
3.601,5667
3.601,5666
3.601,5665
3.601,5664
3.602,5663
3.602,5662
3.602,5661
3.602,5660
3.602,5659
3.602,5658
3.602,5657
3.602,5656
3.602,5655
3.602,5654
3.602,5653
3.602,5652
3.602,5651
3.602,5650
3.602,5649
3.603,5648
3.603,5647
3.603,5646
3.603,5645
3.603,5644
3.603,5643
3.603,5642
3.603,5641
3.603,5640
3.603,5639
3.603,5638
3.604,5637
3.604,5636
3.604,5635
3.604,5634
3.604,5633
3.604,5632
3.604,5631
3.604,5630
3.604,5629
3.604,5628
3.604,5627
3.604,5626
3.605,5625
3.605,5624
3.605,5623
3.605,5622
3.605,5621
3.605,5620
3.605,5619
3.605,5618
3.605,5617
3.605,5616
3.605,5615
3.605,5614
3.605,5613
3.605,5612
3.605,5611
3.605,5610
3.606,5609
3.606,5608
3.606,5607
3.606,5606
3.606,5605
3.606,5604
3.606,5603
3.606,5602
3.606,5601
3.606,5600
3.606,5599
3.606,5598
3.606,5597
3.606,5596
3.607,5595
3.607,5594
3.607,5593
3.607,5592
3.607,5591
3.607,5590
3.607,5589
3.607,5588
3.607,5587
3.607,5586
3.607,5585
3.607,5584
3.607,5583
3.608,5582
3.608,5581
3.608,5580
3.608,5579
3.608,5578
3.608,5577
3.608,5576
3.608,5575
3.608,5574
3.608,5573
3.608,5572
3.608,5571
3.608,5570
3.608,5569
3.608,5568
3.608,5567
3.608,5566
3.608,5565
3.609,5564
3.609,5563
3.609,5562
3.609,5561
3.609,5560
3.609,5559
3.609,5558
3.609,5557
3.609,5556
3.609,5555
3.610,5554
3.610,5553
3.610,5552
3.610,5551
3.611,5550
3.611,5549
3.611,5548
3.611,5547
3.611,5546
3.611,5545
3.611,5544
3.611,5543
3.611,5542
3.611,5541
3.611,5540
3.611,5539
3.611,5538
3.611,5537
3.611,5536
3.611,5535
3.611,5534
3.611,5533
3.612,5532
3.612,5531
3.612,5530
3.612,5529
3.612,5528
3.612,5527
3.612,5526
3.612,5525
3.612,5524
3.612,5523
3.612,5522
3.612,5521
3.612,5520
3.612,5519
3.612,5518
3.612,5517
3.612,5516
3.612,5515
3.612,5514
3.613,5513
3.613,5512
3.613,5511
3.613,5510
3.613,5509
3.613,5508
3.613,5507
3.613,5506
3.613,5505
3.613,5504
3.613,5503
3.613,5502
3.613,5501
3.613,5500
3.613,5499
3.613,5498
3.613,5497
3.613,5496
3.613,5495
3.613,5494
3.614,5493
3.614,5492
3.614,5491
3.614,5490
3.614,5489
3.614,5488
3.614,5487
3.614,5486
3.614,5485
3.614,5484
3.614,5483
3.614,5482
3.614,5481
3.614,5480
3.614,5479
3.614,5478
3.614,5477
3.614,5476
3.615,5475
3.615,5474
3.615,5473
3.615,5472
3.615,5471
3.615,5470
3.615,5469
3.615,5468
3.615,5467
3.615,5466
3.615,5465
3.615,5464
3.615,5463
3.615,5462
3.615,5461
3.615,5460
3.615,5459
3.615,5458
3.615,5457
3.615,5456
3.615,5455
3.616,5454
3.616,5453
3.616,5452
3.616,5451
3.616,5450
3.616,5449
3.616,5448
3.616,5447
3.616,5446
3.616,5445
3.616,5444
3.617,5443
3.617,5442
3.617,5441
3.617,5440
3.617,5439
3.617,5438
3.617,5437
3.617,5436
3.617,5435
3.617,5434
3.617,5433
3.618,5432
3.618,5431
3.618,5430
3.618,5429
3.618,5428
3.618,5427
3.618,5426
3.618,5425
3.618,5424
3.618,5423
3.618,5422
3.618,5421
3.618,5420
3.618,5419
3.618,5418
3.618,5417
3.619,5416
3.619,5415
3.619,5414
3.619,5413
3.619,5412
3.619,5411
3.619,5410
3.619,5409
3.619,5408
3.619,5407
3.619,5406
3.619,5405
3.619,5404
3.619,5403
3.619,5402
3.619,5401
3.619,5400
3.619,5399
3.619,5398
3.619,5397
3.619,5396
3.619,5395
3.619,5394
3.619,5393
3.619,5392
3.620,5391
3.620,5390
3.620,5389
3.620,5388
3.620,5387
3.620,5386
3.620,5385
3.620,5384
3.620,5383
3.620,5382
3.620,5381
3.620,5380
3.620,5379
3.620,5378
3.620,5377
3.620,5376
3.620,5375
3.620,5374
3.620,5373
3.620,5372
3.620,5371
3.620,5370
3.620,5369
3.621,5368
3.621,5367
3.621,5366
3.621,5365
3.621,5364
3.621,5363
3.621,5362
3.621,5361
3.621,5360
3.621,5359
3.621,5358
3.621,5357
3.621,5356
3.621,5355
3.621,5354
3.621,5353
3.621,5352
3.621,5351
3.621,5350
3.621,5349
3.621,5348
3.621,5347
3.621,5346
3.621,5345
3.621,5344
3.621,5343
3.621,5342
3.621,5341
3.622,5340
3.622,5339
3.622,5338
3.622,5337
3.622,5336
3.622,5335
3.622,5334
3.622,5333
3.622,5332
3.622,5331
3.622,5330
3.622,5329
3.622,5328
3.622,5327
3.622,5326
3.622,5325
3.622,5324
3.622,5323
3.622,5322
3.623,5321
3.623,5320
3.623,5319
3.623,5318
3.623,5317
3.623,5316
3.623,5315
3.623,5314
3.623,5313
3.623,5312
3.623,5311
3.623,5310
3.623,5309
3.623,5308
3.623,5307
3.623,5306
3.623,5305
3.623,5304
3.623,5303
3.623,5302
3.623,5301
3.623,5300
3.623,5299
3.623,5298
3.624,5297
3.624,5296
3.624,5295
3.624,5294
3.624,5293
3.624,5292
3.624,5291
3.624,5290
3.624,5289
3.624,5288
3.624,5287
3.624,5286
3.624,5285
3.624,5284
3.624,5283
3.624,5282
3.624,5281
3.624,5280
3.625,5279
3.625,5278
3.625,5277
3.625,5276
3.625,5275
3.625,5274
3.625,5273
3.625,5272
3.625,5271
3.625,5270
3.625,5269
3.625,5268
3.625,5267
3.625,5266
3.625,5265
3.625,5264
3.625,5263
3.625,5262
3.625,5261
3.625,5260
3.625,5259
3.625,5258
3.625,5257
3.625,5256
3.625,5255
3.625,5254
3.625,5253
3.626,5252
3.626,5251
3.626,5250
3.626,5249
3.626,5248
3.626,5247
3.626,5246
3.626,5245
3.626,5244
3.626,5243
3.626,5242
3.626,5241
3.626,5240
3.626,5239
3.626,5238
3.626,5237
3.626,5236
3.626,5235
3.626,5234
3.626,5233
3.626,5232
3.626,5231
3.626,5230
3.626,5229
3.626,5228
3.626,5227
3.626,5226
3.626,5225
3.626,5224
3.626,5223
3.626,5222
3.627,5221
3.627,5220
3.627,5219
3.627,5218
3.627,5217
3.627,5216
3.627,5215
3.627,5214
3.627,5213
3.627,5212
3.627,5211
3.627,5210
3.627,5209
3.627,5208
3.627,5207
3.627,5206
3.627,5205
3.627,5204
3.627,5203
3.627,5202
3.627,5201
3.627,5200
3.627,5199
3.627,5198
3.628,5197
3.628,5196
3.628,5195
3.628,5194
3.628,5193
3.628,5192
3.628,5191
3.628,5190
3.628,5189
3.628,5188
3.628,5187
3.628,5186
3.628,5185
3.628,5184
3.628,5183
3.628,5182
3.628,5181
3.628,5180
3.628,5179
3.628,5178
3.628,5177
3.628,5176
3.628,5175
3.628,5174
3.628,5173
3.629,5172
3.629,5171
3.629,5170
3.629,5169
3.629,5168
3.629,5167
3.629,5166
3.629,5165
3.629,5164
3.629,5163
3.629,5162
3.629,5161
3.629,5160
3.629,5159
3.629,5158
3.629,5157
3.629,5156
3.629,5155
3.629,5154
3.629,5153
3.629,5152
3.629,5151
3.629,5150
3.629,5149
3.629,5148
3.630,5147
3.630,5146
3.630,5145
3.630,5144
3.630,5143
3.630,5142
3.630,5141
3.630,5140
3.630,5139
3.630,5138
3.630,5137
3.630,5136
3.630,5135
3.630,5134
3.630,5133
3.630,5132
3.630,5131
3.630,5130
3.630,5129
3.630,5128
3.630,5127
3.630,5126
3.631,5125
3.631,5124
3.631,5123
3.631,5122
3.631,5121
3.631,5120
3.631,5119
3.631,5118
3.631,5117
3.631,5116
3.631,5115
3.631,5114
3.631,5113
3.631,5112
3.631,5111
3.631,5110
3.631,5109
3.631,5108
3.631,5107
3.632,5106
3.632,5105
3.632,5104
3.632,5103
3.632,5102
3.632,5101
3.632,5100
3.632,5099
3.632,5098
3.632,5097
3.632,5096
3.632,5095
3.632,5094
3.632,5093
3.632,5092
3.632,5091
3.632,5090
3.632,5089
3.632,5088
3.632,5087
3.632,5086
3.633,5085
3.633,5084
3.633,5083
3.633,5082
3.633,5081
3.633,5080
3.633,5079
3.633,5078
3.633,5077
3.633,5076
3.633,5075
3.633,5074
3.633,5073
3.634,5072
3.634,5071
3.634,5070
3.634,5069
3.634,5068
3.634,5067
3.634,5066
3.634,5065
3.635,5064
3.635,5063
3.635,5062
3.635,5061
3.635,5060
3.635,5059
3.635,5058
3.635,5057
3.635,5056
3.635,5055
3.635,5054
3.636,5053
3.636,5052
3.636,5051
3.636,5050
3.636,5049
3.636,5048
3.636,5047
3.636,5046
3.636,5045
3.636,5044
3.637,5043
3.637,5042
3.637,5041
3.637,5040
3.637,5039
3.637,5038
3.637,5037
3.638,5036
3.638,5035
3.638,5034
3.638,5033
3.638,5032
3.638,5031
3.638,5030
3.638,5029
3.638,5028
3.638,5027
3.638,5026
3.638,5025
3.638,5024
3.638,5023
3.638,5022
3.639,5021
3.639,5020
3.639,5019
3.639,5018
3.639,5017
3.639,5016
3.639,5015
3.639,5014
3.639,5013
3.639,5012
3.639,5011
3.639,5010
3.639,5009
3.639,5008
3.640,5007
3.640,5006
3.640,5005
3.640,5004
3.640,5003
3.640,5002
3.640,5001
3.640,5000
3.640,4999
3.640,4998
3.640,4997
3.640,4996
3.641,4995
3.641,4994
3.641,4993
3.641,4992
3.641,4991
3.641,4990
3.641,4989
3.641,4988
3.641,4987
3.641,4986
3.641,4985
3.641,4984
3.641,4983
3.641,4982
3.641,4981
3.641,4980
3.641,4979
3.641,4978
3.642,4977
3.642,4976
3.642,4975
3.642,4974
3.642,4973
3.642,4972
3.642,4971
3.642,4970
3.642,4969
3.642,4968
3.642,4967
3.642,4966
3.642,4965
3.642,4964
3.642,4963
3.642,4962
3.642,4961
3.642,4960
3.642,4959
3.642,4958
3.643,4957
3.643,4956
3.643,4955
3.643,4954
3.643,4953
3.643,4952
3.643,4951
3.643,4950
3.643,4949
3.643,4948
3.643,4947
3.643,4946
3.643,4945
3.643,4944
3.644,4943
3.644,4942
3.644,4941
3.644,4940
3.644,4939
3.644,4938
3.644,4937
3.644,4936
3.644,4935
3.644,4934
3.644,4933
3.644,4932
3.644,4931
3.644,4930
3.644,4929
3.644,4928
3.645,4927
3.645,4926
3.645,4925
3.645,4924
3.645,4923
3.645,4922
3.645,4921
3.645,4920
3.645,4919
3.645,4918
3.645,4917
3.645,4916
3.645,4915
3.645,4914
3.646,4913
3.646,4912
3.646,4911
3.646,4910
3.646,4909
3.646,4908
3.646,4907
3.646,4906
3.646,4905
3.646,4904
3.646,4903
3.646,4902
3.646,4901
3.646,4900
3.646,4899
3.647,4898
3.647,4897
3.647,4896
3.647,4895
3.647,4894
3.647,4893
3.647,4892
3.647,4891
3.647,4890
3.647,4889
3.647,4888
3.647,4887
3.647,4886
3.647,4885
3.647,4884
3.648,4883
3.648,4882
3.648,4881
3.648,4880
3.648,4879
3.648,4878
3.648,4877
3.648,4876
3.648,4875
3.648,4874
3.648,4873
3.648,4872
3.648,4871
3.648,4870
3.648,4869
3.648,4868
3.648,4867
3.648,4866
3.648,4865
3.649,4864
3.649,4863
3.649,4862
3.649,4861
3.649,4860
3.649,4859
3.649,4858
3.649,4857
3.649,4856
3.649,4855
3.649,4854
3.649,4853
3.650,4852
3.650,4851
3.650,4850
3.650,4849
3.650,4848
3.650,4847
3.650,4846
3.650,4845
3.650,4844
3.650,4843
3.650,4842
3.650,4841
3.650,4840
3.650,4839
3.650,4838
3.650,4837
3.650,4836
3.650,4835
3.651,4834
3.651,4833
3.651,4832
3.651,4831
3.651,4830
3.651,4829
3.651,4828
3.651,4827
3.651,4826
3.651,4825
3.651,4824
3.651,4823
3.651,4822
3.651,4821
3.651,4820
3.651,4819
3.651,4818
3.651,4817
3.652,4816
3.652,4815
3.652,4814
3.652,4813
3.652,4812
3.652,4811
3.652,4810
3.652,4809
3.652,4808
3.652,4807
3.652,4806
3.652,4805
3.652,4804
3.653,4803
3.653,4802
3.653,4801
3.653,4800
3.653,4799
3.653,4798
3.653,4797
3.653,4796
3.653,4795
3.653,4794
3.653,4793
3.653,4792
3.653,4791
3.653,4790
3.654,4789
3.654,4788
3.654,4787
3.654,4786
3.654,4785
3.654,4784
3.654,4783
3.654,4782
3.654,4781
3.654,4780
3.654,4779
3.654,4778
3.655,4777
3.655,4776
3.655,4775
3.655,4774
3.655,4773
3.655,4772
3.655,4771
3.655,4770
3.655,4769
3.655,4768
3.655,4767
3.655,4766
3.655,4765
3.655,4764
3.656,4763
3.656,4762
3.656,4761
3.656,4760
3.656,4759
3.656,4758
3.656,4757
3.656,4756
3.656,4755
3.656,4754
3.656,4753
3.656,4752
3.656,4751
3.656,4750
3.656,4749
3.657,4748
3.657,4747
3.657,4746
3.657,4745
3.657,4744
3.657,4743
3.657,4742
3.657,4741
3.657,4740
3.657,4739
3.657,4738
3.657,4737
3.657,4736
3.657,4735
3.657,4734
3.657,4733
3.658,4732
3.658,4731
3.658,4730
3.658,4729
3.658,4728
3.658,4727
3.658,4726
3.658,4725
3.658,4724
3.658,4723
3.658,4722
3.658,4721
3.658,4720
3.658,4719
3.659,4718
3.659,4717
3.659,4716
3.659,4715
3.659,4714
3.659,4713
3.659,4712
3.659,4711
3.659,4710
3.659,4709
3.659,4708
3.659,4707
3.659,4706
3.659,4705
3.659,4704
3.660,4703
3.660,4702
3.660,4701
3.660,4700
3.660,4699
3.660,4698
3.660,4697
3.660,4696
3.661,4695
3.661,4694
3.661,4693
3.661,4692
3.661,4691
3.661,4690
3.661,4689
3.661,4688
3.661,4687
3.661,4686
3.661,4685
3.661,4684
3.661,4683
3.661,4682
3.662,4681
3.662,4680
3.662,4679
3.662,4678
3.662,4677
3.662,4676
3.662,4675
3.662,4674
3.662,4673
3.663,4672
3.663,4671
3.663,4670
3.663,4669
3.663,4668
3.663,4667
3.663,4666
3.663,4665
3.663,4664
3.663,4663
3.663,4662
3.663,4661
3.663,4660
3.663,4659
3.664,4658
3.664,4657
3.664,4656
3.664,4655
3.664,4654
3.664,4653
3.664,4652
3.664,4651
3.664,4650
3.665,4649
3.665,4648
3.665,4647
3.665,4646
3.665,4645
3.665,4644
3.665,4643
3.665,4642
3.665,4641
3.665,4640
3.665,4639
3.665,4638
3.665,4637
3.665,4636
3.666,4635
3.666,4634
3.666,4633
3.666,4632
3.666,4631
3.666,4630
3.666,4629
3.666,4628
3.666,4627
3.666,4626
3.666,4625
3.666,4624
3.666,4623
3.666,4622
3.666,4621
3.666,4620
3.667,4619
3.667,4618
3.667,4617
3.667,4616
3.667,4615
3.667,4614
3.667,4613
3.667,4612
3.667,4611
3.668,4610
3.668,4609
3.668,4608
3.668,4607
3.668,4606
3.668,4605
3.668,4604
3.668,4603
3.668,4602
3.668,4601
3.668,4600
3.668,4599
3.669,4598
3.669,4597
3.669,4596
3.669,4595
3.669,4594
3.669,4593
3.669,4592
3.669,4591
3.669,4590
3.669,4589
3.669,4588
3.669,4587
3.669,4586
3.669,4585
3.669,4584
3.669,4583
3.669,4582
3.670,4581
3.670,4580
3.670,4579
3.670,4578
3.670,4577
3.670,4576
3.670,4575
3.670,4574
3.670,4573
3.670,4572
3.670,4571
3.670,4570
3.670,4569
3.670,4568
3.670,4567
3.671,4566
3.671,4565
3.671,4564
3.671,4563
3.671,4562
3.671,4561
3.671,4560
3.671,4559
3.671,4558
3.671,4557
3.671,4556
3.671,4555
3.672,4554
3.672,4553
3.672,4552
3.672,4551
3.672,4550
3.672,4549
3.672,4548
3.672,4547
3.672,4546
3.673,4545
3.673,4544
3.673,4543
3.673,4542
3.673,4541
3.674,4540
3.674,4539
3.674,4538
3.674,4537
3.674,4536
3.674,4535
3.674,4534
3.674,4533
3.674,4532
3.675,4531
3.675,4530
3.675,4529
3.675,4528
3.675,4527
3.675,4526
3.676,4525
3.676,4524
3.676,4523
3.676,4522
3.676,4521
3.676,4520
3.677,4519
3.677,4518
3.677,4517
3.677,4516
3.677,4515
3.677,4514
3.677,4513
3.677,4512
3.677,4511
3.677,4510
3.677,4509
3.677,4508
3.677,4507
3.678,4506
3.678,4505
3.678,4504
3.678,4503
3.678,4502
3.678,4501
3.678,4500
3.678,4499
3.678,4498
3.678,4497
3.678,4496
3.679,4495
3.679,4494
3.679,4493
3.679,4492
3.679,4491
3.679,4490
3.679,4489
3.679,4488
3.679,4487
3.679,4486
3.679,4485
3.680,4484
3.680,4483
3.680,4482
3.680,4481
3.680,4480
3.680,4479
3.680,4478
3.680,4477
3.681,4476
3.681,4475
3.681,4474
3.681,4473
3.681,4472
3.681,4471
3.681,4470
3.681,4469
3.682,4468
3.682,4467
3.682,4466
3.682,4465
3.682,4464
3.682,4463
3.683,4462
3.683,4461
3.683,4460
3.683,4459
3.683,4458
3.684,4457
3.684,4456
3.684,4455
3.684,4454
3.684,4453
3.684,4452
3.684,4451
3.684,4450
3.684,4449
3.684,4448
3.685,4447
3.685,4446
3.685,4445
3.685,4444
3.685,4443
3.686,4442
3.686,4441
3.686,4440
3.686,4439
3.686,4438
3.686,4437
3.686,4436
3.686,4435
3.687,4434
3.687,4433
3.687,4432
3.687,4431
3.687,4430
3.687,4429
3.687,4428
3.687,4427
3.687,4426
3.687,4425
3.688,4424
3.688,4423
3.688,4422
3.688,4421
3.688,4420
3.688,4419
3.688,4418
3.689,4417
3.689,4416
3.689,4415
3.689,4414
3.689,4413
3.689,4412
3.689,4411
3.689,4410
3.689,4409
3.690,4408
3.690,4407
3.690,4406
3.690,4405
3.690,4404
3.690,4403
3.690,4402
3.690,4401
3.690,4400
3.691,4399
3.691,4398
3.691,4397
3.691,4396
3.691,4395
3.692,4394
3.692,4393
3.692,4392
3.692,4391
3.692,4390
3.692,4389
3.692,4388
3.692,4387
3.693,4386
3.693,4385
3.693,4384
3.693,4383
3.693,4382
3.693,4381
3.693,4380
3.693,4379
3.693,4378
3.693,4377
3.694,4376
3.694,4375
3.694,4374
3.694,4373
3.694,4372
3.694,4371
3.694,4370
3.694,4369
3.694,4368
3.694,4367
3.695,4366
3.695,4365
3.695,4364
3.695,4363
3.695,4362
3.695,4361
3.696,4360
3.696,4359
3.696,4358
3.696,4357
3.696,4356
3.696,4355
3.696,4354
3.696,4353
3.696,4352
3.697,4351
3.697,4350
3.697,4349
3.697,4348
3.697,4347
3.697,4346
3.697,4345
3.697,4344
3.697,4343
3.698,4342
3.698,4341
3.698,4340
3.698,4339
3.698,4338
3.699,4337
3.699,4336
3.699,4335
3.699,4334
3.699,4333
3.699,4332
3.699,4331
3.699,4330
3.699,4329
3.700,4328
3.700,4327
3.700,4326
3.700,4325
3.700,4324
3.700,4323
3.700,4322
3.700,4321
3.700,4320
3.700,4319
3.700,4318
3.701,4317
3.701,4316
3.701,4315
3.701,4314
3.701,4313
3.701,4312
3.701,4311
3.701,4310
3.702,4309
3.702,4308
3.702,4307
3.702,4306
3.702,4305
3.702,4304
3.702,4303
3.702,4302
3.703,4301
3.703,4300
3.703,4299
3.703,4298
3.703,4297
3.703,4296
3.703,4295
3.703,4294
3.703,4293
3.703,4292
3.704,4291
3.704,4290
3.704,4289
3.704,4288
3.704,4287
3.704,4286
3.704,4285
3.704,4284
3.704,4283
3.704,4282
3.704,4281
3.705,4280
3.705,4279
3.706,4278
3.706,4277
3.706,4276
3.706,4275
3.706,4274
3.706,4273
3.706,4272
3.706,4271
3.706,4270
3.707,4269
3.707,4268
3.707,4267
3.707,4266
3.707,4265
3.707,4264
3.708,4263
3.708,4262
3.708,4261
3.708,4260
3.708,4259
3.708,4258
3.708,4257
3.708,4256
3.709,4255
3.709,4254
3.709,4253
3.709,4252
3.709,4251
3.709,4250
3.709,4249
3.709,4248
3.710,4247
3.710,4246
3.710,4245
3.710,4244
3.710,4243
3.710,4242
3.710,4241
3.710,4240
3.710,4239
3.710,4238
3.710,4237
3.710,4236
3.711,4235
3.711,4234
3.711,4233
3.711,4232
3.711,4231
3.711,4230
3.712,4229
3.712,4228
3.712,4227
3.712,4226
3.712,4225
3.712,4224
3.712,4223
3.712,4222
3.713,4221
3.713,4220
3.713,4219
3.713,4218
3.713,4217
3.713,4216
3.713,4215
3.713,4214
3.714,4213
3.714,4212
3.714,4211
3.714,4210
3.714,4209
3.714,4208
3.714,4207
3.714,4206
3.714,4205
3.714,4204
3.715,4203
3.715,4202
3.715,4201
3.715,4200
3.715,4199
3.715,4198
3.715,4197
3.716,4196
3.716,4195
3.716,4194
3.716,4193
3.716,4192
3.716,4191
3.716,4190
3.717,4189
3.717,4188
3.717,4187
3.717,4186
3.718,4185
3.718,4184
3.718,4183
3.719,4182
3.719,4181
3.719,4180
3.719,4179
3.719,4178
3.720,4177
3.720,4176
3.720,4175
3.720,4174
3.721,4173
3.721,4172
3.721,4171
3.722,4170
3.722,4169
3.723,4168
3.723,4167
3.723,4166
3.723,4165
3.723,4164
3.723,4163
3.723,4162
3.723,4161
3.724,4160
3.724,4159
3.725,4158
3.725,4157
3.725,4156
3.725,4155
3.725,4154
3.725,4153
3.725,4152
3.726,4151
3.726,4150
3.726,4149
3.726,4148
3.726,4147
3.727,4146
3.727,4145
3.727,4144
3.728,4143
3.728,4142
3.728,4141
3.728,4140
3.729,4139
3.729,4138
3.729,4137
3.729,4136
3.729,4135
3.729,4134
3.730,4133
3.730,4132
3.730,4131
3.731,4130
3.731,4129
3.731,4128
3.731,4127
3.732,4126
3.732,4125
3.732,4124
3.732,4123
3.732,4122
3.732,4121
3.732,4120
3.733,4119
3.733,4118
3.733,4117
3.733,4116
3.734,4115
3.734,4114
3.734,4113
3.735,4112
3.735,4111
3.735,4110
3.735,4109
3.735,4108
3.736,4107
3.736,4106
3.736,4105
3.737,4104
3.737,4103
3.737,4102
3.737,4101
3.737,4100
3.737,4099
3.737,4098
3.738,4097
3.738,4096
3.738,4095
3.739,4094
3.739,4093
3.739,4092
3.739,4091
3.740,4090
3.740,4089
3.740,4088
3.740,4087
3.741,4086
3.741,4085
3.741,4084
3.741,4083
3.741,4082
3.741,4081
3.742,4080
3.742,4079
3.742,4078
3.742,4077
3.742,4076
3.742,4075
3.743,4074
3.743,4073
3.743,4072
3.743,4071
3.743,4070
3.743,4069
3.744,4068
3.744,4067
3.744,4066
3.744,4065
3.744,4064
3.745,4063
3.745,4062
3.745,4061
3.747,4060
3.748,4059
3.749,4058
3.749,4057
3.750,4056
3.751,4055
3.751,4054
3.752,4053
3.752,4052
3.753,4051
3.753,4050
3.754,4049
3.754,4048
3.754,4047
3.755,4046
3.757,4045
3.757,4044
3.757,4043
3.757,4042
3.758,4041
3.758,4040
3.759,4039
3.759,4038
3.760,4037
3.760,4036
3.761,4035
3.762,4034
3.762,4033
3.762,4032
3.763,4031
3.764,4030
3.765,4029
3.765,4028
3.766,4027
3.767,4026
3.768,4025
3.768,4024
3.769,4023
3.769,4022
3.769,4021
3.770,4020
3.770,4019
3.772,4018
3.772,4017
3.773,4016
3.773,4015
3.773,4014
3.773,4013
3.774,4012
3.776,4011
3.776,4010
3.776,4009
3.778,4008
3.780,4007
3.780,4006
3.780,4005
3.780,4004
3.781,4003
3.782,4002
3.782,4001
3.783,4000
3.783,3999
3.784,3998
3.785,3997
3.785,3996
3.785,3995
3.785,3994
3.786,3993
3.787,3992
3.788,3991
3.788,3990
3.789,3989
3.789,3988
3.790,3987
3.792,3986
3.792,3985
3.793,3984
3.795,3983
3.795,3982
3.801,3981
3.803,3980
3.803,3979
3.804,3978
3.805,3977
3.805,3976
3.806,3975
3.806,3974
3.807,3973
3.811,3972
3.811,3971
3.813,3970
3.816,3969
3.830,3968
3.844,3967
3.849,3966
3.852,3965
3.856,3964
3.859,3963
3.863,3962
3.880,3961
3.905,3960
