0.574,5820
3.688,5819
3.689,5818
3.689,5817
3.689,5816
3.689,5815
3.690,5814
3.690,5813
3.690,5812
3.691,5811
3.691,5810
3.691,5809
3.691,5808
3.691,5807
3.692,5806
3.692,5805
3.692,5804
3.692,5803
3.692,5802
3.693,5801
3.693,5800
3.693,5799
3.694,5798
3.694,5797
3.694,5796
3.694,5795
3.694,5794
3.694,5793
3.695,5792
3.695,5791
3.695,5790
3.695,5789
3.695,5788
3.695,5787
3.695,5786
3.695,5785
3.696,5784
3.696,5783
3.696,5782
3.696,5781
3.696,5780
3.696,5779
3.696,5778
3.696,5777
3.697,5776
3.697,5775
3.697,5774
3.697,5773
3.697,5772
3.697,5771
3.697,5770
3.697,5769
3.697,5768
3.698,5767
3.698,5766
3.698,5765
3.698,5764
3.698,5763
3.698,5762
3.698,5761
3.698,5760
3.698,5759
3.698,5758
3.699,5757
3.699,5756
3.699,5755
3.699,5754
3.699,5753
3.699,5752
3.699,5751
3.700,5750
3.700,5749
3.700,5748
3.700,5747
3.700,5746
3.700,5745
3.700,5744
3.701,5743
3.701,5742
3.701,5741
3.701,5740
3.701,5739
3.701,5738
3.701,5737
3.701,5736
3.701,5735
3.702,5734
3.703,5733
3.703,5732
3.703,5731
3.703,5730
3.703,5729
3.703,5728
3.703,5727
3.703,5726
3.703,5725
3.703,5724
3.704,5723
3.704,5722
3.704,5721
3.704,5720
3.704,5719
3.704,5718
3.704,5717
3.704,5716
3.704,5715
3.705,5714
3.705,5713
3.705,5712
3.705,5711
3.705,5710
3.705,5709
3.705,5708
3.705,5707
3.705,5706
3.705,5705
3.706,5704
3.706,5703
3.706,5702
3.706,5701
3.706,5700
3.706,5699
3.706,5698
3.706,5697
3.707,5696
3.707,5695
3.707,5694
3.707,5693
3.707,5692
3.707,5691
3.707,5690
3.707,5689
3.708,5688
3.708,5687
3.708,5686
3.708,5685
3.708,5684
3.708,5683
3.708,5682
3.708,5681
3.708,5680
3.708,5679
3.708,5678
3.708,5677
3.708,5676
3.708,5675
3.709,5674
3.709,5673
3.709,5672
3.709,5671
3.709,5670
3.709,5669
3.709,5668
3.709,5667
3.709,5666
3.709,5665
3.709,5664
3.709,5663
3.709,5662
3.709,5661
3.709,5660
3.710,5659
3.710,5658
3.710,5657
3.710,5656
3.710,5655
3.710,5654
3.710,5653
3.710,5652
3.710,5651
3.710,5650
3.710,5649
3.710,5648
3.711,5647
3.711,5646
3.711,5645
3.711,5644
3.711,5643
3.711,5642
3.711,5641
3.711,5640
3.711,5639
3.711,5638
3.711,5637
3.711,5636
3.711,5635
3.711,5634
3.711,5633
3.712,5632
3.712,5631
3.712,5630
3.712,5629
3.712,5628
3.712,5627
3.713,5626
3.713,5625
3.713,5624
3.713,5623
3.713,5622
3.713,5621
3.713,5620
3.713,5619
3.713,5618
3.713,5617
3.713,5616
3.713,5615
3.713,5614
3.713,5613
3.713,5612
3.713,5611
3.714,5610
3.714,5609
3.714,5608
3.714,5607
3.714,5606
3.714,5605
3.714,5604
3.714,5603
3.714,5602
3.714,5601
3.714,5600
3.714,5599
3.714,5598
3.714,5597
3.714,5596
3.715,5595
3.715,5594
3.715,5593
3.715,5592
3.715,5591
3.715,5590
3.715,5589
3.715,5588
3.715,5587
3.715,5586
3.715,5585
3.715,5584
3.715,5583
3.715,5582
3.715,5581
3.715,5580
3.715,5579
3.716,5578
3.716,5577
3.716,5576
3.716,5575
3.716,5574
3.716,5573
3.716,5572
3.716,5571
3.716,5570
3.716,5569
3.716,5568
3.716,5567
3.716,5566
3.716,5565
3.716,5564
3.717,5563
3.717,5562
3.717,5561
3.717,5560
3.717,5559
3.717,5558
3.717,5557
3.717,5556
3.718,5555
3.718,5554
3.718,5553
3.718,5552
3.718,5551
3.718,5550
3.718,5549
3.718,5548
3.718,5547
3.718,5546
3.718,5545
3.718,5544
3.718,5543
3.718,5542
3.718,5541
3.718,5540
3.718,5539
3.719,5538
3.719,5537
3.719,5536
3.719,5535
3.719,5534
3.719,5533
3.719,5532
3.719,5531
3.719,5530
3.719,5529
3.719,5528
3.719,5527
3.719,5526
3.719,5525
3.719,5524
3.719,5523
3.719,5522
3.719,5521
3.720,5520
3.720,5519
3.720,5518
3.720,5517
3.720,5516
3.720,5515
3.720,5514
3.720,5513
3.720,5512
3.720,5511
3.720,5510
3.720,5509
3.720,5508
3.720,5507
3.720,5506
3.720,5505
3.720,5504
3.720,5503
3.720,5502
3.721,5501
3.721,5500
3.721,5499
3.721,5498
3.721,5497
3.721,5496
3.721,5495
3.721,5494
3.721,5493
3.721,5492
3.721,5491
3.721,5490
3.721,5489
3.721,5488
3.721,5487
3.721,5486
3.721,5485
3.721,5484
3.721,5483
3.721,5482
3.721,5481
3.722,5480
3.722,5479
3.722,5478
3.722,5477
3.722,5476
3.722,5475
3.722,5474
3.722,5473
3.722,5472
3.722,5471
3.722,5470
3.722,5469
3.722,5468
3.723,5467
3.723,5466
3.723,5465
3.723,5464
3.723,5463
3.723,5462
3.723,5461
3.723,5460
3.723,5459
3.723,5458
3.723,5457
3.723,5456
3.723,5455
3.723,5454
3.723,5453
3.723,5452
3.724,5451
3.724,5450
3.724,5449
3.724,5448
3.724,5447
3.724,5446
3.724,5445
3.724,5444
3.724,5443
3.724,5442
3.724,5441
3.724,5440
3.724,5439
3.725,5438
3.725,5437
3.725,5436
3.725,5435
3.725,5434
3.725,5433
3.725,5432
3.725,5431
3.725,5430
3.725,5429
3.725,5428
3.725,5427
3.725,5426
3.725,5425
3.725,5424
3.725,5423
3.725,5422
3.726,5421
3.726,5420
3.726,5419
3.726,5418
3.726,5417
3.726,5416
3.726,5415
3.726,5414
3.726,5413
3.726,5412
3.726,5411
3.726,5410
3.726,5409
3.726,5408
3.726,5407
3.726,5406
3.726,5405
3.726,5404
3.726,5403
3.726,5402
3.726,5401
3.726,5400
3.726,5399
3.727,5398
3.727,5397
3.727,5396
3.727,5395
3.727,5394
3.727,5393
3.727,5392
3.727,5391
3.727,5390
3.727,5389
3.727,5388
3.727,5387
3.727,5386
3.727,5385
3.727,5384
3.727,5383
3.727,5382
3.727,5381
3.727,5380
3.727,5379
3.727,5378
3.727,5377
3.727,5376
3.727,5375
3.728,5374
3.728,5373
3.728,5372
3.728,5371
3.728,5370
3.728,5369
3.728,5368
3.728,5367
3.728,5366
3.728,5365
3.728,5364
3.728,5363
3.728,5362
3.728,5361
3.728,5360
3.728,5359
3.728,5358
3.728,5357
3.728,5356
3.728,5355
3.728,5354
3.728,5353
3.728,5352
3.728,5351
3.728,5350
3.728,5349
3.728,5348
3.728,5347
3.728,5346
3.728,5345
3.729,5344
3.729,5343
3.729,5342
3.729,5341
3.729,5340
3.729,5339
3.729,5338
3.729,5337
3.729,5336
3.729,5335
3.729,5334
3.729,5333
3.729,5332
3.729,5331
3.729,5330
3.729,5329
3.729,5328
3.729,5327
3.729,5326
3.729,5325
3.729,5324
3.729,5323
3.729,5322
3.729,5321
3.729,5320
3.729,5319
3.730,5318
3.730,5317
3.730,5316
3.730,5315
3.730,5314
3.730,5313
3.730,5312
3.730,5311
3.730,5310
3.730,5309
3.730,5308
3.730,5307
3.730,5306
3.730,5305
3.730,5304
3.730,5303
3.730,5302
3.730,5301
3.730,5300
3.730,5299
3.730,5298
3.730,5297
3.730,5296
3.731,5295
3.731,5294
3.731,5293
3.731,5292
3.731,5291
3.731,5290
3.731,5289
3.731,5288
3.731,5287
3.731,5286
3.731,5285
3.731,5284
3.731,5283
3.731,5282
3.731,5281
3.731,5280
3.731,5279
3.731,5278
3.731,5277
3.731,5276
3.731,5275
3.731,5274
3.731,5273
3.731,5272
3.731,5271
3.731,5270
3.732,5269
3.732,5268
3.732,5267
3.732,5266
3.732,5265
3.732,5264
3.732,5263
3.732,5262
3.732,5261
3.732,5260
3.732,5259
3.732,5258
3.732,5257
3.732,5256
3.732,5255
3.732,5254
3.732,5253
3.732,5252
3.732,5251
3.732,5250
3.732,5249
3.732,5248
3.732,5247
3.732,5246
3.732,5245
3.732,5244
3.732,5243
3.732,5242
3.732,5241
3.732,5240
3.732,5239
3.733,5238
3.733,5237
3.733,5236
3.733,5235
3.733,5234
3.733,5233
3.733,5232
3.733,5231
3.733,5230
3.733,5229
3.733,5228
3.733,5227
3.733,5226
3.733,5225
3.733,5224
3.733,5223
3.733,5222
3.733,5221
3.733,5220
3.733,5219
3.733,5218
3.734,5217
3.734,5216
3.734,5215
3.734,5214
3.734,5213
3.734,5212
3.734,5211
3.734,5210
3.734,5209
3.734,5208
3.734,5207
3.734,5206
3.734,5205
3.734,5204
3.734,5203
3.734,5202
3.734,5201
3.734,5200
3.734,5199
3.734,5198
3.734,5197
3.734,5196
3.734,5195
3.734,5194
3.734,5193
3.744,5192
3.744,5191
3.744,5190
3.744,5189
3.744,5188
3.744,5187
3.744,5186
3.744,5185
3.744,5184
3.744,5183
3.744,5182
3.745,5181
3.745,5180
3.745,5179
3.745,5178
3.745,5177
3.745,5176
3.745,5175
3.745,5174
3.745,5173
3.745,5172
3.745,5171
3.745,5170
3.745,5169
3.745,5168
3.745,5167
3.745,5166
3.745,5165
3.745,5164
3.745,5163
3.745,5162
3.745,5161
3.745,5160
3.745,5159
3.746,5158
3.746,5157
3.746,5156
3.746,5155
3.746,5154
3.746,5153
3.746,5152
3.746,5151
3.746,5150
3.746,5149
3.746,5148
3.746,5147
3.746,5146
3.746,5145
3.746,5144
3.746,5143
3.746,5142
3.746,5141
3.746,5140
3.746,5139
3.746,5138
3.747,5137
3.747,5136
3.747,5135
3.747,5134
3.747,5133
3.747,5132
3.747,5131
3.747,5130
3.747,5129
3.748,5128
3.748,5127
3.748,5126
3.748,5125
3.748,5124
3.748,5123
3.748,5122
3.748,5121
3.748,5120
3.748,5119
3.748,5118
3.748,5117
3.748,5116
3.748,5115
3.748,5114
3.748,5113
3.748,5112
3.748,5111
3.748,5110
3.748,5109
3.748,5108
3.748,5107
3.748,5106
3.748,5105
3.748,5104
3.749,5103
3.749,5102
3.749,5101
3.749,5100
3.749,5099
3.749,5098
3.749,5097
3.749,5096
3.749,5095
3.749,5094
3.749,5093
3.749,5092
3.749,5091
3.749,5090
3.749,5089
3.750,5088
3.750,5087
3.750,5086
3.750,5085
3.750,5084
3.750,5083
3.750,5082
3.750,5081
3.751,5080
3.751,5079
3.751,5078
3.751,5077
3.751,5076
3.751,5075
3.751,5074
3.751,5073
3.751,5072
3.751,5071
3.752,5070
3.752,5069
3.752,5068
3.752,5067
3.752,5066
3.752,5065
3.752,5064
3.752,5063
3.752,5062
3.752,5061
3.753,5060
3.753,5059
3.753,5058
3.753,5057
3.753,5056
3.753,5055
3.753,5054
3.753,5053
3.753,5052
3.753,5051
3.754,5050
3.754,5049
3.754,5048
3.754,5047
3.754,5046
3.754,5045
3.754,5044
3.754,5043
3.754,5042
3.754,5041
3.754,5040
3.754,5039
3.754,5038
3.755,5037
3.755,5036
3.755,5035
3.755,5034
3.755,5033
3.755,5032
3.755,5031
3.755,5030
3.755,5029
3.755,5028
3.755,5027
3.755,5026
3.755,5025
3.755,5024
3.755,5023
3.755,5022
3.755,5021
3.756,5020
3.756,5019
3.756,5018
3.756,5017
3.756,5016
3.756,5015
3.756,5014
3.756,5013
3.756,5012
3.756,5011
3.756,5010
3.756,5009
3.756,5008
3.756,5007
3.757,5006
3.757,5005
3.757,5004
3.757,5003
3.757,5002
3.757,5001
3.757,5000
3.757,4999
3.757,4998
3.757,4997
3.757,4996
3.758,4995
3.758,4994
3.758,4993
3.758,4992
3.758,4991
3.758,4990
3.758,4989
3.758,4988
3.758,4987
3.758,4986
3.758,4985
3.758,4984
3.758,4983
3.758,4982
3.758,4981
3.759,4980
3.759,4979
3.759,4978
3.759,4977
3.759,4976
3.759,4975
3.759,4974
3.759,4973
3.759,4972
3.759,4971
3.759,4970
3.759,4969
3.759,4968
3.759,4967
3.759,4966
3.759,4965
3.759,4964
3.759,4963
3.759,4962
3.760,4961
3.760,4960
3.760,4959
3.760,4958
3.760,4957
3.760,4956
3.760,4955
3.760,4954
3.760,4953
3.760,4952
3.760,4951
3.760,4950
3.760,4949
3.760,4948
3.760,4947
3.761,4946
3.761,4945
3.761,4944
3.761,4943
3.761,4942
3.761,4941
3.761,4940
3.761,4939
3.761,4938
3.761,4937
3.761,4936
3.761,4935
3.761,4934
3.761,4933
3.761,4932
3.762,4931
3.762,4930
3.762,4929
3.762,4928
3.762,4927
3.762,4926
3.762,4925
3.762,4924
3.762,4923
3.762,4922
3.762,4921
3.762,4920
3.762,4919
3.762,4918
3.763,4917
3.763,4916
3.763,4915
3.763,4914
3.763,4913
3.763,4912
3.763,4911
3.763,4910
3.763,4909
3.763,4908
3.763,4907
3.763,4906
3.763,4905
3.764,4904
3.764,4903
3.764,4902
3.764,4901
3.764,4900
3.764,4899
3.764,4898
3.764,4897
3.764,4896
3.764,4895
3.764,4894
3.764,4893
3.764,4892
3.764,4891
3.764,4890
3.765,4889
3.765,4888
3.765,4887
3.765,4886
3.765,4885
3.765,4884
3.765,4883
3.765,4882
3.765,4881
3.765,4880
3.765,4879
3.765,4878
3.765,4877
3.766,4876
3.766,4875
3.766,4874
3.766,4873
3.766,4872
3.766,4871
3.766,4870
3.766,4869
3.766,4868
3.766,4867
3.766,4866
3.766,4865
3.766,4864
3.766,4863
3.766,4862
3.767,4861
3.767,4860
3.767,4859
3.767,4858
3.767,4857
3.767,4856
3.767,4855
3.767,4854
3.767,4853
3.767,4852
3.767,4851
3.767,4850
3.768,4849
3.768,4848
3.768,4847
3.768,4846
3.768,4845
3.768,4844
3.768,4843
3.768,4842
3.768,4841
3.768,4840
3.768,4839
3.768,4838
3.768,4837
3.768,4836
3.769,4835
3.769,4834
3.769,4833
3.769,4832
3.769,4831
3.769,4830
3.769,4829
3.769,4828
3.769,4827
3.769,4826
3.769,4825
3.769,4824
3.769,4823
3.769,4822
3.770,4821
3.770,4820
3.770,4819
3.770,4818
3.770,4817
3.770,4816
3.770,4815
3.770,4814
3.770,4813
3.770,4812
3.770,4811
3.770,4810
3.770,4809
3.770,4808
3.770,4807
3.770,4806
3.771,4805
3.771,4804
3.771,4803
3.771,4802
3.771,4801
3.771,4800
3.771,4799
3.771,4798
3.771,4797
3.771,4796
3.772,4795
3.772,4794
3.772,4793
3.772,4792
3.772,4791
3.772,4790
3.772,4789
3.772,4788
3.772,4787
3.772,4786
3.772,4785
3.772,4784
3.772,4783
3.772,4782
3.773,4781
3.773,4780
3.773,4779
3.773,4778
3.773,4777
3.773,4776
3.773,4775
3.773,4774
3.774,4773
3.774,4772
3.774,4771
3.774,4770
3.774,4769
3.774,4768
3.774,4767
3.774,4766
3.774,4765
3.775,4764
3.775,4763
3.775,4762
3.775,4761
3.775,4760
3.775,4759
3.775,4758
3.775,4757
3.775,4756
3.775,4755
3.775,4754
3.775,4753
3.775,4752
3.776,4751
3.776,4750
3.776,4749
3.776,4748
3.776,4747
3.776,4746
3.776,4745
3.776,4744
3.776,4743
3.776,4742
3.776,4741
3.776,4740
3.776,4739
3.776,4738
3.776,4737
3.776,4736
3.777,4735
3.777,4734
3.777,4733
3.777,4732
3.777,4731
3.777,4730
3.777,4729
3.777,4728
3.777,4727
3.777,4726
3.777,4725
3.777,4724
3.777,4723
3.777,4722
3.777,4721
3.777,4720
3.778,4719
3.778,4718
3.778,4717
3.778,4716
3.778,4715
3.778,4714
3.778,4713
3.778,4712
3.778,4711
3.778,4710
3.778,4709
3.778,4708
3.779,4707
3.779,4706
3.779,4705
3.779,4704
3.779,4703
3.779,4702
3.779,4701
3.779,4700
3.779,4699
3.779,4698
3.779,4697
3.779,4696
3.780,4695
3.780,4694
3.780,4693
3.780,4692
3.780,4691
3.780,4690
3.780,4689
3.780,4688
3.780,4687
3.781,4686
3.781,4685
3.781,4684
3.781,4683
3.781,4682
3.781,4681
3.781,4680
3.781,4679
3.781,4678
3.781,4677
3.781,4676
3.781,4675
3.781,4674
3.782,4673
3.782,4672
3.782,4671
3.782,4670
3.782,4669
3.782,4668
3.782,4667
3.782,4666
3.782,4665
3.783,4664
3.783,4663
3.783,4662
3.783,4661
3.783,4660
3.783,4659
3.783,4658
3.783,4657
3.783,4656
3.783,4655
3.783,4654
3.783,4653
3.784,4652
3.784,4651
3.784,4650
3.784,4649
3.784,4648
3.784,4647
3.784,4646
3.784,4645
3.784,4644
3.784,4643
3.784,4642
3.784,4641
3.785,4640
3.785,4639
3.785,4638
3.785,4637
3.785,4636
3.785,4635
3.785,4634
3.785,4633
3.785,4632
3.785,4631
3.785,4630
3.785,4629
3.785,4628
3.785,4627
3.786,4626
3.786,4625
3.786,4624
3.786,4623
3.786,4622
3.786,4621
3.786,4620
3.786,4619
3.786,4618
3.786,4617
3.786,4616
3.786,4615
3.786,4614
3.786,4613
3.787,4612
3.787,4611
3.787,4610
3.787,4609
3.787,4608
3.787,4607
3.787,4606
3.787,4605
3.787,4604
3.787,4603
3.787,4602
3.788,4601
3.788,4600
3.788,4599
3.788,4598
3.788,4597
3.788,4596
3.788,4595
3.788,4594
3.788,4593
3.788,4592
3.788,4591
3.789,4590
3.789,4589
3.789,4588
3.789,4587
3.789,4586
3.789,4585
3.789,4584
3.789,4583
3.789,4582
3.789,4581
3.789,4580
3.789,4579
3.789,4578
3.789,4577
3.789,4576
3.790,4575
3.790,4574
3.790,4573
3.790,4572
3.790,4571
3.790,4570
3.790,4569
3.790,4568
3.790,4567
3.790,4566
3.790,4565
3.790,4564
3.790,4563
3.790,4562
3.790,4561
3.791,4560
3.791,4559
3.791,4558
3.791,4557
3.791,4556
3.791,4555
3.791,4554
3.791,4553
3.791,4552
3.791,4551
3.791,4550
3.792,4549
3.792,4548
3.792,4547
3.792,4546
3.792,4545
3.792,4544
3.793,4543
3.793,4542
3.793,4541
3.793,4540
3.794,4539
3.794,4538
3.794,4537
3.794,4536
3.794,4535
3.795,4534
3.795,4533
3.795,4532
3.795,4531
3.795,4530
3.795,4529
3.795,4528
3.795,4527
3.795,4526
3.796,4525
3.796,4524
3.796,4523
3.796,4522
3.796,4521
3.796,4520
3.796,4519
3.797,4518
3.797,4517
3.797,4516
3.797,4515
3.797,4514
3.797,4513
3.797,4512
3.797,4511
3.797,4510
3.797,4509
3.797,4508
3.798,4507
3.798,4506
3.798,4505
3.798,4504
3.798,4503
3.798,4502
3.798,4501
3.798,4500
3.798,4499
3.799,4498
3.799,4497
3.799,4496
3.799,4495
3.799,4494
3.799,4493
3.799,4492
3.799,4491
3.799,4490
3.799,4489
3.800,4488
3.800,4487
3.800,4486
3.800,4485
3.800,4484
3.800,4483
3.800,4482
3.800,4481
3.800,4480
3.800,4479
3.801,4478
3.801,4477
3.801,4476
3.801,4475
3.801,4474
3.801,4473
3.801,4472
3.802,4471
3.802,4470
3.802,4469
3.802,4468
3.802,4467
3.802,4466
3.802,4465
3.803,4464
3.803,4463
3.803,4462
3.803,4461
3.803,4460
3.803,4459
3.804,4458
3.804,4457
3.804,4456
3.804,4455
3.805,4454
3.805,4453
3.806,4452
3.806,4451
3.806,4450
3.806,4449
3.806,4448
3.806,4447
3.806,4446
3.806,4445
3.806,4444
3.807,4443
3.807,4442
3.807,4441
3.807,4440
3.807,4439
3.807,4438
3.807,4437
3.808,4436
3.808,4435
3.808,4434
3.808,4433
3.808,4432
3.808,4431
3.808,4430
3.808,4429
3.808,4428
3.808,4427
3.809,4426
3.809,4425
3.809,4424
3.809,4423
3.809,4422
3.809,4421
3.809,4420
3.809,4419
3.809,4418
3.810,4417
3.810,4416
3.810,4415
3.810,4414
3.810,4413
3.811,4412
3.811,4411
3.811,4410
3.811,4409
3.811,4408
3.811,4407
3.811,4406
3.811,4405
3.811,4404
3.812,4403
3.812,4402
3.812,4401
3.812,4400
3.812,4399
3.812,4398
3.812,4397
3.812,4396
3.812,4395
3.813,4394
3.813,4393
3.813,4392
3.813,4391
3.813,4390
3.813,4389
3.814,4388
3.814,4387
3.814,4386
3.814,4385
3.814,4384
3.814,4383
3.814,4382
3.815,4381
3.815,4380
3.815,4379
3.815,4378
3.815,4377
3.815,4376
3.815,4375
3.815,4374
3.815,4373
3.815,4372
3.816,4371
3.816,4370
3.816,4369
3.816,4368
3.816,4367
3.816,4366
3.816,4365
3.816,4364
3.816,4363
3.816,4362
3.817,4361
3.817,4360
3.817,4359
3.817,4358
3.817,4357
3.817,4356
3.817,4355
3.817,4354
3.818,4353
3.818,4352
3.818,4351
3.818,4350
3.818,4349
3.818,4348
3.818,4347
3.818,4346
3.819,4345
3.819,4344
3.819,4343
3.819,4342
3.819,4341
3.819,4340
3.819,4339
3.819,4338
3.820,4337
3.820,4336
3.820,4335
3.820,4334
3.820,4333
3.821,4332
3.821,4331
3.821,4330
3.821,4329
3.821,4328
3.821,4327
3.821,4326
3.821,4325
3.822,4324
3.822,4323
3.822,4322
3.822,4321
3.822,4320
3.822,4319
3.822,4318
3.822,4317
3.822,4316
3.822,4315
3.822,4314
3.822,4313
3.822,4312
3.823,4311
3.823,4310
3.823,4309
3.823,4308
3.823,4307
3.823,4306
3.824,4305
3.824,4304
3.824,4303
3.824,4302
3.824,4301
3.824,4300
3.824,4299
3.825,4298
3.825,4297
3.825,4296
3.825,4295
3.825,4294
3.825,4293
3.825,4292
3.825,4291
3.825,4290
3.825,4289
3.826,4288
3.826,4287
3.826,4286
3.826,4285
3.826,4284
3.826,4283
3.826,4282
3.826,4281
3.826,4280
3.827,4279
3.827,4278
3.827,4277
3.828,4276
3.828,4275
3.828,4274
3.828,4273
3.828,4272
3.828,4271
3.828,4270
3.828,4269
3.828,4268
3.828,4267
3.829,4266
3.829,4265
3.829,4264
3.829,4263
3.830,4262
3.830,4261
3.830,4260
3.830,4259
3.830,4258
3.830,4257
3.830,4256
3.831,4255
3.831,4254
3.831,4253
3.831,4252
3.831,4251
3.831,4250
3.831,4249
3.832,4248
3.832,4247
3.832,4246
3.832,4245
3.832,4244
3.832,4243
3.832,4242
3.832,4241
3.832,4240
3.832,4239
3.833,4238
3.833,4237
3.833,4236
3.833,4235
3.833,4234
3.833,4233
3.833,4232
3.834,4231
3.834,4230
3.834,4229
3.834,4228
3.835,4227
3.835,4226
3.835,4225
3.835,4224
3.835,4223
3.835,4222
3.835,4221
3.836,4220
3.836,4219
3.836,4218
3.836,4217
3.836,4216
3.836,4215
3.836,4214
3.836,4213
3.836,4212
3.837,4211
3.837,4210
3.837,4209
3.837,4208
3.837,4207
3.837,4206
3.837,4205
3.838,4204
3.838,4203
3.838,4202
3.838,4201
3.838,4200
3.838,4199
3.839,4198
3.839,4197
3.839,4196
3.840,4195
3.840,4194
3.840,4193
3.841,4192
3.841,4191
3.841,4190
3.842,4189
3.842,4188
3.842,4187
3.842,4186
3.843,4185
3.843,4184
3.843,4183
3.843,4182
3.844,4181
3.845,4180
3.846,4179
3.846,4178
3.846,4177
3.846,4176
3.846,4175
3.846,4174
3.846,4173
3.847,4172
3.847,4171
3.847,4170
3.847,4169
3.848,4168
3.848,4167
3.848,4166
3.848,4165
3.849,4164
3.849,4163
3.849,4162
3.849,4161
3.849,4160
3.850,4159
3.850,4158
3.850,4157
3.850,4156
3.851,4155
3.851,4154
3.851,4153
3.851,4152
3.851,4151
3.852,4150
3.852,4149
3.852,4148
3.852,4147
3.853,4146
3.853,4145
3.853,4144
3.854,4143
3.854,4142
3.854,4141
3.854,4140
3.855,4139
3.855,4138
3.855,4137
3.855,4136
3.856,4135
3.856,4134
3.856,4133
3.856,4132
3.856,4131
3.856,4130
3.856,4129
3.857,4128
3.857,4127
3.857,4126
3.857,4125
3.857,4124
3.858,4123
3.858,4122
3.858,4121
3.858,4120
3.859,4119
3.859,4118
3.859,4117
3.859,4116
3.860,4115
3.860,4114
3.860,4113
3.860,4112
3.860,4111
3.860,4110
3.860,4109
3.860,4108
3.861,4107
3.861,4106
3.862,4105
3.862,4104
3.862,4103
3.862,4102
3.862,4101
3.862,4100
3.862,4099
3.863,4098
3.863,4097
3.864,4096
3.864,4095
3.864,4094
3.864,4093
3.864,4092
3.865,4091
3.865,4090
3.865,4089
3.865,4088
3.866,4087
3.866,4086
3.866,4085
3.866,4084
3.866,4083
3.867,4082
3.867,4081
3.867,4080
3.867,4079
3.867,4078
3.868,4077
3.868,4076
3.868,4075
3.868,4074
3.868,4073
3.868,4072
3.868,4071
3.869,4070
3.869,4069
3.869,4068
3.870,4067
3.870,4066
3.870,4065
3.871,4064
3.872,4063
3.872,4062
3.874,4061
3.874,4060
3.875,4059
3.876,4058
3.876,4057
3.877,4056
3.877,4055
3.878,4054
3.878,4053
3.878,4052
3.879,4051
3.880,4050
3.880,4049
3.880,4048
3.881,4047
3.883,4046
3.884,4045
3.884,4044
3.884,4043
3.885,4042
3.886,4041
3.886,4040
3.886,4039
3.887,4038
3.887,4037
3.888,4036
3.888,4035
3.889,4034
3.889,4033
3.890,4032
3.892,4031
3.893,4030
3.893,4029
3.894,4028
3.895,4027
3.896,4026
3.896,4025
3.897,4024
3.898,4023
3.898,4022
3.899,4021
3.900,4020
3.900,4019
3.901,4018
3.901,4017
3.901,4016
3.902,4015
3.902,4014
3.904,4013
3.905,4012
3.905,4011
3.906,4010
3.908,4009
3.909,4008
3.909,4007
3.910,4006
3.910,4005
3.911,4004
3.911,4003
3.912,4002
3.912,4001
3.913,4000
3.914,3999
3.914,3998
3.916,3997
3.916,3996
3.916,3995
3.917,3994
3.918,3993
3.919,3992
3.921,3991
3.921,3990
3.922,3989
3.924,3988
3.925,3987
3.927,3986
3.930,3985
3.932,3984
3.933,3983
3.934,3982
3.935,3981
3.935,3980
3.935,3979
3.935,3978
3.939,3977
3.940,3976
3.940,3975
3.942,3974
3.945,3973
3.959,3972
3.965,3971
3.973,3970
3.978,3969
3.981,3968
3.986,3967
3.989,3966
3.992,3965
4.010,3964
4.036,3963
