0.575,5754
3.624,5753
3.625,5752
3.625,5751
3.625,5750
3.626,5749
3.626,5748
3.626,5747
3.626,5746
3.626,5745
3.626,5744
3.627,5743
3.627,5742
3.627,5741
3.627,5740
3.627,5739
3.628,5738
3.628,5737
3.628,5736
3.628,5735
3.629,5734
3.629,5733
3.629,5732
3.630,5731
3.630,5730
3.630,5729
3.630,5728
3.631,5727
3.631,5726
3.631,5725
3.631,5724
3.631,5723
3.632,5722
3.632,5721
3.632,5720
3.632,5719
3.632,5718
3.633,5717
3.633,5716
3.633,5715
3.633,5714
3.634,5713
3.634,5712
3.634,5711
3.634,5710
3.634,5709
3.635,5708
3.635,5707
3.635,5706
3.636,5705
3.636,5704
3.636,5703
3.636,5702
3.636,5701
3.637,5700
3.637,5699
3.637,5698
3.637,5697
3.637,5696
3.637,5695
3.638,5694
3.638,5693
3.638,5692
3.638,5691
3.638,5690
3.639,5689
3.639,5688
3.639,5687
3.639,5686
3.639,5685
3.639,5684
3.639,5683
3.639,5682
3.639,5681
3.639,5680
3.639,5679
3.639,5678
3.640,5677
3.640,5676
3.640,5675
3.640,5674
3.640,5673
3.640,5672
3.640,5671
3.640,5670
3.640,5669
3.640,5668
3.640,5667
3.640,5666
3.641,5665
3.641,5664
3.641,5663
3.641,5662
3.641,5661
3.641,5660
3.641,5659
3.641,5658
3.641,5657
3.641,5656
3.641,5655
3.641,5654
3.641,5653
3.642,5652
3.642,5651
3.642,5650
3.642,5649
3.642,5648
3.642,5647
3.642,5646
3.642,5645
3.642,5644
3.642,5643
3.642,5642
3.642,5641
3.642,5640
3.642,5639
3.642,5638
3.643,5637
3.643,5636
3.643,5635
3.643,5634
3.643,5633
3.643,5632
3.643,5631
3.643,5630
3.643,5629
3.644,5628
3.644,5627
3.644,5626
3.644,5625
3.644,5624
3.644,5623
3.644,5622
3.644,5621
3.645,5620
3.645,5619
3.645,5618
3.645,5617
3.645,5616
3.645,5615
3.645,5614
3.645,5613
3.645,5612
3.645,5611
3.645,5610
3.645,5609
3.645,5608
3.645,5607
3.645,5606
3.645,5605
3.646,5604
3.646,5603
3.646,5602
3.646,5601
3.646,5600
3.646,5599
3.646,5598
3.646,5597
3.646,5596
3.646,5595
3.646,5594
3.646,5593
3.646,5592
3.647,5591
3.647,5590
3.647,5589
3.647,5588
3.647,5587
3.647,5586
3.648,5585
3.648,5584
3.648,5583
3.648,5582
3.648,5581
3.648,5580
3.648,5579
3.648,5578
3.648,5577
3.648,5576
3.648,5575
3.648,5574
3.649,5573
3.649,5572
3.649,5571
3.649,5570
3.649,5569
3.649,5568
3.649,5567
3.649,5566
3.649,5565
3.649,5564
3.649,5563
3.650,5562
3.650,5561
3.650,5560
3.650,5559
3.650,5558
3.650,5557
3.650,5556
3.650,5555
3.650,5554
3.651,5553
3.651,5552
3.651,5551
3.651,5550
3.651,5549
3.651,5548
3.651,5547
3.651,5546
3.651,5545
3.651,5544
3.651,5543
3.651,5542
3.651,5541
3.651,5540
3.652,5539
3.652,5538
3.652,5537
3.652,5536
3.652,5535
3.652,5534
3.652,5533
3.652,5532
3.652,5531
3.652,5530
3.652,5529
3.652,5528
3.652,5527
3.652,5526
3.653,5525
3.653,5524
3.653,5523
3.653,5522
3.653,5521
3.653,5520
3.653,5519
3.653,5518
3.653,5517
3.653,5516
3.653,5515
3.653,5514
3.653,5513
3.653,5512
3.653,5511
3.653,5510
3.653,5509
3.654,5508
3.654,5507
3.654,5506
3.654,5505
3.654,5504
3.654,5503
3.654,5502
3.654,5501
3.654,5500
3.654,5499
3.654,5498
3.655,5497
3.655,5496
3.655,5495
3.655,5494
3.655,5493
3.655,5492
3.655,5491
3.655,5490
3.655,5489
3.655,5488
3.655,5487
3.655,5486
3.655,5485
3.655,5484
3.655,5483
3.655,5482
3.655,5481
3.655,5480
3.656,5479
3.656,5478
3.656,5477
3.656,5476
3.656,5475
3.656,5474
3.656,5473
3.656,5472
3.656,5471
3.656,5470
3.656,5469
3.656,5468
3.656,5467
3.656,5466
3.656,5465
3.656,5464
3.656,5463
3.657,5462
3.657,5461
3.657,5460
3.657,5459
3.657,5458
3.657,5457
3.657,5456
3.657,5455
3.657,5454
3.657,5453
3.657,5452
3.657,5451
3.657,5450
3.657,5449
3.657,5448
3.657,5447
3.657,5446
3.657,5445
3.657,5444
3.658,5443
3.658,5442
3.658,5441
3.658,5440
3.658,5439
3.658,5438
3.658,5437
3.658,5436
3.658,5435
3.658,5434
3.658,5433
3.658,5432
3.658,5431
3.658,5430
3.658,5429
3.658,5428
3.658,5427
3.659,5426
3.659,5425
3.659,5424
3.659,5423
3.659,5422
3.659,5421
3.659,5420
3.659,5419
3.659,5418
3.659,5417
3.659,5416
3.659,5415
3.659,5414
3.659,5413
3.659,5412
3.659,5411
3.660,5410
3.660,5409
3.660,5408
3.660,5407
3.660,5406
3.660,5405
3.660,5404
3.660,5403
3.660,5402
3.660,5401
3.660,5400
3.660,5399
3.660,5398
3.660,5397
3.660,5396
3.660,5395
3.660,5394
3.660,5393
3.660,5392
3.660,5391
3.661,5390
3.661,5389
3.661,5388
3.661,5387
3.661,5386
3.661,5385
3.661,5384
3.661,5383
3.661,5382
3.661,5381
3.661,5380
3.661,5379
3.661,5378
3.661,5377
3.661,5376
3.661,5375
3.661,5374
3.661,5373
3.662,5372
3.662,5371
3.662,5370
3.662,5369
3.663,5368
3.663,5367
3.663,5366
3.663,5365
3.663,5364
3.663,5363
3.663,5362
3.663,5361
3.663,5360
3.663,5359
3.663,5358
3.663,5357
3.663,5356
3.663,5355
3.663,5354
3.663,5353
3.663,5352
3.663,5351
3.663,5350
3.663,5349
3.663,5348
3.663,5347
3.663,5346
3.663,5345
3.664,5344
3.664,5343
3.664,5342
3.664,5341
3.664,5340
3.664,5339
3.664,5338
3.664,5337
3.664,5336
3.664,5335
3.664,5334
3.664,5333
3.664,5332
3.664,5331
3.664,5330
3.664,5329
3.664,5328
3.664,5327
3.664,5326
3.664,5325
3.664,5324
3.664,5323
3.664,5322
3.665,5321
3.665,5320
3.665,5319
3.665,5318
3.665,5317
3.665,5316
3.665,5315
3.665,5314
3.665,5313
3.665,5312
3.665,5311
3.665,5310
3.665,5309
3.665,5308
3.665,5307
3.665,5306
3.665,5305
3.665,5304
3.665,5303
3.665,5302
3.665,5301
3.665,5300
3.665,5299
3.665,5298
3.666,5297
3.666,5296
3.666,5295
3.666,5294
3.666,5293
3.666,5292
3.666,5291
3.666,5290
3.666,5289
3.666,5288
3.666,5287
3.666,5286
3.666,5285
3.666,5284
3.666,5283
3.666,5282
3.666,5281
3.666,5280
3.666,5279
3.666,5278
3.666,5277
3.666,5276
3.666,5275
3.666,5274
3.667,5273
3.667,5272
3.667,5271
3.667,5270
3.667,5269
3.667,5268
3.667,5267
3.667,5266
3.667,5265
3.667,5264
3.667,5263
3.667,5262
3.667,5261
3.667,5260
3.667,5259
3.667,5258
3.667,5257
3.667,5256
3.667,5255
3.668,5254
3.668,5253
3.668,5252
3.668,5251
3.668,5250
3.668,5249
3.668,5248
3.668,5247
3.668,5246
3.668,5245
3.668,5244
3.668,5243
3.668,5242
3.668,5241
3.668,5240
3.668,5239
3.668,5238
3.668,5237
3.669,5236
3.669,5235
3.669,5234
3.669,5233
3.669,5232
3.669,5231
3.669,5230
3.669,5229
3.669,5228
3.669,5227
3.669,5226
3.669,5225
3.669,5224
3.669,5223
3.669,5222
3.669,5221
3.669,5220
3.669,5219
3.669,5218
3.669,5217
3.669,5216
3.669,5215
3.669,5214
3.669,5213
3.669,5212
3.669,5211
3.670,5210
3.670,5209
3.670,5208
3.670,5207
3.670,5206
3.670,5205
3.670,5204
3.670,5203
3.670,5202
3.670,5201
3.670,5200
3.670,5199
3.670,5198
3.670,5197
3.670,5196
3.670,5195
3.670,5194
3.670,5193
3.670,5192
3.670,5191
3.670,5190
3.670,5189
3.670,5188
3.670,5187
3.670,5186
3.670,5185
3.671,5184
3.671,5183
3.671,5182
3.671,5181
3.671,5180
3.671,5179
3.671,5178
3.671,5177
3.671,5176
3.671,5175
3.671,5174
3.671,5173
3.671,5172
3.671,5171
3.671,5170
3.671,5169
3.671,5168
3.671,5167
3.671,5166
3.671,5165
3.671,5164
3.671,5163
3.671,5162
3.671,5161
3.671,5160
3.671,5159
3.671,5158
3.671,5157
3.672,5156
3.672,5155
3.672,5154
3.672,5153
3.672,5152
3.672,5151
3.672,5150
3.672,5149
3.672,5148
3.672,5147
3.672,5146
3.672,5145
3.672,5144
3.672,5143
3.672,5142
3.672,5141
3.672,5140
3.672,5139
3.672,5138
3.672,5137
3.672,5136
3.672,5135
3.672,5134
3.672,5133
3.673,5132
3.673,5131
3.673,5130
3.673,5129
3.673,5128
3.673,5127
3.673,5126
3.673,5125
3.673,5124
3.673,5123
3.673,5122
3.673,5121
3.673,5120
3.673,5119
3.673,5118
3.673,5117
3.673,5116
3.673,5115
3.673,5114
3.673,5113
3.673,5112
3.673,5111
3.674,5110
3.674,5109
3.674,5108
3.674,5107
3.674,5106
3.674,5105
3.674,5104
3.674,5103
3.674,5102
3.674,5101
3.674,5100
3.674,5099
3.674,5098
3.674,5097
3.674,5096
3.674,5095
3.674,5094
3.674,5093
3.674,5092
3.674,5091
3.674,5090
3.674,5089
3.675,5088
3.675,5087
3.675,5086
3.675,5085
3.675,5084
3.675,5083
3.675,5082
3.675,5081
3.675,5080
3.675,5079
3.675,5078
3.675,5077
3.675,5076
3.675,5075
3.675,5074
3.675,5073
3.675,5072
3.676,5071
3.676,5070
3.676,5069
3.676,5068
3.676,5067
3.676,5066
3.676,5065
3.676,5064
3.676,5063
3.676,5062
3.676,5061
3.676,5060
3.676,5059
3.676,5058
3.676,5057
3.676,5056
3.676,5055
3.677,5054
3.677,5053
3.677,5052
3.677,5051
3.677,5050
3.677,5049
3.678,5048
3.678,5047
3.678,5046
3.678,5045
3.678,5044
3.678,5043
3.678,5042
3.678,5041
3.678,5040
3.678,5039
3.678,5038
3.679,5037
3.679,5036
3.679,5035
3.679,5034
3.679,5033
3.679,5032
3.679,5031
3.679,5030
3.679,5029
3.679,5028
3.680,5027
3.680,5026
3.680,5025
3.680,5024
3.680,5023
3.680,5022
3.680,5021
3.680,5020
3.680,5019
3.680,5018
3.681,5017
3.681,5016
3.681,5015
3.681,5014
3.681,5013
3.681,5012
3.681,5011
3.681,5010
3.681,5009
3.681,5008
3.681,5007
3.682,5006
3.682,5005
3.682,5004
3.682,5003
3.682,5002
3.682,5001
3.682,5000
3.682,4999
3.682,4998
3.682,4997
3.682,4996
3.682,4995
3.682,4994
3.682,4993
3.683,4992
3.683,4991
3.683,4990
3.683,4989
3.683,4988
3.683,4987
3.683,4986
3.683,4985
3.683,4984
3.683,4983
3.683,4982
3.684,4981
3.684,4980
3.684,4979
3.684,4978
3.684,4977
3.684,4976
3.684,4975
3.684,4974
3.684,4973
3.684,4972
3.684,4971
3.684,4970
3.684,4969
3.684,4968
3.684,4967
3.684,4966
3.685,4965
3.685,4964
3.685,4963
3.685,4962
3.685,4961
3.685,4960
3.685,4959
3.685,4958
3.685,4957
3.685,4956
3.685,4955
3.685,4954
3.685,4953
3.686,4952
3.686,4951
3.686,4950
3.686,4949
3.686,4948
3.686,4947
3.686,4946
3.686,4945
3.686,4944
3.686,4943
3.686,4942
3.686,4941
3.686,4940
3.687,4939
3.687,4938
3.687,4937
3.687,4936
3.687,4935
3.687,4934
3.687,4933
3.687,4932
3.687,4931
3.687,4930
3.687,4929
3.687,4928
3.688,4927
3.688,4926
3.688,4925
3.688,4924
3.688,4923
3.688,4922
3.688,4921
3.688,4920
3.688,4919
3.688,4918
3.688,4917
3.688,4916
3.689,4915
3.689,4914
3.689,4913
3.689,4912
3.689,4911
3.689,4910
3.689,4909
3.689,4908
3.689,4907
3.689,4906
3.689,4905
3.689,4904
3.689,4903
3.690,4902
3.690,4901
3.690,4900
3.690,4899
3.690,4898
3.690,4897
3.690,4896
3.690,4895
3.690,4894
3.691,4893
3.691,4892
3.691,4891
3.691,4890
3.691,4889
3.691,4888
3.691,4887
3.691,4886
3.691,4885
3.691,4884
3.691,4883
3.691,4882
3.691,4881
3.691,4880
3.692,4879
3.692,4878
3.692,4877
3.692,4876
3.692,4875
3.692,4874
3.692,4873
3.692,4872
3.692,4871
3.692,4870
3.692,4869
3.692,4868
3.692,4867
3.693,4866
3.693,4865
3.693,4864
3.693,4863
3.693,4862
3.693,4861
3.693,4860
3.693,4859
3.693,4858
3.693,4857
3.693,4856
3.694,4855
3.694,4854
3.694,4853
3.694,4852
3.694,4851
3.694,4850
3.694,4849
3.694,4848
3.694,4847
3.694,4846
3.694,4845
3.694,4844
3.694,4843
3.695,4842
3.695,4841
3.695,4840
3.695,4839
3.695,4838
3.695,4837
3.695,4836
3.695,4835
3.695,4834
3.695,4833
3.695,4832
3.696,4831
3.696,4830
3.696,4829
3.696,4828
3.696,4827
3.696,4826
3.696,4825
3.696,4824
3.696,4823
3.697,4822
3.697,4821
3.697,4820
3.697,4819
3.697,4818
3.697,4817
3.697,4816
3.697,4815
3.697,4814
3.697,4813
3.697,4812
3.697,4811
3.697,4810
3.697,4809
3.698,4808
3.698,4807
3.698,4806
3.698,4805
3.698,4804
3.698,4803
3.698,4802
3.698,4801
3.698,4800
3.698,4799
3.698,4798
3.699,4797
3.699,4796
3.699,4795
3.699,4794
3.699,4793
3.699,4792
3.699,4791
3.699,4790
3.699,4789
3.699,4788
3.699,4787
3.700,4786
3.700,4785
3.700,4784
3.700,4783
3.700,4782
3.700,4781
3.700,4780
3.700,4779
3.700,4778
3.700,4777
3.700,4776
3.700,4775
3.700,4774
3.700,4773
3.701,4772
3.701,4771
3.701,4770
3.701,4769
3.701,4768
3.701,4767
3.701,4766
3.701,4765
3.701,4764
3.701,4763
3.701,4762
3.701,4761
3.701,4760
3.701,4759
3.701,4758
3.701,4757
3.701,4756
3.702,4755
3.702,4754
3.702,4753
3.702,4752
3.702,4751
3.702,4750
3.702,4749
3.702,4748
3.702,4747
3.702,4746
3.702,4745
3.703,4744
3.703,4743
3.703,4742
3.703,4741
3.703,4740
3.703,4739
3.703,4738
3.703,4737
3.703,4736
3.703,4735
3.704,4734
3.704,4733
3.704,4732
3.704,4731
3.704,4730
3.704,4729
3.704,4728
3.704,4727
3.705,4726
3.705,4725
3.705,4724
3.705,4723
3.705,4722
3.705,4721
3.705,4720
3.705,4719
3.705,4718
3.705,4717
3.705,4716
3.705,4715
3.705,4714
3.706,4713
3.706,4712
3.706,4711
3.706,4710
3.706,4709
3.706,4708
3.706,4707
3.706,4706
3.706,4705
3.706,4704
3.706,4703
3.706,4702
3.707,4701
3.707,4700
3.707,4699
3.707,4698
3.707,4697
3.707,4696
3.707,4695
3.707,4694
3.707,4693
3.707,4692
3.707,4691
3.707,4690
3.708,4689
3.708,4688
3.708,4687
3.708,4686
3.708,4685
3.708,4684
3.708,4683
3.708,4682
3.708,4681
3.708,4680
3.708,4679
3.708,4678
3.708,4677
3.709,4676
3.709,4675
3.709,4674
3.709,4673
3.709,4672
3.709,4671
3.709,4670
3.709,4669
3.709,4668
3.709,4667
3.709,4666
3.709,4665
3.709,4664
3.710,4663
3.710,4662
3.710,4661
3.710,4660
3.710,4659
3.710,4658
3.710,4657
3.710,4656
3.710,4655
3.710,4654
3.711,4653
3.711,4652
3.711,4651
3.711,4650
3.711,4649
3.711,4648
3.711,4647
3.711,4646
3.711,4645
3.711,4644
3.711,4643
3.711,4642
3.711,4641
3.711,4640
3.711,4639
3.712,4638
3.712,4637
3.712,4636
3.712,4635
3.712,4634
3.712,4633
3.712,4632
3.712,4631
3.712,4630
3.712,4629
3.712,4628
3.712,4627
3.712,4626
3.712,4625
3.713,4624
3.713,4623
3.713,4622
3.713,4621
3.713,4620
3.713,4619
3.713,4618
3.713,4617
3.713,4616
3.713,4615
3.713,4614
3.713,4613
3.713,4612
3.713,4611
3.713,4610
3.713,4609
3.714,4608
3.714,4607
3.714,4606
3.714,4605
3.714,4604
3.714,4603
3.714,4602
3.714,4601
3.714,4600
3.714,4599
3.714,4598
3.714,4597
3.714,4596
3.714,4595
3.714,4594
3.714,4593
3.714,4592
3.715,4591
3.715,4590
3.715,4589
3.715,4588
3.715,4587
3.715,4586
3.715,4585
3.715,4584
3.715,4583
3.715,4582
3.715,4581
3.715,4580
3.715,4579
3.715,4578
3.715,4577
3.715,4576
3.716,4575
3.716,4574
3.716,4573
3.716,4572
3.716,4571
3.716,4570
3.716,4569
3.716,4568
3.716,4567
3.716,4566
3.716,4565
3.716,4564
3.716,4563
3.716,4562
3.716,4561
3.716,4560
3.716,4559
3.716,4558
3.717,4557
3.717,4556
3.717,4555
3.717,4554
3.717,4553
3.717,4552
3.717,4551
3.717,4550
3.717,4549
3.717,4548
3.717,4547
3.717,4546
3.717,4545
3.717,4544
3.717,4543
3.717,4542
3.718,4541
3.718,4540
3.718,4539
3.718,4538
3.718,4537
3.718,4536
3.718,4535
3.719,4534
3.719,4533
3.719,4532
3.719,4531
3.719,4530
3.719,4529
3.719,4528
3.719,4527
3.719,4526
3.720,4525
3.720,4524
3.720,4523
3.720,4522
3.720,4521
3.720,4520
3.720,4519
3.720,4518
3.721,4517
3.721,4516
3.721,4515
3.721,4514
3.721,4513
3.721,4512
3.721,4511
3.722,4510
3.722,4509
3.722,4508
3.722,4507
3.722,4506
3.722,4505
3.722,4504
3.722,4503
3.723,4502
3.723,4501
3.723,4500
3.723,4499
3.723,4498
3.723,4497
3.723,4496
3.724,4495
3.724,4494
3.724,4493
3.724,4492
3.724,4491
3.724,4490
3.724,4489
3.724,4488
3.724,4487
3.725,4486
3.725,4485
3.725,4484
3.725,4483
3.725,4482
3.725,4481
3.725,4480
3.725,4479
3.725,4478
3.725,4477
3.726,4476
3.726,4475
3.726,4474
3.726,4473
3.726,4472
3.726,4471
3.727,4470
3.727,4469
3.727,4468
3.727,4467
3.727,4466
3.727,4465
3.727,4464
3.727,4463
3.727,4462
3.727,4461
3.727,4460
3.727,4459
3.728,4458
3.728,4457
3.728,4456
3.728,4455
3.729,4454
3.729,4453
3.729,4452
3.729,4451
3.729,4450
3.729,4449
3.729,4448
3.729,4447
3.729,4446
3.730,4445
3.730,4444
3.730,4443
3.730,4442
3.730,4441
3.731,4440
3.731,4439
3.731,4438
3.731,4437
3.731,4436
3.731,4435
3.731,4434
3.732,4433
3.732,4432
3.732,4431
3.732,4430
3.732,4429
3.732,4428
3.732,4427
3.732,4426
3.732,4425
3.733,4424
3.733,4423
3.733,4422
3.733,4421
3.733,4420
3.733,4419
3.733,4418
3.733,4417
3.733,4416
3.733,4415
3.733,4414
3.733,4413
3.734,4412
3.734,4411
3.734,4410
3.734,4409
3.734,4408
3.734,4407
3.734,4406
3.734,4405
3.735,4404
3.735,4403
3.735,4402
3.735,4401
3.735,4400
3.735,4399
3.735,4398
3.735,4397
3.735,4396
3.735,4395
3.736,4394
3.736,4393
3.736,4392
3.736,4391
3.736,4390
3.736,4389
3.737,4388
3.737,4387
3.737,4386
3.737,4385
3.737,4384
3.737,4383
3.737,4382
3.737,4381
3.738,4380
3.738,4379
3.738,4378
3.738,4377
3.738,4376
3.738,4375
3.739,4374
3.739,4373
3.739,4372
3.739,4371
3.739,4370
3.739,4369
3.739,4368
3.740,4367
3.740,4366
3.740,4365
3.740,4364
3.740,4363
3.740,4362
3.740,4361
3.740,4360
3.741,4359
3.741,4358
3.741,4357
3.741,4356
3.741,4355
3.741,4354
3.741,4353
3.741,4352
3.742,4351
3.742,4350
3.742,4349
3.742,4348
3.742,4347
3.743,4346
3.743,4345
3.743,4344
3.743,4343
3.743,4342
3.743,4341
3.744,4340
3.744,4339
3.744,4338
3.744,4337
3.744,4336
3.744,4335
3.744,4334
3.745,4333
3.745,4332
3.745,4331
3.745,4330
3.745,4329
3.746,4328
3.746,4327
3.746,4326
3.746,4325
3.746,4324
3.747,4323
3.747,4322
3.747,4321
3.747,4320
3.747,4319
3.747,4318
3.747,4317
3.747,4316
3.747,4315
3.747,4314
3.747,4313
3.748,4312
3.748,4311
3.748,4310
3.748,4309
3.748,4308
3.748,4307
3.749,4306
3.749,4305
3.749,4304
3.749,4303
3.749,4302
3.749,4301
3.750,4300
3.750,4299
3.750,4298
3.750,4297
3.750,4296
3.750,4295
3.750,4294
3.751,4293
3.751,4292
3.751,4291
3.751,4290
3.751,4289
3.751,4288
3.752,4287
3.752,4286
3.752,4285
3.752,4284
3.753,4283
3.753,4282
3.753,4281
3.753,4280
3.753,4279
3.753,4278
3.753,4277
3.754,4276
3.754,4275
3.754,4274
3.754,4273
3.754,4272
3.755,4271
3.755,4270
3.755,4269
3.755,4268
3.756,4267
3.756,4266
3.756,4265
3.756,4264
3.757,4263
3.757,4262
3.757,4261
3.757,4260
3.757,4259
3.757,4258
3.757,4257
3.757,4256
3.757,4255
3.757,4254
3.758,4253
3.758,4252
3.758,4251
3.758,4250
3.759,4249
3.759,4248
3.759,4247
3.759,4246
3.759,4245
3.759,4244
3.759,4243
3.760,4242
3.760,4241
3.760,4240
3.760,4239
3.760,4238
3.760,4237
3.760,4236
3.761,4235
3.761,4234
3.761,4233
3.761,4232
3.761,4231
3.761,4230
3.761,4229
3.761,4228
3.761,4227
3.762,4226
3.762,4225
3.762,4224
3.762,4223
3.762,4222
3.762,4221
3.762,4220
3.763,4219
3.763,4218
3.763,4217
3.763,4216
3.764,4215
3.764,4214
3.764,4213
3.764,4212
3.764,4211
3.765,4210
3.765,4209
3.765,4208
3.765,4207
3.765,4206
3.765,4205
3.766,4204
3.766,4203
3.766,4202
3.766,4201
3.766,4200
3.766,4199
3.767,4198
3.767,4197
3.767,4196
3.767,4195
3.767,4194
3.767,4193
3.767,4192
3.767,4191
3.768,4190
3.768,4189
3.768,4188
3.768,4187
3.769,4186
3.769,4185
3.769,4184
3.769,4183
3.770,4182
3.770,4181
3.770,4180
3.770,4179
3.771,4178
3.772,4177
3.772,4176
3.772,4175
3.773,4174
3.773,4173
3.774,4172
3.774,4171
3.775,4170
3.775,4169
3.775,4168
3.775,4167
3.775,4166
3.775,4165
3.775,4164
3.776,4163
3.776,4162
3.776,4161
3.777,4160
3.777,4159
3.777,4158
3.778,4157
3.778,4156
3.778,4155
3.778,4154
3.778,4153
3.779,4152
3.779,4151
3.779,4150
3.779,4149
3.780,4148
3.780,4147
3.781,4146
3.781,4145
3.781,4144
3.781,4143
3.781,4142
3.781,4141
3.782,4140
3.782,4139
3.782,4138
3.783,4137
3.783,4136
3.783,4135
3.783,4134
3.783,4133
3.784,4132
3.784,4131
3.784,4130
3.784,4129
3.784,4128
3.785,4127
3.785,4126
3.785,4125
3.785,4124
3.786,4123
3.786,4122
3.787,4121
3.787,4120
3.787,4119
3.787,4118
3.787,4117
3.787,4116
3.788,4115
3.788,4114
3.788,4113
3.788,4112
3.788,4111
3.789,4110
3.789,4109
3.789,4108
3.789,4107
3.790,4106
3.790,4105
3.790,4104
3.791,4103
3.791,4102
3.791,4101
3.791,4100
3.791,4099
3.792,4098
3.792,4097
3.793,4096
3.793,4095
3.793,4094
3.793,4093
3.793,4092
3.793,4091
3.794,4090
3.794,4089
3.794,4088
3.794,4087
3.795,4086
3.795,4085
3.795,4084
3.795,4083
3.795,4082
3.795,4081
3.795,4080
3.796,4079
3.796,4078
3.797,4077
3.797,4076
3.797,4075
3.797,4074
3.798,4073
3.798,4072
3.798,4071
3.798,4070
3.798,4069
3.798,4068
3.799,4067
3.799,4066
3.800,4065
3.800,4064
3.800,4063
3.800,4062
3.801,4061
3.801,4060
3.801,4059
3.801,4058
3.802,4057
3.804,4056
3.804,4055
3.805,4054
3.805,4053
3.806,4052
3.806,4051
3.807,4050
3.807,4049
3.809,4048
3.810,4047
3.811,4046
3.812,4045
3.812,4044
3.813,4043
3.813,4042
3.813,4041
3.814,4040
3.814,4039
3.814,4038
3.814,4037
3.815,4036
3.815,4035
3.815,4034
3.816,4033
3.816,4032
3.817,4031
3.818,4030
3.818,4029
3.820,4028
3.820,4027
3.820,4026
3.821,4025
3.823,4024
3.824,4023
3.824,4022
3.824,4021
3.825,4020
3.826,4019
3.826,4018
3.827,4017
3.827,4016
3.829,4015
3.833,4014
3.836,4013
3.836,4012
3.836,4011
3.837,4010
3.837,4009
3.837,4008
3.837,4007
3.838,4006
3.838,4005
3.839,4004
3.840,4003
3.841,4002
3.841,4001
3.841,4000
3.842,3999
3.842,3998
3.843,3997
3.844,3996
3.845,3995
3.845,3994
3.845,3993
3.849,3992
3.850,3991
3.853,3990
3.853,3989
3.856,3988
3.856,3987
3.861,3986
3.862,3985
3.863,3984
3.864,3983
3.865,3982
3.867,3981
3.867,3980
3.868,3979
3.871,3978
3.872,3977
3.873,3976
3.878,3975
3.881,3974
3.886,3973
3.887,3972
3.888,3971
3.907,3970
3.911,3969
3.915,3968
3.917,3967
3.920,3966
3.923,3965
3.942,3964
3.969,3963
