0.729,5786
3.760,5785
3.760,5784
3.760,5783
3.760,5782
3.761,5781
3.761,5780
3.761,5779
3.761,5778
3.762,5777
3.762,5776
3.762,5775
3.762,5774
3.762,5773
3.763,5772
3.763,5771
3.763,5770
3.763,5769
3.763,5768
3.764,5767
3.764,5766
3.764,5765
3.764,5764
3.764,5763
3.764,5762
3.765,5761
3.765,5760
3.765,5759
3.766,5758
3.766,5757
3.766,5756
3.766,5755
3.766,5754
3.767,5753
3.767,5752
3.767,5751
3.767,5750
3.767,5749
3.768,5748
3.768,5747
3.768,5746
3.768,5745
3.769,5744
3.769,5743
3.769,5742
3.769,5741
3.769,5740
3.770,5739
3.770,5738
3.770,5737
3.770,5736
3.771,5735
3.771,5734
3.771,5733
3.771,5732
3.771,5731
3.772,5730
3.772,5729
3.772,5728
3.773,5727
3.773,5726
3.773,5725
3.773,5724
3.773,5723
3.774,5722
3.774,5721
3.774,5720
3.774,5719
3.774,5718
3.774,5717
3.774,5716
3.774,5715
3.774,5714
3.774,5713
3.775,5712
3.775,5711
3.775,5710
3.775,5709
3.775,5708
3.775,5707
3.775,5706
3.775,5705
3.776,5704
3.776,5703
3.776,5702
3.776,5701
3.776,5700
3.776,5699
3.776,5698
3.776,5697
3.776,5696
3.776,5695
3.776,5694
3.776,5693
3.776,5692
3.777,5691
3.777,5690
3.777,5689
3.777,5688
3.777,5687
3.777,5686
3.777,5685
3.777,5684
3.777,5683
3.777,5682
3.777,5681
3.777,5680
3.777,5679
3.777,5678
3.778,5677
3.778,5676
3.778,5675
3.778,5674
3.778,5673
3.778,5672
3.778,5671
3.778,5670
3.778,5669
3.778,5668
3.778,5667
3.778,5666
3.779,5665
3.779,5664
3.779,5663
3.779,5662
3.779,5661
3.779,5660
3.779,5659
3.779,5658
3.779,5657
3.780,5656
3.780,5655
3.780,5654
3.780,5653
3.780,5652
3.780,5651
3.780,5650
3.780,5649
3.780,5648
3.780,5647
3.780,5646
3.780,5645
3.780,5644
3.780,5643
3.780,5642
3.781,5641
3.781,5640
3.781,5639
3.781,5638
3.781,5637
3.781,5636
3.781,5635
3.781,5634
3.781,5633
3.781,5632
3.781,5631
3.781,5630
3.781,5629
3.781,5628
3.781,5627
3.782,5626
3.782,5625
3.782,5624
3.782,5623
3.782,5622
3.782,5621
3.782,5620
3.782,5619
3.782,5618
3.782,5617
3.782,5616
3.782,5615
3.783,5614
3.783,5613
3.783,5612
3.783,5611
3.783,5610
3.783,5609
3.783,5608
3.783,5607
3.783,5606
3.783,5605
3.783,5604
3.783,5603
3.783,5602
3.783,5601
3.783,5600
3.783,5599
3.784,5598
3.784,5597
3.784,5596
3.784,5595
3.785,5594
3.785,5593
3.785,5592
3.785,5591
3.785,5590
3.785,5589
3.785,5588
3.785,5587
3.785,5586
3.785,5585
3.785,5584
3.785,5583
3.785,5582
3.786,5581
3.786,5580
3.786,5579
3.786,5578
3.786,5577
3.786,5576
3.786,5575
3.786,5574
3.786,5573
3.786,5572
3.786,5571
3.786,5570
3.786,5569
3.786,5568
3.786,5567
3.787,5566
3.787,5565
3.787,5564
3.787,5563
3.787,5562
3.787,5561
3.787,5560
3.787,5559
3.787,5558
3.787,5557
3.787,5556
3.787,5555
3.787,5554
3.787,5553
3.787,5552
3.788,5551
3.788,5550
3.788,5549
3.788,5548
3.788,5547
3.788,5546
3.788,5545
3.788,5544
3.788,5543
3.788,5542
3.788,5541
3.788,5540
3.788,5539
3.788,5538
3.788,5537
3.788,5536
3.789,5535
3.789,5534
3.789,5533
3.789,5532
3.789,5531
3.789,5530
3.789,5529
3.789,5528
3.789,5527
3.789,5526
3.789,5525
3.789,5524
3.789,5523
3.789,5522
3.789,5521
3.789,5520
3.789,5519
3.790,5518
3.790,5517
3.790,5516
3.790,5515
3.790,5514
3.790,5513
3.790,5512
3.790,5511
3.790,5510
3.790,5509
3.790,5508
3.790,5507
3.790,5506
3.790,5505
3.790,5504
3.790,5503
3.790,5502
3.790,5501
3.791,5500
3.791,5499
3.791,5498
3.791,5497
3.791,5496
3.791,5495
3.791,5494
3.791,5493
3.791,5492
3.791,5491
3.791,5490
3.791,5489
3.791,5488
3.791,5487
3.791,5486
3.791,5485
3.791,5484
3.791,5483
3.791,5482
3.792,5481
3.792,5480
3.792,5479
3.792,5478
3.792,5477
3.792,5476
3.792,5475
3.792,5474
3.792,5473
3.792,5472
3.792,5471
3.792,5470
3.792,5469
3.792,5468
3.792,5467
3.792,5466
3.792,5465
3.792,5464
3.792,5463
3.793,5462
3.793,5461
3.793,5460
3.793,5459
3.793,5458
3.793,5457
3.793,5456
3.793,5455
3.793,5454
3.793,5453
3.793,5452
3.793,5451
3.793,5450
3.793,5449
3.793,5448
3.793,5447
3.793,5446
3.793,5445
3.793,5444
3.794,5443
3.794,5442
3.794,5441
3.794,5440
3.794,5439
3.794,5438
3.794,5437
3.794,5436
3.794,5435
3.794,5434
3.795,5433
3.795,5432
3.795,5431
3.795,5430
3.795,5429
3.795,5428
3.795,5427
3.795,5426
3.795,5425
3.795,5424
3.795,5423
3.795,5422
3.795,5421
3.795,5420
3.795,5419
3.795,5418
3.795,5417
3.795,5416
3.795,5415
3.795,5414
3.795,5413
3.796,5412
3.796,5411
3.796,5410
3.796,5409
3.796,5408
3.796,5407
3.796,5406
3.796,5405
3.796,5404
3.796,5403
3.796,5402
3.796,5401
3.796,5400
3.796,5399
3.796,5398
3.796,5397
3.796,5396
3.796,5395
3.796,5394
3.796,5393
3.796,5392
3.796,5391
3.796,5390
3.796,5389
3.796,5388
3.797,5387
3.797,5386
3.797,5385
3.797,5384
3.797,5383
3.797,5382
3.797,5381
3.797,5380
3.797,5379
3.797,5378
3.797,5377
3.797,5376
3.797,5375
3.797,5374
3.797,5373
3.797,5372
3.797,5371
3.797,5370
3.797,5369
3.797,5368
3.797,5367
3.797,5366
3.798,5365
3.798,5364
3.798,5363
3.798,5362
3.798,5361
3.798,5360
3.798,5359
3.798,5358
3.798,5357
3.798,5356
3.798,5355
3.798,5354
3.798,5353
3.798,5352
3.798,5351
3.798,5350
3.798,5349
3.798,5348
3.798,5347
3.798,5346
3.798,5345
3.798,5344
3.798,5343
3.799,5342
3.799,5341
3.799,5340
3.799,5339
3.799,5338
3.799,5337
3.799,5336
3.799,5335
3.799,5334
3.799,5333
3.799,5332
3.799,5331
3.799,5330
3.799,5329
3.799,5328
3.799,5327
3.799,5326
3.799,5325
3.799,5324
3.799,5323
3.799,5322
3.799,5321
3.799,5320
3.799,5319
3.799,5318
3.800,5317
3.800,5316
3.800,5315
3.800,5314
3.800,5313
3.800,5312
3.800,5311
3.800,5310
3.800,5309
3.800,5308
3.800,5307
3.800,5306
3.800,5305
3.800,5304
3.800,5303
3.800,5302
3.800,5301
3.800,5300
3.800,5299
3.800,5298
3.800,5297
3.800,5296
3.800,5295
3.800,5294
3.800,5293
3.801,5292
3.801,5291
3.801,5290
3.801,5289
3.801,5288
3.801,5287
3.801,5286
3.801,5285
3.801,5284
3.801,5283
3.801,5282
3.801,5281
3.801,5280
3.801,5279
3.801,5278
3.801,5277
3.801,5276
3.801,5275
3.802,5274
3.802,5273
3.802,5272
3.802,5271
3.802,5270
3.802,5269
3.802,5268
3.802,5267
3.802,5266
3.802,5265
3.802,5264
3.802,5263
3.802,5262
3.802,5261
3.802,5260
3.802,5259
3.802,5258
3.802,5257
3.802,5256
3.802,5255
3.802,5254
3.802,5253
3.802,5252
3.803,5251
3.803,5250
3.803,5249
3.803,5248
3.803,5247
3.803,5246
3.803,5245
3.803,5244
3.803,5243
3.803,5242
3.803,5241
3.803,5240
3.803,5239
3.803,5238
3.803,5237
3.803,5236
3.803,5235
3.803,5234
3.803,5233
3.803,5232
3.803,5231
3.803,5230
3.803,5229
3.803,5228
3.803,5227
3.803,5226
3.804,5225
3.804,5224
3.804,5223
3.804,5222
3.804,5221
3.804,5220
3.804,5219
3.804,5218
3.804,5217
3.804,5216
3.804,5215
3.804,5214
3.804,5213
3.804,5212
3.804,5211
3.804,5210
3.804,5209
3.804,5208
3.804,5207
3.804,5206
3.804,5205
3.804,5204
3.805,5203
3.805,5202
3.805,5201
3.805,5200
3.805,5199
3.805,5198
3.805,5197
3.805,5196
3.805,5195
3.805,5194
3.805,5193
3.805,5192
3.805,5191
3.805,5190
3.805,5189
3.805,5188
3.805,5187
3.805,5186
3.805,5185
3.805,5184
3.805,5183
3.805,5182
3.805,5181
3.805,5180
3.805,5179
3.806,5178
3.806,5177
3.806,5176
3.806,5175
3.806,5174
3.806,5173
3.806,5172
3.806,5171
3.806,5170
3.806,5169
3.806,5168
3.806,5167
3.806,5166
3.806,5165
3.806,5164
3.806,5163
3.806,5162
3.806,5161
3.806,5160
3.806,5159
3.806,5158
3.806,5157
3.806,5156
3.806,5155
3.806,5154
3.806,5153
3.806,5152
3.806,5151
3.806,5150
3.806,5149
3.807,5148
3.807,5147
3.807,5146
3.807,5145
3.807,5144
3.807,5143
3.807,5142
3.807,5141
3.807,5140
3.807,5139
3.807,5138
3.807,5137
3.807,5136
3.807,5135
3.807,5134
3.807,5133
3.807,5132
3.807,5131
3.807,5130
3.807,5129
3.807,5128
3.807,5127
3.807,5126
3.807,5125
3.807,5124
3.807,5123
3.807,5122
3.808,5121
3.808,5120
3.808,5119
3.808,5118
3.808,5117
3.808,5116
3.808,5115
3.808,5114
3.808,5113
3.808,5112
3.808,5111
3.808,5110
3.808,5109
3.808,5108
3.808,5107
3.808,5106
3.808,5105
3.808,5104
3.809,5103
3.809,5102
3.809,5101
3.809,5100
3.809,5099
3.809,5098
3.809,5097
3.809,5096
3.809,5095
3.809,5094
3.809,5093
3.809,5092
3.809,5091
3.809,5090
3.810,5089
3.810,5088
3.810,5087
3.810,5086
3.810,5085
3.810,5084
3.810,5083
3.810,5082
3.810,5081
3.810,5080
3.810,5079
3.810,5078
3.810,5077
3.810,5076
3.810,5075
3.810,5074
3.810,5073
3.811,5072
3.811,5071
3.811,5070
3.811,5069
3.811,5068
3.811,5067
3.811,5066
3.811,5065
3.811,5064
3.812,5063
3.812,5062
3.812,5061
3.812,5060
3.812,5059
3.812,5058
3.812,5057
3.812,5056
3.812,5055
3.812,5054
3.812,5053
3.812,5052
3.812,5051
3.813,5050
3.813,5049
3.813,5048
3.813,5047
3.813,5046
3.813,5045
3.813,5044
3.813,5043
3.813,5042
3.813,5041
3.813,5040
3.813,5039
3.813,5038
3.813,5037
3.814,5036
3.814,5035
3.814,5034
3.814,5033
3.814,5032
3.814,5031
3.814,5030
3.814,5029
3.814,5028
3.814,5027
3.814,5026
3.814,5025
3.814,5024
3.814,5023
3.815,5022
3.815,5021
3.815,5020
3.815,5019
3.815,5018
3.815,5017
3.815,5016
3.815,5015
3.816,5014
3.816,5013
3.816,5012
3.816,5011
3.816,5010
3.816,5009
3.816,5008
3.816,5007
3.816,5006
3.816,5005
3.817,5004
3.817,5003
3.817,5002
3.817,5001
3.817,5000
3.817,4999
3.817,4998
3.817,4997
3.817,4996
3.818,4995
3.818,4994
3.818,4993
3.818,4992
3.818,4991
3.818,4990
3.818,4989
3.818,4988
3.818,4987
3.819,4986
3.819,4985
3.819,4984
3.819,4983
3.819,4982
3.819,4981
3.819,4980
3.819,4979
3.819,4978
3.819,4977
3.819,4976
3.820,4975
3.820,4974
3.820,4973
3.820,4972
3.820,4971
3.820,4970
3.820,4969
3.820,4968
3.820,4967
3.820,4966
3.820,4965
3.820,4964
3.820,4963
3.821,4962
3.821,4961
3.821,4960
3.821,4959
3.821,4958
3.821,4957
3.821,4956
3.821,4955
3.821,4954
3.821,4953
3.821,4952
3.821,4951
3.821,4950
3.822,4949
3.822,4948
3.822,4947
3.822,4946
3.822,4945
3.822,4944
3.822,4943
3.822,4942
3.822,4941
3.822,4940
3.823,4939
3.823,4938
3.823,4937
3.823,4936
3.823,4935
3.823,4934
3.823,4933
3.823,4932
3.823,4931
3.823,4930
3.824,4929
3.824,4928
3.824,4927
3.824,4926
3.824,4925
3.824,4924
3.824,4923
3.824,4922
3.824,4921
3.824,4920
3.824,4919
3.825,4918
3.825,4917
3.825,4916
3.825,4915
3.825,4914
3.826,4913
3.826,4912
3.826,4911
3.826,4910
3.826,4909
3.826,4908
3.826,4907
3.826,4906
3.826,4905
3.826,4904
3.826,4903
3.826,4902
3.826,4901
3.827,4900
3.827,4899
3.827,4898
3.827,4897
3.827,4896
3.827,4895
3.827,4894
3.827,4893
3.828,4892
3.828,4891
3.828,4890
3.828,4889
3.828,4888
3.828,4887
3.828,4886
3.828,4885
3.829,4884
3.829,4883
3.829,4882
3.829,4881
3.829,4880
3.829,4879
3.829,4878
3.829,4877
3.829,4876
3.829,4875
3.829,4874
3.830,4873
3.830,4872
3.830,4871
3.830,4870
3.830,4869
3.830,4868
3.830,4867
3.830,4866
3.830,4865
3.830,4864
3.830,4863
3.830,4862
3.830,4861
3.830,4860
3.830,4859
3.831,4858
3.831,4857
3.831,4856
3.831,4855
3.831,4854
3.831,4853
3.831,4852
3.831,4851
3.831,4850
3.831,4849
3.831,4848
3.831,4847
3.831,4846
3.832,4845
3.832,4844
3.832,4843
3.832,4842
3.832,4841
3.832,4840
3.832,4839
3.832,4838
3.832,4837
3.832,4836
3.832,4835
3.832,4834
3.832,4833
3.833,4832
3.833,4831
3.833,4830
3.833,4829
3.833,4828
3.833,4827
3.833,4826
3.833,4825
3.833,4824
3.833,4823
3.833,4822
3.833,4821
3.833,4820
3.834,4819
3.834,4818
3.834,4817
3.834,4816
3.834,4815
3.834,4814
3.834,4813
3.834,4812
3.834,4811
3.834,4810
3.834,4809
3.834,4808
3.834,4807
3.835,4806
3.835,4805
3.835,4804
3.835,4803
3.835,4802
3.835,4801
3.835,4800
3.835,4799
3.835,4798
3.835,4797
3.835,4796
3.835,4795
3.835,4794
3.835,4793
3.836,4792
3.836,4791
3.836,4790
3.836,4789
3.836,4788
3.836,4787
3.836,4786
3.836,4785
3.836,4784
3.836,4783
3.836,4782
3.836,4781
3.837,4780
3.837,4779
3.837,4778
3.837,4777
3.837,4776
3.837,4775
3.837,4774
3.837,4773
3.837,4772
3.837,4771
3.837,4770
3.837,4769
3.837,4768
3.837,4767
3.837,4766
3.838,4765
3.838,4764
3.838,4763
3.838,4762
3.838,4761
3.838,4760
3.838,4759
3.838,4758
3.838,4757
3.838,4756
3.838,4755
3.838,4754
3.838,4753
3.838,4752
3.838,4751
3.838,4750
3.839,4749
3.839,4748
3.839,4747
3.839,4746
3.839,4745
3.839,4744
3.839,4743
3.839,4742
3.839,4741
3.839,4740
3.839,4739
3.839,4738
3.839,4737
3.839,4736
3.839,4735
3.839,4734
3.840,4733
3.840,4732
3.840,4731
3.840,4730
3.840,4729
3.840,4728
3.840,4727
3.840,4726
3.840,4725
3.840,4724
3.840,4723
3.840,4722
3.840,4721
3.840,4720
3.840,4719
3.841,4718
3.841,4717
3.841,4716
3.841,4715
3.841,4714
3.841,4713
3.841,4712
3.841,4711
3.841,4710
3.841,4709
3.841,4708
3.841,4707
3.841,4706
3.841,4705
3.841,4704
3.842,4703
3.842,4702
3.842,4701
3.842,4700
3.842,4699
3.842,4698
3.842,4697
3.842,4696
3.842,4695
3.842,4694
3.842,4693
3.842,4692
3.842,4691
3.842,4690
3.842,4689
3.842,4688
3.842,4687
3.843,4686
3.843,4685
3.843,4684
3.843,4683
3.843,4682
3.843,4681
3.843,4680
3.843,4679
3.843,4678
3.843,4677
3.843,4676
3.843,4675
3.843,4674
3.843,4673
3.843,4672
3.843,4671
3.844,4670
3.844,4669
3.844,4668
3.844,4667
3.844,4666
3.844,4665
3.844,4664
3.844,4663
3.844,4662
3.844,4661
3.844,4660
3.844,4659
3.844,4658
3.845,4657
3.845,4656
3.845,4655
3.845,4654
3.845,4653
3.845,4652
3.845,4651
3.845,4650
3.845,4649
3.845,4648
3.845,4647
3.845,4646
3.845,4645
3.846,4644
3.846,4643
3.846,4642
3.846,4641
3.846,4640
3.846,4639
3.846,4638
3.846,4637
3.846,4636
3.846,4635
3.846,4634
3.846,4633
3.846,4632
3.846,4631
3.846,4630
3.846,4629
3.846,4628
3.846,4627
3.847,4626
3.847,4625
3.847,4624
3.847,4623
3.847,4622
3.847,4621
3.847,4620
3.847,4619
3.847,4618
3.847,4617
3.847,4616
3.847,4615
3.847,4614
3.848,4613
3.848,4612
3.848,4611
3.848,4610
3.848,4609
3.848,4608
3.848,4607
3.848,4606
3.848,4605
3.848,4604
3.848,4603
3.848,4602
3.849,4601
3.849,4600
3.849,4599
3.849,4598
3.849,4597
3.849,4596
3.849,4595
3.849,4594
3.849,4593
3.849,4592
3.849,4591
3.849,4590
3.849,4589
3.849,4588
3.849,4587
3.850,4586
3.850,4585
3.850,4584
3.850,4583
3.850,4582
3.850,4581
3.850,4580
3.850,4579
3.850,4578
3.850,4577
3.850,4576
3.850,4575
3.851,4574
3.851,4573
3.851,4572
3.851,4571
3.851,4570
3.851,4569
3.851,4568
3.851,4567
3.851,4566
3.851,4565
3.851,4564
3.851,4563
3.851,4562
3.852,4561
3.852,4560
3.852,4559
3.852,4558
3.852,4557
3.852,4556
3.852,4555
3.852,4554
3.852,4553
3.852,4552
3.852,4551
3.852,4550
3.852,4549
3.853,4548
3.853,4547
3.853,4546
3.853,4545
3.853,4544
3.853,4543
3.853,4542
3.853,4541
3.853,4540
3.853,4539
3.854,4538
3.854,4537
3.854,4536
3.854,4535
3.854,4534
3.854,4533
3.854,4532
3.855,4531
3.855,4530
3.855,4529
3.855,4528
3.855,4527
3.855,4526
3.855,4525
3.855,4524
3.855,4523
3.856,4522
3.856,4521
3.856,4520
3.856,4519
3.856,4518
3.856,4517
3.856,4516
3.856,4515
3.857,4514
3.857,4513
3.857,4512
3.857,4511
3.857,4510
3.857,4509
3.857,4508
3.857,4507
3.857,4506
3.857,4505
3.858,4504
3.858,4503
3.858,4502
3.858,4501
3.858,4500
3.858,4499
3.858,4498
3.859,4497
3.859,4496
3.859,4495
3.859,4494
3.859,4493
3.859,4492
3.859,4491
3.859,4490
3.859,4489
3.860,4488
3.860,4487
3.860,4486
3.860,4485
3.860,4484
3.860,4483
3.860,4482
3.860,4481
3.860,4480
3.861,4479
3.861,4478
3.861,4477
3.861,4476
3.861,4475
3.861,4474
3.861,4473
3.861,4472
3.861,4471
3.862,4470
3.862,4469
3.862,4468
3.862,4467
3.862,4466
3.862,4465
3.862,4464
3.862,4463
3.863,4462
3.863,4461
3.863,4460
3.863,4459
3.863,4458
3.864,4457
3.864,4456
3.864,4455
3.864,4454
3.864,4453
3.864,4452
3.864,4451
3.864,4450
3.864,4449
3.864,4448
3.865,4447
3.865,4446
3.865,4445
3.865,4444
3.865,4443
3.865,4442
3.865,4441
3.865,4440
3.865,4439
3.865,4438
3.865,4437
3.866,4436
3.866,4435
3.866,4434
3.866,4433
3.866,4432
3.867,4431
3.867,4430
3.867,4429
3.867,4428
3.867,4427
3.867,4426
3.867,4425
3.868,4424
3.868,4423
3.868,4422
3.868,4421
3.869,4420
3.869,4419
3.869,4418
3.869,4417
3.869,4416
3.869,4415
3.870,4414
3.870,4413
3.870,4412
3.870,4411
3.871,4410
3.871,4409
3.871,4408
3.871,4407
3.871,4406
3.872,4405
3.872,4404
3.872,4403
3.872,4402
3.872,4401
3.872,4400
3.872,4399
3.873,4398
3.873,4397
3.873,4396
3.873,4395
3.873,4394
3.873,4393
3.874,4392
3.874,4391
3.874,4390
3.874,4389
3.874,4388
3.874,4387
3.874,4386
3.874,4385
3.875,4384
3.875,4383
3.875,4382
3.875,4381
3.875,4380
3.875,4379
3.875,4378
3.875,4377
3.875,4376
3.876,4375
3.876,4374
3.876,4373
3.876,4372
3.876,4371
3.876,4370
3.876,4369
3.876,4368
3.877,4367
3.877,4366
3.877,4365
3.877,4364
3.877,4363
3.877,4362
3.877,4361
3.878,4360
3.878,4359
3.878,4358
3.878,4357
3.878,4356
3.878,4355
3.879,4354
3.879,4353
3.879,4352
3.879,4351
3.879,4350
3.879,4349
3.879,4348
3.880,4347
3.880,4346
3.880,4345
3.880,4344
3.880,4343
3.880,4342
3.880,4341
3.881,4340
3.881,4339
3.881,4338
3.881,4337
3.881,4336
3.881,4335
3.881,4334
3.881,4333
3.881,4332
3.882,4331
3.882,4330
3.882,4329
3.882,4328
3.882,4327
3.882,4326
3.882,4325
3.882,4324
3.882,4323
3.882,4322
3.882,4321
3.883,4320
3.883,4319
3.883,4318
3.883,4317
3.883,4316
3.883,4315
3.883,4314
3.884,4313
3.884,4312
3.884,4311
3.884,4310
3.884,4309
3.885,4308
3.885,4307
3.885,4306
3.885,4305
3.885,4304
3.885,4303
3.886,4302
3.886,4301
3.886,4300
3.886,4299
3.886,4298
3.886,4297
3.887,4296
3.887,4295
3.887,4294
3.887,4293
3.887,4292
3.887,4291
3.887,4290
3.887,4289
3.887,4288
3.888,4287
3.888,4286
3.888,4285
3.888,4284
3.888,4283
3.888,4282
3.888,4281
3.888,4280
3.888,4279
3.889,4278
3.889,4277
3.889,4276
3.889,4275
3.889,4274
3.890,4273
3.890,4272
3.890,4271
3.890,4270
3.890,4269
3.890,4268
3.890,4267
3.890,4266
3.890,4265
3.890,4264
3.891,4263
3.891,4262
3.891,4261
3.891,4260
3.891,4259
3.891,4258
3.891,4257
3.892,4256
3.892,4255
3.892,4254
3.892,4253
3.892,4252
3.892,4251
3.893,4250
3.893,4249
3.893,4248
3.893,4247
3.893,4246
3.893,4245
3.893,4244
3.893,4243
3.894,4242
3.894,4241
3.894,4240
3.894,4239
3.894,4238
3.894,4237
3.895,4236
3.895,4235
3.895,4234
3.895,4233
3.895,4232
3.895,4231
3.895,4230
3.895,4229
3.896,4228
3.896,4227
3.896,4226
3.896,4225
3.896,4224
3.896,4223
3.896,4222
3.897,4221
3.897,4220
3.897,4219
3.897,4218
3.897,4217
3.898,4216
3.898,4215
3.898,4214
3.898,4213
3.898,4212
3.898,4211
3.898,4210
3.898,4209
3.899,4208
3.899,4207
3.899,4206
3.899,4205
3.900,4204
3.900,4203
3.900,4202
3.901,4201
3.901,4200
3.901,4199
3.901,4198
3.901,4197
3.901,4196
3.901,4195
3.901,4194
3.902,4193
3.902,4192
3.902,4191
3.902,4190
3.902,4189
3.903,4188
3.903,4187
3.903,4186
3.903,4185
3.903,4184
3.903,4183
3.904,4182
3.904,4181
3.904,4180
3.905,4179
3.905,4178
3.905,4177
3.905,4176
3.905,4175
3.905,4174
3.906,4173
3.906,4172
3.906,4171
3.906,4170
3.906,4169
3.906,4168
3.907,4167
3.907,4166
3.907,4165
3.907,4164
3.907,4163
3.907,4162
3.907,4161
3.908,4160
3.908,4159
3.908,4158
3.908,4157
3.908,4156
3.909,4155
3.909,4154
3.909,4153
3.909,4152
3.910,4151
3.910,4150
3.910,4149
3.910,4148
3.910,4147
3.910,4146
3.911,4145
3.911,4144
3.911,4143
3.911,4142
3.912,4141
3.912,4140
3.912,4139
3.912,4138
3.912,4137
3.912,4136
3.913,4135
3.913,4134
3.913,4133
3.913,4132
3.914,4131
3.914,4130
3.914,4129
3.914,4128
3.914,4127
3.914,4126
3.914,4125
3.915,4124
3.915,4123
3.915,4122
3.917,4121
3.917,4120
3.917,4119
3.917,4118
3.917,4117
3.917,4116
3.917,4115
3.917,4114
3.917,4113
3.918,4112
3.918,4111
3.918,4110
3.918,4109
3.918,4108
3.918,4107
3.920,4106
3.920,4105
3.920,4104
3.920,4103
3.921,4102
3.921,4101
3.921,4100
3.921,4099
3.922,4098
3.922,4097
3.922,4096
3.923,4095
3.923,4094
3.923,4093
3.923,4092
3.923,4091
3.923,4090
3.924,4089
3.924,4088
3.924,4087
3.924,4086
3.925,4085
3.925,4084
3.925,4083
3.925,4082
3.925,4081
3.926,4080
3.926,4079
3.926,4078
3.927,4077
3.927,4076
3.928,4075
3.928,4074
3.929,4073
3.929,4072
3.930,4071
3.930,4070
3.930,4069
3.930,4068
3.930,4067
3.932,4066
3.932,4065
3.932,4064
3.932,4063
3.933,4062
3.935,4061
3.935,4060
3.936,4059
3.936,4058
3.936,4057
3.936,4056
3.937,4055
3.937,4054
3.937,4053
3.938,4052
3.938,4051
3.939,4050
3.939,4049
3.939,4048
3.940,4047
3.940,4046
3.941,4045
3.943,4044
3.943,4043
3.944,4042
3.947,4041
3.947,4040
3.948,4039
3.949,4038
3.949,4037
3.950,4036
3.950,4035
3.950,4034
3.950,4033
3.951,4032
3.951,4031
3.952,4030
3.952,4029
3.953,4028
3.954,4027
3.954,4026
3.954,4025
3.954,4024
3.955,4023
3.956,4022
3.956,4021
3.957,4020
3.958,4019
3.958,4018
3.958,4017
3.959,4016
3.961,4015
3.961,4014
3.962,4013
3.963,4012
3.963,4011
3.963,4010
3.963,4009
3.965,4008
3.965,4007
3.965,4006
3.967,4005
3.967,4004
3.967,4003
3.967,4002
3.967,4001
3.967,4000
3.968,3999
3.968,3998
3.970,3997
3.972,3996
3.973,3995
3.973,3994
3.974,3993
3.976,3992
3.977,3991
3.978,3990
3.980,3989
3.980,3988
3.981,3987
3.981,3986
3.982,3985
3.986,3984
3.987,3983
3.988,3982
3.991,3981
3.993,3980
3.993,3979
3.995,3978
3.997,3977
3.998,3976
4.000,3975
4.000,3974
4.002,3973
4.007,3972
4.013,3971
4.013,3970
4.016,3969
4.022,3968
4.028,3967
4.049,3966
4.051,3965
4.059,3964
4.095,3963
4.100,3962
