0.524,5818
3.733,5817
3.733,5816
3.733,5815
3.733,5814
3.734,5813
3.734,5812
3.734,5811
3.734,5810
3.734,5809
3.735,5808
3.735,5807
3.735,5806
3.735,5805
3.735,5804
3.736,5803
3.736,5802
3.736,5801
3.736,5800
3.736,5799
3.736,5798
3.737,5797
3.737,5796
3.737,5795
3.738,5794
3.738,5793
3.738,5792
3.738,5791
3.738,5790
3.738,5789
3.738,5788
3.739,5787
3.739,5786
3.739,5785
3.739,5784
3.739,5783
3.739,5782
3.739,5781
3.739,5780
3.740,5779
3.740,5778
3.740,5777
3.740,5776
3.740,5775
3.740,5774
3.740,5773
3.741,5772
3.741,5771
3.741,5770
3.741,5769
3.741,5768
3.741,5767
3.741,5766
3.741,5765
3.742,5764
3.742,5763
3.742,5762
3.742,5761
3.742,5760
3.742,5759
3.742,5758
3.742,5757
3.742,5756
3.743,5755
3.743,5754
3.743,5753
3.743,5752
3.743,5751
3.743,5750
3.743,5749
3.743,5748
3.743,5747
3.744,5746
3.744,5745
3.744,5744
3.744,5743
3.744,5742
3.744,5741
3.744,5740
3.744,5739
3.744,5738
3.745,5737
3.745,5736
3.745,5735
3.745,5734
3.745,5733
3.745,5732
3.745,5731
3.745,5730
3.746,5729
3.746,5728
3.746,5727
3.746,5726
3.746,5725
3.746,5724
3.746,5723
3.746,5722
3.746,5721
3.746,5720
3.747,5719
3.747,5718
3.747,5717
3.747,5716
3.747,5715
3.747,5714
3.747,5713
3.747,5712
3.747,5711
3.748,5710
3.748,5709
3.748,5708
3.748,5707
3.748,5706
3.748,5705
3.748,5704
3.748,5703
3.749,5702
3.749,5701
3.749,5700
3.749,5699
3.749,5698
3.749,5697
3.749,5696
3.749,5695
3.750,5694
3.750,5693
3.750,5692
3.750,5691
3.750,5690
3.750,5689
3.750,5688
3.751,5687
3.751,5686
3.751,5685
3.751,5684
3.751,5683
3.751,5682
3.751,5681
3.751,5680
3.751,5679
3.751,5678
3.751,5677
3.751,5676
3.751,5675
3.752,5674
3.752,5673
3.752,5672
3.752,5671
3.752,5670
3.752,5669
3.752,5668
3.752,5667
3.752,5666
3.752,5665
3.752,5664
3.752,5663
3.752,5662
3.752,5661
3.752,5660
3.752,5659
3.753,5658
3.753,5657
3.753,5656
3.753,5655
3.753,5654
3.753,5653
3.753,5652
3.753,5651
3.753,5650
3.753,5649
3.753,5648
3.754,5647
3.754,5646
3.754,5645
3.754,5644
3.754,5643
3.755,5642
3.755,5641
3.755,5640
3.755,5639
3.755,5638
3.755,5637
3.755,5636
3.755,5635
3.755,5634
3.755,5633
3.755,5632
3.755,5631
3.756,5630
3.756,5629
3.756,5628
3.756,5627
3.756,5626
3.756,5625
3.757,5624
3.757,5623
3.757,5622
3.757,5621
3.757,5620
3.757,5619
3.757,5618
3.757,5617
3.757,5616
3.757,5615
3.757,5614
3.757,5613
3.757,5612
3.757,5611
3.757,5610
3.757,5609
3.757,5608
3.757,5607
3.757,5606
3.758,5605
3.758,5604
3.758,5603
3.758,5602
3.758,5601
3.758,5600
3.758,5599
3.758,5598
3.758,5597
3.758,5596
3.758,5595
3.758,5594
3.758,5593
3.758,5592
3.758,5591
3.759,5590
3.759,5589
3.759,5588
3.759,5587
3.759,5586
3.759,5585
3.759,5584
3.759,5583
3.759,5582
3.759,5581
3.759,5580
3.759,5579
3.759,5578
3.759,5577
3.759,5576
3.759,5575
3.760,5574
3.760,5573
3.760,5572
3.760,5571
3.760,5570
3.760,5569
3.760,5568
3.760,5567
3.760,5566
3.760,5565
3.761,5564
3.761,5563
3.761,5562
3.761,5561
3.761,5560
3.761,5559
3.761,5558
3.761,5557
3.762,5556
3.762,5555
3.762,5554
3.762,5553
3.762,5552
3.762,5551
3.763,5550
3.763,5549
3.763,5548
3.763,5547
3.763,5546
3.763,5545
3.763,5544
3.763,5543
3.763,5542
3.763,5541
3.763,5540
3.763,5539
3.763,5538
3.763,5537
3.763,5536
3.763,5535
3.763,5534
3.763,5533
3.763,5532
3.764,5531
3.764,5530
3.764,5529
3.764,5528
3.764,5527
3.764,5526
3.764,5525
3.764,5524
3.764,5523
3.764,5522
3.764,5521
3.764,5520
3.764,5519
3.764,5518
3.764,5517
3.764,5516
3.765,5515
3.765,5514
3.765,5513
3.765,5512
3.765,5511
3.765,5510
3.765,5509
3.765,5508
3.765,5507
3.765,5506
3.765,5505
3.765,5504
3.765,5503
3.765,5502
3.765,5501
3.765,5500
3.765,5499
3.765,5498
3.765,5497
3.765,5496
3.766,5495
3.766,5494
3.766,5493
3.766,5492
3.766,5491
3.766,5490
3.766,5489
3.766,5488
3.766,5487
3.766,5486
3.766,5485
3.766,5484
3.766,5483
3.766,5482
3.766,5481
3.766,5480
3.766,5479
3.766,5478
3.766,5477
3.766,5476
3.766,5475
3.766,5474
3.767,5473
3.767,5472
3.767,5471
3.767,5470
3.767,5469
3.767,5468
3.767,5467
3.767,5466
3.767,5465
3.767,5464
3.767,5463
3.767,5462
3.767,5461
3.767,5460
3.767,5459
3.767,5458
3.767,5457
3.767,5456
3.767,5455
3.767,5454
3.767,5453
3.768,5452
3.768,5451
3.768,5450
3.768,5449
3.768,5448
3.768,5447
3.768,5446
3.768,5445
3.768,5444
3.768,5443
3.768,5442
3.768,5441
3.768,5440
3.768,5439
3.768,5438
3.768,5437
3.768,5436
3.768,5435
3.768,5434
3.769,5433
3.769,5432
3.769,5431
3.769,5430
3.769,5429
3.769,5428
3.769,5427
3.769,5426
3.769,5425
3.769,5424
3.769,5423
3.769,5422
3.769,5421
3.769,5420
3.769,5419
3.769,5418
3.769,5417
3.769,5416
3.769,5415
3.769,5414
3.769,5413
3.769,5412
3.769,5411
3.770,5410
3.770,5409
3.770,5408
3.770,5407
3.770,5406
3.770,5405
3.770,5404
3.770,5403
3.770,5402
3.770,5401
3.770,5400
3.770,5399
3.770,5398
3.770,5397
3.770,5396
3.770,5395
3.770,5394
3.771,5393
3.771,5392
3.771,5391
3.771,5390
3.771,5389
3.771,5388
3.771,5387
3.771,5386
3.771,5385
3.772,5384
3.772,5383
3.772,5382
3.772,5381
3.772,5380
3.772,5379
3.772,5378
3.772,5377
3.772,5376
3.772,5375
3.772,5374
3.772,5373
3.772,5372
3.772,5371
3.772,5370
3.772,5369
3.772,5368
3.772,5367
3.772,5366
3.772,5365
3.772,5364
3.772,5363
3.772,5362
3.772,5361
3.772,5360
3.772,5359
3.772,5358
3.772,5357
3.773,5356
3.773,5355
3.773,5354
3.773,5353
3.773,5352
3.773,5351
3.773,5350
3.773,5349
3.773,5348
3.773,5347
3.773,5346
3.773,5345
3.773,5344
3.773,5343
3.773,5342
3.773,5341
3.773,5340
3.773,5339
3.773,5338
3.773,5337
3.773,5336
3.773,5335
3.773,5334
3.773,5333
3.773,5332
3.773,5331
3.773,5330
3.773,5329
3.773,5328
3.774,5327
3.774,5326
3.774,5325
3.774,5324
3.774,5323
3.774,5322
3.774,5321
3.774,5320
3.774,5319
3.774,5318
3.774,5317
3.774,5316
3.774,5315
3.774,5314
3.774,5313
3.774,5312
3.774,5311
3.774,5310
3.774,5309
3.774,5308
3.774,5307
3.774,5306
3.774,5305
3.774,5304
3.775,5303
3.775,5302
3.775,5301
3.775,5300
3.775,5299
3.775,5298
3.775,5297
3.775,5296
3.775,5295
3.775,5294
3.775,5293
3.775,5292
3.775,5291
3.775,5290
3.775,5289
3.775,5288
3.775,5287
3.775,5286
3.775,5285
3.775,5284
3.775,5283
3.775,5282
3.775,5281
3.775,5280
3.775,5279
3.775,5278
3.776,5277
3.776,5276
3.776,5275
3.776,5274
3.776,5273
3.776,5272
3.776,5271
3.776,5270
3.776,5269
3.776,5268
3.776,5267
3.776,5266
3.776,5265
3.776,5264
3.776,5263
3.776,5262
3.776,5261
3.776,5260
3.776,5259
3.776,5258
3.776,5257
3.776,5256
3.776,5255
3.776,5254
3.776,5253
3.776,5252
3.776,5251
3.777,5250
3.777,5249
3.777,5248
3.777,5247
3.777,5246
3.777,5245
3.777,5244
3.777,5243
3.777,5242
3.777,5241
3.777,5240
3.777,5239
3.777,5238
3.777,5237
3.777,5236
3.777,5235
3.777,5234
3.777,5233
3.777,5232
3.777,5231
3.777,5230
3.777,5229
3.777,5228
3.777,5227
3.777,5226
3.777,5225
3.777,5224
3.777,5223
3.777,5222
3.778,5221
3.778,5220
3.778,5219
3.778,5218
3.778,5217
3.778,5216
3.778,5215
3.778,5214
3.778,5213
3.778,5212
3.778,5211
3.778,5210
3.778,5209
3.778,5208
3.778,5207
3.778,5206
3.778,5205
3.778,5204
3.778,5203
3.778,5202
3.778,5201
3.778,5200
3.778,5199
3.778,5198
3.778,5197
3.778,5196
3.778,5195
3.778,5194
3.779,5193
3.779,5192
3.779,5191
3.779,5190
3.779,5189
3.779,5188
3.779,5187
3.779,5186
3.779,5185
3.779,5184
3.779,5183
3.779,5182
3.779,5181
3.779,5180
3.779,5179
3.779,5178
3.779,5177
3.779,5176
3.779,5175
3.779,5174
3.779,5173
3.779,5172
3.779,5171
3.779,5170
3.779,5169
3.779,5168
3.779,5167
3.780,5166
3.780,5165
3.780,5164
3.780,5163
3.780,5162
3.780,5161
3.780,5160
3.780,5159
3.780,5158
3.780,5157
3.780,5156
3.780,5155
3.780,5154
3.780,5153
3.780,5152
3.780,5151
3.780,5150
3.780,5149
3.780,5148
3.780,5147
3.780,5146
3.780,5145
3.780,5144
3.780,5143
3.780,5142
3.780,5141
3.780,5140
3.780,5139
3.780,5138
3.780,5137
3.780,5136
3.781,5135
3.781,5134
3.781,5133
3.781,5132
3.781,5131
3.781,5130
3.781,5129
3.781,5128
3.781,5127
3.781,5126
3.781,5125
3.781,5124
3.781,5123
3.781,5122
3.782,5121
3.782,5120
3.782,5119
3.782,5118
3.782,5117
3.782,5116
3.782,5115
3.782,5114
3.782,5113
3.782,5112
3.782,5111
3.782,5110
3.782,5109
3.782,5108
3.782,5107
3.782,5106
3.782,5105
3.782,5104
3.782,5103
3.782,5102
3.782,5101
3.782,5100
3.782,5099
3.782,5098
3.782,5097
3.782,5096
3.782,5095
3.782,5094
3.782,5093
3.782,5092
3.783,5091
3.783,5090
3.783,5089
3.783,5088
3.783,5087
3.783,5086
3.783,5085
3.783,5084
3.783,5083
3.783,5082
3.784,5081
3.784,5080
3.784,5079
3.784,5078
3.784,5077
3.784,5076
3.784,5075
3.784,5074
3.784,5073
3.784,5072
3.784,5071
3.784,5070
3.784,5069
3.784,5068
3.784,5067
3.785,5066
3.785,5065
3.785,5064
3.785,5063
3.785,5062
3.785,5061
3.785,5060
3.785,5059
3.785,5058
3.785,5057
3.786,5056
3.786,5055
3.786,5054
3.786,5053
3.786,5052
3.786,5051
3.786,5050
3.786,5049
3.786,5048
3.786,5047
3.787,5046
3.787,5045
3.787,5044
3.787,5043
3.787,5042
3.787,5041
3.787,5040
3.787,5039
3.787,5038
3.788,5037
3.788,5036
3.788,5035
3.788,5034
3.788,5033
3.788,5032
3.788,5031
3.788,5030
3.788,5029
3.788,5028
3.788,5027
3.788,5026
3.788,5025
3.788,5024
3.789,5023
3.789,5022
3.789,5021
3.789,5020
3.789,5019
3.789,5018
3.789,5017
3.789,5016
3.789,5015
3.789,5014
3.789,5013
3.789,5012
3.789,5011
3.789,5010
3.789,5009
3.790,5008
3.790,5007
3.790,5006
3.790,5005
3.790,5004
3.790,5003
3.790,5002
3.790,5001
3.790,5000
3.790,4999
3.791,4998
3.791,4997
3.791,4996
3.791,4995
3.791,4994
3.791,4993
3.791,4992
3.791,4991
3.791,4990
3.791,4989
3.791,4988
3.791,4987
3.791,4986
3.791,4985
3.791,4984
3.792,4983
3.792,4982
3.792,4981
3.792,4980
3.792,4979
3.792,4978
3.792,4977
3.792,4976
3.792,4975
3.792,4974
3.792,4973
3.792,4972
3.792,4971
3.792,4970
3.792,4969
3.792,4968
3.792,4967
3.792,4966
3.792,4965
3.792,4964
3.792,4963
3.793,4962
3.793,4961
3.793,4960
3.793,4959
3.793,4958
3.793,4957
3.793,4956
3.793,4955
3.793,4954
3.793,4953
3.793,4952
3.793,4951
3.793,4950
3.793,4949
3.793,4948
3.793,4947
3.793,4946
3.794,4945
3.794,4944
3.794,4943
3.794,4942
3.794,4941
3.794,4940
3.794,4939
3.794,4938
3.794,4937
3.794,4936
3.794,4935
3.795,4934
3.795,4933
3.795,4932
3.795,4931
3.795,4930
3.795,4929
3.795,4928
3.795,4927
3.795,4926
3.795,4925
3.795,4924
3.795,4923
3.795,4922
3.796,4921
3.796,4920
3.796,4919
3.796,4918
3.796,4917
3.796,4916
3.796,4915
3.796,4914
3.797,4913
3.797,4912
3.797,4911
3.797,4910
3.797,4909
3.797,4908
3.797,4907
3.797,4906
3.797,4905
3.797,4904
3.797,4903
3.797,4902
3.798,4901
3.798,4900
3.798,4899
3.798,4898
3.798,4897
3.798,4896
3.798,4895
3.798,4894
3.798,4893
3.798,4892
3.798,4891
3.798,4890
3.798,4889
3.798,4888
3.798,4887
3.799,4886
3.799,4885
3.799,4884
3.799,4883
3.799,4882
3.799,4881
3.799,4880
3.799,4879
3.799,4878
3.799,4877
3.799,4876
3.799,4875
3.799,4874
3.799,4873
3.799,4872
3.799,4871
3.800,4870
3.800,4869
3.800,4868
3.800,4867
3.800,4866
3.800,4865
3.800,4864
3.800,4863
3.800,4862
3.800,4861
3.800,4860
3.800,4859
3.800,4858
3.800,4857
3.801,4856
3.801,4855
3.801,4854
3.801,4853
3.801,4852
3.801,4851
3.801,4850
3.801,4849
3.801,4848
3.801,4847
3.801,4846
3.801,4845
3.802,4844
3.802,4843
3.802,4842
3.802,4841
3.802,4840
3.802,4839
3.802,4838
3.802,4837
3.802,4836
3.802,4835
3.802,4834
3.802,4833
3.802,4832
3.802,4831
3.803,4830
3.803,4829
3.803,4828
3.803,4827
3.803,4826
3.803,4825
3.803,4824
3.803,4823
3.803,4822
3.803,4821
3.803,4820
3.803,4819
3.803,4818
3.803,4817
3.803,4816
3.803,4815
3.803,4814
3.803,4813
3.804,4812
3.804,4811
3.804,4810
3.804,4809
3.804,4808
3.804,4807
3.804,4806
3.804,4805
3.804,4804
3.804,4803
3.805,4802
3.805,4801
3.805,4800
3.805,4799
3.805,4798
3.805,4797
3.805,4796
3.805,4795
3.805,4794
3.805,4793
3.805,4792
3.806,4791
3.806,4790
3.806,4789
3.806,4788
3.806,4787
3.806,4786
3.806,4785
3.806,4784
3.806,4783
3.806,4782
3.806,4781
3.806,4780
3.806,4779
3.806,4778
3.808,4777
3.808,4776
3.808,4775
3.808,4774
3.808,4773
3.808,4772
3.808,4771
3.808,4770
3.808,4769
3.808,4768
3.808,4767
3.808,4766
3.808,4765
3.809,4764
3.809,4763
3.809,4762
3.809,4761
3.809,4760
3.809,4759
3.809,4758
3.809,4757
3.809,4756
3.809,4755
3.809,4754
3.809,4753
3.809,4752
3.810,4751
3.810,4750
3.810,4749
3.810,4748
3.810,4747
3.810,4746
3.810,4745
3.810,4744
3.810,4743
3.810,4742
3.810,4741
3.810,4740
3.810,4739
3.810,4738
3.811,4737
3.811,4736
3.811,4735
3.811,4734
3.811,4733
3.811,4732
3.811,4731
3.811,4730
3.811,4729
3.811,4728
3.811,4727
3.811,4726
3.811,4725
3.811,4724
3.811,4723
3.811,4722
3.812,4721
3.812,4720
3.812,4719
3.812,4718
3.812,4717
3.812,4716
3.812,4715
3.812,4714
3.812,4713
3.812,4712
3.812,4711
3.812,4710
3.812,4709
3.813,4708
3.813,4707
3.813,4706
3.813,4705
3.813,4704
3.813,4703
3.813,4702
3.813,4701
3.813,4700
3.813,4699
3.813,4698
3.814,4697
3.814,4696
3.814,4695
3.814,4694
3.814,4693
3.814,4692
3.814,4691
3.814,4690
3.814,4689
3.814,4688
3.815,4687
3.815,4686
3.815,4685
3.815,4684
3.815,4683
3.815,4682
3.815,4681
3.815,4680
3.815,4679
3.815,4678
3.815,4677
3.815,4676
3.815,4675
3.816,4674
3.816,4673
3.816,4672
3.816,4671
3.816,4670
3.816,4669
3.816,4668
3.816,4667
3.816,4666
3.817,4665
3.817,4664
3.817,4663
3.817,4662
3.817,4661
3.817,4660
3.817,4659
3.817,4658
3.817,4657
3.817,4656
3.817,4655
3.817,4654
3.817,4653
3.817,4652
3.818,4651
3.818,4650
3.818,4649
3.818,4648
3.818,4647
3.818,4646
3.818,4645
3.818,4644
3.818,4643
3.818,4642
3.818,4641
3.818,4640
3.818,4639
3.818,4638
3.819,4637
3.819,4636
3.819,4635
3.819,4634
3.819,4633
3.819,4632
3.819,4631
3.819,4630
3.819,4629
3.819,4628
3.819,4627
3.819,4626
3.819,4625
3.820,4624
3.820,4623
3.820,4622
3.820,4621
3.820,4620
3.820,4619
3.820,4618
3.820,4617
3.820,4616
3.820,4615
3.820,4614
3.820,4613
3.820,4612
3.820,4611
3.820,4610
3.820,4609
3.820,4608
3.821,4607
3.821,4606
3.821,4605
3.822,4604
3.822,4603
3.822,4602
3.822,4601
3.822,4600
3.822,4599
3.822,4598
3.822,4597
3.823,4596
3.823,4595
3.823,4594
3.823,4593
3.823,4592
3.823,4591
3.823,4590
3.823,4589
3.823,4588
3.823,4587
3.823,4586
3.823,4585
3.823,4584
3.823,4583
3.824,4582
3.824,4581
3.824,4580
3.824,4579
3.824,4578
3.824,4577
3.824,4576
3.824,4575
3.824,4574
3.824,4573
3.824,4572
3.824,4571
3.824,4570
3.824,4569
3.824,4568
3.824,4567
3.824,4566
3.825,4565
3.825,4564
3.825,4563
3.825,4562
3.825,4561
3.825,4560
3.825,4559
3.825,4558
3.826,4557
3.826,4556
3.826,4555
3.826,4554
3.826,4553
3.826,4552
3.826,4551
3.826,4550
3.826,4549
3.827,4548
3.827,4547
3.827,4546
3.827,4545
3.827,4544
3.827,4543
3.828,4542
3.828,4541
3.828,4540
3.828,4539
3.828,4538
3.828,4537
3.828,4536
3.829,4535
3.829,4534
3.829,4533
3.829,4532
3.829,4531
3.829,4530
3.829,4529
3.829,4528
3.829,4527
3.830,4526
3.830,4525
3.830,4524
3.830,4523
3.830,4522
3.830,4521
3.830,4520
3.830,4519
3.831,4518
3.831,4517
3.831,4516
3.831,4515
3.831,4514
3.831,4513
3.831,4512
3.831,4511
3.831,4510
3.831,4509
3.832,4508
3.832,4507
3.832,4506
3.832,4505
3.832,4504
3.832,4503
3.832,4502
3.832,4501
3.832,4500
3.832,4499
3.833,4498
3.833,4497
3.833,4496
3.833,4495
3.833,4494
3.833,4493
3.833,4492
3.833,4491
3.833,4490
3.834,4489
3.834,4488
3.834,4487
3.834,4486
3.834,4485
3.834,4484
3.834,4483
3.834,4482
3.834,4481
3.834,4480
3.835,4479
3.835,4478
3.835,4477
3.835,4476
3.835,4475
3.835,4474
3.835,4473
3.835,4472
3.835,4471
3.836,4470
3.836,4469
3.836,4468
3.836,4467
3.836,4466
3.836,4465
3.836,4464
3.837,4463
3.837,4462
3.837,4461
3.837,4460
3.837,4459
3.837,4458
3.838,4457
3.838,4456
3.839,4455
3.839,4454
3.839,4453
3.840,4452
3.840,4451
3.840,4450
3.840,4449
3.840,4448
3.840,4447
3.840,4446
3.841,4445
3.841,4444
3.841,4443
3.841,4442
3.841,4441
3.841,4440
3.841,4439
3.841,4438
3.841,4437
3.842,4436
3.842,4435
3.842,4434
3.842,4433
3.842,4432
3.842,4431
3.842,4430
3.842,4429
3.842,4428
3.843,4427
3.843,4426
3.843,4425
3.843,4424
3.843,4423
3.843,4422
3.843,4421
3.843,4420
3.843,4419
3.843,4418
3.843,4417
3.844,4416
3.844,4415
3.844,4414
3.844,4413
3.844,4412
3.844,4411
3.845,4410
3.845,4409
3.845,4408
3.845,4407
3.845,4406
3.845,4405
3.845,4404
3.845,4403
3.845,4402
3.846,4401
3.846,4400
3.846,4399
3.846,4398
3.846,4397
3.846,4396
3.846,4395
3.847,4394
3.847,4393
3.847,4392
3.847,4391
3.847,4390
3.847,4389
3.848,4388
3.848,4387
3.848,4386
3.848,4385
3.848,4384
3.848,4383
3.848,4382
3.849,4381
3.849,4380
3.849,4379
3.849,4378
3.849,4377
3.849,4376
3.849,4375
3.849,4374
3.849,4373
3.850,4372
3.850,4371
3.850,4370
3.850,4369
3.850,4368
3.850,4367
3.850,4366
3.850,4365
3.850,4364
3.850,4363
3.850,4362
3.851,4361
3.851,4360
3.851,4359
3.851,4358
3.851,4357
3.851,4356
3.851,4355
3.851,4354
3.851,4353
3.852,4352
3.852,4351
3.852,4350
3.852,4349
3.852,4348
3.852,4347
3.852,4346
3.852,4345
3.853,4344
3.853,4343
3.853,4342
3.853,4341
3.853,4340
3.853,4339
3.853,4338
3.853,4337
3.854,4336
3.854,4335
3.854,4334
3.854,4333
3.854,4332
3.855,4331
3.855,4330
3.855,4329
3.855,4328
3.855,4327
3.855,4326
3.856,4325
3.856,4324
3.856,4323
3.856,4322
3.856,4321
3.856,4320
3.856,4319
3.856,4318
3.856,4317
3.856,4316
3.856,4315
3.857,4314
3.857,4313
3.857,4312
3.857,4311
3.857,4310
3.857,4309
3.857,4308
3.857,4307
3.857,4306
3.858,4305
3.858,4304
3.858,4303
3.858,4302
3.858,4301
3.858,4300
3.858,4299
3.859,4298
3.859,4297
3.859,4296
3.859,4295
3.859,4294
3.859,4293
3.859,4292
3.859,4291
3.860,4290
3.860,4289
3.860,4288
3.860,4287
3.860,4286
3.860,4285
3.860,4284
3.860,4283
3.860,4282
3.860,4281
3.861,4280
3.861,4279
3.861,4278
3.861,4277
3.861,4276
3.861,4275
3.862,4274
3.862,4273
3.862,4272
3.862,4271
3.862,4270
3.862,4269
3.862,4268
3.862,4267
3.862,4266
3.862,4265
3.863,4264
3.863,4263
3.863,4262
3.863,4261
3.863,4260
3.864,4259
3.864,4258
3.864,4257
3.864,4256
3.864,4255
3.864,4254
3.864,4253
3.864,4252
3.865,4251
3.865,4250
3.865,4249
3.865,4248
3.865,4247
3.865,4246
3.865,4245
3.866,4244
3.866,4243
3.866,4242
3.866,4241
3.866,4240
3.866,4239
3.866,4238
3.866,4237
3.866,4236
3.867,4235
3.867,4234
3.867,4233
3.867,4232
3.867,4231
3.867,4230
3.868,4229
3.868,4228
3.868,4227
3.868,4226
3.868,4225
3.868,4224
3.868,4223
3.869,4222
3.869,4221
3.869,4220
3.869,4219
3.869,4218
3.869,4217
3.869,4216
3.870,4215
3.870,4214
3.870,4213
3.870,4212
3.870,4211
3.870,4210
3.870,4209
3.870,4208
3.871,4207
3.871,4206
3.871,4205
3.871,4204
3.871,4203
3.871,4202
3.871,4201
3.872,4200
3.872,4199
3.872,4198
3.872,4197
3.873,4196
3.873,4195
3.873,4194
3.873,4193
3.874,4192
3.874,4191
3.874,4190
3.874,4189
3.875,4188
3.875,4187
3.875,4186
3.876,4185
3.876,4184
3.876,4183
3.877,4182
3.877,4181
3.878,4180
3.878,4179
3.878,4178
3.879,4177
3.879,4176
3.879,4175
3.879,4174
3.879,4173
3.879,4172
3.879,4171
3.880,4170
3.880,4169
3.881,4168
3.881,4167
3.881,4166
3.881,4165
3.882,4164
3.882,4163
3.882,4162
3.882,4161
3.882,4160
3.882,4159
3.883,4158
3.883,4157
3.883,4156
3.883,4155
3.883,4154
3.884,4153
3.884,4152
3.884,4151
3.885,4150
3.885,4149
3.885,4148
3.885,4147
3.885,4146
3.886,4145
3.886,4144
3.886,4143
3.887,4142
3.887,4141
3.887,4140
3.887,4139
3.887,4138
3.887,4137
3.888,4136
3.888,4135
3.888,4134
3.889,4133
3.889,4132
3.889,4131
3.889,4130
3.889,4129
3.889,4128
3.889,4127
3.889,4126
3.890,4125
3.890,4124
3.890,4123
3.891,4122
3.891,4121
3.891,4120
3.891,4119
3.892,4118
3.892,4117
3.892,4116
3.892,4115
3.892,4114
3.892,4113
3.892,4112
3.892,4111
3.893,4110
3.893,4109
3.894,4108
3.894,4107
3.894,4106
3.894,4105
3.894,4104
3.894,4103
3.894,4102
3.895,4101
3.895,4100
3.895,4099
3.896,4098
3.896,4097
3.896,4096
3.896,4095
3.896,4094
3.897,4093
3.898,4092
3.898,4091
3.898,4090
3.898,4089
3.899,4088
3.899,4087
3.899,4086
3.899,4085
3.899,4084
3.899,4083
3.900,4082
3.900,4081
3.900,4080
3.900,4079
3.900,4078
3.900,4077
3.901,4076
3.901,4075
3.901,4074
3.901,4073
3.901,4072
3.901,4071
3.902,4070
3.902,4069
3.902,4068
3.902,4067
3.903,4066
3.903,4065
3.904,4064
3.906,4063
3.906,4062
3.906,4061
3.907,4060
3.907,4059
3.908,4058
3.908,4057
3.909,4056
3.909,4055
3.909,4054
3.910,4053
3.910,4052
3.912,4051
3.912,4050
3.912,4049
3.913,4048
3.914,4047
3.915,4046
3.916,4045
3.916,4044
3.917,4043
3.917,4042
3.917,4041
3.918,4040
3.918,4039
3.918,4038
3.919,4037
3.920,4036
3.920,4035
3.921,4034
3.921,4033
3.923,4032
3.923,4031
3.923,4030
3.924,4029
3.925,4028
3.926,4027
3.927,4026
3.928,4025
3.928,4024
3.929,4023
3.930,4022
3.930,4021
3.931,4020
3.931,4019
3.931,4018
3.932,4017
3.932,4016
3.934,4015
3.935,4014
3.935,4013
3.936,4012
3.938,4011
3.938,4010
3.939,4009
3.940,4008
3.940,4007
3.941,4006
3.941,4005
3.942,4004
3.942,4003
3.944,4002
3.944,4001
3.945,4000
3.946,3999
3.946,3998
3.947,3997
3.947,3996
3.948,3995
3.949,3994
3.951,3993
3.951,3992
3.952,3991
3.955,3990
3.955,3989
3.958,3988
3.961,3987
3.963,3986
3.963,3985
3.964,3984
3.965,3983
3.965,3982
3.965,3981
3.965,3980
3.968,3979
3.970,3978
3.970,3977
3.972,3976
3.974,3975
3.987,3974
3.993,3973
4.002,3972
4.007,3971
4.010,3970
4.014,3969
4.017,3968
4.020,3967
4.038,3966
4.062,3965
