0.552,5728
3.548,5727
3.548,5726
3.549,5725
3.549,5724
3.549,5723
3.549,5722
3.549,5721
3.550,5720
3.550,5719
3.550,5718
3.550,5717
3.550,5716
3.551,5715
3.551,5714
3.551,5713
3.551,5712
3.552,5711
3.552,5710
3.552,5709
3.552,5708
3.553,5707
3.553,5706
3.553,5705
3.553,5704
3.554,5703
3.554,5702
3.554,5701
3.554,5700
3.555,5699
3.555,5698
3.555,5697
3.556,5696
3.556,5695
3.556,5694
3.556,5693
3.556,5692
3.556,5691
3.557,5690
3.557,5689
3.557,5688
3.557,5687
3.557,5686
3.558,5685
3.558,5684
3.558,5683
3.558,5682
3.558,5681
3.559,5680
3.559,5679
3.559,5678
3.559,5677
3.559,5676
3.559,5675
3.560,5674
3.560,5673
3.560,5672
3.560,5671
3.560,5670
3.560,5669
3.560,5668
3.561,5667
3.561,5666
3.561,5665
3.561,5664
3.561,5663
3.561,5662
3.561,5661
3.561,5660
3.561,5659
3.561,5658
3.561,5657
3.561,5656
3.562,5655
3.562,5654
3.562,5653
3.562,5652
3.562,5651
3.562,5650
3.562,5649
3.562,5648
3.562,5647
3.562,5646
3.563,5645
3.563,5644
3.563,5643
3.563,5642
3.563,5641
3.563,5640
3.563,5639
3.563,5638
3.563,5637
3.563,5636
3.563,5635
3.563,5634
3.564,5633
3.564,5632
3.564,5631
3.564,5630
3.564,5629
3.564,5628
3.564,5627
3.564,5626
3.564,5625
3.564,5624
3.564,5623
3.565,5622
3.565,5621
3.565,5620
3.565,5619
3.565,5618
3.565,5617
3.565,5616
3.565,5615
3.565,5614
3.565,5613
3.565,5612
3.565,5611
3.566,5610
3.566,5609
3.566,5608
3.566,5607
3.566,5606
3.566,5605
3.566,5604
3.566,5603
3.566,5602
3.566,5601
3.567,5600
3.567,5599
3.567,5598
3.567,5597
3.567,5596
3.567,5595
3.567,5594
3.567,5593
3.567,5592
3.567,5591
3.567,5590
3.568,5589
3.568,5588
3.568,5587
3.568,5586
3.568,5585
3.568,5584
3.568,5583
3.568,5582
3.568,5581
3.568,5580
3.568,5579
3.568,5578
3.568,5577
3.568,5576
3.568,5575
3.569,5574
3.569,5573
3.569,5572
3.569,5571
3.569,5570
3.569,5569
3.569,5568
3.569,5567
3.569,5566
3.569,5565
3.569,5564
3.569,5563
3.569,5562
3.570,5561
3.570,5560
3.570,5559
3.570,5558
3.570,5557
3.570,5556
3.570,5555
3.570,5554
3.570,5553
3.570,5552
3.571,5551
3.571,5550
3.571,5549
3.571,5548
3.571,5547
3.571,5546
3.571,5545
3.571,5544
3.571,5543
3.571,5542
3.571,5541
3.572,5540
3.572,5539
3.572,5538
3.572,5537
3.572,5536
3.573,5535
3.573,5534
3.573,5533
3.573,5532
3.573,5531
3.573,5530
3.573,5529
3.573,5528
3.573,5527
3.573,5526
3.573,5525
3.573,5524
3.573,5523
3.573,5522
3.573,5521
3.573,5520
3.573,5519
3.573,5518
3.574,5517
3.574,5516
3.574,5515
3.574,5514
3.574,5513
3.574,5512
3.574,5511
3.574,5510
3.574,5509
3.574,5508
3.574,5507
3.574,5506
3.574,5505
3.575,5504
3.575,5503
3.575,5502
3.575,5501
3.575,5500
3.575,5499
3.575,5498
3.575,5497
3.575,5496
3.575,5495
3.575,5494
3.575,5493
3.575,5492
3.575,5491
3.575,5490
3.575,5489
3.576,5488
3.576,5487
3.576,5486
3.576,5485
3.576,5484
3.576,5483
3.576,5482
3.576,5481
3.576,5480
3.576,5479
3.576,5478
3.576,5477
3.576,5476
3.576,5475
3.576,5474
3.577,5473
3.577,5472
3.577,5471
3.577,5470
3.577,5469
3.577,5468
3.577,5467
3.577,5466
3.577,5465
3.577,5464
3.578,5463
3.578,5462
3.578,5461
3.578,5460
3.578,5459
3.578,5458
3.578,5457
3.578,5456
3.578,5455
3.579,5454
3.579,5453
3.579,5452
3.579,5451
3.579,5450
3.579,5449
3.579,5448
3.579,5447
3.579,5446
3.579,5445
3.579,5444
3.579,5443
3.579,5442
3.579,5441
3.579,5440
3.579,5439
3.579,5438
3.579,5437
3.580,5436
3.580,5435
3.580,5434
3.580,5433
3.580,5432
3.580,5431
3.580,5430
3.580,5429
3.580,5428
3.580,5427
3.580,5426
3.580,5425
3.580,5424
3.581,5423
3.581,5422
3.581,5421
3.581,5420
3.581,5419
3.581,5418
3.581,5417
3.581,5416
3.581,5415
3.581,5414
3.581,5413
3.581,5412
3.581,5411
3.581,5410
3.581,5409
3.581,5408
3.581,5407
3.581,5406
3.581,5405
3.582,5404
3.582,5403
3.582,5402
3.582,5401
3.582,5400
3.582,5399
3.582,5398
3.582,5397
3.582,5396
3.582,5395
3.582,5394
3.582,5393
3.582,5392
3.582,5391
3.582,5390
3.582,5389
3.582,5388
3.582,5387
3.582,5386
3.582,5385
3.582,5384
3.583,5383
3.583,5382
3.583,5381
3.583,5380
3.583,5379
3.583,5378
3.583,5377
3.583,5376
3.583,5375
3.583,5374
3.583,5373
3.583,5372
3.583,5371
3.583,5370
3.583,5369
3.583,5368
3.583,5367
3.583,5366
3.583,5365
3.583,5364
3.583,5363
3.583,5362
3.583,5361
3.583,5360
3.584,5359
3.584,5358
3.584,5357
3.584,5356
3.584,5355
3.584,5354
3.584,5353
3.584,5352
3.584,5351
3.584,5350
3.584,5349
3.584,5348
3.584,5347
3.585,5346
3.585,5345
3.585,5344
3.585,5343
3.585,5342
3.585,5341
3.585,5340
3.585,5339
3.585,5338
3.585,5337
3.585,5336
3.585,5335
3.586,5334
3.586,5333
3.586,5332
3.586,5331
3.586,5330
3.586,5329
3.586,5328
3.586,5327
3.586,5326
3.586,5325
3.586,5324
3.586,5323
3.586,5322
3.586,5321
3.586,5320
3.586,5319
3.586,5318
3.586,5317
3.586,5316
3.586,5315
3.586,5314
3.586,5313
3.586,5312
3.586,5311
3.587,5310
3.587,5309
3.587,5308
3.587,5307
3.587,5306
3.587,5305
3.587,5304
3.587,5303
3.587,5302
3.587,5301
3.587,5300
3.587,5299
3.587,5298
3.587,5297
3.587,5296
3.587,5295
3.587,5294
3.587,5293
3.587,5292
3.587,5291
3.587,5290
3.587,5289
3.588,5288
3.588,5287
3.588,5286
3.588,5285
3.588,5284
3.588,5283
3.588,5282
3.588,5281
3.588,5280
3.588,5279
3.588,5278
3.588,5277
3.588,5276
3.588,5275
3.588,5274
3.588,5273
3.588,5272
3.588,5271
3.588,5270
3.588,5269
3.588,5268
3.588,5267
3.588,5266
3.589,5265
3.589,5264
3.589,5263
3.589,5262
3.589,5261
3.589,5260
3.589,5259
3.589,5258
3.589,5257
3.589,5256
3.589,5255
3.589,5254
3.589,5253
3.589,5252
3.589,5251
3.589,5250
3.589,5249
3.589,5248
3.589,5247
3.589,5246
3.589,5245
3.589,5244
3.589,5243
3.589,5242
3.589,5241
3.590,5240
3.590,5239
3.590,5238
3.590,5237
3.590,5236
3.590,5235
3.590,5234
3.590,5233
3.590,5232
3.590,5231
3.590,5230
3.590,5229
3.590,5228
3.590,5227
3.590,5226
3.591,5225
3.591,5224
3.591,5223
3.591,5222
3.591,5221
3.591,5220
3.591,5219
3.591,5218
3.591,5217
3.591,5216
3.591,5215
3.591,5214
3.591,5213
3.591,5212
3.591,5211
3.592,5210
3.592,5209
3.592,5208
3.592,5207
3.592,5206
3.592,5205
3.592,5204
3.592,5203
3.592,5202
3.592,5201
3.592,5200
3.592,5199
3.592,5198
3.592,5197
3.592,5196
3.592,5195
3.592,5194
3.592,5193
3.592,5192
3.592,5191
3.592,5190
3.592,5189
3.592,5188
3.592,5187
3.592,5186
3.592,5185
3.592,5184
3.593,5183
3.593,5182
3.593,5181
3.593,5180
3.593,5179
3.593,5178
3.593,5177
3.593,5176
3.593,5175
3.593,5174
3.593,5173
3.593,5172
3.593,5171
3.593,5170
3.593,5169
3.593,5168
3.593,5167
3.593,5166
3.593,5165
3.593,5164
3.593,5163
3.593,5162
3.594,5161
3.594,5160
3.594,5159
3.594,5158
3.594,5157
3.594,5156
3.594,5155
3.594,5154
3.594,5153
3.594,5152
3.594,5151
3.594,5150
3.594,5149
3.594,5148
3.594,5147
3.594,5146
3.594,5145
3.594,5144
3.594,5143
3.594,5142
3.594,5141
3.594,5140
3.594,5139
3.594,5138
3.594,5137
3.594,5136
3.594,5135
3.594,5134
3.594,5133
3.594,5132
3.595,5131
3.595,5130
3.595,5129
3.595,5128
3.595,5127
3.595,5126
3.595,5125
3.595,5124
3.595,5123
3.595,5122
3.595,5121
3.595,5120
3.595,5119
3.595,5118
3.595,5117
3.595,5116
3.595,5115
3.595,5114
3.595,5113
3.595,5112
3.595,5111
3.595,5110
3.595,5109
3.595,5108
3.595,5107
3.595,5106
3.596,5105
3.596,5104
3.596,5103
3.596,5102
3.596,5101
3.596,5100
3.596,5099
3.596,5098
3.596,5097
3.596,5096
3.596,5095
3.596,5094
3.596,5093
3.596,5092
3.596,5091
3.596,5090
3.596,5089
3.596,5088
3.596,5087
3.596,5086
3.596,5085
3.596,5084
3.596,5083
3.596,5082
3.596,5081
3.596,5080
3.597,5079
3.597,5078
3.597,5077
3.597,5076
3.597,5075
3.597,5074
3.597,5073
3.597,5072
3.597,5071
3.597,5070
3.597,5069
3.597,5068
3.597,5067
3.597,5066
3.597,5065
3.597,5064
3.597,5063
3.597,5062
3.597,5061
3.597,5060
3.597,5059
3.597,5058
3.597,5057
3.597,5056
3.597,5055
3.597,5054
3.597,5053
3.597,5052
3.597,5051
3.597,5050
3.598,5049
3.598,5048
3.598,5047
3.598,5046
3.598,5045
3.599,5044
3.599,5043
3.599,5042
3.599,5041
3.599,5040
3.599,5039
3.599,5038
3.599,5037
3.599,5036
3.599,5035
3.599,5034
3.599,5033
3.599,5032
3.600,5031
3.600,5030
3.600,5029
3.600,5028
3.600,5027
3.600,5026
3.600,5025
3.600,5024
3.600,5023
3.600,5022
3.600,5021
3.601,5020
3.601,5019
3.601,5018
3.601,5017
3.601,5016
3.601,5015
3.601,5014
3.601,5013
3.601,5012
3.601,5011
3.601,5010
3.601,5009
3.601,5008
3.601,5007
3.602,5006
3.602,5005
3.602,5004
3.602,5003
3.602,5002
3.602,5001
3.602,5000
3.602,4999
3.602,4998
3.602,4997
3.603,4996
3.603,4995
3.603,4994
3.603,4993
3.603,4992
3.603,4991
3.603,4990
3.603,4989
3.603,4988
3.603,4987
3.604,4986
3.604,4985
3.604,4984
3.604,4983
3.604,4982
3.604,4981
3.604,4980
3.604,4979
3.604,4978
3.604,4977
3.604,4976
3.604,4975
3.604,4974
3.604,4973
3.604,4972
3.604,4971
3.604,4970
3.605,4969
3.605,4968
3.605,4967
3.605,4966
3.605,4965
3.605,4964
3.605,4963
3.605,4962
3.605,4961
3.605,4960
3.605,4959
3.606,4958
3.606,4957
3.606,4956
3.606,4955
3.606,4954
3.606,4953
3.606,4952
3.606,4951
3.606,4950
3.606,4949
3.606,4948
3.607,4947
3.607,4946
3.607,4945
3.607,4944
3.607,4943
3.607,4942
3.607,4941
3.607,4940
3.607,4939
3.607,4938
3.607,4937
3.607,4936
3.608,4935
3.608,4934
3.608,4933
3.608,4932
3.608,4931
3.608,4930
3.608,4929
3.608,4928
3.608,4927
3.608,4926
3.608,4925
3.608,4924
3.608,4923
3.608,4922
3.609,4921
3.609,4920
3.609,4919
3.609,4918
3.609,4917
3.609,4916
3.609,4915
3.609,4914
3.609,4913
3.609,4912
3.609,4911
3.609,4910
3.609,4909
3.609,4908
3.609,4907
3.610,4906
3.610,4905
3.610,4904
3.610,4903
3.610,4902
3.610,4901
3.610,4900
3.610,4899
3.610,4898
3.610,4897
3.610,4896
3.610,4895
3.610,4894
3.610,4893
3.610,4892
3.611,4891
3.611,4890
3.611,4889
3.611,4888
3.611,4887
3.611,4886
3.611,4885
3.611,4884
3.611,4883
3.611,4882
3.611,4881
3.611,4880
3.612,4879
3.612,4878
3.612,4877
3.612,4876
3.612,4875
3.612,4874
3.612,4873
3.612,4872
3.612,4871
3.612,4870
3.612,4869
3.612,4868
3.613,4867
3.613,4866
3.613,4865
3.613,4864
3.613,4863
3.613,4862
3.613,4861
3.613,4860
3.613,4859
3.613,4858
3.613,4857
3.613,4856
3.613,4855
3.613,4854
3.614,4853
3.614,4852
3.614,4851
3.614,4850
3.614,4849
3.614,4848
3.614,4847
3.614,4846
3.614,4845
3.614,4844
3.615,4843
3.615,4842
3.615,4841
3.615,4840
3.615,4839
3.615,4838
3.615,4837
3.615,4836
3.615,4835
3.615,4834
3.616,4833
3.616,4832
3.616,4831
3.616,4830
3.616,4829
3.616,4828
3.616,4827
3.616,4826
3.616,4825
3.617,4824
3.617,4823
3.617,4822
3.617,4821
3.617,4820
3.617,4819
3.617,4818
3.617,4817
3.617,4816
3.617,4815
3.617,4814
3.618,4813
3.618,4812
3.618,4811
3.618,4810
3.618,4809
3.618,4808
3.618,4807
3.618,4806
3.618,4805
3.618,4804
3.618,4803
3.618,4802
3.618,4801
3.619,4800
3.619,4799
3.619,4798
3.619,4797
3.619,4796
3.619,4795
3.619,4794
3.619,4793
3.619,4792
3.619,4791
3.619,4790
3.619,4789
3.619,4788
3.619,4787
3.619,4786
3.620,4785
3.620,4784
3.620,4783
3.620,4782
3.620,4781
3.620,4780
3.620,4779
3.620,4778
3.620,4777
3.621,4776
3.621,4775
3.621,4774
3.621,4773
3.621,4772
3.621,4771
3.621,4770
3.621,4769
3.622,4768
3.622,4767
3.622,4766
3.622,4765
3.622,4764
3.622,4763
3.622,4762
3.622,4761
3.622,4760
3.622,4759
3.622,4758
3.622,4757
3.622,4756
3.622,4755
3.623,4754
3.623,4753
3.623,4752
3.623,4751
3.623,4750
3.623,4749
3.623,4748
3.623,4747
3.623,4746
3.623,4745
3.623,4744
3.624,4743
3.624,4742
3.624,4741
3.624,4740
3.624,4739
3.624,4738
3.624,4737
3.624,4736
3.624,4735
3.624,4734
3.625,4733
3.625,4732
3.625,4731
3.625,4730
3.625,4729
3.625,4728
3.625,4727
3.625,4726
3.625,4725
3.625,4724
3.625,4723
3.625,4722
3.625,4721
3.626,4720
3.626,4719
3.626,4718
3.626,4717
3.626,4716
3.626,4715
3.626,4714
3.626,4713
3.626,4712
3.626,4711
3.626,4710
3.626,4709
3.627,4708
3.627,4707
3.627,4706
3.627,4705
3.627,4704
3.627,4703
3.627,4702
3.627,4701
3.627,4700
3.628,4699
3.628,4698
3.628,4697
3.628,4696
3.628,4695
3.628,4694
3.628,4693
3.628,4692
3.628,4691
3.628,4690
3.628,4689
3.628,4688
3.628,4687
3.629,4686
3.629,4685
3.629,4684
3.629,4683
3.629,4682
3.629,4681
3.629,4680
3.629,4679
3.629,4678
3.629,4677
3.629,4676
3.629,4675
3.630,4674
3.630,4673
3.630,4672
3.630,4671
3.630,4670
3.630,4669
3.630,4668
3.630,4667
3.630,4666
3.630,4665
3.630,4664
3.630,4663
3.631,4662
3.631,4661
3.631,4660
3.631,4659
3.631,4658
3.631,4657
3.631,4656
3.631,4655
3.631,4654
3.631,4653
3.631,4652
3.632,4651
3.632,4650
3.632,4649
3.632,4648
3.632,4647
3.632,4646
3.632,4645
3.632,4644
3.632,4643
3.632,4642
3.632,4641
3.632,4640
3.632,4639
3.632,4638
3.632,4637
3.632,4636
3.632,4635
3.632,4634
3.633,4633
3.633,4632
3.633,4631
3.633,4630
3.633,4629
3.633,4628
3.633,4627
3.633,4626
3.633,4625
3.633,4624
3.633,4623
3.633,4622
3.633,4621
3.634,4620
3.634,4619
3.634,4618
3.634,4617
3.634,4616
3.634,4615
3.634,4614
3.634,4613
3.634,4612
3.634,4611
3.634,4610
3.634,4609
3.634,4608
3.634,4607
3.635,4606
3.635,4605
3.635,4604
3.635,4603
3.635,4602
3.635,4601
3.635,4600
3.635,4599
3.635,4598
3.635,4597
3.635,4596
3.635,4595
3.635,4594
3.635,4593
3.635,4592
3.635,4591
3.635,4590
3.635,4589
3.635,4588
3.635,4587
3.636,4586
3.636,4585
3.636,4584
3.636,4583
3.636,4582
3.636,4581
3.636,4580
3.636,4579
3.636,4578
3.636,4577
3.636,4576
3.636,4575
3.636,4574
3.636,4573
3.636,4572
3.637,4571
3.637,4570
3.637,4569
3.637,4568
3.637,4567
3.637,4566
3.637,4565
3.637,4564
3.637,4563
3.637,4562
3.637,4561
3.637,4560
3.638,4559
3.638,4558
3.638,4557
3.638,4556
3.638,4555
3.638,4554
3.638,4553
3.638,4552
3.638,4551
3.638,4550
3.638,4549
3.638,4548
3.639,4547
3.639,4546
3.639,4545
3.639,4544
3.639,4543
3.639,4542
3.639,4541
3.639,4540
3.639,4539
3.639,4538
3.639,4537
3.640,4536
3.640,4535
3.640,4534
3.640,4533
3.640,4532
3.641,4531
3.641,4530
3.641,4529
3.641,4528
3.641,4527
3.641,4526
3.641,4525
3.641,4524
3.642,4523
3.642,4522
3.642,4521
3.642,4520
3.642,4519
3.642,4518
3.642,4517
3.642,4516
3.642,4515
3.642,4514
3.643,4513
3.643,4512
3.643,4511
3.643,4510
3.643,4509
3.643,4508
3.644,4507
3.644,4506
3.644,4505
3.644,4504
3.644,4503
3.644,4502
3.644,4501
3.645,4500
3.645,4499
3.645,4498
3.645,4497
3.645,4496
3.645,4495
3.645,4494
3.645,4493
3.646,4492
3.646,4491
3.646,4490
3.646,4489
3.646,4488
3.646,4487
3.646,4486
3.646,4485
3.646,4484
3.646,4483
3.646,4482
3.646,4481
3.646,4480
3.647,4479
3.647,4478
3.647,4477
3.647,4476
3.647,4475
3.647,4474
3.647,4473
3.647,4472
3.648,4471
3.648,4470
3.648,4469
3.648,4468
3.648,4467
3.648,4466
3.649,4465
3.649,4464
3.649,4463
3.649,4462
3.649,4461
3.649,4460
3.649,4459
3.649,4458
3.649,4457
3.650,4456
3.650,4455
3.650,4454
3.650,4453
3.650,4452
3.650,4451
3.650,4450
3.650,4449
3.651,4448
3.651,4447
3.651,4446
3.651,4445
3.651,4444
3.651,4443
3.652,4442
3.652,4441
3.652,4440
3.652,4439
3.652,4438
3.652,4437
3.652,4436
3.652,4435
3.652,4434
3.652,4433
3.652,4432
3.652,4431
3.652,4430
3.652,4429
3.653,4428
3.653,4427
3.653,4426
3.653,4425
3.653,4424
3.653,4423
3.653,4422
3.653,4421
3.653,4420
3.653,4419
3.653,4418
3.653,4417
3.654,4416
3.654,4415
3.654,4414
3.654,4413
3.654,4412
3.654,4411
3.655,4410
3.655,4409
3.655,4408
3.655,4407
3.655,4406
3.655,4405
3.655,4404
3.656,4403
3.656,4402
3.656,4401
3.656,4400
3.656,4399
3.656,4398
3.656,4397
3.656,4396
3.657,4395
3.657,4394
3.657,4393
3.657,4392
3.657,4391
3.657,4390
3.657,4389
3.657,4388
3.658,4387
3.658,4386
3.658,4385
3.658,4384
3.658,4383
3.658,4382
3.658,4381
3.658,4380
3.658,4379
3.658,4378
3.658,4377
3.659,4376
3.659,4375
3.659,4374
3.659,4373
3.659,4372
3.659,4371
3.659,4370
3.660,4369
3.660,4368
3.660,4367
3.660,4366
3.660,4365
3.660,4364
3.660,4363
3.661,4362
3.661,4361
3.661,4360
3.661,4359
3.661,4358
3.661,4357
3.662,4356
3.662,4355
3.662,4354
3.662,4353
3.663,4352
3.663,4351
3.663,4350
3.663,4349
3.663,4348
3.663,4347
3.663,4346
3.663,4345
3.664,4344
3.664,4343
3.664,4342
3.664,4341
3.664,4340
3.664,4339
3.664,4338
3.664,4337
3.664,4336
3.664,4335
3.665,4334
3.665,4333
3.665,4332
3.665,4331
3.665,4330
3.665,4329
3.666,4328
3.666,4327
3.666,4326
3.666,4325
3.666,4324
3.666,4323
3.666,4322
3.667,4321
3.667,4320
3.667,4319
3.667,4318
3.668,4317
3.668,4316
3.668,4315
3.668,4314
3.668,4313
3.668,4312
3.669,4311
3.669,4310
3.669,4309
3.669,4308
3.669,4307
3.669,4306
3.669,4305
3.669,4304
3.670,4303
3.670,4302
3.670,4301
3.670,4300
3.671,4299
3.671,4298
3.671,4297
3.671,4296
3.671,4295
3.672,4294
3.672,4293
3.672,4292
3.672,4291
3.672,4290
3.672,4289
3.672,4288
3.673,4287
3.673,4286
3.673,4285
3.673,4284
3.673,4283
3.673,4282
3.673,4281
3.673,4280
3.673,4279
3.674,4278
3.674,4277
3.674,4276
3.674,4275
3.674,4274
3.675,4273
3.675,4272
3.675,4271
3.675,4270
3.675,4269
3.675,4268
3.675,4267
3.675,4266
3.675,4265
3.675,4264
3.675,4263
3.676,4262
3.676,4261
3.676,4260
3.676,4259
3.676,4258
3.676,4257
3.677,4256
3.677,4255
3.677,4254
3.677,4253
3.677,4252
3.677,4251
3.677,4250
3.678,4249
3.678,4248
3.678,4247
3.678,4246
3.678,4245
3.678,4244
3.679,4243
3.679,4242
3.679,4241
3.679,4240
3.679,4239
3.680,4238
3.680,4237
3.680,4236
3.680,4235
3.680,4234
3.680,4233
3.681,4232
3.681,4231
3.681,4230
3.681,4229
3.681,4228
3.681,4227
3.681,4226
3.681,4225
3.682,4224
3.682,4223
3.682,4222
3.682,4221
3.682,4220
3.682,4219
3.682,4218
3.683,4217
3.683,4216
3.683,4215
3.683,4214
3.683,4213
3.683,4212
3.683,4211
3.684,4210
3.684,4209
3.684,4208
3.684,4207
3.684,4206
3.684,4205
3.684,4204
3.685,4203
3.685,4202
3.685,4201
3.685,4200
3.685,4199
3.685,4198
3.686,4197
3.686,4196
3.686,4195
3.686,4194
3.686,4193
3.686,4192
3.687,4191
3.687,4190
3.687,4189
3.687,4188
3.688,4187
3.688,4186
3.688,4185
3.689,4184
3.689,4183
3.690,4182
3.690,4181
3.690,4180
3.690,4179
3.691,4178
3.692,4177
3.692,4176
3.692,4175
3.693,4174
3.693,4173
3.693,4172
3.693,4171
3.693,4170
3.693,4169
3.693,4168
3.694,4167
3.694,4166
3.694,4165
3.695,4164
3.695,4163
3.695,4162
3.696,4161
3.696,4160
3.696,4159
3.696,4158
3.696,4157
3.697,4156
3.697,4155
3.697,4154
3.697,4153
3.698,4152
3.698,4151
3.698,4150
3.698,4149
3.699,4148
3.699,4147
3.699,4146
3.699,4145
3.699,4144
3.699,4143
3.700,4142
3.700,4141
3.700,4140
3.700,4139
3.700,4138
3.701,4137
3.701,4136
3.701,4135
3.701,4134
3.701,4133
3.702,4132
3.702,4131
3.702,4130
3.702,4129
3.702,4128
3.702,4127
3.703,4126
3.703,4125
3.704,4124
3.704,4123
3.704,4122
3.704,4121
3.704,4120
3.705,4119
3.705,4118
3.705,4117
3.706,4116
3.706,4115
3.706,4114
3.706,4113
3.706,4112
3.706,4111
3.706,4110
3.707,4109
3.707,4108
3.707,4107
3.707,4106
3.707,4105
3.708,4104
3.708,4103
3.708,4102
3.708,4101
3.708,4100
3.708,4099
3.709,4098
3.709,4097
3.709,4096
3.709,4095
3.709,4094
3.710,4093
3.710,4092
3.710,4091
3.710,4090
3.710,4089
3.710,4088
3.711,4087
3.711,4086
3.711,4085
3.712,4084
3.712,4083
3.712,4082
3.712,4081
3.712,4080
3.713,4079
3.713,4078
3.713,4077
3.714,4076
3.714,4075
3.714,4074
3.714,4073
3.715,4072
3.715,4071
3.715,4070
3.716,4069
3.716,4068
3.716,4067
3.716,4066
3.717,4065
3.717,4064
3.717,4063
3.717,4062
3.718,4061
3.718,4060
3.718,4059
3.719,4058
3.719,4057
3.719,4056
3.719,4055
3.719,4054
3.721,4053
3.721,4052
3.721,4051
3.723,4050
3.723,4049
3.724,4048
3.725,4047
3.725,4046
3.726,4045
3.726,4044
3.728,4043
3.729,4042
3.730,4041
3.730,4040
3.730,4039
3.731,4038
3.731,4037
3.731,4036
3.732,4035
3.733,4034
3.733,4033
3.734,4032
3.734,4031
3.735,4030
3.735,4029
3.735,4028
3.736,4027
3.736,4026
3.737,4025
3.739,4024
3.740,4023
3.740,4022
3.741,4021
3.742,4020
3.742,4019
3.743,4018
3.743,4017
3.743,4016
3.744,4015
3.745,4014
3.745,4013
3.745,4012
3.746,4011
3.747,4010
3.749,4009
3.749,4008
3.749,4007
3.750,4006
3.750,4005
3.754,4004
3.754,4003
3.755,4002
3.756,4001
3.757,4000
3.757,3999
3.758,3998
3.758,3997
3.758,3996
3.759,3995
3.760,3994
3.760,3993
3.761,3992
3.761,3991
3.762,3990
3.764,3989
3.766,3988
3.769,3987
3.769,3986
3.769,3985
3.769,3984
3.770,3983
3.770,3982
3.771,3981
3.773,3980
3.775,3979
3.776,3978
3.781,3977
3.782,3976
3.783,3975
3.783,3974
3.784,3973
3.786,3972
3.788,3971
3.789,3970
3.790,3969
3.790,3968
3.790,3967
3.791,3966
3.791,3965
3.796,3964
3.797,3963
3.807,3962
3.828,3961
3.831,3960
3.836,3959
3.843,3958
3.859,3957
3.887,3956
