0.651,5740
3.738,5739
3.738,5738
3.738,5737
3.739,5736
3.739,5735
3.739,5734
3.739,5733
3.740,5732
3.740,5731
3.740,5730
3.740,5729
3.740,5728
3.741,5727
3.741,5726
3.741,5725
3.741,5724
3.741,5723
3.741,5722
3.742,5721
3.742,5720
3.742,5719
3.742,5718
3.743,5717
3.743,5716
3.743,5715
3.743,5714
3.743,5713
3.744,5712
3.744,5711
3.744,5710
3.744,5709
3.744,5708
3.744,5707
3.744,5706
3.744,5705
3.745,5704
3.745,5703
3.745,5702
3.745,5701
3.745,5700
3.745,5699
3.746,5698
3.747,5697
3.747,5696
3.747,5695
3.747,5694
3.747,5693
3.748,5692
3.748,5691
3.748,5690
3.748,5689
3.748,5688
3.748,5687
3.748,5686
3.749,5685
3.749,5684
3.749,5683
3.749,5682
3.749,5681
3.749,5680
3.749,5679
3.749,5678
3.750,5677
3.750,5676
3.750,5675
3.750,5674
3.750,5673
3.750,5672
3.750,5671
3.750,5670
3.750,5669
3.751,5668
3.751,5667
3.751,5666
3.751,5665
3.751,5664
3.751,5663
3.751,5662
3.752,5661
3.752,5660
3.752,5659
3.752,5658
3.752,5657
3.752,5656
3.753,5655
3.753,5654
3.753,5653
3.753,5652
3.753,5651
3.753,5650
3.754,5649
3.754,5648
3.754,5647
3.754,5646
3.754,5645
3.754,5644
3.754,5643
3.754,5642
3.754,5641
3.754,5640
3.754,5639
3.754,5638
3.754,5637
3.754,5636
3.754,5635
3.754,5634
3.755,5633
3.755,5632
3.755,5631
3.755,5630
3.756,5629
3.756,5628
3.756,5627
3.756,5626
3.756,5625
3.756,5624
3.756,5623
3.756,5622
3.756,5621
3.756,5620
3.756,5619
3.756,5618
3.756,5617
3.756,5616
3.756,5615
3.756,5614
3.756,5613
3.757,5612
3.757,5611
3.757,5610
3.757,5609
3.757,5608
3.757,5607
3.757,5606
3.758,5605
3.758,5604
3.758,5603
3.758,5602
3.758,5601
3.758,5600
3.758,5599
3.758,5598
3.758,5597
3.758,5596
3.758,5595
3.758,5594
3.758,5593
3.758,5592
3.759,5591
3.759,5590
3.759,5589
3.759,5588
3.759,5587
3.759,5586
3.759,5585
3.759,5584
3.759,5583
3.759,5582
3.759,5581
3.759,5580
3.760,5579
3.760,5578
3.760,5577
3.760,5576
3.760,5575
3.760,5574
3.760,5573
3.760,5572
3.760,5571
3.760,5570
3.761,5569
3.761,5568
3.761,5567
3.761,5566
3.761,5565
3.761,5564
3.761,5563
3.761,5562
3.761,5561
3.761,5560
3.761,5559
3.761,5558
3.761,5557
3.761,5556
3.761,5555
3.762,5554
3.762,5553
3.762,5552
3.762,5551
3.762,5550
3.762,5549
3.763,5548
3.763,5547
3.763,5546
3.763,5545
3.763,5544
3.763,5543
3.763,5542
3.763,5541
3.763,5540
3.763,5539
3.763,5538
3.763,5537
3.763,5536
3.763,5535
3.763,5534
3.764,5533
3.764,5532
3.764,5531
3.764,5530
3.764,5529
3.764,5528
3.764,5527
3.764,5526
3.765,5525
3.765,5524
3.765,5523
3.765,5522
3.765,5521
3.765,5520
3.765,5519
3.765,5518
3.765,5517
3.765,5516
3.765,5515
3.765,5514
3.765,5513
3.765,5512
3.765,5511
3.765,5510
3.765,5509
3.765,5508
3.766,5507
3.766,5506
3.766,5505
3.766,5504
3.766,5503
3.766,5502
3.766,5501
3.766,5500
3.766,5499
3.766,5498
3.766,5497
3.766,5496
3.766,5495
3.766,5494
3.766,5493
3.766,5492
3.766,5491
3.766,5490
3.767,5489
3.767,5488
3.767,5487
3.767,5486
3.767,5485
3.767,5484
3.767,5483
3.767,5482
3.767,5481
3.768,5480
3.768,5479
3.768,5478
3.768,5477
3.768,5476
3.768,5475
3.768,5474
3.768,5473
3.768,5472
3.768,5471
3.768,5470
3.769,5469
3.769,5468
3.769,5467
3.769,5466
3.769,5465
3.769,5464
3.769,5463
3.769,5462
3.769,5461
3.769,5460
3.769,5459
3.769,5458
3.769,5457
3.769,5456
3.769,5455
3.769,5454
3.769,5453
3.770,5452
3.770,5451
3.770,5450
3.770,5449
3.770,5448
3.770,5447
3.770,5446
3.770,5445
3.770,5444
3.770,5443
3.770,5442
3.770,5441
3.770,5440
3.771,5439
3.771,5438
3.772,5437
3.772,5436
3.772,5435
3.772,5434
3.772,5433
3.772,5432
3.772,5431
3.772,5430
3.772,5429
3.772,5428
3.772,5427
3.772,5426
3.772,5425
3.773,5424
3.773,5423
3.773,5422
3.773,5421
3.773,5420
3.773,5419
3.773,5418
3.773,5417
3.773,5416
3.773,5415
3.773,5414
3.773,5413
3.773,5412
3.773,5411
3.773,5410
3.773,5409
3.773,5408
3.774,5407
3.774,5406
3.774,5405
3.774,5404
3.774,5403
3.774,5402
3.774,5401
3.774,5400
3.774,5399
3.774,5398
3.774,5397
3.774,5396
3.774,5395
3.774,5394
3.774,5393
3.774,5392
3.774,5391
3.774,5390
3.774,5389
3.774,5388
3.774,5387
3.774,5386
3.774,5385
3.774,5384
3.775,5383
3.775,5382
3.775,5381
3.775,5380
3.775,5379
3.775,5378
3.775,5377
3.775,5376
3.775,5375
3.775,5374
3.775,5373
3.775,5372
3.775,5371
3.775,5370
3.775,5369
3.776,5368
3.776,5367
3.776,5366
3.776,5365
3.776,5364
3.776,5363
3.776,5362
3.776,5361
3.776,5360
3.776,5359
3.777,5358
3.777,5357
3.777,5356
3.777,5355
3.777,5354
3.777,5353
3.777,5352
3.777,5351
3.777,5350
3.777,5349
3.777,5348
3.777,5347
3.778,5346
3.778,5345
3.778,5344
3.778,5343
3.778,5342
3.778,5341
3.778,5340
3.778,5339
3.778,5338
3.778,5337
3.778,5336
3.778,5335
3.778,5334
3.778,5333
3.778,5332
3.778,5331
3.778,5330
3.778,5329
3.778,5328
3.778,5327
3.778,5326
3.778,5325
3.778,5324
3.778,5323
3.779,5322
3.779,5321
3.779,5320
3.779,5319
3.779,5318
3.779,5317
3.779,5316
3.779,5315
3.779,5314
3.779,5313
3.779,5312
3.779,5311
3.779,5310
3.779,5309
3.779,5308
3.779,5307
3.779,5306
3.779,5305
3.779,5304
3.779,5303
3.779,5302
3.779,5301
3.780,5300
3.780,5299
3.780,5298
3.780,5297
3.780,5296
3.780,5295
3.780,5294
3.780,5293
3.780,5292
3.780,5291
3.780,5290
3.780,5289
3.780,5288
3.780,5287
3.780,5286
3.780,5285
3.780,5284
3.780,5283
3.780,5282
3.780,5281
3.780,5280
3.780,5279
3.780,5278
3.780,5277
3.780,5276
3.780,5275
3.780,5274
3.781,5273
3.781,5272
3.781,5271
3.781,5270
3.781,5269
3.781,5268
3.781,5267
3.781,5266
3.781,5265
3.781,5264
3.781,5263
3.781,5262
3.781,5261
3.781,5260
3.781,5259
3.781,5258
3.781,5257
3.781,5256
3.781,5255
3.781,5254
3.781,5253
3.781,5252
3.782,5251
3.782,5250
3.782,5249
3.782,5248
3.782,5247
3.782,5246
3.782,5245
3.782,5244
3.782,5243
3.782,5242
3.782,5241
3.782,5240
3.782,5239
3.782,5238
3.782,5237
3.782,5236
3.782,5235
3.782,5234
3.782,5233
3.782,5232
3.782,5231
3.782,5230
3.782,5229
3.782,5228
3.783,5227
3.783,5226
3.783,5225
3.783,5224
3.783,5223
3.783,5222
3.783,5221
3.783,5220
3.783,5219
3.783,5218
3.783,5217
3.783,5216
3.783,5215
3.783,5214
3.783,5213
3.783,5212
3.783,5211
3.783,5210
3.783,5209
3.783,5208
3.783,5207
3.783,5206
3.783,5205
3.783,5204
3.783,5203
3.783,5202
3.784,5201
3.784,5200
3.784,5199
3.784,5198
3.784,5197
3.784,5196
3.784,5195
3.784,5194
3.784,5193
3.784,5192
3.784,5191
3.784,5190
3.784,5189
3.784,5188
3.784,5187
3.784,5186
3.784,5185
3.784,5184
3.784,5183
3.784,5182
3.785,5181
3.785,5180
3.785,5179
3.785,5178
3.785,5177
3.785,5176
3.785,5175
3.785,5174
3.785,5173
3.785,5172
3.785,5171
3.785,5170
3.785,5169
3.785,5168
3.785,5167
3.785,5166
3.785,5165
3.785,5164
3.785,5163
3.785,5162
3.785,5161
3.785,5160
3.785,5159
3.785,5158
3.785,5157
3.785,5156
3.785,5155
3.785,5154
3.785,5153
3.785,5152
3.786,5151
3.786,5150
3.786,5149
3.786,5148
3.786,5147
3.786,5146
3.786,5145
3.786,5144
3.786,5143
3.786,5142
3.786,5141
3.786,5140
3.786,5139
3.786,5138
3.786,5137
3.786,5136
3.786,5135
3.786,5134
3.786,5133
3.786,5132
3.786,5131
3.786,5130
3.786,5129
3.786,5128
3.786,5127
3.786,5126
3.786,5125
3.787,5124
3.787,5123
3.787,5122
3.787,5121
3.787,5120
3.787,5119
3.787,5118
3.787,5117
3.787,5116
3.787,5115
3.787,5114
3.787,5113
3.787,5112
3.787,5111
3.787,5110
3.787,5109
3.787,5108
3.787,5107
3.788,5106
3.788,5105
3.788,5104
3.788,5103
3.788,5102
3.788,5101
3.788,5100
3.788,5099
3.788,5098
3.788,5097
3.788,5096
3.788,5095
3.788,5094
3.788,5093
3.788,5092
3.788,5091
3.788,5090
3.788,5089
3.788,5088
3.788,5087
3.788,5086
3.788,5085
3.789,5084
3.789,5083
3.789,5082
3.789,5081
3.789,5080
3.789,5079
3.789,5078
3.789,5077
3.789,5076
3.789,5075
3.789,5074
3.789,5073
3.789,5072
3.789,5071
3.789,5070
3.789,5069
3.789,5068
3.789,5067
3.789,5066
3.789,5065
3.789,5064
3.789,5063
3.789,5062
3.790,5061
3.790,5060
3.790,5059
3.790,5058
3.790,5057
3.790,5056
3.790,5055
3.790,5054
3.790,5053
3.790,5052
3.790,5051
3.791,5050
3.791,5049
3.791,5048
3.791,5047
3.791,5046
3.791,5045
3.791,5044
3.791,5043
3.791,5042
3.791,5041
3.791,5040
3.791,5039
3.791,5038
3.791,5037
3.791,5036
3.791,5035
3.791,5034
3.791,5033
3.791,5032
3.791,5031
3.792,5030
3.792,5029
3.792,5028
3.792,5027
3.792,5026
3.792,5025
3.792,5024
3.792,5023
3.792,5022
3.792,5021
3.793,5020
3.793,5019
3.793,5018
3.793,5017
3.793,5016
3.793,5015
3.793,5014
3.793,5013
3.793,5012
3.793,5011
3.794,5010
3.794,5009
3.794,5008
3.794,5007
3.794,5006
3.794,5005
3.794,5004
3.794,5003
3.794,5002
3.794,5001
3.794,5000
3.794,4999
3.794,4998
3.794,4997
3.794,4996
3.795,4995
3.795,4994
3.795,4993
3.795,4992
3.795,4991
3.795,4990
3.795,4989
3.795,4988
3.795,4987
3.795,4986
3.795,4985
3.795,4984
3.795,4983
3.795,4982
3.796,4981
3.796,4980
3.796,4979
3.796,4978
3.796,4977
3.796,4976
3.796,4975
3.796,4974
3.796,4973
3.796,4972
3.796,4971
3.797,4970
3.797,4969
3.797,4968
3.797,4967
3.797,4966
3.797,4965
3.797,4964
3.797,4963
3.797,4962
3.798,4961
3.798,4960
3.798,4959
3.798,4958
3.798,4957
3.798,4956
3.798,4955
3.798,4954
3.799,4953
3.799,4952
3.799,4951
3.799,4950
3.799,4949
3.799,4948
3.799,4947
3.799,4946
3.799,4945
3.799,4944
3.800,4943
3.800,4942
3.800,4941
3.800,4940
3.800,4939
3.800,4938
3.800,4937
3.800,4936
3.800,4935
3.800,4934
3.800,4933
3.801,4932
3.801,4931
3.801,4930
3.801,4929
3.801,4928
3.801,4927
3.801,4926
3.801,4925
3.802,4924
3.802,4923
3.802,4922
3.802,4921
3.802,4920
3.802,4919
3.802,4918
3.802,4917
3.802,4916
3.802,4915
3.802,4914
3.803,4913
3.803,4912
3.803,4911
3.803,4910
3.803,4909
3.803,4908
3.803,4907
3.803,4906
3.804,4905
3.804,4904
3.804,4903
3.804,4902
3.804,4901
3.804,4900
3.804,4899
3.804,4898
3.804,4897
3.804,4896
3.804,4895
3.804,4894
3.804,4893
3.805,4892
3.805,4891
3.805,4890
3.805,4889
3.805,4888
3.805,4887
3.805,4886
3.805,4885
3.805,4884
3.805,4883
3.806,4882
3.806,4881
3.806,4880
3.806,4879
3.806,4878
3.806,4877
3.806,4876
3.806,4875
3.806,4874
3.806,4873
3.806,4872
3.807,4871
3.807,4870
3.807,4869
3.807,4868
3.807,4867
3.807,4866
3.807,4865
3.807,4864
3.807,4863
3.807,4862
3.808,4861
3.808,4860
3.808,4859
3.808,4858
3.808,4857
3.808,4856
3.808,4855
3.808,4854
3.808,4853
3.808,4852
3.809,4851
3.809,4850
3.809,4849
3.809,4848
3.809,4847
3.809,4846
3.809,4845
3.809,4844
3.809,4843
3.810,4842
3.810,4841
3.810,4840
3.810,4839
3.810,4838
3.810,4837
3.810,4836
3.810,4835
3.810,4834
3.810,4833
3.810,4832
3.810,4831
3.811,4830
3.811,4829
3.811,4828
3.811,4827
3.811,4826
3.811,4825
3.811,4824
3.811,4823
3.811,4822
3.811,4821
3.811,4820
3.812,4819
3.812,4818
3.812,4817
3.812,4816
3.812,4815
3.812,4814
3.812,4813
3.812,4812
3.812,4811
3.812,4810
3.813,4809
3.813,4808
3.813,4807
3.813,4806
3.813,4805
3.813,4804
3.813,4803
3.814,4802
3.814,4801
3.814,4800
3.814,4799
3.814,4798
3.814,4797
3.814,4796
3.814,4795
3.814,4794
3.815,4793
3.815,4792
3.815,4791
3.815,4790
3.815,4789
3.815,4788
3.815,4787
3.815,4786
3.815,4785
3.815,4784
3.815,4783
3.815,4782
3.816,4781
3.816,4780
3.816,4779
3.816,4778
3.816,4777
3.816,4776
3.816,4775
3.816,4774
3.816,4773
3.816,4772
3.817,4771
3.817,4770
3.817,4769
3.817,4768
3.817,4767
3.817,4766
3.817,4765
3.817,4764
3.817,4763
3.817,4762
3.818,4761
3.818,4760
3.818,4759
3.818,4758
3.818,4757
3.818,4756
3.818,4755
3.818,4754
3.818,4753
3.818,4752
3.818,4751
3.818,4750
3.819,4749
3.819,4748
3.819,4747
3.819,4746
3.819,4745
3.819,4744
3.819,4743
3.819,4742
3.819,4741
3.819,4740
3.819,4739
3.819,4738
3.819,4737
3.820,4736
3.820,4735
3.820,4734
3.820,4733
3.820,4732
3.820,4731
3.820,4730
3.820,4729
3.820,4728
3.820,4727
3.820,4726
3.820,4725
3.820,4724
3.820,4723
3.821,4722
3.821,4721
3.821,4720
3.821,4719
3.821,4718
3.821,4717
3.821,4716
3.821,4715
3.821,4714
3.821,4713
3.821,4712
3.821,4711
3.821,4710
3.821,4709
3.821,4708
3.821,4707
3.821,4706
3.822,4705
3.822,4704
3.822,4703
3.822,4702
3.822,4701
3.822,4700
3.822,4699
3.822,4698
3.822,4697
3.822,4696
3.822,4695
3.823,4694
3.823,4693
3.823,4692
3.823,4691
3.823,4690
3.823,4689
3.823,4688
3.823,4687
3.823,4686
3.823,4685
3.823,4684
3.823,4683
3.823,4682
3.823,4681
3.823,4680
3.823,4679
3.824,4678
3.824,4677
3.824,4676
3.824,4675
3.824,4674
3.824,4673
3.824,4672
3.824,4671
3.824,4670
3.824,4669
3.824,4668
3.824,4667
3.824,4666
3.824,4665
3.824,4664
3.824,4663
3.825,4662
3.825,4661
3.825,4660
3.825,4659
3.825,4658
3.825,4657
3.825,4656
3.825,4655
3.825,4654
3.825,4653
3.825,4652
3.825,4651
3.825,4650
3.825,4649
3.825,4648
3.825,4647
3.826,4646
3.826,4645
3.826,4644
3.826,4643
3.826,4642
3.826,4641
3.826,4640
3.826,4639
3.826,4638
3.826,4637
3.826,4636
3.826,4635
3.826,4634
3.826,4633
3.826,4632
3.827,4631
3.827,4630
3.827,4629
3.827,4628
3.827,4627
3.827,4626
3.827,4625
3.827,4624
3.827,4623
3.827,4622
3.827,4621
3.827,4620
3.827,4619
3.827,4618
3.827,4617
3.827,4616
3.827,4615
3.828,4614
3.828,4613
3.828,4612
3.828,4611
3.828,4610
3.828,4609
3.828,4608
3.828,4607
3.828,4606
3.828,4605
3.828,4604
3.828,4603
3.828,4602
3.829,4601
3.829,4600
3.829,4599
3.829,4598
3.829,4597
3.829,4596
3.829,4595
3.829,4594
3.829,4593
3.829,4592
3.829,4591
3.829,4590
3.830,4589
3.830,4588
3.830,4587
3.830,4586
3.830,4585
3.830,4584
3.830,4583
3.830,4582
3.830,4581
3.830,4580
3.830,4579
3.830,4578
3.831,4577
3.831,4576
3.831,4575
3.831,4574
3.831,4573
3.831,4572
3.831,4571
3.831,4570
3.831,4569
3.831,4568
3.831,4567
3.831,4566
3.831,4565
3.831,4564
3.832,4563
3.832,4562
3.832,4561
3.832,4560
3.832,4559
3.832,4558
3.832,4557
3.832,4556
3.832,4555
3.833,4554
3.833,4553
3.833,4552
3.833,4551
3.833,4550
3.833,4549
3.833,4548
3.833,4547
3.833,4546
3.833,4545
3.833,4544
3.833,4543
3.833,4542
3.834,4541
3.834,4540
3.834,4539
3.834,4538
3.834,4537
3.834,4536
3.834,4535
3.834,4534
3.834,4533
3.834,4532
3.834,4531
3.834,4530
3.834,4529
3.834,4528
3.835,4527
3.835,4526
3.835,4525
3.835,4524
3.835,4523
3.835,4522
3.835,4521
3.835,4520
3.835,4519
3.835,4518
3.835,4517
3.835,4516
3.835,4515
3.836,4514
3.836,4513
3.836,4512
3.836,4511
3.836,4510
3.836,4509
3.836,4508
3.836,4507
3.836,4506
3.836,4505
3.836,4504
3.837,4503
3.837,4502
3.837,4501
3.837,4500
3.837,4499
3.837,4498
3.838,4497
3.838,4496
3.838,4495
3.838,4494
3.838,4493
3.838,4492
3.838,4491
3.838,4490
3.838,4489
3.838,4488
3.838,4487
3.839,4486
3.839,4485
3.839,4484
3.839,4483
3.839,4482
3.839,4481
3.839,4480
3.839,4479
3.840,4478
3.840,4477
3.840,4476
3.840,4475
3.840,4474
3.840,4473
3.840,4472
3.841,4471
3.841,4470
3.841,4469
3.841,4468
3.841,4467
3.841,4466
3.841,4465
3.841,4464
3.841,4463
3.842,4462
3.842,4461
3.842,4460
3.842,4459
3.842,4458
3.842,4457
3.842,4456
3.842,4455
3.842,4454
3.843,4453
3.843,4452
3.843,4451
3.843,4450
3.843,4449
3.843,4448
3.843,4447
3.843,4446
3.844,4445
3.844,4444
3.844,4443
3.845,4442
3.845,4441
3.845,4440
3.845,4439
3.845,4438
3.845,4437
3.845,4436
3.845,4435
3.845,4434
3.845,4433
3.846,4432
3.846,4431
3.846,4430
3.846,4429
3.846,4428
3.847,4427
3.847,4426
3.847,4425
3.847,4424
3.847,4423
3.847,4422
3.847,4421
3.848,4420
3.848,4419
3.848,4418
3.848,4417
3.848,4416
3.848,4415
3.849,4414
3.849,4413
3.849,4412
3.849,4411
3.849,4410
3.849,4409
3.850,4408
3.850,4407
3.850,4406
3.850,4405
3.850,4404
3.850,4403
3.850,4402
3.850,4401
3.850,4400
3.851,4399
3.851,4398
3.851,4397
3.851,4396
3.851,4395
3.852,4394
3.852,4393
3.852,4392
3.852,4391
3.852,4390
3.853,4389
3.853,4388
3.853,4387
3.853,4386
3.853,4385
3.853,4384
3.853,4383
3.853,4382
3.854,4381
3.854,4380
3.854,4379
3.854,4378
3.854,4377
3.854,4376
3.854,4375
3.855,4374
3.855,4373
3.856,4372
3.856,4371
3.856,4370
3.856,4369
3.856,4368
3.856,4367
3.856,4366
3.857,4365
3.857,4364
3.857,4363
3.857,4362
3.857,4361
3.857,4360
3.857,4359
3.858,4358
3.858,4357
3.858,4356
3.858,4355
3.858,4354
3.858,4353
3.859,4352
3.859,4351
3.859,4350
3.859,4349
3.860,4348
3.860,4347
3.860,4346
3.860,4345
3.860,4344
3.861,4343
3.861,4342
3.861,4341
3.861,4340
3.861,4339
3.861,4338
3.861,4337
3.861,4336
3.862,4335
3.862,4334
3.862,4333
3.862,4332
3.862,4331
3.863,4330
3.863,4329
3.863,4328
3.863,4327
3.863,4326
3.864,4325
3.864,4324
3.864,4323
3.865,4322
3.865,4321
3.865,4320
3.865,4319
3.865,4318
3.865,4317
3.865,4316
3.865,4315
3.866,4314
3.866,4313
3.866,4312
3.866,4311
3.866,4310
3.866,4309
3.866,4308
3.866,4307
3.867,4306
3.867,4305
3.867,4304
3.867,4303
3.867,4302
3.868,4301
3.868,4300
3.868,4299
3.868,4298
3.868,4297
3.869,4296
3.869,4295
3.869,4294
3.869,4293
3.869,4292
3.870,4291
3.870,4290
3.870,4289
3.870,4288
3.870,4287
3.870,4286
3.870,4285
3.870,4284
3.871,4283
3.871,4282
3.871,4281
3.871,4280
3.871,4279
3.872,4278
3.872,4277
3.872,4276
3.872,4275
3.872,4274
3.872,4273
3.872,4272
3.873,4271
3.873,4270
3.873,4269
3.873,4268
3.874,4267
3.874,4266
3.874,4265
3.875,4264
3.875,4263
3.875,4262
3.875,4261
3.875,4260
3.875,4259
3.876,4258
3.876,4257
3.876,4256
3.876,4255
3.876,4254
3.877,4253
3.877,4252
3.877,4251
3.877,4250
3.877,4249
3.877,4248
3.877,4247
3.877,4246
3.877,4245
3.878,4244
3.878,4243
3.878,4242
3.878,4241
3.878,4240
3.878,4239
3.879,4238
3.879,4237
3.879,4236
3.880,4235
3.880,4234
3.880,4233
3.880,4232
3.880,4231
3.880,4230
3.880,4229
3.881,4228
3.881,4227
3.881,4226
3.881,4225
3.881,4224
3.882,4223
3.882,4222
3.882,4221
3.882,4220
3.882,4219
3.882,4218
3.883,4217
3.883,4216
3.883,4215
3.883,4214
3.883,4213
3.884,4212
3.884,4211
3.884,4210
3.884,4209
3.884,4208
3.884,4207
3.884,4206
3.884,4205
3.885,4204
3.885,4203
3.885,4202
3.886,4201
3.886,4200
3.886,4199
3.886,4198
3.886,4197
3.886,4196
3.886,4195
3.886,4194
3.886,4193
3.886,4192
3.887,4191
3.887,4190
3.887,4189
3.887,4188
3.887,4187
3.888,4186
3.888,4185
3.888,4184
3.888,4183
3.888,4182
3.889,4181
3.889,4180
3.890,4179
3.890,4178
3.891,4177
3.891,4176
3.891,4175
3.891,4174
3.892,4173
3.892,4172
3.893,4171
3.893,4170
3.894,4169
3.894,4168
3.894,4167
3.894,4166
3.894,4165
3.895,4164
3.895,4163
3.895,4162
3.895,4161
3.896,4160
3.896,4159
3.896,4158
3.896,4157
3.896,4156
3.897,4155
3.897,4154
3.897,4153
3.898,4152
3.898,4151
3.898,4150
3.898,4149
3.898,4148
3.898,4147
3.899,4146
3.899,4145
3.899,4144
3.899,4143
3.899,4142
3.900,4141
3.900,4140
3.900,4139
3.900,4138
3.900,4137
3.901,4136
3.901,4135
3.902,4134
3.902,4133
3.902,4132
3.902,4131
3.902,4130
3.903,4129
3.903,4128
3.903,4127
3.904,4126
3.904,4125
3.904,4124
3.904,4123
3.905,4122
3.905,4121
3.905,4120
3.905,4119
3.905,4118
3.905,4117
3.906,4116
3.906,4115
3.907,4114
3.907,4113
3.907,4112
3.907,4111
3.907,4110
3.908,4109
3.908,4108
3.908,4107
3.909,4106
3.909,4105
3.909,4104
3.909,4103
3.910,4102
3.910,4101
3.911,4100
3.911,4099
3.911,4098
3.911,4097
3.912,4096
3.912,4095
3.912,4094
3.913,4093
3.913,4092
3.913,4091
3.914,4090
3.914,4089
3.914,4088
3.915,4087
3.915,4086
3.915,4085
3.915,4084
3.916,4083
3.916,4082
3.916,4081
3.916,4080
3.917,4079
3.917,4078
3.917,4077
3.917,4076
3.917,4075
3.917,4074
3.918,4073
3.918,4072
3.918,4071
3.918,4070
3.918,4069
3.919,4068
3.919,4067
3.919,4066
3.920,4065
3.921,4064
3.922,4063
3.923,4062
3.923,4061
3.924,4060
3.925,4059
3.925,4058
3.925,4057
3.925,4056
3.926,4055
3.926,4054
3.926,4053
3.928,4052
3.929,4051
3.929,4050
3.930,4049
3.930,4048
3.930,4047
3.930,4046
3.932,4045
3.933,4044
3.933,4043
3.933,4042
3.934,4041
3.934,4040
3.935,4039
3.936,4038
3.936,4037
3.937,4036
3.938,4035
3.938,4034
3.939,4033
3.940,4032
3.940,4031
3.940,4030
3.941,4029
3.941,4028
3.944,4027
3.945,4026
3.945,4025
3.946,4024
3.948,4023
3.948,4022
3.949,4021
3.950,4020
3.950,4019
3.952,4018
3.952,4017
3.953,4016
3.954,4015
3.954,4014
3.955,4013
3.956,4012
3.956,4011
3.957,4010
3.957,4009
3.957,4008
3.958,4007
3.958,4006
3.959,4005
3.960,4004
3.961,4003
3.962,4002
3.962,4001
3.964,4000
3.964,3999
3.965,3998
3.966,3997
3.967,3996
3.967,3995
3.969,3994
3.969,3993
3.971,3992
3.971,3991
3.972,3990
3.976,3989
3.976,3988
3.977,3987
3.978,3986
3.981,3985
3.981,3984
3.983,3983
3.984,3982
3.985,3981
3.987,3980
3.987,3979
3.988,3978
3.989,3977
3.990,3976
3.991,3975
3.992,3974
3.995,3973
4.000,3972
4.001,3971
4.001,3970
4.005,3969
4.009,3968
4.029,3967
4.038,3966
4.040,3965
4.060,3964
4.087,3963
