0.644,5818
3.804,5817
3.805,5816
3.805,5815
3.805,5814
3.805,5813
3.806,5812
3.806,5811
3.806,5810
3.806,5809
3.807,5808
3.807,5807
3.807,5806
3.807,5805
3.807,5804
3.808,5803
3.808,5802
3.808,5801
3.808,5800
3.809,5799
3.809,5798
3.809,5797
3.809,5796
3.810,5795
3.810,5794
3.810,5793
3.810,5792
3.811,5791
3.811,5790
3.811,5789
3.811,5788
3.811,5787
3.811,5786
3.812,5785
3.812,5784
3.812,5783
3.813,5782
3.813,5781
3.813,5780
3.813,5779
3.813,5778
3.814,5777
3.814,5776
3.814,5775
3.814,5774
3.815,5773
3.815,5772
3.815,5771
3.815,5770
3.816,5769
3.816,5768
3.816,5767
3.816,5766
3.817,5765
3.817,5764
3.817,5763
3.817,5762
3.817,5761
3.817,5760
3.818,5759
3.818,5758
3.818,5757
3.818,5756
3.818,5755
3.819,5754
3.819,5753
3.819,5752
3.819,5751
3.819,5750
3.819,5749
3.819,5748
3.819,5747
3.820,5746
3.820,5745
3.820,5744
3.820,5743
3.820,5742
3.820,5741
3.820,5740
3.820,5739
3.820,5738
3.820,5737
3.820,5736
3.820,5735
3.821,5734
3.821,5733
3.821,5732
3.821,5731
3.821,5730
3.821,5729
3.821,5728
3.821,5727
3.821,5726
3.821,5725
3.821,5724
3.821,5723
3.822,5722
3.822,5721
3.822,5720
3.822,5719
3.822,5718
3.822,5717
3.822,5716
3.822,5715
3.822,5714
3.822,5713
3.822,5712
3.822,5711
3.823,5710
3.823,5709
3.823,5708
3.823,5707
3.823,5706
3.823,5705
3.823,5704
3.823,5703
3.823,5702
3.823,5701
3.823,5700
3.823,5699
3.823,5698
3.824,5697
3.824,5696
3.824,5695
3.824,5694
3.824,5693
3.824,5692
3.824,5691
3.824,5690
3.824,5689
3.824,5688
3.824,5687
3.824,5686
3.825,5685
3.825,5684
3.825,5683
3.825,5682
3.825,5681
3.825,5680
3.825,5679
3.825,5678
3.825,5677
3.825,5676
3.825,5675
3.825,5674
3.825,5673
3.826,5672
3.826,5671
3.826,5670
3.826,5669
3.826,5668
3.826,5667
3.826,5666
3.826,5665
3.826,5664
3.826,5663
3.826,5662
3.826,5661
3.826,5660
3.827,5659
3.827,5658
3.827,5657
3.827,5656
3.827,5655
3.827,5654
3.827,5653
3.827,5652
3.827,5651
3.827,5650
3.827,5649
3.827,5648
3.828,5647
3.828,5646
3.828,5645
3.828,5644
3.828,5643
3.828,5642
3.828,5641
3.828,5640
3.828,5639
3.828,5638
3.828,5637
3.828,5636
3.828,5635
3.828,5634
3.828,5633
3.828,5632
3.828,5631
3.830,5630
3.830,5629
3.830,5628
3.830,5627
3.831,5626
3.831,5625
3.831,5624
3.831,5623
3.831,5622
3.831,5621
3.831,5620
3.831,5619
3.831,5618
3.831,5617
3.832,5616
3.832,5615
3.832,5614
3.832,5613
3.832,5612
3.832,5611
3.832,5610
3.832,5609
3.832,5608
3.832,5607
3.832,5606
3.832,5605
3.832,5604
3.833,5603
3.833,5602
3.833,5601
3.833,5600
3.833,5599
3.833,5598
3.833,5597
3.833,5596
3.833,5595
3.833,5594
3.833,5593
3.833,5592
3.833,5591
3.833,5590
3.834,5589
3.834,5588
3.834,5587
3.834,5586
3.834,5585
3.834,5584
3.834,5583
3.834,5582
3.834,5581
3.834,5580
3.834,5579
3.834,5578
3.834,5577
3.834,5576
3.834,5575
3.834,5574
3.835,5573
3.835,5572
3.835,5571
3.835,5570
3.835,5569
3.835,5568
3.835,5567
3.835,5566
3.835,5565
3.835,5564
3.835,5563
3.835,5562
3.835,5561
3.836,5560
3.836,5559
3.836,5558
3.836,5557
3.836,5556
3.836,5555
3.836,5554
3.836,5553
3.836,5552
3.836,5551
3.836,5550
3.836,5549
3.836,5548
3.836,5547
3.836,5546
3.836,5545
3.836,5544
3.836,5543
3.836,5542
3.837,5541
3.837,5540
3.837,5539
3.837,5538
3.837,5537
3.837,5536
3.837,5535
3.837,5534
3.837,5533
3.837,5532
3.837,5531
3.837,5530
3.837,5529
3.837,5528
3.837,5527
3.837,5526
3.837,5525
3.837,5524
3.838,5523
3.838,5522
3.838,5521
3.838,5520
3.838,5519
3.838,5518
3.838,5517
3.838,5516
3.838,5515
3.838,5514
3.838,5513
3.838,5512
3.838,5511
3.838,5510
3.838,5509
3.839,5508
3.839,5507
3.839,5506
3.839,5505
3.839,5504
3.839,5503
3.839,5502
3.839,5501
3.839,5500
3.839,5499
3.839,5498
3.839,5497
3.839,5496
3.839,5495
3.839,5494
3.839,5493
3.839,5492
3.839,5491
3.839,5490
3.839,5489
3.840,5488
3.840,5487
3.840,5486
3.840,5485
3.840,5484
3.840,5483
3.840,5482
3.840,5481
3.840,5480
3.840,5479
3.840,5478
3.840,5477
3.840,5476
3.840,5475
3.840,5474
3.840,5473
3.840,5472
3.840,5471
3.840,5470
3.840,5469
3.840,5468
3.841,5467
3.841,5466
3.841,5465
3.841,5464
3.841,5463
3.842,5462
3.842,5461
3.842,5460
3.842,5459
3.842,5458
3.842,5457
3.842,5456
3.842,5455
3.842,5454
3.842,5453
3.842,5452
3.842,5451
3.842,5450
3.842,5449
3.842,5448
3.842,5447
3.842,5446
3.842,5445
3.842,5444
3.842,5443
3.842,5442
3.842,5441
3.843,5440
3.843,5439
3.843,5438
3.843,5437
3.843,5436
3.843,5435
3.843,5434
3.843,5433
3.843,5432
3.843,5431
3.843,5430
3.843,5429
3.843,5428
3.843,5427
3.843,5426
3.843,5425
3.843,5424
3.843,5423
3.843,5422
3.843,5421
3.843,5420
3.843,5419
3.843,5418
3.844,5417
3.844,5416
3.844,5415
3.844,5414
3.844,5413
3.844,5412
3.844,5411
3.844,5410
3.844,5409
3.844,5408
3.844,5407
3.844,5406
3.844,5405
3.844,5404
3.844,5403
3.844,5402
3.844,5401
3.844,5400
3.844,5399
3.844,5398
3.844,5397
3.845,5396
3.845,5395
3.845,5394
3.845,5393
3.845,5392
3.845,5391
3.845,5390
3.845,5389
3.845,5388
3.845,5387
3.845,5386
3.845,5385
3.845,5384
3.845,5383
3.845,5382
3.845,5381
3.845,5380
3.845,5379
3.845,5378
3.845,5377
3.845,5376
3.845,5375
3.845,5374
3.845,5373
3.845,5372
3.845,5371
3.845,5370
3.845,5369
3.845,5368
3.846,5367
3.846,5366
3.846,5365
3.846,5364
3.846,5363
3.846,5362
3.846,5361
3.846,5360
3.846,5359
3.846,5358
3.846,5357
3.846,5356
3.846,5355
3.846,5354
3.846,5353
3.846,5352
3.846,5351
3.846,5350
3.846,5349
3.846,5348
3.846,5347
3.846,5346
3.846,5345
3.846,5344
3.846,5343
3.846,5342
3.846,5341
3.846,5340
3.846,5339
3.846,5338
3.847,5337
3.847,5336
3.847,5335
3.847,5334
3.847,5333
3.847,5332
3.847,5331
3.847,5330
3.847,5329
3.847,5328
3.847,5327
3.847,5326
3.847,5325
3.847,5324
3.847,5323
3.847,5322
3.847,5321
3.847,5320
3.847,5319
3.847,5318
3.847,5317
3.847,5316
3.847,5315
3.847,5314
3.847,5313
3.847,5312
3.847,5311
3.847,5310
3.848,5309
3.848,5308
3.848,5307
3.848,5306
3.848,5305
3.848,5304
3.848,5303
3.848,5302
3.848,5301
3.848,5300
3.848,5299
3.848,5298
3.848,5297
3.848,5296
3.848,5295
3.849,5294
3.849,5293
3.849,5292
3.849,5291
3.849,5290
3.849,5289
3.849,5288
3.849,5287
3.849,5286
3.849,5285
3.849,5284
3.849,5283
3.849,5282
3.849,5281
3.849,5280
3.849,5279
3.849,5278
3.849,5277
3.849,5276
3.849,5275
3.849,5274
3.850,5273
3.850,5272
3.850,5271
3.850,5270
3.850,5269
3.850,5268
3.850,5267
3.850,5266
3.850,5265
3.850,5264
3.850,5263
3.850,5262
3.850,5261
3.850,5260
3.850,5259
3.850,5258
3.850,5257
3.850,5256
3.850,5255
3.850,5254
3.850,5253
3.850,5252
3.850,5251
3.850,5250
3.850,5249
3.850,5248
3.850,5247
3.851,5246
3.851,5245
3.851,5244
3.851,5243
3.851,5242
3.851,5241
3.851,5240
3.851,5239
3.851,5238
3.851,5237
3.851,5236
3.851,5235
3.851,5234
3.851,5233
3.851,5232
3.851,5231
3.851,5230
3.851,5229
3.851,5228
3.851,5227
3.851,5226
3.851,5225
3.851,5224
3.851,5223
3.851,5222
3.851,5221
3.851,5220
3.851,5219
3.851,5218
3.851,5217
3.851,5216
3.851,5215
3.852,5214
3.852,5213
3.852,5212
3.852,5211
3.852,5210
3.852,5209
3.852,5208
3.852,5207
3.852,5206
3.852,5205
3.852,5204
3.852,5203
3.852,5202
3.852,5201
3.852,5200
3.852,5199
3.852,5198
3.852,5197
3.852,5196
3.852,5195
3.852,5194
3.852,5193
3.852,5192
3.852,5191
3.852,5190
3.852,5189
3.852,5188
3.852,5187
3.852,5186
3.852,5185
3.852,5184
3.852,5183
3.853,5182
3.853,5181
3.853,5180
3.853,5179
3.853,5178
3.853,5177
3.853,5176
3.853,5175
3.853,5174
3.853,5173
3.853,5172
3.853,5171
3.853,5170
3.853,5169
3.853,5168
3.853,5167
3.853,5166
3.853,5165
3.853,5164
3.853,5163
3.853,5162
3.853,5161
3.853,5160
3.853,5159
3.853,5158
3.853,5157
3.853,5156
3.853,5155
3.853,5154
3.854,5153
3.854,5152
3.854,5151
3.854,5150
3.854,5149
3.854,5148
3.854,5147
3.854,5146
3.854,5145
3.854,5144
3.854,5143
3.854,5142
3.854,5141
3.854,5140
3.854,5139
3.854,5138
3.854,5137
3.854,5136
3.855,5135
3.855,5134
3.855,5133
3.855,5132
3.855,5131
3.855,5130
3.855,5129
3.855,5128
3.855,5127
3.855,5126
3.855,5125
3.855,5124
3.855,5123
3.855,5122
3.855,5121
3.855,5120
3.855,5119
3.855,5118
3.856,5117
3.856,5116
3.856,5115
3.856,5114
3.856,5113
3.856,5112
3.856,5111
3.856,5110
3.856,5109
3.856,5108
3.856,5107
3.856,5106
3.856,5105
3.856,5104
3.856,5103
3.856,5102
3.856,5101
3.856,5100
3.856,5099
3.856,5098
3.856,5097
3.856,5096
3.856,5095
3.856,5094
3.856,5093
3.856,5092
3.856,5091
3.857,5090
3.857,5089
3.857,5088
3.857,5087
3.857,5086
3.857,5085
3.857,5084
3.857,5083
3.857,5082
3.857,5081
3.857,5080
3.858,5079
3.858,5078
3.858,5077
3.858,5076
3.858,5075
3.858,5074
3.858,5073
3.858,5072
3.858,5071
3.858,5070
3.858,5069
3.858,5068
3.858,5067
3.859,5066
3.859,5065
3.859,5064
3.859,5063
3.859,5062
3.859,5061
3.859,5060
3.859,5059
3.859,5058
3.860,5057
3.860,5056
3.860,5055
3.860,5054
3.860,5053
3.860,5052
3.860,5051
3.860,5050
3.860,5049
3.860,5048
3.860,5047
3.861,5046
3.861,5045
3.861,5044
3.861,5043
3.861,5042
3.861,5041
3.861,5040
3.861,5039
3.861,5038
3.861,5037
3.862,5036
3.862,5035
3.862,5034
3.862,5033
3.862,5032
3.862,5031
3.862,5030
3.862,5029
3.862,5028
3.862,5027
3.862,5026
3.862,5025
3.862,5024
3.862,5023
3.862,5022
3.863,5021
3.863,5020
3.863,5019
3.863,5018
3.863,5017
3.863,5016
3.863,5015
3.863,5014
3.863,5013
3.863,5012
3.864,5011
3.864,5010
3.864,5009
3.864,5008
3.864,5007
3.864,5006
3.864,5005
3.864,5004
3.864,5003
3.864,5002
3.864,5001
3.865,5000
3.865,4999
3.865,4998
3.865,4997
3.865,4996
3.865,4995
3.865,4994
3.865,4993
3.865,4992
3.865,4991
3.865,4990
3.866,4989
3.866,4988
3.866,4987
3.866,4986
3.866,4985
3.866,4984
3.866,4983
3.866,4982
3.866,4981
3.866,4980
3.866,4979
3.866,4978
3.866,4977
3.866,4976
3.867,4975
3.867,4974
3.867,4973
3.867,4972
3.867,4971
3.867,4970
3.867,4969
3.867,4968
3.867,4967
3.867,4966
3.867,4965
3.867,4964
3.867,4963
3.867,4962
3.867,4961
3.867,4960
3.867,4959
3.868,4958
3.868,4957
3.868,4956
3.868,4955
3.868,4954
3.868,4953
3.868,4952
3.868,4951
3.868,4950
3.868,4949
3.868,4948
3.868,4947
3.868,4946
3.868,4945
3.868,4944
3.869,4943
3.869,4942
3.869,4941
3.869,4940
3.869,4939
3.869,4938
3.869,4937
3.869,4936
3.869,4935
3.869,4934
3.869,4933
3.869,4932
3.869,4931
3.869,4930
3.869,4929
3.869,4928
3.870,4927
3.870,4926
3.870,4925
3.870,4924
3.870,4923
3.870,4922
3.870,4921
3.870,4920
3.870,4919
3.870,4918
3.870,4917
3.870,4916
3.870,4915
3.870,4914
3.870,4913
3.871,4912
3.871,4911
3.871,4910
3.871,4909
3.871,4908
3.871,4907
3.871,4906
3.871,4905
3.871,4904
3.871,4903
3.871,4902
3.871,4901
3.871,4900
3.872,4899
3.872,4898
3.872,4897
3.872,4896
3.872,4895
3.872,4894
3.872,4893
3.872,4892
3.872,4891
3.872,4890
3.872,4889
3.872,4888
3.872,4887
3.872,4886
3.872,4885
3.872,4884
3.872,4883
3.873,4882
3.873,4881
3.873,4880
3.873,4879
3.873,4878
3.873,4877
3.873,4876
3.873,4875
3.873,4874
3.873,4873
3.873,4872
3.873,4871
3.873,4870
3.873,4869
3.874,4868
3.874,4867
3.874,4866
3.874,4865
3.874,4864
3.874,4863
3.874,4862
3.874,4861
3.874,4860
3.874,4859
3.874,4858
3.874,4857
3.874,4856
3.875,4855
3.875,4854
3.875,4853
3.875,4852
3.875,4851
3.875,4850
3.875,4849
3.875,4848
3.875,4847
3.875,4846
3.876,4845
3.876,4844
3.876,4843
3.876,4842
3.876,4841
3.876,4840
3.876,4839
3.876,4838
3.876,4837
3.876,4836
3.876,4835
3.876,4834
3.876,4833
3.876,4832
3.876,4831
3.876,4830
3.876,4829
3.877,4828
3.877,4827
3.877,4826
3.877,4825
3.877,4824
3.877,4823
3.877,4822
3.877,4821
3.877,4820
3.877,4819
3.877,4818
3.877,4817
3.877,4816
3.877,4815
3.877,4814
3.877,4813
3.877,4812
3.878,4811
3.878,4810
3.878,4809
3.878,4808
3.878,4807
3.878,4806
3.878,4805
3.878,4804
3.878,4803
3.878,4802
3.878,4801
3.878,4800
3.879,4799
3.879,4798
3.879,4797
3.879,4796
3.879,4795
3.879,4794
3.879,4793
3.879,4792
3.879,4791
3.879,4790
3.880,4789
3.880,4788
3.880,4787
3.880,4786
3.880,4785
3.880,4784
3.880,4783
3.880,4782
3.880,4781
3.880,4780
3.880,4779
3.880,4778
3.880,4777
3.880,4776
3.880,4775
3.880,4774
3.881,4773
3.881,4772
3.881,4771
3.881,4770
3.881,4769
3.881,4768
3.881,4767
3.881,4766
3.881,4765
3.881,4764
3.881,4763
3.882,4762
3.882,4761
3.882,4760
3.882,4759
3.882,4758
3.882,4757
3.882,4756
3.882,4755
3.882,4754
3.882,4753
3.883,4752
3.883,4751
3.883,4750
3.883,4749
3.883,4748
3.883,4747
3.883,4746
3.883,4745
3.883,4744
3.883,4743
3.883,4742
3.883,4741
3.883,4740
3.883,4739
3.883,4738
3.884,4737
3.884,4736
3.884,4735
3.884,4734
3.884,4733
3.884,4732
3.884,4731
3.884,4730
3.884,4729
3.884,4728
3.884,4727
3.884,4726
3.884,4725
3.884,4724
3.884,4723
3.885,4722
3.885,4721
3.885,4720
3.885,4719
3.885,4718
3.885,4717
3.885,4716
3.885,4715
3.885,4714
3.885,4713
3.885,4712
3.885,4711
3.885,4710
3.885,4709
3.886,4708
3.886,4707
3.886,4706
3.886,4705
3.886,4704
3.886,4703
3.886,4702
3.886,4701
3.886,4700
3.886,4699
3.886,4698
3.886,4697
3.887,4696
3.887,4695
3.887,4694
3.887,4693
3.887,4692
3.887,4691
3.887,4690
3.887,4689
3.887,4688
3.887,4687
3.888,4686
3.888,4685
3.888,4684
3.888,4683
3.888,4682
3.888,4681
3.888,4680
3.888,4679
3.888,4678
3.888,4677
3.888,4676
3.888,4675
3.888,4674
3.889,4673
3.889,4672
3.889,4671
3.889,4670
3.889,4669
3.889,4668
3.889,4667
3.889,4666
3.889,4665
3.890,4664
3.890,4663
3.890,4662
3.890,4661
3.890,4660
3.890,4659
3.890,4658
3.890,4657
3.890,4656
3.890,4655
3.890,4654
3.890,4653
3.890,4652
3.890,4651
3.891,4650
3.891,4649
3.891,4648
3.891,4647
3.891,4646
3.891,4645
3.891,4644
3.891,4643
3.891,4642
3.891,4641
3.891,4640
3.892,4639
3.892,4638
3.892,4637
3.892,4636
3.892,4635
3.892,4634
3.892,4633
3.892,4632
3.892,4631
3.892,4630
3.892,4629
3.892,4628
3.892,4627
3.892,4626
3.893,4625
3.893,4624
3.893,4623
3.893,4622
3.893,4621
3.893,4620
3.893,4619
3.893,4618
3.893,4617
3.893,4616
3.893,4615
3.893,4614
3.893,4613
3.893,4612
3.893,4611
3.894,4610
3.894,4609
3.894,4608
3.894,4607
3.894,4606
3.894,4605
3.894,4604
3.894,4603
3.894,4602
3.894,4601
3.894,4600
3.895,4599
3.895,4598
3.895,4597
3.895,4596
3.895,4595
3.895,4594
3.895,4593
3.895,4592
3.895,4591
3.895,4590
3.895,4589
3.897,4588
3.897,4587
3.897,4586
3.897,4585
3.897,4584
3.897,4583
3.897,4582
3.897,4581
3.897,4580
3.897,4579
3.898,4578
3.898,4577
3.898,4576
3.898,4575
3.898,4574
3.898,4573
3.898,4572
3.898,4571
3.898,4570
3.898,4569
3.898,4568
3.898,4567
3.898,4566
3.898,4565
3.898,4564
3.899,4563
3.899,4562
3.899,4561
3.899,4560
3.899,4559
3.899,4558
3.899,4557
3.900,4556
3.900,4555
3.900,4554
3.900,4553
3.900,4552
3.900,4551
3.900,4550
3.900,4549
3.900,4548
3.900,4547
3.901,4546
3.901,4545
3.901,4544
3.901,4543
3.901,4542
3.902,4541
3.902,4540
3.902,4539
3.902,4538
3.902,4537
3.902,4536
3.902,4535
3.903,4534
3.903,4533
3.903,4532
3.903,4531
3.903,4530
3.903,4529
3.903,4528
3.903,4527
3.904,4526
3.904,4525
3.904,4524
3.904,4523
3.904,4522
3.904,4521
3.904,4520
3.904,4519
3.905,4518
3.905,4517
3.905,4516
3.905,4515
3.905,4514
3.905,4513
3.905,4512
3.905,4511
3.905,4510
3.906,4509
3.906,4508
3.906,4507
3.906,4506
3.906,4505
3.906,4504
3.906,4503
3.906,4502
3.906,4501
3.906,4500
3.906,4499
3.906,4498
3.907,4497
3.907,4496
3.907,4495
3.907,4494
3.907,4493
3.907,4492
3.907,4491
3.907,4490
3.907,4489
3.908,4488
3.908,4487
3.908,4486
3.908,4485
3.908,4484
3.908,4483
3.908,4482
3.908,4481
3.908,4480
3.908,4479
3.909,4478
3.909,4477
3.909,4476
3.909,4475
3.909,4474
3.909,4473
3.909,4472
3.909,4471
3.909,4470
3.910,4469
3.910,4468
3.910,4467
3.910,4466
3.910,4465
3.910,4464
3.911,4463
3.911,4462
3.911,4461
3.911,4460
3.911,4459
3.912,4458
3.912,4457
3.912,4456
3.912,4455
3.913,4454
3.913,4453
3.914,4452
3.914,4451
3.914,4450
3.914,4449
3.914,4448
3.915,4447
3.915,4446
3.915,4445
3.915,4444
3.915,4443
3.915,4442
3.915,4441
3.915,4440
3.916,4439
3.916,4438
3.916,4437
3.916,4436
3.916,4435
3.916,4434
3.917,4433
3.917,4432
3.917,4431
3.917,4430
3.917,4429
3.917,4428
3.917,4427
3.917,4426
3.917,4425
3.917,4424
3.917,4423
3.918,4422
3.918,4421
3.918,4420
3.918,4419
3.918,4418
3.918,4417
3.918,4416
3.918,4415
3.918,4414
3.919,4413
3.919,4412
3.919,4411
3.919,4410
3.919,4409
3.920,4408
3.920,4407
3.920,4406
3.920,4405
3.920,4404
3.920,4403
3.920,4402
3.920,4401
3.920,4400
3.920,4399
3.921,4398
3.921,4397
3.921,4396
3.921,4395
3.921,4394
3.921,4393
3.921,4392
3.922,4391
3.922,4390
3.922,4389
3.922,4388
3.923,4387
3.923,4386
3.923,4385
3.923,4384
3.923,4383
3.923,4382
3.923,4381
3.923,4380
3.923,4379
3.923,4378
3.924,4377
3.924,4376
3.924,4375
3.924,4374
3.924,4373
3.924,4372
3.924,4371
3.924,4370
3.924,4369
3.924,4368
3.924,4367
3.925,4366
3.925,4365
3.925,4364
3.925,4363
3.925,4362
3.925,4361
3.925,4360
3.925,4359
3.926,4358
3.926,4357
3.926,4356
3.926,4355
3.926,4354
3.926,4353
3.926,4352
3.927,4351
3.927,4350
3.927,4349
3.927,4348
3.927,4347
3.927,4346
3.927,4345
3.927,4344
3.928,4343
3.928,4342
3.928,4341
3.928,4340
3.928,4339
3.928,4338
3.928,4337
3.929,4336
3.929,4335
3.929,4334
3.929,4333
3.929,4332
3.930,4331
3.930,4330
3.930,4329
3.930,4328
3.930,4327
3.930,4326
3.930,4325
3.930,4324
3.931,4323
3.931,4322
3.931,4321
3.931,4320
3.931,4319
3.931,4318
3.931,4317
3.931,4316
3.932,4315
3.932,4314
3.932,4313
3.932,4312
3.932,4311
3.933,4310
3.933,4309
3.933,4308
3.933,4307
3.933,4306
3.934,4305
3.934,4304
3.934,4303
3.934,4302
3.934,4301
3.934,4300
3.934,4299
3.935,4298
3.935,4297
3.935,4296
3.935,4295
3.935,4294
3.935,4293
3.935,4292
3.935,4291
3.936,4290
3.936,4289
3.936,4288
3.936,4287
3.936,4286
3.936,4285
3.936,4284
3.936,4283
3.937,4282
3.937,4281
3.937,4280
3.937,4279
3.937,4278
3.937,4277
3.938,4276
3.938,4275
3.938,4274
3.938,4273
3.938,4272
3.938,4271
3.938,4270
3.938,4269
3.939,4268
3.939,4267
3.939,4266
3.939,4265
3.939,4264
3.940,4263
3.940,4262
3.940,4261
3.940,4260
3.940,4259
3.940,4258
3.941,4257
3.941,4256
3.941,4255
3.941,4254
3.941,4253
3.941,4252
3.941,4251
3.941,4250
3.942,4249
3.942,4248
3.942,4247
3.942,4246
3.942,4245
3.942,4244
3.942,4243
3.942,4242
3.943,4241
3.943,4240
3.943,4239
3.943,4238
3.943,4237
3.943,4236
3.943,4235
3.943,4234
3.944,4233
3.944,4232
3.944,4231
3.944,4230
3.944,4229
3.945,4228
3.945,4227
3.945,4226
3.945,4225
3.945,4224
3.945,4223
3.946,4222
3.946,4221
3.946,4220
3.946,4219
3.946,4218
3.946,4217
3.946,4216
3.946,4215
3.947,4214
3.947,4213
3.947,4212
3.947,4211
3.947,4210
3.947,4209
3.947,4208
3.947,4207
3.947,4206
3.948,4205
3.948,4204
3.948,4203
3.948,4202
3.948,4201
3.948,4200
3.948,4199
3.949,4198
3.950,4197
3.950,4196
3.950,4195
3.950,4194
3.951,4193
3.951,4192
3.951,4191
3.952,4190
3.952,4189
3.952,4188
3.952,4187
3.953,4186
3.953,4185
3.953,4184
3.954,4183
3.954,4182
3.955,4181
3.955,4180
3.955,4179
3.955,4178
3.956,4177
3.956,4176
3.956,4175
3.956,4174
3.956,4173
3.956,4172
3.957,4171
3.957,4170
3.957,4169
3.958,4168
3.958,4167
3.958,4166
3.958,4165
3.958,4164
3.958,4163
3.959,4162
3.959,4161
3.959,4160
3.959,4159
3.959,4158
3.960,4157
3.960,4156
3.960,4155
3.960,4154
3.960,4153
3.961,4152
3.961,4151
3.961,4150
3.962,4149
3.962,4148
3.962,4147
3.962,4146
3.962,4145
3.963,4144
3.963,4143
3.963,4142
3.963,4141
3.963,4140
3.964,4139
3.964,4138
3.964,4137
3.965,4136
3.965,4135
3.965,4134
3.965,4133
3.965,4132
3.965,4131
3.966,4130
3.966,4129
3.966,4128
3.967,4127
3.967,4126
3.967,4125
3.968,4124
3.968,4123
3.968,4122
3.968,4121
3.968,4120
3.969,4119
3.969,4118
3.969,4117
3.969,4116
3.969,4115
3.969,4114
3.970,4113
3.970,4112
3.970,4111
3.970,4110
3.971,4109
3.971,4108
3.971,4107
3.971,4106
3.971,4105
3.972,4104
3.972,4103
3.972,4102
3.972,4101
3.972,4100
3.973,4099
3.973,4098
3.973,4097
3.974,4096
3.974,4095
3.974,4094
3.974,4093
3.975,4092
3.975,4091
3.975,4090
3.975,4089
3.975,4088
3.976,4087
3.976,4086
3.976,4085
3.976,4084
3.976,4083
3.976,4082
3.977,4081
3.977,4080
3.977,4079
3.977,4078
3.977,4077
3.977,4076
3.977,4075
3.978,4074
3.978,4073
3.978,4072
3.978,4071
3.978,4070
3.979,4069
3.979,4068
3.979,4067
3.980,4066
3.980,4065
3.981,4064
3.983,4063
3.983,4062
3.983,4061
3.984,4060
3.985,4059
3.985,4058
3.986,4057
3.986,4056
3.987,4055
3.987,4054
3.987,4053
3.988,4052
3.989,4051
3.989,4050
3.989,4049
3.990,4048
3.992,4047
3.993,4046
3.993,4045
3.993,4044
3.994,4043
3.995,4042
3.995,4041
3.995,4040
3.996,4039
3.996,4038
3.997,4037
3.997,4036
3.998,4035
3.998,4034
3.999,4033
4.000,4032
4.001,4031
4.001,4030
4.002,4029
4.003,4028
4.004,4027
4.005,4026
4.006,4025
4.006,4024
4.008,4023
4.008,4022
4.008,4021
4.009,4020
4.009,4019
4.009,4018
4.010,4017
4.010,4016
4.012,4015
4.013,4014
4.013,4013
4.014,4012
4.016,4011
4.017,4010
4.017,4009
4.018,4008
4.019,4007
4.019,4006
4.020,4005
4.020,4004
4.021,4003
4.022,4002
4.022,4001
4.022,4000
4.024,3999
4.024,3998
4.025,3997
4.025,3996
4.026,3995
4.027,3994
4.029,3993
4.029,3992
4.030,3991
4.033,3990
4.033,3989
4.036,3988
4.039,3987
4.041,3986
4.042,3985
4.043,3984
4.043,3983
4.043,3982
4.044,3981
4.044,3980
4.047,3979
4.048,3978
4.048,3977
4.050,3976
4.053,3975
4.067,3974
4.073,3973
4.082,3972
4.088,3971
4.091,3970
4.096,3969
4.099,3968
4.102,3967
4.121,3966
4.147,3965
