0.504,5804
3.661,5803
3.662,5802
3.662,5801
3.662,5800
3.662,5799
3.663,5798
3.663,5797
3.663,5796
3.663,5795
3.663,5794
3.664,5793
3.664,5792
3.664,5791
3.664,5790
3.664,5789
3.665,5788
3.665,5787
3.665,5786
3.665,5785
3.666,5784
3.666,5783
3.666,5782
3.666,5781
3.666,5780
3.667,5779
3.667,5778
3.667,5777
3.667,5776
3.667,5775
3.667,5774
3.668,5773
3.668,5772
3.668,5771
3.668,5770
3.668,5769
3.668,5768
3.668,5767
3.669,5766
3.669,5765
3.669,5764
3.669,5763
3.669,5762
3.669,5761
3.669,5760
3.669,5759
3.670,5758
3.670,5757
3.670,5756
3.670,5755
3.670,5754
3.670,5753
3.670,5752
3.670,5751
3.670,5750
3.670,5749
3.671,5748
3.671,5747
3.671,5746
3.671,5745
3.671,5744
3.671,5743
3.671,5742
3.671,5741
3.673,5740
3.673,5739
3.673,5738
3.673,5737
3.673,5736
3.674,5735
3.674,5734
3.674,5733
3.674,5732
3.674,5731
3.674,5730
3.674,5729
3.674,5728
3.674,5727
3.675,5726
3.675,5725
3.675,5724
3.675,5723
3.675,5722
3.675,5721
3.675,5720
3.675,5719
3.675,5718
3.676,5717
3.676,5716
3.676,5715
3.676,5714
3.676,5713
3.676,5712
3.676,5711
3.676,5710
3.676,5709
3.676,5708
3.677,5707
3.677,5706
3.677,5705
3.677,5704
3.677,5703
3.677,5702
3.678,5701
3.678,5700
3.678,5699
3.678,5698
3.678,5697
3.678,5696
3.678,5695
3.678,5694
3.678,5693
3.678,5692
3.678,5691
3.680,5690
3.680,5689
3.680,5688
3.680,5687
3.680,5686
3.680,5685
3.680,5684
3.681,5683
3.681,5682
3.681,5681
3.681,5680
3.681,5679
3.681,5678
3.681,5677
3.681,5676
3.681,5675
3.681,5674
3.682,5673
3.682,5672
3.682,5671
3.682,5670
3.682,5669
3.682,5668
3.682,5667
3.682,5666
3.682,5665
3.682,5664
3.682,5663
3.682,5662
3.682,5661
3.682,5660
3.682,5659
3.682,5658
3.682,5657
3.683,5656
3.683,5655
3.683,5654
3.683,5653
3.683,5652
3.683,5651
3.683,5650
3.683,5649
3.683,5648
3.683,5647
3.683,5646
3.683,5645
3.683,5644
3.683,5643
3.683,5642
3.683,5641
3.683,5640
3.684,5639
3.684,5638
3.684,5637
3.684,5636
3.684,5635
3.684,5634
3.685,5633
3.685,5632
3.685,5631
3.685,5630
3.685,5629
3.685,5628
3.685,5627
3.685,5626
3.685,5625
3.685,5624
3.685,5623
3.685,5622
3.685,5621
3.685,5620
3.686,5619
3.686,5618
3.686,5617
3.686,5616
3.686,5615
3.686,5614
3.686,5613
3.686,5612
3.686,5611
3.686,5610
3.686,5609
3.686,5608
3.686,5607
3.686,5606
3.687,5605
3.687,5604
3.687,5603
3.687,5602
3.687,5601
3.687,5600
3.687,5599
3.687,5598
3.687,5597
3.687,5596
3.687,5595
3.687,5594
3.687,5593
3.687,5592
3.687,5591
3.687,5590
3.687,5589
3.688,5588
3.688,5587
3.688,5586
3.688,5585
3.688,5584
3.688,5583
3.688,5582
3.688,5581
3.688,5580
3.688,5579
3.688,5578
3.688,5577
3.688,5576
3.688,5575
3.688,5574
3.689,5573
3.689,5572
3.689,5571
3.689,5570
3.689,5569
3.689,5568
3.689,5567
3.689,5566
3.689,5565
3.689,5564
3.689,5563
3.689,5562
3.689,5561
3.689,5560
3.689,5559
3.689,5558
3.689,5557
3.690,5556
3.690,5555
3.690,5554
3.690,5553
3.690,5552
3.690,5551
3.690,5550
3.690,5549
3.691,5548
3.691,5547
3.691,5546
3.691,5545
3.691,5544
3.691,5543
3.691,5542
3.691,5541
3.691,5540
3.691,5539
3.691,5538
3.692,5537
3.692,5536
3.692,5535
3.692,5534
3.692,5533
3.692,5532
3.692,5531
3.692,5530
3.692,5529
3.692,5528
3.692,5527
3.692,5526
3.692,5525
3.692,5524
3.692,5523
3.692,5522
3.693,5521
3.693,5520
3.693,5519
3.693,5518
3.693,5517
3.693,5516
3.693,5515
3.693,5514
3.693,5513
3.693,5512
3.693,5511
3.693,5510
3.693,5509
3.694,5508
3.694,5507
3.694,5506
3.694,5505
3.694,5504
3.694,5503
3.694,5502
3.694,5501
3.694,5500
3.694,5499
3.694,5498
3.694,5497
3.694,5496
3.694,5495
3.694,5494
3.694,5493
3.695,5492
3.695,5491
3.695,5490
3.695,5489
3.695,5488
3.695,5487
3.695,5486
3.695,5485
3.695,5484
3.695,5483
3.695,5482
3.695,5481
3.695,5480
3.695,5479
3.695,5478
3.695,5477
3.695,5476
3.695,5475
3.695,5474
3.695,5473
3.695,5472
3.695,5471
3.696,5470
3.696,5469
3.696,5468
3.696,5467
3.696,5466
3.696,5465
3.696,5464
3.696,5463
3.696,5462
3.696,5461
3.696,5460
3.696,5459
3.696,5458
3.696,5457
3.696,5456
3.696,5455
3.696,5454
3.696,5453
3.696,5452
3.696,5451
3.696,5450
3.696,5449
3.696,5448
3.697,5447
3.697,5446
3.697,5445
3.697,5444
3.697,5443
3.697,5442
3.697,5441
3.697,5440
3.697,5439
3.697,5438
3.697,5437
3.697,5436
3.697,5435
3.697,5434
3.697,5433
3.697,5432
3.697,5431
3.697,5430
3.697,5429
3.697,5428
3.697,5427
3.697,5426
3.697,5425
3.697,5424
3.697,5423
3.698,5422
3.698,5421
3.698,5420
3.698,5419
3.698,5418
3.698,5417
3.698,5416
3.699,5415
3.699,5414
3.699,5413
3.699,5412
3.699,5411
3.699,5410
3.699,5409
3.699,5408
3.699,5407
3.699,5406
3.699,5405
3.699,5404
3.699,5403
3.699,5402
3.699,5401
3.699,5400
3.699,5399
3.699,5398
3.699,5397
3.699,5396
3.699,5395
3.699,5394
3.699,5393
3.700,5392
3.700,5391
3.700,5390
3.700,5389
3.700,5388
3.700,5387
3.700,5386
3.700,5385
3.700,5384
3.700,5383
3.700,5382
3.700,5381
3.700,5380
3.700,5379
3.700,5378
3.700,5377
3.700,5376
3.700,5375
3.700,5374
3.700,5373
3.700,5372
3.700,5371
3.700,5370
3.700,5369
3.700,5368
3.700,5367
3.700,5366
3.700,5365
3.701,5364
3.701,5363
3.701,5362
3.701,5361
3.701,5360
3.701,5359
3.701,5358
3.701,5357
3.701,5356
3.701,5355
3.701,5354
3.701,5353
3.701,5352
3.701,5351
3.701,5350
3.701,5349
3.701,5348
3.701,5347
3.701,5346
3.701,5345
3.701,5344
3.701,5343
3.701,5342
3.701,5341
3.701,5340
3.701,5339
3.701,5338
3.701,5337
3.701,5336
3.701,5335
3.701,5334
3.702,5333
3.702,5332
3.702,5331
3.702,5330
3.702,5329
3.702,5328
3.702,5327
3.702,5326
3.702,5325
3.702,5324
3.702,5323
3.702,5322
3.702,5321
3.702,5320
3.702,5319
3.702,5318
3.702,5317
3.702,5316
3.702,5315
3.702,5314
3.702,5313
3.702,5312
3.702,5311
3.702,5310
3.703,5309
3.703,5308
3.703,5307
3.703,5306
3.703,5305
3.703,5304
3.703,5303
3.703,5302
3.703,5301
3.703,5300
3.703,5299
3.703,5298
3.703,5297
3.703,5296
3.703,5295
3.703,5294
3.703,5293
3.703,5292
3.703,5291
3.703,5290
3.703,5289
3.704,5288
3.704,5287
3.704,5286
3.704,5285
3.704,5284
3.704,5283
3.704,5282
3.704,5281
3.704,5280
3.704,5279
3.704,5278
3.704,5277
3.704,5276
3.704,5275
3.704,5274
3.704,5273
3.704,5272
3.704,5271
3.704,5270
3.704,5269
3.704,5268
3.704,5267
3.704,5266
3.704,5265
3.704,5264
3.704,5263
3.704,5262
3.705,5261
3.705,5260
3.705,5259
3.705,5258
3.705,5257
3.705,5256
3.705,5255
3.705,5254
3.705,5253
3.705,5252
3.705,5251
3.705,5250
3.705,5249
3.705,5248
3.705,5247
3.705,5246
3.705,5245
3.705,5244
3.705,5243
3.705,5242
3.705,5241
3.705,5240
3.705,5239
3.705,5238
3.705,5237
3.705,5236
3.705,5235
3.705,5234
3.705,5233
3.705,5232
3.706,5231
3.706,5230
3.706,5229
3.706,5228
3.706,5227
3.706,5226
3.706,5225
3.706,5224
3.706,5223
3.706,5222
3.706,5221
3.706,5220
3.706,5219
3.706,5218
3.706,5217
3.706,5216
3.706,5215
3.706,5214
3.706,5213
3.706,5212
3.706,5211
3.706,5210
3.706,5209
3.706,5208
3.706,5207
3.706,5206
3.706,5205
3.706,5204
3.707,5203
3.707,5202
3.707,5201
3.707,5200
3.707,5199
3.707,5198
3.707,5197
3.707,5196
3.707,5195
3.707,5194
3.707,5193
3.707,5192
3.707,5191
3.707,5190
3.707,5189
3.707,5188
3.707,5187
3.707,5186
3.707,5185
3.707,5184
3.707,5183
3.707,5182
3.707,5181
3.707,5180
3.707,5179
3.707,5178
3.707,5177
3.707,5176
3.707,5175
3.707,5174
3.707,5173
3.708,5172
3.708,5171
3.708,5170
3.708,5169
3.708,5168
3.708,5167
3.708,5166
3.708,5165
3.708,5164
3.708,5163
3.708,5162
3.708,5161
3.708,5160
3.708,5159
3.708,5158
3.708,5157
3.708,5156
3.708,5155
3.708,5154
3.708,5153
3.708,5152
3.708,5151
3.708,5150
3.709,5149
3.709,5148
3.709,5147
3.709,5146
3.709,5145
3.709,5144
3.709,5143
3.709,5142
3.709,5141
3.709,5140
3.709,5139
3.709,5138
3.709,5137
3.709,5136
3.709,5135
3.709,5134
3.709,5133
3.709,5132
3.709,5131
3.709,5130
3.709,5129
3.709,5128
3.709,5127
3.709,5126
3.709,5125
3.709,5124
3.709,5123
3.709,5122
3.710,5121
3.710,5120
3.710,5119
3.710,5118
3.710,5117
3.710,5116
3.710,5115
3.710,5114
3.710,5113
3.710,5112
3.710,5111
3.710,5110
3.710,5109
3.711,5108
3.711,5107
3.711,5106
3.711,5105
3.711,5104
3.711,5103
3.711,5102
3.711,5101
3.711,5100
3.711,5099
3.711,5098
3.711,5097
3.711,5096
3.711,5095
3.711,5094
3.711,5093
3.711,5092
3.711,5091
3.711,5090
3.711,5089
3.711,5088
3.711,5087
3.711,5086
3.711,5085
3.711,5084
3.711,5083
3.711,5082
3.711,5081
3.711,5080
3.712,5079
3.712,5078
3.712,5077
3.712,5076
3.712,5075
3.712,5074
3.712,5073
3.712,5072
3.712,5071
3.713,5070
3.713,5069
3.713,5068
3.713,5067
3.713,5066
3.713,5065
3.713,5064
3.713,5063
3.713,5062
3.713,5061
3.713,5060
3.713,5059
3.713,5058
3.714,5057
3.714,5056
3.714,5055
3.714,5054
3.714,5053
3.714,5052
3.714,5051
3.714,5050
3.714,5049
3.714,5048
3.715,5047
3.715,5046
3.715,5045
3.715,5044
3.715,5043
3.715,5042
3.715,5041
3.715,5040
3.715,5039
3.715,5038
3.715,5037
3.716,5036
3.716,5035
3.716,5034
3.716,5033
3.716,5032
3.716,5031
3.716,5030
3.716,5029
3.716,5028
3.716,5027
3.716,5026
3.716,5025
3.716,5024
3.717,5023
3.717,5022
3.717,5021
3.717,5020
3.717,5019
3.717,5018
3.717,5017
3.717,5016
3.717,5015
3.717,5014
3.717,5013
3.718,5012
3.718,5011
3.718,5010
3.718,5009
3.718,5008
3.718,5007
3.718,5006
3.718,5005
3.718,5004
3.718,5003
3.718,5002
3.718,5001
3.719,5000
3.719,4999
3.719,4998
3.719,4997
3.719,4996
3.719,4995
3.719,4994
3.719,4993
3.719,4992
3.719,4991
3.719,4990
3.720,4989
3.720,4988
3.720,4987
3.720,4986
3.720,4985
3.720,4984
3.720,4983
3.720,4982
3.720,4981
3.720,4980
3.720,4979
3.720,4978
3.720,4977
3.720,4976
3.721,4975
3.721,4974
3.721,4973
3.721,4972
3.721,4971
3.721,4970
3.721,4969
3.721,4968
3.721,4967
3.721,4966
3.721,4965
3.721,4964
3.721,4963
3.721,4962
3.721,4961
3.721,4960
3.721,4959
3.721,4958
3.721,4957
3.721,4956
3.722,4955
3.722,4954
3.722,4953
3.722,4952
3.722,4951
3.722,4950
3.722,4949
3.722,4948
3.722,4947
3.722,4946
3.722,4945
3.722,4944
3.722,4943
3.722,4942
3.722,4941
3.722,4940
3.722,4939
3.722,4938
3.723,4937
3.723,4936
3.723,4935
3.723,4934
3.723,4933
3.723,4932
3.723,4931
3.723,4930
3.723,4929
3.723,4928
3.723,4927
3.723,4926
3.724,4925
3.724,4924
3.724,4923
3.724,4922
3.724,4921
3.724,4920
3.724,4919
3.724,4918
3.724,4917
3.724,4916
3.724,4915
3.724,4914
3.724,4913
3.724,4912
3.724,4911
3.724,4910
3.724,4909
3.724,4908
3.725,4907
3.725,4906
3.725,4905
3.725,4904
3.725,4903
3.725,4902
3.725,4901
3.725,4900
3.725,4899
3.726,4898
3.726,4897
3.726,4896
3.726,4895
3.726,4894
3.726,4893
3.726,4892
3.726,4891
3.726,4890
3.726,4889
3.726,4888
3.726,4887
3.727,4886
3.727,4885
3.727,4884
3.727,4883
3.727,4882
3.727,4881
3.727,4880
3.727,4879
3.727,4878
3.727,4877
3.727,4876
3.727,4875
3.727,4874
3.727,4873
3.727,4872
3.728,4871
3.728,4870
3.728,4869
3.728,4868
3.728,4867
3.728,4866
3.728,4865
3.728,4864
3.728,4863
3.728,4862
3.728,4861
3.728,4860
3.729,4859
3.729,4858
3.729,4857
3.729,4856
3.729,4855
3.729,4854
3.729,4853
3.729,4852
3.729,4851
3.729,4850
3.729,4849
3.729,4848
3.729,4847
3.729,4846
3.729,4845
3.729,4844
3.730,4843
3.730,4842
3.730,4841
3.730,4840
3.730,4839
3.730,4838
3.730,4837
3.730,4836
3.730,4835
3.730,4834
3.730,4833
3.731,4832
3.731,4831
3.731,4830
3.731,4829
3.731,4828
3.731,4827
3.731,4826
3.731,4825
3.731,4824
3.731,4823
3.731,4822
3.731,4821
3.731,4820
3.731,4819
3.731,4818
3.731,4817
3.731,4816
3.732,4815
3.732,4814
3.732,4813
3.732,4812
3.732,4811
3.732,4810
3.732,4809
3.732,4808
3.732,4807
3.732,4806
3.732,4805
3.732,4804
3.732,4803
3.732,4802
3.732,4801
3.732,4800
3.733,4799
3.733,4798
3.733,4797
3.733,4796
3.733,4795
3.733,4794
3.733,4793
3.733,4792
3.733,4791
3.733,4790
3.733,4789
3.733,4788
3.733,4787
3.733,4786
3.734,4785
3.734,4784
3.734,4783
3.734,4782
3.734,4781
3.734,4780
3.734,4779
3.734,4778
3.734,4777
3.734,4776
3.734,4775
3.734,4774
3.734,4773
3.735,4772
3.735,4771
3.735,4770
3.735,4769
3.735,4768
3.735,4767
3.735,4766
3.735,4765
3.736,4764
3.736,4763
3.736,4762
3.736,4761
3.736,4760
3.736,4759
3.736,4758
3.736,4757
3.736,4756
3.736,4755
3.736,4754
3.736,4753
3.736,4752
3.736,4751
3.737,4750
3.737,4749
3.737,4748
3.737,4747
3.737,4746
3.737,4745
3.737,4744
3.737,4743
3.737,4742
3.737,4741
3.737,4740
3.737,4739
3.737,4738
3.737,4737
3.738,4736
3.738,4735
3.738,4734
3.738,4733
3.738,4732
3.738,4731
3.738,4730
3.738,4729
3.738,4728
3.738,4727
3.738,4726
3.738,4725
3.738,4724
3.738,4723
3.738,4722
3.739,4721
3.739,4720
3.739,4719
3.739,4718
3.739,4717
3.739,4716
3.739,4715
3.739,4714
3.739,4713
3.739,4712
3.739,4711
3.739,4710
3.740,4709
3.740,4708
3.740,4707
3.740,4706
3.740,4705
3.740,4704
3.740,4703
3.740,4702
3.740,4701
3.740,4700
3.740,4699
3.740,4698
3.740,4697
3.740,4696
3.741,4695
3.741,4694
3.741,4693
3.741,4692
3.741,4691
3.741,4690
3.741,4689
3.741,4688
3.741,4687
3.741,4686
3.741,4685
3.742,4684
3.742,4683
3.742,4682
3.742,4681
3.742,4680
3.742,4679
3.742,4678
3.742,4677
3.742,4676
3.742,4675
3.742,4674
3.743,4673
3.743,4672
3.743,4671
3.743,4670
3.743,4669
3.743,4668
3.743,4667
3.743,4666
3.743,4665
3.743,4664
3.743,4663
3.743,4662
3.744,4661
3.744,4660
3.744,4659
3.744,4658
3.744,4657
3.744,4656
3.744,4655
3.744,4654
3.744,4653
3.744,4652
3.744,4651
3.745,4650
3.745,4649
3.745,4648
3.745,4647
3.745,4646
3.745,4645
3.745,4644
3.745,4643
3.745,4642
3.745,4641
3.745,4640
3.745,4639
3.746,4638
3.746,4637
3.746,4636
3.746,4635
3.746,4634
3.746,4633
3.746,4632
3.746,4631
3.746,4630
3.746,4629
3.746,4628
3.746,4627
3.746,4626
3.747,4625
3.747,4624
3.747,4623
3.747,4622
3.747,4621
3.747,4620
3.747,4619
3.747,4618
3.747,4617
3.747,4616
3.747,4615
3.747,4614
3.747,4613
3.747,4612
3.747,4611
3.748,4610
3.748,4609
3.748,4608
3.748,4607
3.748,4606
3.748,4605
3.748,4604
3.748,4603
3.748,4602
3.748,4601
3.748,4600
3.748,4599
3.748,4598
3.749,4597
3.749,4596
3.749,4595
3.749,4594
3.749,4593
3.749,4592
3.749,4591
3.749,4590
3.749,4589
3.749,4588
3.749,4587
3.749,4586
3.750,4585
3.750,4584
3.750,4583
3.750,4582
3.750,4581
3.750,4580
3.750,4579
3.750,4578
3.750,4577
3.750,4576
3.750,4575
3.750,4574
3.750,4573
3.750,4572
3.751,4571
3.751,4570
3.751,4569
3.751,4568
3.751,4567
3.751,4566
3.751,4565
3.751,4564
3.751,4563
3.751,4562
3.751,4561
3.752,4560
3.752,4559
3.752,4558
3.752,4557
3.752,4556
3.752,4555
3.752,4554
3.752,4553
3.752,4552
3.753,4551
3.753,4550
3.753,4549
3.753,4548
3.753,4547
3.753,4546
3.753,4545
3.753,4544
3.753,4543
3.753,4542
3.754,4541
3.754,4540
3.754,4539
3.754,4538
3.754,4537
3.754,4536
3.755,4535
3.755,4534
3.756,4533
3.756,4532
3.756,4531
3.756,4530
3.756,4529
3.756,4528
3.756,4527
3.756,4526
3.756,4525
3.757,4524
3.757,4523
3.757,4522
3.757,4521
3.757,4520
3.757,4519
3.757,4518
3.758,4517
3.758,4516
3.758,4515
3.758,4514
3.758,4513
3.758,4512
3.758,4511
3.758,4510
3.759,4509
3.759,4508
3.759,4507
3.759,4506
3.759,4505
3.759,4504
3.759,4503
3.759,4502
3.760,4501
3.760,4500
3.760,4499
3.760,4498
3.760,4497
3.760,4496
3.760,4495
3.760,4494
3.760,4493
3.760,4492
3.761,4491
3.761,4490
3.761,4489
3.761,4488
3.761,4487
3.761,4486
3.761,4485
3.761,4484
3.761,4483
3.761,4482
3.762,4481
3.762,4480
3.762,4479
3.762,4478
3.762,4477
3.762,4476
3.762,4475
3.762,4474
3.762,4473
3.762,4472
3.762,4471
3.763,4470
3.763,4469
3.763,4468
3.763,4467
3.763,4466
3.763,4465
3.763,4464
3.763,4463
3.764,4462
3.764,4461
3.764,4460
3.764,4459
3.764,4458
3.764,4457
3.765,4456
3.765,4455
3.765,4454
3.765,4453
3.765,4452
3.765,4451
3.765,4450
3.766,4449
3.766,4448
3.766,4447
3.766,4446
3.766,4445
3.767,4444
3.767,4443
3.767,4442
3.767,4441
3.767,4440
3.767,4439
3.768,4438
3.768,4437
3.768,4436
3.768,4435
3.768,4434
3.768,4433
3.768,4432
3.769,4431
3.769,4430
3.769,4429
3.769,4428
3.769,4427
3.769,4426
3.769,4425
3.769,4424
3.770,4423
3.770,4422
3.770,4421
3.770,4420
3.770,4419
3.770,4418
3.770,4417
3.770,4416
3.771,4415
3.771,4414
3.771,4413
3.771,4412
3.771,4411
3.771,4410
3.771,4409
3.771,4408
3.772,4407
3.772,4406
3.772,4405
3.772,4404
3.772,4403
3.772,4402
3.772,4401
3.772,4400
3.773,4399
3.773,4398
3.773,4397
3.773,4396
3.773,4395
3.773,4394
3.773,4393
3.773,4392
3.773,4391
3.773,4390
3.773,4389
3.774,4388
3.774,4387
3.774,4386
3.774,4385
3.774,4384
3.774,4383
3.775,4382
3.775,4381
3.775,4380
3.775,4379
3.775,4378
3.775,4377
3.775,4376
3.775,4375
3.775,4374
3.776,4373
3.776,4372
3.776,4371
3.776,4370
3.776,4369
3.776,4368
3.776,4367
3.776,4366
3.776,4365
3.776,4364
3.777,4363
3.777,4362
3.777,4361
3.777,4360
3.777,4359
3.777,4358
3.777,4357
3.777,4356
3.777,4355
3.777,4354
3.778,4353
3.778,4352
3.778,4351
3.778,4350
3.778,4349
3.778,4348
3.778,4347
3.779,4346
3.779,4345
3.779,4344
3.779,4343
3.779,4342
3.779,4341
3.779,4340
3.779,4339
3.779,4338
3.780,4337
3.780,4336
3.780,4335
3.780,4334
3.780,4333
3.780,4332
3.780,4331
3.781,4330
3.781,4329
3.781,4328
3.781,4327
3.781,4326
3.781,4325
3.781,4324
3.782,4323
3.782,4322
3.782,4321
3.782,4320
3.782,4319
3.782,4318
3.782,4317
3.782,4316
3.782,4315
3.783,4314
3.783,4313
3.783,4312
3.783,4311
3.783,4310
3.783,4309
3.783,4308
3.783,4307
3.783,4306
3.783,4305
3.783,4304
3.784,4303
3.784,4302
3.784,4301
3.784,4300
3.784,4299
3.784,4298
3.784,4297
3.785,4296
3.785,4295
3.785,4294
3.785,4293
3.785,4292
3.785,4291
3.785,4290
3.786,4289
3.786,4288
3.786,4287
3.786,4286
3.786,4285
3.786,4284
3.786,4283
3.786,4282
3.786,4281
3.787,4280
3.787,4279
3.787,4278
3.787,4277
3.787,4276
3.787,4275
3.787,4274
3.787,4273
3.787,4272
3.788,4271
3.788,4270
3.788,4269
3.788,4268
3.788,4267
3.788,4266
3.788,4265
3.788,4264
3.789,4263
3.789,4262
3.789,4261
3.789,4260
3.789,4259
3.789,4258
3.790,4257
3.790,4256
3.790,4255
3.790,4254
3.790,4253
3.790,4252
3.790,4251
3.791,4250
3.791,4249
3.791,4248
3.791,4247
3.791,4246
3.791,4245
3.791,4244
3.792,4243
3.792,4242
3.792,4241
3.792,4240
3.792,4239
3.792,4238
3.792,4237
3.792,4236
3.792,4235
3.793,4234
3.793,4233
3.793,4232
3.793,4231
3.793,4230
3.793,4229
3.793,4228
3.793,4227
3.794,4226
3.794,4225
3.794,4224
3.794,4223
3.795,4222
3.795,4221
3.795,4220
3.795,4219
3.795,4218
3.795,4217
3.795,4216
3.795,4215
3.796,4214
3.796,4213
3.796,4212
3.796,4211
3.796,4210
3.796,4209
3.796,4208
3.797,4207
3.797,4206
3.797,4205
3.797,4204
3.797,4203
3.797,4202
3.797,4201
3.798,4200
3.798,4199
3.798,4198
3.798,4197
3.798,4196
3.798,4195
3.798,4194
3.799,4193
3.799,4192
3.799,4191
3.799,4190
3.800,4189
3.800,4188
3.800,4187
3.801,4186
3.801,4185
3.801,4184
3.802,4183
3.802,4182
3.802,4181
3.802,4180
3.802,4179
3.803,4178
3.804,4177
3.804,4176
3.805,4175
3.805,4174
3.805,4173
3.805,4172
3.805,4171
3.805,4170
3.805,4169
3.806,4168
3.806,4167
3.806,4166
3.806,4165
3.807,4164
3.807,4163
3.807,4162
3.807,4161
3.808,4160
3.808,4159
3.808,4158
3.808,4157
3.808,4156
3.808,4155
3.809,4154
3.809,4153
3.809,4152
3.809,4151
3.810,4150
3.810,4149
3.810,4148
3.811,4147
3.811,4146
3.811,4145
3.811,4144
3.812,4143
3.812,4142
3.812,4141
3.812,4140
3.813,4139
3.813,4138
3.813,4137
3.813,4136
3.813,4135
3.813,4134
3.814,4133
3.814,4132
3.814,4131
3.814,4130
3.815,4129
3.815,4128
3.815,4127
3.815,4126
3.815,4125
3.815,4124
3.815,4123
3.815,4122
3.816,4121
3.816,4120
3.817,4119
3.817,4118
3.817,4117
3.818,4116
3.818,4115
3.818,4114
3.818,4113
3.818,4112
3.818,4111
3.818,4110
3.819,4109
3.819,4108
3.819,4107
3.820,4106
3.820,4105
3.820,4104
3.820,4103
3.820,4102
3.820,4101
3.821,4100
3.821,4099
3.821,4098
3.821,4097
3.822,4096
3.822,4095
3.822,4094
3.822,4093
3.822,4092
3.823,4091
3.823,4090
3.823,4089
3.823,4088
3.823,4087
3.823,4086
3.824,4085
3.824,4084
3.824,4083
3.824,4082
3.824,4081
3.824,4080
3.825,4079
3.825,4078
3.825,4077
3.825,4076
3.825,4075
3.825,4074
3.826,4073
3.826,4072
3.826,4071
3.826,4070
3.826,4069
3.826,4068
3.826,4067
3.827,4066
3.827,4065
3.827,4064
3.827,4063
3.828,4062
3.828,4061
3.829,4060
3.831,4059
3.831,4058
3.831,4057
3.832,4056
3.833,4055
3.833,4054
3.834,4053
3.834,4052
3.834,4051
3.835,4050
3.835,4049
3.836,4048
3.837,4047
3.837,4046
3.837,4045
3.839,4044
3.839,4043
3.840,4042
3.840,4041
3.841,4040
3.842,4039
3.842,4038
3.842,4037
3.843,4036
3.843,4035
3.844,4034
3.844,4033
3.845,4032
3.845,4031
3.847,4030
3.847,4029
3.847,4028
3.848,4027
3.849,4026
3.850,4025
3.851,4024
3.851,4023
3.852,4022
3.852,4021
3.854,4020
3.854,4019
3.855,4018
3.856,4017
3.856,4016
3.856,4015
3.857,4014
3.857,4013
3.859,4012
3.860,4011
3.860,4010
3.861,4009
3.863,4008
3.864,4007
3.864,4006
3.865,4005
3.865,4004
3.866,4003
3.866,4002
3.867,4001
3.867,4000
3.869,3999
3.869,3998
3.869,3997
3.871,3996
3.871,3995
3.872,3994
3.872,3993
3.873,3992
3.874,3991
3.876,3990
3.876,3989
3.877,3988
3.879,3987
3.879,3986
3.882,3985
3.884,3984
3.886,3983
3.887,3982
3.888,3981
3.888,3980
3.889,3979
3.889,3978
3.889,3977
3.892,3976
3.893,3975
3.893,3974
3.895,3973
3.899,3972
3.912,3971
3.928,3970
3.933,3969
3.936,3968
3.940,3967
3.944,3966
3.947,3965
3.967,3964
3.994,3963
