0.506,5784
3.530,5783
3.530,5782
3.530,5781
3.531,5780
3.531,5779
3.531,5778
3.531,5777
3.531,5776
3.532,5775
3.532,5774
3.532,5773
3.532,5772
3.532,5771
3.533,5770
3.533,5769
3.533,5768
3.533,5767
3.533,5766
3.534,5765
3.534,5764
3.534,5763
3.534,5762
3.535,5761
3.535,5760
3.535,5759
3.535,5758
3.536,5757
3.536,5756
3.536,5755
3.536,5754
3.536,5753
3.537,5752
3.537,5751
3.537,5750
3.537,5749
3.537,5748
3.538,5747
3.538,5746
3.538,5745
3.538,5744
3.538,5743
3.539,5742
3.539,5741
3.540,5740
3.540,5739
3.540,5738
3.540,5737
3.540,5736
3.541,5735
3.541,5734
3.541,5733
3.541,5732
3.542,5731
3.542,5730
3.542,5729
3.542,5728
3.543,5727
3.543,5726
3.543,5725
3.543,5724
3.543,5723
3.544,5722
3.544,5721
3.544,5720
3.544,5719
3.544,5718
3.544,5717
3.545,5716
3.545,5715
3.545,5714
3.545,5713
3.545,5712
3.545,5711
3.545,5710
3.545,5709
3.545,5708
3.545,5707
3.545,5706
3.545,5705
3.545,5704
3.545,5703
3.545,5702
3.546,5701
3.546,5700
3.546,5699
3.546,5698
3.546,5697
3.546,5696
3.546,5695
3.546,5694
3.546,5693
3.546,5692
3.546,5691
3.546,5690
3.547,5689
3.547,5688
3.547,5687
3.547,5686
3.547,5685
3.547,5684
3.547,5683
3.547,5682
3.547,5681
3.547,5680
3.547,5679
3.547,5678
3.547,5677
3.548,5676
3.548,5675
3.548,5674
3.548,5673
3.548,5672
3.548,5671
3.548,5670
3.548,5669
3.548,5668
3.548,5667
3.548,5666
3.548,5665
3.548,5664
3.549,5663
3.549,5662
3.549,5661
3.549,5660
3.549,5659
3.549,5658
3.549,5657
3.550,5656
3.550,5655
3.550,5654
3.550,5653
3.550,5652
3.550,5651
3.550,5650
3.550,5649
3.550,5648
3.550,5647
3.550,5646
3.550,5645
3.550,5644
3.551,5643
3.551,5642
3.551,5641
3.551,5640
3.551,5639
3.551,5638
3.551,5637
3.551,5636
3.551,5635
3.551,5634
3.551,5633
3.551,5632
3.551,5631
3.551,5630
3.551,5629
3.552,5628
3.552,5627
3.552,5626
3.552,5625
3.552,5624
3.552,5623
3.552,5622
3.552,5621
3.552,5620
3.552,5619
3.552,5618
3.552,5617
3.552,5616
3.553,5615
3.553,5614
3.553,5613
3.553,5612
3.553,5611
3.553,5610
3.553,5609
3.553,5608
3.553,5607
3.553,5606
3.553,5605
3.553,5604
3.553,5603
3.554,5602
3.554,5601
3.554,5600
3.554,5599
3.554,5598
3.554,5597
3.554,5596
3.554,5595
3.554,5594
3.554,5593
3.555,5592
3.555,5591
3.555,5590
3.555,5589
3.555,5588
3.555,5587
3.555,5586
3.555,5585
3.555,5584
3.555,5583
3.555,5582
3.556,5581
3.556,5580
3.556,5579
3.556,5578
3.556,5577
3.556,5576
3.556,5575
3.556,5574
3.556,5573
3.556,5572
3.556,5571
3.556,5570
3.556,5569
3.556,5568
3.556,5567
3.557,5566
3.557,5565
3.557,5564
3.557,5563
3.557,5562
3.557,5561
3.557,5560
3.557,5559
3.557,5558
3.557,5557
3.557,5556
3.557,5555
3.557,5554
3.557,5553
3.557,5552
3.558,5551
3.558,5550
3.558,5549
3.558,5548
3.558,5547
3.558,5546
3.558,5545
3.558,5544
3.558,5543
3.558,5542
3.558,5541
3.558,5540
3.558,5539
3.558,5538
3.558,5537
3.559,5536
3.559,5535
3.559,5534
3.559,5533
3.559,5532
3.559,5531
3.559,5530
3.559,5529
3.559,5528
3.559,5527
3.559,5526
3.559,5525
3.560,5524
3.560,5523
3.560,5522
3.560,5521
3.560,5520
3.560,5519
3.560,5518
3.560,5517
3.560,5516
3.560,5515
3.560,5514
3.560,5513
3.560,5512
3.560,5511
3.560,5510
3.560,5509
3.560,5508
3.560,5507
3.561,5506
3.561,5505
3.561,5504
3.561,5503
3.561,5502
3.561,5501
3.561,5500
3.561,5499
3.561,5498
3.561,5497
3.561,5496
3.561,5495
3.561,5494
3.561,5493
3.561,5492
3.561,5491
3.561,5490
3.561,5489
3.562,5488
3.562,5487
3.562,5486
3.562,5485
3.562,5484
3.562,5483
3.562,5482
3.562,5481
3.562,5480
3.562,5479
3.562,5478
3.562,5477
3.562,5476
3.562,5475
3.562,5474
3.562,5473
3.562,5472
3.563,5471
3.563,5470
3.563,5469
3.563,5468
3.563,5467
3.563,5466
3.563,5465
3.563,5464
3.563,5463
3.563,5462
3.563,5461
3.563,5460
3.563,5459
3.563,5458
3.563,5457
3.563,5456
3.563,5455
3.563,5454
3.564,5453
3.564,5452
3.564,5451
3.564,5450
3.564,5449
3.564,5448
3.564,5447
3.564,5446
3.564,5445
3.564,5444
3.564,5443
3.564,5442
3.564,5441
3.564,5440
3.564,5439
3.564,5438
3.564,5437
3.564,5436
3.564,5435
3.564,5434
3.565,5433
3.565,5432
3.565,5431
3.565,5430
3.565,5429
3.565,5428
3.565,5427
3.566,5426
3.566,5425
3.566,5424
3.566,5423
3.566,5422
3.566,5421
3.566,5420
3.566,5419
3.566,5418
3.566,5417
3.566,5416
3.566,5415
3.566,5414
3.566,5413
3.566,5412
3.566,5411
3.566,5410
3.566,5409
3.566,5408
3.566,5407
3.567,5406
3.567,5405
3.567,5404
3.567,5403
3.567,5402
3.567,5401
3.567,5400
3.567,5399
3.567,5398
3.567,5397
3.567,5396
3.567,5395
3.567,5394
3.567,5393
3.567,5392
3.567,5391
3.567,5390
3.567,5389
3.567,5388
3.567,5387
3.567,5386
3.567,5385
3.567,5384
3.567,5383
3.567,5382
3.568,5381
3.568,5380
3.568,5379
3.568,5378
3.568,5377
3.568,5376
3.568,5375
3.568,5374
3.568,5373
3.568,5372
3.568,5371
3.568,5370
3.568,5369
3.568,5368
3.568,5367
3.568,5366
3.568,5365
3.568,5364
3.568,5363
3.568,5362
3.568,5361
3.568,5360
3.568,5359
3.568,5358
3.568,5357
3.569,5356
3.569,5355
3.569,5354
3.569,5353
3.569,5352
3.569,5351
3.569,5350
3.569,5349
3.569,5348
3.569,5347
3.569,5346
3.569,5345
3.569,5344
3.569,5343
3.569,5342
3.569,5341
3.569,5340
3.569,5339
3.569,5338
3.569,5337
3.569,5336
3.570,5335
3.570,5334
3.570,5333
3.570,5332
3.570,5331
3.570,5330
3.570,5329
3.570,5328
3.570,5327
3.570,5326
3.570,5325
3.570,5324
3.570,5323
3.570,5322
3.570,5321
3.570,5320
3.570,5319
3.570,5318
3.570,5317
3.570,5316
3.570,5315
3.570,5314
3.570,5313
3.571,5312
3.571,5311
3.571,5310
3.571,5309
3.571,5308
3.571,5307
3.571,5306
3.571,5305
3.571,5304
3.571,5303
3.571,5302
3.571,5301
3.571,5300
3.572,5299
3.572,5298
3.572,5297
3.572,5296
3.572,5295
3.572,5294
3.572,5293
3.572,5292
3.572,5291
3.572,5290
3.572,5289
3.572,5288
3.572,5287
3.572,5286
3.572,5285
3.572,5284
3.572,5283
3.572,5282
3.572,5281
3.572,5280
3.572,5279
3.572,5278
3.572,5277
3.572,5276
3.572,5275
3.572,5274
3.572,5273
3.573,5272
3.573,5271
3.573,5270
3.573,5269
3.573,5268
3.573,5267
3.573,5266
3.573,5265
3.573,5264
3.573,5263
3.573,5262
3.573,5261
3.573,5260
3.573,5259
3.573,5258
3.573,5257
3.573,5256
3.573,5255
3.574,5254
3.574,5253
3.574,5252
3.574,5251
3.574,5250
3.574,5249
3.574,5248
3.574,5247
3.574,5246
3.574,5245
3.574,5244
3.574,5243
3.574,5242
3.574,5241
3.574,5240
3.574,5239
3.574,5238
3.574,5237
3.574,5236
3.574,5235
3.574,5234
3.574,5233
3.574,5232
3.574,5231
3.574,5230
3.574,5229
3.574,5228
3.574,5227
3.575,5226
3.575,5225
3.575,5224
3.575,5223
3.575,5222
3.575,5221
3.575,5220
3.575,5219
3.575,5218
3.575,5217
3.575,5216
3.575,5215
3.575,5214
3.575,5213
3.575,5212
3.575,5211
3.575,5210
3.575,5209
3.575,5208
3.575,5207
3.575,5206
3.575,5205
3.575,5204
3.575,5203
3.575,5202
3.575,5201
3.575,5200
3.576,5199
3.576,5198
3.576,5197
3.576,5196
3.576,5195
3.576,5194
3.576,5193
3.576,5192
3.576,5191
3.576,5190
3.576,5189
3.576,5188
3.576,5187
3.576,5186
3.576,5185
3.576,5184
3.576,5183
3.576,5182
3.576,5181
3.576,5180
3.576,5179
3.576,5178
3.576,5177
3.576,5176
3.576,5175
3.576,5174
3.577,5173
3.577,5172
3.577,5171
3.577,5170
3.577,5169
3.577,5168
3.577,5167
3.577,5166
3.577,5165
3.577,5164
3.577,5163
3.577,5162
3.577,5161
3.577,5160
3.577,5159
3.577,5158
3.577,5157
3.577,5156
3.577,5155
3.577,5154
3.577,5153
3.577,5152
3.577,5151
3.577,5150
3.577,5149
3.577,5148
3.577,5147
3.577,5146
3.577,5145
3.578,5144
3.578,5143
3.578,5142
3.578,5141
3.578,5140
3.578,5139
3.578,5138
3.578,5137
3.578,5136
3.578,5135
3.578,5134
3.578,5133
3.578,5132
3.578,5131
3.578,5130
3.578,5129
3.578,5128
3.578,5127
3.578,5126
3.579,5125
3.579,5124
3.579,5123
3.579,5122
3.579,5121
3.579,5120
3.579,5119
3.579,5118
3.579,5117
3.579,5116
3.579,5115
3.579,5114
3.579,5113
3.579,5112
3.579,5111
3.579,5110
3.579,5109
3.579,5108
3.579,5107
3.579,5106
3.579,5105
3.579,5104
3.579,5103
3.579,5102
3.580,5101
3.580,5100
3.580,5099
3.580,5098
3.580,5097
3.581,5096
3.581,5095
3.581,5094
3.581,5093
3.581,5092
3.581,5091
3.581,5090
3.581,5089
3.581,5088
3.581,5087
3.581,5086
3.581,5085
3.581,5084
3.581,5083
3.581,5082
3.581,5081
3.581,5080
3.582,5079
3.582,5078
3.582,5077
3.582,5076
3.582,5075
3.582,5074
3.582,5073
3.582,5072
3.582,5071
3.583,5070
3.583,5069
3.583,5068
3.583,5067
3.583,5066
3.583,5065
3.583,5064
3.583,5063
3.583,5062
3.583,5061
3.584,5060
3.584,5059
3.584,5058
3.584,5057
3.584,5056
3.584,5055
3.584,5054
3.584,5053
3.584,5052
3.584,5051
3.584,5050
3.585,5049
3.585,5048
3.585,5047
3.585,5046
3.585,5045
3.585,5044
3.585,5043
3.585,5042
3.585,5041
3.585,5040
3.585,5039
3.586,5038
3.586,5037
3.586,5036
3.586,5035
3.586,5034
3.586,5033
3.586,5032
3.586,5031
3.586,5030
3.586,5029
3.586,5028
3.586,5027
3.587,5026
3.587,5025
3.587,5024
3.587,5023
3.587,5022
3.587,5021
3.587,5020
3.587,5019
3.587,5018
3.587,5017
3.587,5016
3.587,5015
3.588,5014
3.588,5013
3.588,5012
3.588,5011
3.588,5010
3.588,5009
3.588,5008
3.588,5007
3.588,5006
3.588,5005
3.588,5004
3.589,5003
3.589,5002
3.589,5001
3.589,5000
3.589,4999
3.589,4998
3.589,4997
3.589,4996
3.589,4995
3.589,4994
3.589,4993
3.589,4992
3.590,4991
3.590,4990
3.590,4989
3.590,4988
3.590,4987
3.590,4986
3.590,4985
3.590,4984
3.590,4983
3.590,4982
3.590,4981
3.590,4980
3.590,4979
3.590,4978
3.590,4977
3.590,4976
3.590,4975
3.590,4974
3.591,4973
3.591,4972
3.591,4971
3.591,4970
3.591,4969
3.591,4968
3.591,4967
3.591,4966
3.591,4965
3.591,4964
3.591,4963
3.591,4962
3.591,4961
3.591,4960
3.591,4959
3.591,4958
3.591,4957
3.592,4956
3.592,4955
3.592,4954
3.592,4953
3.592,4952
3.592,4951
3.592,4950
3.592,4949
3.592,4948
3.593,4947
3.593,4946
3.593,4945
3.593,4944
3.593,4943
3.593,4942
3.593,4941
3.593,4940
3.593,4939
3.593,4938
3.593,4937
3.593,4936
3.593,4935
3.593,4934
3.594,4933
3.594,4932
3.594,4931
3.594,4930
3.594,4929
3.594,4928
3.594,4927
3.594,4926
3.594,4925
3.594,4924
3.594,4923
3.594,4922
3.594,4921
3.595,4920
3.595,4919
3.595,4918
3.595,4917
3.595,4916
3.595,4915
3.595,4914
3.595,4913
3.595,4912
3.595,4911
3.595,4910
3.595,4909
3.595,4908
3.595,4907
3.595,4906
3.596,4905
3.596,4904
3.596,4903
3.596,4902
3.596,4901
3.596,4900
3.596,4899
3.596,4898
3.596,4897
3.596,4896
3.596,4895
3.596,4894
3.596,4893
3.596,4892
3.596,4891
3.597,4890
3.597,4889
3.597,4888
3.597,4887
3.597,4886
3.597,4885
3.597,4884
3.597,4883
3.597,4882
3.597,4881
3.597,4880
3.597,4879
3.597,4878
3.597,4877
3.598,4876
3.598,4875
3.598,4874
3.598,4873
3.598,4872
3.598,4871
3.598,4870
3.598,4869
3.598,4868
3.598,4867
3.598,4866
3.598,4865
3.598,4864
3.598,4863
3.598,4862
3.599,4861
3.599,4860
3.599,4859
3.599,4858
3.599,4857
3.599,4856
3.599,4855
3.599,4854
3.599,4853
3.599,4852
3.599,4851
3.599,4850
3.600,4849
3.600,4848
3.600,4847
3.600,4846
3.600,4845
3.600,4844
3.600,4843
3.600,4842
3.600,4841
3.600,4840
3.600,4839
3.600,4838
3.600,4837
3.600,4836
3.600,4835
3.600,4834
3.601,4833
3.601,4832
3.601,4831
3.601,4830
3.601,4829
3.601,4828
3.601,4827
3.601,4826
3.601,4825
3.601,4824
3.601,4823
3.601,4822
3.601,4821
3.601,4820
3.602,4819
3.602,4818
3.602,4817
3.602,4816
3.602,4815
3.602,4814
3.602,4813
3.602,4812
3.602,4811
3.602,4810
3.603,4809
3.603,4808
3.603,4807
3.603,4806
3.603,4805
3.603,4804
3.603,4803
3.603,4802
3.603,4801
3.603,4800
3.603,4799
3.603,4798
3.604,4797
3.604,4796
3.604,4795
3.604,4794
3.604,4793
3.604,4792
3.604,4791
3.604,4790
3.604,4789
3.604,4788
3.605,4787
3.605,4786
3.605,4785
3.605,4784
3.605,4783
3.605,4782
3.605,4781
3.605,4780
3.605,4779
3.605,4778
3.605,4777
3.605,4776
3.605,4775
3.606,4774
3.606,4773
3.606,4772
3.606,4771
3.606,4770
3.606,4769
3.606,4768
3.606,4767
3.606,4766
3.606,4765
3.606,4764
3.606,4763
3.606,4762
3.606,4761
3.607,4760
3.607,4759
3.607,4758
3.607,4757
3.607,4756
3.607,4755
3.607,4754
3.607,4753
3.607,4752
3.607,4751
3.607,4750
3.607,4749
3.607,4748
3.607,4747
3.607,4746
3.608,4745
3.608,4744
3.608,4743
3.608,4742
3.608,4741
3.608,4740
3.608,4739
3.608,4738
3.608,4737
3.608,4736
3.608,4735
3.609,4734
3.609,4733
3.609,4732
3.609,4731
3.609,4730
3.609,4729
3.609,4728
3.609,4727
3.609,4726
3.609,4725
3.609,4724
3.609,4723
3.610,4722
3.610,4721
3.610,4720
3.610,4719
3.610,4718
3.610,4717
3.610,4716
3.610,4715
3.610,4714
3.610,4713
3.610,4712
3.611,4711
3.611,4710
3.611,4709
3.611,4708
3.611,4707
3.611,4706
3.611,4705
3.611,4704
3.611,4703
3.611,4702
3.611,4701
3.611,4700
3.611,4699
3.611,4698
3.612,4697
3.612,4696
3.612,4695
3.612,4694
3.612,4693
3.612,4692
3.612,4691
3.613,4690
3.613,4689
3.613,4688
3.613,4687
3.613,4686
3.613,4685
3.613,4684
3.613,4683
3.613,4682
3.613,4681
3.613,4680
3.613,4679
3.613,4678
3.613,4677
3.614,4676
3.614,4675
3.614,4674
3.614,4673
3.614,4672
3.614,4671
3.614,4670
3.614,4669
3.614,4668
3.614,4667
3.614,4666
3.614,4665
3.615,4664
3.615,4663
3.615,4662
3.615,4661
3.615,4660
3.615,4659
3.615,4658
3.615,4657
3.615,4656
3.615,4655
3.615,4654
3.615,4653
3.615,4652
3.616,4651
3.616,4650
3.616,4649
3.616,4648
3.616,4647
3.616,4646
3.616,4645
3.616,4644
3.616,4643
3.616,4642
3.617,4641
3.617,4640
3.617,4639
3.617,4638
3.617,4637
3.617,4636
3.617,4635
3.617,4634
3.617,4633
3.617,4632
3.618,4631
3.618,4630
3.618,4629
3.618,4628
3.618,4627
3.618,4626
3.618,4625
3.618,4624
3.618,4623
3.618,4622
3.618,4621
3.618,4620
3.618,4619
3.618,4618
3.618,4617
3.618,4616
3.619,4615
3.619,4614
3.619,4613
3.619,4612
3.619,4611
3.619,4610
3.619,4609
3.619,4608
3.619,4607
3.619,4606
3.619,4605
3.619,4604
3.620,4603
3.620,4602
3.620,4601
3.620,4600
3.620,4599
3.620,4598
3.620,4597
3.620,4596
3.620,4595
3.620,4594
3.620,4593
3.620,4592
3.621,4591
3.621,4590
3.621,4589
3.621,4588
3.621,4587
3.621,4586
3.621,4585
3.621,4584
3.621,4583
3.621,4582
3.621,4581
3.621,4580
3.621,4579
3.621,4578
3.621,4577
3.621,4576
3.621,4575
3.621,4574
3.622,4573
3.622,4572
3.622,4571
3.622,4570
3.622,4569
3.622,4568
3.622,4567
3.622,4566
3.622,4565
3.622,4564
3.622,4563
3.622,4562
3.622,4561
3.622,4560
3.622,4559
3.623,4558
3.623,4557
3.623,4556
3.623,4555
3.623,4554
3.623,4553
3.623,4552
3.623,4551
3.623,4550
3.623,4549
3.623,4548
3.623,4547
3.624,4546
3.624,4545
3.624,4544
3.624,4543
3.624,4542
3.624,4541
3.624,4540
3.625,4539
3.625,4538
3.625,4537
3.625,4536
3.625,4535
3.625,4534
3.625,4533
3.626,4532
3.626,4531
3.626,4530
3.626,4529
3.626,4528
3.626,4527
3.626,4526
3.626,4525
3.626,4524
3.627,4523
3.627,4522
3.627,4521
3.627,4520
3.627,4519
3.627,4518
3.628,4517
3.628,4516
3.628,4515
3.628,4514
3.628,4513
3.628,4512
3.628,4511
3.628,4510
3.629,4509
3.629,4508
3.629,4507
3.629,4506
3.629,4505
3.629,4504
3.629,4503
3.629,4502
3.629,4501
3.629,4500
3.629,4499
3.630,4498
3.630,4497
3.630,4496
3.630,4495
3.630,4494
3.630,4493
3.630,4492
3.630,4491
3.630,4490
3.630,4489
3.631,4488
3.631,4487
3.631,4486
3.631,4485
3.631,4484
3.631,4483
3.631,4482
3.631,4481
3.631,4480
3.632,4479
3.632,4478
3.632,4477
3.632,4476
3.632,4475
3.632,4474
3.632,4473
3.633,4472
3.633,4471
3.633,4470
3.634,4469
3.634,4468
3.634,4467
3.634,4466
3.634,4465
3.634,4464
3.634,4463
3.634,4462
3.634,4461
3.635,4460
3.635,4459
3.635,4458
3.635,4457
3.635,4456
3.636,4455
3.636,4454
3.636,4453
3.636,4452
3.636,4451
3.636,4450
3.636,4449
3.636,4448
3.637,4447
3.637,4446
3.637,4445
3.637,4444
3.637,4443
3.637,4442
3.637,4441
3.637,4440
3.637,4439
3.638,4438
3.638,4437
3.638,4436
3.638,4435
3.638,4434
3.638,4433
3.638,4432
3.638,4431
3.638,4430
3.638,4429
3.639,4428
3.639,4427
3.639,4426
3.639,4425
3.639,4424
3.639,4423
3.639,4422
3.639,4421
3.639,4420
3.640,4419
3.640,4418
3.640,4417
3.641,4416
3.641,4415
3.641,4414
3.641,4413
3.641,4412
3.641,4411
3.641,4410
3.642,4409
3.642,4408
3.642,4407
3.642,4406
3.642,4405
3.642,4404
3.642,4403
3.642,4402
3.642,4401
3.643,4400
3.643,4399
3.643,4398
3.643,4397
3.644,4396
3.644,4395
3.644,4394
3.644,4393
3.644,4392
3.644,4391
3.645,4390
3.645,4389
3.645,4388
3.645,4387
3.645,4386
3.645,4385
3.645,4384
3.645,4383
3.645,4382
3.645,4381
3.646,4380
3.646,4379
3.646,4378
3.646,4377
3.646,4376
3.646,4375
3.647,4374
3.647,4373
3.647,4372
3.647,4371
3.647,4370
3.647,4369
3.647,4368
3.647,4367
3.648,4366
3.648,4365
3.648,4364
3.648,4363
3.648,4362
3.648,4361
3.648,4360
3.648,4359
3.648,4358
3.649,4357
3.649,4356
3.649,4355
3.649,4354
3.649,4353
3.649,4352
3.650,4351
3.650,4350
3.650,4349
3.650,4348
3.650,4347
3.651,4346
3.651,4345
3.651,4344
3.651,4343
3.651,4342
3.651,4341
3.651,4340
3.651,4339
3.652,4338
3.652,4337
3.652,4336
3.652,4335
3.652,4334
3.652,4333
3.652,4332
3.652,4331
3.652,4330
3.653,4329
3.653,4328
3.653,4327
3.653,4326
3.653,4325
3.653,4324
3.653,4323
3.653,4322
3.653,4321
3.653,4320
3.653,4319
3.654,4318
3.654,4317
3.654,4316
3.654,4315
3.654,4314
3.654,4313
3.654,4312
3.654,4311
3.655,4310
3.655,4309
3.655,4308
3.655,4307
3.655,4306
3.655,4305
3.656,4304
3.656,4303
3.656,4302
3.656,4301
3.656,4300
3.656,4299
3.656,4298
3.656,4297
3.657,4296
3.657,4295
3.657,4294
3.657,4293
3.657,4292
3.657,4291
3.657,4290
3.658,4289
3.658,4288
3.658,4287
3.658,4286
3.658,4285
3.658,4284
3.658,4283
3.659,4282
3.659,4281
3.659,4280
3.659,4279
3.659,4278
3.660,4277
3.660,4276
3.660,4275
3.661,4274
3.661,4273
3.661,4272
3.661,4271
3.661,4270
3.662,4269
3.662,4268
3.662,4267
3.662,4266
3.662,4265
3.662,4264
3.662,4263
3.662,4262
3.662,4261
3.663,4260
3.663,4259
3.663,4258
3.663,4257
3.663,4256
3.663,4255
3.663,4254
3.664,4253
3.664,4252
3.664,4251
3.664,4250
3.664,4249
3.664,4248
3.665,4247
3.665,4246
3.665,4245
3.665,4244
3.665,4243
3.665,4242
3.665,4241
3.665,4240
3.666,4239
3.666,4238
3.666,4237
3.666,4236
3.666,4235
3.666,4234
3.666,4233
3.666,4232
3.667,4231
3.667,4230
3.667,4229
3.667,4228
3.667,4227
3.667,4226
3.667,4225
3.668,4224
3.668,4223
3.668,4222
3.668,4221
3.668,4220
3.668,4219
3.668,4218
3.668,4217
3.668,4216
3.668,4215
3.669,4214
3.669,4213
3.669,4212
3.669,4211
3.669,4210
3.670,4209
3.670,4208
3.670,4207
3.670,4206
3.670,4205
3.670,4204
3.670,4203
3.670,4202
3.671,4201
3.671,4200
3.671,4199
3.671,4198
3.672,4197
3.672,4196
3.672,4195
3.672,4194
3.673,4193
3.673,4192
3.673,4191
3.673,4190
3.673,4189
3.674,4188
3.674,4187
3.674,4186
3.675,4185
3.675,4184
3.675,4183
3.675,4182
3.675,4181
3.676,4180
3.676,4179
3.676,4178
3.677,4177
3.677,4176
3.678,4175
3.678,4174
3.678,4173
3.678,4172
3.679,4171
3.682,4170
3.682,4169
3.683,4168
3.683,4167
3.683,4166
3.683,4165
3.683,4164
3.683,4163
3.683,4162
3.684,4161
3.684,4160
3.684,4159
3.684,4158
3.684,4157
3.685,4156
3.685,4155
3.685,4154
3.685,4153
3.685,4152
3.685,4151
3.686,4150
3.686,4149
3.686,4148
3.686,4147
3.686,4146
3.686,4145
3.687,4144
3.687,4143
3.687,4142
3.687,4141
3.687,4140
3.687,4139
3.688,4138
3.688,4137
3.688,4136
3.688,4135
3.688,4134
3.688,4133
3.689,4132
3.689,4131
3.689,4130
3.689,4129
3.689,4128
3.689,4127
3.689,4126
3.689,4125
3.689,4124
3.690,4123
3.690,4122
3.690,4121
3.690,4120
3.690,4119
3.691,4118
3.691,4117
3.691,4116
3.692,4115
3.692,4114
3.692,4113
3.692,4112
3.692,4111
3.692,4110
3.692,4109
3.692,4108
3.693,4107
3.693,4106
3.693,4105
3.693,4104
3.693,4103
3.693,4102
3.693,4101
3.694,4100
3.694,4099
3.694,4098
3.694,4097
3.694,4096
3.694,4095
3.694,4094
3.695,4093
3.695,4092
3.695,4091
3.695,4090
3.695,4089
3.695,4088
3.695,4087
3.696,4086
3.696,4085
3.696,4084
3.696,4083
3.696,4082
3.696,4081
3.696,4080
3.696,4079
3.697,4078
3.697,4077
3.697,4076
3.697,4075
3.697,4074
3.697,4073
3.698,4072
3.698,4071
3.698,4070
3.698,4069
3.698,4068
3.699,4067
3.699,4066
3.699,4065
3.699,4064
3.699,4063
3.699,4062
3.700,4061
3.700,4060
3.701,4059
3.702,4058
3.702,4057
3.702,4056
3.703,4055
3.703,4054
3.703,4053
3.704,4052
3.704,4051
3.704,4050
3.705,4049
3.705,4048
3.705,4047
3.706,4046
3.707,4045
3.707,4044
3.708,4043
3.708,4042
3.709,4041
3.709,4040
3.709,4039
3.710,4038
3.710,4037
3.710,4036
3.711,4035
3.711,4034
3.711,4033
3.712,4032
3.712,4031
3.713,4030
3.714,4029
3.715,4028
3.715,4027
3.715,4026
3.717,4025
3.717,4024
3.718,4023
3.718,4022
3.718,4021
3.718,4020
3.718,4019
3.719,4018
3.719,4017
3.720,4016
3.720,4015
3.721,4014
3.721,4013
3.722,4012
3.722,4011
3.722,4010
3.722,4009
3.723,4008
3.724,4007
3.726,4006
3.727,4005
3.727,4004
3.727,4003
3.728,4002
3.729,4001
3.729,4000
3.729,3999
3.730,3998
3.730,3997
3.731,3996
3.731,3995
3.731,3994
3.732,3993
3.732,3992
3.734,3991
3.735,3990
3.735,3989
3.738,3988
3.738,3987
3.738,3986
3.739,3985
3.740,3984
3.741,3983
3.742,3982
3.743,3981
3.745,3980
3.747,3979
3.749,3978
3.750,3977
3.750,3976
3.751,3975
3.751,3974
3.751,3973
3.752,3972
3.754,3971
3.754,3970
3.755,3969
3.760,3968
3.766,3967
3.771,3966
3.772,3965
3.782,3964
3.786,3963
3.788,3962
3.791,3961
3.792,3960
3.794,3959
3.797,3958
3.832,3957
