0.040,1202
0.156,1201
0.156,1200
0.157,1199
0.157,1198
0.157,1197
0.157,1196
0.157,1195
0.157,1194
0.157,1193
0.157,1192
0.157,1191
0.158,1190
0.158,1189
0.158,1188
0.158,1187
0.158,1186
0.158,1185
0.158,1184
0.159,1183
0.159,1182
0.159,1181
0.159,1180
0.159,1179
0.159,1178
0.159,1177
0.159,1176
0.159,1175
0.160,1174
0.160,1173
0.160,1172
0.160,1171
0.160,1170
0.160,1169
0.160,1168
0.160,1167
0.160,1166
0.161,1165
0.161,1164
0.161,1163
0.161,1162
0.161,1161
0.161,1160
0.161,1159
0.161,1158
0.161,1157
0.161,1156
0.162,1155
0.162,1154
0.162,1153
0.162,1152
0.162,1151
0.162,1150
0.162,1149
0.162,1148
0.162,1147
0.162,1146
0.163,1145
0.163,1144
0.163,1143
0.163,1142
0.163,1141
0.163,1140
0.163,1139
0.163,1138
0.163,1137
0.164,1136
0.164,1135
0.164,1134
0.164,1133
0.164,1132
0.164,1131
0.164,1130
0.164,1129
0.164,1128
0.164,1127
0.164,1126
0.165,1125
0.165,1124
0.165,1123
0.165,1122
0.165,1121
0.165,1120
0.165,1119
0.165,1118
0.165,1117
0.166,1116
0.166,1115
0.166,1114
0.166,1113
0.166,1112
0.166,1111
0.166,1110
0.166,1109
0.166,1108
0.166,1107
0.167,1106
0.167,1105
0.167,1104
0.167,1103
0.167,1102
0.167,1101
0.167,1100
0.167,1099
0.167,1098
0.167,1097
0.167,1096
0.168,1095
0.168,1094
0.168,1093
0.168,1092
0.168,1091
0.168,1090
0.168,1089
0.168,1088
0.168,1087
0.168,1086
0.168,1085
0.169,1084
0.169,1083
0.169,1082
0.169,1081
0.169,1080
0.169,1079
0.169,1078
0.169,1077
0.170,1076
0.170,1075
0.171,1074
0.172,1073
0.172,1072
0.172,1071
0.172,1070
0.172,1069
0.172,1068
0.172,1067
0.172,1066
0.172,1065
0.172,1064
0.172,1063
0.172,1062
0.173,1061
0.173,1060
0.173,1059
0.173,1058
0.173,1057
0.173,1056
0.173,1055
0.173,1054
0.173,1053
0.173,1052
0.173,1051
0.173,1050
0.173,1049
0.173,1048
0.173,1047
0.174,1046
0.174,1045
0.174,1044
0.174,1043
0.174,1042
0.174,1041
0.174,1040
0.174,1039
0.174,1038
0.174,1037
0.174,1036
0.174,1035
0.174,1034
0.175,1033
0.175,1032
0.175,1031
0.175,1030
0.175,1029
0.175,1028
0.175,1027
0.175,1026
0.175,1025
0.175,1024
0.175,1023
0.176,1022
0.176,1021
0.176,1020
0.176,1019
0.176,1018
0.176,1017
0.176,1016
0.176,1015
0.176,1014
0.176,1013
0.176,1012
0.176,1011
0.177,1010
0.177,1009
0.177,1008
0.178,1007
0.178,1006
0.178,1005
0.178,1004
0.178,1003
0.178,1002
0.178,1001
0.178,1000
0.178,999
0.178,998
0.178,997
0.178,996
0.178,995
0.179,994
0.179,993
0.179,992
0.179,991
0.179,990
0.179,989
0.179,988
0.179,987
0.179,986
0.179,985
0.179,984
0.179,983
0.179,982
0.180,981
0.180,980
0.180,979
0.180,978
0.180,977
0.180,976
0.180,975
0.180,974
0.180,973
0.180,972
0.180,971
0.180,970
0.180,969
0.180,968
0.180,967
0.180,966
0.180,965
0.181,964
0.181,963
0.181,962
0.181,961
0.181,960
0.181,959
0.181,958
0.181,957
0.181,956
0.181,955
0.181,954
0.181,953
0.181,952
0.181,951
0.181,950
0.181,949
0.181,948
0.181,947
0.182,946
0.182,945
0.182,944
0.182,943
0.182,942
0.182,941
0.182,940
0.182,939
0.182,938
0.182,937
0.183,936
0.183,935
0.183,934
0.183,933
0.183,932
0.183,931
0.183,930
0.183,929
0.183,928
0.184,927
0.184,926
0.184,925
0.184,924
0.184,923
0.184,922
0.184,921
0.184,920
0.184,919
0.184,918
0.184,917
0.185,916
0.185,915
0.185,914
0.185,913
0.185,912
0.185,911
0.185,910
0.185,909
0.186,908
0.186,907
0.186,906
0.186,905
0.186,904
0.187,903
0.187,902
0.187,901
0.188,900
