0.042,1224
0.151,1223
0.152,1222
0.152,1221
0.152,1220
0.152,1219
0.152,1218
0.152,1217
0.152,1216
0.152,1215
0.152,1214
0.153,1213
0.153,1212
0.153,1211
0.153,1210
0.153,1209
0.153,1208
0.153,1207
0.153,1206
0.154,1205
0.154,1204
0.154,1203
0.154,1202
0.154,1201
0.154,1200
0.154,1199
0.155,1198
0.155,1197
0.155,1196
0.155,1195
0.155,1194
0.155,1193
0.155,1192
0.155,1191
0.155,1190
0.156,1189
0.156,1188
0.156,1187
0.156,1186
0.156,1185
0.156,1184
0.156,1183
0.156,1182
0.156,1181
0.157,1180
0.157,1179
0.157,1178
0.157,1177
0.157,1176
0.157,1175
0.157,1174
0.157,1173
0.157,1172
0.157,1171
0.158,1170
0.158,1169
0.158,1168
0.158,1167
0.158,1166
0.158,1165
0.158,1164
0.158,1163
0.158,1162
0.158,1161
0.158,1160
0.159,1159
0.159,1158
0.159,1157
0.159,1156
0.159,1155
0.159,1154
0.159,1153
0.159,1152
0.159,1151
0.159,1150
0.159,1149
0.160,1148
0.160,1147
0.160,1146
0.160,1145
0.160,1144
0.160,1143
0.160,1142
0.160,1141
0.160,1140
0.160,1139
0.160,1138
0.161,1137
0.161,1136
0.161,1135
0.161,1134
0.161,1133
0.161,1132
0.161,1131
0.161,1130
0.161,1129
0.161,1128
0.161,1127
0.162,1126
0.162,1125
0.162,1124
0.162,1123
0.162,1122
0.162,1121
0.162,1120
0.162,1119
0.162,1118
0.162,1117
0.162,1116
0.162,1115
0.163,1114
0.163,1113
0.163,1112
0.163,1111
0.163,1110
0.163,1109
0.163,1108
0.163,1107
0.163,1106
0.163,1105
0.163,1104
0.164,1103
0.164,1102
0.164,1101
0.164,1100
0.164,1099
0.164,1098
0.164,1097
0.164,1096
0.164,1095
0.164,1094
0.165,1093
0.165,1092
0.165,1091
0.165,1090
0.165,1089
0.165,1088
0.165,1087
0.165,1086
0.165,1085
0.165,1084
0.165,1083
0.165,1082
0.165,1081
0.166,1080
0.166,1079
0.166,1078
0.166,1077
0.166,1076
0.166,1075
0.166,1074
0.166,1073
0.166,1072
0.166,1071
0.166,1070
0.166,1069
0.167,1068
0.167,1067
0.167,1066
0.167,1065
0.167,1064
0.167,1063
0.167,1062
0.167,1061
0.167,1060
0.167,1059
0.167,1058
0.167,1057
0.167,1056
0.167,1055
0.168,1054
0.168,1053
0.168,1052
0.168,1051
0.168,1050
0.168,1049
0.168,1048
0.168,1047
0.168,1046
0.169,1045
0.169,1044
0.169,1043
0.169,1042
0.170,1041
0.170,1040
0.170,1039
0.170,1038
0.170,1037
0.170,1036
0.170,1035
0.170,1034
0.170,1033
0.171,1032
0.171,1031
0.171,1030
0.171,1029
0.171,1028
0.171,1027
0.171,1026
0.171,1025
0.171,1024
0.172,1023
0.172,1022
0.172,1021
0.172,1020
0.172,1019
0.172,1018
0.172,1017
0.172,1016
0.172,1015
0.172,1014
0.172,1013
0.172,1012
0.172,1011
0.172,1010
0.172,1009
0.172,1008
0.172,1007
0.173,1006
0.173,1005
0.173,1004
0.173,1003
0.173,1002
0.173,1001
0.173,1000
0.173,999
0.173,998
0.173,997
0.173,996
0.173,995
0.173,994
0.173,993
0.173,992
0.173,991
0.174,990
0.174,989
0.174,988
0.174,987
0.174,986
0.174,985
0.174,984
0.174,983
0.174,982
0.174,981
0.174,980
0.174,979
0.174,978
0.174,977
0.174,976
0.174,975
0.174,974
0.175,973
0.175,972
0.175,971
0.175,970
0.175,969
0.175,968
0.175,967
0.175,966
0.175,965
0.175,964
0.175,963
0.175,962
0.175,961
0.175,960
0.176,959
0.176,958
0.176,957
0.176,956
0.176,955
0.176,954
0.176,953
0.176,952
0.176,951
0.176,950
0.176,949
0.176,948
0.176,947
0.176,946
0.176,945
0.177,944
0.177,943
0.177,942
0.177,941
0.177,940
0.177,939
0.177,938
0.177,937
0.177,936
0.177,935
0.177,934
0.177,933
0.177,932
0.177,931
0.177,930
0.178,929
0.178,928
0.178,927
0.178,926
0.178,925
0.178,924
0.178,923
0.178,922
0.178,921
0.179,920
0.179,919
0.179,918
0.179,917
0.179,916
0.179,915
0.180,914
0.180,913
0.180,912
0.180,911
0.180,910
0.180,909
0.180,908
0.181,907
0.181,906
0.181,905
0.182,904
0.182,903
0.182,902
0.182,901
0.183,900
