0.048,1224
0.159,1223
0.159,1222
0.159,1221
0.159,1220
0.159,1219
0.160,1218
0.160,1217
0.160,1216
0.160,1215
0.160,1214
0.160,1213
0.160,1212
0.160,1211
0.161,1210
0.161,1209
0.161,1208
0.161,1207
0.161,1206
0.161,1205
0.161,1204
0.161,1203
0.162,1202
0.162,1201
0.162,1200
0.162,1199
0.162,1198
0.162,1197
0.162,1196
0.162,1195
0.163,1194
0.163,1193
0.163,1192
0.163,1191
0.163,1190
0.163,1189
0.163,1188
0.163,1187
0.163,1186
0.164,1185
0.164,1184
0.164,1183
0.164,1182
0.164,1181
0.164,1180
0.164,1179
0.164,1178
0.164,1177
0.165,1176
0.165,1175
0.165,1174
0.165,1173
0.165,1172
0.165,1171
0.165,1170
0.165,1169
0.165,1168
0.165,1167
0.165,1166
0.166,1165
0.166,1164
0.166,1163
0.166,1162
0.166,1161
0.166,1160
0.166,1159
0.166,1158
0.166,1157
0.167,1156
0.167,1155
0.167,1154
0.167,1153
0.167,1152
0.167,1151
0.167,1150
0.168,1149
0.168,1148
0.168,1147
0.168,1146
0.168,1145
0.168,1144
0.168,1143
0.168,1142
0.168,1141
0.168,1140
0.169,1139
0.169,1138
0.169,1137
0.169,1136
0.169,1135
0.169,1134
0.169,1133
0.169,1132
0.169,1131
0.169,1130
0.170,1129
0.170,1128
0.171,1127
0.171,1126
0.171,1125
0.171,1124
0.171,1123
0.171,1122
0.171,1121
0.171,1120
0.171,1119
0.171,1118
0.172,1117
0.172,1116
0.172,1115
0.172,1114
0.172,1113
0.172,1112
0.172,1111
0.172,1110
0.172,1109
0.172,1108
0.172,1107
0.173,1106
0.173,1105
0.173,1104
0.173,1103
0.173,1102
0.173,1101
0.173,1100
0.173,1099
0.173,1098
0.173,1097
0.174,1096
0.174,1095
0.174,1094
0.174,1093
0.174,1092
0.174,1091
0.174,1090
0.174,1089
0.174,1088
0.174,1087
0.174,1086
0.174,1085
0.174,1084
0.174,1083
0.174,1082
0.174,1081
0.174,1080
0.175,1079
0.175,1078
0.175,1077
0.175,1076
0.175,1075
0.175,1074
0.175,1073
0.175,1072
0.175,1071
0.175,1070
0.175,1069
0.175,1068
0.175,1067
0.175,1066
0.176,1065
0.176,1064
0.176,1063
0.176,1062
0.176,1061
0.176,1060
0.176,1059
0.176,1058
0.176,1057
0.176,1056
0.176,1055
0.176,1054
0.176,1053
0.176,1052
0.176,1051
0.177,1050
0.177,1049
0.177,1048
0.177,1047
0.177,1046
0.177,1045
0.177,1044
0.177,1043
0.177,1042
0.177,1041
0.177,1040
0.177,1039
0.177,1038
0.178,1037
0.178,1036
0.178,1035
0.178,1034
0.178,1033
0.179,1032
0.179,1031
0.179,1030
0.179,1029
0.179,1028
0.179,1027
0.179,1026
0.179,1025
0.179,1024
0.179,1023
0.180,1022
0.180,1021
0.180,1020
0.180,1019
0.180,1018
0.181,1017
0.181,1016
0.181,1015
0.181,1014
0.181,1013
0.181,1012
0.181,1011
0.181,1010
0.181,1009
0.181,1008
0.181,1007
0.181,1006
0.181,1005
0.181,1004
0.181,1003
0.181,1002
0.182,1001
0.182,1000
0.182,999
0.182,998
0.182,997
0.182,996
0.182,995
0.182,994
0.182,993
0.182,992
0.182,991
0.182,990
0.182,989
0.182,988
0.182,987
0.182,986
0.182,985
0.183,984
0.183,983
0.183,982
0.183,981
0.183,980
0.183,979
0.183,978
0.183,977
0.183,976
0.183,975
0.183,974
0.183,973
0.183,972
0.183,971
0.184,970
0.184,969
0.184,968
0.184,967
0.184,966
0.184,965
0.184,964
0.184,963
0.185,962
0.185,961
0.185,960
0.185,959
0.185,958
0.185,957
0.185,956
0.185,955
0.185,954
0.185,953
0.185,952
0.185,951
0.185,950
0.185,949
0.185,948
0.186,947
0.186,946
0.186,945
0.186,944
0.186,943
0.186,942
0.186,941
0.186,940
0.186,939
0.186,938
0.186,937
0.186,936
0.186,935
0.187,934
0.187,933
0.187,932
0.187,931
0.187,930
0.187,929
0.187,928
0.187,927
0.187,926
0.187,925
0.187,924
0.187,923
0.188,922
0.188,921
0.188,920
0.188,919
0.188,918
0.188,917
0.188,916
0.189,915
0.189,914
0.189,913
0.189,912
0.189,911
0.189,910
0.189,909
0.189,908
0.190,907
0.190,906
0.190,905
0.190,904
0.191,903
0.191,902
0.191,901
0.192,900
