0.042,1226
0.155,1225
0.155,1224
0.155,1223
0.155,1222
0.155,1221
0.155,1220
0.155,1219
0.156,1218
0.156,1217
0.156,1216
0.156,1215
0.156,1214
0.156,1213
0.156,1212
0.156,1211
0.156,1210
0.157,1209
0.157,1208
0.157,1207
0.157,1206
0.157,1205
0.157,1204
0.157,1203
0.158,1202
0.158,1201
0.158,1200
0.158,1199
0.158,1198
0.158,1197
0.158,1196
0.158,1195
0.159,1194
0.159,1193
0.159,1192
0.159,1191
0.159,1190
0.159,1189
0.159,1188
0.159,1187
0.159,1186
0.159,1185
0.159,1184
0.160,1183
0.160,1182
0.160,1181
0.160,1180
0.160,1179
0.160,1178
0.160,1177
0.160,1176
0.160,1175
0.161,1174
0.161,1173
0.161,1172
0.161,1171
0.161,1170
0.161,1169
0.161,1168
0.161,1167
0.162,1166
0.162,1165
0.162,1164
0.162,1163
0.162,1162
0.162,1161
0.162,1160
0.162,1159
0.162,1158
0.162,1157
0.163,1156
0.163,1155
0.163,1154
0.163,1153
0.163,1152
0.163,1151
0.163,1150
0.163,1149
0.163,1148
0.163,1147
0.163,1146
0.163,1145
0.164,1144
0.164,1143
0.164,1142
0.164,1141
0.164,1140
0.164,1139
0.164,1138
0.164,1137
0.164,1136
0.164,1135
0.165,1134
0.165,1133
0.165,1132
0.165,1131
0.165,1130
0.165,1129
0.165,1128
0.165,1127
0.165,1126
0.165,1125
0.165,1124
0.166,1123
0.166,1122
0.166,1121
0.166,1120
0.166,1119
0.166,1118
0.166,1117
0.166,1116
0.166,1115
0.166,1114
0.166,1113
0.167,1112
0.167,1111
0.167,1110
0.167,1109
0.167,1108
0.167,1107
0.167,1106
0.167,1105
0.168,1104
0.168,1103
0.168,1102
0.168,1101
0.168,1100
0.168,1099
0.168,1098
0.168,1097
0.169,1096
0.169,1095
0.169,1094
0.169,1093
0.169,1092
0.169,1091
0.169,1090
0.169,1089
0.170,1088
0.170,1087
0.170,1086
0.170,1085
0.170,1084
0.170,1083
0.170,1082
0.170,1081
0.170,1080
0.170,1079
0.170,1078
0.170,1077
0.170,1076
0.170,1075
0.170,1074
0.171,1073
0.171,1072
0.171,1071
0.171,1070
0.171,1069
0.171,1068
0.171,1067
0.171,1066
0.171,1065
0.171,1064
0.171,1063
0.171,1062
0.172,1061
0.172,1060
0.172,1059
0.172,1058
0.172,1057
0.172,1056
0.172,1055
0.172,1054
0.172,1053
0.172,1052
0.172,1051
0.172,1050
0.172,1049
0.172,1048
0.172,1047
0.173,1046
0.173,1045
0.173,1044
0.173,1043
0.173,1042
0.173,1041
0.173,1040
0.173,1039
0.173,1038
0.173,1037
0.173,1036
0.174,1035
0.174,1034
0.174,1033
0.175,1032
0.175,1031
0.175,1030
0.175,1029
0.175,1028
0.175,1027
0.175,1026
0.175,1025
0.175,1024
0.175,1023
0.175,1022
0.175,1021
0.176,1020
0.176,1019
0.176,1018
0.176,1017
0.176,1016
0.176,1015
0.176,1014
0.176,1013
0.176,1012
0.177,1011
0.177,1010
0.177,1009
0.177,1008
0.177,1007
0.177,1006
0.177,1005
0.177,1004
0.177,1003
0.177,1002
0.177,1001
0.177,1000
0.177,999
0.177,998
0.177,997
0.178,996
0.178,995
0.178,994
0.178,993
0.178,992
0.178,991
0.178,990
0.178,989
0.178,988
0.178,987
0.178,986
0.178,985
0.178,984
0.178,983
0.178,982
0.178,981
0.179,980
0.179,979
0.179,978
0.179,977
0.179,976
0.179,975
0.179,974
0.179,973
0.179,972
0.179,971
0.179,970
0.179,969
0.179,968
0.179,967
0.179,966
0.179,965
0.180,964
0.180,963
0.180,962
0.180,961
0.180,960
0.180,959
0.180,958
0.180,957
0.180,956
0.180,955
0.180,954
0.180,953
0.180,952
0.180,951
0.180,950
0.180,949
0.180,948
0.180,947
0.181,946
0.181,945
0.181,944
0.181,943
0.181,942
0.181,941
0.181,940
0.181,939
0.181,938
0.182,937
0.182,936
0.182,935
0.182,934
0.182,933
0.182,932
0.182,931
0.182,930
0.182,929
0.182,928
0.182,927
0.182,926
0.183,925
0.183,924
0.183,923
0.183,922
0.183,921
0.183,920
0.183,919
0.183,918
0.183,917
0.184,916
0.184,915
0.184,914
0.184,913
0.184,912
0.184,911
0.184,910
0.185,909
0.185,908
0.185,907
0.185,906
0.186,905
0.186,904
0.186,903
0.187,902
0.187,901
0.187,900
