0.041,1224
0.154,1223
0.154,1222
0.154,1221
0.154,1220
0.154,1219
0.154,1218
0.154,1217
0.154,1216
0.155,1215
0.155,1214
0.155,1213
0.155,1212
0.155,1211
0.155,1210
0.155,1209
0.155,1208
0.156,1207
0.156,1206
0.156,1205
0.156,1204
0.156,1203
0.156,1202
0.156,1201
0.157,1200
0.157,1199
0.157,1198
0.157,1197
0.157,1196
0.157,1195
0.157,1194
0.157,1193
0.157,1192
0.157,1191
0.158,1190
0.158,1189
0.158,1188
0.158,1187
0.158,1186
0.158,1185
0.158,1184
0.158,1183
0.158,1182
0.159,1181
0.159,1180
0.160,1179
0.160,1178
0.160,1177
0.160,1176
0.160,1175
0.160,1174
0.160,1173
0.160,1172
0.160,1171
0.160,1170
0.161,1169
0.161,1168
0.161,1167
0.161,1166
0.161,1165
0.161,1164
0.161,1163
0.161,1162
0.161,1161
0.162,1160
0.162,1159
0.162,1158
0.162,1157
0.162,1156
0.162,1155
0.162,1154
0.162,1153
0.162,1152
0.162,1151
0.162,1150
0.163,1149
0.163,1148
0.163,1147
0.163,1146
0.163,1145
0.163,1144
0.163,1143
0.163,1142
0.163,1141
0.163,1140
0.163,1139
0.164,1138
0.164,1137
0.164,1136
0.164,1135
0.164,1134
0.164,1133
0.164,1132
0.164,1131
0.164,1130
0.164,1129
0.165,1128
0.165,1127
0.165,1126
0.165,1125
0.165,1124
0.165,1123
0.165,1122
0.165,1121
0.165,1120
0.165,1119
0.165,1118
0.165,1117
0.166,1116
0.166,1115
0.166,1114
0.166,1113
0.166,1112
0.166,1111
0.166,1110
0.166,1109
0.166,1108
0.166,1107
0.166,1106
0.166,1105
0.167,1104
0.167,1103
0.167,1102
0.167,1101
0.167,1100
0.167,1099
0.167,1098
0.167,1097
0.167,1096
0.168,1095
0.168,1094
0.168,1093
0.168,1092
0.168,1091
0.168,1090
0.168,1089
0.168,1088
0.168,1087
0.168,1086
0.168,1085
0.168,1084
0.168,1083
0.168,1082
0.169,1081
0.169,1080
0.169,1079
0.169,1078
0.169,1077
0.169,1076
0.169,1075
0.169,1074
0.169,1073
0.169,1072
0.169,1071
0.169,1070
0.169,1069
0.170,1068
0.170,1067
0.170,1066
0.170,1065
0.170,1064
0.170,1063
0.170,1062
0.170,1061
0.170,1060
0.170,1059
0.170,1058
0.170,1057
0.170,1056
0.170,1055
0.170,1054
0.171,1053
0.171,1052
0.171,1051
0.171,1050
0.171,1049
0.171,1048
0.171,1047
0.171,1046
0.171,1045
0.171,1044
0.171,1043
0.171,1042
0.171,1041
0.172,1040
0.172,1039
0.172,1038
0.172,1037
0.172,1036
0.172,1035
0.172,1034
0.172,1033
0.173,1032
0.173,1031
0.173,1030
0.173,1029
0.173,1028
0.173,1027
0.173,1026
0.173,1025
0.173,1024
0.173,1023
0.173,1022
0.174,1021
0.174,1020
0.174,1019
0.174,1018
0.174,1017
0.175,1016
0.175,1015
0.175,1014
0.175,1013
0.175,1012
0.175,1011
0.175,1010
0.175,1009
0.175,1008
0.175,1007
0.175,1006
0.175,1005
0.175,1004
0.175,1003
0.175,1002
0.175,1001
0.176,1000
0.176,999
0.176,998
0.176,997
0.176,996
0.176,995
0.176,994
0.176,993
0.176,992
0.176,991
0.176,990
0.176,989
0.176,988
0.176,987
0.176,986
0.177,985
0.177,984
0.177,983
0.177,982
0.177,981
0.177,980
0.177,979
0.177,978
0.177,977
0.177,976
0.177,975
0.177,974
0.177,973
0.177,972
0.177,971
0.178,970
0.178,969
0.178,968
0.178,967
0.179,966
0.179,965
0.179,964
0.179,963
0.179,962
0.179,961
0.179,960
0.179,959
0.179,958
0.179,957
0.179,956
0.179,955
0.179,954
0.179,953
0.179,952
0.179,951
0.179,950
0.179,949
0.180,948
0.180,947
0.180,946
0.180,945
0.180,944
0.180,943
0.180,942
0.180,941
0.180,940
0.180,939
0.180,938
0.180,937
0.180,936
0.180,935
0.181,934
0.181,933
0.181,932
0.181,931
0.181,930
0.181,929
0.181,928
0.181,927
0.181,926
0.181,925
0.181,924
0.182,923
0.182,922
0.182,921
0.182,920
0.182,919
0.182,918
0.182,917
0.182,916
0.183,915
0.183,914
0.183,913
0.183,912
0.183,911
0.183,910
0.183,909
0.184,908
0.184,907
0.184,906
0.184,905
0.185,904
0.185,903
0.185,902
0.185,901
0.186,900
