0.042,1218
0.155,1217
0.155,1216
0.155,1215
0.155,1214
0.156,1213
0.156,1212
0.156,1211
0.156,1210
0.156,1209
0.156,1208
0.156,1207
0.156,1206
0.156,1205
0.157,1204
0.157,1203
0.157,1202
0.157,1201
0.157,1200
0.157,1199
0.157,1198
0.157,1197
0.158,1196
0.158,1195
0.158,1194
0.158,1193
0.158,1192
0.158,1191
0.158,1190
0.158,1189
0.158,1188
0.159,1187
0.159,1186
0.159,1185
0.159,1184
0.159,1183
0.159,1182
0.159,1181
0.159,1180
0.159,1179
0.160,1178
0.160,1177
0.160,1176
0.160,1175
0.160,1174
0.160,1173
0.160,1172
0.160,1171
0.160,1170
0.161,1169
0.161,1168
0.161,1167
0.161,1166
0.161,1165
0.161,1164
0.161,1163
0.161,1162
0.161,1161
0.161,1160
0.161,1159
0.162,1158
0.162,1157
0.162,1156
0.162,1155
0.162,1154
0.162,1153
0.162,1152
0.162,1151
0.162,1150
0.162,1149
0.162,1148
0.163,1147
0.163,1146
0.163,1145
0.163,1144
0.163,1143
0.163,1142
0.163,1141
0.163,1140
0.163,1139
0.163,1138
0.163,1137
0.164,1136
0.164,1135
0.164,1134
0.164,1133
0.164,1132
0.164,1131
0.164,1130
0.164,1129
0.164,1128
0.164,1127
0.164,1126
0.165,1125
0.165,1124
0.165,1123
0.165,1122
0.165,1121
0.165,1120
0.165,1119
0.165,1118
0.165,1117
0.165,1116
0.165,1115
0.166,1114
0.166,1113
0.166,1112
0.166,1111
0.166,1110
0.166,1109
0.166,1108
0.166,1107
0.167,1106
0.167,1105
0.167,1104
0.167,1103
0.167,1102
0.167,1101
0.167,1100
0.167,1099
0.167,1098
0.167,1097
0.168,1096
0.168,1095
0.168,1094
0.168,1093
0.168,1092
0.168,1091
0.168,1090
0.168,1089
0.169,1088
0.169,1087
0.169,1086
0.169,1085
0.169,1084
0.169,1083
0.169,1082
0.170,1081
0.170,1080
0.170,1079
0.170,1078
0.170,1077
0.170,1076
0.170,1075
0.170,1074
0.170,1073
0.170,1072
0.170,1071
0.171,1070
0.171,1069
0.171,1068
0.171,1067
0.171,1066
0.171,1065
0.171,1064
0.171,1063
0.171,1062
0.171,1061
0.171,1060
0.171,1059
0.171,1058
0.172,1057
0.172,1056
0.172,1055
0.172,1054
0.172,1053
0.172,1052
0.172,1051
0.172,1050
0.172,1049
0.172,1048
0.172,1047
0.172,1046
0.172,1045
0.172,1044
0.173,1043
0.173,1042
0.173,1041
0.173,1040
0.173,1039
0.173,1038
0.173,1037
0.173,1036
0.173,1035
0.173,1034
0.173,1033
0.174,1032
0.174,1031
0.174,1030
0.174,1029
0.174,1028
0.174,1027
0.176,1026
0.176,1025
0.176,1024
0.176,1023
0.176,1022
0.176,1021
0.176,1020
0.176,1019
0.176,1018
0.176,1017
0.177,1016
0.177,1015
0.177,1014
0.177,1013
0.177,1012
0.177,1011
0.177,1010
0.177,1009
0.177,1008
0.177,1007
0.177,1006
0.177,1005
0.178,1004
0.178,1003
0.178,1002
0.178,1001
0.178,1000
0.178,999
0.178,998
0.178,997
0.178,996
0.178,995
0.178,994
0.178,993
0.178,992
0.178,991
0.178,990
0.178,989
0.178,988
0.179,987
0.179,986
0.179,985
0.179,984
0.179,983
0.179,982
0.179,981
0.179,980
0.179,979
0.179,978
0.179,977
0.179,976
0.179,975
0.179,974
0.179,973
0.179,972
0.180,971
0.180,970
0.180,969
0.180,968
0.180,967
0.180,966
0.180,965
0.180,964
0.180,963
0.180,962
0.180,961
0.180,960
0.180,959
0.180,958
0.181,957
0.181,956
0.181,955
0.181,954
0.181,953
0.181,952
0.181,951
0.181,950
0.181,949
0.181,948
0.181,947
0.181,946
0.181,945
0.181,944
0.181,943
0.182,942
0.182,941
0.182,940
0.182,939
0.182,938
0.182,937
0.182,936
0.182,935
0.182,934
0.182,933
0.182,932
0.182,931
0.182,930
0.182,929
0.183,928
0.183,927
0.183,926
0.183,925
0.183,924
0.183,923
0.184,922
0.184,921
0.184,920
0.184,919
0.184,918
0.184,917
0.184,916
0.184,915
0.184,914
0.184,913
0.185,912
0.185,911
0.185,910
0.185,909
0.185,908
0.186,907
0.186,906
0.186,905
0.186,904
0.187,903
0.187,902
0.187,901
0.188,900
