0.048,1210
0.159,1209
0.159,1208
0.159,1207
0.159,1206
0.160,1205
0.160,1204
0.160,1203
0.160,1202
0.160,1201
0.160,1200
0.160,1199
0.160,1198
0.160,1197
0.161,1196
0.161,1195
0.161,1194
0.161,1193
0.161,1192
0.161,1191
0.161,1190
0.161,1189
0.161,1188
0.162,1187
0.162,1186
0.162,1185
0.162,1184
0.162,1183
0.162,1182
0.162,1181
0.162,1180
0.163,1179
0.163,1178
0.163,1177
0.163,1176
0.163,1175
0.163,1174
0.163,1173
0.163,1172
0.163,1171
0.164,1170
0.164,1169
0.164,1168
0.164,1167
0.164,1166
0.164,1165
0.164,1164
0.164,1163
0.164,1162
0.165,1161
0.165,1160
0.165,1159
0.165,1158
0.165,1157
0.165,1156
0.165,1155
0.165,1154
0.165,1153
0.165,1152
0.166,1151
0.166,1150
0.166,1149
0.166,1148
0.166,1147
0.166,1146
0.166,1145
0.166,1144
0.166,1143
0.166,1142
0.167,1141
0.167,1140
0.167,1139
0.167,1138
0.167,1137
0.167,1136
0.167,1135
0.167,1134
0.167,1133
0.167,1132
0.167,1131
0.168,1130
0.168,1129
0.168,1128
0.168,1127
0.168,1126
0.168,1125
0.168,1124
0.168,1123
0.168,1122
0.168,1121
0.168,1120
0.169,1119
0.169,1118
0.169,1117
0.169,1116
0.169,1115
0.169,1114
0.169,1113
0.169,1112
0.169,1111
0.169,1110
0.169,1109
0.170,1108
0.170,1107
0.170,1106
0.170,1105
0.170,1104
0.170,1103
0.170,1102
0.170,1101
0.170,1100
0.170,1099
0.171,1098
0.171,1097
0.171,1096
0.171,1095
0.171,1094
0.171,1093
0.171,1092
0.171,1091
0.171,1090
0.171,1089
0.172,1088
0.172,1087
0.172,1086
0.172,1085
0.172,1084
0.172,1083
0.172,1082
0.172,1081
0.172,1080
0.172,1079
0.173,1078
0.173,1077
0.173,1076
0.173,1075
0.173,1074
0.173,1073
0.173,1072
0.173,1071
0.173,1070
0.173,1069
0.173,1068
0.173,1067
0.173,1066
0.173,1065
0.173,1064
0.174,1063
0.174,1062
0.174,1061
0.174,1060
0.174,1059
0.174,1058
0.174,1057
0.174,1056
0.174,1055
0.174,1054
0.175,1053
0.175,1052
0.175,1051
0.175,1050
0.175,1049
0.175,1048
0.176,1047
0.176,1046
0.176,1045
0.176,1044
0.176,1043
0.176,1042
0.176,1041
0.176,1040
0.176,1039
0.176,1038
0.176,1037
0.176,1036
0.177,1035
0.177,1034
0.177,1033
0.177,1032
0.177,1031
0.177,1030
0.177,1029
0.177,1028
0.177,1027
0.177,1026
0.177,1025
0.177,1024
0.177,1023
0.177,1022
0.177,1021
0.178,1020
0.178,1019
0.178,1018
0.179,1017
0.179,1016
0.179,1015
0.179,1014
0.179,1013
0.179,1012
0.179,1011
0.179,1010
0.179,1009
0.179,1008
0.179,1007
0.179,1006
0.179,1005
0.179,1004
0.179,1003
0.179,1002
0.181,1001
0.181,1000
0.181,999
0.181,998
0.181,997
0.181,996
0.181,995
0.181,994
0.181,993
0.181,992
0.181,991
0.181,990
0.181,989
0.181,988
0.181,987
0.181,986
0.181,985
0.182,984
0.182,983
0.182,982
0.182,981
0.182,980
0.182,979
0.182,978
0.182,977
0.182,976
0.182,975
0.182,974
0.182,973
0.182,972
0.182,971
0.182,970
0.182,969
0.183,968
0.183,967
0.183,966
0.183,965
0.183,964
0.183,963
0.183,962
0.183,961
0.183,960
0.183,959
0.183,958
0.183,957
0.183,956
0.183,955
0.184,954
0.184,953
0.184,952
0.184,951
0.184,950
0.184,949
0.184,948
0.184,947
0.184,946
0.184,945
0.184,944
0.184,943
0.185,942
0.185,941
0.185,940
0.185,939
0.185,938
0.185,937
0.185,936
0.185,935
0.186,934
0.186,933
0.186,932
0.186,931
0.186,930
0.186,929
0.186,928
0.186,927
0.186,926
0.186,925
0.186,924
0.186,923
0.187,922
0.187,921
0.187,920
0.187,919
0.187,918
0.187,917
0.187,916
0.187,915
0.187,914
0.187,913
0.187,912
0.188,911
0.188,910
0.188,909
0.188,908
0.189,907
0.189,906
0.189,905
0.189,904
0.189,903
0.190,902
0.190,901
0.190,900
0.191,899
