0.041,1222
0.155,1221
0.155,1220
0.156,1219
0.156,1218
0.156,1217
0.156,1216
0.156,1215
0.156,1214
0.156,1213
0.156,1212
0.156,1211
0.157,1210
0.157,1209
0.157,1208
0.157,1207
0.157,1206
0.157,1205
0.157,1204
0.157,1203
0.157,1202
0.158,1201
0.158,1200
0.158,1199
0.158,1198
0.158,1197
0.158,1196
0.158,1195
0.158,1194
0.158,1193
0.159,1192
0.159,1191
0.159,1190
0.159,1189
0.159,1188
0.159,1187
0.159,1186
0.159,1185
0.159,1184
0.159,1183
0.160,1182
0.160,1181
0.160,1180
0.160,1179
0.160,1178
0.160,1177
0.160,1176
0.160,1175
0.160,1174
0.161,1173
0.161,1172
0.161,1171
0.161,1170
0.161,1169
0.161,1168
0.161,1167
0.161,1166
0.161,1165
0.161,1164
0.162,1163
0.162,1162
0.162,1161
0.162,1160
0.162,1159
0.162,1158
0.162,1157
0.162,1156
0.162,1155
0.162,1154
0.163,1153
0.163,1152
0.163,1151
0.163,1150
0.163,1149
0.163,1148
0.163,1147
0.163,1146
0.163,1145
0.163,1144
0.163,1143
0.163,1142
0.164,1141
0.164,1140
0.164,1139
0.164,1138
0.164,1137
0.164,1136
0.164,1135
0.164,1134
0.165,1133
0.165,1132
0.165,1131
0.165,1130
0.165,1129
0.165,1128
0.165,1127
0.165,1126
0.165,1125
0.165,1124
0.166,1123
0.166,1122
0.166,1121
0.166,1120
0.166,1119
0.166,1118
0.166,1117
0.166,1116
0.166,1115
0.166,1114
0.166,1113
0.167,1112
0.167,1111
0.167,1110
0.167,1109
0.167,1108
0.167,1107
0.167,1106
0.167,1105
0.167,1104
0.167,1103
0.167,1102
0.168,1101
0.168,1100
0.168,1099
0.168,1098
0.168,1097
0.168,1096
0.168,1095
0.168,1094
0.168,1093
0.168,1092
0.169,1091
0.169,1090
0.169,1089
0.169,1088
0.169,1087
0.169,1086
0.169,1085
0.169,1084
0.169,1083
0.169,1082
0.169,1081
0.169,1080
0.170,1079
0.170,1078
0.170,1077
0.170,1076
0.170,1075
0.170,1074
0.170,1073
0.170,1072
0.170,1071
0.170,1070
0.170,1069
0.170,1068
0.170,1067
0.170,1066
0.171,1065
0.171,1064
0.171,1063
0.171,1062
0.171,1061
0.171,1060
0.171,1059
0.171,1058
0.171,1057
0.171,1056
0.171,1055
0.171,1054
0.172,1053
0.172,1052
0.172,1051
0.172,1050
0.172,1049
0.172,1048
0.172,1047
0.172,1046
0.172,1045
0.172,1044
0.172,1043
0.172,1042
0.172,1041
0.173,1040
0.173,1039
0.173,1038
0.173,1037
0.173,1036
0.173,1035
0.173,1034
0.173,1033
0.173,1032
0.173,1031
0.174,1030
0.174,1029
0.174,1028
0.174,1027
0.174,1026
0.174,1025
0.174,1024
0.174,1023
0.174,1022
0.175,1021
0.175,1020
0.175,1019
0.175,1018
0.175,1017
0.175,1016
0.175,1015
0.175,1014
0.176,1013
0.176,1012
0.176,1011
0.176,1010
0.176,1009
0.176,1008
0.176,1007
0.176,1006
0.176,1005
0.176,1004
0.176,1003
0.176,1002
0.176,1001
0.176,1000
0.176,999
0.176,998
0.176,997
0.176,996
0.177,995
0.177,994
0.177,993
0.177,992
0.177,991
0.177,990
0.177,989
0.177,988
0.177,987
0.177,986
0.177,985
0.177,984
0.177,983
0.177,982
0.177,981
0.178,980
0.178,979
0.178,978
0.178,977
0.178,976
0.178,975
0.178,974
0.178,973
0.178,972
0.178,971
0.178,970
0.178,969
0.179,968
0.179,967
0.179,966
0.179,965
0.179,964
0.179,963
0.179,962
0.179,961
0.179,960
0.179,959
0.179,958
0.179,957
0.180,956
0.180,955
0.180,954
0.180,953
0.180,952
0.180,951
0.180,950
0.180,949
0.180,948
0.180,947
0.180,946
0.180,945
0.181,944
0.181,943
0.181,942
0.181,941
0.181,940
0.181,939
0.181,938
0.181,937
0.181,936
0.181,935
0.181,934
0.181,933
0.181,932
0.181,931
0.181,930
0.182,929
0.182,928
0.182,927
0.182,926
0.182,925
0.182,924
0.182,923
0.182,922
0.182,921
0.183,920
0.183,919
0.183,918
0.183,917
0.183,916
0.184,915
0.184,914
0.184,913
0.184,912
0.184,911
0.184,910
0.184,909
0.184,908
0.185,907
0.185,906
0.185,905
0.185,904
0.186,903
0.186,902
0.186,901
0.187,900
