0.040,1224
0.151,1223
0.151,1222
0.151,1221
0.151,1220
0.151,1219
0.152,1218
0.152,1217
0.152,1216
0.152,1215
0.152,1214
0.153,1213
0.153,1212
0.153,1211
0.153,1210
0.153,1209
0.153,1208
0.153,1207
0.153,1206
0.154,1205
0.154,1204
0.154,1203
0.154,1202
0.154,1201
0.154,1200
0.154,1199
0.155,1198
0.155,1197
0.155,1196
0.155,1195
0.155,1194
0.155,1193
0.155,1192
0.155,1191
0.155,1190
0.156,1189
0.156,1188
0.156,1187
0.156,1186
0.156,1185
0.156,1184
0.156,1183
0.156,1182
0.156,1181
0.156,1180
0.157,1179
0.157,1178
0.157,1177
0.157,1176
0.157,1175
0.157,1174
0.157,1173
0.157,1172
0.157,1171
0.158,1170
0.158,1169
0.158,1168
0.158,1167
0.158,1166
0.158,1165
0.158,1164
0.158,1163
0.158,1162
0.158,1161
0.159,1160
0.159,1159
0.159,1158
0.159,1157
0.159,1156
0.159,1155
0.159,1154
0.159,1153
0.159,1152
0.159,1151
0.159,1150
0.160,1149
0.160,1148
0.160,1147
0.160,1146
0.160,1145
0.160,1144
0.160,1143
0.160,1142
0.160,1141
0.160,1140
0.161,1139
0.161,1138
0.161,1137
0.161,1136
0.161,1135
0.161,1134
0.162,1133
0.162,1132
0.162,1131
0.162,1130
0.162,1129
0.162,1128
0.162,1127
0.162,1126
0.162,1125
0.162,1124
0.162,1123
0.163,1122
0.163,1121
0.163,1120
0.163,1119
0.163,1118
0.163,1117
0.163,1116
0.163,1115
0.163,1114
0.163,1113
0.163,1112
0.164,1111
0.164,1110
0.164,1109
0.164,1108
0.164,1107
0.164,1106
0.164,1105
0.164,1104
0.164,1103
0.164,1102
0.164,1101
0.165,1100
0.165,1099
0.165,1098
0.165,1097
0.165,1096
0.165,1095
0.165,1094
0.165,1093
0.165,1092
0.166,1091
0.166,1090
0.166,1089
0.166,1088
0.167,1087
0.167,1086
0.167,1085
0.167,1084
0.167,1083
0.167,1082
0.167,1081
0.167,1080
0.167,1079
0.167,1078
0.167,1077
0.167,1076
0.167,1075
0.167,1074
0.168,1073
0.168,1072
0.168,1071
0.168,1070
0.168,1069
0.168,1068
0.168,1067
0.168,1066
0.168,1065
0.168,1064
0.168,1063
0.169,1062
0.169,1061
0.169,1060
0.169,1059
0.169,1058
0.169,1057
0.169,1056
0.169,1055
0.169,1054
0.169,1053
0.169,1052
0.169,1051
0.169,1050
0.169,1049
0.169,1048
0.170,1047
0.170,1046
0.170,1045
0.170,1044
0.170,1043
0.170,1042
0.170,1041
0.170,1040
0.170,1039
0.170,1038
0.170,1037
0.170,1036
0.170,1035
0.171,1034
0.171,1033
0.171,1032
0.171,1031
0.171,1030
0.172,1029
0.172,1028
0.172,1027
0.172,1026
0.172,1025
0.172,1024
0.172,1023
0.172,1022
0.172,1021
0.173,1020
0.173,1019
0.173,1018
0.173,1017
0.173,1016
0.173,1015
0.173,1014
0.173,1013
0.173,1012
0.173,1011
0.173,1010
0.173,1009
0.173,1008
0.173,1007
0.174,1006
0.174,1005
0.174,1004
0.174,1003
0.174,1002
0.174,1001
0.174,1000
0.174,999
0.174,998
0.174,997
0.174,996
0.174,995
0.174,994
0.174,993
0.174,992
0.174,991
0.174,990
0.175,989
0.175,988
0.175,987
0.175,986
0.175,985
0.175,984
0.175,983
0.175,982
0.175,981
0.175,980
0.175,979
0.175,978
0.175,977
0.175,976
0.175,975
0.175,974
0.176,973
0.176,972
0.176,971
0.176,970
0.176,969
0.176,968
0.176,967
0.176,966
0.176,965
0.176,964
0.176,963
0.176,962
0.176,961
0.177,960
0.177,959
0.177,958
0.177,957
0.177,956
0.177,955
0.177,954
0.177,953
0.177,952
0.177,951
0.177,950
0.177,949
0.177,948
0.177,947
0.178,946
0.178,945
0.178,944
0.178,943
0.178,942
0.178,941
0.178,940
0.178,939
0.178,938
0.178,937
0.178,936
0.178,935
0.178,934
0.178,933
0.178,932
0.178,931
0.179,930
0.179,929
0.179,928
0.179,927
0.179,926
0.179,925
0.179,924
0.179,923
0.179,922
0.179,921
0.180,920
0.180,919
0.180,918
0.180,917
0.180,916
0.180,915
0.180,914
0.180,913
0.181,912
0.181,911
0.181,910
0.181,909
0.181,908
0.182,907
0.182,906
0.182,905
0.182,904
0.183,903
0.183,902
0.183,901
0.184,900
