0.144,3754
0.784,3753
0.785,3752
0.785,3751
0.785,3750
0.785,3749
0.785,3748
0.785,3747
0.786,3746
0.786,3745
0.786,3744
0.786,3743
0.786,3742
0.787,3741
0.787,3740
0.788,3739
0.788,3738
0.788,3737
0.789,3736
0.789,3735
0.789,3734
0.789,3733
0.789,3732
0.789,3731
0.789,3730
0.790,3729
0.790,3728
0.790,3727
0.790,3726
0.790,3725
0.791,3724
0.791,3723
0.792,3722
0.792,3721
0.792,3720
0.792,3719
0.792,3718
0.793,3717
0.793,3716
0.793,3715
0.795,3714
0.795,3713
0.795,3712
0.796,3711
0.796,3710
0.796,3709
0.796,3708
0.796,3707
0.796,3706
0.796,3705
0.797,3704
0.797,3703
0.797,3702
0.797,3701
0.797,3700
0.798,3699
0.798,3698
0.798,3697
0.798,3696
0.798,3695
0.799,3694
0.799,3693
0.799,3692
0.799,3691
0.799,3690
0.799,3689
0.799,3688
0.799,3687
0.799,3686
0.800,3685
0.800,3684
0.800,3683
0.800,3682
0.800,3681
0.800,3680
0.800,3679
0.800,3678
0.800,3677
0.800,3676
0.800,3675
0.800,3674
0.800,3673
0.800,3672
0.801,3671
0.801,3670
0.801,3669
0.801,3668
0.801,3667
0.801,3666
0.801,3665
0.801,3664
0.801,3663
0.801,3662
0.801,3661
0.801,3660
0.801,3659
0.801,3658
0.802,3657
0.802,3656
0.802,3655
0.802,3654
0.802,3653
0.802,3652
0.802,3651
0.802,3650
0.802,3649
0.803,3648
0.803,3647
0.803,3646
0.803,3645
0.803,3644
0.803,3643
0.803,3642
0.803,3641
0.803,3640
0.803,3639
0.803,3638
0.803,3637
0.803,3636
0.803,3635
0.804,3634
0.804,3633
0.804,3632
0.804,3631
0.804,3630
0.804,3629
0.804,3628
0.804,3627
0.804,3626
0.804,3625
0.804,3624
0.804,3623
0.804,3622
0.804,3621
0.804,3620
0.805,3619
0.805,3618
0.805,3617
0.805,3616
0.805,3615
0.805,3614
0.805,3613
0.805,3612
0.805,3611
0.805,3610
0.805,3609
0.805,3608
0.805,3607
0.806,3606
0.806,3605
0.806,3604
0.806,3603
0.806,3602
0.806,3601
0.806,3600
0.806,3599
0.806,3598
0.806,3597
0.806,3596
0.806,3595
0.806,3594
0.807,3593
0.807,3592
0.807,3591
0.807,3590
0.807,3589
0.807,3588
0.807,3587
0.807,3586
0.807,3585
0.807,3584
0.807,3583
0.807,3582
0.807,3581
0.807,3580
0.807,3579
0.807,3578
0.807,3577
0.808,3576
0.808,3575
0.808,3574
0.808,3573
0.808,3572
0.808,3571
0.808,3570
0.808,3569
0.808,3568
0.808,3567
0.810,3566
0.810,3565
0.810,3564
0.810,3563
0.811,3562
0.811,3561
0.811,3560
0.811,3559
0.811,3558
0.811,3557
0.811,3556
0.812,3555
0.812,3554
0.812,3553
0.812,3552
0.812,3551
0.812,3550
0.812,3549
0.812,3548
0.812,3547
0.812,3546
0.812,3545
0.812,3544
0.812,3543
0.812,3542
0.812,3541
0.813,3540
0.813,3539
0.814,3538
0.814,3537
0.814,3536
0.814,3535
0.814,3534
0.814,3533
0.814,3532
0.814,3531
0.814,3530
0.814,3529
0.814,3528
0.814,3527
0.814,3526
0.814,3525
0.814,3524
0.814,3523
0.814,3522
0.814,3521
0.814,3520
0.814,3519
0.814,3518
0.814,3517
0.815,3516
0.815,3515
0.815,3514
0.815,3513
0.815,3512
0.815,3511
0.815,3510
0.815,3509
0.815,3508
0.815,3507
0.815,3506
0.815,3505
0.815,3504
0.815,3503
0.815,3502
0.815,3501
0.815,3500
0.815,3499
0.816,3498
0.816,3497
0.816,3496
0.816,3495
0.816,3494
0.816,3493
0.816,3492
0.816,3491
0.816,3490
0.816,3489
0.816,3488
0.816,3487
0.816,3486
0.816,3485
0.816,3484
0.816,3483
0.816,3482
0.816,3481
0.816,3480
0.816,3479
0.817,3478
0.817,3477
0.817,3476
0.817,3475
0.817,3474
0.817,3473
0.817,3472
0.817,3471
0.817,3470
0.817,3469
0.817,3468
0.817,3467
0.817,3466
0.817,3465
0.817,3464
0.817,3463
0.817,3462
0.817,3461
0.817,3460
0.817,3459
0.817,3458
0.817,3457
0.818,3456
0.819,3455
0.819,3454
0.819,3453
0.819,3452
0.819,3451
0.819,3450
0.819,3449
0.819,3448
0.819,3447
0.820,3446
0.820,3445
0.820,3444
0.820,3443
0.820,3442
0.820,3441
0.820,3440
0.821,3439
0.821,3438
0.821,3437
0.821,3436
0.821,3435
0.821,3434
0.821,3433
0.822,3432
0.822,3431
0.822,3430
0.822,3429
0.822,3428
0.822,3427
0.822,3426
0.822,3425
0.822,3424
0.822,3423
0.822,3422
0.822,3421
0.822,3420
0.822,3419
0.822,3418
0.822,3417
0.822,3416
0.822,3415
0.822,3414
0.822,3413
0.822,3412
0.823,3411
0.823,3410
0.823,3409
0.823,3408
0.823,3407
0.823,3406
0.823,3405
0.823,3404
0.823,3403
0.823,3402
0.823,3401
0.824,3400
0.824,3399
0.824,3398
0.824,3397
0.824,3396
0.824,3395
0.824,3394
0.824,3393
0.824,3392
0.824,3391
0.824,3390
0.824,3389
0.824,3388
0.824,3387
0.824,3386
0.824,3385
0.824,3384
0.824,3383
0.824,3382
0.824,3381
0.824,3380
0.824,3379
0.825,3378
0.825,3377
0.825,3376
0.825,3375
0.825,3374
0.825,3373
0.825,3372
0.826,3371
0.826,3370
0.826,3369
0.826,3368
0.826,3367
0.826,3366
0.826,3365
0.826,3364
0.826,3363
0.826,3362
0.826,3361
0.826,3360
0.826,3359
0.826,3358
0.826,3357
0.826,3356
0.826,3355
0.826,3354
0.826,3353
0.826,3352
0.826,3351
0.826,3350
0.826,3349
0.826,3348
0.826,3347
0.826,3346
0.826,3345
0.826,3344
0.826,3343
0.827,3342
0.827,3341
0.827,3340
0.827,3339
0.827,3338
0.827,3337
0.827,3336
0.827,3335
0.827,3334
0.827,3333
0.827,3332
0.827,3331
0.827,3330
0.827,3329
0.827,3328
0.828,3327
0.828,3326
0.828,3325
0.828,3324
0.828,3323
0.828,3322
0.828,3321
0.828,3320
0.828,3319
0.828,3318
0.828,3317
0.828,3316
0.828,3315
0.828,3314
0.828,3313
0.829,3312
0.829,3311
0.829,3310
0.829,3309
0.829,3308
0.829,3307
0.829,3306
0.829,3305
0.829,3304
0.829,3303
0.829,3302
0.829,3301
0.829,3300
0.829,3299
0.829,3298
0.829,3297
0.829,3296
0.829,3295
0.829,3294
0.829,3293
0.829,3292
0.829,3291
0.829,3290
0.829,3289
0.829,3288
0.829,3287
0.829,3286
0.829,3285
0.829,3284
0.829,3283
0.829,3282
0.829,3281
0.829,3280
0.829,3279
0.829,3278
0.829,3277
0.829,3276
0.829,3275
0.829,3274
0.829,3273
0.829,3272
0.829,3271
0.830,3270
0.830,3269
0.830,3268
0.830,3267
0.830,3266
0.830,3265
0.830,3264
0.830,3263
0.830,3262
0.830,3261
0.830,3260
0.830,3259
0.830,3258
0.830,3257
0.830,3256
0.830,3255
0.830,3254
0.830,3253
0.830,3252
0.830,3251
0.830,3250
0.830,3249
0.830,3248
0.830,3247
0.830,3246
0.830,3245
0.830,3244
0.830,3243
0.830,3242
0.830,3241
0.830,3240
0.830,3239
0.831,3238
0.831,3237
0.831,3236
0.831,3235
0.831,3234
0.831,3233
0.831,3232
0.831,3231
0.831,3230
0.831,3229
0.831,3228
0.831,3227
0.831,3226
0.831,3225
0.831,3224
0.831,3223
0.831,3222
0.831,3221
0.831,3220
0.831,3219
0.831,3218
0.831,3217
0.831,3216
0.831,3215
0.832,3214
0.833,3213
0.833,3212
0.833,3211
0.833,3210
0.833,3209
0.833,3208
0.833,3207
0.833,3206
0.833,3205
0.833,3204
0.833,3203
0.833,3202
0.833,3201
0.833,3200
0.833,3199
0.833,3198
0.833,3197
0.833,3196
0.833,3195
0.833,3194
0.833,3193
0.833,3192
0.833,3191
0.833,3190
0.833,3189
0.833,3188
0.833,3187
0.833,3186
0.833,3185
0.834,3184
0.834,3183
0.834,3182
0.834,3181
0.834,3180
0.834,3179
0.834,3178
0.834,3177
0.834,3176
0.834,3175
0.834,3174
0.834,3173
0.834,3172
0.834,3171
0.834,3170
0.834,3169
0.834,3168
0.834,3167
0.834,3166
0.834,3165
0.835,3164
0.835,3163
0.835,3162
0.835,3161
0.835,3160
0.835,3159
0.835,3158
0.835,3157
0.835,3156
0.835,3155
0.835,3154
0.835,3153
0.835,3152
0.835,3151
0.835,3150
0.835,3149
0.835,3148
0.835,3147
0.835,3146
0.835,3145
0.836,3144
0.836,3143
0.836,3142
0.836,3141
0.836,3140
0.836,3139
0.836,3138
0.836,3137
0.836,3136
0.836,3135
0.836,3134
0.836,3133
0.836,3132
0.836,3131
0.836,3130
0.836,3129
0.836,3128
0.836,3127
0.836,3126
0.836,3125
0.836,3124
0.836,3123
0.836,3122
0.836,3121
0.836,3120
0.836,3119
0.836,3118
0.837,3117
0.837,3116
0.837,3115
0.837,3114
0.837,3113
0.837,3112
0.837,3111
0.837,3110
0.837,3109
0.837,3108
0.837,3107
0.837,3106
0.837,3105
0.837,3104
0.837,3103
0.837,3102
0.837,3101
0.837,3100
0.837,3099
0.837,3098
0.838,3097
0.838,3096
0.838,3095
0.838,3094
0.838,3093
0.838,3092
0.838,3091
0.838,3090
0.838,3089
0.838,3088
0.838,3087
0.838,3086
0.838,3085
0.838,3084
0.838,3083
0.839,3082
0.839,3081
0.839,3080
0.839,3079
0.839,3078
0.839,3077
0.839,3076
0.839,3075
0.839,3074
0.839,3073
0.839,3072
0.840,3071
0.840,3070
0.840,3069
0.840,3068
0.840,3067
0.840,3066
0.840,3065
0.840,3064
0.840,3063
0.840,3062
0.840,3061
0.840,3060
0.840,3059
0.840,3058
0.840,3057
0.840,3056
0.841,3055
0.841,3054
0.841,3053
0.841,3052
0.841,3051
0.841,3050
0.841,3049
0.841,3048
0.841,3047
0.841,3046
0.841,3045
0.841,3044
0.841,3043
0.841,3042
0.841,3041
0.841,3040
0.841,3039
0.841,3038
0.841,3037
0.841,3036
0.841,3035
0.841,3034
0.841,3033
0.842,3032
0.842,3031
0.842,3030
0.842,3029
0.842,3028
0.842,3027
0.842,3026
0.842,3025
0.842,3024
0.842,3023
0.842,3022
0.842,3021
0.842,3020
0.842,3019
0.842,3018
0.842,3017
0.842,3016
0.842,3015
0.842,3014
0.842,3013
0.842,3012
0.842,3011
0.842,3010
0.842,3009
0.842,3008
0.843,3007
0.843,3006
0.843,3005
0.843,3004
0.843,3003
0.843,3002
0.843,3001
0.843,3000
0.843,2999
0.843,2998
0.843,2997
0.843,2996
0.843,2995
0.843,2994
0.843,2993
0.843,2992
0.843,2991
0.843,2990
0.843,2989
0.843,2988
0.843,2987
0.844,2986
0.845,2985
0.845,2984
0.845,2983
0.845,2982
0.845,2981
0.845,2980
0.845,2979
0.845,2978
0.845,2977
0.845,2976
0.845,2975
0.845,2974
0.845,2973
0.845,2972
0.845,2971
0.845,2970
0.845,2969
0.845,2968
0.845,2967
0.845,2966
0.845,2965
0.845,2964
0.845,2963
0.845,2962
0.845,2961
0.845,2960
0.845,2959
0.845,2958
0.845,2957
0.846,2956
0.846,2955
0.846,2954
0.846,2953
0.846,2952
0.846,2951
0.846,2950
0.846,2949
0.846,2948
0.846,2947
0.846,2946
0.846,2945
0.846,2944
0.846,2943
0.846,2942
0.846,2941
0.846,2940
0.846,2939
0.846,2938
0.846,2937
0.846,2936
0.846,2935
0.846,2934
0.846,2933
0.846,2932
0.846,2931
0.846,2930
0.846,2929
0.847,2928
0.847,2927
0.847,2926
0.847,2925
0.847,2924
0.847,2923
0.847,2922
0.847,2921
0.847,2920
0.847,2919
0.847,2918
0.847,2917
0.847,2916
0.847,2915
0.847,2914
0.847,2913
0.847,2912
0.847,2911
0.847,2910
0.847,2909
0.847,2908
0.847,2907
0.847,2906
0.847,2905
0.847,2904
0.847,2903
0.847,2902
0.848,2901
0.848,2900
0.848,2899
0.848,2898
0.848,2897
0.848,2896
0.848,2895
0.848,2894
0.848,2893
0.848,2892
0.848,2891
0.848,2890
0.848,2889
0.848,2888
0.848,2887
0.848,2886
0.848,2885
0.848,2884
0.848,2883
0.848,2882
0.848,2881
0.848,2880
0.848,2879
0.849,2878
0.849,2877
0.849,2876
0.849,2875
0.849,2874
0.849,2873
0.849,2872
0.849,2871
0.849,2870
0.849,2869
0.849,2868
0.849,2867
0.849,2866
0.849,2865
0.849,2864
0.849,2863
0.849,2862
0.849,2861
0.849,2860
0.849,2859
0.849,2858
0.849,2857
0.849,2856
0.850,2855
0.850,2854
0.850,2853
0.850,2852
0.850,2851
0.850,2850
0.850,2849
0.850,2848
0.850,2847
0.850,2846
0.850,2845
0.850,2844
0.850,2843
0.850,2842
0.850,2841
0.850,2840
0.850,2839
0.850,2838
0.850,2837
0.850,2836
0.850,2835
0.850,2834
0.850,2833
0.850,2832
0.850,2831
0.851,2830
0.851,2829
0.851,2828
0.851,2827
0.851,2826
0.851,2825
0.851,2824
0.851,2823
0.851,2822
0.851,2821
0.851,2820
0.851,2819
0.851,2818
0.851,2817
0.851,2816
0.851,2815
0.851,2814
0.851,2813
0.851,2812
0.851,2811
0.851,2810
0.852,2809
0.852,2808
0.852,2807
0.852,2806
0.852,2805
0.852,2804
0.852,2803
0.852,2802
0.852,2801
0.852,2800
0.852,2799
0.852,2798
0.852,2797
0.852,2796
0.852,2795
0.852,2794
0.852,2793
0.852,2792
0.852,2791
0.852,2790
0.852,2789
0.852,2788
0.852,2787
0.852,2786
0.853,2785
0.853,2784
0.853,2783
0.853,2782
0.853,2781
0.853,2780
0.853,2779
0.853,2778
0.853,2777
0.853,2776
0.853,2775
0.853,2774
0.853,2773
0.853,2772
0.853,2771
0.853,2770
0.853,2769
0.853,2768
0.853,2767
0.853,2766
0.853,2765
0.853,2764
0.853,2763
0.854,2762
0.854,2761
0.854,2760
0.854,2759
0.854,2758
0.854,2757
0.854,2756
0.854,2755
0.854,2754
0.854,2753
0.854,2752
0.854,2751
0.854,2750
0.854,2749
0.854,2748
0.854,2747
0.854,2746
0.854,2745
0.854,2744
0.854,2743
0.854,2742
0.854,2741
0.854,2740
0.854,2739
0.855,2738
0.855,2737
0.855,2736
0.855,2735
0.855,2734
0.855,2733
0.855,2732
0.855,2731
0.855,2730
0.855,2729
0.855,2728
0.855,2727
0.855,2726
0.855,2725
0.855,2724
0.855,2723
0.855,2722
0.855,2721
0.855,2720
0.855,2719
0.855,2718
0.855,2717
0.855,2716
0.855,2715
0.856,2714
0.856,2713
0.856,2712
0.856,2711
0.856,2710
0.856,2709
0.856,2708
0.856,2707
0.856,2706
0.856,2705
0.856,2704
0.856,2703
0.856,2702
0.856,2701
0.856,2700
0.856,2699
0.856,2698
0.856,2697
0.856,2696
0.856,2695
0.856,2694
0.856,2693
0.856,2692
0.857,2691
0.857,2690
0.857,2689
0.857,2688
0.857,2687
0.857,2686
0.857,2685
0.857,2684
0.857,2683
0.857,2682
0.857,2681
0.857,2680
0.857,2679
0.857,2678
0.857,2677
0.857,2676
0.857,2675
0.857,2674
0.857,2673
0.857,2672
0.857,2671
0.857,2670
0.857,2669
0.857,2668
0.857,2667
0.858,2666
0.858,2665
0.858,2664
0.858,2663
0.858,2662
0.858,2661
0.858,2660
0.858,2659
0.858,2658
0.858,2657
0.858,2656
0.858,2655
0.858,2654
0.858,2653
0.858,2652
0.858,2651
0.858,2650
0.858,2649
0.858,2648
0.858,2647
0.858,2646
0.858,2645
0.858,2644
0.858,2643
0.858,2642
0.859,2641
0.859,2640
0.859,2639
0.859,2638
0.859,2637
0.859,2636
0.859,2635
0.859,2634
0.859,2633
0.859,2632
0.859,2631
0.859,2630
0.859,2629
0.859,2628
0.859,2627
0.859,2626
0.859,2625
0.859,2624
0.859,2623
0.859,2622
0.859,2621
0.859,2620
0.859,2619
0.859,2618
0.860,2617
0.860,2616
0.860,2615
0.860,2614
0.860,2613
0.860,2612
0.860,2611
0.860,2610
0.860,2609
0.860,2608
0.860,2607
0.860,2606
0.860,2605
0.860,2604
0.860,2603
0.860,2602
0.860,2601
0.860,2600
0.860,2599
0.860,2598
0.860,2597
0.860,2596
0.861,2595
0.861,2594
0.861,2593
0.861,2592
0.861,2591
0.861,2590
0.861,2589
0.861,2588
0.861,2587
0.861,2586
0.861,2585
0.861,2584
0.861,2583
0.861,2582
0.861,2581
0.861,2580
0.861,2579
0.861,2578
0.861,2577
0.861,2576
0.861,2575
0.861,2574
0.861,2573
0.861,2572
0.862,2571
0.862,2570
0.862,2569
0.862,2568
0.862,2567
0.862,2566
0.862,2565
0.862,2564
0.862,2563
0.862,2562
0.862,2561
0.862,2560
0.862,2559
0.862,2558
0.862,2557
0.862,2556
0.862,2555
0.862,2554
0.862,2553
0.862,2552
0.862,2551
0.862,2550
0.863,2549
0.863,2548
0.863,2547
0.863,2546
0.863,2545
0.863,2544
0.863,2543
0.863,2542
0.863,2541
0.863,2540
0.863,2539
0.863,2538
0.863,2537
0.863,2536
0.863,2535
0.863,2534
0.863,2533
0.864,2532
0.864,2531
0.864,2530
0.864,2529
0.864,2528
0.864,2527
0.864,2526
0.864,2525
0.864,2524
0.864,2523
0.864,2522
0.864,2521
0.864,2520
0.865,2519
0.865,2518
0.865,2517
0.865,2516
0.865,2515
0.865,2514
0.865,2513
0.865,2512
0.865,2511
0.865,2510
0.865,2509
0.866,2508
0.866,2507
0.866,2506
0.866,2505
0.866,2504
0.866,2503
0.866,2502
0.866,2501
0.866,2500
0.868,2499
0.868,2498
0.868,2497
0.868,2496
0.868,2495
0.868,2494
0.868,2493
0.869,2492
0.869,2491
0.869,2490
0.869,2489
0.869,2488
0.869,2487
0.869,2486
0.869,2485
0.869,2484
0.869,2483
0.869,2482
0.869,2481
0.869,2480
0.870,2479
0.870,2478
0.870,2477
0.870,2476
0.870,2475
0.870,2474
0.870,2473
0.870,2472
0.870,2471
0.870,2470
0.870,2469
0.870,2468
0.870,2467
0.870,2466
0.870,2465
0.870,2464
0.871,2463
0.871,2462
0.871,2461
0.871,2460
0.871,2459
0.871,2458
0.871,2457
0.871,2456
0.871,2455
0.871,2454
0.871,2453
0.871,2452
0.871,2451
0.872,2450
0.872,2449
0.872,2448
0.872,2447
0.872,2446
0.872,2445
0.872,2444
0.872,2443
0.872,2442
0.872,2441
0.873,2440
0.873,2439
0.873,2438
0.873,2437
0.873,2436
0.873,2435
0.873,2434
0.873,2433
0.873,2432
0.873,2431
0.873,2430
0.873,2429
0.874,2428
0.874,2427
0.874,2426
0.874,2425
0.874,2424
0.874,2423
0.874,2422
0.874,2421
0.874,2420
0.875,2419
0.875,2418
0.875,2417
0.875,2416
0.875,2415
0.875,2414
0.875,2413
0.875,2412
0.875,2411
0.876,2410
0.876,2409
0.876,2408
0.876,2407
0.876,2406
0.876,2405
0.876,2404
0.876,2403
0.876,2402
0.877,2401
0.877,2400
0.877,2399
0.877,2398
0.877,2397
0.877,2396
0.877,2395
0.877,2394
0.877,2393
0.877,2392
0.878,2391
0.878,2390
0.878,2389
0.878,2388
0.879,2387
0.879,2386
0.879,2385
0.879,2384
0.879,2383
0.879,2382
0.879,2381
0.879,2380
0.880,2379
0.880,2378
0.880,2377
0.881,2376
0.881,2375
0.881,2374
0.881,2373
0.881,2372
0.881,2371
0.881,2370
0.881,2369
0.881,2368
0.881,2367
0.882,2366
0.882,2365
0.883,2364
0.883,2363
0.883,2362
0.883,2361
0.883,2360
0.883,2359
0.883,2358
0.884,2357
0.884,2356
0.884,2355
0.884,2354
0.884,2353
0.884,2352
0.884,2351
0.884,2350
0.884,2349
0.885,2348
0.885,2347
0.885,2346
0.885,2345
0.885,2344
0.886,2343
0.886,2342
0.886,2341
0.887,2340
0.887,2339
0.887,2338
0.887,2337
0.887,2336
0.887,2335
0.887,2334
0.887,2333
0.887,2332
0.888,2331
0.888,2330
0.888,2329
0.888,2328
0.888,2327
0.888,2326
0.888,2325
0.888,2324
0.888,2323
0.888,2322
0.888,2321
0.888,2320
0.889,2319
0.889,2318
0.889,2317
0.889,2316
0.889,2315
0.889,2314
0.889,2313
0.889,2312
0.890,2311
0.890,2310
0.890,2309
0.890,2308
0.890,2307
0.891,2306
0.891,2305
0.891,2304
0.891,2303
0.891,2302
0.891,2301
0.892,2300
0.892,2299
0.892,2298
0.892,2297
0.893,2296
0.893,2295
0.893,2294
0.894,2293
0.894,2292
0.894,2291
0.894,2290
0.894,2289
0.896,2288
0.896,2287
0.897,2286
0.897,2285
0.898,2284
0.898,2283
0.898,2282
0.899,2281
0.899,2280
0.901,2279
0.901,2278
0.901,2277
0.901,2276
0.902,2275
0.903,2274
0.904,2273
0.904,2272
0.905,2271
0.905,2270
0.905,2269
0.907,2268
0.908,2267
0.909,2266
0.910,2265
