0.151,3750
0.798,3749
0.799,3748
0.799,3747
0.799,3746
0.799,3745
0.799,3744
0.800,3743
0.800,3742
0.800,3741
0.801,3740
0.801,3739
0.801,3738
0.801,3737
0.801,3736
0.802,3735
0.802,3734
0.802,3733
0.802,3732
0.802,3731
0.802,3730
0.802,3729
0.802,3728
0.803,3727
0.803,3726
0.803,3725
0.803,3724
0.803,3723
0.803,3722
0.803,3721
0.804,3720
0.804,3719
0.804,3718
0.804,3717
0.804,3716
0.804,3715
0.804,3714
0.804,3713
0.805,3712
0.805,3711
0.805,3710
0.805,3709
0.805,3708
0.805,3707
0.806,3706
0.806,3705
0.806,3704
0.806,3703
0.806,3702
0.806,3701
0.806,3700
0.807,3699
0.807,3698
0.807,3697
0.807,3696
0.807,3695
0.807,3694
0.808,3693
0.808,3692
0.808,3691
0.808,3690
0.808,3689
0.808,3688
0.808,3687
0.809,3686
0.809,3685
0.809,3684
0.809,3683
0.809,3682
0.809,3681
0.809,3680
0.809,3679
0.810,3678
0.810,3677
0.810,3676
0.810,3675
0.810,3674
0.810,3673
0.810,3672
0.810,3671
0.810,3670
0.811,3669
0.811,3668
0.811,3667
0.811,3666
0.811,3665
0.811,3664
0.811,3663
0.812,3662
0.812,3661
0.812,3660
0.812,3659
0.812,3658
0.812,3657
0.812,3656
0.812,3655
0.813,3654
0.813,3653
0.813,3652
0.813,3651
0.813,3650
0.813,3649
0.813,3648
0.813,3647
0.814,3646
0.814,3645
0.814,3644
0.814,3643
0.814,3642
0.814,3641
0.814,3640
0.814,3639
0.814,3638
0.814,3637
0.814,3636
0.814,3635
0.814,3634
0.814,3633
0.815,3632
0.815,3631
0.815,3630
0.815,3629
0.815,3628
0.815,3627
0.815,3626
0.815,3625
0.815,3624
0.815,3623
0.816,3622
0.816,3621
0.816,3620
0.816,3619
0.816,3618
0.816,3617
0.816,3616
0.816,3615
0.816,3614
0.816,3613
0.816,3612
0.816,3611
0.816,3610
0.816,3609
0.816,3608
0.817,3607
0.817,3606
0.817,3605
0.817,3604
0.817,3603
0.817,3602
0.817,3601
0.817,3600
0.817,3599
0.817,3598
0.817,3597
0.817,3596
0.817,3595
0.817,3594
0.818,3593
0.818,3592
0.818,3591
0.818,3590
0.818,3589
0.818,3588
0.818,3587
0.818,3586
0.818,3585
0.818,3584
0.818,3583
0.818,3582
0.818,3581
0.818,3580
0.819,3579
0.819,3578
0.819,3577
0.819,3576
0.819,3575
0.819,3574
0.819,3573
0.819,3572
0.819,3571
0.819,3570
0.819,3569
0.819,3568
0.819,3567
0.819,3566
0.819,3565
0.819,3564
0.820,3563
0.820,3562
0.820,3561
0.820,3560
0.820,3559
0.821,3558
0.821,3557
0.821,3556
0.821,3555
0.821,3554
0.821,3553
0.821,3552
0.821,3551
0.821,3550
0.821,3549
0.821,3548
0.821,3547
0.821,3546
0.821,3545
0.821,3544
0.821,3543
0.821,3542
0.821,3541
0.821,3540
0.821,3539
0.821,3538
0.822,3537
0.822,3536
0.822,3535
0.822,3534
0.822,3533
0.822,3532
0.822,3531
0.822,3530
0.822,3529
0.822,3528
0.822,3527
0.822,3526
0.822,3525
0.822,3524
0.822,3523
0.822,3522
0.822,3521
0.822,3520
0.822,3519
0.822,3518
0.823,3517
0.823,3516
0.823,3515
0.823,3514
0.823,3513
0.823,3512
0.823,3511
0.823,3510
0.823,3509
0.823,3508
0.823,3507
0.823,3506
0.823,3505
0.823,3504
0.823,3503
0.823,3502
0.823,3501
0.823,3500
0.823,3499
0.823,3498
0.824,3497
0.824,3496
0.824,3495
0.824,3494
0.824,3493
0.824,3492
0.824,3491
0.824,3490
0.824,3489
0.824,3488
0.824,3487
0.824,3486
0.824,3485
0.824,3484
0.824,3483
0.824,3482
0.824,3481
0.824,3480
0.825,3479
0.825,3478
0.825,3477
0.825,3476
0.825,3475
0.825,3474
0.825,3473
0.825,3472
0.825,3471
0.825,3470
0.825,3469
0.825,3468
0.825,3467
0.825,3466
0.825,3465
0.825,3464
0.825,3463
0.825,3462
0.825,3461
0.825,3460
0.825,3459
0.825,3458
0.825,3457
0.826,3456
0.826,3455
0.826,3454
0.826,3453
0.826,3452
0.826,3451
0.826,3450
0.826,3449
0.826,3448
0.826,3447
0.826,3446
0.826,3445
0.826,3444
0.826,3443
0.826,3442
0.826,3441
0.826,3440
0.826,3439
0.826,3438
0.826,3437
0.826,3436
0.826,3435
0.827,3434
0.827,3433
0.827,3432
0.827,3431
0.827,3430
0.827,3429
0.827,3428
0.827,3427
0.827,3426
0.827,3425
0.827,3424
0.827,3423
0.827,3422
0.827,3421
0.827,3420
0.827,3419
0.827,3418
0.827,3417
0.827,3416
0.827,3415
0.827,3414
0.827,3413
0.827,3412
0.828,3411
0.828,3410
0.828,3409
0.828,3408
0.828,3407
0.828,3406
0.828,3405
0.828,3404
0.828,3403
0.829,3402
0.829,3401
0.829,3400
0.829,3399
0.829,3398
0.829,3397
0.829,3396
0.829,3395
0.829,3394
0.829,3393
0.829,3392
0.829,3391
0.829,3390
0.829,3389
0.829,3388
0.829,3387
0.829,3386
0.829,3385
0.829,3384
0.829,3383
0.829,3382
0.830,3381
0.830,3380
0.830,3379
0.830,3378
0.830,3377
0.830,3376
0.830,3375
0.830,3374
0.830,3373
0.830,3372
0.830,3371
0.830,3370
0.830,3369
0.831,3368
0.831,3367
0.831,3366
0.831,3365
0.831,3364
0.831,3363
0.831,3362
0.831,3361
0.831,3360
0.831,3359
0.831,3358
0.831,3357
0.831,3356
0.831,3355
0.831,3354
0.831,3353
0.831,3352
0.831,3351
0.831,3350
0.831,3349
0.831,3348
0.831,3347
0.831,3346
0.831,3345
0.831,3344
0.831,3343
0.831,3342
0.831,3341
0.832,3340
0.832,3339
0.832,3338
0.832,3337
0.832,3336
0.832,3335
0.832,3334
0.832,3333
0.832,3332
0.832,3331
0.832,3330
0.832,3329
0.832,3328
0.832,3327
0.832,3326
0.832,3325
0.832,3324
0.832,3323
0.832,3322
0.832,3321
0.832,3320
0.832,3319
0.832,3318
0.832,3317
0.832,3316
0.832,3315
0.832,3314
0.832,3313
0.832,3312
0.832,3311
0.832,3310
0.833,3309
0.833,3308
0.833,3307
0.833,3306
0.833,3305
0.833,3304
0.833,3303
0.833,3302
0.833,3301
0.833,3300
0.833,3299
0.833,3298
0.833,3297
0.833,3296
0.833,3295
0.833,3294
0.833,3293
0.834,3292
0.834,3291
0.834,3290
0.834,3289
0.834,3288
0.834,3287
0.834,3286
0.834,3285
0.834,3284
0.834,3283
0.834,3282
0.834,3281
0.834,3280
0.834,3279
0.834,3278
0.834,3277
0.834,3276
0.834,3275
0.834,3274
0.834,3273
0.834,3272
0.834,3271
0.834,3270
0.834,3269
0.834,3268
0.834,3267
0.834,3266
0.834,3265
0.834,3264
0.834,3263
0.834,3262
0.835,3261
0.835,3260
0.835,3259
0.835,3258
0.835,3257
0.835,3256
0.835,3255
0.835,3254
0.835,3253
0.835,3252
0.835,3251
0.835,3250
0.835,3249
0.835,3248
0.835,3247
0.835,3246
0.835,3245
0.835,3244
0.835,3243
0.835,3242
0.835,3241
0.835,3240
0.835,3239
0.835,3238
0.835,3237
0.835,3236
0.835,3235
0.836,3234
0.836,3233
0.836,3232
0.836,3231
0.836,3230
0.836,3229
0.836,3228
0.836,3227
0.836,3226
0.836,3225
0.836,3224
0.836,3223
0.836,3222
0.836,3221
0.836,3220
0.836,3219
0.836,3218
0.836,3217
0.836,3216
0.836,3215
0.836,3214
0.836,3213
0.836,3212
0.836,3211
0.836,3210
0.836,3209
0.836,3208
0.836,3207
0.836,3206
0.836,3205
0.836,3204
0.836,3203
0.836,3202
0.836,3201
0.837,3200
0.837,3199
0.837,3198
0.837,3197
0.837,3196
0.837,3195
0.837,3194
0.837,3193
0.837,3192
0.837,3191
0.837,3190
0.837,3189
0.837,3188
0.837,3187
0.837,3186
0.837,3185
0.837,3184
0.837,3183
0.837,3182
0.837,3181
0.837,3180
0.838,3179
0.838,3178
0.838,3177
0.838,3176
0.838,3175
0.838,3174
0.838,3173
0.838,3172
0.838,3171
0.838,3170
0.838,3169
0.838,3168
0.838,3167
0.838,3166
0.838,3165
0.838,3164
0.838,3163
0.838,3162
0.839,3161
0.839,3160
0.839,3159
0.839,3158
0.839,3157
0.839,3156
0.839,3155
0.839,3154
0.839,3153
0.839,3152
0.839,3151
0.839,3150
0.839,3149
0.840,3148
0.840,3147
0.840,3146
0.840,3145
0.840,3144
0.840,3143
0.840,3142
0.840,3141
0.840,3140
0.840,3139
0.840,3138
0.840,3137
0.840,3136
0.840,3135
0.840,3134
0.840,3133
0.840,3132
0.840,3131
0.840,3130
0.840,3129
0.840,3128
0.840,3127
0.840,3126
0.840,3125
0.841,3124
0.841,3123
0.841,3122
0.841,3121
0.841,3120
0.841,3119
0.841,3118
0.841,3117
0.841,3116
0.841,3115
0.841,3114
0.841,3113
0.841,3112
0.841,3111
0.841,3110
0.841,3109
0.841,3108
0.841,3107
0.841,3106
0.841,3105
0.841,3104
0.842,3103
0.842,3102
0.842,3101
0.842,3100
0.842,3099
0.842,3098
0.842,3097
0.842,3096
0.842,3095
0.842,3094
0.842,3093
0.842,3092
0.842,3091
0.842,3090
0.842,3089
0.842,3088
0.842,3087
0.842,3086
0.842,3085
0.842,3084
0.842,3083
0.842,3082
0.842,3081
0.842,3080
0.842,3079
0.842,3078
0.843,3077
0.843,3076
0.843,3075
0.843,3074
0.843,3073
0.843,3072
0.843,3071
0.843,3070
0.843,3069
0.843,3068
0.844,3067
0.844,3066
0.844,3065
0.844,3064
0.844,3063
0.844,3062
0.844,3061
0.844,3060
0.844,3059
0.844,3058
0.844,3057
0.844,3056
0.844,3055
0.844,3054
0.844,3053
0.844,3052
0.844,3051
0.844,3050
0.844,3049
0.844,3048
0.845,3047
0.845,3046
0.845,3045
0.845,3044
0.845,3043
0.845,3042
0.845,3041
0.845,3040
0.845,3039
0.845,3038
0.845,3037
0.845,3036
0.845,3035
0.845,3034
0.845,3033
0.845,3032
0.845,3031
0.845,3030
0.845,3029
0.845,3028
0.846,3027
0.846,3026
0.846,3025
0.846,3024
0.846,3023
0.846,3022
0.846,3021
0.846,3020
0.846,3019
0.846,3018
0.846,3017
0.846,3016
0.846,3015
0.846,3014
0.846,3013
0.846,3012
0.846,3011
0.846,3010
0.846,3009
0.846,3008
0.846,3007
0.846,3006
0.846,3005
0.846,3004
0.847,3003
0.847,3002
0.847,3001
0.847,3000
0.847,2999
0.847,2998
0.847,2997
0.847,2996
0.847,2995
0.847,2994
0.847,2993
0.847,2992
0.847,2991
0.847,2990
0.847,2989
0.847,2988
0.847,2987
0.847,2986
0.847,2985
0.847,2984
0.847,2983
0.847,2982
0.847,2981
0.848,2980
0.848,2979
0.848,2978
0.848,2977
0.848,2976
0.848,2975
0.848,2974
0.848,2973
0.848,2972
0.848,2971
0.848,2970
0.848,2969
0.848,2968
0.848,2967
0.848,2966
0.848,2965
0.848,2964
0.848,2963
0.849,2962
0.849,2961
0.849,2960
0.849,2959
0.849,2958
0.849,2957
0.849,2956
0.849,2955
0.849,2954
0.849,2953
0.849,2952
0.849,2951
0.849,2950
0.849,2949
0.849,2948
0.849,2947
0.849,2946
0.849,2945
0.849,2944
0.849,2943
0.849,2942
0.849,2941
0.849,2940
0.849,2939
0.849,2938
0.849,2937
0.849,2936
0.849,2935
0.849,2934
0.849,2933
0.850,2932
0.850,2931
0.850,2930
0.850,2929
0.850,2928
0.850,2927
0.850,2926
0.850,2925
0.850,2924
0.850,2923
0.850,2922
0.850,2921
0.850,2920
0.850,2919
0.850,2918
0.850,2917
0.850,2916
0.850,2915
0.850,2914
0.850,2913
0.851,2912
0.851,2911
0.851,2910
0.851,2909
0.851,2908
0.851,2907
0.851,2906
0.851,2905
0.851,2904
0.851,2903
0.851,2902
0.851,2901
0.851,2900
0.851,2899
0.851,2898
0.851,2897
0.851,2896
0.851,2895
0.851,2894
0.851,2893
0.851,2892
0.851,2891
0.851,2890
0.851,2889
0.852,2888
0.852,2887
0.852,2886
0.852,2885
0.852,2884
0.852,2883
0.852,2882
0.852,2881
0.852,2880
0.852,2879
0.852,2878
0.852,2877
0.852,2876
0.852,2875
0.852,2874
0.852,2873
0.852,2872
0.852,2871
0.852,2870
0.852,2869
0.852,2868
0.852,2867
0.852,2866
0.853,2865
0.853,2864
0.853,2863
0.853,2862
0.853,2861
0.853,2860
0.853,2859
0.853,2858
0.853,2857
0.853,2856
0.853,2855
0.853,2854
0.853,2853
0.853,2852
0.853,2851
0.853,2850
0.853,2849
0.853,2848
0.853,2847
0.853,2846
0.853,2845
0.853,2844
0.853,2843
0.854,2842
0.854,2841
0.854,2840
0.854,2839
0.854,2838
0.854,2837
0.854,2836
0.854,2835
0.854,2834
0.854,2833
0.854,2832
0.854,2831
0.854,2830
0.854,2829
0.854,2828
0.854,2827
0.854,2826
0.854,2825
0.854,2824
0.854,2823
0.854,2822
0.854,2821
0.854,2820
0.855,2819
0.855,2818
0.855,2817
0.855,2816
0.855,2815
0.855,2814
0.855,2813
0.855,2812
0.855,2811
0.855,2810
0.855,2809
0.855,2808
0.855,2807
0.855,2806
0.855,2805
0.855,2804
0.855,2803
0.855,2802
0.855,2801
0.855,2800
0.855,2799
0.855,2798
0.855,2797
0.856,2796
0.856,2795
0.856,2794
0.856,2793
0.856,2792
0.856,2791
0.856,2790
0.856,2789
0.856,2788
0.856,2787
0.856,2786
0.856,2785
0.856,2784
0.856,2783
0.856,2782
0.856,2781
0.856,2780
0.856,2779
0.856,2778
0.856,2777
0.856,2776
0.856,2775
0.856,2774
0.856,2773
0.856,2772
0.856,2771
0.857,2770
0.857,2769
0.857,2768
0.857,2767
0.857,2766
0.857,2765
0.857,2764
0.857,2763
0.857,2762
0.857,2761
0.857,2760
0.857,2759
0.857,2758
0.857,2757
0.857,2756
0.857,2755
0.857,2754
0.857,2753
0.857,2752
0.857,2751
0.857,2750
0.857,2749
0.857,2748
0.857,2747
0.857,2746
0.857,2745
0.857,2744
0.858,2743
0.858,2742
0.858,2741
0.858,2740
0.858,2739
0.858,2738
0.858,2737
0.858,2736
0.858,2735
0.858,2734
0.858,2733
0.858,2732
0.858,2731
0.858,2730
0.858,2729
0.858,2728
0.858,2727
0.858,2726
0.858,2725
0.858,2724
0.858,2723
0.858,2722
0.858,2721
0.858,2720
0.858,2719
0.858,2718
0.858,2717
0.859,2716
0.859,2715
0.859,2714
0.859,2713
0.859,2712
0.859,2711
0.859,2710
0.859,2709
0.859,2708
0.859,2707
0.859,2706
0.859,2705
0.859,2704
0.859,2703
0.859,2702
0.859,2701
0.859,2700
0.859,2699
0.859,2698
0.859,2697
0.859,2696
0.859,2695
0.859,2694
0.859,2693
0.860,2692
0.860,2691
0.860,2690
0.860,2689
0.860,2688
0.860,2687
0.860,2686
0.860,2685
0.860,2684
0.860,2683
0.860,2682
0.860,2681
0.860,2680
0.860,2679
0.860,2678
0.860,2677
0.860,2676
0.860,2675
0.860,2674
0.860,2673
0.860,2672
0.860,2671
0.861,2670
0.861,2669
0.861,2668
0.861,2667
0.861,2666
0.861,2665
0.861,2664
0.861,2663
0.861,2662
0.861,2661
0.861,2660
0.861,2659
0.861,2658
0.861,2657
0.861,2656
0.861,2655
0.861,2654
0.861,2653
0.861,2652
0.861,2651
0.861,2650
0.861,2649
0.861,2648
0.861,2647
0.861,2646
0.861,2645
0.862,2644
0.862,2643
0.862,2642
0.862,2641
0.862,2640
0.862,2639
0.862,2638
0.862,2637
0.862,2636
0.862,2635
0.862,2634
0.862,2633
0.862,2632
0.862,2631
0.862,2630
0.862,2629
0.862,2628
0.862,2627
0.862,2626
0.862,2625
0.862,2624
0.862,2623
0.862,2622
0.862,2621
0.862,2620
0.862,2619
0.863,2618
0.863,2617
0.863,2616
0.863,2615
0.863,2614
0.863,2613
0.863,2612
0.863,2611
0.863,2610
0.863,2609
0.863,2608
0.863,2607
0.863,2606
0.863,2605
0.863,2604
0.863,2603
0.863,2602
0.863,2601
0.863,2600
0.863,2599
0.863,2598
0.863,2597
0.863,2596
0.863,2595
0.864,2594
0.864,2593
0.864,2592
0.864,2591
0.864,2590
0.864,2589
0.864,2588
0.864,2587
0.864,2586
0.864,2585
0.864,2584
0.864,2583
0.864,2582
0.864,2581
0.864,2580
0.864,2579
0.864,2578
0.864,2577
0.864,2576
0.864,2575
0.864,2574
0.864,2573
0.865,2572
0.865,2571
0.865,2570
0.865,2569
0.865,2568
0.865,2567
0.865,2566
0.865,2565
0.865,2564
0.865,2563
0.865,2562
0.865,2561
0.865,2560
0.865,2559
0.865,2558
0.865,2557
0.865,2556
0.865,2555
0.865,2554
0.865,2553
0.865,2552
0.865,2551
0.865,2550
0.865,2549
0.865,2548
0.865,2547
0.865,2546
0.865,2545
0.866,2544
0.866,2543
0.866,2542
0.866,2541
0.866,2540
0.866,2539
0.866,2538
0.866,2537
0.866,2536
0.866,2535
0.866,2534
0.866,2533
0.866,2532
0.866,2531
0.866,2530
0.866,2529
0.866,2528
0.866,2527
0.866,2526
0.866,2525
0.867,2524
0.867,2523
0.867,2522
0.867,2521
0.867,2520
0.868,2519
0.868,2518
0.868,2517
0.868,2516
0.868,2515
0.868,2514
0.868,2513
0.868,2512
0.868,2511
0.868,2510
0.869,2509
0.869,2508
0.869,2507
0.869,2506
0.869,2505
0.869,2504
0.869,2503
0.869,2502
0.869,2501
0.869,2500
0.870,2499
0.870,2498
0.870,2497
0.870,2496
0.870,2495
0.870,2494
0.870,2493
0.870,2492
0.870,2491
0.871,2490
0.871,2489
0.871,2488
0.871,2487
0.871,2486
0.871,2485
0.871,2484
0.871,2483
0.871,2482
0.871,2481
0.871,2480
0.871,2479
0.872,2478
0.872,2477
0.872,2476
0.872,2475
0.872,2474
0.872,2473
0.872,2472
0.872,2471
0.872,2470
0.872,2469
0.873,2468
0.873,2467
0.873,2466
0.873,2465
0.873,2464
0.873,2463
0.873,2462
0.873,2461
0.873,2460
0.873,2459
0.873,2458
0.873,2457
0.873,2456
0.873,2455
0.873,2454
0.874,2453
0.874,2452
0.874,2451
0.874,2450
0.874,2449
0.874,2448
0.874,2447
0.874,2446
0.874,2445
0.874,2444
0.874,2443
0.874,2442
0.875,2441
0.875,2440
0.875,2439
0.875,2438
0.875,2437
0.875,2436
0.875,2435
0.875,2434
0.875,2433
0.875,2432
0.876,2431
0.876,2430
0.876,2429
0.876,2428
0.876,2427
0.876,2426
0.876,2425
0.876,2424
0.876,2423
0.876,2422
0.876,2421
0.877,2420
0.877,2419
0.877,2418
0.877,2417
0.877,2416
0.877,2415
0.877,2414
0.877,2413
0.877,2412
0.878,2411
0.878,2410
0.878,2409
0.878,2408
0.878,2407
0.878,2406
0.878,2405
0.878,2404
0.878,2403
0.879,2402
0.879,2401
0.879,2400
0.879,2399
0.879,2398
0.879,2397
0.879,2396
0.879,2395
0.879,2394
0.879,2393
0.879,2392
0.880,2391
0.880,2390
0.880,2389
0.880,2388
0.880,2387
0.880,2386
0.880,2385
0.881,2384
0.881,2383
0.881,2382
0.881,2381
0.881,2380
0.881,2379
0.881,2378
0.882,2377
0.882,2376
0.882,2375
0.882,2374
0.882,2373
0.882,2372
0.882,2371
0.882,2370
0.883,2369
0.883,2368
0.883,2367
0.883,2366
0.883,2365
0.883,2364
0.883,2363
0.883,2362
0.884,2361
0.884,2360
0.884,2359
0.885,2358
0.885,2357
0.885,2356
0.885,2355
0.885,2354
0.885,2353
0.885,2352
0.886,2351
0.886,2350
0.886,2349
0.886,2348
0.886,2347
0.886,2346
0.886,2345
0.886,2344
0.887,2343
0.887,2342
0.888,2341
0.888,2340
0.888,2339
0.888,2338
0.888,2337
0.888,2336
0.888,2335
0.888,2334
0.888,2333
0.888,2332
0.889,2331
0.889,2330
0.889,2329
0.889,2328
0.889,2327
0.889,2326
0.889,2325
0.889,2324
0.890,2323
0.890,2322
0.890,2321
0.890,2320
0.890,2319
0.891,2318
0.891,2317
0.891,2316
0.892,2315
0.892,2314
0.892,2313
0.892,2312
0.892,2311
0.893,2310
0.893,2309
0.893,2308
0.894,2307
0.894,2306
0.894,2305
0.894,2304
0.895,2303
0.895,2302
0.895,2301
0.895,2300
0.896,2299
0.896,2298
0.897,2297
0.897,2296
0.898,2295
0.899,2294
0.899,2293
0.899,2292
0.899,2291
0.899,2290
0.900,2289
0.901,2288
0.902,2287
0.902,2286
0.903,2285
0.903,2284
0.904,2283
0.904,2282
0.904,2281
0.905,2280
0.906,2279
0.906,2278
0.906,2277
0.906,2276
0.908,2275
0.909,2274
0.910,2273
0.911,2272
