0.159,3728
0.770,3727
0.770,3726
0.771,3725
0.771,3724
0.771,3723
0.771,3722
0.771,3721
0.772,3720
0.772,3719
0.772,3718
0.772,3717
0.772,3716
0.772,3715
0.772,3714
0.773,3713
0.773,3712
0.773,3711
0.773,3710
0.773,3709
0.773,3708
0.773,3707
0.774,3706
0.774,3705
0.774,3704
0.774,3703
0.774,3702
0.774,3701
0.774,3700
0.775,3699
0.775,3698
0.775,3697
0.775,3696
0.775,3695
0.775,3694
0.776,3693
0.776,3692
0.776,3691
0.776,3690
0.776,3689
0.776,3688
0.776,3687
0.776,3686
0.777,3685
0.777,3684
0.777,3683
0.777,3682
0.777,3681
0.777,3680
0.777,3679
0.777,3678
0.778,3677
0.778,3676
0.778,3675
0.778,3674
0.778,3673
0.778,3672
0.778,3671
0.779,3670
0.779,3669
0.779,3668
0.779,3667
0.779,3666
0.779,3665
0.780,3664
0.780,3663
0.780,3662
0.780,3661
0.780,3660
0.780,3659
0.780,3658
0.780,3657
0.780,3656
0.781,3655
0.781,3654
0.781,3653
0.781,3652
0.781,3651
0.781,3650
0.781,3649
0.782,3648
0.782,3647
0.782,3646
0.782,3645
0.782,3644
0.782,3643
0.783,3642
0.783,3641
0.783,3640
0.783,3639
0.783,3638
0.783,3637
0.783,3636
0.784,3635
0.784,3634
0.784,3633
0.784,3632
0.784,3631
0.784,3630
0.784,3629
0.785,3628
0.785,3627
0.785,3626
0.785,3625
0.785,3624
0.785,3623
0.785,3622
0.785,3621
0.785,3620
0.785,3619
0.785,3618
0.785,3617
0.785,3616
0.785,3615
0.786,3614
0.786,3613
0.786,3612
0.786,3611
0.786,3610
0.786,3609
0.786,3608
0.786,3607
0.786,3606
0.787,3605
0.787,3604
0.787,3603
0.787,3602
0.787,3601
0.787,3600
0.787,3599
0.788,3598
0.788,3597
0.788,3596
0.788,3595
0.788,3594
0.788,3593
0.788,3592
0.788,3591
0.788,3590
0.788,3589
0.788,3588
0.788,3587
0.788,3586
0.788,3585
0.788,3584
0.788,3583
0.788,3582
0.788,3581
0.788,3580
0.789,3579
0.789,3578
0.789,3577
0.789,3576
0.789,3575
0.789,3574
0.789,3573
0.789,3572
0.789,3571
0.789,3570
0.789,3569
0.789,3568
0.789,3567
0.789,3566
0.789,3565
0.789,3564
0.790,3563
0.790,3562
0.790,3561
0.790,3560
0.790,3559
0.790,3558
0.790,3557
0.790,3556
0.790,3555
0.790,3554
0.791,3553
0.791,3552
0.791,3551
0.791,3550
0.791,3549
0.791,3548
0.791,3547
0.791,3546
0.791,3545
0.791,3544
0.791,3543
0.791,3542
0.791,3541
0.791,3540
0.791,3539
0.791,3538
0.791,3537
0.792,3536
0.792,3535
0.792,3534
0.792,3533
0.792,3532
0.792,3531
0.792,3530
0.792,3529
0.792,3528
0.792,3527
0.792,3526
0.792,3525
0.792,3524
0.792,3523
0.792,3522
0.792,3521
0.792,3520
0.792,3519
0.792,3518
0.792,3517
0.792,3516
0.793,3515
0.793,3514
0.793,3513
0.793,3512
0.793,3511
0.793,3510
0.793,3509
0.793,3508
0.793,3507
0.793,3506
0.793,3505
0.793,3504
0.793,3503
0.793,3502
0.793,3501
0.793,3500
0.793,3499
0.793,3498
0.794,3497
0.794,3496
0.794,3495
0.794,3494
0.794,3493
0.794,3492
0.794,3491
0.794,3490
0.794,3489
0.794,3488
0.794,3487
0.794,3486
0.794,3485
0.794,3484
0.794,3483
0.794,3482
0.794,3481
0.794,3480
0.794,3479
0.794,3478
0.795,3477
0.795,3476
0.795,3475
0.795,3474
0.795,3473
0.795,3472
0.795,3471
0.795,3470
0.795,3469
0.795,3468
0.795,3467
0.795,3466
0.795,3465
0.795,3464
0.795,3463
0.795,3462
0.795,3461
0.795,3460
0.795,3459
0.796,3458
0.796,3457
0.796,3456
0.796,3455
0.796,3454
0.796,3453
0.796,3452
0.796,3451
0.796,3450
0.796,3449
0.796,3448
0.796,3447
0.796,3446
0.796,3445
0.796,3444
0.796,3443
0.796,3442
0.796,3441
0.796,3440
0.796,3439
0.796,3438
0.797,3437
0.797,3436
0.797,3435
0.797,3434
0.797,3433
0.797,3432
0.797,3431
0.797,3430
0.797,3429
0.797,3428
0.797,3427
0.797,3426
0.797,3425
0.797,3424
0.797,3423
0.797,3422
0.797,3421
0.797,3420
0.797,3419
0.797,3418
0.797,3417
0.797,3416
0.798,3415
0.798,3414
0.798,3413
0.798,3412
0.798,3411
0.798,3410
0.798,3409
0.799,3408
0.799,3407
0.799,3406
0.799,3405
0.799,3404
0.799,3403
0.799,3402
0.799,3401
0.799,3400
0.799,3399
0.799,3398
0.799,3397
0.799,3396
0.799,3395
0.799,3394
0.799,3393
0.799,3392
0.799,3391
0.799,3390
0.799,3389
0.799,3388
0.799,3387
0.799,3386
0.799,3385
0.799,3384
0.799,3383
0.799,3382
0.800,3381
0.800,3380
0.800,3379
0.800,3378
0.800,3377
0.800,3376
0.800,3375
0.800,3374
0.800,3373
0.800,3372
0.800,3371
0.800,3370
0.801,3369
0.801,3368
0.801,3367
0.801,3366
0.801,3365
0.801,3364
0.801,3363
0.801,3362
0.801,3361
0.801,3360
0.801,3359
0.801,3358
0.801,3357
0.801,3356
0.801,3355
0.801,3354
0.801,3353
0.801,3352
0.801,3351
0.801,3350
0.801,3349
0.801,3348
0.801,3347
0.802,3346
0.802,3345
0.802,3344
0.802,3343
0.802,3342
0.802,3341
0.802,3340
0.802,3339
0.802,3338
0.802,3337
0.802,3336
0.802,3335
0.802,3334
0.803,3333
0.803,3332
0.803,3331
0.803,3330
0.803,3329
0.803,3328
0.803,3327
0.803,3326
0.803,3325
0.803,3324
0.803,3323
0.803,3322
0.803,3321
0.804,3320
0.804,3319
0.804,3318
0.804,3317
0.804,3316
0.804,3315
0.804,3314
0.804,3313
0.804,3312
0.804,3311
0.804,3310
0.804,3309
0.804,3308
0.804,3307
0.804,3306
0.804,3305
0.804,3304
0.804,3303
0.804,3302
0.804,3301
0.804,3300
0.804,3299
0.804,3298
0.804,3297
0.804,3296
0.804,3295
0.804,3294
0.804,3293
0.804,3292
0.805,3291
0.805,3290
0.805,3289
0.805,3288
0.805,3287
0.805,3286
0.805,3285
0.805,3284
0.805,3283
0.805,3282
0.805,3281
0.805,3280
0.805,3279
0.805,3278
0.805,3277
0.805,3276
0.805,3275
0.805,3274
0.805,3273
0.805,3272
0.805,3271
0.805,3270
0.805,3269
0.805,3268
0.805,3267
0.805,3266
0.805,3265
0.805,3264
0.805,3263
0.805,3262
0.805,3261
0.805,3260
0.805,3259
0.806,3258
0.806,3257
0.806,3256
0.806,3255
0.806,3254
0.806,3253
0.806,3252
0.806,3251
0.806,3250
0.806,3249
0.806,3248
0.806,3247
0.806,3246
0.806,3245
0.806,3244
0.806,3243
0.806,3242
0.806,3241
0.806,3240
0.806,3239
0.806,3238
0.806,3237
0.806,3236
0.806,3235
0.806,3234
0.806,3233
0.806,3232
0.806,3231
0.806,3230
0.806,3229
0.806,3228
0.806,3227
0.806,3226
0.806,3225
0.807,3224
0.807,3223
0.807,3222
0.807,3221
0.807,3220
0.807,3219
0.807,3218
0.807,3217
0.807,3216
0.807,3215
0.807,3214
0.807,3213
0.807,3212
0.807,3211
0.807,3210
0.807,3209
0.807,3208
0.807,3207
0.807,3206
0.807,3205
0.807,3204
0.807,3203
0.807,3202
0.807,3201
0.807,3200
0.807,3199
0.807,3198
0.808,3197
0.808,3196
0.808,3195
0.808,3194
0.808,3193
0.808,3192
0.808,3191
0.808,3190
0.808,3189
0.808,3188
0.808,3187
0.808,3186
0.808,3185
0.808,3184
0.808,3183
0.808,3182
0.808,3181
0.808,3180
0.808,3179
0.808,3178
0.808,3177
0.808,3176
0.808,3175
0.808,3174
0.808,3173
0.808,3172
0.808,3171
0.808,3170
0.808,3169
0.808,3168
0.808,3167
0.808,3166
0.808,3165
0.809,3164
0.809,3163
0.809,3162
0.809,3161
0.809,3160
0.809,3159
0.809,3158
0.809,3157
0.809,3156
0.809,3155
0.809,3154
0.809,3153
0.809,3152
0.809,3151
0.809,3150
0.809,3149
0.809,3148
0.809,3147
0.809,3146
0.809,3145
0.809,3144
0.810,3143
0.810,3142
0.810,3141
0.810,3140
0.810,3139
0.810,3138
0.810,3137
0.810,3136
0.810,3135
0.810,3134
0.810,3133
0.810,3132
0.810,3131
0.810,3130
0.810,3129
0.810,3128
0.810,3127
0.810,3126
0.810,3125
0.810,3124
0.810,3123
0.810,3122
0.811,3121
0.811,3120
0.811,3119
0.811,3118
0.811,3117
0.811,3116
0.811,3115
0.811,3114
0.811,3113
0.811,3112
0.811,3111
0.811,3110
0.811,3109
0.811,3108
0.811,3107
0.811,3106
0.811,3105
0.811,3104
0.811,3103
0.811,3102
0.811,3101
0.812,3100
0.812,3099
0.812,3098
0.812,3097
0.812,3096
0.812,3095
0.812,3094
0.812,3093
0.812,3092
0.812,3091
0.812,3090
0.812,3089
0.812,3088
0.812,3087
0.812,3086
0.812,3085
0.812,3084
0.812,3083
0.812,3082
0.812,3081
0.812,3080
0.813,3079
0.813,3078
0.813,3077
0.813,3076
0.813,3075
0.813,3074
0.813,3073
0.813,3072
0.813,3071
0.813,3070
0.813,3069
0.813,3068
0.813,3067
0.813,3066
0.813,3065
0.813,3064
0.813,3063
0.813,3062
0.813,3061
0.813,3060
0.813,3059
0.813,3058
0.814,3057
0.814,3056
0.814,3055
0.814,3054
0.814,3053
0.814,3052
0.814,3051
0.814,3050
0.814,3049
0.814,3048
0.814,3047
0.814,3046
0.815,3045
0.815,3044
0.815,3043
0.815,3042
0.815,3041
0.815,3040
0.815,3039
0.815,3038
0.815,3037
0.815,3036
0.815,3035
0.815,3034
0.815,3033
0.815,3032
0.815,3031
0.815,3030
0.816,3029
0.816,3028
0.816,3027
0.816,3026
0.816,3025
0.816,3024
0.816,3023
0.816,3022
0.816,3021
0.816,3020
0.816,3019
0.816,3018
0.816,3017
0.816,3016
0.816,3015
0.816,3014
0.816,3013
0.816,3012
0.816,3011
0.816,3010
0.817,3009
0.817,3008
0.817,3007
0.817,3006
0.817,3005
0.817,3004
0.817,3003
0.817,3002
0.817,3001
0.817,3000
0.817,2999
0.817,2998
0.817,2997
0.817,2996
0.817,2995
0.817,2994
0.817,2993
0.817,2992
0.817,2991
0.817,2990
0.817,2989
0.817,2988
0.817,2987
0.817,2986
0.817,2985
0.817,2984
0.817,2983
0.817,2982
0.817,2981
0.817,2980
0.818,2979
0.818,2978
0.818,2977
0.818,2976
0.818,2975
0.818,2974
0.818,2973
0.818,2972
0.818,2971
0.818,2970
0.818,2969
0.818,2968
0.818,2967
0.818,2966
0.818,2965
0.818,2964
0.818,2963
0.818,2962
0.818,2961
0.818,2960
0.818,2959
0.818,2958
0.818,2957
0.818,2956
0.818,2955
0.818,2954
0.818,2953
0.819,2952
0.819,2951
0.819,2950
0.819,2949
0.819,2948
0.819,2947
0.819,2946
0.819,2945
0.819,2944
0.819,2943
0.819,2942
0.819,2941
0.820,2940
0.820,2939
0.820,2938
0.820,2937
0.820,2936
0.820,2935
0.820,2934
0.820,2933
0.820,2932
0.820,2931
0.820,2930
0.820,2929
0.820,2928
0.820,2927
0.820,2926
0.820,2925
0.820,2924
0.820,2923
0.820,2922
0.820,2921
0.820,2920
0.820,2919
0.820,2918
0.820,2917
0.820,2916
0.821,2915
0.821,2914
0.821,2913
0.821,2912
0.821,2911
0.821,2910
0.821,2909
0.821,2908
0.821,2907
0.821,2906
0.821,2905
0.821,2904
0.821,2903
0.821,2902
0.821,2901
0.821,2900
0.821,2899
0.821,2898
0.821,2897
0.821,2896
0.821,2895
0.821,2894
0.821,2893
0.822,2892
0.822,2891
0.822,2890
0.822,2889
0.822,2888
0.822,2887
0.822,2886
0.822,2885
0.822,2884
0.822,2883
0.822,2882
0.822,2881
0.822,2880
0.822,2879
0.822,2878
0.822,2877
0.822,2876
0.822,2875
0.822,2874
0.822,2873
0.822,2872
0.822,2871
0.822,2870
0.823,2869
0.823,2868
0.823,2867
0.823,2866
0.823,2865
0.823,2864
0.823,2863
0.823,2862
0.823,2861
0.823,2860
0.823,2859
0.823,2858
0.823,2857
0.823,2856
0.823,2855
0.823,2854
0.823,2853
0.823,2852
0.823,2851
0.823,2850
0.823,2849
0.823,2848
0.823,2847
0.824,2846
0.824,2845
0.824,2844
0.824,2843
0.824,2842
0.824,2841
0.824,2840
0.824,2839
0.824,2838
0.824,2837
0.824,2836
0.824,2835
0.824,2834
0.824,2833
0.824,2832
0.824,2831
0.824,2830
0.824,2829
0.824,2828
0.824,2827
0.824,2826
0.824,2825
0.824,2824
0.824,2823
0.824,2822
0.825,2821
0.825,2820
0.825,2819
0.825,2818
0.825,2817
0.825,2816
0.825,2815
0.825,2814
0.825,2813
0.825,2812
0.825,2811
0.825,2810
0.825,2809
0.825,2808
0.825,2807
0.825,2806
0.825,2805
0.825,2804
0.825,2803
0.825,2802
0.825,2801
0.825,2800
0.825,2799
0.826,2798
0.826,2797
0.826,2796
0.826,2795
0.826,2794
0.826,2793
0.826,2792
0.826,2791
0.826,2790
0.826,2789
0.826,2788
0.826,2787
0.826,2786
0.826,2785
0.826,2784
0.826,2783
0.826,2782
0.826,2781
0.826,2780
0.826,2779
0.826,2778
0.826,2777
0.826,2776
0.826,2775
0.826,2774
0.827,2773
0.827,2772
0.827,2771
0.827,2770
0.827,2769
0.827,2768
0.827,2767
0.827,2766
0.827,2765
0.827,2764
0.827,2763
0.827,2762
0.827,2761
0.827,2760
0.827,2759
0.827,2758
0.827,2757
0.827,2756
0.827,2755
0.827,2754
0.827,2753
0.827,2752
0.827,2751
0.827,2750
0.827,2749
0.828,2748
0.828,2747
0.828,2746
0.828,2745
0.828,2744
0.828,2743
0.828,2742
0.828,2741
0.828,2740
0.828,2739
0.828,2738
0.828,2737
0.828,2736
0.828,2735
0.828,2734
0.828,2733
0.828,2732
0.828,2731
0.828,2730
0.828,2729
0.828,2728
0.828,2727
0.828,2726
0.828,2725
0.828,2724
0.828,2723
0.828,2722
0.829,2721
0.829,2720
0.829,2719
0.829,2718
0.829,2717
0.829,2716
0.829,2715
0.829,2714
0.829,2713
0.829,2712
0.829,2711
0.829,2710
0.829,2709
0.829,2708
0.829,2707
0.829,2706
0.829,2705
0.829,2704
0.829,2703
0.829,2702
0.829,2701
0.829,2700
0.830,2699
0.830,2698
0.830,2697
0.830,2696
0.830,2695
0.830,2694
0.830,2693
0.830,2692
0.830,2691
0.830,2690
0.830,2689
0.830,2688
0.830,2687
0.830,2686
0.830,2685
0.830,2684
0.830,2683
0.830,2682
0.830,2681
0.830,2680
0.830,2679
0.831,2678
0.831,2677
0.831,2676
0.831,2675
0.831,2674
0.831,2673
0.831,2672
0.831,2671
0.831,2670
0.831,2669
0.831,2668
0.831,2667
0.831,2666
0.831,2665
0.831,2664
0.831,2663
0.831,2662
0.831,2661
0.831,2660
0.831,2659
0.832,2658
0.832,2657
0.832,2656
0.832,2655
0.832,2654
0.832,2653
0.832,2652
0.832,2651
0.832,2650
0.832,2649
0.832,2648
0.832,2647
0.832,2646
0.832,2645
0.832,2644
0.832,2643
0.832,2642
0.832,2641
0.832,2640
0.832,2639
0.832,2638
0.833,2637
0.833,2636
0.833,2635
0.833,2634
0.833,2633
0.833,2632
0.833,2631
0.833,2630
0.833,2629
0.833,2628
0.833,2627
0.833,2626
0.833,2625
0.833,2624
0.833,2623
0.833,2622
0.833,2621
0.833,2620
0.833,2619
0.833,2618
0.833,2617
0.833,2616
0.833,2615
0.833,2614
0.833,2613
0.834,2612
0.834,2611
0.834,2610
0.834,2609
0.834,2608
0.834,2607
0.834,2606
0.834,2605
0.834,2604
0.834,2603
0.834,2602
0.834,2601
0.834,2600
0.834,2599
0.834,2598
0.834,2597
0.834,2596
0.834,2595
0.834,2594
0.834,2593
0.834,2592
0.834,2591
0.834,2590
0.834,2589
0.834,2588
0.834,2587
0.835,2586
0.835,2585
0.835,2584
0.835,2583
0.835,2582
0.835,2581
0.835,2580
0.835,2579
0.835,2578
0.835,2577
0.835,2576
0.835,2575
0.835,2574
0.835,2573
0.835,2572
0.835,2571
0.835,2570
0.835,2569
0.835,2568
0.835,2567
0.835,2566
0.835,2565
0.835,2564
0.835,2563
0.836,2562
0.836,2561
0.836,2560
0.836,2559
0.836,2558
0.836,2557
0.836,2556
0.836,2555
0.836,2554
0.836,2553
0.836,2552
0.836,2551
0.836,2550
0.836,2549
0.836,2548
0.836,2547
0.836,2546
0.836,2545
0.836,2544
0.836,2543
0.836,2542
0.836,2541
0.836,2540
0.836,2539
0.836,2538
0.836,2537
0.836,2536
0.836,2535
0.837,2534
0.837,2533
0.837,2532
0.837,2531
0.837,2530
0.837,2529
0.837,2528
0.837,2527
0.837,2526
0.837,2525
0.837,2524
0.837,2523
0.837,2522
0.837,2521
0.838,2520
0.838,2519
0.838,2518
0.838,2517
0.838,2516
0.838,2515
0.838,2514
0.838,2513
0.839,2512
0.839,2511
0.839,2510
0.839,2509
0.839,2508
0.839,2507
0.839,2506
0.839,2505
0.839,2504
0.839,2503
0.840,2502
0.840,2501
0.840,2500
0.840,2499
0.840,2498
0.840,2497
0.840,2496
0.840,2495
0.840,2494
0.840,2493
0.840,2492
0.840,2491
0.841,2490
0.841,2489
0.841,2488
0.841,2487
0.841,2486
0.841,2485
0.841,2484
0.841,2483
0.841,2482
0.841,2481
0.841,2480
0.841,2479
0.842,2478
0.842,2477
0.842,2476
0.842,2475
0.842,2474
0.842,2473
0.842,2472
0.842,2471
0.842,2470
0.842,2469
0.842,2468
0.842,2467
0.842,2466
0.842,2465
0.842,2464
0.842,2463
0.843,2462
0.843,2461
0.843,2460
0.843,2459
0.843,2458
0.843,2457
0.843,2456
0.843,2455
0.843,2454
0.843,2453
0.844,2452
0.844,2451
0.844,2450
0.844,2449
0.844,2448
0.844,2447
0.844,2446
0.844,2445
0.844,2444
0.844,2443
0.844,2442
0.845,2441
0.845,2440
0.845,2439
0.845,2438
0.845,2437
0.845,2436
0.845,2435
0.845,2434
0.845,2433
0.845,2432
0.845,2431
0.845,2430
0.846,2429
0.846,2428
0.846,2427
0.846,2426
0.846,2425
0.846,2424
0.846,2423
0.846,2422
0.846,2421
0.847,2420
0.847,2419
0.847,2418
0.847,2417
0.847,2416
0.847,2415
0.848,2414
0.848,2413
0.848,2412
0.848,2411
0.848,2410
0.848,2409
0.848,2408
0.848,2407
0.848,2406
0.848,2405
0.848,2404
0.848,2403
0.849,2402
0.849,2401
0.849,2400
0.849,2399
0.849,2398
0.849,2397
0.849,2396
0.849,2395
0.849,2394
0.849,2393
0.849,2392
0.849,2391
0.849,2390
0.850,2389
0.850,2388
0.850,2387
0.850,2386
0.850,2385
0.850,2384
0.850,2383
0.850,2382
0.850,2381
0.850,2380
0.851,2379
0.851,2378
0.851,2377
0.851,2376
0.851,2375
0.851,2374
0.852,2373
0.852,2372
0.853,2371
0.853,2370
0.853,2369
0.853,2368
0.853,2367
0.853,2366
0.853,2365
0.854,2364
0.854,2363
0.854,2362
0.855,2361
0.855,2360
0.855,2359
0.855,2358
0.855,2357
0.855,2356
0.855,2355
0.856,2354
0.856,2353
0.856,2352
0.856,2351
0.857,2350
0.857,2349
0.857,2348
0.857,2347
0.857,2346
0.857,2345
0.857,2344
0.857,2343
0.857,2342
0.857,2341
0.857,2340
0.857,2339
0.857,2338
0.857,2337
0.857,2336
0.858,2335
0.858,2334
0.858,2333
0.858,2332
0.858,2331
0.858,2330
0.858,2329
0.858,2328
0.858,2327
0.858,2326
0.858,2325
0.858,2324
0.858,2323
0.859,2322
0.859,2321
0.859,2320
0.859,2319
0.860,2318
0.860,2317
0.860,2316
0.860,2315
0.860,2314
0.860,2313
0.861,2312
0.861,2311
0.862,2310
0.862,2309
0.862,2308
0.862,2307
0.863,2306
0.863,2305
0.863,2304
0.863,2303
0.864,2302
0.864,2301
0.864,2300
0.864,2299
0.865,2298
0.865,2297
0.865,2296
0.866,2295
0.866,2294
0.867,2293
0.867,2292
0.867,2291
0.868,2290
0.868,2289
0.869,2288
0.869,2287
0.869,2286
0.870,2285
0.871,2284
0.871,2283
0.872,2282
0.872,2281
0.873,2280
0.873,2279
0.873,2278
0.874,2277
0.875,2276
0.875,2275
0.875,2274
0.876,2273
0.876,2272
0.877,2271
0.879,2270
0.880,2269
0.881,2268
