0.143,3726
0.793,3725
0.793,3724
0.793,3723
0.793,3722
0.793,3721
0.793,3720
0.794,3719
0.794,3718
0.794,3717
0.794,3716
0.794,3715
0.794,3714
0.795,3713
0.795,3712
0.795,3711
0.795,3710
0.795,3709
0.795,3708
0.795,3707
0.796,3706
0.796,3705
0.796,3704
0.796,3703
0.796,3702
0.796,3701
0.797,3700
0.797,3699
0.797,3698
0.797,3697
0.797,3696
0.797,3695
0.798,3694
0.798,3693
0.798,3692
0.798,3691
0.798,3690
0.798,3689
0.798,3688
0.799,3687
0.799,3686
0.799,3685
0.799,3684
0.799,3683
0.799,3682
0.799,3681
0.800,3680
0.800,3679
0.800,3678
0.800,3677
0.800,3676
0.800,3675
0.800,3674
0.801,3673
0.801,3672
0.801,3671
0.801,3670
0.801,3669
0.801,3668
0.801,3667
0.802,3666
0.802,3665
0.802,3664
0.802,3663
0.802,3662
0.802,3661
0.802,3660
0.803,3659
0.803,3658
0.803,3657
0.803,3656
0.803,3655
0.803,3654
0.803,3653
0.803,3652
0.803,3651
0.804,3650
0.804,3649
0.804,3648
0.804,3647
0.804,3646
0.804,3645
0.804,3644
0.805,3643
0.805,3642
0.805,3641
0.805,3640
0.805,3639
0.805,3638
0.805,3637
0.805,3636
0.806,3635
0.806,3634
0.806,3633
0.806,3632
0.806,3631
0.806,3630
0.807,3629
0.807,3628
0.807,3627
0.807,3626
0.807,3625
0.807,3624
0.807,3623
0.807,3622
0.807,3621
0.807,3620
0.808,3619
0.808,3618
0.808,3617
0.808,3616
0.808,3615
0.808,3614
0.808,3613
0.808,3612
0.808,3611
0.808,3610
0.808,3609
0.808,3608
0.809,3607
0.809,3606
0.809,3605
0.809,3604
0.809,3603
0.809,3602
0.809,3601
0.809,3600
0.809,3599
0.809,3598
0.809,3597
0.810,3596
0.810,3595
0.810,3594
0.810,3593
0.810,3592
0.810,3591
0.810,3590
0.810,3589
0.810,3588
0.810,3587
0.810,3586
0.810,3585
0.810,3584
0.810,3583
0.810,3582
0.810,3581
0.810,3580
0.810,3579
0.811,3578
0.811,3577
0.811,3576
0.811,3575
0.811,3574
0.811,3573
0.811,3572
0.811,3571
0.811,3570
0.811,3569
0.811,3568
0.811,3567
0.811,3566
0.812,3565
0.812,3564
0.812,3563
0.812,3562
0.812,3561
0.812,3560
0.812,3559
0.812,3558
0.812,3557
0.812,3556
0.812,3555
0.812,3554
0.813,3553
0.813,3552
0.813,3551
0.813,3550
0.813,3549
0.813,3548
0.813,3547
0.813,3546
0.813,3545
0.813,3544
0.813,3543
0.813,3542
0.813,3541
0.813,3540
0.813,3539
0.813,3538
0.813,3537
0.814,3536
0.814,3535
0.814,3534
0.814,3533
0.814,3532
0.814,3531
0.814,3530
0.815,3529
0.815,3528
0.815,3527
0.815,3526
0.815,3525
0.815,3524
0.815,3523
0.815,3522
0.815,3521
0.815,3520
0.815,3519
0.815,3518
0.815,3517
0.815,3516
0.815,3515
0.815,3514
0.815,3513
0.815,3512
0.815,3511
0.815,3510
0.816,3509
0.816,3508
0.816,3507
0.816,3506
0.816,3505
0.816,3504
0.816,3503
0.816,3502
0.816,3501
0.816,3500
0.816,3499
0.816,3498
0.816,3497
0.816,3496
0.816,3495
0.816,3494
0.816,3493
0.816,3492
0.816,3491
0.816,3490
0.816,3489
0.817,3488
0.817,3487
0.817,3486
0.817,3485
0.817,3484
0.817,3483
0.817,3482
0.817,3481
0.817,3480
0.817,3479
0.817,3478
0.817,3477
0.817,3476
0.817,3475
0.817,3474
0.817,3473
0.817,3472
0.817,3471
0.818,3470
0.818,3469
0.818,3468
0.818,3467
0.818,3466
0.818,3465
0.818,3464
0.818,3463
0.818,3462
0.818,3461
0.818,3460
0.818,3459
0.818,3458
0.818,3457
0.818,3456
0.818,3455
0.818,3454
0.818,3453
0.818,3452
0.818,3451
0.818,3450
0.818,3449
0.818,3448
0.819,3447
0.819,3446
0.819,3445
0.819,3444
0.819,3443
0.819,3442
0.819,3441
0.819,3440
0.819,3439
0.819,3438
0.819,3437
0.819,3436
0.819,3435
0.819,3434
0.819,3433
0.819,3432
0.819,3431
0.819,3430
0.819,3429
0.819,3428
0.819,3427
0.819,3426
0.819,3425
0.820,3424
0.820,3423
0.820,3422
0.820,3421
0.820,3420
0.820,3419
0.820,3418
0.820,3417
0.820,3416
0.820,3415
0.820,3414
0.820,3413
0.820,3412
0.820,3411
0.820,3410
0.820,3409
0.820,3408
0.820,3407
0.820,3406
0.820,3405
0.820,3404
0.820,3403
0.821,3402
0.821,3401
0.821,3400
0.821,3399
0.821,3398
0.821,3397
0.821,3396
0.821,3395
0.821,3394
0.821,3393
0.821,3392
0.821,3391
0.821,3390
0.821,3389
0.821,3388
0.821,3387
0.821,3386
0.821,3385
0.821,3384
0.821,3383
0.821,3382
0.821,3381
0.821,3380
0.821,3379
0.822,3378
0.822,3377
0.822,3376
0.822,3375
0.822,3374
0.822,3373
0.822,3372
0.822,3371
0.822,3370
0.822,3369
0.822,3368
0.822,3367
0.822,3366
0.823,3365
0.823,3364
0.823,3363
0.823,3362
0.823,3361
0.823,3360
0.824,3359
0.824,3358
0.824,3357
0.824,3356
0.824,3355
0.824,3354
0.824,3353
0.824,3352
0.824,3351
0.824,3350
0.824,3349
0.824,3348
0.824,3347
0.824,3346
0.824,3345
0.824,3344
0.824,3343
0.824,3342
0.824,3341
0.824,3340
0.824,3339
0.824,3338
0.824,3337
0.824,3336
0.824,3335
0.825,3334
0.825,3333
0.825,3332
0.825,3331
0.825,3330
0.825,3329
0.825,3328
0.825,3327
0.825,3326
0.825,3325
0.825,3324
0.825,3323
0.825,3322
0.825,3321
0.825,3320
0.825,3319
0.825,3318
0.825,3317
0.825,3316
0.825,3315
0.825,3314
0.825,3313
0.825,3312
0.825,3311
0.825,3310
0.825,3309
0.825,3308
0.825,3307
0.825,3306
0.825,3305
0.826,3304
0.826,3303
0.826,3302
0.826,3301
0.826,3300
0.826,3299
0.826,3298
0.826,3297
0.826,3296
0.826,3295
0.826,3294
0.826,3293
0.826,3292
0.826,3291
0.826,3290
0.826,3289
0.826,3288
0.826,3287
0.826,3286
0.826,3285
0.826,3284
0.826,3283
0.826,3282
0.826,3281
0.826,3280
0.826,3279
0.826,3278
0.827,3277
0.827,3276
0.827,3275
0.827,3274
0.827,3273
0.827,3272
0.827,3271
0.827,3270
0.827,3269
0.827,3268
0.827,3267
0.827,3266
0.827,3265
0.827,3264
0.827,3263
0.827,3262
0.827,3261
0.827,3260
0.827,3259
0.827,3258
0.827,3257
0.827,3256
0.827,3255
0.827,3254
0.827,3253
0.827,3252
0.827,3251
0.827,3250
0.827,3249
0.827,3248
0.827,3247
0.827,3246
0.828,3245
0.828,3244
0.828,3243
0.828,3242
0.828,3241
0.828,3240
0.828,3239
0.828,3238
0.828,3237
0.828,3236
0.828,3235
0.828,3234
0.828,3233
0.828,3232
0.828,3231
0.828,3230
0.828,3229
0.828,3228
0.828,3227
0.828,3226
0.828,3225
0.828,3224
0.828,3223
0.828,3222
0.828,3221
0.828,3220
0.828,3219
0.828,3218
0.828,3217
0.828,3216
0.828,3215
0.829,3214
0.829,3213
0.829,3212
0.829,3211
0.829,3210
0.829,3209
0.829,3208
0.829,3207
0.829,3206
0.829,3205
0.829,3204
0.829,3203
0.829,3202
0.829,3201
0.829,3200
0.829,3199
0.829,3198
0.829,3197
0.829,3196
0.829,3195
0.829,3194
0.829,3193
0.829,3192
0.829,3191
0.829,3190
0.829,3189
0.829,3188
0.829,3187
0.830,3186
0.830,3185
0.830,3184
0.830,3183
0.830,3182
0.830,3181
0.830,3180
0.830,3179
0.830,3178
0.830,3177
0.830,3176
0.830,3175
0.830,3174
0.830,3173
0.831,3172
0.831,3171
0.831,3170
0.831,3169
0.831,3168
0.831,3167
0.831,3166
0.831,3165
0.831,3164
0.831,3163
0.831,3162
0.831,3161
0.831,3160
0.831,3159
0.831,3158
0.831,3157
0.831,3156
0.831,3155
0.831,3154
0.831,3153
0.831,3152
0.831,3151
0.832,3150
0.832,3149
0.832,3148
0.832,3147
0.832,3146
0.832,3145
0.832,3144
0.832,3143
0.832,3142
0.832,3141
0.832,3140
0.832,3139
0.832,3138
0.832,3137
0.832,3136
0.832,3135
0.832,3134
0.832,3133
0.832,3132
0.832,3131
0.832,3130
0.832,3129
0.832,3128
0.832,3127
0.832,3126
0.833,3125
0.833,3124
0.833,3123
0.833,3122
0.833,3121
0.833,3120
0.833,3119
0.833,3118
0.833,3117
0.833,3116
0.833,3115
0.833,3114
0.833,3113
0.833,3112
0.833,3111
0.833,3110
0.833,3109
0.833,3108
0.833,3107
0.833,3106
0.834,3105
0.834,3104
0.834,3103
0.834,3102
0.834,3101
0.834,3100
0.834,3099
0.834,3098
0.834,3097
0.834,3096
0.834,3095
0.834,3094
0.834,3093
0.834,3092
0.834,3091
0.834,3090
0.834,3089
0.834,3088
0.834,3087
0.834,3086
0.835,3085
0.835,3084
0.835,3083
0.835,3082
0.835,3081
0.835,3080
0.835,3079
0.835,3078
0.835,3077
0.835,3076
0.835,3075
0.835,3074
0.835,3073
0.835,3072
0.835,3071
0.835,3070
0.835,3069
0.835,3068
0.835,3067
0.835,3066
0.836,3065
0.836,3064
0.836,3063
0.836,3062
0.836,3061
0.836,3060
0.836,3059
0.836,3058
0.836,3057
0.836,3056
0.836,3055
0.836,3054
0.836,3053
0.836,3052
0.836,3051
0.836,3050
0.836,3049
0.836,3048
0.836,3047
0.836,3046
0.836,3045
0.836,3044
0.837,3043
0.837,3042
0.837,3041
0.837,3040
0.837,3039
0.837,3038
0.837,3037
0.837,3036
0.837,3035
0.837,3034
0.837,3033
0.838,3032
0.838,3031
0.838,3030
0.838,3029
0.838,3028
0.838,3027
0.838,3026
0.838,3025
0.838,3024
0.838,3023
0.838,3022
0.838,3021
0.838,3020
0.838,3019
0.838,3018
0.838,3017
0.838,3016
0.838,3015
0.838,3014
0.838,3013
0.838,3012
0.838,3011
0.838,3010
0.838,3009
0.838,3008
0.839,3007
0.839,3006
0.839,3005
0.839,3004
0.839,3003
0.839,3002
0.839,3001
0.839,3000
0.839,2999
0.839,2998
0.839,2997
0.839,2996
0.839,2995
0.839,2994
0.839,2993
0.839,2992
0.839,2991
0.839,2990
0.839,2989
0.839,2988
0.839,2987
0.839,2986
0.839,2985
0.839,2984
0.839,2983
0.839,2982
0.840,2981
0.840,2980
0.840,2979
0.840,2978
0.840,2977
0.840,2976
0.840,2975
0.840,2974
0.840,2973
0.840,2972
0.840,2971
0.840,2970
0.840,2969
0.840,2968
0.840,2967
0.840,2966
0.840,2965
0.840,2964
0.840,2963
0.840,2962
0.840,2961
0.840,2960
0.840,2959
0.840,2958
0.840,2957
0.840,2956
0.840,2955
0.841,2954
0.841,2953
0.841,2952
0.841,2951
0.841,2950
0.841,2949
0.841,2948
0.841,2947
0.841,2946
0.841,2945
0.841,2944
0.841,2943
0.841,2942
0.841,2941
0.841,2940
0.841,2939
0.841,2938
0.841,2937
0.841,2936
0.841,2935
0.841,2934
0.841,2933
0.841,2932
0.841,2931
0.841,2930
0.841,2929
0.841,2928
0.842,2927
0.842,2926
0.842,2925
0.842,2924
0.842,2923
0.842,2922
0.842,2921
0.842,2920
0.842,2919
0.842,2918
0.842,2917
0.842,2916
0.842,2915
0.842,2914
0.842,2913
0.842,2912
0.842,2911
0.842,2910
0.842,2909
0.842,2908
0.843,2907
0.843,2906
0.843,2905
0.843,2904
0.843,2903
0.843,2902
0.843,2901
0.843,2900
0.843,2899
0.843,2898
0.843,2897
0.843,2896
0.843,2895
0.843,2894
0.843,2893
0.843,2892
0.843,2891
0.843,2890
0.844,2889
0.844,2888
0.844,2887
0.844,2886
0.844,2885
0.844,2884
0.844,2883
0.844,2882
0.844,2881
0.844,2880
0.844,2879
0.844,2878
0.844,2877
0.844,2876
0.844,2875
0.844,2874
0.844,2873
0.844,2872
0.844,2871
0.844,2870
0.844,2869
0.844,2868
0.844,2867
0.844,2866
0.844,2865
0.844,2864
0.845,2863
0.845,2862
0.845,2861
0.845,2860
0.845,2859
0.845,2858
0.845,2857
0.845,2856
0.845,2855
0.845,2854
0.845,2853
0.845,2852
0.845,2851
0.845,2850
0.845,2849
0.845,2848
0.845,2847
0.845,2846
0.845,2845
0.845,2844
0.846,2843
0.846,2842
0.846,2841
0.846,2840
0.846,2839
0.846,2838
0.846,2837
0.846,2836
0.846,2835
0.846,2834
0.846,2833
0.846,2832
0.846,2831
0.846,2830
0.846,2829
0.846,2828
0.846,2827
0.846,2826
0.846,2825
0.846,2824
0.846,2823
0.846,2822
0.847,2821
0.847,2820
0.847,2819
0.847,2818
0.847,2817
0.847,2816
0.847,2815
0.847,2814
0.847,2813
0.847,2812
0.847,2811
0.847,2810
0.847,2809
0.847,2808
0.847,2807
0.847,2806
0.847,2805
0.847,2804
0.847,2803
0.847,2802
0.847,2801
0.847,2800
0.847,2799
0.847,2798
0.847,2797
0.848,2796
0.848,2795
0.848,2794
0.848,2793
0.848,2792
0.848,2791
0.848,2790
0.848,2789
0.848,2788
0.848,2787
0.848,2786
0.848,2785
0.848,2784
0.848,2783
0.848,2782
0.848,2781
0.848,2780
0.848,2779
0.848,2778
0.848,2777
0.848,2776
0.848,2775
0.848,2774
0.849,2773
0.849,2772
0.849,2771
0.849,2770
0.849,2769
0.849,2768
0.849,2767
0.849,2766
0.849,2765
0.849,2764
0.849,2763
0.849,2762
0.849,2761
0.849,2760
0.849,2759
0.849,2758
0.849,2757
0.849,2756
0.849,2755
0.849,2754
0.849,2753
0.849,2752
0.849,2751
0.849,2750
0.849,2749
0.849,2748
0.849,2747
0.850,2746
0.850,2745
0.850,2744
0.850,2743
0.850,2742
0.850,2741
0.850,2740
0.850,2739
0.850,2738
0.850,2737
0.850,2736
0.850,2735
0.850,2734
0.850,2733
0.850,2732
0.850,2731
0.850,2730
0.850,2729
0.850,2728
0.850,2727
0.850,2726
0.850,2725
0.850,2724
0.850,2723
0.851,2722
0.851,2721
0.851,2720
0.851,2719
0.851,2718
0.851,2717
0.851,2716
0.851,2715
0.851,2714
0.851,2713
0.851,2712
0.851,2711
0.851,2710
0.851,2709
0.851,2708
0.851,2707
0.851,2706
0.851,2705
0.851,2704
0.852,2703
0.852,2702
0.852,2701
0.852,2700
0.852,2699
0.852,2698
0.852,2697
0.852,2696
0.852,2695
0.852,2694
0.852,2693
0.852,2692
0.852,2691
0.852,2690
0.852,2689
0.852,2688
0.852,2687
0.852,2686
0.852,2685
0.852,2684
0.852,2683
0.852,2682
0.852,2681
0.852,2680
0.853,2679
0.853,2678
0.853,2677
0.853,2676
0.853,2675
0.853,2674
0.853,2673
0.853,2672
0.853,2671
0.853,2670
0.853,2669
0.853,2668
0.853,2667
0.853,2666
0.853,2665
0.853,2664
0.853,2663
0.853,2662
0.853,2661
0.853,2660
0.853,2659
0.853,2658
0.853,2657
0.853,2656
0.854,2655
0.854,2654
0.854,2653
0.854,2652
0.854,2651
0.854,2650
0.854,2649
0.854,2648
0.854,2647
0.854,2646
0.854,2645
0.854,2644
0.854,2643
0.854,2642
0.854,2641
0.854,2640
0.854,2639
0.854,2638
0.854,2637
0.854,2636
0.854,2635
0.854,2634
0.854,2633
0.854,2632
0.855,2631
0.855,2630
0.855,2629
0.855,2628
0.855,2627
0.855,2626
0.855,2625
0.855,2624
0.855,2623
0.855,2622
0.855,2621
0.855,2620
0.855,2619
0.855,2618
0.855,2617
0.855,2616
0.855,2615
0.855,2614
0.855,2613
0.855,2612
0.855,2611
0.855,2610
0.855,2609
0.855,2608
0.855,2607
0.855,2606
0.855,2605
0.856,2604
0.856,2603
0.856,2602
0.856,2601
0.856,2600
0.856,2599
0.856,2598
0.856,2597
0.856,2596
0.856,2595
0.856,2594
0.856,2593
0.856,2592
0.856,2591
0.856,2590
0.856,2589
0.856,2588
0.856,2587
0.856,2586
0.856,2585
0.856,2584
0.856,2583
0.856,2582
0.856,2581
0.856,2580
0.856,2579
0.857,2578
0.857,2577
0.857,2576
0.857,2575
0.857,2574
0.857,2573
0.857,2572
0.857,2571
0.857,2570
0.857,2569
0.857,2568
0.857,2567
0.857,2566
0.857,2565
0.857,2564
0.857,2563
0.857,2562
0.857,2561
0.857,2560
0.857,2559
0.857,2558
0.857,2557
0.857,2556
0.857,2555
0.857,2554
0.857,2553
0.858,2552
0.858,2551
0.858,2550
0.858,2549
0.858,2548
0.858,2547
0.858,2546
0.858,2545
0.858,2544
0.858,2543
0.858,2542
0.858,2541
0.858,2540
0.858,2539
0.858,2538
0.858,2537
0.858,2536
0.858,2535
0.858,2534
0.859,2533
0.859,2532
0.859,2531
0.859,2530
0.859,2529
0.859,2528
0.859,2527
0.859,2526
0.859,2525
0.859,2524
0.859,2523
0.859,2522
0.860,2521
0.860,2520
0.860,2519
0.860,2518
0.860,2517
0.860,2516
0.860,2515
0.860,2514
0.860,2513
0.861,2512
0.861,2511
0.861,2510
0.861,2509
0.861,2508
0.861,2507
0.861,2506
0.862,2505
0.862,2504
0.862,2503
0.862,2502
0.862,2501
0.862,2500
0.862,2499
0.862,2498
0.862,2497
0.863,2496
0.863,2495
0.863,2494
0.863,2493
0.863,2492
0.863,2491
0.863,2490
0.863,2489
0.863,2488
0.863,2487
0.863,2486
0.863,2485
0.863,2484
0.864,2483
0.864,2482
0.864,2481
0.864,2480
0.864,2479
0.864,2478
0.864,2477
0.864,2476
0.864,2475
0.864,2474
0.864,2473
0.864,2472
0.864,2471
0.864,2470
0.865,2469
0.865,2468
0.865,2467
0.865,2466
0.865,2465
0.865,2464
0.865,2463
0.865,2462
0.865,2461
0.865,2460
0.865,2459
0.865,2458
0.865,2457
0.866,2456
0.866,2455
0.866,2454
0.867,2453
0.867,2452
0.867,2451
0.867,2450
0.867,2449
0.867,2448
0.867,2447
0.867,2446
0.867,2445
0.867,2444
0.868,2443
0.868,2442
0.868,2441
0.868,2440
0.868,2439
0.868,2438
0.868,2437
0.868,2436
0.868,2435
0.868,2434
0.869,2433
0.869,2432
0.869,2431
0.869,2430
0.869,2429
0.869,2428
0.869,2427
0.869,2426
0.869,2425
0.869,2424
0.870,2423
0.870,2422
0.870,2421
0.870,2420
0.870,2419
0.870,2418
0.870,2417
0.871,2416
0.871,2415
0.871,2414
0.871,2413
0.871,2412
0.871,2411
0.872,2410
0.872,2409
0.872,2408
0.872,2407
0.872,2406
0.872,2405
0.872,2404
0.872,2403
0.872,2402
0.872,2401
0.872,2400
0.873,2399
0.873,2398
0.873,2397
0.873,2396
0.873,2395
0.873,2394
0.873,2393
0.873,2392
0.873,2391
0.873,2390
0.874,2389
0.874,2388
0.874,2387
0.874,2386
0.874,2385
0.874,2384
0.874,2383
0.874,2382
0.875,2381
0.875,2380
0.875,2379
0.875,2378
0.875,2377
0.875,2376
0.875,2375
0.875,2374
0.875,2373
0.875,2372
0.876,2371
0.876,2370
0.877,2369
0.877,2368
0.877,2367
0.877,2366
0.877,2365
0.878,2364
0.878,2363
0.878,2362
0.878,2361
0.879,2360
0.879,2359
0.879,2358
0.879,2357
0.879,2356
0.879,2355
0.879,2354
0.879,2353
0.880,2352
0.880,2351
0.880,2350
0.880,2349
0.880,2348
0.880,2347
0.881,2346
0.881,2345
0.881,2344
0.881,2343
0.881,2342
0.881,2341
0.881,2340
0.881,2339
0.881,2338
0.881,2337
0.882,2336
0.882,2335
0.882,2334
0.882,2333
0.882,2332
0.882,2331
0.882,2330
0.882,2329
0.882,2328
0.883,2327
0.883,2326
0.883,2325
0.883,2324
0.883,2323
0.883,2322
0.883,2321
0.883,2320
0.883,2319
0.884,2318
0.884,2317
0.885,2316
0.885,2315
0.885,2314
0.885,2313
0.885,2312
0.885,2311
0.885,2310
0.886,2309
0.886,2308
0.886,2307
0.886,2306
0.887,2305
0.887,2304
0.888,2303
0.888,2302
0.888,2301
0.889,2300
0.889,2299
0.889,2298
0.889,2297
0.889,2296
0.890,2295
0.891,2294
0.891,2293
0.892,2292
0.892,2291
0.893,2290
0.893,2289
0.893,2288
0.894,2287
0.896,2286
0.896,2285
0.896,2284
0.896,2283
0.897,2282
0.898,2281
0.899,2280
0.899,2279
0.899,2278
0.900,2277
0.900,2276
0.900,2275
0.900,2274
0.901,2273
0.903,2272
0.904,2271
0.904,2270
