0.147	3756
0.774	3755
0.775	3754
0.775	3753
0.775	3752
0.775	3751
0.775	3750
0.775	3749
0.776	3748
0.776	3747
0.776	3746
0.776	3745
0.776	3744
0.776	3743
0.776	3742
0.776	3741
0.777	3740
0.777	3739
0.777	3738
0.777	3737
0.777	3736
0.777	3735
0.778	3734
0.778	3733
0.778	3732
0.778	3731
0.778	3730
0.778	3729
0.778	3728
0.779	3727
0.779	3726
0.779	3725
0.779	3724
0.779	3723
0.779	3722
0.779	3721
0.78	3720
0.78	3719
0.78	3718
0.78	3717
0.78	3716
0.78	3715
0.781	3714
0.781	3713
0.781	3712
0.781	3711
0.781	3710
0.781	3709
0.781	3708
0.782	3707
0.782	3706
0.782	3705
0.782	3704
0.782	3703
0.782	3702
0.783	3701
0.783	3700
0.783	3699
0.783	3698
0.783	3697
0.783	3696
0.783	3695
0.783	3694
0.784	3693
0.784	3692
0.784	3691
0.784	3690
0.784	3689
0.784	3688
0.784	3687
0.784	3686
0.785	3685
0.785	3684
0.785	3683
0.785	3682
0.785	3681
0.785	3680
0.785	3679
0.785	3678
0.786	3677
0.786	3676
0.786	3675
0.786	3674
0.786	3673
0.786	3672
0.786	3671
0.787	3670
0.787	3669
0.787	3668
0.787	3667
0.787	3666
0.787	3665
0.787	3664
0.787	3663
0.788	3662
0.788	3661
0.788	3660
0.788	3659
0.788	3658
0.788	3657
0.788	3656
0.789	3655
0.789	3654
0.789	3653
0.789	3652
0.789	3651
0.789	3650
0.789	3649
0.79	3648
0.79	3647
0.79	3646
0.79	3645
0.79	3644
0.79	3643
0.79	3642
0.79	3641
0.79	3640
0.79	3639
0.79	3638
0.791	3637
0.791	3636
0.791	3635
0.791	3634
0.791	3633
0.791	3632
0.791	3631
0.791	3630
0.791	3629
0.792	3628
0.792	3627
0.792	3626
0.792	3625
0.792	3624
0.792	3623
0.792	3622
0.792	3621
0.792	3620
0.792	3619
0.792	3618
0.792	3617
0.792	3616
0.792	3615
0.792	3614
0.792	3613
0.793	3612
0.793	3611
0.793	3610
0.793	3609
0.793	3608
0.793	3607
0.793	3606
0.793	3605
0.793	3604
0.793	3603
0.793	3602
0.793	3601
0.793	3600
0.793	3599
0.793	3598
0.793	3597
0.793	3596
0.794	3595
0.794	3594
0.794	3593
0.794	3592
0.794	3591
0.794	3590
0.794	3589
0.794	3588
0.794	3587
0.794	3586
0.794	3585
0.794	3584
0.794	3583
0.794	3582
0.795	3581
0.795	3580
0.795	3579
0.795	3578
0.795	3577
0.795	3576
0.795	3575
0.795	3574
0.795	3573
0.795	3572
0.795	3571
0.795	3570
0.795	3569
0.795	3568
0.795	3567
0.795	3566
0.795	3565
0.796	3564
0.796	3563
0.796	3562
0.796	3561
0.796	3560
0.796	3559
0.796	3558
0.796	3557
0.796	3556
0.796	3555
0.796	3554
0.796	3553
0.796	3552
0.796	3551
0.796	3550
0.796	3549
0.796	3548
0.796	3547
0.796	3546
0.796	3545
0.797	3544
0.797	3543
0.797	3542
0.797	3541
0.797	3540
0.797	3539
0.797	3538
0.797	3537
0.797	3536
0.797	3535
0.797	3534
0.797	3533
0.797	3532
0.797	3531
0.797	3530
0.797	3529
0.797	3528
0.797	3527
0.798	3526
0.798	3525
0.798	3524
0.798	3523
0.798	3522
0.798	3521
0.798	3520
0.798	3519
0.798	3518
0.798	3517
0.798	3516
0.798	3515
0.798	3514
0.798	3513
0.798	3512
0.798	3511
0.798	3510
0.798	3509
0.798	3508
0.798	3507
0.798	3506
0.799	3505
0.799	3504
0.799	3503
0.799	3502
0.799	3501
0.799	3500
0.799	3499
0.799	3498
0.799	3497
0.799	3496
0.799	3495
0.799	3494
0.799	3493
0.799	3492
0.799	3491
0.799	3490
0.799	3489
0.799	3488
0.8	3487
0.8	3486
0.8	3485
0.8	3484
0.8	3483
0.8	3482
0.8	3481
0.8	3480
0.8	3479
0.8	3478
0.8	3477
0.8	3476
0.8	3475
0.8	3474
0.8	3473
0.8	3472
0.8	3471
0.8	3470
0.8	3469
0.8	3468
0.8	3467
0.801	3466
0.801	3465
0.801	3464
0.801	3463
0.801	3462
0.801	3461
0.801	3460
0.801	3459
0.801	3458
0.801	3457
0.801	3456
0.801	3455
0.801	3454
0.801	3453
0.801	3452
0.801	3451
0.801	3450
0.801	3449
0.801	3448
0.801	3447
0.801	3446
0.801	3445
0.801	3444
0.802	3443
0.802	3442
0.802	3441
0.802	3440
0.802	3439
0.802	3438
0.802	3437
0.802	3436
0.803	3435
0.803	3434
0.803	3433
0.803	3432
0.803	3431
0.803	3430
0.803	3429
0.803	3428
0.803	3427
0.803	3426
0.803	3425
0.803	3424
0.803	3423
0.803	3422
0.803	3421
0.803	3420
0.803	3419
0.803	3418
0.803	3417
0.803	3416
0.803	3415
0.803	3414
0.803	3413
0.803	3412
0.803	3411
0.803	3410
0.803	3409
0.804	3408
0.804	3407
0.804	3406
0.804	3405
0.804	3404
0.804	3403
0.804	3402
0.804	3401
0.804	3400
0.804	3399
0.804	3398
0.805	3397
0.805	3396
0.805	3395
0.805	3394
0.805	3393
0.805	3392
0.805	3391
0.805	3390
0.805	3389
0.805	3388
0.805	3387
0.805	3386
0.805	3385
0.805	3384
0.805	3383
0.805	3382
0.805	3381
0.806	3380
0.806	3379
0.806	3378
0.806	3377
0.806	3376
0.806	3375
0.806	3374
0.806	3373
0.806	3372
0.807	3371
0.807	3370
0.807	3369
0.807	3368
0.807	3367
0.807	3366
0.807	3365
0.807	3364
0.807	3363
0.807	3362
0.807	3361
0.807	3360
0.807	3359
0.807	3358
0.807	3357
0.807	3356
0.807	3355
0.807	3354
0.807	3353
0.807	3352
0.807	3351
0.807	3350
0.807	3349
0.807	3348
0.807	3347
0.807	3346
0.807	3345
0.807	3344
0.807	3343
0.807	3342
0.807	3341
0.808	3340
0.808	3339
0.808	3338
0.808	3337
0.808	3336
0.808	3335
0.808	3334
0.808	3333
0.808	3332
0.808	3331
0.808	3330
0.808	3329
0.808	3328
0.808	3327
0.808	3326
0.808	3325
0.808	3324
0.808	3323
0.808	3322
0.808	3321
0.808	3320
0.808	3319
0.808	3318
0.808	3317
0.808	3316
0.808	3315
0.808	3314
0.808	3313
0.809	3312
0.809	3311
0.809	3310
0.809	3309
0.809	3308
0.809	3307
0.809	3306
0.809	3305
0.809	3304
0.809	3303
0.809	3302
0.809	3301
0.809	3300
0.809	3299
0.809	3298
0.809	3297
0.809	3296
0.809	3295
0.809	3294
0.809	3293
0.809	3292
0.809	3291
0.809	3290
0.809	3289
0.809	3288
0.809	3287
0.809	3286
0.809	3285
0.809	3284
0.809	3283
0.809	3282
0.81	3281
0.81	3280
0.81	3279
0.81	3278
0.81	3277
0.81	3276
0.81	3275
0.81	3274
0.81	3273
0.81	3272
0.81	3271
0.81	3270
0.81	3269
0.81	3268
0.81	3267
0.81	3266
0.81	3265
0.81	3264
0.81	3263
0.81	3262
0.81	3261
0.81	3260
0.81	3259
0.81	3258
0.81	3257
0.81	3256
0.81	3255
0.81	3254
0.81	3253
0.81	3252
0.81	3251
0.81	3250
0.81	3249
0.81	3248
0.81	3247
0.81	3246
0.811	3245
0.811	3244
0.811	3243
0.811	3242
0.811	3241
0.811	3240
0.811	3239
0.811	3238
0.811	3237
0.811	3236
0.811	3235
0.811	3234
0.811	3233
0.811	3232
0.811	3231
0.811	3230
0.811	3229
0.811	3228
0.811	3227
0.811	3226
0.811	3225
0.811	3224
0.811	3223
0.811	3222
0.812	3221
0.812	3220
0.812	3219
0.812	3218
0.812	3217
0.812	3216
0.812	3215
0.812	3214
0.812	3213
0.812	3212
0.812	3211
0.812	3210
0.812	3209
0.812	3208
0.812	3207
0.812	3206
0.812	3205
0.812	3204
0.812	3203
0.812	3202
0.812	3201
0.812	3200
0.812	3199
0.812	3198
0.812	3197
0.812	3196
0.812	3195
0.812	3194
0.812	3193
0.812	3192
0.813	3191
0.813	3190
0.813	3189
0.813	3188
0.813	3187
0.813	3186
0.813	3185
0.813	3184
0.813	3183
0.813	3182
0.813	3181
0.813	3180
0.813	3179
0.814	3178
0.814	3177
0.814	3176
0.814	3175
0.814	3174
0.814	3173
0.814	3172
0.814	3171
0.814	3170
0.814	3169
0.814	3168
0.814	3167
0.814	3166
0.814	3165
0.814	3164
0.814	3163
0.814	3162
0.814	3161
0.814	3160
0.815	3159
0.815	3158
0.815	3157
0.815	3156
0.815	3155
0.815	3154
0.815	3153
0.815	3152
0.815	3151
0.815	3150
0.815	3149
0.815	3148
0.815	3147
0.815	3146
0.815	3145
0.815	3144
0.815	3143
0.815	3142
0.815	3141
0.815	3140
0.815	3139
0.816	3138
0.816	3137
0.816	3136
0.816	3135
0.816	3134
0.816	3133
0.816	3132
0.816	3131
0.816	3130
0.816	3129
0.816	3128
0.816	3127
0.816	3126
0.816	3125
0.816	3124
0.816	3123
0.816	3122
0.816	3121
0.816	3120
0.816	3119
0.816	3118
0.816	3117
0.816	3116
0.816	3115
0.817	3114
0.817	3113
0.817	3112
0.817	3111
0.817	3110
0.817	3109
0.817	3108
0.817	3107
0.817	3106
0.817	3105
0.817	3104
0.817	3103
0.817	3102
0.817	3101
0.817	3100
0.817	3099
0.817	3098
0.817	3097
0.817	3096
0.817	3095
0.817	3094
0.817	3093
0.817	3092
0.818	3091
0.818	3090
0.818	3089
0.818	3088
0.818	3087
0.818	3086
0.818	3085
0.818	3084
0.818	3083
0.818	3082
0.818	3081
0.818	3080
0.818	3079
0.818	3078
0.818	3077
0.818	3076
0.818	3075
0.818	3074
0.819	3073
0.819	3072
0.819	3071
0.819	3070
0.819	3069
0.819	3068
0.819	3067
0.819	3066
0.819	3065
0.819	3064
0.819	3063
0.819	3062
0.819	3061
0.819	3060
0.819	3059
0.82	3058
0.82	3057
0.82	3056
0.82	3055
0.82	3054
0.82	3053
0.82	3052
0.82	3051
0.82	3050
0.82	3049
0.82	3048
0.82	3047
0.82	3046
0.82	3045
0.82	3044
0.82	3043
0.82	3042
0.82	3041
0.82	3040
0.82	3039
0.82	3038
0.82	3037
0.82	3036
0.82	3035
0.82	3034
0.82	3033
0.82	3032
0.821	3031
0.821	3030
0.821	3029
0.821	3028
0.821	3027
0.821	3026
0.821	3025
0.821	3024
0.821	3023
0.821	3022
0.821	3021
0.821	3020
0.821	3019
0.821	3018
0.821	3017
0.821	3016
0.821	3015
0.821	3014
0.821	3013
0.821	3012
0.821	3011
0.821	3010
0.822	3009
0.822	3008
0.822	3007
0.822	3006
0.822	3005
0.822	3004
0.822	3003
0.822	3002
0.822	3001
0.822	3000
0.822	2999
0.822	2998
0.822	2997
0.823	2996
0.823	2995
0.823	2994
0.823	2993
0.823	2992
0.823	2991
0.823	2990
0.823	2989
0.823	2988
0.823	2987
0.823	2986
0.823	2985
0.823	2984
0.823	2983
0.823	2982
0.823	2981
0.824	2980
0.824	2979
0.824	2978
0.824	2977
0.824	2976
0.824	2975
0.824	2974
0.824	2973
0.824	2972
0.824	2971
0.824	2970
0.824	2969
0.824	2968
0.824	2967
0.824	2966
0.824	2965
0.824	2964
0.824	2963
0.824	2962
0.824	2961
0.824	2960
0.824	2959
0.824	2958
0.824	2957
0.824	2956
0.824	2955
0.824	2954
0.824	2953
0.824	2952
0.824	2951
0.824	2950
0.824	2949
0.824	2948
0.825	2947
0.825	2946
0.825	2945
0.825	2944
0.825	2943
0.825	2942
0.825	2941
0.825	2940
0.825	2939
0.825	2938
0.825	2937
0.825	2936
0.825	2935
0.825	2934
0.825	2933
0.825	2932
0.825	2931
0.825	2930
0.825	2929
0.825	2928
0.825	2927
0.825	2926
0.825	2925
0.825	2924
0.825	2923
0.825	2922
0.825	2921
0.825	2920
0.825	2919
0.826	2918
0.826	2917
0.826	2916
0.826	2915
0.826	2914
0.826	2913
0.826	2912
0.826	2911
0.826	2910
0.826	2909
0.826	2908
0.826	2907
0.826	2906
0.826	2905
0.826	2904
0.826	2903
0.826	2902
0.826	2901
0.826	2900
0.826	2899
0.826	2898
0.826	2897
0.826	2896
0.827	2895
0.827	2894
0.827	2893
0.827	2892
0.827	2891
0.827	2890
0.827	2889
0.827	2888
0.827	2887
0.827	2886
0.827	2885
0.827	2884
0.827	2883
0.827	2882
0.827	2881
0.827	2880
0.827	2879
0.827	2878
0.827	2877
0.827	2876
0.827	2875
0.827	2874
0.827	2873
0.827	2872
0.828	2871
0.828	2870
0.828	2869
0.828	2868
0.828	2867
0.828	2866
0.828	2865
0.828	2864
0.828	2863
0.828	2862
0.828	2861
0.828	2860
0.828	2859
0.828	2858
0.828	2857
0.828	2856
0.828	2855
0.828	2854
0.828	2853
0.828	2852
0.828	2851
0.828	2850
0.828	2849
0.828	2848
0.828	2847
0.828	2846
0.828	2845
0.828	2844
0.829	2843
0.829	2842
0.829	2841
0.829	2840
0.829	2839
0.829	2838
0.829	2837
0.829	2836
0.829	2835
0.829	2834
0.829	2833
0.829	2832
0.829	2831
0.829	2830
0.829	2829
0.829	2828
0.829	2827
0.829	2826
0.829	2825
0.829	2824
0.829	2823
0.83	2822
0.83	2821
0.83	2820
0.83	2819
0.83	2818
0.83	2817
0.83	2816
0.83	2815
0.83	2814
0.83	2813
0.83	2812
0.83	2811
0.83	2810
0.83	2809
0.83	2808
0.83	2807
0.83	2806
0.83	2805
0.83	2804
0.83	2803
0.83	2802
0.83	2801
0.83	2800
0.83	2799
0.83	2798
0.831	2797
0.831	2796
0.831	2795
0.831	2794
0.831	2793
0.831	2792
0.831	2791
0.831	2790
0.831	2789
0.831	2788
0.831	2787
0.831	2786
0.831	2785
0.831	2784
0.831	2783
0.831	2782
0.831	2781
0.831	2780
0.831	2779
0.831	2778
0.831	2777
0.831	2776
0.831	2775
0.831	2774
0.832	2773
0.832	2772
0.832	2771
0.832	2770
0.832	2769
0.832	2768
0.832	2767
0.832	2766
0.832	2765
0.832	2764
0.832	2763
0.832	2762
0.832	2761
0.832	2760
0.832	2759
0.832	2758
0.832	2757
0.832	2756
0.832	2755
0.832	2754
0.832	2753
0.832	2752
0.832	2751
0.832	2750
0.832	2749
0.832	2748
0.832	2747
0.832	2746
0.833	2745
0.833	2744
0.833	2743
0.833	2742
0.833	2741
0.833	2740
0.833	2739
0.833	2738
0.833	2737
0.833	2736
0.833	2735
0.833	2734
0.833	2733
0.833	2732
0.833	2731
0.833	2730
0.833	2729
0.833	2728
0.833	2727
0.833	2726
0.833	2725
0.833	2724
0.833	2723
0.833	2722
0.833	2721
0.834	2720
0.834	2719
0.834	2718
0.834	2717
0.834	2716
0.834	2715
0.834	2714
0.834	2713
0.834	2712
0.834	2711
0.834	2710
0.834	2709
0.834	2708
0.834	2707
0.834	2706
0.834	2705
0.834	2704
0.834	2703
0.834	2702
0.834	2701
0.834	2700
0.834	2699
0.834	2698
0.834	2697
0.834	2696
0.834	2695
0.834	2694
0.835	2693
0.835	2692
0.835	2691
0.835	2690
0.835	2689
0.835	2688
0.835	2687
0.835	2686
0.835	2685
0.835	2684
0.835	2683
0.835	2682
0.835	2681
0.835	2680
0.835	2679
0.835	2678
0.835	2677
0.835	2676
0.835	2675
0.835	2674
0.835	2673
0.835	2672
0.835	2671
0.835	2670
0.835	2669
0.835	2668
0.836	2667
0.836	2666
0.836	2665
0.836	2664
0.836	2663
0.836	2662
0.836	2661
0.836	2660
0.836	2659
0.836	2658
0.836	2657
0.836	2656
0.836	2655
0.836	2654
0.836	2653
0.836	2652
0.836	2651
0.836	2650
0.836	2649
0.836	2648
0.836	2647
0.836	2646
0.836	2645
0.836	2644
0.836	2643
0.836	2642
0.837	2641
0.837	2640
0.837	2639
0.837	2638
0.837	2637
0.837	2636
0.837	2635
0.837	2634
0.837	2633
0.837	2632
0.837	2631
0.837	2630
0.837	2629
0.837	2628
0.837	2627
0.837	2626
0.837	2625
0.837	2624
0.837	2623
0.837	2622
0.837	2621
0.837	2620
0.837	2619
0.837	2618
0.838	2617
0.838	2616
0.838	2615
0.838	2614
0.838	2613
0.838	2612
0.838	2611
0.838	2610
0.838	2609
0.838	2608
0.838	2607
0.838	2606
0.838	2605
0.838	2604
0.838	2603
0.838	2602
0.838	2601
0.838	2600
0.838	2599
0.838	2598
0.839	2597
0.839	2596
0.839	2595
0.839	2594
0.839	2593
0.839	2592
0.839	2591
0.839	2590
0.839	2589
0.839	2588
0.84	2587
0.84	2586
0.84	2585
0.84	2584
0.84	2583
0.84	2582
0.84	2581
0.84	2580
0.84	2579
0.84	2578
0.84	2577
0.84	2576
0.84	2575
0.84	2574
0.84	2573
0.84	2572
0.84	2571
0.84	2570
0.84	2569
0.84	2568
0.84	2567
0.84	2566
0.84	2565
0.84	2564
0.84	2563
0.841	2562
0.841	2561
0.841	2560
0.841	2559
0.841	2558
0.841	2557
0.841	2556
0.841	2555
0.841	2554
0.841	2553
0.841	2552
0.841	2551
0.841	2550
0.841	2549
0.841	2548
0.841	2547
0.841	2546
0.841	2545
0.841	2544
0.841	2543
0.841	2542
0.841	2541
0.841	2540
0.841	2539
0.841	2538
0.841	2537
0.841	2536
0.842	2535
0.842	2534
0.842	2533
0.842	2532
0.842	2531
0.842	2530
0.842	2529
0.842	2528
0.843	2527
0.843	2526
0.843	2525
0.843	2524
0.843	2523
0.843	2522
0.843	2521
0.843	2520
0.843	2519
0.843	2518
0.843	2517
0.843	2516
0.844	2515
0.844	2514
0.844	2513
0.844	2512
0.844	2511
0.844	2510
0.844	2509
0.844	2508
0.845	2507
0.845	2506
0.845	2505
0.845	2504
0.845	2503
0.845	2502
0.845	2501
0.845	2500
0.846	2499
0.846	2498
0.846	2497
0.846	2496
0.846	2495
0.846	2494
0.846	2493
0.846	2492
0.846	2491
0.846	2490
0.846	2489
0.846	2488
0.846	2487
0.846	2486
0.846	2485
0.847	2484
0.847	2483
0.847	2482
0.847	2481
0.847	2480
0.847	2479
0.847	2478
0.847	2477
0.847	2476
0.847	2475
0.847	2474
0.847	2473
0.847	2472
0.847	2471
0.847	2470
0.847	2469
0.848	2468
0.848	2467
0.848	2466
0.848	2465
0.848	2464
0.848	2463
0.848	2462
0.848	2461
0.848	2460
0.848	2459
0.848	2458
0.848	2457
0.848	2456
0.848	2455
0.849	2454
0.849	2453
0.849	2452
0.849	2451
0.849	2450
0.849	2449
0.849	2448
0.849	2447
0.849	2446
0.849	2445
0.849	2444
0.85	2443
0.85	2442
0.85	2441
0.85	2440
0.85	2439
0.85	2438
0.85	2437
0.85	2436
0.85	2435
0.85	2434
0.85	2433
0.85	2432
0.851	2431
0.851	2430
0.851	2429
0.851	2428
0.851	2427
0.851	2426
0.851	2425
0.851	2424
0.851	2423
0.852	2422
0.852	2421
0.852	2420
0.852	2419
0.852	2418
0.852	2417
0.852	2416
0.852	2415
0.852	2414
0.853	2413
0.853	2412
0.853	2411
0.853	2410
0.853	2409
0.853	2408
0.853	2407
0.853	2406
0.853	2405
0.853	2404
0.853	2403
0.854	2402
0.854	2401
0.854	2400
0.854	2399
0.854	2398
0.854	2397
0.854	2396
0.854	2395
0.854	2394
0.854	2393
0.854	2392
0.855	2391
0.856	2390
0.856	2389
0.856	2388
0.856	2387
0.856	2386
0.856	2385
0.857	2384
0.857	2383
0.857	2382
0.857	2381
0.857	2380
0.857	2379
0.857	2378
0.857	2377
0.857	2376
0.857	2375
0.858	2374
0.858	2373
0.858	2372
0.858	2371
0.858	2370
0.859	2369
0.859	2368
0.859	2367
0.859	2366
0.86	2365
0.86	2364
0.86	2363
0.86	2362
0.86	2361
0.86	2360
0.86	2359
0.861	2358
0.861	2357
0.861	2356
0.861	2355
0.861	2354
0.861	2353
0.861	2352
0.861	2351
0.862	2350
0.862	2349
0.862	2348
0.862	2347
0.862	2346
0.862	2345
0.862	2344
0.862	2343
0.863	2342
0.863	2341
0.863	2340
0.863	2339
0.863	2338
0.863	2337
0.863	2336
0.863	2335
0.863	2334
0.863	2333
0.863	2332
0.864	2331
0.864	2330
0.864	2329
0.864	2328
0.864	2327
0.864	2326
0.864	2325
0.864	2324
0.864	2323
0.864	2322
0.864	2321
0.864	2320
0.865	2319
0.865	2318
0.865	2317
0.865	2316
0.866	2315
0.866	2314
0.866	2313
0.866	2312
0.866	2311
0.866	2310
0.866	2309
0.867	2308
0.867	2307
0.867	2306
0.867	2305
0.868	2304
0.868	2303
0.868	2302
0.868	2301
0.869	2300
0.869	2299
0.869	2298
0.869	2297
0.87	2296
0.87	2295
0.871	2294
0.871	2293
0.872	2292
0.873	2291
0.873	2290
0.873	2289
0.873	2288
0.874	2287
0.874	2286
0.875	2285
0.876	2284
0.876	2283
0.877	2282
0.877	2281
0.877	2280
0.877	2279
0.878	2278
0.879	2277
0.879	2276
0.88	2275
0.88	2274
0.88	2273
0.881	2272
0.882	2271
0.884	2270
0.885	2269
0.885	2268
