0.174,3708
0.803,3707
0.803,3706
0.804,3705
0.804,3704
0.804,3703
0.804,3702
0.804,3701
0.804,3700
0.804,3699
0.805,3698
0.805,3697
0.805,3696
0.805,3695
0.805,3694
0.806,3693
0.806,3692
0.806,3691
0.806,3690
0.806,3689
0.806,3688
0.806,3687
0.806,3686
0.807,3685
0.807,3684
0.807,3683
0.807,3682
0.808,3681
0.808,3680
0.808,3679
0.808,3678
0.808,3677
0.808,3676
0.809,3675
0.809,3674
0.809,3673
0.809,3672
0.809,3671
0.809,3670
0.809,3669
0.810,3668
0.810,3667
0.810,3666
0.810,3665
0.810,3664
0.811,3663
0.811,3662
0.811,3661
0.811,3660
0.811,3659
0.811,3658
0.811,3657
0.812,3656
0.812,3655
0.812,3654
0.812,3653
0.812,3652
0.812,3651
0.813,3650
0.813,3649
0.813,3648
0.813,3647
0.814,3646
0.814,3645
0.814,3644
0.814,3643
0.815,3642
0.815,3641
0.815,3640
0.815,3639
0.815,3638
0.815,3637
0.815,3636
0.815,3635
0.815,3634
0.816,3633
0.816,3632
0.816,3631
0.816,3630
0.816,3629
0.816,3628
0.816,3627
0.817,3626
0.817,3625
0.817,3624
0.817,3623
0.817,3622
0.817,3621
0.817,3620
0.817,3619
0.817,3618
0.818,3617
0.818,3616
0.818,3615
0.818,3614
0.818,3613
0.818,3612
0.818,3611
0.818,3610
0.818,3609
0.819,3608
0.819,3607
0.819,3606
0.819,3605
0.819,3604
0.819,3603
0.819,3602
0.819,3601
0.819,3600
0.819,3599
0.819,3598
0.819,3597
0.819,3596
0.819,3595
0.819,3594
0.820,3593
0.820,3592
0.820,3591
0.820,3590
0.820,3589
0.820,3588
0.820,3587
0.820,3586
0.820,3585
0.820,3584
0.820,3583
0.820,3582
0.820,3581
0.821,3580
0.821,3579
0.821,3578
0.821,3577
0.821,3576
0.821,3575
0.821,3574
0.821,3573
0.821,3572
0.821,3571
0.821,3570
0.821,3569
0.821,3568
0.822,3567
0.822,3566
0.822,3565
0.822,3564
0.822,3563
0.822,3562
0.822,3561
0.822,3560
0.822,3559
0.822,3558
0.822,3557
0.822,3556
0.822,3555
0.822,3554
0.822,3553
0.822,3552
0.822,3551
0.822,3550
0.822,3549
0.823,3548
0.823,3547
0.823,3546
0.823,3545
0.823,3544
0.823,3543
0.823,3542
0.823,3541
0.823,3540
0.823,3539
0.823,3538
0.823,3537
0.824,3536
0.824,3535
0.824,3534
0.824,3533
0.824,3532
0.824,3531
0.824,3530
0.824,3529
0.824,3528
0.824,3527
0.824,3526
0.824,3525
0.824,3524
0.824,3523
0.824,3522
0.824,3521
0.824,3520
0.824,3519
0.825,3518
0.825,3517
0.825,3516
0.825,3515
0.825,3514
0.825,3513
0.826,3512
0.826,3511
0.826,3510
0.826,3509
0.826,3508
0.826,3507
0.826,3506
0.826,3505
0.826,3504
0.826,3503
0.826,3502
0.826,3501
0.826,3500
0.826,3499
0.826,3498
0.826,3497
0.826,3496
0.826,3495
0.826,3494
0.827,3493
0.827,3492
0.827,3491
0.827,3490
0.827,3489
0.827,3488
0.827,3487
0.827,3486
0.827,3485
0.827,3484
0.827,3483
0.827,3482
0.827,3481
0.827,3480
0.827,3479
0.827,3478
0.827,3477
0.827,3476
0.827,3475
0.827,3474
0.828,3473
0.828,3472
0.828,3471
0.828,3470
0.828,3469
0.828,3468
0.828,3467
0.828,3466
0.828,3465
0.828,3464
0.828,3463
0.828,3462
0.828,3461
0.828,3460
0.828,3459
0.828,3458
0.828,3457
0.828,3456
0.828,3455
0.828,3454
0.829,3453
0.829,3452
0.829,3451
0.829,3450
0.829,3449
0.829,3448
0.829,3447
0.829,3446
0.829,3445
0.829,3444
0.829,3443
0.829,3442
0.829,3441
0.829,3440
0.829,3439
0.830,3438
0.830,3437
0.830,3436
0.830,3435
0.830,3434
0.830,3433
0.830,3432
0.830,3431
0.830,3430
0.830,3429
0.830,3428
0.830,3427
0.830,3426
0.830,3425
0.830,3424
0.830,3423
0.830,3422
0.830,3421
0.831,3420
0.831,3419
0.831,3418
0.831,3417
0.831,3416
0.831,3415
0.831,3414
0.831,3413
0.831,3412
0.831,3411
0.831,3410
0.831,3409
0.831,3408
0.831,3407
0.831,3406
0.831,3405
0.831,3404
0.831,3403
0.831,3402
0.831,3401
0.831,3400
0.831,3399
0.832,3398
0.832,3397
0.832,3396
0.832,3395
0.832,3394
0.832,3393
0.832,3392
0.832,3391
0.832,3390
0.832,3389
0.832,3388
0.832,3387
0.832,3386
0.832,3385
0.832,3384
0.832,3383
0.832,3382
0.832,3381
0.832,3380
0.832,3379
0.832,3378
0.832,3377
0.832,3376
0.832,3375
0.833,3374
0.833,3373
0.833,3372
0.833,3371
0.833,3370
0.833,3369
0.833,3368
0.833,3367
0.833,3366
0.833,3365
0.833,3364
0.833,3363
0.833,3362
0.833,3361
0.834,3360
0.834,3359
0.834,3358
0.834,3357
0.834,3356
0.834,3355
0.834,3354
0.834,3353
0.834,3352
0.834,3351
0.834,3350
0.834,3349
0.834,3348
0.834,3347
0.834,3346
0.834,3345
0.834,3344
0.834,3343
0.834,3342
0.834,3341
0.834,3340
0.834,3339
0.834,3338
0.835,3337
0.835,3336
0.835,3335
0.835,3334
0.835,3333
0.835,3332
0.835,3331
0.835,3330
0.835,3329
0.835,3328
0.835,3327
0.835,3326
0.836,3325
0.836,3324
0.836,3323
0.836,3322
0.836,3321
0.836,3320
0.836,3319
0.836,3318
0.836,3317
0.836,3316
0.836,3315
0.836,3314
0.836,3313
0.836,3312
0.836,3311
0.836,3310
0.836,3309
0.836,3308
0.836,3307
0.836,3306
0.836,3305
0.836,3304
0.836,3303
0.836,3302
0.836,3301
0.836,3300
0.836,3299
0.836,3298
0.837,3297
0.837,3296
0.837,3295
0.837,3294
0.837,3293
0.837,3292
0.837,3291
0.837,3290
0.837,3289
0.837,3288
0.837,3287
0.837,3286
0.837,3285
0.837,3284
0.837,3283
0.837,3282
0.837,3281
0.837,3280
0.837,3279
0.837,3278
0.837,3277
0.837,3276
0.837,3275
0.837,3274
0.837,3273
0.837,3272
0.837,3271
0.837,3270
0.837,3269
0.838,3268
0.838,3267
0.838,3266
0.838,3265
0.838,3264
0.838,3263
0.838,3262
0.838,3261
0.838,3260
0.838,3259
0.838,3258
0.838,3257
0.838,3256
0.838,3255
0.838,3254
0.838,3253
0.838,3252
0.838,3251
0.838,3250
0.838,3249
0.838,3248
0.838,3247
0.838,3246
0.838,3245
0.838,3244
0.838,3243
0.838,3242
0.838,3241
0.838,3240
0.839,3239
0.839,3238
0.839,3237
0.839,3236
0.839,3235
0.839,3234
0.839,3233
0.839,3232
0.839,3231
0.839,3230
0.839,3229
0.839,3228
0.839,3227
0.839,3226
0.839,3225
0.839,3224
0.839,3223
0.839,3222
0.839,3221
0.839,3220
0.839,3219
0.839,3218
0.839,3217
0.839,3216
0.839,3215
0.839,3214
0.839,3213
0.839,3212
0.839,3211
0.839,3210
0.839,3209
0.839,3208
0.839,3207
0.840,3206
0.840,3205
0.840,3204
0.840,3203
0.840,3202
0.840,3201
0.840,3200
0.840,3199
0.840,3198
0.840,3197
0.840,3196
0.840,3195
0.840,3194
0.840,3193
0.840,3192
0.840,3191
0.840,3190
0.840,3189
0.840,3188
0.840,3187
0.840,3186
0.841,3185
0.841,3184
0.841,3183
0.841,3182
0.841,3181
0.841,3180
0.841,3179
0.841,3178
0.841,3177
0.841,3176
0.841,3175
0.841,3174
0.841,3173
0.841,3172
0.841,3171
0.841,3170
0.841,3169
0.841,3168
0.841,3167
0.841,3166
0.841,3165
0.842,3164
0.842,3163
0.842,3162
0.842,3161
0.842,3160
0.842,3159
0.842,3158
0.842,3157
0.842,3156
0.842,3155
0.842,3154
0.842,3153
0.842,3152
0.842,3151
0.842,3150
0.842,3149
0.842,3148
0.843,3147
0.843,3146
0.843,3145
0.843,3144
0.843,3143
0.843,3142
0.843,3141
0.843,3140
0.843,3139
0.843,3138
0.843,3137
0.843,3136
0.843,3135
0.843,3134
0.843,3133
0.843,3132
0.843,3131
0.843,3130
0.843,3129
0.843,3128
0.843,3127
0.843,3126
0.844,3125
0.844,3124
0.844,3123
0.844,3122
0.844,3121
0.844,3120
0.844,3119
0.844,3118
0.844,3117
0.844,3116
0.844,3115
0.844,3114
0.844,3113
0.844,3112
0.844,3111
0.844,3110
0.844,3109
0.844,3108
0.844,3107
0.844,3106
0.845,3105
0.845,3104
0.845,3103
0.845,3102
0.845,3101
0.845,3100
0.845,3099
0.845,3098
0.845,3097
0.845,3096
0.845,3095
0.845,3094
0.845,3093
0.845,3092
0.845,3091
0.845,3090
0.845,3089
0.845,3088
0.845,3087
0.845,3086
0.845,3085
0.845,3084
0.845,3083
0.845,3082
0.845,3081
0.845,3080
0.845,3079
0.845,3078
0.845,3077
0.847,3076
0.847,3075
0.847,3074
0.847,3073
0.847,3072
0.847,3071
0.847,3070
0.847,3069
0.847,3068
0.847,3067
0.847,3066
0.847,3065
0.847,3064
0.847,3063
0.847,3062
0.847,3061
0.847,3060
0.847,3059
0.847,3058
0.847,3057
0.848,3056
0.848,3055
0.848,3054
0.848,3053
0.848,3052
0.848,3051
0.848,3050
0.848,3049
0.848,3048
0.848,3047
0.848,3046
0.848,3045
0.848,3044
0.848,3043
0.848,3042
0.848,3041
0.848,3040
0.848,3039
0.848,3038
0.848,3037
0.848,3036
0.848,3035
0.848,3034
0.848,3033
0.849,3032
0.849,3031
0.849,3030
0.849,3029
0.849,3028
0.849,3027
0.849,3026
0.849,3025
0.849,3024
0.849,3023
0.849,3022
0.849,3021
0.849,3020
0.850,3019
0.850,3018
0.850,3017
0.850,3016
0.850,3015
0.850,3014
0.850,3013
0.850,3012
0.850,3011
0.850,3010
0.850,3009
0.850,3008
0.850,3007
0.850,3006
0.850,3005
0.850,3004
0.850,3003
0.850,3002
0.850,3001
0.850,3000
0.850,2999
0.850,2998
0.851,2997
0.851,2996
0.851,2995
0.851,2994
0.851,2993
0.851,2992
0.851,2991
0.851,2990
0.851,2989
0.851,2988
0.851,2987
0.851,2986
0.851,2985
0.851,2984
0.851,2983
0.851,2982
0.851,2981
0.851,2980
0.851,2979
0.851,2978
0.851,2977
0.851,2976
0.851,2975
0.852,2974
0.852,2973
0.852,2972
0.852,2971
0.852,2970
0.852,2969
0.852,2968
0.852,2967
0.852,2966
0.852,2965
0.852,2964
0.852,2963
0.852,2962
0.852,2961
0.852,2960
0.852,2959
0.852,2958
0.852,2957
0.852,2956
0.852,2955
0.853,2954
0.853,2953
0.853,2952
0.853,2951
0.853,2950
0.853,2949
0.853,2948
0.853,2947
0.853,2946
0.853,2945
0.853,2944
0.853,2943
0.853,2942
0.853,2941
0.853,2940
0.853,2939
0.853,2938
0.853,2937
0.853,2936
0.853,2935
0.853,2934
0.853,2933
0.853,2932
0.854,2931
0.854,2930
0.854,2929
0.854,2928
0.854,2927
0.854,2926
0.854,2925
0.854,2924
0.854,2923
0.854,2922
0.854,2921
0.854,2920
0.854,2919
0.854,2918
0.854,2917
0.854,2916
0.854,2915
0.854,2914
0.854,2913
0.854,2912
0.854,2911
0.854,2910
0.854,2909
0.854,2908
0.854,2907
0.854,2906
0.855,2905
0.855,2904
0.855,2903
0.855,2902
0.855,2901
0.855,2900
0.855,2899
0.855,2898
0.855,2897
0.855,2896
0.855,2895
0.855,2894
0.855,2893
0.855,2892
0.855,2891
0.855,2890
0.855,2889
0.855,2888
0.855,2887
0.855,2886
0.855,2885
0.855,2884
0.856,2883
0.856,2882
0.856,2881
0.856,2880
0.856,2879
0.856,2878
0.856,2877
0.856,2876
0.856,2875
0.856,2874
0.856,2873
0.856,2872
0.856,2871
0.856,2870
0.856,2869
0.856,2868
0.856,2867
0.856,2866
0.856,2865
0.856,2864
0.856,2863
0.856,2862
0.856,2861
0.857,2860
0.857,2859
0.857,2858
0.857,2857
0.857,2856
0.857,2855
0.857,2854
0.857,2853
0.857,2852
0.857,2851
0.857,2850
0.857,2849
0.857,2848
0.857,2847
0.857,2846
0.857,2845
0.857,2844
0.857,2843
0.857,2842
0.858,2841
0.858,2840
0.858,2839
0.858,2838
0.858,2837
0.858,2836
0.858,2835
0.858,2834
0.858,2833
0.858,2832
0.858,2831
0.858,2830
0.858,2829
0.858,2828
0.858,2827
0.858,2826
0.858,2825
0.858,2824
0.858,2823
0.858,2822
0.858,2821
0.858,2820
0.858,2819
0.858,2818
0.859,2817
0.859,2816
0.859,2815
0.859,2814
0.859,2813
0.859,2812
0.859,2811
0.859,2810
0.859,2809
0.859,2808
0.859,2807
0.859,2806
0.859,2805
0.859,2804
0.859,2803
0.859,2802
0.859,2801
0.859,2800
0.860,2799
0.860,2798
0.860,2797
0.860,2796
0.860,2795
0.860,2794
0.860,2793
0.860,2792
0.860,2791
0.860,2790
0.860,2789
0.860,2788
0.860,2787
0.860,2786
0.860,2785
0.860,2784
0.860,2783
0.861,2782
0.861,2781
0.861,2780
0.861,2779
0.861,2778
0.861,2777
0.861,2776
0.861,2775
0.861,2774
0.861,2773
0.861,2772
0.861,2771
0.861,2770
0.861,2769
0.861,2768
0.861,2767
0.861,2766
0.861,2765
0.861,2764
0.861,2763
0.861,2762
0.861,2761
0.861,2760
0.861,2759
0.861,2758
0.861,2757
0.862,2756
0.862,2755
0.862,2754
0.862,2753
0.862,2752
0.862,2751
0.862,2750
0.862,2749
0.862,2748
0.862,2747
0.862,2746
0.862,2745
0.862,2744
0.862,2743
0.862,2742
0.862,2741
0.862,2740
0.862,2739
0.862,2738
0.862,2737
0.862,2736
0.862,2735
0.863,2734
0.863,2733
0.863,2732
0.863,2731
0.863,2730
0.863,2729
0.863,2728
0.863,2727
0.863,2726
0.863,2725
0.863,2724
0.863,2723
0.863,2722
0.863,2721
0.863,2720
0.863,2719
0.863,2718
0.864,2717
0.864,2716
0.864,2715
0.864,2714
0.864,2713
0.864,2712
0.864,2711
0.864,2710
0.865,2709
0.865,2708
0.865,2707
0.865,2706
0.865,2705
0.865,2704
0.865,2703
0.865,2702
0.865,2701
0.865,2700
0.865,2699
0.865,2698
0.865,2697
0.865,2696
0.865,2695
0.865,2694
0.865,2693
0.865,2692
0.865,2691
0.865,2690
0.865,2689
0.866,2688
0.866,2687
0.866,2686
0.866,2685
0.866,2684
0.866,2683
0.866,2682
0.866,2681
0.866,2680
0.866,2679
0.866,2678
0.866,2677
0.866,2676
0.866,2675
0.866,2674
0.866,2673
0.866,2672
0.866,2671
0.866,2670
0.866,2669
0.866,2668
0.866,2667
0.866,2666
0.866,2665
0.866,2664
0.867,2663
0.867,2662
0.867,2661
0.867,2660
0.867,2659
0.867,2658
0.867,2657
0.867,2656
0.867,2655
0.867,2654
0.867,2653
0.867,2652
0.867,2651
0.867,2650
0.867,2649
0.867,2648
0.867,2647
0.867,2646
0.867,2645
0.867,2644
0.867,2643
0.867,2642
0.867,2641
0.867,2640
0.867,2639
0.867,2638
0.867,2637
0.867,2636
0.868,2635
0.868,2634
0.868,2633
0.868,2632
0.868,2631
0.868,2630
0.868,2629
0.868,2628
0.868,2627
0.868,2626
0.868,2625
0.868,2624
0.868,2623
0.868,2622
0.868,2621
0.868,2620
0.868,2619
0.868,2618
0.868,2617
0.868,2616
0.868,2615
0.868,2614
0.868,2613
0.868,2612
0.868,2611
0.868,2610
0.868,2609
0.869,2608
0.869,2607
0.869,2606
0.869,2605
0.869,2604
0.869,2603
0.869,2602
0.869,2601
0.869,2600
0.869,2599
0.869,2598
0.869,2597
0.869,2596
0.869,2595
0.869,2594
0.869,2593
0.869,2592
0.869,2591
0.869,2590
0.869,2589
0.869,2588
0.869,2587
0.869,2586
0.869,2585
0.869,2584
0.869,2583
0.870,2582
0.870,2581
0.870,2580
0.870,2579
0.870,2578
0.870,2577
0.870,2576
0.870,2575
0.870,2574
0.870,2573
0.870,2572
0.870,2571
0.870,2570
0.870,2569
0.870,2568
0.870,2567
0.870,2566
0.870,2565
0.870,2564
0.870,2563
0.870,2562
0.870,2561
0.870,2560
0.870,2559
0.870,2558
0.870,2557
0.870,2556
0.870,2555
0.871,2554
0.871,2553
0.871,2552
0.871,2551
0.871,2550
0.871,2549
0.871,2548
0.871,2547
0.871,2546
0.871,2545
0.871,2544
0.871,2543
0.871,2542
0.871,2541
0.871,2540
0.871,2539
0.871,2538
0.871,2537
0.871,2536
0.871,2535
0.872,2534
0.872,2533
0.872,2532
0.872,2531
0.872,2530
0.872,2529
0.872,2528
0.872,2527
0.872,2526
0.872,2525
0.872,2524
0.872,2523
0.872,2522
0.872,2521
0.872,2520
0.872,2519
0.872,2518
0.872,2517
0.872,2516
0.873,2515
0.873,2514
0.873,2513
0.873,2512
0.873,2511
0.873,2510
0.873,2509
0.873,2508
0.873,2507
0.873,2506
0.873,2505
0.873,2504
0.873,2503
0.873,2502
0.874,2501
0.874,2500
0.874,2499
0.874,2498
0.874,2497
0.874,2496
0.874,2495
0.874,2494
0.874,2493
0.874,2492
0.874,2491
0.874,2490
0.874,2489
0.874,2488
0.874,2487
0.875,2486
0.875,2485
0.875,2484
0.875,2483
0.875,2482
0.875,2481
0.875,2480
0.875,2479
0.875,2478
0.875,2477
0.875,2476
0.875,2475
0.875,2474
0.876,2473
0.876,2472
0.876,2471
0.876,2470
0.876,2469
0.876,2468
0.877,2467
0.877,2466
0.877,2465
0.877,2464
0.877,2463
0.877,2462
0.877,2461
0.877,2460
0.877,2459
0.877,2458
0.877,2457
0.877,2456
0.877,2455
0.878,2454
0.878,2453
0.878,2452
0.878,2451
0.878,2450
0.878,2449
0.878,2448
0.879,2447
0.879,2446
0.879,2445
0.879,2444
0.879,2443
0.879,2442
0.879,2441
0.879,2440
0.879,2439
0.879,2438
0.880,2437
0.880,2436
0.880,2435
0.880,2434
0.880,2433
0.880,2432
0.880,2431
0.880,2430
0.881,2429
0.881,2428
0.881,2427
0.881,2426
0.881,2425
0.881,2424
0.881,2423
0.881,2422
0.881,2421
0.881,2420
0.882,2419
0.882,2418
0.882,2417
0.882,2416
0.882,2415
0.882,2414
0.882,2413
0.882,2412
0.882,2411
0.882,2410
0.882,2409
0.883,2408
0.883,2407
0.883,2406
0.883,2405
0.883,2404
0.883,2403
0.883,2402
0.883,2401
0.883,2400
0.884,2399
0.884,2398
0.884,2397
0.884,2396
0.884,2395
0.884,2394
0.884,2393
0.885,2392
0.885,2391
0.885,2390
0.885,2389
0.885,2388
0.886,2387
0.886,2386
0.886,2385
0.886,2384
0.886,2383
0.886,2382
0.886,2381
0.886,2380
0.887,2379
0.887,2378
0.887,2377
0.887,2376
0.887,2375
0.887,2374
0.887,2373
0.887,2372
0.887,2371
0.887,2370
0.888,2369
0.888,2368
0.888,2367
0.888,2366
0.888,2365
0.888,2364
0.888,2363
0.888,2362
0.888,2361
0.888,2360
0.888,2359
0.888,2358
0.888,2357
0.889,2356
0.889,2355
0.889,2354
0.889,2353
0.889,2352
0.889,2351
0.889,2350
0.889,2349
0.889,2348
0.889,2347
0.890,2346
0.890,2345
0.890,2344
0.890,2343
0.891,2342
0.891,2341
0.891,2340
0.891,2339
0.891,2338
0.891,2337
0.891,2336
0.892,2335
0.892,2334
0.892,2333
0.892,2332
0.892,2331
0.892,2330
0.893,2329
0.893,2328
0.893,2327
0.893,2326
0.893,2325
0.893,2324
0.893,2323
0.894,2322
0.894,2321
0.894,2320
0.901,2319
0.901,2318
0.901,2317
0.901,2316
0.901,2315
0.902,2314
0.902,2313
0.902,2312
0.903,2311
0.903,2310
0.903,2309
0.904,2308
0.904,2307
0.904,2306
0.904,2305
0.905,2304
0.905,2303
0.905,2302
0.905,2301
0.906,2300
0.906,2299
0.907,2298
0.908,2297
0.908,2296
0.908,2295
0.908,2294
0.909,2293
0.909,2292
0.909,2291
0.909,2290
0.910,2289
0.910,2288
0.910,2287
0.911,2286
0.912,2285
0.913,2284
0.913,2283
0.914,2282
0.915,2281
0.916,2280
0.916,2279
0.916,2278
0.917,2277
0.918,2276
0.918,2275
0.919,2274
0.920,2273
0.921,2272
0.922,2271
