0.170,3750
0.789,3749
0.790,3748
0.790,3747
0.790,3746
0.790,3745
0.790,3744
0.790,3743
0.791,3742
0.791,3741
0.791,3740
0.791,3739
0.791,3738
0.791,3737
0.791,3736
0.792,3735
0.792,3734
0.792,3733
0.792,3732
0.792,3731
0.792,3730
0.792,3729
0.793,3728
0.793,3727
0.793,3726
0.793,3725
0.793,3724
0.793,3723
0.794,3722
0.794,3721
0.794,3720
0.794,3719
0.794,3718
0.794,3717
0.794,3716
0.795,3715
0.795,3714
0.795,3713
0.795,3712
0.795,3711
0.795,3710
0.796,3709
0.796,3708
0.796,3707
0.796,3706
0.796,3705
0.796,3704
0.797,3703
0.797,3702
0.797,3701
0.797,3700
0.797,3699
0.798,3698
0.798,3697
0.798,3696
0.798,3695
0.799,3694
0.799,3693
0.799,3692
0.799,3691
0.799,3690
0.799,3689
0.799,3688
0.800,3687
0.800,3686
0.800,3685
0.800,3684
0.800,3683
0.800,3682
0.800,3681
0.800,3680
0.800,3679
0.801,3678
0.801,3677
0.801,3676
0.801,3675
0.801,3674
0.801,3673
0.801,3672
0.801,3671
0.802,3670
0.802,3669
0.802,3668
0.802,3667
0.802,3666
0.802,3665
0.802,3664
0.802,3663
0.803,3662
0.803,3661
0.803,3660
0.803,3659
0.803,3658
0.803,3657
0.803,3656
0.803,3655
0.803,3654
0.803,3653
0.803,3652
0.803,3651
0.804,3650
0.804,3649
0.804,3648
0.804,3647
0.804,3646
0.804,3645
0.804,3644
0.804,3643
0.804,3642
0.804,3641
0.804,3640
0.804,3639
0.805,3638
0.805,3637
0.805,3636
0.805,3635
0.805,3634
0.805,3633
0.805,3632
0.805,3631
0.805,3630
0.805,3629
0.805,3628
0.805,3627
0.805,3626
0.806,3625
0.806,3624
0.806,3623
0.806,3622
0.806,3621
0.806,3620
0.806,3619
0.806,3618
0.806,3617
0.806,3616
0.806,3615
0.807,3614
0.807,3613
0.807,3612
0.807,3611
0.807,3610
0.807,3609
0.807,3608
0.807,3607
0.807,3606
0.807,3605
0.807,3604
0.807,3603
0.807,3602
0.807,3601
0.807,3600
0.807,3599
0.807,3598
0.807,3597
0.808,3596
0.808,3595
0.808,3594
0.808,3593
0.808,3592
0.808,3591
0.808,3590
0.808,3589
0.808,3588
0.808,3587
0.808,3586
0.808,3585
0.808,3584
0.808,3583
0.808,3582
0.808,3581
0.808,3580
0.809,3579
0.809,3578
0.809,3577
0.809,3576
0.809,3575
0.809,3574
0.809,3573
0.809,3572
0.809,3571
0.809,3570
0.809,3569
0.809,3568
0.809,3567
0.809,3566
0.809,3565
0.809,3564
0.810,3563
0.810,3562
0.810,3561
0.810,3560
0.810,3559
0.810,3558
0.810,3557
0.810,3556
0.810,3555
0.810,3554
0.810,3553
0.810,3552
0.810,3551
0.810,3550
0.810,3549
0.810,3548
0.811,3547
0.811,3546
0.811,3545
0.811,3544
0.811,3543
0.811,3542
0.811,3541
0.811,3540
0.811,3539
0.811,3538
0.811,3537
0.811,3536
0.811,3535
0.811,3534
0.811,3533
0.811,3532
0.811,3531
0.811,3530
0.811,3529
0.812,3528
0.812,3527
0.812,3526
0.812,3525
0.812,3524
0.812,3523
0.812,3522
0.812,3521
0.812,3520
0.812,3519
0.812,3518
0.812,3517
0.812,3516
0.812,3515
0.812,3514
0.812,3513
0.812,3512
0.812,3511
0.812,3510
0.813,3509
0.813,3508
0.813,3507
0.813,3506
0.813,3505
0.813,3504
0.813,3503
0.813,3502
0.813,3501
0.813,3500
0.813,3499
0.814,3498
0.814,3497
0.814,3496
0.814,3495
0.814,3494
0.814,3493
0.814,3492
0.814,3491
0.814,3490
0.814,3489
0.814,3488
0.814,3487
0.814,3486
0.814,3485
0.814,3484
0.814,3483
0.814,3482
0.814,3481
0.814,3480
0.815,3479
0.815,3478
0.815,3477
0.815,3476
0.815,3475
0.815,3474
0.815,3473
0.815,3472
0.815,3471
0.815,3470
0.815,3469
0.815,3468
0.815,3467
0.815,3466
0.815,3465
0.815,3464
0.815,3463
0.815,3462
0.815,3461
0.815,3460
0.815,3459
0.815,3458
0.816,3457
0.816,3456
0.816,3455
0.816,3454
0.816,3453
0.816,3452
0.816,3451
0.816,3450
0.816,3449
0.816,3448
0.816,3447
0.816,3446
0.816,3445
0.816,3444
0.816,3443
0.816,3442
0.816,3441
0.816,3440
0.816,3439
0.816,3438
0.816,3437
0.817,3436
0.817,3435
0.817,3434
0.817,3433
0.817,3432
0.817,3431
0.817,3430
0.818,3429
0.818,3428
0.818,3427
0.818,3426
0.818,3425
0.818,3424
0.818,3423
0.818,3422
0.818,3421
0.818,3420
0.818,3419
0.818,3418
0.818,3417
0.818,3416
0.818,3415
0.818,3414
0.818,3413
0.818,3412
0.818,3411
0.818,3410
0.818,3409
0.818,3408
0.818,3407
0.818,3406
0.819,3405
0.819,3404
0.819,3403
0.819,3402
0.819,3401
0.819,3400
0.819,3399
0.819,3398
0.819,3397
0.820,3396
0.820,3395
0.820,3394
0.820,3393
0.820,3392
0.820,3391
0.820,3390
0.820,3389
0.820,3388
0.820,3387
0.820,3386
0.820,3385
0.820,3384
0.820,3383
0.820,3382
0.820,3381
0.820,3380
0.820,3379
0.820,3378
0.820,3377
0.820,3376
0.820,3375
0.820,3374
0.820,3373
0.820,3372
0.820,3371
0.820,3370
0.820,3369
0.821,3368
0.821,3367
0.821,3366
0.821,3365
0.821,3364
0.821,3363
0.821,3362
0.821,3361
0.821,3360
0.821,3359
0.821,3358
0.821,3357
0.821,3356
0.821,3355
0.821,3354
0.821,3353
0.821,3352
0.821,3351
0.821,3350
0.821,3349
0.821,3348
0.821,3347
0.821,3346
0.821,3345
0.821,3344
0.821,3343
0.821,3342
0.821,3341
0.821,3340
0.821,3339
0.821,3338
0.821,3337
0.822,3336
0.822,3335
0.822,3334
0.822,3333
0.822,3332
0.822,3331
0.822,3330
0.822,3329
0.822,3328
0.822,3327
0.822,3326
0.822,3325
0.822,3324
0.822,3323
0.822,3322
0.822,3321
0.822,3320
0.822,3319
0.822,3318
0.822,3317
0.822,3316
0.822,3315
0.822,3314
0.822,3313
0.822,3312
0.822,3311
0.822,3310
0.822,3309
0.822,3308
0.823,3307
0.823,3306
0.823,3305
0.823,3304
0.823,3303
0.823,3302
0.823,3301
0.823,3300
0.823,3299
0.823,3298
0.823,3297
0.823,3296
0.823,3295
0.823,3294
0.823,3293
0.823,3292
0.823,3291
0.823,3290
0.823,3289
0.823,3288
0.823,3287
0.823,3286
0.823,3285
0.823,3284
0.823,3283
0.823,3282
0.823,3281
0.823,3280
0.823,3279
0.824,3278
0.824,3277
0.824,3276
0.824,3275
0.824,3274
0.824,3273
0.824,3272
0.824,3271
0.824,3270
0.824,3269
0.824,3268
0.824,3267
0.824,3266
0.824,3265
0.824,3264
0.824,3263
0.824,3262
0.824,3261
0.824,3260
0.824,3259
0.824,3258
0.824,3257
0.824,3256
0.824,3255
0.824,3254
0.824,3253
0.824,3252
0.824,3251
0.824,3250
0.824,3249
0.824,3248
0.824,3247
0.824,3246
0.824,3245
0.824,3244
0.824,3243
0.824,3242
0.824,3241
0.825,3240
0.825,3239
0.825,3238
0.825,3237
0.825,3236
0.825,3235
0.825,3234
0.825,3233
0.825,3232
0.825,3231
0.825,3230
0.825,3229
0.825,3228
0.825,3227
0.825,3226
0.825,3225
0.825,3224
0.825,3223
0.825,3222
0.825,3221
0.825,3220
0.825,3219
0.825,3218
0.825,3217
0.825,3216
0.826,3215
0.826,3214
0.826,3213
0.826,3212
0.826,3211
0.826,3210
0.826,3209
0.826,3208
0.826,3207
0.826,3206
0.826,3205
0.826,3204
0.826,3203
0.826,3202
0.826,3201
0.826,3200
0.826,3199
0.826,3198
0.826,3197
0.826,3196
0.826,3195
0.826,3194
0.826,3193
0.826,3192
0.826,3191
0.826,3190
0.827,3189
0.827,3188
0.827,3187
0.827,3186
0.827,3185
0.827,3184
0.827,3183
0.827,3182
0.827,3181
0.827,3180
0.827,3179
0.827,3178
0.827,3177
0.827,3176
0.828,3175
0.828,3174
0.828,3173
0.828,3172
0.828,3171
0.828,3170
0.828,3169
0.828,3168
0.828,3167
0.828,3166
0.828,3165
0.828,3164
0.828,3163
0.828,3162
0.829,3161
0.829,3160
0.829,3159
0.829,3158
0.829,3157
0.829,3156
0.829,3155
0.829,3154
0.829,3153
0.829,3152
0.829,3151
0.829,3150
0.829,3149
0.829,3148
0.829,3147
0.829,3146
0.829,3145
0.829,3144
0.829,3143
0.830,3142
0.830,3141
0.830,3140
0.830,3139
0.830,3138
0.830,3137
0.830,3136
0.830,3135
0.830,3134
0.830,3133
0.830,3132
0.830,3131
0.830,3130
0.830,3129
0.830,3128
0.830,3127
0.830,3126
0.830,3125
0.830,3124
0.830,3123
0.830,3122
0.830,3121
0.830,3120
0.830,3119
0.831,3118
0.831,3117
0.831,3116
0.831,3115
0.831,3114
0.831,3113
0.831,3112
0.831,3111
0.831,3110
0.831,3109
0.831,3108
0.831,3107
0.831,3106
0.831,3105
0.831,3104
0.831,3103
0.831,3102
0.831,3101
0.831,3100
0.831,3099
0.831,3098
0.832,3097
0.832,3096
0.832,3095
0.832,3094
0.832,3093
0.832,3092
0.832,3091
0.832,3090
0.832,3089
0.832,3088
0.832,3087
0.832,3086
0.832,3085
0.832,3084
0.832,3083
0.832,3082
0.832,3081
0.832,3080
0.832,3079
0.833,3078
0.833,3077
0.833,3076
0.833,3075
0.833,3074
0.833,3073
0.833,3072
0.833,3071
0.833,3070
0.833,3069
0.833,3068
0.834,3067
0.834,3066
0.834,3065
0.834,3064
0.834,3063
0.834,3062
0.834,3061
0.834,3060
0.834,3059
0.834,3058
0.834,3057
0.834,3056
0.834,3055
0.834,3054
0.834,3053
0.834,3052
0.834,3051
0.834,3050
0.835,3049
0.835,3048
0.835,3047
0.835,3046
0.835,3045
0.835,3044
0.835,3043
0.835,3042
0.835,3041
0.835,3040
0.835,3039
0.835,3038
0.835,3037
0.835,3036
0.835,3035
0.835,3034
0.835,3033
0.835,3032
0.835,3031
0.835,3030
0.835,3029
0.835,3028
0.836,3027
0.836,3026
0.836,3025
0.836,3024
0.836,3023
0.836,3022
0.836,3021
0.836,3020
0.836,3019
0.836,3018
0.836,3017
0.836,3016
0.836,3015
0.836,3014
0.836,3013
0.836,3012
0.836,3011
0.836,3010
0.836,3009
0.836,3008
0.836,3007
0.836,3006
0.837,3005
0.837,3004
0.837,3003
0.837,3002
0.837,3001
0.837,3000
0.837,2999
0.837,2998
0.837,2997
0.837,2996
0.837,2995
0.837,2994
0.837,2993
0.837,2992
0.837,2991
0.837,2990
0.837,2989
0.837,2988
0.837,2987
0.837,2986
0.837,2985
0.837,2984
0.838,2983
0.838,2982
0.838,2981
0.838,2980
0.838,2979
0.838,2978
0.838,2977
0.838,2976
0.838,2975
0.838,2974
0.838,2973
0.838,2972
0.838,2971
0.838,2970
0.838,2969
0.838,2968
0.838,2967
0.838,2966
0.838,2965
0.838,2964
0.838,2963
0.838,2962
0.838,2961
0.838,2960
0.838,2959
0.838,2958
0.839,2957
0.839,2956
0.839,2955
0.839,2954
0.839,2953
0.839,2952
0.839,2951
0.839,2950
0.839,2949
0.839,2948
0.839,2947
0.839,2946
0.839,2945
0.839,2944
0.839,2943
0.839,2942
0.839,2941
0.839,2940
0.839,2939
0.839,2938
0.839,2937
0.839,2936
0.839,2935
0.839,2934
0.839,2933
0.839,2932
0.839,2931
0.839,2930
0.840,2929
0.840,2928
0.840,2927
0.840,2926
0.840,2925
0.840,2924
0.840,2923
0.840,2922
0.840,2921
0.840,2920
0.840,2919
0.840,2918
0.840,2917
0.840,2916
0.840,2915
0.840,2914
0.840,2913
0.840,2912
0.840,2911
0.840,2910
0.840,2909
0.840,2908
0.840,2907
0.840,2906
0.840,2905
0.841,2904
0.841,2903
0.841,2902
0.841,2901
0.841,2900
0.841,2899
0.841,2898
0.841,2897
0.841,2896
0.841,2895
0.841,2894
0.841,2893
0.841,2892
0.841,2891
0.841,2890
0.841,2889
0.841,2888
0.841,2887
0.841,2886
0.841,2885
0.841,2884
0.841,2883
0.841,2882
0.841,2881
0.842,2880
0.842,2879
0.842,2878
0.842,2877
0.842,2876
0.842,2875
0.842,2874
0.842,2873
0.842,2872
0.842,2871
0.842,2870
0.842,2869
0.842,2868
0.842,2867
0.842,2866
0.842,2865
0.842,2864
0.842,2863
0.842,2862
0.842,2861
0.842,2860
0.842,2859
0.843,2858
0.843,2857
0.843,2856
0.843,2855
0.843,2854
0.843,2853
0.843,2852
0.843,2851
0.843,2850
0.843,2849
0.843,2848
0.843,2847
0.843,2846
0.843,2845
0.843,2844
0.843,2843
0.843,2842
0.843,2841
0.843,2840
0.843,2839
0.843,2838
0.843,2837
0.843,2836
0.843,2835
0.844,2834
0.844,2833
0.844,2832
0.844,2831
0.844,2830
0.844,2829
0.844,2828
0.844,2827
0.844,2826
0.844,2825
0.844,2824
0.844,2823
0.844,2822
0.844,2821
0.844,2820
0.844,2819
0.844,2818
0.844,2817
0.845,2816
0.845,2815
0.845,2814
0.845,2813
0.845,2812
0.845,2811
0.845,2810
0.845,2809
0.845,2808
0.845,2807
0.845,2806
0.845,2805
0.845,2804
0.845,2803
0.845,2802
0.845,2801
0.845,2800
0.845,2799
0.845,2798
0.845,2797
0.845,2796
0.846,2795
0.846,2794
0.846,2793
0.846,2792
0.846,2791
0.846,2790
0.846,2789
0.846,2788
0.846,2787
0.846,2786
0.846,2785
0.846,2784
0.846,2783
0.846,2782
0.846,2781
0.846,2780
0.846,2779
0.846,2778
0.846,2777
0.846,2776
0.846,2775
0.846,2774
0.847,2773
0.847,2772
0.847,2771
0.847,2770
0.847,2769
0.847,2768
0.847,2767
0.847,2766
0.847,2765
0.847,2764
0.847,2763
0.847,2762
0.847,2761
0.847,2760
0.847,2759
0.847,2758
0.847,2757
0.847,2756
0.847,2755
0.847,2754
0.847,2753
0.847,2752
0.847,2751
0.847,2750
0.847,2749
0.847,2748
0.848,2747
0.848,2746
0.848,2745
0.848,2744
0.848,2743
0.848,2742
0.848,2741
0.848,2740
0.848,2739
0.848,2738
0.848,2737
0.848,2736
0.848,2735
0.848,2734
0.848,2733
0.848,2732
0.848,2731
0.848,2730
0.848,2729
0.848,2728
0.848,2727
0.848,2726
0.848,2725
0.848,2724
0.848,2723
0.849,2722
0.849,2721
0.849,2720
0.849,2719
0.849,2718
0.849,2717
0.849,2716
0.849,2715
0.849,2714
0.849,2713
0.849,2712
0.849,2711
0.849,2710
0.849,2709
0.849,2708
0.849,2707
0.849,2706
0.849,2705
0.849,2704
0.849,2703
0.850,2702
0.850,2701
0.850,2700
0.850,2699
0.850,2698
0.850,2697
0.850,2696
0.850,2695
0.850,2694
0.850,2693
0.850,2692
0.850,2691
0.850,2690
0.850,2689
0.850,2688
0.850,2687
0.850,2686
0.850,2685
0.850,2684
0.850,2683
0.850,2682
0.850,2681
0.850,2680
0.850,2679
0.850,2678
0.850,2677
0.851,2676
0.851,2675
0.851,2674
0.851,2673
0.851,2672
0.851,2671
0.851,2670
0.851,2669
0.851,2668
0.851,2667
0.851,2666
0.851,2665
0.851,2664
0.851,2663
0.851,2662
0.851,2661
0.851,2660
0.851,2659
0.851,2658
0.851,2657
0.851,2656
0.851,2655
0.851,2654
0.852,2653
0.852,2652
0.852,2651
0.852,2650
0.852,2649
0.852,2648
0.852,2647
0.852,2646
0.852,2645
0.852,2644
0.852,2643
0.852,2642
0.852,2641
0.852,2640
0.852,2639
0.852,2638
0.852,2637
0.852,2636
0.852,2635
0.852,2634
0.852,2633
0.853,2632
0.853,2631
0.853,2630
0.853,2629
0.853,2628
0.853,2627
0.853,2626
0.853,2625
0.853,2624
0.853,2623
0.853,2622
0.853,2621
0.853,2620
0.853,2619
0.853,2618
0.853,2617
0.853,2616
0.853,2615
0.853,2614
0.853,2613
0.853,2612
0.853,2611
0.854,2610
0.854,2609
0.854,2608
0.854,2607
0.854,2606
0.854,2605
0.854,2604
0.854,2603
0.854,2602
0.854,2601
0.854,2600
0.854,2599
0.854,2598
0.854,2597
0.854,2596
0.854,2595
0.854,2594
0.854,2593
0.854,2592
0.854,2591
0.854,2590
0.854,2589
0.854,2588
0.855,2587
0.855,2586
0.855,2585
0.855,2584
0.855,2583
0.855,2582
0.855,2581
0.855,2580
0.855,2579
0.855,2578
0.855,2577
0.855,2576
0.855,2575
0.855,2574
0.855,2573
0.855,2572
0.855,2571
0.855,2570
0.855,2569
0.855,2568
0.855,2567
0.856,2566
0.856,2565
0.856,2564
0.856,2563
0.856,2562
0.856,2561
0.856,2560
0.856,2559
0.856,2558
0.856,2557
0.856,2556
0.856,2555
0.856,2554
0.856,2553
0.856,2552
0.856,2551
0.856,2550
0.856,2549
0.856,2548
0.856,2547
0.856,2546
0.856,2545
0.856,2544
0.857,2543
0.857,2542
0.857,2541
0.857,2540
0.857,2539
0.857,2538
0.857,2537
0.857,2536
0.857,2535
0.857,2534
0.857,2533
0.858,2532
0.858,2531
0.858,2530
0.858,2529
0.858,2528
0.858,2527
0.858,2526
0.858,2525
0.858,2524
0.858,2523
0.858,2522
0.858,2521
0.858,2520
0.858,2519
0.859,2518
0.859,2517
0.859,2516
0.859,2515
0.859,2514
0.859,2513
0.859,2512
0.860,2511
0.860,2510
0.860,2509
0.860,2508
0.860,2507
0.860,2506
0.860,2505
0.860,2504
0.861,2503
0.861,2502
0.861,2501
0.861,2500
0.861,2499
0.861,2498
0.861,2497
0.861,2496
0.861,2495
0.861,2494
0.862,2493
0.862,2492
0.862,2491
0.862,2490
0.862,2489
0.862,2488
0.862,2487
0.862,2486
0.862,2485
0.862,2484
0.863,2483
0.863,2482
0.863,2481
0.863,2480
0.863,2479
0.863,2478
0.863,2477
0.863,2476
0.863,2475
0.863,2474
0.863,2473
0.863,2472
0.863,2471
0.863,2470
0.863,2469
0.863,2468
0.864,2467
0.864,2466
0.864,2465
0.864,2464
0.864,2463
0.864,2462
0.864,2461
0.864,2460
0.864,2459
0.864,2458
0.864,2457
0.864,2456
0.864,2455
0.865,2454
0.865,2453
0.865,2452
0.865,2451
0.865,2450
0.865,2449
0.866,2448
0.866,2447
0.866,2446
0.866,2445
0.866,2444
0.866,2443
0.866,2442
0.866,2441
0.866,2440
0.866,2439
0.866,2438
0.867,2437
0.867,2436
0.867,2435
0.867,2434
0.867,2433
0.867,2432
0.867,2431
0.867,2430
0.867,2429
0.867,2428
0.867,2427
0.867,2426
0.868,2425
0.868,2424
0.868,2423
0.868,2422
0.868,2421
0.868,2420
0.868,2419
0.869,2418
0.869,2417
0.869,2416
0.869,2415
0.869,2414
0.869,2413
0.869,2412
0.870,2411
0.870,2410
0.870,2409
0.870,2408
0.870,2407
0.870,2406
0.870,2405
0.870,2404
0.870,2403
0.870,2402
0.870,2401
0.871,2400
0.871,2399
0.871,2398
0.871,2397
0.871,2396
0.871,2395
0.871,2394
0.871,2393
0.871,2392
0.871,2391
0.872,2390
0.872,2389
0.872,2388
0.872,2387
0.872,2386
0.872,2385
0.873,2384
0.873,2383
0.873,2382
0.873,2381
0.873,2380
0.874,2379
0.874,2378
0.874,2377
0.874,2376
0.874,2375
0.874,2374
0.874,2373
0.874,2372
0.874,2371
0.875,2370
0.875,2369
0.876,2368
0.876,2367
0.876,2366
0.876,2365
0.877,2364
0.877,2363
0.877,2362
0.877,2361
0.877,2360
0.877,2359
0.877,2358
0.878,2357
0.878,2356
0.878,2355
0.878,2354
0.878,2353
0.878,2352
0.878,2351
0.879,2350
0.879,2349
0.879,2348
0.879,2347
0.879,2346
0.879,2345
0.879,2344
0.880,2343
0.880,2342
0.880,2341
0.880,2340
0.880,2339
0.880,2338
0.880,2337
0.880,2336
0.881,2335
0.881,2334
0.881,2333
0.881,2332
0.881,2331
0.881,2330
0.881,2329
0.881,2328
0.881,2327
0.882,2326
0.882,2325
0.882,2324
0.882,2323
0.882,2322
0.882,2321
0.882,2320
0.882,2319
0.882,2318
0.882,2317
0.883,2316
0.883,2315
0.883,2314
0.883,2313
0.884,2312
0.884,2311
0.884,2310
0.884,2309
0.884,2308
0.884,2307
0.885,2306
0.885,2305
0.885,2304
0.886,2303
0.886,2302
0.886,2301
0.887,2300
0.887,2299
0.887,2298
0.888,2297
0.888,2296
0.888,2295
0.888,2294
0.889,2293
0.890,2292
0.890,2291
0.891,2290
0.891,2289
0.892,2288
0.892,2287
0.892,2286
0.892,2285
0.893,2284
0.894,2283
0.895,2282
0.896,2281
0.896,2280
0.896,2279
0.896,2278
0.897,2277
0.898,2276
0.899,2275
0.899,2274
0.900,2273
0.900,2272
0.900,2271
0.902,2270
0.904,2269
0.904,2268
0.905,2267
