0.201,3688
0.798,3687
0.799,3686
0.800,3685
0.800,3684
0.800,3683
0.800,3682
0.800,3681
0.800,3680
0.801,3679
0.801,3678
0.801,3677
0.801,3676
0.801,3675
0.801,3674
0.802,3673
0.802,3672
0.802,3671
0.803,3670
0.803,3669
0.803,3668
0.803,3667
0.803,3666
0.804,3665
0.804,3664
0.804,3663
0.804,3662
0.804,3661
0.804,3660
0.805,3659
0.805,3658
0.805,3657
0.806,3656
0.806,3655
0.806,3654
0.806,3653
0.806,3652
0.807,3651
0.807,3650
0.807,3649
0.807,3648
0.807,3647
0.807,3646
0.808,3645
0.808,3644
0.808,3643
0.808,3642
0.808,3641
0.808,3640
0.809,3639
0.809,3638
0.809,3637
0.809,3636
0.810,3635
0.810,3634
0.810,3633
0.810,3632
0.811,3631
0.811,3630
0.811,3629
0.811,3628
0.812,3627
0.812,3626
0.812,3625
0.812,3624
0.812,3623
0.813,3622
0.813,3621
0.813,3620
0.813,3619
0.813,3618
0.813,3617
0.813,3616
0.814,3615
0.814,3614
0.814,3613
0.814,3612
0.814,3611
0.814,3610
0.814,3609
0.814,3608
0.814,3607
0.814,3606
0.814,3605
0.814,3604
0.814,3603
0.814,3602
0.814,3601
0.815,3600
0.815,3599
0.815,3598
0.815,3597
0.815,3596
0.815,3595
0.815,3594
0.815,3593
0.815,3592
0.815,3591
0.815,3590
0.815,3589
0.815,3588
0.815,3587
0.815,3586
0.815,3585
0.816,3584
0.816,3583
0.816,3582
0.816,3581
0.816,3580
0.816,3579
0.816,3578
0.816,3577
0.816,3576
0.816,3575
0.816,3574
0.816,3573
0.816,3572
0.816,3571
0.817,3570
0.817,3569
0.817,3568
0.817,3567
0.817,3566
0.817,3565
0.817,3564
0.817,3563
0.817,3562
0.817,3561
0.817,3560
0.817,3559
0.818,3558
0.818,3557
0.818,3556
0.818,3555
0.818,3554
0.818,3553
0.818,3552
0.818,3551
0.818,3550
0.818,3549
0.818,3548
0.818,3547
0.818,3546
0.818,3545
0.818,3544
0.819,3543
0.819,3542
0.819,3541
0.819,3540
0.819,3539
0.819,3538
0.819,3537
0.819,3536
0.819,3535
0.819,3534
0.819,3533
0.819,3532
0.819,3531
0.819,3530
0.819,3529
0.819,3528
0.820,3527
0.820,3526
0.820,3525
0.820,3524
0.820,3523
0.820,3522
0.820,3521
0.820,3520
0.820,3519
0.820,3518
0.820,3517
0.820,3516
0.820,3515
0.820,3514
0.820,3513
0.820,3512
0.821,3511
0.821,3510
0.821,3509
0.821,3508
0.821,3507
0.821,3506
0.821,3505
0.821,3504
0.821,3503
0.821,3502
0.821,3501
0.822,3500
0.822,3499
0.822,3498
0.822,3497
0.822,3496
0.823,3495
0.823,3494
0.823,3493
0.823,3492
0.823,3491
0.823,3490
0.823,3489
0.823,3488
0.823,3487
0.823,3486
0.823,3485
0.823,3484
0.823,3483
0.823,3482
0.823,3481
0.823,3480
0.823,3479
0.823,3478
0.823,3477
0.823,3476
0.823,3475
0.824,3474
0.824,3473
0.824,3472
0.824,3471
0.824,3470
0.824,3469
0.824,3468
0.824,3467
0.824,3466
0.824,3465
0.824,3464
0.824,3463
0.824,3462
0.824,3461
0.824,3460
0.824,3459
0.824,3458
0.824,3457
0.824,3456
0.824,3455
0.824,3454
0.825,3453
0.825,3452
0.825,3451
0.825,3450
0.825,3449
0.825,3448
0.825,3447
0.825,3446
0.825,3445
0.825,3444
0.825,3443
0.825,3442
0.825,3441
0.825,3440
0.825,3439
0.825,3438
0.825,3437
0.825,3436
0.825,3435
0.826,3434
0.826,3433
0.826,3432
0.826,3431
0.826,3430
0.826,3429
0.826,3428
0.826,3427
0.826,3426
0.826,3425
0.826,3424
0.826,3423
0.826,3422
0.826,3421
0.826,3420
0.826,3419
0.826,3418
0.826,3417
0.826,3416
0.826,3415
0.826,3414
0.827,3413
0.827,3412
0.827,3411
0.827,3410
0.827,3409
0.827,3408
0.827,3407
0.827,3406
0.827,3405
0.827,3404
0.827,3403
0.827,3402
0.827,3401
0.827,3400
0.827,3399
0.827,3398
0.827,3397
0.827,3396
0.828,3395
0.828,3394
0.828,3393
0.828,3392
0.828,3391
0.828,3390
0.828,3389
0.828,3388
0.828,3387
0.828,3386
0.828,3385
0.828,3384
0.828,3383
0.828,3382
0.828,3381
0.828,3380
0.829,3379
0.829,3378
0.829,3377
0.829,3376
0.829,3375
0.829,3374
0.829,3373
0.829,3372
0.829,3371
0.829,3370
0.829,3369
0.829,3368
0.829,3367
0.829,3366
0.829,3365
0.829,3364
0.829,3363
0.829,3362
0.829,3361
0.829,3360
0.829,3359
0.829,3358
0.829,3357
0.829,3356
0.829,3355
0.829,3354
0.830,3353
0.830,3352
0.830,3351
0.830,3350
0.830,3349
0.830,3348
0.830,3347
0.830,3346
0.830,3345
0.830,3344
0.830,3343
0.830,3342
0.830,3341
0.831,3340
0.831,3339
0.831,3338
0.831,3337
0.831,3336
0.831,3335
0.831,3334
0.831,3333
0.831,3332
0.832,3331
0.832,3330
0.832,3329
0.832,3328
0.832,3327
0.832,3326
0.832,3325
0.833,3324
0.833,3323
0.833,3322
0.833,3321
0.833,3320
0.833,3319
0.833,3318
0.833,3317
0.833,3316
0.833,3315
0.833,3314
0.833,3313
0.834,3312
0.834,3311
0.834,3310
0.834,3309
0.834,3308
0.834,3307
0.835,3306
0.835,3305
0.836,3304
0.836,3303
0.836,3302
0.836,3301
0.836,3300
0.836,3299
0.836,3298
0.836,3297
0.836,3296
0.836,3295
0.836,3294
0.836,3293
0.836,3292
0.836,3291
0.836,3290
0.836,3289
0.836,3288
0.836,3287
0.836,3286
0.836,3285
0.837,3284
0.837,3283
0.837,3282
0.837,3281
0.837,3280
0.837,3279
0.837,3278
0.837,3277
0.837,3276
0.837,3275
0.837,3274
0.837,3273
0.837,3272
0.837,3271
0.837,3270
0.837,3269
0.837,3268
0.837,3267
0.837,3266
0.837,3265
0.837,3264
0.837,3263
0.837,3262
0.837,3261
0.837,3260
0.837,3259
0.837,3258
0.837,3257
0.837,3256
0.837,3255
0.837,3254
0.837,3253
0.837,3252
0.837,3251
0.837,3250
0.838,3249
0.838,3248
0.838,3247
0.838,3246
0.838,3245
0.838,3244
0.838,3243
0.838,3242
0.838,3241
0.838,3240
0.838,3239
0.838,3238
0.838,3237
0.838,3236
0.838,3235
0.838,3234
0.838,3233
0.838,3232
0.838,3231
0.838,3230
0.838,3229
0.838,3228
0.838,3227
0.838,3226
0.838,3225
0.838,3224
0.838,3223
0.838,3222
0.838,3221
0.838,3220
0.838,3219
0.838,3218
0.838,3217
0.838,3216
0.838,3215
0.838,3214
0.838,3213
0.838,3212
0.838,3211
0.839,3210
0.839,3209
0.839,3208
0.839,3207
0.839,3206
0.839,3205
0.839,3204
0.839,3203
0.839,3202
0.839,3201
0.839,3200
0.839,3199
0.839,3198
0.839,3197
0.839,3196
0.839,3195
0.839,3194
0.839,3193
0.839,3192
0.839,3191
0.839,3190
0.839,3189
0.839,3188
0.839,3187
0.839,3186
0.839,3185
0.839,3184
0.839,3183
0.839,3182
0.839,3181
0.839,3180
0.839,3179
0.839,3178
0.839,3177
0.840,3176
0.840,3175
0.840,3174
0.840,3173
0.840,3172
0.840,3171
0.840,3170
0.840,3169
0.840,3168
0.840,3167
0.840,3166
0.840,3165
0.840,3164
0.840,3163
0.840,3162
0.840,3161
0.840,3160
0.840,3159
0.840,3158
0.840,3157
0.840,3156
0.840,3155
0.840,3154
0.840,3153
0.840,3152
0.840,3151
0.841,3150
0.841,3149
0.841,3148
0.841,3147
0.841,3146
0.841,3145
0.841,3144
0.841,3143
0.841,3142
0.841,3141
0.841,3140
0.841,3139
0.843,3138
0.843,3137
0.843,3136
0.843,3135
0.843,3134
0.843,3133
0.843,3132
0.843,3131
0.843,3130
0.843,3129
0.843,3128
0.843,3127
0.843,3126
0.843,3125
0.844,3124
0.844,3123
0.844,3122
0.844,3121
0.844,3120
0.844,3119
0.844,3118
0.844,3117
0.844,3116
0.844,3115
0.844,3114
0.844,3113
0.844,3112
0.844,3111
0.844,3110
0.844,3109
0.844,3108
0.844,3107
0.844,3106
0.844,3105
0.845,3104
0.845,3103
0.845,3102
0.845,3101
0.845,3100
0.845,3099
0.845,3098
0.845,3097
0.845,3096
0.845,3095
0.845,3094
0.845,3093
0.845,3092
0.845,3091
0.845,3090
0.845,3089
0.845,3088
0.845,3087
0.845,3086
0.846,3085
0.846,3084
0.846,3083
0.846,3082
0.846,3081
0.846,3080
0.846,3079
0.846,3078
0.846,3077
0.846,3076
0.846,3075
0.846,3074
0.846,3073
0.846,3072
0.846,3071
0.846,3070
0.846,3069
0.846,3068
0.846,3067
0.846,3066
0.846,3065
0.846,3064
0.846,3063
0.846,3062
0.846,3061
0.848,3060
0.848,3059
0.848,3058
0.848,3057
0.848,3056
0.848,3055
0.848,3054
0.848,3053
0.848,3052
0.848,3051
0.848,3050
0.848,3049
0.848,3048
0.848,3047
0.848,3046
0.848,3045
0.849,3044
0.849,3043
0.849,3042
0.849,3041
0.849,3040
0.849,3039
0.849,3038
0.849,3037
0.849,3036
0.849,3035
0.849,3034
0.849,3033
0.849,3032
0.849,3031
0.849,3030
0.849,3029
0.849,3028
0.849,3027
0.849,3026
0.850,3025
0.850,3024
0.850,3023
0.850,3022
0.850,3021
0.850,3020
0.850,3019
0.850,3018
0.850,3017
0.850,3016
0.850,3015
0.850,3014
0.850,3013
0.850,3012
0.850,3011
0.850,3010
0.850,3009
0.850,3008
0.850,3007
0.851,3006
0.851,3005
0.851,3004
0.851,3003
0.851,3002
0.851,3001
0.851,3000
0.851,2999
0.851,2998
0.852,2997
0.852,2996
0.852,2995
0.852,2994
0.852,2993
0.852,2992
0.852,2991
0.852,2990
0.852,2989
0.852,2988
0.852,2987
0.852,2986
0.852,2985
0.852,2984
0.852,2983
0.852,2982
0.852,2981
0.852,2980
0.852,2979
0.852,2978
0.852,2977
0.852,2976
0.852,2975
0.853,2974
0.853,2973
0.853,2972
0.853,2971
0.853,2970
0.853,2969
0.853,2968
0.853,2967
0.853,2966
0.853,2965
0.853,2964
0.853,2963
0.853,2962
0.853,2961
0.853,2960
0.853,2959
0.853,2958
0.853,2957
0.853,2956
0.853,2955
0.853,2954
0.853,2953
0.853,2952
0.853,2951
0.853,2950
0.854,2949
0.854,2948
0.854,2947
0.854,2946
0.854,2945
0.854,2944
0.854,2943
0.854,2942
0.854,2941
0.854,2940
0.854,2939
0.854,2938
0.854,2937
0.854,2936
0.854,2935
0.854,2934
0.854,2933
0.855,2932
0.855,2931
0.855,2930
0.855,2929
0.855,2928
0.855,2927
0.855,2926
0.855,2925
0.855,2924
0.855,2923
0.855,2922
0.855,2921
0.855,2920
0.855,2919
0.855,2918
0.855,2917
0.855,2916
0.855,2915
0.855,2914
0.855,2913
0.855,2912
0.855,2911
0.855,2910
0.856,2909
0.856,2908
0.856,2907
0.856,2906
0.856,2905
0.856,2904
0.856,2903
0.856,2902
0.856,2901
0.856,2900
0.856,2899
0.856,2898
0.856,2897
0.856,2896
0.856,2895
0.856,2894
0.856,2893
0.856,2892
0.856,2891
0.856,2890
0.856,2889
0.856,2888
0.856,2887
0.856,2886
0.856,2885
0.856,2884
0.857,2883
0.857,2882
0.857,2881
0.857,2880
0.857,2879
0.857,2878
0.857,2877
0.857,2876
0.857,2875
0.857,2874
0.857,2873
0.857,2872
0.857,2871
0.857,2870
0.857,2869
0.857,2868
0.857,2867
0.857,2866
0.857,2865
0.857,2864
0.857,2863
0.857,2862
0.857,2861
0.857,2860
0.857,2859
0.857,2858
0.858,2857
0.858,2856
0.858,2855
0.858,2854
0.858,2853
0.858,2852
0.858,2851
0.858,2850
0.858,2849
0.858,2848
0.858,2847
0.858,2846
0.858,2845
0.858,2844
0.858,2843
0.858,2842
0.858,2841
0.858,2840
0.858,2839
0.858,2838
0.858,2837
0.858,2836
0.858,2835
0.858,2834
0.859,2833
0.859,2832
0.859,2831
0.859,2830
0.859,2829
0.859,2828
0.859,2827
0.859,2826
0.859,2825
0.859,2824
0.859,2823
0.859,2822
0.859,2821
0.859,2820
0.859,2819
0.859,2818
0.859,2817
0.859,2816
0.859,2815
0.859,2814
0.859,2813
0.859,2812
0.859,2811
0.860,2810
0.860,2809
0.860,2808
0.860,2807
0.860,2806
0.860,2805
0.860,2804
0.860,2803
0.860,2802
0.860,2801
0.860,2800
0.860,2799
0.860,2798
0.860,2797
0.860,2796
0.860,2795
0.860,2794
0.860,2793
0.860,2792
0.860,2791
0.860,2790
0.860,2789
0.860,2788
0.860,2787
0.861,2786
0.861,2785
0.861,2784
0.861,2783
0.861,2782
0.861,2781
0.861,2780
0.861,2779
0.861,2778
0.861,2777
0.861,2776
0.861,2775
0.861,2774
0.861,2773
0.861,2772
0.861,2771
0.861,2770
0.861,2769
0.861,2768
0.861,2767
0.861,2766
0.861,2765
0.862,2764
0.862,2763
0.862,2762
0.862,2761
0.862,2760
0.862,2759
0.862,2758
0.862,2757
0.862,2756
0.862,2755
0.862,2754
0.862,2753
0.862,2752
0.862,2751
0.862,2750
0.862,2749
0.862,2748
0.862,2747
0.862,2746
0.862,2745
0.862,2744
0.862,2743
0.862,2742
0.862,2741
0.862,2740
0.862,2739
0.862,2738
0.862,2737
0.862,2736
0.862,2735
0.862,2734
0.862,2733
0.863,2732
0.863,2731
0.863,2730
0.863,2729
0.863,2728
0.863,2727
0.863,2726
0.863,2725
0.863,2724
0.863,2723
0.863,2722
0.863,2721
0.863,2720
0.863,2719
0.863,2718
0.863,2717
0.863,2716
0.863,2715
0.863,2714
0.863,2713
0.863,2712
0.863,2711
0.863,2710
0.863,2709
0.863,2708
0.863,2707
0.863,2706
0.863,2705
0.863,2704
0.864,2703
0.864,2702
0.864,2701
0.864,2700
0.864,2699
0.864,2698
0.864,2697
0.864,2696
0.864,2695
0.864,2694
0.864,2693
0.864,2692
0.864,2691
0.864,2690
0.864,2689
0.864,2688
0.864,2687
0.864,2686
0.864,2685
0.864,2684
0.864,2683
0.864,2682
0.864,2681
0.864,2680
0.865,2679
0.865,2678
0.865,2677
0.865,2676
0.865,2675
0.865,2674
0.865,2673
0.865,2672
0.865,2671
0.865,2670
0.865,2669
0.865,2668
0.865,2667
0.865,2666
0.865,2665
0.865,2664
0.865,2663
0.865,2662
0.865,2661
0.865,2660
0.865,2659
0.865,2658
0.865,2657
0.865,2656
0.866,2655
0.866,2654
0.866,2653
0.866,2652
0.866,2651
0.866,2650
0.866,2649
0.866,2648
0.866,2647
0.866,2646
0.866,2645
0.866,2644
0.866,2643
0.866,2642
0.866,2641
0.866,2640
0.866,2639
0.866,2638
0.866,2637
0.866,2636
0.866,2635
0.866,2634
0.866,2633
0.866,2632
0.866,2631
0.866,2630
0.866,2629
0.866,2628
0.867,2627
0.867,2626
0.867,2625
0.867,2624
0.867,2623
0.867,2622
0.867,2621
0.867,2620
0.867,2619
0.867,2618
0.867,2617
0.867,2616
0.867,2615
0.867,2614
0.867,2613
0.867,2612
0.867,2611
0.867,2610
0.867,2609
0.868,2608
0.868,2607
0.868,2606
0.868,2605
0.868,2604
0.868,2603
0.868,2602
0.868,2601
0.868,2600
0.868,2599
0.868,2598
0.868,2597
0.868,2596
0.868,2595
0.868,2594
0.868,2593
0.868,2592
0.868,2591
0.868,2590
0.868,2589
0.869,2588
0.869,2587
0.869,2586
0.869,2585
0.869,2584
0.869,2583
0.869,2582
0.869,2581
0.869,2580
0.869,2579
0.869,2578
0.869,2577
0.869,2576
0.869,2575
0.869,2574
0.869,2573
0.869,2572
0.869,2571
0.869,2570
0.869,2569
0.869,2568
0.869,2567
0.870,2566
0.870,2565
0.870,2564
0.870,2563
0.870,2562
0.870,2561
0.870,2560
0.870,2559
0.870,2558
0.870,2557
0.870,2556
0.870,2555
0.870,2554
0.870,2553
0.870,2552
0.870,2551
0.870,2550
0.870,2549
0.870,2548
0.870,2547
0.870,2546
0.870,2545
0.870,2544
0.870,2543
0.871,2542
0.871,2541
0.871,2540
0.871,2539
0.871,2538
0.871,2537
0.871,2536
0.871,2535
0.871,2534
0.871,2533
0.871,2532
0.871,2531
0.871,2530
0.871,2529
0.871,2528
0.871,2527
0.871,2526
0.871,2525
0.871,2524
0.871,2523
0.871,2522
0.871,2521
0.871,2520
0.872,2519
0.872,2518
0.872,2517
0.872,2516
0.872,2515
0.872,2514
0.872,2513
0.872,2512
0.873,2511
0.873,2510
0.873,2509
0.874,2508
0.874,2507
0.874,2506
0.874,2505
0.874,2504
0.874,2503
0.874,2502
0.875,2501
0.875,2500
0.875,2499
0.875,2498
0.875,2497
0.875,2496
0.875,2495
0.875,2494
0.875,2493
0.876,2492
0.876,2491
0.876,2490
0.876,2489
0.876,2488
0.876,2487
0.876,2486
0.876,2485
0.876,2484
0.876,2483
0.876,2482
0.876,2481
0.877,2480
0.877,2479
0.877,2478
0.877,2477
0.877,2476
0.877,2475
0.878,2474
0.878,2473
0.878,2472
0.878,2471
0.878,2470
0.878,2469
0.878,2468
0.878,2467
0.878,2466
0.878,2465
0.878,2464
0.879,2463
0.879,2462
0.879,2461
0.879,2460
0.879,2459
0.879,2458
0.879,2457
0.879,2456
0.879,2455
0.880,2454
0.880,2453
0.880,2452
0.880,2451
0.880,2450
0.880,2449
0.880,2448
0.880,2447
0.880,2446
0.881,2445
0.881,2444
0.881,2443
0.881,2442
0.881,2441
0.881,2440
0.881,2439
0.881,2438
0.881,2437
0.882,2436
0.882,2435
0.882,2434
0.882,2433
0.882,2432
0.882,2431
0.882,2430
0.882,2429
0.882,2428
0.882,2427
0.882,2426
0.882,2425
0.882,2424
0.882,2423
0.883,2422
0.883,2421
0.883,2420
0.883,2419
0.883,2418
0.883,2417
0.883,2416
0.883,2415
0.883,2414
0.883,2413
0.883,2412
0.883,2411
0.883,2410
0.883,2409
0.883,2408
0.884,2407
0.884,2406
0.884,2405
0.884,2404
0.884,2403
0.884,2402
0.884,2401
0.884,2400
0.884,2399
0.884,2398
0.884,2397
0.884,2396
0.885,2395
0.885,2394
0.885,2393
0.885,2392
0.885,2391
0.885,2390
0.885,2389
0.885,2388
0.885,2387
0.885,2386
0.885,2385
0.885,2384
0.886,2383
0.886,2382
0.886,2381
0.886,2380
0.886,2379
0.886,2378
0.886,2377
0.886,2376
0.886,2375
0.887,2374
0.887,2373
0.887,2372
0.887,2371
0.887,2370
0.887,2369
0.887,2368
0.887,2367
0.888,2366
0.888,2365
0.888,2364
0.888,2363
0.888,2362
0.888,2361
0.888,2360
0.888,2359
0.889,2358
0.889,2357
0.889,2356
0.889,2355
0.889,2354
0.889,2353
0.889,2352
0.889,2351
0.889,2350
0.889,2349
0.890,2348
0.890,2347
0.890,2346
0.890,2345
0.890,2344
0.890,2343
0.890,2342
0.891,2341
0.891,2340
0.891,2339
0.891,2338
0.892,2337
0.892,2336
0.892,2335
0.892,2334
0.892,2333
0.892,2332
0.892,2331
0.893,2330
0.893,2329
0.893,2328
0.893,2327
0.893,2326
0.893,2325
0.893,2324
0.893,2323
0.894,2322
0.894,2321
0.895,2320
0.895,2319
0.895,2318
0.895,2317
0.896,2316
0.896,2315
0.896,2314
0.897,2313
0.897,2312
0.897,2311
0.897,2310
0.898,2309
0.898,2308
0.898,2307
0.898,2306
0.898,2305
0.898,2304
0.899,2303
0.899,2302
0.899,2301
0.899,2300
0.899,2299
0.900,2298
0.900,2297
0.900,2296
0.901,2295
0.901,2294
0.901,2293
0.901,2292
0.902,2291
0.902,2290
0.902,2289
0.904,2288
0.905,2287
0.905,2286
0.905,2285
0.905,2284
0.906,2283
0.906,2282
0.908,2281
0.908,2280
0.909,2279
0.910,2278
0.911,2277
0.911,2276
0.911,2275
0.913,2274
0.914,2273
0.915,2272
0.916,2271
