0.145,3760
0.767,3759
0.767,3758
0.767,3757
0.768,3756
0.768,3755
0.768,3754
0.768,3753
0.768,3752
0.768,3751
0.768,3750
0.769,3749
0.769,3748
0.769,3747
0.770,3746
0.770,3745
0.770,3744
0.770,3743
0.770,3742
0.770,3741
0.771,3740
0.771,3739
0.771,3738
0.771,3737
0.771,3736
0.771,3735
0.772,3734
0.772,3733
0.772,3732
0.772,3731
0.772,3730
0.772,3729
0.773,3728
0.773,3727
0.773,3726
0.773,3725
0.773,3724
0.773,3723
0.773,3722
0.774,3721
0.774,3720
0.774,3719
0.774,3718
0.774,3717
0.774,3716
0.774,3715
0.775,3714
0.775,3713
0.775,3712
0.775,3711
0.775,3710
0.775,3709
0.775,3708
0.776,3707
0.776,3706
0.776,3705
0.776,3704
0.776,3703
0.776,3702
0.777,3701
0.777,3700
0.777,3699
0.777,3698
0.777,3697
0.777,3696
0.777,3695
0.778,3694
0.778,3693
0.778,3692
0.778,3691
0.778,3690
0.778,3689
0.778,3688
0.778,3687
0.778,3686
0.778,3685
0.779,3684
0.779,3683
0.779,3682
0.779,3681
0.779,3680
0.779,3679
0.779,3678
0.780,3677
0.780,3676
0.780,3675
0.780,3674
0.780,3673
0.780,3672
0.781,3671
0.781,3670
0.781,3669
0.781,3668
0.781,3667
0.781,3666
0.782,3665
0.782,3664
0.782,3663
0.782,3662
0.782,3661
0.782,3660
0.782,3659
0.783,3658
0.783,3657
0.783,3656
0.783,3655
0.783,3654
0.783,3653
0.783,3652
0.783,3651
0.783,3650
0.783,3649
0.783,3648
0.783,3647
0.783,3646
0.783,3645
0.783,3644
0.784,3643
0.784,3642
0.784,3641
0.784,3640
0.784,3639
0.784,3638
0.784,3637
0.784,3636
0.784,3635
0.784,3634
0.784,3633
0.785,3632
0.785,3631
0.785,3630
0.785,3629
0.785,3628
0.785,3627
0.785,3626
0.785,3625
0.785,3624
0.785,3623
0.785,3622
0.785,3621
0.785,3620
0.785,3619
0.785,3618
0.785,3617
0.786,3616
0.786,3615
0.786,3614
0.786,3613
0.786,3612
0.786,3611
0.786,3610
0.786,3609
0.786,3608
0.786,3607
0.786,3606
0.786,3605
0.786,3604
0.786,3603
0.786,3602
0.786,3601
0.786,3600
0.786,3599
0.787,3598
0.787,3597
0.787,3596
0.787,3595
0.787,3594
0.787,3593
0.787,3592
0.787,3591
0.787,3590
0.787,3589
0.787,3588
0.788,3587
0.788,3586
0.788,3585
0.788,3584
0.788,3583
0.788,3582
0.788,3581
0.788,3580
0.788,3579
0.788,3578
0.788,3577
0.788,3576
0.788,3575
0.788,3574
0.788,3573
0.788,3572
0.788,3571
0.789,3570
0.789,3569
0.789,3568
0.789,3567
0.789,3566
0.789,3565
0.789,3564
0.789,3563
0.789,3562
0.789,3561
0.789,3560
0.789,3559
0.789,3558
0.789,3557
0.789,3556
0.789,3555
0.789,3554
0.789,3553
0.790,3552
0.790,3551
0.790,3550
0.790,3549
0.790,3548
0.790,3547
0.790,3546
0.790,3545
0.790,3544
0.790,3543
0.790,3542
0.790,3541
0.790,3540
0.790,3539
0.790,3538
0.790,3537
0.790,3536
0.790,3535
0.790,3534
0.790,3533
0.791,3532
0.791,3531
0.791,3530
0.791,3529
0.791,3528
0.791,3527
0.791,3526
0.791,3525
0.791,3524
0.791,3523
0.791,3522
0.791,3521
0.791,3520
0.791,3519
0.791,3518
0.791,3517
0.791,3516
0.791,3515
0.791,3514
0.791,3513
0.792,3512
0.792,3511
0.792,3510
0.792,3509
0.792,3508
0.792,3507
0.792,3506
0.792,3505
0.792,3504
0.792,3503
0.792,3502
0.792,3501
0.792,3500
0.792,3499
0.792,3498
0.792,3497
0.792,3496
0.792,3495
0.792,3494
0.792,3493
0.793,3492
0.793,3491
0.793,3490
0.793,3489
0.793,3488
0.793,3487
0.793,3486
0.793,3485
0.793,3484
0.793,3483
0.793,3482
0.793,3481
0.793,3480
0.793,3479
0.793,3478
0.793,3477
0.793,3476
0.793,3475
0.793,3474
0.793,3473
0.793,3472
0.794,3471
0.794,3470
0.794,3469
0.794,3468
0.794,3467
0.794,3466
0.794,3465
0.794,3464
0.794,3463
0.794,3462
0.794,3461
0.794,3460
0.794,3459
0.794,3458
0.794,3457
0.794,3456
0.794,3455
0.794,3454
0.794,3453
0.794,3452
0.794,3451
0.795,3450
0.795,3449
0.795,3448
0.795,3447
0.795,3446
0.795,3445
0.795,3444
0.795,3443
0.795,3442
0.795,3441
0.796,3440
0.796,3439
0.796,3438
0.796,3437
0.796,3436
0.796,3435
0.796,3434
0.796,3433
0.796,3432
0.796,3431
0.796,3430
0.796,3429
0.796,3428
0.796,3427
0.796,3426
0.796,3425
0.796,3424
0.796,3423
0.796,3422
0.796,3421
0.796,3420
0.796,3419
0.796,3418
0.796,3417
0.796,3416
0.796,3415
0.798,3414
0.798,3413
0.798,3412
0.798,3411
0.798,3410
0.798,3409
0.799,3408
0.799,3407
0.799,3406
0.799,3405
0.799,3404
0.799,3403
0.799,3402
0.799,3401
0.799,3400
0.799,3399
0.799,3398
0.799,3397
0.799,3396
0.799,3395
0.799,3394
0.799,3393
0.799,3392
0.799,3391
0.799,3390
0.799,3389
0.799,3388
0.799,3387
0.799,3386
0.799,3385
0.800,3384
0.800,3383
0.800,3382
0.800,3381
0.800,3380
0.800,3379
0.800,3378
0.800,3377
0.800,3376
0.800,3375
0.800,3374
0.801,3373
0.801,3372
0.801,3371
0.801,3370
0.801,3369
0.801,3368
0.801,3367
0.801,3366
0.801,3365
0.801,3364
0.801,3363
0.801,3362
0.801,3361
0.801,3360
0.801,3359
0.801,3358
0.801,3357
0.801,3356
0.801,3355
0.801,3354
0.801,3353
0.801,3352
0.801,3351
0.801,3350
0.801,3349
0.801,3348
0.801,3347
0.801,3346
0.801,3345
0.801,3344
0.801,3343
0.801,3342
0.801,3341
0.802,3340
0.802,3339
0.802,3338
0.802,3337
0.802,3336
0.802,3335
0.802,3334
0.802,3333
0.802,3332
0.802,3331
0.802,3330
0.802,3329
0.802,3328
0.802,3327
0.802,3326
0.802,3325
0.802,3324
0.802,3323
0.802,3322
0.802,3321
0.802,3320
0.802,3319
0.802,3318
0.802,3317
0.802,3316
0.802,3315
0.802,3314
0.802,3313
0.803,3312
0.803,3311
0.803,3310
0.803,3309
0.803,3308
0.803,3307
0.803,3306
0.803,3305
0.803,3304
0.803,3303
0.803,3302
0.803,3301
0.803,3300
0.803,3299
0.803,3298
0.803,3297
0.803,3296
0.803,3295
0.803,3294
0.803,3293
0.803,3292
0.803,3291
0.803,3290
0.803,3289
0.803,3288
0.803,3287
0.803,3286
0.804,3285
0.804,3284
0.804,3283
0.804,3282
0.804,3281
0.804,3280
0.804,3279
0.804,3278
0.804,3277
0.804,3276
0.804,3275
0.804,3274
0.804,3273
0.804,3272
0.804,3271
0.804,3270
0.804,3269
0.804,3268
0.804,3267
0.804,3266
0.804,3265
0.804,3264
0.804,3263
0.804,3262
0.804,3261
0.804,3260
0.804,3259
0.804,3258
0.804,3257
0.804,3256
0.804,3255
0.804,3254
0.804,3253
0.804,3252
0.804,3251
0.804,3250
0.805,3249
0.805,3248
0.805,3247
0.805,3246
0.805,3245
0.805,3244
0.805,3243
0.805,3242
0.805,3241
0.805,3240
0.805,3239
0.805,3238
0.805,3237
0.805,3236
0.805,3235
0.805,3234
0.805,3233
0.805,3232
0.805,3231
0.805,3230
0.805,3229
0.805,3228
0.805,3227
0.805,3226
0.805,3225
0.805,3224
0.805,3223
0.806,3222
0.806,3221
0.806,3220
0.806,3219
0.806,3218
0.806,3217
0.806,3216
0.806,3215
0.806,3214
0.806,3213
0.806,3212
0.806,3211
0.806,3210
0.806,3209
0.806,3208
0.806,3207
0.806,3206
0.806,3205
0.806,3204
0.806,3203
0.806,3202
0.806,3201
0.806,3200
0.806,3199
0.806,3198
0.806,3197
0.807,3196
0.807,3195
0.807,3194
0.807,3193
0.807,3192
0.807,3191
0.807,3190
0.807,3189
0.807,3188
0.807,3187
0.807,3186
0.807,3185
0.807,3184
0.807,3183
0.808,3182
0.808,3181
0.808,3180
0.808,3179
0.808,3178
0.808,3177
0.808,3176
0.808,3175
0.808,3174
0.808,3173
0.808,3172
0.808,3171
0.808,3170
0.808,3169
0.808,3168
0.808,3167
0.808,3166
0.808,3165
0.808,3164
0.808,3163
0.808,3162
0.809,3161
0.809,3160
0.809,3159
0.809,3158
0.809,3157
0.809,3156
0.809,3155
0.809,3154
0.809,3153
0.809,3152
0.809,3151
0.809,3150
0.809,3149
0.809,3148
0.809,3147
0.809,3146
0.809,3145
0.809,3144
0.809,3143
0.809,3142
0.809,3141
0.809,3140
0.809,3139
0.810,3138
0.810,3137
0.810,3136
0.810,3135
0.810,3134
0.810,3133
0.810,3132
0.810,3131
0.810,3130
0.810,3129
0.810,3128
0.810,3127
0.810,3126
0.810,3125
0.810,3124
0.810,3123
0.810,3122
0.810,3121
0.810,3120
0.810,3119
0.810,3118
0.810,3117
0.811,3116
0.811,3115
0.811,3114
0.811,3113
0.811,3112
0.811,3111
0.811,3110
0.811,3109
0.811,3108
0.811,3107
0.811,3106
0.811,3105
0.811,3104
0.811,3103
0.811,3102
0.811,3101
0.811,3100
0.811,3099
0.811,3098
0.811,3097
0.811,3096
0.811,3095
0.811,3094
0.812,3093
0.812,3092
0.812,3091
0.812,3090
0.812,3089
0.812,3088
0.813,3087
0.813,3086
0.813,3085
0.813,3084
0.813,3083
0.813,3082
0.813,3081
0.813,3080
0.813,3079
0.813,3078
0.814,3077
0.814,3076
0.814,3075
0.814,3074
0.814,3073
0.814,3072
0.814,3071
0.814,3070
0.814,3069
0.815,3068
0.815,3067
0.815,3066
0.815,3065
0.815,3064
0.815,3063
0.815,3062
0.815,3061
0.815,3060
0.815,3059
0.815,3058
0.815,3057
0.815,3056
0.815,3055
0.815,3054
0.815,3053
0.815,3052
0.815,3051
0.815,3050
0.815,3049
0.815,3048
0.815,3047
0.815,3046
0.815,3045
0.815,3044
0.816,3043
0.816,3042
0.816,3041
0.816,3040
0.816,3039
0.816,3038
0.816,3037
0.816,3036
0.816,3035
0.816,3034
0.816,3033
0.816,3032
0.816,3031
0.816,3030
0.816,3029
0.816,3028
0.816,3027
0.816,3026
0.816,3025
0.816,3024
0.816,3023
0.817,3022
0.817,3021
0.817,3020
0.817,3019
0.817,3018
0.817,3017
0.817,3016
0.817,3015
0.817,3014
0.817,3013
0.817,3012
0.817,3011
0.817,3010
0.817,3009
0.817,3008
0.817,3007
0.817,3006
0.817,3005
0.817,3004
0.817,3003
0.817,3002
0.817,3001
0.818,3000
0.818,2999
0.818,2998
0.818,2997
0.818,2996
0.818,2995
0.818,2994
0.818,2993
0.818,2992
0.818,2991
0.818,2990
0.818,2989
0.818,2988
0.818,2987
0.818,2986
0.818,2985
0.818,2984
0.819,2983
0.819,2982
0.819,2981
0.819,2980
0.819,2979
0.819,2978
0.819,2977
0.819,2976
0.819,2975
0.819,2974
0.819,2973
0.819,2972
0.819,2971
0.819,2970
0.819,2969
0.819,2968
0.819,2967
0.819,2966
0.819,2965
0.819,2964
0.819,2963
0.819,2962
0.819,2961
0.819,2960
0.819,2959
0.819,2958
0.819,2957
0.819,2956
0.819,2955
0.819,2954
0.819,2953
0.819,2952
0.819,2951
0.820,2950
0.820,2949
0.820,2948
0.820,2947
0.820,2946
0.820,2945
0.820,2944
0.820,2943
0.820,2942
0.820,2941
0.820,2940
0.820,2939
0.820,2938
0.820,2937
0.820,2936
0.820,2935
0.820,2934
0.820,2933
0.820,2932
0.820,2931
0.820,2930
0.820,2929
0.820,2928
0.820,2927
0.820,2926
0.820,2925
0.820,2924
0.820,2923
0.820,2922
0.820,2921
0.821,2920
0.821,2919
0.821,2918
0.821,2917
0.821,2916
0.821,2915
0.821,2914
0.821,2913
0.821,2912
0.821,2911
0.821,2910
0.821,2909
0.821,2908
0.821,2907
0.821,2906
0.821,2905
0.821,2904
0.821,2903
0.821,2902
0.821,2901
0.821,2900
0.821,2899
0.822,2898
0.822,2897
0.822,2896
0.822,2895
0.822,2894
0.822,2893
0.822,2892
0.822,2891
0.822,2890
0.822,2889
0.822,2888
0.822,2887
0.822,2886
0.822,2885
0.822,2884
0.822,2883
0.822,2882
0.822,2881
0.822,2880
0.822,2879
0.822,2878
0.822,2877
0.822,2876
0.822,2875
0.822,2874
0.823,2873
0.823,2872
0.823,2871
0.823,2870
0.823,2869
0.823,2868
0.823,2867
0.823,2866
0.823,2865
0.823,2864
0.823,2863
0.823,2862
0.823,2861
0.823,2860
0.823,2859
0.823,2858
0.823,2857
0.823,2856
0.823,2855
0.823,2854
0.823,2853
0.823,2852
0.823,2851
0.823,2850
0.823,2849
0.823,2848
0.823,2847
0.823,2846
0.824,2845
0.824,2844
0.824,2843
0.824,2842
0.824,2841
0.824,2840
0.824,2839
0.824,2838
0.824,2837
0.824,2836
0.824,2835
0.824,2834
0.824,2833
0.824,2832
0.824,2831
0.824,2830
0.824,2829
0.824,2828
0.824,2827
0.824,2826
0.824,2825
0.824,2824
0.824,2823
0.825,2822
0.825,2821
0.825,2820
0.825,2819
0.825,2818
0.825,2817
0.825,2816
0.825,2815
0.825,2814
0.825,2813
0.825,2812
0.825,2811
0.825,2810
0.825,2809
0.825,2808
0.825,2807
0.825,2806
0.825,2805
0.825,2804
0.825,2803
0.825,2802
0.825,2801
0.825,2800
0.826,2799
0.826,2798
0.826,2797
0.826,2796
0.826,2795
0.826,2794
0.826,2793
0.826,2792
0.826,2791
0.826,2790
0.826,2789
0.826,2788
0.826,2787
0.826,2786
0.826,2785
0.826,2784
0.826,2783
0.826,2782
0.826,2781
0.826,2780
0.826,2779
0.826,2778
0.827,2777
0.827,2776
0.827,2775
0.827,2774
0.827,2773
0.827,2772
0.827,2771
0.827,2770
0.827,2769
0.827,2768
0.827,2767
0.827,2766
0.827,2765
0.827,2764
0.827,2763
0.827,2762
0.827,2761
0.827,2760
0.827,2759
0.827,2758
0.827,2757
0.827,2756
0.827,2755
0.827,2754
0.827,2753
0.827,2752
0.827,2751
0.827,2750
0.828,2749
0.828,2748
0.828,2747
0.828,2746
0.828,2745
0.828,2744
0.828,2743
0.828,2742
0.828,2741
0.828,2740
0.828,2739
0.828,2738
0.828,2737
0.828,2736
0.828,2735
0.828,2734
0.828,2733
0.828,2732
0.828,2731
0.828,2730
0.828,2729
0.828,2728
0.828,2727
0.828,2726
0.829,2725
0.829,2724
0.829,2723
0.829,2722
0.829,2721
0.829,2720
0.829,2719
0.829,2718
0.829,2717
0.829,2716
0.829,2715
0.829,2714
0.829,2713
0.829,2712
0.829,2711
0.829,2710
0.829,2709
0.829,2708
0.829,2707
0.829,2706
0.829,2705
0.829,2704
0.829,2703
0.830,2702
0.830,2701
0.830,2700
0.830,2699
0.830,2698
0.830,2697
0.830,2696
0.830,2695
0.830,2694
0.830,2693
0.830,2692
0.830,2691
0.830,2690
0.830,2689
0.830,2688
0.830,2687
0.830,2686
0.830,2685
0.830,2684
0.830,2683
0.830,2682
0.830,2681
0.830,2680
0.830,2679
0.830,2678
0.830,2677
0.831,2676
0.831,2675
0.831,2674
0.831,2673
0.831,2672
0.831,2671
0.831,2670
0.831,2669
0.831,2668
0.831,2667
0.831,2666
0.831,2665
0.831,2664
0.831,2663
0.831,2662
0.831,2661
0.831,2660
0.831,2659
0.831,2658
0.831,2657
0.831,2656
0.831,2655
0.832,2654
0.832,2653
0.832,2652
0.832,2651
0.832,2650
0.832,2649
0.832,2648
0.832,2647
0.832,2646
0.832,2645
0.832,2644
0.832,2643
0.832,2642
0.832,2641
0.832,2640
0.832,2639
0.832,2638
0.832,2637
0.832,2636
0.832,2635
0.832,2634
0.832,2633
0.832,2632
0.832,2631
0.832,2630
0.832,2629
0.832,2628
0.833,2627
0.833,2626
0.833,2625
0.833,2624
0.833,2623
0.833,2622
0.833,2621
0.833,2620
0.833,2619
0.833,2618
0.833,2617
0.833,2616
0.833,2615
0.833,2614
0.833,2613
0.833,2612
0.833,2611
0.833,2610
0.833,2609
0.833,2608
0.833,2607
0.833,2606
0.834,2605
0.834,2604
0.834,2603
0.834,2602
0.834,2601
0.834,2600
0.834,2599
0.834,2598
0.834,2597
0.834,2596
0.834,2595
0.834,2594
0.834,2593
0.834,2592
0.834,2591
0.834,2590
0.834,2589
0.834,2588
0.834,2587
0.834,2586
0.834,2585
0.834,2584
0.834,2583
0.834,2582
0.835,2581
0.835,2580
0.835,2579
0.835,2578
0.835,2577
0.835,2576
0.835,2575
0.835,2574
0.835,2573
0.835,2572
0.835,2571
0.835,2570
0.835,2569
0.835,2568
0.835,2567
0.835,2566
0.835,2565
0.835,2564
0.835,2563
0.835,2562
0.835,2561
0.835,2560
0.835,2559
0.835,2558
0.835,2557
0.836,2556
0.836,2555
0.836,2554
0.836,2553
0.836,2552
0.836,2551
0.836,2550
0.836,2549
0.836,2548
0.836,2547
0.836,2546
0.836,2545
0.836,2544
0.836,2543
0.836,2542
0.836,2541
0.836,2540
0.836,2539
0.836,2538
0.836,2537
0.836,2536
0.836,2535
0.837,2534
0.837,2533
0.837,2532
0.837,2531
0.837,2530
0.837,2529
0.837,2528
0.837,2527
0.837,2526
0.837,2525
0.838,2524
0.838,2523
0.838,2522
0.838,2521
0.838,2520
0.838,2519
0.838,2518
0.838,2517
0.838,2516
0.838,2515
0.838,2514
0.839,2513
0.839,2512
0.839,2511
0.839,2510
0.839,2509
0.839,2508
0.839,2507
0.839,2506
0.839,2505
0.840,2504
0.840,2503
0.840,2502
0.840,2501
0.840,2500
0.840,2499
0.840,2498
0.840,2497
0.840,2496
0.841,2495
0.841,2494
0.841,2493
0.841,2492
0.841,2491
0.841,2490
0.841,2489
0.841,2488
0.841,2487
0.841,2486
0.841,2485
0.842,2484
0.842,2483
0.842,2482
0.842,2481
0.842,2480
0.842,2479
0.842,2478
0.842,2477
0.842,2476
0.842,2475
0.842,2474
0.842,2473
0.842,2472
0.842,2471
0.842,2470
0.842,2469
0.843,2468
0.843,2467
0.843,2466
0.843,2465
0.843,2464
0.843,2463
0.843,2462
0.843,2461
0.843,2460
0.843,2459
0.843,2458
0.843,2457
0.843,2456
0.844,2455
0.844,2454
0.844,2453
0.844,2452
0.844,2451
0.844,2450
0.844,2449
0.844,2448
0.844,2447
0.844,2446
0.844,2445
0.845,2444
0.845,2443
0.845,2442
0.845,2441
0.845,2440
0.845,2439
0.845,2438
0.845,2437
0.845,2436
0.845,2435
0.845,2434
0.845,2433
0.845,2432
0.846,2431
0.846,2430
0.846,2429
0.846,2428
0.846,2427
0.846,2426
0.847,2425
0.847,2424
0.847,2423
0.847,2422
0.847,2421
0.847,2420
0.847,2419
0.847,2418
0.847,2417
0.848,2416
0.848,2415
0.848,2414
0.848,2413
0.848,2412
0.848,2411
0.848,2410
0.848,2409
0.848,2408
0.849,2407
0.849,2406
0.849,2405
0.849,2404
0.849,2403
0.849,2402
0.849,2401
0.849,2400
0.849,2399
0.849,2398
0.849,2397
0.850,2396
0.850,2395
0.850,2394
0.850,2393
0.850,2392
0.851,2391
0.851,2390
0.851,2389
0.851,2388
0.851,2387
0.851,2386
0.851,2385
0.852,2384
0.852,2383
0.852,2382
0.852,2381
0.852,2380
0.852,2379
0.852,2378
0.852,2377
0.852,2376
0.852,2375
0.852,2374
0.853,2373
0.853,2372
0.853,2371
0.853,2370
0.854,2369
0.854,2368
0.854,2367
0.854,2366
0.854,2365
0.855,2364
0.855,2363
0.855,2362
0.855,2361
0.855,2360
0.855,2359
0.855,2358
0.855,2357
0.855,2356
0.856,2355
0.856,2354
0.856,2353
0.856,2352
0.856,2351
0.857,2350
0.857,2349
0.857,2348
0.857,2347
0.857,2346
0.857,2345
0.857,2344
0.857,2343
0.857,2342
0.857,2341
0.857,2340
0.857,2339
0.858,2338
0.858,2337
0.858,2336
0.858,2335
0.858,2334
0.858,2333
0.858,2332
0.858,2331
0.858,2330
0.859,2329
0.859,2328
0.859,2327
0.859,2326
0.859,2325
0.859,2324
0.859,2323
0.859,2322
0.859,2321
0.859,2320
0.859,2319
0.859,2318
0.860,2317
0.860,2316
0.860,2315
0.860,2314
0.861,2313
0.861,2312
0.861,2311
0.861,2310
0.861,2309
0.861,2308
0.862,2307
0.862,2306
0.862,2305
0.862,2304
0.862,2303
0.863,2302
0.863,2301
0.864,2300
0.864,2299
0.864,2298
0.864,2297
0.864,2296
0.864,2295
0.866,2294
0.866,2293
0.867,2292
0.867,2291
0.867,2290
0.868,2289
0.868,2288
0.868,2287
0.868,2286
0.869,2285
0.871,2284
0.871,2283
0.871,2282
0.871,2281
0.871,2280
0.872,2279
0.873,2278
0.874,2277
0.874,2276
0.874,2275
0.875,2274
0.875,2273
0.876,2272
0.877,2271
0.878,2270
0.879,2269
0.880,2268
