0.212,3684
0.823,3683
0.824,3682
0.824,3681
0.824,3680
0.824,3679
0.824,3678
0.825,3677
0.825,3676
0.825,3675
0.825,3674
0.825,3673
0.825,3672
0.825,3671
0.825,3670
0.825,3669
0.826,3668
0.826,3667
0.826,3666
0.826,3665
0.827,3664
0.827,3663
0.827,3662
0.827,3661
0.827,3660
0.828,3659
0.828,3658
0.828,3657
0.828,3656
0.828,3655
0.829,3654
0.829,3653
0.829,3652
0.829,3651
0.829,3650
0.829,3649
0.830,3648
0.830,3647
0.830,3646
0.830,3645
0.830,3644
0.830,3643
0.831,3642
0.831,3641
0.831,3640
0.831,3639
0.831,3638
0.831,3637
0.832,3636
0.832,3635
0.832,3634
0.832,3633
0.832,3632
0.832,3631
0.832,3630
0.833,3629
0.833,3628
0.833,3627
0.833,3626
0.833,3625
0.833,3624
0.833,3623
0.834,3622
0.834,3621
0.834,3620
0.834,3619
0.834,3618
0.835,3617
0.835,3616
0.835,3615
0.835,3614
0.835,3613
0.835,3612
0.835,3611
0.835,3610
0.836,3609
0.836,3608
0.836,3607
0.836,3606
0.836,3605
0.836,3604
0.837,3603
0.837,3602
0.837,3601
0.837,3600
0.838,3599
0.838,3598
0.838,3597
0.838,3596
0.838,3595
0.839,3594
0.839,3593
0.839,3592
0.839,3591
0.839,3590
0.839,3589
0.839,3588
0.840,3587
0.840,3586
0.840,3585
0.840,3584
0.840,3583
0.840,3582
0.841,3581
0.841,3580
0.841,3579
0.841,3578
0.841,3577
0.841,3576
0.841,3575
0.841,3574
0.841,3573
0.841,3572
0.842,3571
0.842,3570
0.842,3569
0.842,3568
0.842,3567
0.842,3566
0.843,3565
0.843,3564
0.843,3563
0.843,3562
0.843,3561
0.843,3560
0.843,3559
0.843,3558
0.843,3557
0.843,3556
0.844,3555
0.844,3554
0.844,3553
0.844,3552
0.844,3551
0.844,3550
0.844,3549
0.844,3548
0.844,3547
0.844,3546
0.844,3545
0.844,3544
0.844,3543
0.844,3542
0.844,3541
0.845,3540
0.845,3539
0.845,3538
0.845,3537
0.845,3536
0.845,3535
0.845,3534
0.845,3533
0.845,3532
0.845,3531
0.845,3530
0.845,3529
0.845,3528
0.845,3527
0.845,3526
0.845,3525
0.845,3524
0.845,3523
0.845,3522
0.846,3521
0.846,3520
0.846,3519
0.846,3518
0.846,3517
0.846,3516
0.846,3515
0.846,3514
0.846,3513
0.846,3512
0.846,3511
0.846,3510
0.846,3509
0.846,3508
0.846,3507
0.846,3506
0.847,3505
0.847,3504
0.847,3503
0.847,3502
0.847,3501
0.847,3500
0.847,3499
0.847,3498
0.847,3497
0.847,3496
0.847,3495
0.847,3494
0.847,3493
0.847,3492
0.847,3491
0.847,3490
0.847,3489
0.847,3488
0.848,3487
0.848,3486
0.848,3485
0.848,3484
0.848,3483
0.848,3482
0.848,3481
0.848,3480
0.848,3479
0.848,3478
0.848,3477
0.848,3476
0.848,3475
0.848,3474
0.848,3473
0.848,3472
0.848,3471
0.849,3470
0.849,3469
0.849,3468
0.849,3467
0.849,3466
0.849,3465
0.849,3464
0.849,3463
0.849,3462
0.849,3461
0.849,3460
0.849,3459
0.849,3458
0.849,3457
0.849,3456
0.849,3455
0.849,3454
0.849,3453
0.849,3452
0.849,3451
0.849,3450
0.850,3449
0.850,3448
0.850,3447
0.850,3446
0.850,3445
0.850,3444
0.850,3443
0.850,3442
0.850,3441
0.850,3440
0.850,3439
0.850,3438
0.850,3437
0.850,3436
0.850,3435
0.850,3434
0.850,3433
0.850,3432
0.850,3431
0.851,3430
0.851,3429
0.851,3428
0.851,3427
0.851,3426
0.851,3425
0.851,3424
0.851,3423
0.851,3422
0.851,3421
0.851,3420
0.851,3419
0.851,3418
0.851,3417
0.852,3416
0.852,3415
0.852,3414
0.852,3413
0.852,3412
0.852,3411
0.852,3410
0.852,3409
0.852,3408
0.852,3407
0.852,3406
0.852,3405
0.852,3404
0.852,3403
0.852,3402
0.852,3401
0.852,3400
0.853,3399
0.853,3398
0.853,3397
0.853,3396
0.853,3395
0.853,3394
0.853,3393
0.853,3392
0.853,3391
0.853,3390
0.853,3389
0.853,3388
0.853,3387
0.853,3386
0.853,3385
0.853,3384
0.853,3383
0.854,3382
0.854,3381
0.854,3380
0.854,3379
0.854,3378
0.854,3377
0.854,3376
0.854,3375
0.854,3374
0.854,3373
0.854,3372
0.854,3371
0.854,3370
0.854,3369
0.854,3368
0.854,3367
0.854,3366
0.855,3365
0.857,3364
0.857,3363
0.857,3362
0.857,3361
0.857,3360
0.857,3359
0.857,3358
0.857,3357
0.857,3356
0.857,3355
0.857,3354
0.857,3353
0.857,3352
0.857,3351
0.857,3350
0.857,3349
0.857,3348
0.857,3347
0.857,3346
0.857,3345
0.857,3344
0.857,3343
0.857,3342
0.857,3341
0.857,3340
0.858,3339
0.858,3338
0.858,3337
0.858,3336
0.858,3335
0.858,3334
0.858,3333
0.858,3332
0.859,3331
0.859,3330
0.859,3329
0.859,3328
0.859,3327
0.859,3326
0.859,3325
0.859,3324
0.859,3323
0.859,3322
0.859,3321
0.860,3320
0.860,3319
0.860,3318
0.860,3317
0.860,3316
0.860,3315
0.860,3314
0.860,3313
0.860,3312
0.860,3311
0.860,3310
0.860,3309
0.860,3308
0.860,3307
0.860,3306
0.860,3305
0.860,3304
0.860,3303
0.861,3302
0.861,3301
0.861,3300
0.861,3299
0.861,3298
0.861,3297
0.861,3296
0.861,3295
0.861,3294
0.861,3293
0.861,3292
0.861,3291
0.861,3290
0.861,3289
0.861,3288
0.861,3287
0.861,3286
0.861,3285
0.861,3284
0.862,3283
0.862,3282
0.862,3281
0.862,3280
0.862,3279
0.862,3278
0.862,3277
0.862,3276
0.862,3275
0.862,3274
0.862,3273
0.862,3272
0.862,3271
0.862,3270
0.862,3269
0.862,3268
0.862,3267
0.862,3266
0.862,3265
0.862,3264
0.862,3263
0.862,3262
0.862,3261
0.862,3260
0.862,3259
0.862,3258
0.862,3257
0.862,3256
0.862,3255
0.862,3254
0.863,3253
0.863,3252
0.863,3251
0.863,3250
0.863,3249
0.863,3248
0.863,3247
0.863,3246
0.863,3245
0.863,3244
0.863,3243
0.863,3242
0.863,3241
0.863,3240
0.863,3239
0.863,3238
0.863,3237
0.863,3236
0.863,3235
0.863,3234
0.863,3233
0.863,3232
0.863,3231
0.863,3230
0.863,3229
0.863,3228
0.863,3227
0.863,3226
0.863,3225
0.863,3224
0.863,3223
0.863,3222
0.863,3221
0.863,3220
0.863,3219
0.864,3218
0.864,3217
0.864,3216
0.864,3215
0.864,3214
0.864,3213
0.864,3212
0.864,3211
0.864,3210
0.864,3209
0.864,3208
0.864,3207
0.864,3206
0.864,3205
0.864,3204
0.864,3203
0.864,3202
0.864,3201
0.864,3200
0.864,3199
0.864,3198
0.864,3197
0.864,3196
0.864,3195
0.864,3194
0.864,3193
0.864,3192
0.864,3191
0.864,3190
0.864,3189
0.864,3188
0.864,3187
0.864,3186
0.864,3185
0.864,3184
0.864,3183
0.864,3182
0.865,3181
0.865,3180
0.865,3179
0.865,3178
0.865,3177
0.865,3176
0.865,3175
0.865,3174
0.865,3173
0.865,3172
0.865,3171
0.865,3170
0.865,3169
0.865,3168
0.865,3167
0.865,3166
0.865,3165
0.865,3164
0.865,3163
0.865,3162
0.865,3161
0.865,3160
0.865,3159
0.865,3158
0.865,3157
0.865,3156
0.865,3155
0.865,3154
0.865,3153
0.865,3152
0.866,3151
0.866,3150
0.866,3149
0.866,3148
0.866,3147
0.866,3146
0.866,3145
0.866,3144
0.866,3143
0.866,3142
0.866,3141
0.867,3140
0.867,3139
0.867,3138
0.867,3137
0.867,3136
0.867,3135
0.867,3134
0.867,3133
0.867,3132
0.867,3131
0.867,3130
0.867,3129
0.867,3128
0.867,3127
0.867,3126
0.867,3125
0.868,3124
0.868,3123
0.868,3122
0.868,3121
0.868,3120
0.868,3119
0.868,3118
0.868,3117
0.868,3116
0.868,3115
0.868,3114
0.868,3113
0.868,3112
0.868,3111
0.868,3110
0.868,3109
0.868,3108
0.869,3107
0.869,3106
0.869,3105
0.869,3104
0.869,3103
0.869,3102
0.869,3101
0.869,3100
0.869,3099
0.869,3098
0.869,3097
0.869,3096
0.869,3095
0.869,3094
0.869,3093
0.869,3092
0.869,3091
0.869,3090
0.869,3089
0.869,3088
0.869,3087
0.869,3086
0.870,3085
0.870,3084
0.870,3083
0.870,3082
0.870,3081
0.870,3080
0.870,3079
0.870,3078
0.870,3077
0.870,3076
0.870,3075
0.870,3074
0.870,3073
0.870,3072
0.870,3071
0.870,3070
0.870,3069
0.870,3068
0.870,3067
0.871,3066
0.871,3065
0.871,3064
0.871,3063
0.871,3062
0.871,3061
0.871,3060
0.871,3059
0.871,3058
0.871,3057
0.871,3056
0.871,3055
0.871,3054
0.871,3053
0.871,3052
0.871,3051
0.871,3050
0.871,3049
0.871,3048
0.872,3047
0.872,3046
0.872,3045
0.872,3044
0.872,3043
0.872,3042
0.873,3041
0.873,3040
0.873,3039
0.873,3038
0.873,3037
0.873,3036
0.873,3035
0.873,3034
0.873,3033
0.873,3032
0.873,3031
0.873,3030
0.873,3029
0.873,3028
0.873,3027
0.873,3026
0.873,3025
0.873,3024
0.873,3023
0.873,3022
0.873,3021
0.873,3020
0.873,3019
0.874,3018
0.874,3017
0.874,3016
0.874,3015
0.874,3014
0.874,3013
0.874,3012
0.874,3011
0.874,3010
0.874,3009
0.874,3008
0.874,3007
0.874,3006
0.874,3005
0.874,3004
0.874,3003
0.875,3002
0.875,3001
0.875,3000
0.875,2999
0.875,2998
0.875,2997
0.875,2996
0.875,2995
0.875,2994
0.875,2993
0.876,2992
0.876,2991
0.876,2990
0.876,2989
0.876,2988
0.876,2987
0.876,2986
0.876,2985
0.876,2984
0.876,2983
0.876,2982
0.876,2981
0.876,2980
0.876,2979
0.876,2978
0.876,2977
0.876,2976
0.876,2975
0.876,2974
0.877,2973
0.877,2972
0.877,2971
0.877,2970
0.877,2969
0.877,2968
0.877,2967
0.877,2966
0.877,2965
0.877,2964
0.877,2963
0.877,2962
0.877,2961
0.877,2960
0.877,2959
0.877,2958
0.877,2957
0.877,2956
0.877,2955
0.877,2954
0.877,2953
0.877,2952
0.877,2951
0.877,2950
0.878,2949
0.878,2948
0.878,2947
0.878,2946
0.878,2945
0.878,2944
0.878,2943
0.878,2942
0.878,2941
0.878,2940
0.878,2939
0.878,2938
0.878,2937
0.878,2936
0.878,2935
0.878,2934
0.878,2933
0.878,2932
0.878,2931
0.878,2930
0.879,2929
0.879,2928
0.879,2927
0.879,2926
0.879,2925
0.879,2924
0.879,2923
0.879,2922
0.879,2921
0.879,2920
0.879,2919
0.879,2918
0.879,2917
0.879,2916
0.879,2915
0.879,2914
0.879,2913
0.879,2912
0.879,2911
0.879,2910
0.879,2909
0.880,2908
0.880,2907
0.880,2906
0.880,2905
0.880,2904
0.880,2903
0.880,2902
0.880,2901
0.880,2900
0.880,2899
0.880,2898
0.880,2897
0.880,2896
0.880,2895
0.880,2894
0.880,2893
0.880,2892
0.880,2891
0.880,2890
0.881,2889
0.881,2888
0.881,2887
0.881,2886
0.881,2885
0.881,2884
0.881,2883
0.881,2882
0.881,2881
0.881,2880
0.881,2879
0.881,2878
0.881,2877
0.881,2876
0.881,2875
0.881,2874
0.881,2873
0.881,2872
0.881,2871
0.881,2870
0.882,2869
0.882,2868
0.882,2867
0.882,2866
0.882,2865
0.882,2864
0.882,2863
0.882,2862
0.882,2861
0.882,2860
0.882,2859
0.882,2858
0.882,2857
0.882,2856
0.882,2855
0.882,2854
0.882,2853
0.882,2852
0.882,2851
0.882,2850
0.883,2849
0.883,2848
0.883,2847
0.883,2846
0.883,2845
0.883,2844
0.883,2843
0.883,2842
0.883,2841
0.883,2840
0.883,2839
0.883,2838
0.883,2837
0.883,2836
0.883,2835
0.883,2834
0.883,2833
0.883,2832
0.883,2831
0.883,2830
0.883,2829
0.883,2828
0.883,2827
0.883,2826
0.883,2825
0.883,2824
0.883,2823
0.883,2822
0.883,2821
0.883,2820
0.884,2819
0.884,2818
0.884,2817
0.884,2816
0.884,2815
0.884,2814
0.884,2813
0.884,2812
0.884,2811
0.884,2810
0.884,2809
0.884,2808
0.884,2807
0.884,2806
0.884,2805
0.884,2804
0.884,2803
0.884,2802
0.884,2801
0.884,2800
0.884,2799
0.884,2798
0.884,2797
0.884,2796
0.884,2795
0.884,2794
0.884,2793
0.884,2792
0.885,2791
0.885,2790
0.885,2789
0.885,2788
0.885,2787
0.885,2786
0.885,2785
0.885,2784
0.885,2783
0.885,2782
0.885,2781
0.885,2780
0.885,2779
0.885,2778
0.885,2777
0.885,2776
0.885,2775
0.885,2774
0.885,2773
0.885,2772
0.886,2771
0.886,2770
0.886,2769
0.886,2768
0.886,2767
0.886,2766
0.886,2765
0.886,2764
0.886,2763
0.886,2762
0.886,2761
0.886,2760
0.886,2759
0.886,2758
0.886,2757
0.886,2756
0.886,2755
0.886,2754
0.886,2753
0.886,2752
0.886,2751
0.886,2750
0.886,2749
0.886,2748
0.886,2747
0.886,2746
0.887,2745
0.887,2744
0.887,2743
0.887,2742
0.887,2741
0.887,2740
0.887,2739
0.887,2738
0.887,2737
0.887,2736
0.887,2735
0.887,2734
0.887,2733
0.888,2732
0.888,2731
0.888,2730
0.888,2729
0.888,2728
0.888,2727
0.888,2726
0.888,2725
0.888,2724
0.888,2723
0.888,2722
0.888,2721
0.888,2720
0.888,2719
0.888,2718
0.888,2717
0.888,2716
0.888,2715
0.888,2714
0.888,2713
0.888,2712
0.888,2711
0.888,2710
0.888,2709
0.888,2708
0.888,2707
0.888,2706
0.888,2705
0.888,2704
0.889,2703
0.889,2702
0.889,2701
0.889,2700
0.889,2699
0.889,2698
0.889,2697
0.889,2696
0.889,2695
0.889,2694
0.889,2693
0.889,2692
0.889,2691
0.889,2690
0.889,2689
0.889,2688
0.889,2687
0.889,2686
0.889,2685
0.889,2684
0.889,2683
0.889,2682
0.889,2681
0.889,2680
0.889,2679
0.889,2678
0.889,2677
0.889,2676
0.889,2675
0.889,2674
0.889,2673
0.889,2672
0.890,2671
0.890,2670
0.890,2669
0.890,2668
0.890,2667
0.890,2666
0.890,2665
0.890,2664
0.890,2663
0.890,2662
0.890,2661
0.890,2660
0.890,2659
0.890,2658
0.890,2657
0.890,2656
0.890,2655
0.890,2654
0.890,2653
0.890,2652
0.890,2651
0.891,2650
0.891,2649
0.891,2648
0.891,2647
0.891,2646
0.891,2645
0.891,2644
0.891,2643
0.891,2642
0.891,2641
0.891,2640
0.891,2639
0.891,2638
0.891,2637
0.891,2636
0.891,2635
0.891,2634
0.891,2633
0.891,2632
0.891,2631
0.891,2630
0.891,2629
0.891,2628
0.891,2627
0.891,2626
0.892,2625
0.892,2624
0.892,2623
0.892,2622
0.892,2621
0.892,2620
0.892,2619
0.892,2618
0.892,2617
0.892,2616
0.892,2615
0.892,2614
0.892,2613
0.892,2612
0.892,2611
0.892,2610
0.892,2609
0.892,2608
0.892,2607
0.892,2606
0.892,2605
0.892,2604
0.892,2603
0.892,2602
0.892,2601
0.892,2600
0.893,2599
0.893,2598
0.893,2597
0.893,2596
0.893,2595
0.893,2594
0.893,2593
0.893,2592
0.893,2591
0.893,2590
0.893,2589
0.893,2588
0.893,2587
0.893,2586
0.893,2585
0.893,2584
0.893,2583
0.893,2582
0.893,2581
0.893,2580
0.893,2579
0.893,2578
0.893,2577
0.893,2576
0.893,2575
0.893,2574
0.893,2573
0.893,2572
0.894,2571
0.894,2570
0.894,2569
0.894,2568
0.894,2567
0.894,2566
0.894,2565
0.894,2564
0.894,2563
0.894,2562
0.894,2561
0.894,2560
0.894,2559
0.894,2558
0.894,2557
0.894,2556
0.894,2555
0.894,2554
0.894,2553
0.894,2552
0.894,2551
0.894,2550
0.894,2549
0.894,2548
0.895,2547
0.895,2546
0.895,2545
0.895,2544
0.895,2543
0.895,2542
0.895,2541
0.895,2540
0.895,2539
0.895,2538
0.895,2537
0.895,2536
0.895,2535
0.895,2534
0.895,2533
0.895,2532
0.895,2531
0.895,2530
0.895,2529
0.895,2528
0.895,2527
0.895,2526
0.896,2525
0.896,2524
0.896,2523
0.896,2522
0.896,2521
0.896,2520
0.896,2519
0.896,2518
0.896,2517
0.896,2516
0.896,2515
0.896,2514
0.896,2513
0.896,2512
0.897,2511
0.897,2510
0.897,2509
0.897,2508
0.897,2507
0.897,2506
0.897,2505
0.897,2504
0.897,2503
0.897,2502
0.898,2501
0.898,2500
0.898,2499
0.898,2498
0.898,2497
0.898,2496
0.898,2495
0.898,2494
0.898,2493
0.898,2492
0.899,2491
0.899,2490
0.899,2489
0.899,2488
0.899,2487
0.899,2486
0.899,2485
0.899,2484
0.899,2483
0.899,2482
0.900,2481
0.900,2480
0.900,2479
0.900,2478
0.900,2477
0.900,2476
0.900,2475
0.900,2474
0.900,2473
0.900,2472
0.900,2471
0.901,2470
0.901,2469
0.901,2468
0.901,2467
0.901,2466
0.902,2465
0.902,2464
0.902,2463
0.902,2462
0.902,2461
0.902,2460
0.903,2459
0.903,2458
0.903,2457
0.903,2456
0.903,2455
0.903,2454
0.903,2453
0.903,2452
0.904,2451
0.904,2450
0.904,2449
0.904,2448
0.904,2447
0.904,2446
0.904,2445
0.904,2444
0.904,2443
0.904,2442
0.904,2441
0.904,2440
0.905,2439
0.905,2438
0.905,2437
0.906,2436
0.906,2435
0.906,2434
0.906,2433
0.906,2432
0.906,2431
0.906,2430
0.906,2429
0.906,2428
0.906,2427
0.907,2426
0.907,2425
0.907,2424
0.907,2423
0.907,2422
0.907,2421
0.907,2420
0.907,2419
0.907,2418
0.907,2417
0.907,2416
0.908,2415
0.908,2414
0.908,2413
0.908,2412
0.908,2411
0.908,2410
0.908,2409
0.908,2408
0.908,2407
0.909,2406
0.909,2405
0.909,2404
0.909,2403
0.909,2402
0.909,2401
0.909,2400
0.909,2399
0.909,2398
0.910,2397
0.910,2396
0.910,2395
0.910,2394
0.910,2393
0.910,2392
0.910,2391
0.910,2390
0.910,2389
0.911,2388
0.911,2387
0.911,2386
0.911,2385
0.911,2384
0.911,2383
0.911,2382
0.911,2381
0.911,2380
0.911,2379
0.911,2378
0.911,2377
0.911,2376
0.911,2375
0.911,2374
0.912,2373
0.912,2372
0.912,2371
0.912,2370
0.912,2369
0.912,2368
0.912,2367
0.912,2366
0.912,2365
0.912,2364
0.912,2363
0.912,2362
0.913,2361
0.913,2360
0.913,2359
0.913,2358
0.913,2357
0.913,2356
0.913,2355
0.913,2354
0.913,2353
0.913,2352
0.914,2351
0.914,2350
0.914,2349
0.914,2348
0.914,2347
0.914,2346
0.914,2345
0.914,2344
0.914,2343
0.915,2342
0.915,2341
0.915,2340
0.915,2339
0.915,2338
0.915,2337
0.916,2336
0.916,2335
0.916,2334
0.916,2333
0.916,2332
0.917,2331
0.917,2330
0.917,2329
0.918,2328
0.918,2327
0.918,2326
0.918,2325
0.918,2324
0.918,2323
0.918,2322
0.918,2321
0.918,2320
0.918,2319
0.919,2318
0.920,2317
0.920,2316
0.920,2315
0.920,2314
0.920,2313
0.921,2312
0.921,2311
0.922,2310
0.922,2309
0.922,2308
0.923,2307
0.923,2306
0.923,2305
0.923,2304
0.924,2303
0.924,2302
0.924,2301
0.924,2300
0.925,2299
0.925,2298
0.925,2297
0.925,2296
0.925,2295
0.926,2294
0.926,2293
0.927,2292
0.929,2291
0.929,2290
0.930,2289
0.931,2288
0.931,2287
0.931,2286
0.932,2285
0.932,2284
0.933,2283
0.933,2282
0.933,2281
0.934,2280
0.934,2279
0.934,2278
0.935,2277
0.936,2276
0.936,2275
0.937,2274
0.939,2273
0.940,2272
0.941,2271
