22.540,6558
113.981,6557
113.981,6556
113.981,6555
113.981,6554
113.981,6553
113.981,6552
113.981,6551
113.981,6550
113.981,6549
113.981,6548
113.982,6547
113.982,6546
113.982,6545
113.982,6544
113.982,6543
113.982,6542
113.982,6541
113.982,6540
113.982,6539
113.982,6538
113.982,6537
113.982,6536
113.982,6535
113.982,6534
113.982,6533
113.982,6532
113.983,6531
113.983,6530
113.983,6529
113.983,6528
113.983,6527
113.983,6526
113.983,6525
113.983,6524
113.983,6523
113.983,6522
113.983,6521
113.983,6520
113.983,6519
113.983,6518
113.984,6517
113.984,6516
113.984,6515
113.984,6514
113.984,6513
113.984,6512
113.984,6511
113.984,6510
113.984,6509
113.984,6508
113.984,6507
113.984,6506
113.984,6505
113.984,6504
113.984,6503
113.984,6502
113.985,6501
113.985,6500
113.985,6499
113.985,6498
113.985,6497
113.985,6496
113.985,6495
113.985,6494
113.985,6493
113.985,6492
113.985,6491
113.985,6490
113.986,6489
113.986,6488
113.986,6487
113.986,6486
113.986,6485
113.986,6484
113.986,6483
113.986,6482
113.986,6481
113.986,6480
113.986,6479
113.986,6478
113.986,6477
113.986,6476
113.987,6475
113.987,6474
113.987,6473
113.987,6472
113.987,6471
113.987,6470
113.987,6469
113.987,6468
113.987,6467
113.988,6466
113.988,6465
113.988,6464
113.988,6463
113.988,6462
113.988,6461
113.988,6460
113.988,6459
113.988,6458
113.988,6457
113.988,6456
113.988,6455
113.988,6454
113.988,6453
113.989,6452
113.989,6451
113.989,6450
113.989,6449
113.989,6448
113.989,6447
113.989,6446
113.989,6445
113.989,6444
113.989,6443
113.989,6442
113.989,6441
113.989,6440
113.989,6439
113.989,6438
113.990,6437
113.990,6436
113.990,6435
113.990,6434
113.990,6433
113.990,6432
113.990,6431
113.990,6430
113.990,6429
113.990,6428
113.990,6427
113.990,6426
113.990,6425
113.990,6424
113.991,6423
113.991,6422
113.991,6421
113.991,6420
113.991,6419
113.991,6418
113.991,6417
113.991,6416
113.991,6415
113.991,6414
113.991,6413
113.991,6412
113.991,6411
113.991,6410
113.992,6409
113.992,6408
113.992,6407
113.992,6406
113.992,6405
113.992,6404
113.992,6403
113.992,6402
113.992,6401
113.992,6400
113.992,6399
113.993,6398
113.993,6397
113.993,6396
113.993,6395
113.993,6394
113.993,6393
113.993,6392
113.994,6391
113.994,6390
113.994,6389
113.994,6388
113.994,6387
113.995,6386
113.995,6385
113.995,6384
113.995,6383
113.995,6382
113.995,6381
113.995,6380
113.995,6379
113.995,6378
113.995,6377
113.996,6376
113.996,6375
113.996,6374
113.996,6373
113.996,6372
113.996,6371
113.996,6370
113.996,6369
113.996,6368
113.997,6367
113.997,6366
113.997,6365
113.997,6364
113.997,6363
113.997,6362
113.997,6361
113.997,6360
113.998,6359
113.998,6358
113.998,6357
113.998,6356
113.998,6355
113.998,6354
113.998,6353
113.999,6352
113.999,6351
113.999,6350
113.999,6349
113.999,6348
113.999,6347
113.999,6346
114.000,6345
114.000,6344
114.000,6343
114.000,6342
114.000,6341
114.000,6340
114.000,6339
114.000,6338
114.000,6337
114.001,6336
114.001,6335
114.001,6334
114.001,6333
114.001,6332
114.001,6331
114.001,6330
114.001,6329
114.001,6328
114.001,6327
114.002,6326
114.002,6325
114.002,6324
114.002,6323
114.002,6322
114.002,6321
114.002,6320
114.002,6319
114.003,6318
114.003,6317
114.003,6316
114.003,6315
114.003,6314
114.003,6313
114.003,6312
114.003,6311
114.003,6310
114.004,6309
114.004,6308
114.004,6307
114.004,6306
114.004,6305
114.004,6304
114.004,6303
114.004,6302
114.005,6301
114.005,6300
114.005,6299
114.005,6298
114.005,6297
114.005,6296
114.005,6295
114.005,6294
114.005,6293
114.005,6292
114.006,6291
114.006,6290
114.006,6289
114.006,6288
114.006,6287
114.006,6286
114.006,6285
114.007,6284
114.007,6283
114.007,6282
114.007,6281
114.007,6280
114.007,6279
114.007,6278
114.007,6277
114.007,6276
114.008,6275
114.008,6274
114.008,6273
114.008,6272
114.008,6271
114.008,6270
114.008,6269
114.008,6268
114.008,6267
114.009,6266
114.009,6265
114.009,6264
114.009,6263
114.009,6262
114.009,6261
114.009,6260
114.009,6259
114.009,6258
114.010,6257
114.010,6256
114.010,6255
114.010,6254
114.010,6253
114.010,6252
114.010,6251
114.010,6250
114.010,6249
114.010,6248
114.010,6247
114.011,6246
114.011,6245
114.011,6244
114.011,6243
114.011,6242
114.011,6241
114.011,6240
114.011,6239
114.011,6238
114.011,6237
114.012,6236
114.012,6235
114.012,6234
114.012,6233
114.012,6232
114.012,6231
114.012,6230
114.012,6229
114.012,6228
114.012,6227
114.013,6226
114.013,6225
114.013,6224
114.013,6223
114.013,6222
114.013,6221
114.013,6220
114.013,6219
114.013,6218
114.013,6217
114.013,6216
114.014,6215
114.014,6214
114.014,6213
114.014,6212
114.014,6211
114.014,6210
114.014,6209
114.014,6208
114.014,6207
114.014,6206
114.014,6205
114.015,6204
114.015,6203
114.015,6202
114.015,6201
114.015,6200
114.015,6199
114.015,6198
114.015,6197
114.016,6196
114.016,6195
114.016,6194
114.016,6193
114.016,6192
114.017,6191
114.017,6190
114.017,6189
114.017,6188
114.018,6187
114.018,6186
114.018,6185
114.018,6184
114.018,6183
114.018,6182
114.018,6181
114.019,6180
114.019,6179
114.019,6178
114.019,6177
114.019,6176
114.020,6175
114.020,6174
114.020,6173
114.020,6172
114.021,6171
114.021,6170
114.021,6169
114.021,6168
114.021,6167
114.021,6166
114.021,6165
114.021,6164
114.022,6163
114.022,6162
114.022,6161
114.022,6160
114.022,6159
114.022,6158
114.023,6157
114.023,6156
114.023,6155
114.023,6154
114.024,6153
114.024,6152
114.024,6151
114.024,6150
114.024,6149
114.024,6148
114.024,6147
114.025,6146
114.025,6145
114.025,6144
114.025,6143
114.025,6142
114.025,6141
114.026,6140
114.026,6139
114.026,6138
114.026,6137
114.027,6136
114.027,6135
114.027,6134
114.027,6133
114.027,6132
114.027,6131
114.028,6130
114.028,6129
114.028,6128
114.028,6127
114.029,6126
114.029,6125
114.029,6124
114.029,6123
114.029,6122
114.029,6121
114.029,6120
114.030,6119
114.030,6118
114.030,6117
114.030,6116
114.031,6115
114.031,6114
114.031,6113
114.031,6112
114.031,6111
114.031,6110
114.032,6109
114.032,6108
114.032,6107
114.032,6106
114.032,6105
114.033,6104
114.033,6103
114.033,6102
114.034,6101
114.034,6100
114.034,6099
114.034,6098
114.034,6097
114.035,6096
114.035,6095
114.035,6094
114.036,6093
114.036,6092
114.036,6091
114.036,6090
114.036,6089
114.036,6088
114.036,6087
114.036,6086
114.037,6085
114.037,6084
114.037,6083
114.037,6082
114.037,6081
114.038,6080
114.038,6079
114.038,6078
114.038,6077
114.038,6076
114.038,6075
114.038,6074
114.039,6073
114.039,6072
114.039,6071
114.039,6070
114.040,6069
114.040,6068
114.040,6067
114.040,6066
114.040,6065
114.040,6064
114.040,6063
114.041,6062
114.041,6061
114.041,6060
114.041,6059
114.041,6058
114.041,6057
114.042,6056
114.042,6055
114.042,6054
114.042,6053
114.042,6052
114.043,6051
114.043,6050
114.043,6049
114.043,6048
114.043,6047
114.043,6046
114.043,6045
114.043,6044
114.044,6043
114.044,6042
114.044,6041
114.044,6040
114.044,6039
114.044,6038
114.045,6037
114.045,6036
114.045,6035
114.045,6034
114.045,6033
114.045,6032
114.045,6031
114.045,6030
114.046,6029
114.046,6028
114.046,6027
114.046,6026
114.046,6025
114.046,6024
114.046,6023
114.047,6022
114.047,6021
114.047,6020
114.047,6019
114.047,6018
114.047,6017
114.048,6016
114.048,6015
114.048,6014
114.049,6013
114.049,6012
114.049,6011
114.049,6010
114.049,6009
114.049,6008
114.050,6007
114.050,6006
114.050,6005
114.050,6004
114.050,6003
114.050,6002
114.050,6001
114.051,6000
114.051,5999
114.051,5998
114.051,5997
114.051,5996
114.052,5995
114.052,5994
114.052,5993
114.052,5992
114.052,5991
114.052,5990
114.052,5989
114.052,5988
114.053,5987
114.053,5986
114.053,5985
114.053,5984
114.053,5983
114.053,5982
114.053,5981
114.053,5980
114.054,5979
114.054,5978
114.054,5977
114.054,5976
114.054,5975
114.054,5974
114.055,5973
114.055,5972
114.055,5971
114.055,5970
114.055,5969
114.055,5968
114.055,5967
114.055,5966
114.056,5965
114.056,5964
114.056,5963
114.056,5962
114.056,5961
114.057,5960
114.057,5959
114.057,5958
114.057,5957
114.057,5956
114.057,5955
114.057,5954
114.057,5953
114.058,5952
114.058,5951
114.058,5950
114.059,5949
114.059,5948
114.059,5947
114.060,5946
114.060,5945
114.060,5944
114.060,5943
114.061,5942
114.061,5941
114.061,5940
114.061,5939
114.061,5938
114.062,5937
114.062,5936
114.062,5935
114.062,5934
114.063,5933
114.063,5932
114.063,5931
114.063,5930
114.064,5929
114.064,5928
114.064,5927
114.064,5926
114.065,5925
114.065,5924
114.065,5923
114.066,5922
114.066,5921
114.066,5920
114.066,5919
114.066,5918
114.066,5917
114.066,5916
114.067,5915
114.067,5914
114.067,5913
114.068,5912
114.068,5911
114.068,5910
114.069,5909
114.069,5908
114.069,5907
114.069,5906
114.069,5905
114.070,5904
114.070,5903
114.070,5902
114.071,5901
114.071,5900
114.071,5899
114.071,5898
114.072,5897
114.072,5896
114.072,5895
114.072,5894
114.072,5893
114.072,5892
114.073,5891
114.073,5890
114.073,5889
114.073,5888
114.073,5887
114.074,5886
114.074,5885
114.074,5884
114.074,5883
114.074,5882
114.075,5881
114.075,5880
114.075,5879
114.075,5878
114.076,5877
114.076,5876
114.076,5875
114.077,5874
114.077,5873
114.077,5872
114.077,5871
114.078,5870
114.078,5869
114.079,5868
114.079,5867
114.079,5866
114.079,5865
114.079,5864
114.080,5863
114.080,5862
114.080,5861
114.080,5860
114.080,5859
114.081,5858
114.081,5857
114.081,5856
114.081,5855
114.081,5854
114.082,5853
114.083,5852
114.083,5851
114.083,5850
114.083,5849
114.083,5848
114.084,5847
114.084,5846
114.084,5845
114.084,5844
114.085,5843
114.085,5842
114.085,5841
114.085,5840
114.085,5839
114.085,5838
114.086,5837
114.086,5836
114.086,5835
114.087,5834
114.087,5833
114.087,5832
114.087,5831
114.088,5830
114.088,5829
114.088,5828
114.089,5827
114.089,5826
114.089,5825
114.089,5824
114.089,5823
114.089,5822
114.090,5821
114.090,5820
114.090,5819
114.090,5818
114.090,5817
114.091,5816
114.091,5815
114.091,5814
114.091,5813
114.091,5812
114.092,5811
114.092,5810
114.092,5809
114.092,5808
114.092,5807
114.092,5806
114.093,5805
114.093,5804
114.093,5803
114.093,5802
114.094,5801
114.094,5800
114.094,5799
114.094,5798
114.094,5797
114.095,5796
114.095,5795
114.095,5794
114.096,5793
114.096,5792
114.096,5791
114.097,5790
114.097,5789
114.097,5788
114.097,5787
114.098,5786
114.098,5785
114.098,5784
114.098,5783
114.099,5782
114.099,5781
114.099,5780
114.099,5779
114.099,5778
114.099,5777
114.099,5776
114.100,5775
114.100,5774
114.100,5773
114.100,5772
114.100,5771
114.101,5770
114.101,5769
114.101,5768
114.101,5767
114.102,5766
114.102,5765
114.102,5764
114.103,5763
114.103,5762
114.103,5761
114.103,5760
114.103,5759
114.103,5758
114.104,5757
114.104,5756
114.104,5755
114.104,5754
114.104,5753
114.105,5752
114.105,5751
114.105,5750
114.106,5749
114.106,5748
114.106,5747
114.106,5746
114.106,5745
114.106,5744
114.107,5743
114.107,5742
114.107,5741
114.107,5740
114.107,5739
114.107,5738
114.108,5737
114.108,5736
114.108,5735
114.108,5734
114.108,5733
114.109,5732
114.109,5731
114.109,5730
114.109,5729
114.109,5728
114.110,5727
114.110,5726
114.110,5725
114.110,5724
114.110,5723
114.110,5722
114.110,5721
114.111,5720
114.111,5719
114.111,5718
114.111,5717
114.111,5716
114.111,5715
114.111,5714
114.112,5713
114.112,5712
114.112,5711
114.112,5710
114.112,5709
114.112,5708
114.113,5707
114.113,5706
114.113,5705
114.114,5704
114.114,5703
114.114,5702
114.114,5701
114.114,5700
114.115,5699
114.115,5698
114.115,5697
114.116,5696
114.116,5695
114.116,5694
114.117,5693
114.117,5692
114.118,5691
114.118,5690
114.119,5689
114.119,5688
114.119,5687
114.119,5686
114.119,5685
114.120,5684
114.121,5683
114.121,5682
114.122,5681
114.122,5680
114.122,5679
114.123,5678
114.123,5677
114.124,5676
114.124,5675
114.124,5674
114.124,5673
114.126,5672
114.126,5671
114.127,5670
114.127,5669
114.127,5668
114.128,5667
114.129,5666
114.129,5665
114.130,5664
114.131,5663
114.131,5662
114.132,5661
114.132,5660
114.132,5659
114.133,5658
114.133,5657
114.134,5656
114.134,5655
114.134,5654
114.135,5653
114.135,5652
114.136,5651
114.136,5650
114.137,5649
114.137,5648
114.138,5647
114.138,5646
114.138,5645
114.139,5644
114.140,5643
114.141,5642
114.141,5641
114.141,5640
114.142,5639
114.143,5638
114.143,5637
114.143,5636
114.144,5635
114.144,5634
114.145,5633
114.145,5632
114.145,5631
114.146,5630
114.146,5629
114.147,5628
114.148,5627
114.148,5626
114.148,5625
114.149,5624
114.149,5623
114.149,5622
114.149,5621
114.149,5620
114.150,5619
114.150,5618
114.150,5617
114.151,5616
114.151,5615
114.152,5614
114.152,5613
114.152,5612
114.153,5611
114.153,5610
114.153,5609
114.153,5608
114.154,5607
114.154,5606
114.154,5605
114.154,5604
114.154,5603
114.155,5602
114.155,5601
114.155,5600
114.155,5599
114.156,5598
114.156,5597
114.156,5596
114.156,5595
114.157,5594
114.157,5593
114.157,5592
114.157,5591
114.158,5590
114.158,5589
114.158,5588
114.159,5587
114.159,5586
114.159,5585
114.160,5584
114.160,5583
114.160,5582
114.161,5581
114.161,5580
114.161,5579
114.161,5578
114.162,5577
114.162,5576
114.162,5575
114.163,5574
114.163,5573
114.164,5572
114.164,5571
114.164,5570
114.164,5569
114.165,5568
114.165,5567
114.165,5566
114.165,5565
114.166,5564
114.166,5563
114.166,5562
114.166,5561
114.166,5560
114.166,5559
114.166,5558
114.167,5557
114.167,5556
114.167,5555
114.168,5554
114.168,5553
114.168,5552
114.169,5551
114.169,5550
114.169,5549
114.169,5548
114.170,5547
114.170,5546
114.171,5545
114.171,5544
114.171,5543
114.172,5542
114.172,5541
114.172,5540
114.173,5539
114.173,5538
114.174,5537
114.174,5536
114.174,5535
114.174,5534
114.174,5533
114.175,5532
114.175,5531
114.175,5530
114.175,5529
114.175,5528
114.176,5527
114.176,5526
114.177,5525
114.177,5524
114.177,5523
114.178,5522
114.178,5521
114.178,5520
114.179,5519
114.179,5518
114.179,5517
114.179,5516
114.179,5515
114.180,5514
114.180,5513
114.180,5512
114.180,5511
114.180,5510
114.180,5509
114.181,5508
114.181,5507
114.181,5506
114.181,5505
114.181,5504
114.182,5503
114.182,5502
114.182,5501
114.182,5500
114.183,5499
114.183,5498
114.184,5497
114.185,5496
114.185,5495
114.186,5494
114.186,5493
114.187,5492
114.187,5491
114.188,5490
114.188,5489
114.189,5488
114.189,5487
114.189,5486
114.190,5485
114.190,5484
114.191,5483
114.191,5482
114.192,5481
114.193,5480
114.193,5479
114.195,5478
114.196,5477
114.196,5476
114.196,5475
114.197,5474
114.198,5473
114.199,5472
114.199,5471
114.199,5470
114.200,5469
114.200,5468
114.201,5467
114.201,5466
114.202,5465
114.203,5464
114.205,5463
114.205,5462
114.206,5461
114.206,5460
114.207,5459
114.207,5458
114.208,5457
114.209,5456
114.209,5455
114.210,5454
114.211,5453
114.211,5452
114.213,5451
114.213,5450
114.213,5449
114.214,5448
114.214,5447
114.214,5446
114.215,5445
114.215,5444
114.216,5443
114.217,5442
114.218,5441
114.218,5440
114.218,5439
114.219,5438
114.219,5437
114.219,5436
114.220,5435
114.221,5434
114.222,5433
114.222,5432
114.223,5431
114.225,5430
114.225,5429
114.226,5428
114.226,5427
114.226,5426
114.227,5425
114.227,5424
114.228,5423
114.228,5422
114.229,5421
114.229,5420
114.229,5419
114.229,5418
114.229,5417
114.230,5416
114.230,5415
114.231,5414
114.231,5413
114.232,5412
114.232,5411
114.232,5410
114.233,5409
114.233,5408
114.233,5407
114.234,5406
114.234,5405
114.234,5404
114.235,5403
114.235,5402
114.236,5401
114.236,5400
114.236,5399
114.236,5398
114.237,5397
114.237,5396
114.237,5395
114.238,5394
114.239,5393
114.239,5392
114.239,5391
114.240,5390
114.240,5389
114.240,5388
114.241,5387
114.244,5386
114.244,5385
114.245,5384
114.246,5383
114.246,5382
114.247,5381
114.247,5380
114.248,5379
114.248,5378
114.248,5377
114.250,5376
114.250,5375
114.250,5374
114.250,5373
114.251,5372
114.251,5371
114.251,5370
114.252,5369
114.253,5368
114.253,5367
114.253,5366
114.254,5365
114.254,5364
114.254,5363
114.255,5362
114.256,5361
114.256,5360
114.256,5359
114.257,5358
114.257,5357
114.257,5356
114.258,5355
114.258,5354
114.259,5353
114.259,5352
114.260,5351
114.260,5350
114.260,5349
114.260,5348
114.261,5347
114.261,5346
114.262,5345
114.265,5344
114.266,5343
114.268,5342
114.268,5341
114.269,5340
114.269,5339
114.269,5338
114.270,5337
114.271,5336
114.271,5335
114.273,5334
114.274,5333
114.274,5332
114.274,5331
114.274,5330
114.276,5329
114.278,5328
114.278,5327
114.279,5326
114.281,5325
114.281,5324
114.282,5323
114.282,5322
114.282,5321
114.284,5320
114.285,5319
114.292,5318
114.293,5317
114.293,5316
114.293,5315
114.294,5314
114.294,5313
114.296,5312
114.297,5311
114.297,5310
114.299,5309
114.300,5308
114.301,5307
114.301,5306
114.301,5305
114.305,5304
114.305,5303
114.306,5302
114.306,5301
114.307,5300
114.308,5299
114.311,5298
114.312,5297
114.313,5296
114.314,5295
114.315,5294
114.316,5293
114.317,5292
114.317,5291
114.318,5290
114.318,5289
114.319,5288
114.319,5287
114.320,5286
114.321,5285
114.321,5284
114.321,5283
114.322,5282
114.324,5281
114.325,5280
114.326,5279
114.326,5278
114.326,5277
114.326,5276
114.328,5275
114.328,5274
114.329,5273
114.329,5272
114.329,5271
114.330,5270
114.330,5269
114.331,5268
114.331,5267
114.331,5266
114.332,5265
114.332,5264
114.332,5263
114.332,5262
114.334,5261
114.335,5260
114.335,5259
114.336,5258
114.336,5257
114.337,5256
114.337,5255
114.338,5254
114.338,5253
114.339,5252
114.339,5251
114.340,5250
114.340,5249
114.340,5248
114.341,5247
114.341,5246
114.342,5245
114.344,5244
114.344,5243
114.344,5242
114.345,5241
114.346,5240
114.347,5239
114.347,5238
114.348,5237
114.349,5236
114.349,5235
114.350,5234
114.350,5233
114.351,5232
114.352,5231
114.353,5230
114.353,5229
114.354,5228
114.354,5227
114.355,5226
114.355,5225
114.357,5224
114.357,5223
114.358,5222
114.361,5221
114.362,5220
114.362,5219
114.363,5218
114.363,5217
114.363,5216
114.363,5215
114.364,5214
114.364,5213
114.365,5212
114.365,5211
114.366,5210
114.366,5209
114.367,5208
114.368,5207
114.369,5206
114.369,5205
114.370,5204
114.371,5203
114.372,5202
114.374,5201
114.375,5200
114.377,5199
114.377,5198
114.378,5197
114.378,5196
114.379,5195
114.379,5194
114.381,5193
114.381,5192
114.381,5191
114.382,5190
114.384,5189
114.386,5188
114.386,5187
114.391,5186
114.391,5185
114.392,5184
114.393,5183
114.394,5182
114.396,5181
114.396,5180
114.397,5179
114.401,5178
114.402,5177
114.402,5176
114.405,5175
114.406,5174
114.406,5173
114.407,5172
114.407,5171
114.409,5170
114.413,5169
114.414,5168
114.415,5167
114.416,5166
114.419,5165
114.420,5164
114.421,5163
114.422,5162
114.423,5161
114.425,5160
114.425,5159
114.426,5158
114.426,5157
114.427,5156
114.428,5155
114.428,5154
114.430,5153
114.431,5152
114.432,5151
114.433,5150
114.434,5149
114.434,5148
114.436,5147
114.436,5146
114.436,5145
114.438,5144
114.438,5143
114.439,5142
114.439,5141
114.440,5140
114.440,5139
114.441,5138
114.441,5137
114.441,5136
114.442,5135
114.443,5134
114.443,5133
114.444,5132
114.444,5131
114.444,5130
114.445,5129
114.447,5128
114.448,5127
114.449,5126
114.449,5125
114.449,5124
114.451,5123
114.452,5122
114.453,5121
114.453,5120
114.454,5119
114.454,5118
114.455,5117
114.458,5116
114.458,5115
114.459,5114
114.459,5113
114.460,5112
114.461,5111
114.462,5110
114.462,5109
114.463,5108
114.464,5107
114.467,5106
114.469,5105
114.469,5104
114.470,5103
114.470,5102
114.471,5101
114.474,5100
114.475,5099
114.476,5098
114.476,5097
114.477,5096
114.477,5095
114.479,5094
114.480,5093
114.481,5092
114.482,5091
114.482,5090
114.484,5089
114.490,5088
114.491,5087
114.491,5086
114.492,5085
114.493,5084
114.498,5083
114.498,5082
114.499,5081
114.501,5080
114.501,5079
114.501,5078
114.502,5077
114.503,5076
114.504,5075
114.507,5074
114.508,5073
114.509,5072
114.509,5071
114.510,5070
114.514,5069
114.515,5068
114.516,5067
114.519,5066
114.522,5065
114.522,5064
114.522,5063
114.523,5062
114.527,5061
114.530,5060
114.531,5059
114.531,5058
114.531,5057
114.532,5056
114.535,5055
114.538,5054
114.539,5053
114.540,5052
114.541,5051
114.542,5050
114.542,5049
114.543,5048
114.544,5047
114.546,5046
114.547,5045
114.547,5044
114.549,5043
114.549,5042
114.549,5041
114.554,5040
114.555,5039
114.556,5038
114.558,5037
114.562,5036
114.566,5035
114.566,5034
114.568,5033
114.569,5032
114.571,5031
114.571,5030
114.572,5029
114.574,5028
114.574,5027
114.575,5026
114.575,5025
114.576,5024
114.577,5023
114.578,5022
114.578,5021
114.579,5020
114.580,5019
114.580,5018
114.581,5017
114.582,5016
114.582,5015
114.582,5014
114.584,5013
114.584,5012
114.585,5011
114.587,5010
114.588,5009
114.588,5008
114.597,5007
114.598,5006
114.599,5005
114.599,5004
114.600,5003
114.600,5002
114.601,5001
114.602,5000
114.603,4999
114.605,4998
114.607,4997
114.609,4996
114.614,4995
114.615,4994
114.616,4993
114.617,4992
114.620,4991
114.623,4990
114.628,4989
114.629,4988
114.630,4987
114.630,4986
114.632,4985
114.635,4984
114.636,4983
114.637,4982
114.638,4981
114.639,4980
114.640,4979
114.642,4978
114.650,4977
114.650,4976
114.652,4975
114.653,4974
114.655,4973
114.655,4972
114.656,4971
114.658,4970
114.662,4969
114.662,4968
114.663,4967
114.663,4966
114.665,4965
114.666,4964
114.667,4963
114.668,4962
114.668,4961
114.670,4960
114.672,4959
114.673,4958
114.674,4957
114.677,4956
114.678,4955
114.681,4954
114.687,4953
114.689,4952
114.690,4951
114.691,4950
114.692,4949
114.693,4948
114.694,4947
114.694,4946
114.699,4945
114.700,4944
114.700,4943
114.703,4942
114.703,4941
114.704,4940
114.704,4939
114.709,4938
114.710,4937
114.711,4936
114.712,4935
114.714,4934
114.717,4933
114.722,4932
114.725,4931
114.725,4930
114.725,4929
114.727,4928
114.728,4927
114.731,4926
114.733,4925
114.734,4924
114.736,4923
114.737,4922
114.739,4921
114.744,4920
114.745,4919
114.746,4918
114.752,4917
114.754,4916
114.756,4915
114.759,4914
114.763,4913
114.765,4912
114.766,4911
114.768,4910
114.772,4909
114.772,4908
114.775,4907
114.779,4906
114.780,4905
114.781,4904
114.784,4903
114.786,4902
114.787,4901
114.788,4900
114.790,4899
114.790,4898
114.792,4897
114.795,4896
114.795,4895
114.798,4894
114.800,4893
114.803,4892
114.804,4891
114.805,4890
114.806,4889
114.808,4888
114.808,4887
114.809,4886
114.814,4885
114.815,4884
114.816,4883
114.817,4882
114.818,4881
114.818,4880
114.819,4879
114.830,4878
114.830,4877
114.832,4876
114.840,4875
114.843,4874
114.844,4873
114.847,4872
114.850,4871
114.851,4870
114.855,4869
114.856,4868
114.858,4867
114.864,4866
114.868,4865
114.874,4864
114.874,4863
114.880,4862
114.881,4861
114.885,4860
114.885,4859
114.886,4858
114.888,4857
114.894,4856
114.898,4855
114.899,4854
114.900,4853
114.902,4852
114.903,4851
114.903,4850
114.905,4849
114.906,4848
114.907,4847
114.908,4846
114.909,4845
114.910,4844
114.911,4843
114.912,4842
114.915,4841
114.916,4840
114.918,4839
114.921,4838
114.927,4837
114.929,4836
114.933,4835
114.938,4834
114.939,4833
114.940,4832
114.945,4831
114.946,4830
114.950,4829
114.951,4828
114.952,4827
114.952,4826
114.955,4825
114.965,4824
114.966,4823
114.971,4822
114.973,4821
114.974,4820
114.977,4819
114.979,4818
114.981,4817
114.985,4816
114.989,4815
114.994,4814
114.996,4813
115.004,4812
115.009,4811
115.012,4810
115.014,4809
115.015,4808
115.023,4807
115.023,4806
115.028,4805
115.029,4804
115.032,4803
115.035,4802
115.036,4801
115.037,4800
115.040,4799
115.042,4798
115.048,4797
115.050,4796
115.057,4795
115.058,4794
115.061,4793
115.063,4792
115.064,4791
115.069,4790
115.074,4789
115.076,4788
115.083,4787
115.086,4786
115.092,4785
115.094,4784
115.099,4783
115.101,4782
115.104,4781
115.104,4780
115.105,4779
115.105,4778
115.114,4777
115.115,4776
115.116,4775
115.117,4774
115.124,4773
115.128,4772
115.129,4771
115.136,4770
115.143,4769
115.158,4768
115.170,4767
115.173,4766
115.181,4765
115.184,4764
115.189,4763
115.196,4762
115.198,4761
