23.644,6550
128.435,6549
128.435,6548
128.435,6547
128.435,6546
128.435,6545
128.435,6544
128.435,6543
128.435,6542
128.435,6541
128.435,6540
128.435,6539
128.435,6538
128.435,6537
128.435,6536
128.435,6535
128.435,6534
128.435,6533
128.435,6532
128.435,6531
128.436,6530
128.436,6529
128.436,6528
128.436,6527
128.436,6526
128.436,6525
128.436,6524
128.436,6523
128.436,6522
128.436,6521
128.436,6520
128.436,6519
128.436,6518
128.436,6517
128.437,6516
128.437,6515
128.437,6514
128.437,6513
128.437,6512
128.437,6511
128.437,6510
128.437,6509
128.437,6508
128.437,6507
128.437,6506
128.437,6505
128.437,6504
128.437,6503
128.437,6502
128.437,6501
128.438,6500
128.438,6499
128.438,6498
128.438,6497
128.438,6496
128.438,6495
128.438,6494
128.438,6493
128.438,6492
128.438,6491
128.438,6490
128.438,6489
128.438,6488
128.438,6487
128.439,6486
128.439,6485
128.439,6484
128.439,6483
128.439,6482
128.439,6481
128.439,6480
128.439,6479
128.439,6478
128.439,6477
128.439,6476
128.439,6475
128.440,6474
128.440,6473
128.440,6472
128.440,6471
128.440,6470
128.440,6469
128.440,6468
128.440,6467
128.440,6466
128.440,6465
128.440,6464
128.440,6463
128.441,6462
128.441,6461
128.441,6460
128.441,6459
128.441,6458
128.441,6457
128.441,6456
128.441,6455
128.441,6454
128.441,6453
128.441,6452
128.441,6451
128.441,6450
128.442,6449
128.442,6448
128.442,6447
128.442,6446
128.442,6445
128.442,6444
128.442,6443
128.442,6442
128.442,6441
128.442,6440
128.442,6439
128.442,6438
128.443,6437
128.443,6436
128.443,6435
128.443,6434
128.443,6433
128.443,6432
128.443,6431
128.443,6430
128.443,6429
128.443,6428
128.443,6427
128.443,6426
128.443,6425
128.443,6424
128.443,6423
128.443,6422
128.444,6421
128.444,6420
128.444,6419
128.444,6418
128.444,6417
128.444,6416
128.444,6415
128.444,6414
128.444,6413
128.445,6412
128.445,6411
128.445,6410
128.445,6409
128.445,6408
128.445,6407
128.445,6406
128.445,6405
128.445,6404
128.445,6403
128.445,6402
128.445,6401
128.445,6400
128.445,6399
128.446,6398
128.446,6397
128.446,6396
128.446,6395
128.446,6394
128.446,6393
128.446,6392
128.446,6391
128.446,6390
128.447,6389
128.447,6388
128.447,6387
128.447,6386
128.447,6385
128.447,6384
128.448,6383
128.448,6382
128.448,6381
128.448,6380
128.448,6379
128.448,6378
128.448,6377
128.448,6376
128.449,6375
128.449,6374
128.449,6373
128.449,6372
128.449,6371
128.449,6370
128.449,6369
128.449,6368
128.450,6367
128.450,6366
128.450,6365
128.450,6364
128.450,6363
128.450,6362
128.450,6361
128.450,6360
128.450,6359
128.450,6358
128.450,6357
128.451,6356
128.451,6355
128.451,6354
128.451,6353
128.451,6352
128.451,6351
128.451,6350
128.451,6349
128.452,6348
128.452,6347
128.452,6346
128.452,6345
128.452,6344
128.452,6343
128.452,6342
128.453,6341
128.453,6340
128.453,6339
128.453,6338
128.453,6337
128.453,6336
128.453,6335
128.453,6334
128.453,6333
128.453,6332
128.454,6331
128.454,6330
128.454,6329
128.454,6328
128.454,6327
128.454,6326
128.454,6325
128.454,6324
128.454,6323
128.455,6322
128.455,6321
128.455,6320
128.455,6319
128.455,6318
128.455,6317
128.455,6316
128.455,6315
128.456,6314
128.456,6313
128.456,6312
128.456,6311
128.456,6310
128.456,6309
128.456,6308
128.456,6307
128.456,6306
128.457,6305
128.457,6304
128.457,6303
128.457,6302
128.457,6301
128.457,6300
128.457,6299
128.458,6298
128.458,6297
128.458,6296
128.458,6295
128.458,6294
128.458,6293
128.458,6292
128.458,6291
128.458,6290
128.458,6289
128.459,6288
128.459,6287
128.459,6286
128.459,6285
128.459,6284
128.459,6283
128.459,6282
128.459,6281
128.459,6280
128.460,6279
128.460,6278
128.460,6277
128.460,6276
128.460,6275
128.460,6274
128.461,6273
128.461,6272
128.461,6271
128.461,6270
128.461,6269
128.461,6268
128.461,6267
128.461,6266
128.461,6265
128.462,6264
128.462,6263
128.462,6262
128.462,6261
128.462,6260
128.462,6259
128.462,6258
128.462,6257
128.462,6256
128.463,6255
128.463,6254
128.463,6253
128.463,6252
128.463,6251
128.463,6250
128.463,6249
128.463,6248
128.463,6247
128.464,6246
128.464,6245
128.464,6244
128.464,6243
128.464,6242
128.464,6241
128.464,6240
128.464,6239
128.464,6238
128.465,6237
128.465,6236
128.465,6235
128.465,6234
128.465,6233
128.465,6232
128.465,6231
128.465,6230
128.465,6229
128.465,6228
128.466,6227
128.466,6226
128.466,6225
128.466,6224
128.466,6223
128.466,6222
128.466,6221
128.466,6220
128.466,6219
128.466,6218
128.467,6217
128.467,6216
128.467,6215
128.467,6214
128.467,6213
128.467,6212
128.467,6211
128.467,6210
128.468,6209
128.468,6208
128.468,6207
128.468,6206
128.468,6205
128.468,6204
128.468,6203
128.468,6202
128.468,6201
128.468,6200
128.468,6199
128.469,6198
128.469,6197
128.469,6196
128.469,6195
128.469,6194
128.469,6193
128.469,6192
128.470,6191
128.470,6190
128.470,6189
128.470,6188
128.470,6187
128.471,6186
128.471,6185
128.471,6184
128.471,6183
128.471,6182
128.471,6181
128.471,6180
128.472,6179
128.472,6178
128.472,6177
128.472,6176
128.472,6175
128.473,6174
128.473,6173
128.473,6172
128.473,6171
128.473,6170
128.473,6169
128.474,6168
128.474,6167
128.474,6166
128.474,6165
128.474,6164
128.475,6163
128.475,6162
128.475,6161
128.475,6160
128.475,6159
128.475,6158
128.476,6157
128.476,6156
128.476,6155
128.476,6154
128.476,6153
128.476,6152
128.477,6151
128.477,6150
128.477,6149
128.478,6148
128.478,6147
128.478,6146
128.478,6145
128.479,6144
128.479,6143
128.479,6142
128.479,6141
128.479,6140
128.480,6139
128.480,6138
128.480,6137
128.480,6136
128.480,6135
128.480,6134
128.481,6133
128.481,6132
128.481,6131
128.481,6130
128.482,6129
128.483,6128
128.483,6127
128.483,6126
128.483,6125
128.483,6124
128.484,6123
128.484,6122
128.484,6121
128.484,6120
128.485,6119
128.485,6118
128.485,6117
128.485,6116
128.485,6115
128.485,6114
128.485,6113
128.486,6112
128.486,6111
128.486,6110
128.486,6109
128.486,6108
128.487,6107
128.487,6106
128.487,6105
128.487,6104
128.487,6103
128.487,6102
128.488,6101
128.488,6100
128.488,6099
128.488,6098
128.488,6097
128.488,6096
128.489,6095
128.489,6094
128.489,6093
128.489,6092
128.489,6091
128.489,6090
128.490,6089
128.490,6088
128.490,6087
128.490,6086
128.491,6085
128.491,6084
128.491,6083
128.491,6082
128.491,6081
128.491,6080
128.491,6079
128.491,6078
128.492,6077
128.492,6076
128.492,6075
128.492,6074
128.493,6073
128.493,6072
128.493,6071
128.493,6070
128.493,6069
128.493,6068
128.493,6067
128.493,6066
128.494,6065
128.494,6064
128.494,6063
128.494,6062
128.494,6061
128.495,6060
128.495,6059
128.495,6058
128.495,6057
128.495,6056
128.495,6055
128.495,6054
128.495,6053
128.495,6052
128.496,6051
128.496,6050
128.496,6049
128.496,6048
128.496,6047
128.496,6046
128.496,6045
128.497,6044
128.497,6043
128.497,6042
128.497,6041
128.497,6040
128.497,6039
128.497,6038
128.497,6037
128.498,6036
128.498,6035
128.498,6034
128.498,6033
128.498,6032
128.498,6031
128.498,6030
128.499,6029
128.499,6028
128.499,6027
128.499,6026
128.499,6025
128.499,6024
128.499,6023
128.499,6022
128.500,6021
128.500,6020
128.500,6019
128.500,6018
128.500,6017
128.500,6016
128.501,6015
128.501,6014
128.501,6013
128.501,6012
128.501,6011
128.501,6010
128.502,6009
128.502,6008
128.502,6007
128.502,6006
128.502,6005
128.502,6004
128.503,6003
128.503,6002
128.503,6001
128.503,6000
128.503,5999
128.503,5998
128.504,5997
128.504,5996
128.504,5995
128.504,5994
128.504,5993
128.504,5992
128.505,5991
128.505,5990
128.505,5989
128.505,5988
128.505,5987
128.505,5986
128.505,5985
128.506,5984
128.506,5983
128.506,5982
128.506,5981
128.506,5980
128.506,5979
128.506,5978
128.506,5977
128.507,5976
128.507,5975
128.507,5974
128.507,5973
128.507,5972
128.507,5971
128.507,5970
128.507,5969
128.508,5968
128.508,5967
128.508,5966
128.508,5965
128.508,5964
128.508,5963
128.508,5962
128.509,5961
128.509,5960
128.509,5959
128.509,5958
128.509,5957
128.509,5956
128.509,5955
128.509,5954
128.509,5953
128.510,5952
128.510,5951
128.510,5950
128.510,5949
128.510,5948
128.510,5947
128.511,5946
128.511,5945
128.511,5944
128.511,5943
128.511,5942
128.511,5941
128.511,5940
128.512,5939
128.512,5938
128.512,5937
128.513,5936
128.513,5935
128.514,5934
128.514,5933
128.514,5932
128.514,5931
128.514,5930
128.515,5929
128.515,5928
128.515,5927
128.515,5926
128.516,5925
128.516,5924
128.516,5923
128.516,5922
128.516,5921
128.517,5920
128.517,5919
128.518,5918
128.518,5917
128.518,5916
128.518,5915
128.518,5914
128.519,5913
128.519,5912
128.519,5911
128.519,5910
128.519,5909
128.520,5908
128.520,5907
128.520,5906
128.521,5905
128.521,5904
128.521,5903
128.521,5902
128.521,5901
128.521,5900
128.522,5899
128.522,5898
128.522,5897
128.522,5896
128.523,5895
128.523,5894
128.523,5893
128.524,5892
128.524,5891
128.524,5890
128.525,5889
128.525,5888
128.526,5887
128.526,5886
128.526,5885
128.526,5884
128.526,5883
128.527,5882
128.527,5881
128.528,5880
128.528,5879
128.528,5878
128.528,5877
128.528,5876
128.528,5875
128.528,5874
128.529,5873
128.529,5872
128.529,5871
128.530,5870
128.530,5869
128.530,5868
128.530,5867
128.531,5866
128.531,5865
128.531,5864
128.531,5863
128.532,5862
128.533,5861
128.533,5860
128.533,5859
128.533,5858
128.533,5857
128.533,5856
128.534,5855
128.534,5854
128.534,5853
128.535,5852
128.535,5851
128.535,5850
128.536,5849
128.537,5848
128.537,5847
128.537,5846
128.537,5845
128.537,5844
128.537,5843
128.538,5842
128.538,5841
128.538,5840
128.539,5839
128.539,5838
128.539,5837
128.539,5836
128.539,5835
128.540,5834
128.540,5833
128.540,5832
128.540,5831
128.541,5830
128.541,5829
128.541,5828
128.541,5827
128.541,5826
128.541,5825
128.542,5824
128.542,5823
128.542,5822
128.542,5821
128.542,5820
128.543,5819
128.543,5818
128.543,5817
128.543,5816
128.543,5815
128.544,5814
128.544,5813
128.544,5812
128.545,5811
128.545,5810
128.545,5809
128.545,5808
128.545,5807
128.546,5806
128.546,5805
128.546,5804
128.546,5803
128.546,5802
128.546,5801
128.547,5800
128.547,5799
128.547,5798
128.548,5797
128.548,5796
128.548,5795
128.548,5794
128.548,5793
128.549,5792
128.549,5791
128.549,5790
128.549,5789
128.549,5788
128.550,5787
128.550,5786
128.550,5785
128.550,5784
128.550,5783
128.551,5782
128.551,5781
128.551,5780
128.551,5779
128.551,5778
128.551,5777
128.552,5776
128.552,5775
128.552,5774
128.552,5773
128.552,5772
128.552,5771
128.552,5770
128.553,5769
128.553,5768
128.553,5767
128.553,5766
128.553,5765
128.554,5764
128.554,5763
128.554,5762
128.554,5761
128.554,5760
128.555,5759
128.555,5758
128.555,5757
128.556,5756
128.556,5755
128.556,5754
128.556,5753
128.557,5752
128.557,5751
128.557,5750
128.557,5749
128.557,5748
128.557,5747
128.558,5746
128.558,5745
128.558,5744
128.558,5743
128.559,5742
128.559,5741
128.559,5740
128.559,5739
128.559,5738
128.560,5737
128.560,5736
128.560,5735
128.560,5734
128.560,5733
128.560,5732
128.561,5731
128.561,5730
128.561,5729
128.561,5728
128.561,5727
128.561,5726
128.562,5725
128.562,5724
128.562,5723
128.562,5722
128.562,5721
128.562,5720
128.563,5719
128.563,5718
128.563,5717
128.563,5716
128.563,5715
128.563,5714
128.564,5713
128.564,5712
128.564,5711
128.564,5710
128.564,5709
128.565,5708
128.565,5707
128.565,5706
128.566,5705
128.566,5704
128.566,5703
128.567,5702
128.567,5701
128.568,5700
128.568,5699
128.568,5698
128.568,5697
128.570,5696
128.571,5695
128.571,5694
128.571,5693
128.571,5692
128.572,5691
128.572,5690
128.573,5689
128.573,5688
128.574,5687
128.574,5686
128.574,5685
128.575,5684
128.575,5683
128.576,5682
128.577,5681
128.578,5680
128.578,5679
128.579,5678
128.579,5677
128.579,5676
128.580,5675
128.580,5674
128.581,5673
128.582,5672
128.582,5671
128.582,5670
128.583,5669
128.583,5668
128.583,5667
128.584,5666
128.584,5665
128.584,5664
128.585,5663
128.585,5662
128.585,5661
128.586,5660
128.587,5659
128.587,5658
128.587,5657
128.587,5656
128.588,5655
128.588,5654
128.588,5653
128.588,5652
128.589,5651
128.589,5650
128.590,5649
128.591,5648
128.591,5647
128.592,5646
128.593,5645
128.594,5644
128.594,5643
128.594,5642
128.594,5641
128.594,5640
128.594,5639
128.595,5638
128.596,5637
128.597,5636
128.597,5635
128.597,5634
128.597,5633
128.598,5632
128.598,5631
128.599,5630
128.599,5629
128.599,5628
128.599,5627
128.601,5626
128.601,5625
128.601,5624
128.601,5623
128.602,5622
128.602,5621
128.603,5620
128.603,5619
128.603,5618
128.603,5617
128.603,5616
128.604,5615
128.604,5614
128.604,5613
128.604,5612
128.605,5611
128.605,5610
128.605,5609
128.606,5608
128.606,5607
128.607,5606
128.607,5605
128.607,5604
128.607,5603
128.607,5602
128.608,5601
128.608,5600
128.608,5599
128.608,5598
128.608,5597
128.609,5596
128.609,5595
128.609,5594
128.609,5593
128.610,5592
128.610,5591
128.610,5590
128.611,5589
128.611,5588
128.612,5587
128.613,5586
128.613,5585
128.613,5584
128.614,5583
128.614,5582
128.615,5581
128.615,5580
128.615,5579
128.615,5578
128.616,5577
128.616,5576
128.617,5575
128.618,5574
128.618,5573
128.618,5572
128.618,5571
128.618,5570
128.619,5569
128.619,5568
128.619,5567
128.619,5566
128.619,5565
128.620,5564
128.621,5563
128.621,5562
128.621,5561
128.621,5560
128.622,5559
128.622,5558
128.622,5557
128.622,5556
128.623,5555
128.623,5554
128.623,5553
128.624,5552
128.624,5551
128.624,5550
128.625,5549
128.625,5548
128.625,5547
128.626,5546
128.626,5545
128.626,5544
128.626,5543
128.627,5542
128.627,5541
128.627,5540
128.627,5539
128.627,5538
128.628,5537
128.628,5536
128.628,5535
128.628,5534
128.629,5533
128.629,5532
128.629,5531
128.629,5530
128.629,5529
128.630,5528
128.630,5527
128.630,5526
128.630,5525
128.631,5524
128.631,5523
128.631,5522
128.631,5521
128.631,5520
128.632,5519
128.632,5518
128.632,5517
128.632,5516
128.633,5515
128.633,5514
128.633,5513
128.633,5512
128.633,5511
128.634,5510
128.634,5509
128.634,5508
128.635,5507
128.635,5506
128.636,5505
128.637,5504
128.639,5503
128.639,5502
128.639,5501
128.640,5500
128.640,5499
128.641,5498
128.641,5497
128.642,5496
128.643,5495
128.644,5494
128.644,5493
128.646,5492
128.646,5491
128.646,5490
128.647,5489
128.648,5488
128.648,5487
128.649,5486
128.649,5485
128.649,5484
128.650,5483
128.650,5482
128.652,5481
128.652,5480
128.653,5479
128.653,5478
128.654,5477
128.655,5476
128.657,5475
128.658,5474
128.658,5473
128.659,5472
128.659,5471
128.659,5470
128.660,5469
128.662,5468
128.662,5467
128.663,5466
128.663,5465
128.665,5464
128.666,5463
128.667,5462
128.667,5461
128.667,5460
128.669,5459
128.669,5458
128.670,5457
128.671,5456
128.671,5455
128.671,5454
128.672,5453
128.672,5452
128.672,5451
128.672,5450
128.674,5449
128.676,5448
128.676,5447
128.677,5446
128.678,5445
128.678,5444
128.679,5443
128.679,5442
128.680,5441
128.680,5440
128.680,5439
128.681,5438
128.681,5437
128.682,5436
128.682,5435
128.683,5434
128.683,5433
128.683,5432
128.683,5431
128.684,5430
128.685,5429
128.685,5428
128.685,5427
128.686,5426
128.686,5425
128.687,5424
128.687,5423
128.688,5422
128.688,5421
128.688,5420
128.688,5419
128.689,5418
128.689,5417
128.689,5416
128.690,5415
128.690,5414
128.691,5413
128.691,5412
128.691,5411
128.691,5410
128.692,5409
128.692,5408
128.693,5407
128.693,5406
128.693,5405
128.694,5404
128.694,5403
128.695,5402
128.696,5401
128.696,5400
128.697,5399
128.697,5398
128.697,5397
128.697,5396
128.698,5395
128.698,5394
128.698,5393
128.699,5392
128.699,5391
128.699,5390
128.699,5389
128.700,5388
128.700,5387
128.700,5386
128.701,5385
128.701,5384
128.701,5383
128.702,5382
128.703,5381
128.703,5380
128.704,5379
128.704,5378
128.705,5377
128.705,5376
128.705,5375
128.707,5374
128.707,5373
128.707,5372
128.707,5371
128.708,5370
128.708,5369
128.708,5368
128.708,5367
128.709,5366
128.709,5365
128.710,5364
128.710,5363
128.711,5362
128.711,5361
128.712,5360
128.712,5359
128.713,5358
128.713,5357
128.713,5356
128.714,5355
128.714,5354
128.714,5353
128.715,5352
128.715,5351
128.715,5350
128.717,5349
128.718,5348
128.719,5347
128.719,5346
128.720,5345
128.722,5344
128.723,5343
128.723,5342
128.724,5341
128.725,5340
128.726,5339
128.726,5338
128.727,5337
128.728,5336
128.728,5335
128.728,5334
128.728,5333
128.729,5332
128.731,5331
128.734,5330
128.734,5329
128.735,5328
128.736,5327
128.736,5326
128.736,5325
128.738,5324
128.739,5323
128.739,5322
128.742,5321
128.747,5320
128.748,5319
128.748,5318
128.748,5317
128.749,5316
128.751,5315
128.754,5314
128.755,5313
128.756,5312
128.756,5311
128.758,5310
128.761,5309
128.761,5308
128.761,5307
128.761,5306
128.762,5305
128.762,5304
128.763,5303
128.764,5302
128.765,5301
128.766,5300
128.766,5299
128.767,5298
128.768,5297
128.769,5296
128.769,5295
128.770,5294
128.771,5293
128.772,5292
128.772,5291
128.773,5290
128.774,5289
128.774,5288
128.774,5287
128.775,5286
128.776,5285
128.778,5284
128.779,5283
128.779,5282
128.780,5281
128.780,5280
128.780,5279
128.781,5278
128.781,5277
128.782,5276
128.782,5275
128.783,5274
128.783,5273
128.784,5272
128.784,5271
128.784,5270
128.785,5269
128.785,5268
128.786,5267
128.786,5266
128.787,5265
128.788,5264
128.788,5263
128.788,5262
128.789,5261
128.789,5260
128.791,5259
128.791,5258
128.792,5257
128.792,5256
128.793,5255
128.793,5254
128.793,5253
128.794,5252
128.795,5251
128.795,5250
128.795,5249
128.796,5248
128.796,5247
128.796,5246
128.797,5245
128.797,5244
128.800,5243
128.800,5242
128.803,5241
128.804,5240
128.804,5239
128.804,5238
128.804,5237
128.805,5236
128.805,5235
128.806,5234
128.806,5233
128.807,5232
128.807,5231
128.807,5230
128.808,5229
128.809,5228
128.809,5227
128.813,5226
128.813,5225
128.814,5224
128.814,5223
128.814,5222
128.815,5221
128.815,5220
128.815,5219
128.816,5218
128.816,5217
128.816,5216
128.818,5215
128.818,5214
128.819,5213
128.820,5212
128.821,5211
128.822,5210
128.823,5209
128.824,5208
128.825,5207
128.828,5206
128.829,5205
128.829,5204
128.830,5203
128.830,5202
128.831,5201
128.831,5200
128.832,5199
128.833,5198
128.833,5197
128.833,5196
128.835,5195
128.838,5194
128.838,5193
128.839,5192
128.840,5191
128.841,5190
128.842,5189
128.843,5188
128.843,5187
128.845,5186
128.847,5185
128.847,5184
128.849,5183
128.849,5182
128.851,5181
128.852,5180
128.854,5179
128.856,5178
128.858,5177
128.858,5176
128.859,5175
128.860,5174
128.860,5173
128.861,5172
128.862,5171
128.865,5170
128.866,5169
128.867,5168
128.867,5167
128.872,5166
128.873,5165
128.874,5164
128.876,5163
128.877,5162
128.877,5161
128.878,5160
128.879,5159
128.879,5158
128.881,5157
128.881,5156
128.882,5155
128.883,5154
128.884,5153
128.885,5152
128.886,5151
128.887,5150
128.888,5149
128.888,5148
128.891,5147
128.891,5146
128.891,5145
128.891,5144
128.893,5143
128.894,5142
128.895,5141
128.896,5140
128.896,5139
128.897,5138
128.899,5137
128.899,5136
128.901,5135
128.902,5134
128.903,5133
128.903,5132
128.905,5131
128.906,5130
128.907,5129
128.907,5128
128.909,5127
128.911,5126
128.912,5125
128.913,5124
128.913,5123
128.914,5122
128.915,5121
128.916,5120
128.917,5119
128.917,5118
128.918,5117
128.919,5116
128.922,5115
128.926,5114
128.927,5113
128.928,5112
128.929,5111
128.930,5110
128.930,5109
128.932,5108
128.933,5107
128.935,5106
128.936,5105
128.936,5104
128.937,5103
128.937,5102
128.939,5101
128.939,5100
128.940,5099
128.941,5098
128.941,5097
128.945,5096
128.948,5095
128.949,5094
128.949,5093
128.950,5092
128.951,5091
128.954,5090
128.956,5089
128.958,5088
128.959,5087
128.959,5086
128.959,5085
128.960,5084
128.962,5083
128.962,5082
128.965,5081
128.965,5080
128.967,5079
128.968,5078
128.968,5077
128.973,5076
128.974,5075
128.976,5074
128.981,5073
128.981,5072
128.981,5071
128.982,5070
128.983,5069
128.986,5068
128.988,5067
128.990,5066
128.990,5065
128.990,5064
128.991,5063
128.991,5062
128.992,5061
128.993,5060
128.994,5059
128.994,5058
128.996,5057
128.996,5056
128.999,5055
128.999,5054
129.000,5053
129.001,5052
129.001,5051
129.004,5050
129.005,5049
129.006,5048
129.007,5047
129.007,5046
129.007,5045
129.012,5044
129.012,5043
129.013,5042
129.014,5041
129.017,5040
129.019,5039
129.021,5038
129.021,5037
129.023,5036
129.024,5035
129.026,5034
129.027,5033
129.028,5032
129.030,5031
129.030,5030
129.031,5029
129.033,5028
129.033,5027
129.034,5026
129.034,5025
129.035,5024
129.035,5023
129.036,5022
129.036,5021
129.037,5020
129.037,5019
129.037,5018
129.039,5017
129.039,5016
129.040,5015
129.041,5014
129.041,5013
129.042,5012
129.042,5011
129.044,5010
129.044,5009
129.044,5008
129.047,5007
129.047,5006
129.051,5005
129.056,5004
129.057,5003
129.058,5002
129.058,5001
129.059,5000
129.059,4999
129.061,4998
129.061,4997
129.063,4996
129.064,4995
129.065,4994
129.070,4993
129.072,4992
129.075,4991
129.079,4990
129.088,4989
129.089,4988
129.090,4987
129.090,4986
129.091,4985
129.094,4984
129.096,4983
129.097,4982
129.098,4981
129.098,4980
129.099,4979
129.101,4978
129.105,4977
129.110,4976
129.112,4975
129.113,4974
129.114,4973
129.115,4972
129.115,4971
129.118,4970
129.119,4969
129.122,4968
129.125,4967
129.125,4966
129.126,4965
129.126,4964
129.127,4963
129.127,4962
129.130,4961
129.131,4960
129.132,4959
129.134,4958
129.137,4957
129.138,4956
129.139,4955
129.140,4954
129.155,4953
129.156,4952
129.157,4951
129.159,4950
129.160,4949
129.162,4948
129.163,4947
129.165,4946
129.168,4945
129.169,4944
129.171,4943
129.171,4942
129.172,4941
129.173,4940
129.173,4939
129.176,4938
129.177,4937
129.178,4936
129.180,4935
129.180,4934
129.184,4933
129.185,4932
129.187,4931
129.192,4930
129.192,4929
129.195,4928
129.196,4927
129.196,4926
129.198,4925
129.202,4924
129.202,4923
129.203,4922
129.204,4921
129.205,4920
129.206,4919
129.214,4918
129.215,4917
129.216,4916
129.219,4915
129.221,4914
129.225,4913
129.230,4912
129.235,4911
129.236,4910
129.237,4909
129.238,4908
129.239,4907
129.243,4906
129.247,4905
129.249,4904
129.253,4903
129.255,4902
129.255,4901
129.257,4900
129.258,4899
129.261,4898
129.263,4897
129.264,4896
129.265,4895
129.266,4894
129.266,4893
129.271,4892
129.274,4891
129.276,4890
129.280,4889
129.281,4888
129.282,4887
129.283,4886
129.285,4885
129.286,4884
129.287,4883
129.287,4882
129.292,4881
129.293,4880
129.295,4879
129.296,4878
129.297,4877
129.297,4876
129.298,4875
129.298,4874
129.302,4873
129.309,4872
129.318,4871
129.318,4870
129.320,4869
129.323,4868
129.325,4867
129.328,4866
129.329,4865
129.330,4864
129.334,4863
129.338,4862
129.339,4861
129.340,4860
129.342,4859
129.346,4858
129.347,4857
129.357,4856
129.359,4855
129.363,4854
129.367,4853
129.368,4852
129.369,4851
129.370,4850
129.371,4849
129.372,4848
129.377,4847
129.382,4846
129.384,4845
129.385,4844
129.390,4843
129.391,4842
129.392,4841
129.393,4840
129.395,4839
129.396,4838
129.397,4837
129.398,4836
129.398,4835
129.401,4834
129.402,4833
129.405,4832
129.406,4831
129.410,4830
129.416,4829
129.419,4828
129.420,4827
129.421,4826
129.429,4825
129.430,4824
129.432,4823
129.437,4822
129.438,4821
129.442,4820
129.443,4819
129.444,4818
129.447,4817
129.451,4816
129.459,4815
129.468,4814
129.469,4813
129.471,4812
129.475,4811
129.476,4810
129.478,4809
129.484,4808
129.487,4807
129.489,4806
129.491,4805
129.500,4804
129.507,4803
129.509,4802
129.510,4801
129.517,4800
129.518,4799
129.522,4798
129.529,4797
129.530,4796
129.530,4795
129.531,4794
129.534,4793
129.537,4792
129.544,4791
129.545,4790
129.549,4789
129.554,4788
129.555,4787
129.557,4786
129.558,4785
129.564,4784
129.570,4783
129.573,4782
129.576,4781
129.580,4780
129.587,4779
129.589,4778
129.594,4777
129.597,4776
129.599,4775
129.600,4774
129.600,4773
129.601,4772
129.606,4771
129.610,4770
129.614,4769
129.617,4768
129.618,4767
129.624,4766
129.637,4765
129.643,4764
129.649,4763
129.657,4762
129.663,4761
129.667,4760
129.674,4759
129.679,4758
129.684,4757
129.691,4756
129.692,4755
129.697,4754
129.701,4753
