3.840,10682
43.553,10681
43.553,10680
43.554,10679
43.554,10678
43.555,10677
43.555,10676
43.556,10675
43.556,10674
43.556,10673
43.557,10672
43.557,10671
43.557,10670
43.558,10669
43.558,10668
43.559,10667
43.559,10666
43.560,10665
43.560,10664
43.560,10663
43.561,10662
43.561,10661
43.562,10660
43.562,10659
43.563,10658
43.563,10657
43.564,10656
43.564,10655
43.564,10654
43.565,10653
43.565,10652
43.566,10651
43.566,10650
43.566,10649
43.566,10648
43.566,10647
43.566,10646
43.566,10645
43.567,10644
43.567,10643
43.567,10642
43.567,10641
43.567,10640
43.567,10639
43.567,10638
43.567,10637
43.567,10636
43.568,10635
43.568,10634
43.568,10633
43.568,10632
43.568,10631
43.568,10630
43.568,10629
43.568,10628
43.568,10627
43.569,10626
43.569,10625
43.569,10624
43.569,10623
43.569,10622
43.569,10621
43.569,10620
43.569,10619
43.569,10618
43.570,10617
43.570,10616
43.570,10615
43.570,10614
43.570,10613
43.570,10612
43.570,10611
43.570,10610
43.570,10609
43.570,10608
43.570,10607
43.571,10606
43.571,10605
43.571,10604
43.571,10603
43.571,10602
43.571,10601
43.571,10600
43.571,10599
43.571,10598
43.571,10597
43.571,10596
43.571,10595
43.572,10594
43.572,10593
43.572,10592
43.572,10591
43.572,10590
43.573,10589
43.573,10588
43.573,10587
43.573,10586
43.573,10585
43.573,10584
43.573,10583
43.573,10582
43.573,10581
43.573,10580
43.574,10579
43.574,10578
43.574,10577
43.574,10576
43.574,10575
43.574,10574
43.574,10573
43.574,10572
43.574,10571
43.574,10570
43.574,10569
43.574,10568
43.575,10567
43.575,10566
43.575,10565
43.575,10564
43.575,10563
43.575,10562
43.575,10561
43.575,10560
43.575,10559
43.576,10558
43.576,10557
43.576,10556
43.576,10555
43.577,10554
43.577,10553
43.577,10552
43.577,10551
43.577,10550
43.577,10549
43.577,10548
43.577,10547
43.577,10546
43.577,10545
43.577,10544
43.577,10543
43.578,10542
43.578,10541
43.578,10540
43.578,10539
43.578,10538
43.578,10537
43.578,10536
43.578,10535
43.578,10534
43.578,10533
43.578,10532
43.578,10531
43.578,10530
43.579,10529
43.579,10528
43.579,10527
43.579,10526
43.579,10525
43.579,10524
43.579,10523
43.579,10522
43.579,10521
43.579,10520
43.579,10519
43.579,10518
43.579,10517
43.579,10516
43.579,10515
43.580,10514
43.580,10513
43.580,10512
43.580,10511
43.580,10510
43.580,10509
43.580,10508
43.580,10507
43.580,10506
43.581,10505
43.581,10504
43.581,10503
43.581,10502
43.581,10501
43.581,10500
43.581,10499
43.581,10498
43.581,10497
43.581,10496
43.581,10495
43.582,10494
43.582,10493
43.582,10492
43.582,10491
43.583,10490
43.583,10489
43.583,10488
43.583,10487
43.583,10486
43.583,10485
43.583,10484
43.583,10483
43.583,10482
43.584,10481
43.584,10480
43.584,10479
43.584,10478
43.584,10477
43.584,10476
43.584,10475
43.584,10474
43.584,10473
43.584,10472
43.584,10471
43.584,10470
43.585,10469
43.585,10468
43.585,10467
43.585,10466
43.585,10465
43.585,10464
43.585,10463
43.585,10462
43.585,10461
43.585,10460
43.585,10459
43.585,10458
43.585,10457
43.585,10456
43.586,10455
43.586,10454
43.586,10453
43.586,10452
43.586,10451
43.586,10450
43.586,10449
43.586,10448
43.586,10447
43.586,10446
43.586,10445
43.586,10444
43.586,10443
43.586,10442
43.587,10441
43.587,10440
43.587,10439
43.587,10438
43.587,10437
43.587,10436
43.587,10435
43.587,10434
43.587,10433
43.587,10432
43.587,10431
43.587,10430
43.587,10429
43.587,10428
43.588,10427
43.588,10426
43.588,10425
43.588,10424
43.588,10423
43.588,10422
43.588,10421
43.588,10420
43.588,10419
43.588,10418
43.588,10417
43.588,10416
43.588,10415
43.589,10414
43.589,10413
43.589,10412
43.589,10411
43.589,10410
43.589,10409
43.589,10408
43.589,10407
43.589,10406
43.589,10405
43.589,10404
43.589,10403
43.589,10402
43.589,10401
43.589,10400
43.589,10399
43.589,10398
43.589,10397
43.590,10396
43.590,10395
43.590,10394
43.590,10393
43.590,10392
43.590,10391
43.590,10390
43.590,10389
43.590,10388
43.590,10387
43.590,10386
43.590,10385
43.590,10384
43.590,10383
43.590,10382
43.590,10381
43.590,10380
43.590,10379
43.590,10378
43.590,10377
43.590,10376
43.590,10375
43.590,10374
43.590,10373
43.590,10372
43.590,10371
43.591,10370
43.591,10369
43.591,10368
43.591,10367
43.591,10366
43.591,10365
43.591,10364
43.591,10363
43.591,10362
43.591,10361
43.591,10360
43.591,10359
43.591,10358
43.591,10357
43.591,10356
43.591,10355
43.591,10354
43.591,10353
43.591,10352
43.591,10351
43.591,10350
43.591,10349
43.591,10348
43.592,10347
43.592,10346
43.592,10345
43.592,10344
43.592,10343
43.592,10342
43.592,10341
43.592,10340
43.592,10339
43.592,10338
43.592,10337
43.592,10336
43.592,10335
43.593,10334
43.593,10333
43.593,10332
43.593,10331
43.593,10330
43.594,10329
43.594,10328
43.594,10327
43.594,10326
43.594,10325
43.594,10324
43.594,10323
43.594,10322
43.594,10321
43.594,10320
43.594,10319
43.594,10318
43.594,10317
43.594,10316
43.595,10315
43.595,10314
43.595,10313
43.595,10312
43.595,10311
43.595,10310
43.595,10309
43.595,10308
43.595,10307
43.595,10306
43.595,10305
43.595,10304
43.595,10303
43.596,10302
43.596,10301
43.596,10300
43.596,10299
43.596,10298
43.596,10297
43.596,10296
43.596,10295
43.596,10294
43.596,10293
43.596,10292
43.596,10291
43.596,10290
43.596,10289
43.596,10288
43.596,10287
43.597,10286
43.597,10285
43.597,10284
43.597,10283
43.597,10282
43.597,10281
43.597,10280
43.597,10279
43.597,10278
43.597,10277
43.597,10276
43.597,10275
43.597,10274
43.597,10273
43.597,10272
43.597,10271
43.598,10270
43.598,10269
43.598,10268
43.598,10267
43.598,10266
43.598,10265
43.598,10264
43.598,10263
43.598,10262
43.598,10261
43.598,10260
43.598,10259
43.598,10258
43.598,10257
43.598,10256
43.599,10255
43.599,10254
43.599,10253
43.599,10252
43.599,10251
43.599,10250
43.599,10249
43.599,10248
43.599,10247
43.599,10246
43.599,10245
43.599,10244
43.599,10243
43.599,10242
43.600,10241
43.600,10240
43.600,10239
43.600,10238
43.600,10237
43.600,10236
43.600,10235
43.600,10234
43.600,10233
43.600,10232
43.600,10231
43.600,10230
43.600,10229
43.600,10228
43.600,10227
43.600,10226
43.600,10225
43.600,10224
43.600,10223
43.600,10222
43.600,10221
43.600,10220
43.600,10219
43.600,10218
43.600,10217
43.600,10216
43.600,10215
43.600,10214
43.600,10213
43.601,10212
43.601,10211
43.601,10210
43.601,10209
43.601,10208
43.601,10207
43.601,10206
43.601,10205
43.601,10204
43.601,10203
43.601,10202
43.601,10201
43.601,10200
43.601,10199
43.601,10198
43.601,10197
43.601,10196
43.601,10195
43.601,10194
43.601,10193
43.601,10192
43.601,10191
43.601,10190
43.601,10189
43.601,10188
43.601,10187
43.601,10186
43.601,10185
43.601,10184
43.601,10183
43.601,10182
43.601,10181
43.601,10180
43.602,10179
43.602,10178
43.602,10177
43.602,10176
43.602,10175
43.602,10174
43.602,10173
43.602,10172
43.602,10171
43.602,10170
43.602,10169
43.602,10168
43.602,10167
43.603,10166
43.603,10165
43.603,10164
43.603,10163
43.603,10162
43.603,10161
43.603,10160
43.603,10159
43.603,10158
43.603,10157
43.603,10156
43.603,10155
43.603,10154
43.603,10153
43.603,10152
43.603,10151
43.603,10150
43.603,10149
43.603,10148
43.604,10147
43.604,10146
43.604,10145
43.604,10144
43.604,10143
43.604,10142
43.604,10141
43.604,10140
43.604,10139
43.604,10138
43.604,10137
43.604,10136
43.604,10135
43.604,10134
43.604,10133
43.604,10132
43.604,10131
43.604,10130
43.605,10129
43.605,10128
43.605,10127
43.605,10126
43.605,10125
43.605,10124
43.605,10123
43.605,10122
43.605,10121
43.605,10120
43.605,10119
43.605,10118
43.605,10117
43.605,10116
43.605,10115
43.605,10114
43.605,10113
43.605,10112
43.605,10111
43.605,10110
43.606,10109
43.606,10108
43.606,10107
43.606,10106
43.606,10105
43.606,10104
43.606,10103
43.606,10102
43.606,10101
43.606,10100
43.606,10099
43.606,10098
43.606,10097
43.607,10096
43.607,10095
43.607,10094
43.607,10093
43.607,10092
43.607,10091
43.607,10090
43.607,10089
43.607,10088
43.607,10087
43.607,10086
43.608,10085
43.608,10084
43.608,10083
43.608,10082
43.608,10081
43.608,10080
43.608,10079
43.608,10078
43.608,10077
43.608,10076
43.608,10075
43.608,10074
43.608,10073
43.608,10072
43.608,10071
43.609,10070
43.609,10069
43.609,10068
43.609,10067
43.609,10066
43.609,10065
43.609,10064
43.609,10063
43.609,10062
43.609,10061
43.609,10060
43.609,10059
43.609,10058
43.609,10057
43.609,10056
43.609,10055
43.609,10054
43.610,10053
43.610,10052
43.610,10051
43.610,10050
43.610,10049
43.610,10048
43.610,10047
43.610,10046
43.610,10045
43.610,10044
43.610,10043
43.610,10042
43.610,10041
43.610,10040
43.610,10039
43.610,10038
43.610,10037
43.610,10036
43.610,10035
43.610,10034
43.610,10033
43.610,10032
43.610,10031
43.610,10030
43.610,10029
43.610,10028
43.610,10027
43.610,10026
43.610,10025
43.610,10024
43.610,10023
43.610,10022
43.611,10021
43.611,10020
43.611,10019
43.611,10018
43.611,10017
43.611,10016
43.611,10015
43.611,10014
43.611,10013
43.611,10012
43.611,10011
43.611,10010
43.611,10009
43.611,10008
43.612,10007
43.612,10006
43.612,10005
43.612,10004
43.612,10003
43.612,10002
43.612,10001
43.612,10000
43.612,9999
43.612,9998
43.612,9997
43.612,9996
43.612,9995
43.612,9994
43.612,9993
43.612,9992
43.613,9991
43.613,9990
43.613,9989
43.613,9988
43.613,9987
43.613,9986
43.613,9985
43.613,9984
43.613,9983
43.613,9982
43.613,9981
43.613,9980
43.613,9979
43.613,9978
43.613,9977
43.614,9976
43.614,9975
43.614,9974
43.614,9973
43.614,9972
43.614,9971
43.614,9970
43.614,9969
43.614,9968
43.614,9967
43.614,9966
43.614,9965
43.614,9964
43.614,9963
43.615,9962
43.615,9961
43.615,9960
43.615,9959
43.615,9958
43.615,9957
43.615,9956
43.615,9955
43.615,9954
43.615,9953
43.615,9952
43.615,9951
43.615,9950
43.615,9949
43.615,9948
43.615,9947
43.615,9946
43.615,9945
43.615,9944
43.615,9943
43.615,9942
43.615,9941
43.615,9940
43.615,9939
43.615,9938
43.615,9937
43.615,9936
43.615,9935
43.615,9934
43.616,9933
43.616,9932
43.616,9931
43.616,9930
43.616,9929
43.616,9928
43.616,9927
43.616,9926
43.616,9925
43.616,9924
43.616,9923
43.616,9922
43.616,9921
43.616,9920
43.616,9919
43.616,9918
43.616,9917
43.616,9916
43.616,9915
43.616,9914
43.616,9913
43.616,9912
43.616,9911
43.616,9910
43.616,9909
43.616,9908
43.616,9907
43.616,9906
43.616,9905
43.616,9904
43.617,9903
43.617,9902
43.617,9901
43.617,9900
43.617,9899
43.617,9898
43.617,9897
43.617,9896
43.617,9895
43.617,9894
43.617,9893
43.617,9892
43.617,9891
43.617,9890
43.617,9889
43.617,9888
43.617,9887
43.617,9886
43.617,9885
43.617,9884
43.617,9883
43.617,9882
43.617,9881
43.618,9880
43.618,9879
43.618,9878
43.618,9877
43.618,9876
43.618,9875
43.618,9874
43.618,9873
43.618,9872
43.618,9871
43.618,9870
43.618,9869
43.618,9868
43.618,9867
43.618,9866
43.618,9865
43.618,9864
43.618,9863
43.618,9862
43.618,9861
43.618,9860
43.618,9859
43.618,9858
43.618,9857
43.618,9856
43.618,9855
43.618,9854
43.618,9853
43.618,9852
43.618,9851
43.618,9850
43.618,9849
43.618,9848
43.618,9847
43.618,9846
43.618,9845
43.618,9844
43.618,9843
43.618,9842
43.618,9841
43.618,9840
43.618,9839
43.618,9838
43.618,9837
43.618,9836
43.618,9835
43.618,9834
43.618,9833
43.618,9832
43.618,9831
43.618,9830
43.619,9829
43.619,9828
43.619,9827
43.619,9826
43.619,9825
43.619,9824
43.619,9823
43.619,9822
43.619,9821
43.619,9820
43.619,9819
43.619,9818
43.619,9817
43.619,9816
43.619,9815
43.619,9814
43.619,9813
43.619,9812
43.619,9811
43.619,9810
43.619,9809
43.619,9808
43.619,9807
43.619,9806
43.619,9805
43.619,9804
43.619,9803
43.619,9802
43.619,9801
43.619,9800
43.619,9799
43.619,9798
43.619,9797
43.619,9796
43.619,9795
43.619,9794
43.619,9793
43.619,9792
43.619,9791
43.619,9790
43.619,9789
43.619,9788
43.619,9787
43.619,9786
43.619,9785
43.619,9784
43.619,9783
43.619,9782
43.619,9781
43.619,9780
43.619,9779
43.619,9778
43.620,9777
43.620,9776
43.620,9775
43.620,9774
43.620,9773
43.620,9772
43.620,9771
43.620,9770
43.620,9769
43.620,9768
43.620,9767
43.620,9766
43.620,9765
43.620,9764
43.620,9763
43.620,9762
43.620,9761
43.620,9760
43.620,9759
43.620,9758
43.620,9757
43.620,9756
43.620,9755
43.620,9754
43.620,9753
43.620,9752
43.620,9751
43.620,9750
43.620,9749
43.620,9748
43.620,9747
43.620,9746
43.620,9745
43.620,9744
43.620,9743
43.620,9742
43.620,9741
43.620,9740
43.620,9739
43.620,9738
43.620,9737
43.620,9736
43.620,9735
43.620,9734
43.620,9733
43.620,9732
43.620,9731
43.620,9730
43.620,9729
43.620,9728
43.620,9727
43.620,9726
43.620,9725
43.620,9724
43.620,9723
43.620,9722
43.620,9721
43.620,9720
43.620,9719
43.620,9718
43.620,9717
43.620,9716
43.620,9715
43.621,9714
43.621,9713
43.621,9712
43.621,9711
43.621,9710
43.621,9709
43.621,9708
43.621,9707
43.621,9706
43.621,9705
43.621,9704
43.621,9703
43.621,9702
43.621,9701
43.621,9700
43.621,9699
43.621,9698
43.621,9697
43.621,9696
43.621,9695
43.621,9694
43.621,9693
43.621,9692
43.621,9691
43.621,9690
43.621,9689
43.621,9688
43.621,9687
43.621,9686
43.621,9685
43.621,9684
43.621,9683
43.621,9682
43.621,9681
43.621,9680
43.621,9679
43.621,9678
43.621,9677
43.621,9676
43.621,9675
43.621,9674
43.621,9673
43.621,9672
43.621,9671
43.621,9670
43.621,9669
43.621,9668
43.621,9667
43.621,9666
43.621,9665
43.621,9664
43.621,9663
43.621,9662
43.621,9661
43.621,9660
43.621,9659
43.622,9658
43.622,9657
43.622,9656
43.622,9655
43.622,9654
43.622,9653
43.622,9652
43.622,9651
43.622,9650
43.622,9649
43.622,9648
43.622,9647
43.622,9646
43.622,9645
43.622,9644
43.622,9643
43.622,9642
43.622,9641
43.622,9640
43.622,9639
43.622,9638
43.622,9637
43.622,9636
43.622,9635
43.622,9634
43.622,9633
43.622,9632
43.622,9631
43.622,9630
43.622,9629
43.622,9628
43.622,9627
43.622,9626
43.622,9625
43.622,9624
43.622,9623
43.622,9622
43.622,9621
43.622,9620
43.622,9619
43.622,9618
43.622,9617
43.622,9616
43.622,9615
43.622,9614
43.622,9613
43.622,9612
43.622,9611
43.622,9610
43.622,9609
43.622,9608
43.623,9607
43.623,9606
43.623,9605
43.623,9604
43.623,9603
43.623,9602
43.623,9601
43.623,9600
43.623,9599
43.623,9598
43.623,9597
43.623,9596
43.623,9595
43.623,9594
43.623,9593
43.623,9592
43.623,9591
43.623,9590
43.623,9589
43.623,9588
43.623,9587
43.623,9586
43.623,9585
43.623,9584
43.623,9583
43.623,9582
43.623,9581
43.623,9580
43.623,9579
43.623,9578
43.623,9577
43.623,9576
43.623,9575
43.623,9574
43.623,9573
43.623,9572
43.623,9571
43.623,9570
43.623,9569
43.623,9568
43.623,9567
43.623,9566
43.623,9565
43.623,9564
43.623,9563
43.623,9562
43.623,9561
43.623,9560
43.623,9559
43.623,9558
43.623,9557
43.623,9556
43.624,9555
43.624,9554
43.624,9553
43.624,9552
43.624,9551
43.624,9550
43.624,9549
43.624,9548
43.624,9547
43.624,9546
43.624,9545
43.624,9544
43.624,9543
43.624,9542
43.624,9541
43.624,9540
43.624,9539
43.624,9538
43.624,9537
43.624,9536
43.624,9535
43.624,9534
43.624,9533
43.624,9532
43.624,9531
43.624,9530
43.624,9529
43.624,9528
43.624,9527
43.624,9526
43.624,9525
43.624,9524
43.624,9523
43.624,9522
43.624,9521
43.624,9520
43.624,9519
43.624,9518
43.624,9517
43.624,9516
43.624,9515
43.624,9514
43.624,9513
43.624,9512
43.624,9511
43.625,9510
43.625,9509
43.625,9508
43.625,9507
43.625,9506
43.625,9505
43.625,9504
43.625,9503
43.625,9502
43.625,9501
43.625,9500
43.625,9499
43.625,9498
43.625,9497
43.625,9496
43.625,9495
43.625,9494
43.625,9493
43.625,9492
43.625,9491
43.625,9490
43.625,9489
43.625,9488
43.625,9487
43.625,9486
43.625,9485
43.625,9484
43.625,9483
43.625,9482
43.625,9481
43.625,9480
43.625,9479
43.625,9478
43.625,9477
43.625,9476
43.625,9475
43.626,9474
43.626,9473
43.626,9472
43.626,9471
43.627,9470
43.627,9469
43.627,9468
43.627,9467
43.627,9466
43.627,9465
43.627,9464
43.627,9463
43.627,9462
43.627,9461
43.627,9460
43.627,9459
43.627,9458
43.627,9457
43.627,9456
43.627,9455
43.627,9454
43.627,9453
43.628,9452
43.628,9451
43.628,9450
43.628,9449
43.628,9448
43.628,9447
43.628,9446
43.628,9445
43.628,9444
43.628,9443
43.628,9442
43.628,9441
43.628,9440
43.628,9439
43.628,9438
43.628,9437
43.628,9436
43.629,9435
43.629,9434
43.629,9433
43.629,9432
43.629,9431
43.629,9430
43.629,9429
43.629,9428
43.629,9427
43.629,9426
43.629,9425
43.629,9424
43.629,9423
43.629,9422
43.629,9421
43.629,9420
43.629,9419
43.629,9418
43.630,9417
43.630,9416
43.630,9415
43.630,9414
43.630,9413
43.630,9412
43.630,9411
43.630,9410
43.630,9409
43.630,9408
43.630,9407
43.630,9406
43.630,9405
43.630,9404
43.630,9403
43.630,9402
43.630,9401
43.630,9400
43.631,9399
43.631,9398
43.631,9397
43.631,9396
43.631,9395
43.631,9394
43.631,9393
43.631,9392
43.631,9391
43.631,9390
43.631,9389
43.631,9388
43.631,9387
43.631,9386
43.631,9385
43.631,9384
43.631,9383
43.631,9382
43.631,9381
43.632,9380
43.632,9379
43.632,9378
43.632,9377
43.632,9376
43.632,9375
43.632,9374
43.632,9373
43.632,9372
43.632,9371
43.632,9370
43.632,9369
43.632,9368
43.632,9367
43.632,9366
43.632,9365
43.632,9364
43.632,9363
43.632,9362
43.632,9361
43.633,9360
43.633,9359
43.633,9358
43.633,9357
43.633,9356
43.633,9355
43.633,9354
43.633,9353
43.633,9352
43.633,9351
43.633,9350
43.633,9349
43.633,9348
43.633,9347
43.633,9346
43.633,9345
43.633,9344
43.633,9343
43.633,9342
43.633,9341
43.634,9340
43.634,9339
43.634,9338
43.634,9337
43.634,9336
43.634,9335
43.634,9334
43.634,9333
43.634,9332
43.634,9331
43.634,9330
43.634,9329
43.634,9328
43.634,9327
43.634,9326
43.634,9325
43.634,9324
43.635,9323
43.635,9322
43.635,9321
43.635,9320
43.635,9319
43.635,9318
43.635,9317
43.635,9316
43.635,9315
43.635,9314
43.635,9313
43.635,9312
43.635,9311
43.635,9310
43.635,9309
43.635,9308
43.635,9307
43.635,9306
43.636,9305
43.636,9304
43.636,9303
43.636,9302
43.636,9301
43.636,9300
43.636,9299
43.636,9298
43.636,9297
43.636,9296
43.636,9295
43.636,9294
43.636,9293
43.636,9292
43.636,9291
43.636,9290
43.636,9289
43.637,9288
43.637,9287
43.637,9286
43.637,9285
43.637,9284
43.637,9283
43.637,9282
43.637,9281
43.637,9280
43.637,9279
43.637,9278
43.637,9277
43.637,9276
43.637,9275
43.637,9274
43.637,9273
43.637,9272
43.637,9271
43.637,9270
43.638,9269
43.638,9268
43.638,9267
43.638,9266
43.638,9265
43.638,9264
43.638,9263
43.638,9262
43.638,9261
43.638,9260
43.638,9259
43.638,9258
43.638,9257
43.638,9256
43.638,9255
43.638,9254
43.638,9253
43.638,9252
43.638,9251
43.639,9250
43.639,9249
43.639,9248
43.639,9247
43.639,9246
43.639,9245
43.639,9244
43.639,9243
43.639,9242
43.639,9241
43.639,9240
43.639,9239
43.639,9238
43.639,9237
43.639,9236
43.639,9235
43.639,9234
43.640,9233
43.640,9232
43.640,9231
43.640,9230
43.640,9229
43.640,9228
43.640,9227
43.640,9226
43.640,9225
43.640,9224
43.640,9223
43.640,9222
43.640,9221
43.640,9220
43.640,9219
43.640,9218
43.640,9217
43.640,9216
43.640,9215
43.641,9214
43.641,9213
43.641,9212
43.641,9211
43.641,9210
43.641,9209
43.641,9208
43.641,9207
43.641,9206
43.641,9205
43.641,9204
43.641,9203
43.641,9202
43.641,9201
43.641,9200
43.641,9199
43.641,9198
43.641,9197
43.641,9196
43.642,9195
43.642,9194
43.642,9193
43.642,9192
43.642,9191
43.642,9190
43.642,9189
43.642,9188
43.642,9187
43.642,9186
43.642,9185
43.642,9184
43.642,9183
43.642,9182
43.642,9181
43.642,9180
43.642,9179
43.642,9178
43.642,9177
43.643,9176
43.643,9175
43.643,9174
43.643,9173
43.643,9172
43.643,9171
43.643,9170
43.643,9169
43.643,9168
43.643,9167
43.643,9166
43.643,9165
43.643,9164
43.643,9163
43.643,9162
43.643,9161
43.643,9160
43.643,9159
43.644,9158
43.644,9157
43.644,9156
43.644,9155
43.644,9154
43.644,9153
43.644,9152
43.644,9151
43.644,9150
43.644,9149
43.644,9148
43.644,9147
43.644,9146
43.644,9145
43.644,9144
43.645,9143
43.645,9142
43.645,9141
43.645,9140
43.645,9139
43.645,9138
43.645,9137
43.645,9136
43.645,9135
43.645,9134
43.645,9133
43.645,9132
43.645,9131
43.645,9130
43.645,9129
43.645,9128
43.645,9127
43.645,9126
43.645,9125
43.645,9124
43.646,9123
43.646,9122
43.646,9121
43.646,9120
43.646,9119
43.646,9118
43.646,9117
43.646,9116
43.646,9115
43.646,9114
43.646,9113
43.646,9112
43.646,9111
43.646,9110
43.646,9109
43.646,9108
43.647,9107
43.647,9106
43.647,9105
43.647,9104
43.647,9103
43.647,9102
43.647,9101
43.647,9100
43.647,9099
43.647,9098
43.647,9097
43.647,9096
43.647,9095
43.647,9094
43.647,9093
43.648,9092
43.648,9091
43.648,9090
43.648,9089
43.648,9088
43.648,9087
43.648,9086
43.648,9085
43.648,9084
43.648,9083
43.648,9082
43.648,9081
43.648,9080
43.648,9079
43.648,9078
43.649,9077
43.649,9076
43.649,9075
43.649,9074
43.649,9073
43.649,9072
43.649,9071
43.649,9070
43.649,9069
43.649,9068
43.649,9067
43.649,9066
43.649,9065
43.649,9064
43.649,9063
43.650,9062
43.650,9061
43.650,9060
43.650,9059
43.650,9058
43.650,9057
43.650,9056
43.650,9055
43.650,9054
43.650,9053
43.650,9052
43.650,9051
43.650,9050
43.650,9049
43.650,9048
43.650,9047
43.650,9046
43.650,9045
43.650,9044
43.650,9043
43.650,9042
43.651,9041
43.651,9040
43.651,9039
43.651,9038
43.651,9037
43.651,9036
43.651,9035
43.651,9034
43.651,9033
43.651,9032
43.651,9031
43.651,9030
43.651,9029
43.651,9028
43.652,9027
43.652,9026
43.652,9025
43.652,9024
43.652,9023
43.652,9022
43.652,9021
43.652,9020
43.652,9019
43.652,9018
43.652,9017
43.652,9016
43.652,9015
43.652,9014
43.652,9013
43.652,9012
43.653,9011
43.653,9010
43.653,9009
43.653,9008
43.653,9007
43.653,9006
43.653,9005
43.653,9004
43.653,9003
43.653,9002
43.653,9001
43.653,9000
43.653,8999
43.653,8998
43.653,8997
43.653,8996
43.653,8995
43.653,8994
43.654,8993
43.654,8992
43.654,8991
43.654,8990
43.654,8989
43.654,8988
43.654,8987
43.654,8986
43.654,8985
43.654,8984
43.654,8983
43.654,8982
43.654,8981
43.654,8980
43.654,8979
43.654,8978
43.654,8977
43.654,8976
43.654,8975
43.654,8974
43.654,8973
43.654,8972
43.655,8971
43.655,8970
43.655,8969
43.655,8968
43.655,8967
43.655,8966
43.655,8965
43.655,8964
43.655,8963
43.655,8962
43.655,8961
43.655,8960
43.655,8959
43.655,8958
43.655,8957
43.655,8956
43.656,8955
43.656,8954
43.656,8953
43.656,8952
43.656,8951
43.656,8950
43.656,8949
43.656,8948
43.656,8947
43.656,8946
43.656,8945
43.656,8944
43.656,8943
43.656,8942
43.656,8941
43.657,8940
43.657,8939
43.657,8938
43.657,8937
43.657,8936
43.657,8935
43.657,8934
43.657,8933
43.657,8932
43.657,8931
43.657,8930
43.657,8929
43.657,8928
43.657,8927
43.657,8926
43.657,8925
43.657,8924
43.657,8923
43.657,8922
43.657,8921
43.657,8920
43.657,8919
43.658,8918
43.658,8917
43.658,8916
43.658,8915
43.658,8914
43.658,8913
43.658,8912
43.658,8911
43.658,8910
43.658,8909
43.658,8908
43.658,8907
43.658,8906
43.658,8905
43.658,8904
43.658,8903
43.658,8902
43.658,8901
43.659,8900
43.659,8899
43.659,8898
43.659,8897
43.659,8896
43.659,8895
43.659,8894
43.659,8893
43.659,8892
43.659,8891
43.659,8890
43.659,8889
43.660,8888
43.660,8887
43.660,8886
43.660,8885
43.660,8884
43.660,8883
43.660,8882
43.660,8881
43.660,8880
43.660,8879
43.660,8878
43.660,8877
43.660,8876
43.660,8875
43.660,8874
43.661,8873
43.661,8872
43.661,8871
43.661,8870
43.661,8869
43.661,8868
43.661,8867
43.661,8866
43.661,8865
43.661,8864
43.661,8863
43.661,8862
43.661,8861
43.661,8860
43.661,8859
43.661,8858
43.661,8857
43.661,8856
43.661,8855
43.661,8854
43.661,8853
43.662,8852
43.662,8851
43.662,8850
43.662,8849
43.662,8848
43.662,8847
43.662,8846
43.662,8845
43.663,8844
43.663,8843
43.663,8842
43.663,8841
43.663,8840
43.663,8839
43.663,8838
43.663,8837
43.663,8836
43.663,8835
43.663,8834
43.663,8833
43.663,8832
43.664,8831
43.664,8830
43.664,8829
43.664,8828
43.664,8827
43.664,8826
43.664,8825
43.664,8824
43.664,8823
43.664,8822
43.664,8821
43.664,8820
43.664,8819
43.664,8818
43.665,8817
43.665,8816
43.665,8815
43.665,8814
43.665,8813
43.665,8812
43.665,8811
43.665,8810
43.665,8809
43.665,8808
43.665,8807
43.665,8806
43.665,8805
43.665,8804
43.665,8803
43.665,8802
43.665,8801
43.665,8800
43.665,8799
43.665,8798
43.666,8797
43.666,8796
43.666,8795
43.666,8794
43.666,8793
43.666,8792
43.666,8791
43.666,8790
43.666,8789
43.666,8788
43.666,8787
43.666,8786
43.666,8785
43.666,8784
43.666,8783
43.666,8782
43.666,8781
43.666,8780
43.667,8779
43.667,8778
43.667,8777
43.667,8776
43.667,8775
43.667,8774
43.667,8773
43.667,8772
43.667,8771
43.667,8770
43.667,8769
43.667,8768
43.667,8767
43.667,8766
43.667,8765
43.667,8764
43.667,8763
43.667,8762
43.667,8761
43.667,8760
43.667,8759
43.667,8758
43.667,8757
43.667,8756
43.668,8755
43.668,8754
43.668,8753
43.668,8752
43.668,8751
43.668,8750
43.668,8749
43.668,8748
43.668,8747
43.668,8746
43.668,8745
43.668,8744
43.668,8743
43.668,8742
43.668,8741
43.668,8740
43.668,8739
43.668,8738
43.668,8737
43.668,8736
43.668,8735
43.668,8734
43.668,8733
43.669,8732
43.669,8731
43.669,8730
43.669,8729
43.669,8728
43.669,8727
43.669,8726
43.669,8725
43.669,8724
43.669,8723
43.669,8722
43.669,8721
43.669,8720
43.669,8719
43.669,8718
43.669,8717
43.669,8716
43.669,8715
43.669,8714
43.669,8713
43.669,8712
43.669,8711
43.669,8710
43.669,8709
43.670,8708
43.670,8707
43.670,8706
43.670,8705
43.670,8704
43.670,8703
43.670,8702
43.670,8701
43.670,8700
43.670,8699
43.670,8698
43.670,8697
43.670,8696
43.670,8695
43.670,8694
43.670,8693
43.670,8692
43.670,8691
43.670,8690
43.670,8689
43.670,8688
43.671,8687
43.671,8686
43.671,8685
43.671,8684
43.671,8683
43.671,8682
43.671,8681
43.671,8680
43.671,8679
43.671,8678
43.671,8677
43.671,8676
43.671,8675
43.671,8674
43.671,8673
43.671,8672
43.671,8671
43.671,8670
43.671,8669
43.671,8668
43.671,8667
43.672,8666
43.672,8665
43.672,8664
43.672,8663
43.672,8662
43.672,8661
43.672,8660
43.672,8659
43.672,8658
43.672,8657
43.672,8656
43.672,8655
43.672,8654
43.672,8653
43.672,8652
43.672,8651
43.672,8650
43.672,8649
43.672,8648
43.672,8647
43.672,8646
43.673,8645
43.673,8644
43.673,8643
43.673,8642
43.673,8641
43.673,8640
43.673,8639
43.673,8638
43.673,8637
43.673,8636
43.673,8635
43.673,8634
43.673,8633
43.673,8632
43.674,8631
43.674,8630
43.674,8629
43.674,8628
43.674,8627
43.674,8626
43.674,8625
43.674,8624
43.674,8623
43.674,8622
43.674,8621
43.674,8620
43.675,8619
43.675,8618
43.675,8617
43.675,8616
43.675,8615
43.675,8614
43.675,8613
43.675,8612
43.675,8611
43.675,8610
43.675,8609
43.675,8608
43.675,8607
43.676,8606
43.676,8605
43.676,8604
43.676,8603
43.676,8602
43.676,8601
43.676,8600
43.676,8599
43.676,8598
43.676,8597
43.677,8596
43.677,8595
43.677,8594
43.677,8593
43.677,8592
43.677,8591
43.677,8590
43.677,8589
43.677,8588
43.677,8587
43.677,8586
43.677,8585
43.677,8584
43.677,8583
43.678,8582
43.678,8581
43.678,8580
43.678,8579
43.678,8578
43.678,8577
43.678,8576
43.678,8575
43.678,8574
43.678,8573
43.678,8572
43.678,8571
43.678,8570
43.679,8569
43.679,8568
43.679,8567
43.679,8566
43.679,8565
43.679,8564
43.679,8563
43.679,8562
43.679,8561
43.679,8560
43.679,8559
43.679,8558
43.679,8557
43.679,8556
43.680,8555
43.680,8554
43.680,8553
43.680,8552
43.680,8551
43.680,8550
43.680,8549
43.680,8548
43.680,8547
43.680,8546
43.680,8545
43.680,8544
43.680,8543
43.681,8542
43.681,8541
43.681,8540
43.681,8539
43.681,8538
43.681,8537
43.681,8536
43.681,8535
43.681,8534
43.681,8533
43.681,8532
43.681,8531
43.681,8530
43.681,8529
43.682,8528
43.682,8527
43.682,8526
43.682,8525
43.682,8524
43.682,8523
43.682,8522
43.682,8521
43.682,8520
43.682,8519
43.682,8518
43.682,8517
43.682,8516
43.683,8515
43.683,8514
43.683,8513
43.683,8512
43.683,8511
43.683,8510
43.683,8509
43.683,8508
43.683,8507
43.684,8506
43.684,8505
43.684,8504
43.684,8503
43.684,8502
43.684,8501
43.684,8500
43.684,8499
43.684,8498
43.684,8497
43.684,8496
43.685,8495
43.685,8494
43.685,8493
43.685,8492
43.685,8491
43.685,8490
43.685,8489
43.685,8488
43.685,8487
43.685,8486
43.685,8485
43.685,8484
43.685,8483
43.686,8482
43.686,8481
43.686,8480
43.688,8479
43.688,8478
43.688,8477
43.688,8476
43.690,8475
43.691,8474
43.694,8473
43.695,8472
43.695,8471
43.695,8470
43.695,8469
43.695,8468
43.695,8467
43.698,8466
43.700,8465
43.700,8464
43.700,8463
43.700,8462
43.701,8461
43.701,8460
43.701,8459
43.701,8458
43.701,8457
43.701,8456
43.701,8455
43.701,8454
43.701,8453
43.701,8452
43.702,8451
43.702,8450
43.702,8449
43.702,8448
43.702,8447
43.702,8446
43.702,8445
43.702,8444
43.702,8443
43.702,8442
43.703,8441
43.703,8440
43.703,8439
43.703,8438
43.703,8437
43.703,8436
43.703,8435
43.704,8434
43.704,8433
43.704,8432
43.704,8431
43.704,8430
43.705,8429
43.705,8428
43.710,8427
43.710,8426
43.710,8425
43.710,8424
43.710,8423
43.710,8422
43.711,8421
43.711,8420
43.711,8419
43.711,8418
43.711,8417
43.711,8416
43.711,8415
43.712,8414
43.715,8413
43.716,8412
43.716,8411
43.718,8410
43.719,8409
43.719,8408
43.720,8407
43.721,8406
43.721,8405
43.724,8404
43.725,8403
43.727,8402
43.727,8401
43.727,8400
43.728,8399
43.728,8398
43.728,8397
43.730,8396
43.731,8395
43.731,8394
43.731,8393
43.731,8392
43.731,8391
43.731,8390
43.731,8389
43.731,8388
43.731,8387
43.732,8386
43.732,8385
43.732,8384
43.732,8383
43.732,8382
43.732,8381
43.732,8380
43.732,8379
43.733,8378
43.733,8377
43.733,8376
43.733,8375
43.733,8374
43.733,8373
43.733,8372
43.733,8371
43.733,8370
43.734,8369
43.734,8368
43.734,8367
43.734,8366
43.734,8365
43.734,8364
43.734,8363
43.735,8362
43.735,8361
43.735,8360
43.735,8359
43.735,8358
43.735,8357
43.735,8356
43.735,8355
43.735,8354
43.736,8353
43.736,8352
43.736,8351
43.736,8350
43.737,8349
43.737,8348
43.737,8347
43.737,8346
43.737,8345
43.737,8344
43.737,8343
43.737,8342
43.737,8341
43.737,8340
43.737,8339
43.738,8338
43.738,8337
43.738,8336
43.738,8335
43.738,8334
43.738,8333
43.738,8332
43.739,8331
43.739,8330
43.739,8329
43.739,8328
43.739,8327
43.740,8326
43.740,8325
43.740,8324
43.740,8323
43.740,8322
43.740,8321
43.740,8320
43.740,8319
43.741,8318
43.741,8317
43.741,8316
43.741,8315
43.741,8314
43.742,8313
43.742,8312
43.742,8311
43.742,8310
43.744,8309
43.746,8308
43.747,8307
43.747,8306
43.747,8305
43.747,8304
43.748,8303
43.748,8302
43.748,8301
43.748,8300
43.748,8299
43.748,8298
43.748,8297
43.749,8296
43.749,8295
43.749,8294
43.749,8293
43.749,8292
43.749,8291
43.749,8290
43.750,8289
43.750,8288
43.750,8287
43.751,8286
43.751,8285
43.751,8284
43.751,8283
43.751,8282
43.864,8281
43.911,8280
43.911,8279
43.911,8278
43.927,8277
43.934,8276
43.934,8275
43.934,8274
43.934,8273
43.935,8272
43.936,8271
43.936,8270
43.937,8269
43.937,8268
43.937,8267
43.941,8266
43.942,8265
43.942,8264
43.943,8263
43.943,8262
43.944,8261
43.944,8260
43.945,8259
43.945,8258
43.945,8257
43.946,8256
43.946,8255
43.946,8254
43.947,8253
43.947,8252
43.948,8251
43.948,8250
43.948,8249
43.949,8248
43.949,8247
43.950,8246
43.955,8245
43.955,8244
43.955,8243
43.955,8242
43.956,8241
43.956,8240
43.956,8239
43.956,8238
43.957,8237
43.957,8236
43.957,8235
43.957,8234
43.958,8233
43.959,8232
43.959,8231
43.959,8230
43.959,8229
43.960,8228
43.964,8227
43.964,8226
43.964,8225
43.965,8224
43.965,8223
43.965,8222
43.965,8221
43.966,8220
43.966,8219
43.966,8218
43.966,8217
43.967,8216
43.967,8215
43.968,8214
43.968,8213
43.969,8212
43.969,8211
43.969,8210
43.973,8209
43.973,8208
43.973,8207
43.974,8206
43.974,8205
43.974,8204
43.975,8203
43.976,8202
43.976,8201
43.977,8200
43.977,8199
43.977,8198
43.978,8197
43.979,8196
43.980,8195
43.980,8194
43.980,8193
43.980,8192
43.981,8191
43.981,8190
43.982,8189
43.982,8188
43.982,8187
43.982,8186
43.982,8185
43.983,8184
43.983,8183
43.983,8182
43.983,8181
43.984,8180
43.984,8179
43.984,8178
43.985,8177
43.985,8176
43.985,8175
43.985,8174
43.985,8173
43.986,8172
43.986,8171
43.987,8170
43.987,8169
43.987,8168
43.988,8167
43.988,8166
43.989,8165
43.989,8164
43.990,8163
43.990,8162
43.990,8161
43.991,8160
43.991,8159
43.991,8158
43.991,8157
43.992,8156
43.992,8155
43.992,8154
43.993,8153
43.993,8152
43.993,8151
43.993,8150
43.994,8149
43.995,8148
43.995,8147
43.996,8146
43.996,8145
43.997,8144
43.997,8143
43.997,8142
43.998,8141
43.998,8140
43.998,8139
43.998,8138
43.999,8137
43.999,8136
43.999,8135
43.999,8134
43.999,8133
44.000,8132
44.000,8131
44.000,8130
44.000,8129
44.001,8128
44.001,8127
44.002,8126
44.002,8125
44.002,8124
44.002,8123
44.003,8122
44.003,8121
44.003,8120
44.004,8119
44.004,8118
44.004,8117
44.005,8116
44.005,8115
44.005,8114
44.006,8113
44.006,8112
44.006,8111
44.006,8110
44.007,8109
44.007,8108
44.008,8107
44.008,8106
44.008,8105
44.009,8104
44.009,8103
44.009,8102
44.009,8101
44.010,8100
44.011,8099
44.011,8098
44.012,8097
44.013,8096
44.014,8095
44.014,8094
44.014,8093
44.015,8092
44.016,8091
44.017,8090
44.017,8089
44.017,8088
44.018,8087
44.018,8086
44.020,8085
44.020,8084
44.020,8083
44.021,8082
44.021,8081
44.022,8080
44.022,8079
44.023,8078
44.024,8077
44.024,8076
44.025,8075
44.026,8074
44.027,8073
44.027,8072
44.028,8071
44.029,8070
44.029,8069
44.030,8068
44.030,8067
44.030,8066
44.031,8065
44.031,8064
44.031,8063
44.032,8062
44.032,8061
44.033,8060
44.033,8059
44.033,8058
44.034,8057
44.034,8056
44.034,8055
44.035,8054
44.035,8053
44.035,8052
44.036,8051
44.036,8050
44.036,8049
44.036,8048
44.037,8047
44.038,8046
44.039,8045
44.039,8044
44.039,8043
44.040,8042
44.040,8041
44.040,8040
44.041,8039
44.041,8038
44.042,8037
44.042,8036
44.042,8035
44.043,8034
44.043,8033
44.043,8032
44.044,8031
44.044,8030
44.044,8029
44.044,8028
44.045,8027
44.045,8026
44.045,8025
44.046,8024
44.047,8023
44.047,8022
44.048,8021
44.048,8020
44.049,8019
44.049,8018
44.049,8017
44.049,8016
44.049,8015
44.050,8014
44.051,8013
44.051,8012
44.052,8011
44.052,8010
44.053,8009
44.054,8008
44.054,8007
44.054,8006
44.055,8005
44.055,8004
44.056,8003
44.057,8002
44.057,8001
44.058,8000
44.058,7999
44.058,7998
44.059,7997
44.059,7996
44.059,7995
44.060,7994
44.061,7993
44.061,7992
44.062,7991
44.062,7990
44.062,7989
44.062,7988
44.063,7987
44.064,7986
44.064,7985
44.064,7984
44.065,7983
44.065,7982
44.065,7981
44.066,7980
44.066,7979
44.067,7978
44.067,7977
44.067,7976
44.068,7975
44.068,7974
44.069,7973
44.069,7972
44.070,7971
44.070,7970
44.070,7969
44.071,7968
44.071,7967
44.071,7966
44.072,7965
44.072,7964
44.073,7963
44.073,7962
44.073,7961
44.074,7960
44.076,7959
44.076,7958
44.077,7957
44.078,7956
44.081,7955
44.082,7954
44.082,7953
44.083,7952
44.083,7951
44.084,7950
44.085,7949
44.085,7948
44.086,7947
44.086,7946
44.086,7945
44.087,7944
44.087,7943
44.088,7942
44.088,7941
44.089,7940
44.089,7939
44.090,7938
44.090,7937
44.091,7936
44.092,7935
44.093,7934
44.093,7933
44.093,7932
44.094,7931
44.094,7930
44.095,7929
44.096,7928
44.096,7927
44.096,7926
44.097,7925
44.097,7924
44.098,7923
44.099,7922
44.100,7921
44.101,7920
44.101,7919
44.101,7918
44.102,7917
44.102,7916
44.103,7915
44.103,7914
44.104,7913
44.104,7912
44.105,7911
44.105,7910
44.106,7909
44.107,7908
44.107,7907
44.108,7906
44.108,7905
44.108,7904
44.109,7903
44.110,7902
44.111,7901
44.111,7900
44.111,7899
44.112,7898
44.113,7897
44.114,7896
44.114,7895
44.114,7894
44.115,7893
44.116,7892
44.116,7891
44.116,7890
44.117,7889
44.117,7888
44.118,7887
44.118,7886
44.120,7885
44.120,7884
44.121,7883
44.121,7882
44.122,7881
44.122,7880
44.122,7879
44.123,7878
44.123,7877
44.124,7876
44.124,7875
44.125,7874
44.126,7873
44.126,7872
44.147,7871
44.147,7870
44.148,7869
44.148,7868
44.148,7867
44.149,7866
44.149,7865
44.149,7864
44.150,7863
44.150,7862
44.150,7861
44.151,7860
44.151,7859
44.151,7858
44.151,7857
44.152,7856
44.152,7855
44.152,7854
44.153,7853
44.153,7852
44.153,7851
44.154,7850
44.154,7849
44.154,7848
44.155,7847
44.155,7846
44.155,7845
44.156,7844
44.156,7843
44.156,7842
44.157,7841
44.157,7840
44.157,7839
44.158,7838
44.158,7837
44.158,7836
44.160,7835
44.161,7834
44.162,7833
44.162,7832
44.162,7831
44.162,7830
44.163,7829
44.163,7828
44.163,7827
44.164,7826
44.164,7825
44.164,7824
44.164,7823
44.165,7822
44.165,7821
44.165,7820
44.166,7819
44.166,7818
44.166,7817
44.167,7816
44.167,7815
44.167,7814
44.168,7813
44.168,7812
44.168,7811
44.168,7810
44.169,7809
44.169,7808
44.169,7807
44.169,7806
44.170,7805
44.170,7804
44.170,7803
44.171,7802
44.171,7801
44.171,7800
44.172,7799
44.172,7798
44.172,7797
44.173,7796
44.173,7795
44.173,7794
44.174,7793
44.183,7792
44.184,7791
44.188,7790
44.188,7789
44.188,7788
44.190,7787
44.192,7786
44.193,7785
44.194,7784
44.194,7783
44.194,7782
44.195,7781
44.195,7780
44.195,7779
44.196,7778
44.196,7777
44.196,7776
44.197,7775
44.198,7774
44.199,7773
44.201,7772
44.201,7771
44.202,7770
44.203,7769
44.203,7768
44.204,7767
44.204,7766
44.204,7765
44.205,7764
44.205,7763
44.206,7762
44.209,7761
44.210,7760
44.211,7759
44.212,7758
44.212,7757
44.212,7756
44.213,7755
44.214,7754
44.214,7753
44.215,7752
44.216,7751
44.218,7750
44.219,7749
44.221,7748
44.222,7747
44.223,7746
44.223,7745
44.223,7744
44.225,7743
44.226,7742
44.227,7741
44.228,7740
44.229,7739
44.230,7738
44.230,7737
44.236,7736
44.240,7735
44.241,7734
44.242,7733
44.246,7732
44.247,7731
44.250,7730
44.251,7729
44.253,7728
44.254,7727
44.254,7726
44.255,7725
44.256,7724
44.256,7723
44.257,7722
44.257,7721
44.257,7720
44.275,7719
44.277,7718
44.277,7717
44.278,7716
44.279,7715
44.279,7714
44.280,7713
44.283,7712
44.284,7711
44.285,7710
44.287,7709
44.287,7708
44.288,7707
44.289,7706
44.291,7705
44.291,7704
44.292,7703
44.292,7702
44.294,7701
44.295,7700
44.296,7699
44.297,7698
44.298,7697
44.299,7696
44.300,7695
44.300,7694
44.301,7693
44.302,7692
44.303,7691
44.303,7690
44.304,7689
44.305,7688
44.306,7687
44.306,7686
44.307,7685
44.308,7684
44.309,7683
44.311,7682
44.312,7681
44.313,7680
44.313,7679
44.314,7678
44.314,7677
44.315,7676
44.315,7675
44.316,7674
44.316,7673
44.317,7672
44.318,7671
44.318,7670
44.318,7669
44.320,7668
44.321,7667
44.321,7666
44.322,7665
44.323,7664
44.323,7663
44.324,7662
44.325,7661
44.325,7660
44.327,7659
44.327,7658
44.328,7657
44.328,7656
44.329,7655
44.329,7654
44.330,7653
44.331,7652
44.333,7651
44.333,7650
44.334,7649
44.335,7648
44.336,7647
44.338,7646
44.339,7645
44.341,7644
44.344,7643
44.344,7642
44.345,7641
44.346,7640
44.348,7639
44.348,7638
44.350,7637
44.351,7636
44.352,7635
44.353,7634
44.354,7633
44.354,7632
44.355,7631
44.360,7630
44.360,7629
44.361,7628
44.361,7627
44.362,7626
44.363,7625
44.365,7624
44.367,7623
44.368,7622
44.369,7621
44.370,7620
44.370,7619
44.371,7618
44.371,7617
44.372,7616
44.372,7615
44.373,7614
44.374,7613
44.376,7612
44.376,7611
44.377,7610
44.378,7609
44.378,7608
44.379,7607
44.380,7606
44.381,7605
44.382,7604
44.383,7603
44.384,7602
44.386,7601
44.386,7600
44.387,7599
44.387,7598
44.388,7597
44.389,7596
44.390,7595
44.392,7594
44.392,7593
44.393,7592
44.394,7591
44.394,7590
44.395,7589
44.396,7588
44.397,7587
44.398,7586
44.399,7585
44.399,7584
44.400,7583
44.401,7582
44.402,7581
44.402,7580
44.404,7579
44.405,7578
44.405,7577
44.406,7576
44.406,7575
44.407,7574
44.408,7573
44.410,7572
44.412,7571
44.414,7570
44.415,7569
44.417,7568
44.417,7567
44.417,7566
44.418,7565
44.419,7564
44.419,7563
44.421,7562
44.423,7561
44.423,7560
44.424,7559
44.425,7558
44.428,7557
44.430,7556
44.431,7555
44.432,7554
44.434,7553
44.436,7552
44.439,7551
44.441,7550
44.442,7549
44.443,7548
44.445,7547
44.446,7546
44.449,7545
44.455,7544
44.455,7543
44.458,7542
44.458,7541
44.460,7540
44.461,7539
44.462,7538
44.463,7537
44.465,7536
44.469,7535
44.469,7534
44.471,7533
44.471,7532
44.473,7531
44.473,7530
44.475,7529
44.476,7528
44.476,7527
44.477,7526
44.478,7525
44.479,7524
44.479,7523
44.481,7522
44.483,7521
44.485,7520
44.487,7519
44.488,7518
44.490,7517
44.494,7516
44.495,7515
44.496,7514
44.500,7513
44.500,7512
44.501,7511
44.502,7510
44.503,7509
44.504,7508
44.505,7507
44.506,7506
44.507,7505
44.509,7504
44.509,7503
44.510,7502
44.511,7501
44.512,7500
44.515,7499
44.517,7498
44.518,7497
44.519,7496
44.519,7495
44.521,7494
44.522,7493
44.522,7492
44.524,7491
44.526,7490
44.527,7489
44.529,7488
44.530,7487
44.531,7486
44.533,7485
44.534,7484
44.536,7483
44.537,7482
44.538,7481
44.539,7480
44.540,7479
44.541,7478
44.542,7477
44.543,7476
44.543,7475
44.545,7474
44.546,7473
44.546,7472
44.547,7471
44.551,7470
44.551,7469
44.552,7468
44.553,7467
44.553,7466
44.554,7465
44.555,7464
44.556,7463
44.558,7462
44.560,7461
44.560,7460
44.563,7459
44.564,7458
44.566,7457
44.567,7456
44.568,7455
44.569,7454
44.570,7453
44.572,7452
44.573,7451
44.574,7450
44.575,7449
44.578,7448
44.579,7447
44.579,7446
44.580,7445
44.582,7444
44.583,7443
44.583,7442
44.585,7441
44.585,7440
44.586,7439
44.587,7438
44.588,7437
44.588,7436
44.589,7435
44.590,7434
44.591,7433
44.591,7432
44.592,7431
44.593,7430
44.594,7429
44.594,7428
44.595,7427
44.596,7426
44.597,7425
44.598,7424
44.599,7423
44.599,7422
44.600,7421
44.600,7420
44.602,7419
44.603,7418
44.604,7417
44.605,7416
44.606,7415
44.608,7414
44.608,7413
44.611,7412
44.612,7411
44.613,7410
44.613,7409
44.614,7408
44.615,7407
44.616,7406
44.617,7405
44.619,7404
44.619,7403
44.621,7402
44.623,7401
44.624,7400
44.630,7399
44.632,7398
44.635,7397
44.636,7396
44.638,7395
44.639,7394
44.639,7393
44.640,7392
44.641,7391
44.643,7390
44.644,7389
44.647,7388
44.648,7387
44.650,7386
44.651,7385
44.653,7384
44.654,7383
44.655,7382
44.655,7381
44.656,7380
44.659,7379
44.660,7378
44.661,7377
44.662,7376
44.663,7375
44.663,7374
44.666,7373
44.667,7372
44.669,7371
44.670,7370
44.671,7369
44.673,7368
44.673,7367
44.675,7366
44.677,7365
44.678,7364
44.678,7363
44.679,7362
44.681,7361
44.681,7360
44.682,7359
44.684,7358
44.684,7357
44.686,7356
44.687,7355
44.687,7354
44.688,7353
44.689,7352
44.690,7351
44.691,7350
44.693,7349
44.694,7348
44.695,7347
44.696,7346
44.698,7345
44.698,7344
44.699,7343
44.701,7342
44.703,7341
44.703,7340
44.704,7339
44.704,7338
44.704,7337
44.705,7336
44.705,7335
44.705,7334
44.706,7333
44.707,7332
44.707,7331
44.707,7330
44.708,7329
44.708,7328
44.708,7327
44.709,7326
44.709,7325
44.709,7324
44.710,7323
44.710,7322
44.710,7321
44.711,7320
44.711,7319
44.711,7318
44.712,7317
44.712,7316
44.712,7315
44.713,7314
44.713,7313
44.714,7312
44.714,7311
44.714,7310
44.715,7309
44.715,7308
44.716,7307
44.716,7306
44.717,7305
44.718,7304
44.718,7303
44.718,7302
44.719,7301
44.719,7300
44.720,7299
44.720,7298
44.720,7297
44.721,7296
44.721,7295
44.722,7294
44.722,7293
44.722,7292
44.723,7291
44.723,7290
44.724,7289
44.724,7288
44.725,7287
44.725,7286
44.725,7285
44.726,7284
44.726,7283
44.727,7282
44.727,7281
44.727,7280
44.728,7279
44.728,7278
44.728,7277
44.729,7276
44.729,7275
44.730,7274
44.730,7273
44.730,7272
44.731,7271
44.732,7270
44.733,7269
44.733,7268
44.733,7267
44.734,7266
44.734,7265
44.735,7264
44.735,7263
44.735,7262
44.736,7261
44.744,7260
44.745,7259
44.746,7258
44.746,7257
44.747,7256
44.749,7255
44.750,7254
44.750,7253
44.751,7252
44.751,7251
44.753,7250
44.754,7249
44.754,7248
44.755,7247
44.756,7246
44.756,7245
44.756,7244
44.757,7243
44.758,7242
44.759,7241
44.760,7240
44.764,7239
44.765,7238
44.765,7237
44.765,7236
44.766,7235
44.766,7234
44.768,7233
44.773,7232
44.777,7231
44.780,7230
44.783,7229
44.811,7228
44.811,7227
44.811,7226
44.812,7225
44.813,7224
44.816,7223
44.819,7222
44.826,7221
44.891,7220
45.133,7219
45.134,7218
45.136,7217
45.137,7216
45.138,7215
45.139,7214
45.140,7213
45.142,7212
45.144,7211
45.145,7210
45.147,7209
45.148,7208
45.149,7207
45.150,7206
45.152,7205
45.153,7204
45.154,7203
45.156,7202
45.157,7201
45.159,7200
45.160,7199
45.163,7198
45.166,7197
45.168,7196
45.170,7195
45.173,7194
45.176,7193
45.178,7192
45.182,7191
45.184,7190
45.187,7189
45.189,7188
45.192,7187
45.195,7186
45.197,7185
45.202,7184
45.206,7183
45.212,7182
45.216,7181
45.221,7180
45.232,7179
