20.524,6540
121.538,6539
121.538,6538
121.538,6537
121.538,6536
121.538,6535
121.538,6534
121.538,6533
121.538,6532
121.538,6531
121.538,6530
121.539,6529
121.539,6528
121.539,6527
121.539,6526
121.539,6525
121.539,6524
121.539,6523
121.539,6522
121.539,6521
121.539,6520
121.539,6519
121.539,6518
121.539,6517
121.539,6516
121.539,6515
121.540,6514
121.540,6513
121.540,6512
121.540,6511
121.540,6510
121.540,6509
121.540,6508
121.540,6507
121.540,6506
121.540,6505
121.540,6504
121.540,6503
121.540,6502
121.540,6501
121.541,6500
121.541,6499
121.541,6498
121.541,6497
121.541,6496
121.541,6495
121.541,6494
121.541,6493
121.541,6492
121.541,6491
121.541,6490
121.541,6489
121.541,6488
121.542,6487
121.542,6486
121.542,6485
121.542,6484
121.542,6483
121.542,6482
121.542,6481
121.542,6480
121.542,6479
121.542,6478
121.542,6477
121.542,6476
121.542,6475
121.543,6474
121.543,6473
121.543,6472
121.543,6471
121.543,6470
121.543,6469
121.543,6468
121.543,6467
121.544,6466
121.544,6465
121.544,6464
121.544,6463
121.544,6462
121.544,6461
121.544,6460
121.544,6459
121.544,6458
121.544,6457
121.544,6456
121.545,6455
121.545,6454
121.545,6453
121.545,6452
121.545,6451
121.545,6450
121.545,6449
121.545,6448
121.545,6447
121.545,6446
121.545,6445
121.545,6444
121.545,6443
121.545,6442
121.545,6441
121.546,6440
121.546,6439
121.546,6438
121.546,6437
121.546,6436
121.546,6435
121.546,6434
121.546,6433
121.546,6432
121.546,6431
121.546,6430
121.546,6429
121.546,6428
121.547,6427
121.547,6426
121.547,6425
121.547,6424
121.547,6423
121.547,6422
121.547,6421
121.547,6420
121.547,6419
121.547,6418
121.547,6417
121.547,6416
121.547,6415
121.547,6414
121.548,6413
121.548,6412
121.548,6411
121.548,6410
121.548,6409
121.548,6408
121.548,6407
121.548,6406
121.548,6405
121.548,6404
121.548,6403
121.548,6402
121.548,6401
121.548,6400
121.548,6399
121.549,6398
121.549,6397
121.549,6396
121.549,6395
121.549,6394
121.549,6393
121.549,6392
121.549,6391
121.549,6390
121.550,6389
121.550,6388
121.550,6387
121.550,6386
121.550,6385
121.551,6384
121.551,6383
121.551,6382
121.551,6381
121.552,6380
121.552,6379
121.552,6378
121.552,6377
121.552,6376
121.552,6375
121.552,6374
121.552,6373
121.553,6372
121.553,6371
121.553,6370
121.553,6369
121.553,6368
121.553,6367
121.553,6366
121.553,6365
121.554,6364
121.554,6363
121.554,6362
121.554,6361
121.554,6360
121.554,6359
121.554,6358
121.554,6357
121.554,6356
121.555,6355
121.555,6354
121.555,6353
121.555,6352
121.555,6351
121.555,6350
121.556,6349
121.556,6348
121.556,6347
121.556,6346
121.556,6345
121.556,6344
121.557,6343
121.557,6342
121.557,6341
121.557,6340
121.557,6339
121.557,6338
121.557,6337
121.557,6336
121.557,6335
121.557,6334
121.558,6333
121.558,6332
121.558,6331
121.558,6330
121.558,6329
121.558,6328
121.558,6327
121.558,6326
121.559,6325
121.559,6324
121.559,6323
121.559,6322
121.559,6321
121.559,6320
121.559,6319
121.560,6318
121.560,6317
121.560,6316
121.560,6315
121.560,6314
121.561,6313
121.561,6312
121.561,6311
121.561,6310
121.561,6309
121.561,6308
121.562,6307
121.562,6306
121.562,6305
121.562,6304
121.562,6303
121.562,6302
121.563,6301
121.563,6300
121.563,6299
121.563,6298
121.563,6297
121.563,6296
121.563,6295
121.563,6294
121.563,6293
121.563,6292
121.564,6291
121.564,6290
121.564,6289
121.564,6288
121.564,6287
121.564,6286
121.564,6285
121.565,6284
121.565,6283
121.565,6282
121.565,6281
121.565,6280
121.565,6279
121.565,6278
121.565,6277
121.565,6276
121.565,6275
121.566,6274
121.566,6273
121.566,6272
121.566,6271
121.566,6270
121.566,6269
121.566,6268
121.566,6267
121.567,6266
121.567,6265
121.567,6264
121.567,6263
121.567,6262
121.567,6261
121.567,6260
121.567,6259
121.568,6258
121.568,6257
121.568,6256
121.568,6255
121.568,6254
121.568,6253
121.568,6252
121.568,6251
121.568,6250
121.569,6249
121.569,6248
121.569,6247
121.569,6246
121.569,6245
121.569,6244
121.569,6243
121.569,6242
121.569,6241
121.569,6240
121.570,6239
121.570,6238
121.570,6237
121.570,6236
121.570,6235
121.570,6234
121.570,6233
121.570,6232
121.570,6231
121.570,6230
121.571,6229
121.571,6228
121.571,6227
121.571,6226
121.571,6225
121.571,6224
121.571,6223
121.571,6222
121.571,6221
121.572,6220
121.572,6219
121.572,6218
121.572,6217
121.572,6216
121.572,6215
121.572,6214
121.572,6213
121.572,6212
121.572,6211
121.573,6210
121.573,6209
121.573,6208
121.573,6207
121.573,6206
121.573,6205
121.573,6204
121.573,6203
121.574,6202
121.574,6201
121.574,6200
121.574,6199
121.574,6198
121.574,6197
121.575,6196
121.575,6195
121.575,6194
121.575,6193
121.576,6192
121.576,6191
121.576,6190
121.576,6189
121.576,6188
121.576,6187
121.577,6186
121.577,6185
121.577,6184
121.577,6183
121.577,6182
121.578,6181
121.578,6180
121.578,6179
121.579,6178
121.579,6177
121.579,6176
121.579,6175
121.579,6174
121.579,6173
121.580,6172
121.580,6171
121.580,6170
121.580,6169
121.580,6168
121.580,6167
121.581,6166
121.581,6165
121.581,6164
121.581,6163
121.581,6162
121.582,6161
121.582,6160
121.582,6159
121.583,6158
121.583,6157
121.583,6156
121.583,6155
121.584,6154
121.584,6153
121.584,6152
121.584,6151
121.584,6150
121.584,6149
121.585,6148
121.585,6147
121.585,6146
121.585,6145
121.586,6144
121.586,6143
121.586,6142
121.586,6141
121.586,6140
121.586,6139
121.587,6138
121.587,6137
121.588,6136
121.588,6135
121.588,6134
121.588,6133
121.588,6132
121.588,6131
121.589,6130
121.589,6129
121.590,6128
121.590,6127
121.590,6126
121.590,6125
121.590,6124
121.591,6123
121.591,6122
121.591,6121
121.591,6120
121.591,6119
121.591,6118
121.591,6117
121.592,6116
121.592,6115
121.592,6114
121.592,6113
121.592,6112
121.593,6111
121.593,6110
121.593,6109
121.593,6108
121.593,6107
121.594,6106
121.594,6105
121.594,6104
121.594,6103
121.594,6102
121.594,6101
121.595,6100
121.595,6099
121.595,6098
121.595,6097
121.595,6096
121.595,6095
121.596,6094
121.596,6093
121.596,6092
121.596,6091
121.596,6090
121.596,6089
121.596,6088
121.597,6087
121.597,6086
121.597,6085
121.597,6084
121.597,6083
121.597,6082
121.598,6081
121.598,6080
121.598,6079
121.598,6078
121.598,6077
121.598,6076
121.598,6075
121.598,6074
121.599,6073
121.599,6072
121.599,6071
121.599,6070
121.599,6069
121.599,6068
121.599,6067
121.600,6066
121.600,6065
121.600,6064
121.600,6063
121.600,6062
121.600,6061
121.600,6060
121.601,6059
121.601,6058
121.601,6057
121.601,6056
121.601,6055
121.601,6054
121.602,6053
121.602,6052
121.602,6051
121.602,6050
121.602,6049
121.602,6048
121.603,6047
121.603,6046
121.603,6045
121.603,6044
121.603,6043
121.603,6042
121.603,6041
121.603,6040
121.604,6039
121.604,6038
121.604,6037
121.604,6036
121.604,6035
121.604,6034
121.604,6033
121.604,6032
121.605,6031
121.605,6030
121.605,6029
121.605,6028
121.605,6027
121.605,6026
121.606,6025
121.606,6024
121.606,6023
121.606,6022
121.606,6021
121.606,6020
121.606,6019
121.607,6018
121.607,6017
121.607,6016
121.607,6015
121.607,6014
121.607,6013
121.607,6012
121.608,6011
121.608,6010
121.608,6009
121.608,6008
121.608,6007
121.608,6006
121.609,6005
121.609,6004
121.609,6003
121.609,6002
121.609,6001
121.609,6000
121.609,5999
121.609,5998
121.610,5997
121.610,5996
121.610,5995
121.610,5994
121.610,5993
121.610,5992
121.611,5991
121.611,5990
121.611,5989
121.611,5988
121.611,5987
121.611,5986
121.611,5985
121.611,5984
121.611,5983
121.612,5982
121.612,5981
121.612,5980
121.612,5979
121.612,5978
121.612,5977
121.612,5976
121.612,5975
121.613,5974
121.613,5973
121.613,5972
121.613,5971
121.613,5970
121.613,5969
121.613,5968
121.613,5967
121.614,5966
121.614,5965
121.614,5964
121.614,5963
121.614,5962
121.614,5961
121.615,5960
121.615,5959
121.615,5958
121.615,5957
121.615,5956
121.616,5955
121.616,5954
121.617,5953
121.617,5952
121.619,5951
121.619,5950
121.619,5949
121.619,5948
121.619,5947
121.620,5946
121.620,5945
121.620,5944
121.621,5943
121.621,5942
121.621,5941
121.621,5940
121.621,5939
121.621,5938
121.622,5937
121.622,5936
121.622,5935
121.623,5934
121.623,5933
121.623,5932
121.624,5931
121.624,5930
121.624,5929
121.624,5928
121.624,5927
121.625,5926
121.625,5925
121.625,5924
121.625,5923
121.626,5922
121.626,5921
121.626,5920
121.626,5919
121.626,5918
121.627,5917
121.627,5916
121.627,5915
121.627,5914
121.628,5913
121.628,5912
121.628,5911
121.628,5910
121.629,5909
121.629,5908
121.629,5907
121.629,5906
121.630,5905
121.630,5904
121.630,5903
121.630,5902
121.631,5901
121.631,5900
121.631,5899
121.632,5898
121.632,5897
121.632,5896
121.633,5895
121.633,5894
121.633,5893
121.633,5892
121.634,5891
121.634,5890
121.634,5889
121.634,5888
121.634,5887
121.634,5886
121.635,5885
121.635,5884
121.635,5883
121.635,5882
121.636,5881
121.636,5880
121.636,5879
121.636,5878
121.636,5877
121.637,5876
121.637,5875
121.638,5874
121.638,5873
121.639,5872
121.639,5871
121.639,5870
121.639,5869
121.640,5868
121.640,5867
121.640,5866
121.640,5865
121.641,5864
121.641,5863
121.641,5862
121.641,5861
121.642,5860
121.642,5859
121.643,5858
121.643,5857
121.643,5856
121.643,5855
121.643,5854
121.644,5853
121.644,5852
121.644,5851
121.645,5850
121.645,5849
121.645,5848
121.645,5847
121.645,5846
121.646,5845
121.647,5844
121.647,5843
121.647,5842
121.647,5841
121.647,5840
121.648,5839
121.648,5838
121.648,5837
121.648,5836
121.649,5835
121.649,5834
121.649,5833
121.649,5832
121.649,5831
121.649,5830
121.650,5829
121.650,5828
121.650,5827
121.650,5826
121.650,5825
121.651,5824
121.651,5823
121.651,5822
121.651,5821
121.652,5820
121.652,5819
121.652,5818
121.652,5817
121.652,5816
121.653,5815
121.653,5814
121.653,5813
121.653,5812
121.653,5811
121.654,5810
121.654,5809
121.654,5808
121.654,5807
121.654,5806
121.655,5805
121.655,5804
121.655,5803
121.655,5802
121.656,5801
121.656,5800
121.656,5799
121.656,5798
121.656,5797
121.657,5796
121.657,5795
121.657,5794
121.657,5793
121.657,5792
121.657,5791
121.658,5790
121.658,5789
121.658,5788
121.658,5787
121.658,5786
121.658,5785
121.658,5784
121.659,5783
121.659,5782
121.659,5781
121.659,5780
121.659,5779
121.660,5778
121.660,5777
121.660,5776
121.661,5775
121.661,5774
121.662,5773
121.662,5772
121.662,5771
121.662,5770
121.662,5769
121.663,5768
121.663,5767
121.663,5766
121.663,5765
121.663,5764
121.663,5763
121.664,5762
121.664,5761
121.665,5760
121.665,5759
121.666,5758
121.666,5757
121.666,5756
121.666,5755
121.666,5754
121.667,5753
121.667,5752
121.667,5751
121.667,5750
121.667,5749
121.667,5748
121.668,5747
121.668,5746
121.668,5745
121.668,5744
121.668,5743
121.669,5742
121.669,5741
121.669,5740
121.669,5739
121.669,5738
121.670,5737
121.670,5736
121.670,5735
121.671,5734
121.671,5733
121.671,5732
121.671,5731
121.671,5730
121.671,5729
121.672,5728
121.672,5727
121.672,5726
121.672,5725
121.672,5724
121.672,5723
121.672,5722
121.673,5721
121.673,5720
121.673,5719
121.675,5718
121.675,5717
121.675,5716
121.676,5715
121.677,5714
121.677,5713
121.678,5712
121.678,5711
121.679,5710
121.679,5709
121.680,5708
121.681,5707
121.681,5706
121.681,5705
121.682,5704
121.682,5703
121.682,5702
121.683,5701
121.683,5700
121.684,5699
121.684,5698
121.685,5697
121.685,5696
121.685,5695
121.686,5694
121.687,5693
121.687,5692
121.687,5691
121.688,5690
121.688,5689
121.689,5688
121.689,5687
121.690,5686
121.691,5685
121.692,5684
121.692,5683
121.692,5682
121.693,5681
121.694,5680
121.695,5679
121.695,5678
121.695,5677
121.696,5676
121.696,5675
121.696,5674
121.697,5673
121.697,5672
121.698,5671
121.698,5670
121.698,5669
121.699,5668
121.699,5667
121.700,5666
121.700,5665
121.701,5664
121.701,5663
121.702,5662
121.703,5661
121.703,5660
121.704,5659
121.704,5658
121.705,5657
121.706,5656
121.706,5655
121.706,5654
121.706,5653
121.706,5652
121.707,5651
121.707,5650
121.708,5649
121.708,5648
121.709,5647
121.709,5646
121.709,5645
121.710,5644
121.711,5643
121.711,5642
121.711,5641
121.712,5640
121.712,5639
121.712,5638
121.713,5637
121.714,5636
121.714,5635
121.715,5634
121.715,5633
121.715,5632
121.716,5631
121.716,5630
121.716,5629
121.716,5628
121.717,5627
121.717,5626
121.717,5625
121.717,5624
121.718,5623
121.718,5622
121.718,5621
121.719,5620
121.719,5619
121.720,5618
121.720,5617
121.720,5616
121.720,5615
121.721,5614
121.721,5613
121.721,5612
121.721,5611
121.721,5610
121.722,5609
121.722,5608
121.722,5607
121.722,5606
121.723,5605
121.723,5604
121.723,5603
121.723,5602
121.724,5601
121.724,5600
121.725,5599
121.725,5598
121.725,5597
121.726,5596
121.726,5595
121.727,5594
121.727,5593
121.728,5592
121.728,5591
121.728,5590
121.729,5589
121.730,5588
121.730,5587
121.730,5586
121.730,5585
121.730,5584
121.731,5583
121.731,5582
121.731,5581
121.732,5580
121.733,5579
121.733,5578
121.733,5577
121.733,5576
121.734,5575
121.734,5574
121.734,5573
121.734,5572
121.734,5571
121.735,5570
121.735,5569
121.735,5568
121.735,5567
121.736,5566
121.736,5565
121.736,5564
121.737,5563
121.737,5562
121.738,5561
121.738,5560
121.738,5559
121.738,5558
121.739,5557
121.739,5556
121.740,5555
121.740,5554
121.740,5553
121.741,5552
121.741,5551
121.742,5550
121.742,5549
121.742,5548
121.742,5547
121.743,5546
121.743,5545
121.743,5544
121.744,5543
121.744,5542
121.744,5541
121.745,5540
121.745,5539
121.745,5538
121.746,5537
121.746,5536
121.747,5535
121.747,5534
121.748,5533
121.748,5532
121.748,5531
121.748,5530
121.749,5529
121.749,5528
121.749,5527
121.749,5526
121.750,5525
121.750,5524
121.750,5523
121.750,5522
121.751,5521
121.751,5520
121.751,5519
121.752,5518
121.753,5517
121.754,5516
121.755,5515
121.756,5514
121.756,5513
121.757,5512
121.757,5511
121.759,5510
121.759,5509
121.760,5508
121.760,5507
121.761,5506
121.761,5505
121.762,5504
121.762,5503
121.762,5502
121.763,5501
121.764,5500
121.765,5499
121.765,5498
121.766,5497
121.768,5496
121.768,5495
121.769,5494
121.769,5493
121.771,5492
121.771,5491
121.772,5490
121.774,5489
121.774,5488
121.775,5487
121.775,5486
121.778,5485
121.779,5484
121.780,5483
121.781,5482
121.781,5481
121.781,5480
121.782,5479
121.782,5478
121.783,5477
121.784,5476
121.785,5475
121.786,5474
121.786,5473
121.788,5472
121.790,5471
121.790,5470
121.790,5469
121.791,5468
121.791,5467
121.791,5466
121.792,5465
121.793,5464
121.793,5463
121.795,5462
121.796,5461
121.796,5460
121.796,5459
121.797,5458
121.797,5457
121.797,5456
121.798,5455
121.799,5454
121.801,5453
121.801,5452
121.802,5451
121.803,5450
121.803,5449
121.804,5448
121.804,5447
121.804,5446
121.805,5445
121.806,5444
121.806,5443
121.807,5442
121.807,5441
121.807,5440
121.808,5439
121.809,5438
121.809,5437
121.809,5436
121.809,5435
121.810,5434
121.810,5433
121.811,5432
121.811,5431
121.812,5430
121.812,5429
121.813,5428
121.813,5427
121.813,5426
121.814,5425
121.814,5424
121.815,5423
121.815,5422
121.815,5421
121.816,5420
121.816,5419
121.816,5418
121.817,5417
121.817,5416
121.818,5415
121.818,5414
121.818,5413
121.819,5412
121.819,5411
121.820,5410
121.820,5409
121.821,5408
121.821,5407
121.822,5406
121.822,5405
121.823,5404
121.823,5403
121.824,5402
121.824,5401
121.824,5400
121.824,5399
121.824,5398
121.825,5397
121.826,5396
121.827,5395
121.827,5394
121.829,5393
121.829,5392
121.829,5391
121.830,5390
121.830,5389
121.830,5388
121.831,5387
121.831,5386
121.831,5385
121.831,5384
121.832,5383
121.832,5382
121.833,5381
121.833,5380
121.833,5379
121.834,5378
121.834,5377
121.835,5376
121.836,5375
121.836,5374
121.837,5373
121.837,5372
121.837,5371
121.837,5370
121.838,5369
121.839,5368
121.843,5367
121.843,5366
121.846,5365
121.846,5364
121.846,5363
121.847,5362
121.848,5361
121.849,5360
121.850,5359
121.851,5358
121.851,5357
121.851,5356
121.852,5355
121.854,5354
121.855,5353
121.855,5352
121.858,5351
121.859,5350
121.859,5349
121.860,5348
121.862,5347
121.863,5346
121.863,5345
121.865,5344
121.865,5343
121.872,5342
121.872,5341
121.873,5340
121.873,5339
121.875,5338
121.876,5337
121.877,5336
121.880,5335
121.881,5334
121.881,5333
121.882,5332
121.883,5331
121.884,5330
121.886,5329
121.887,5328
121.887,5327
121.887,5326
121.888,5325
121.889,5324
121.890,5323
121.890,5322
121.891,5321
121.893,5320
121.894,5319
121.895,5318
121.896,5317
121.897,5316
121.897,5315
121.898,5314
121.899,5313
121.900,5312
121.900,5311
121.900,5310
121.901,5309
121.902,5308
121.902,5307
121.902,5306
121.902,5305
121.903,5304
121.904,5303
121.904,5302
121.904,5301
121.907,5300
121.907,5299
121.908,5298
121.908,5297
121.909,5296
121.909,5295
121.911,5294
121.912,5293
121.912,5292
121.912,5291
121.913,5290
121.914,5289
121.914,5288
121.914,5287
121.915,5286
121.916,5285
121.916,5284
121.917,5283
121.917,5282
121.917,5281
121.919,5280
121.920,5279
121.921,5278
121.922,5277
121.922,5276
121.922,5275
121.923,5274
121.923,5273
121.924,5272
121.924,5271
121.925,5270
121.925,5269
121.926,5268
121.926,5267
121.926,5266
121.927,5265
121.927,5264
121.928,5263
121.928,5262
121.930,5261
121.931,5260
121.931,5259
121.933,5258
121.933,5257
121.934,5256
121.935,5255
121.935,5254
121.935,5253
121.936,5252
121.936,5251
121.936,5250
121.936,5249
121.937,5248
121.937,5247
121.938,5246
121.939,5245
121.939,5244
121.941,5243
121.942,5242
121.942,5241
121.946,5240
121.946,5239
121.946,5238
121.947,5237
121.948,5236
121.948,5235
121.949,5234
121.949,5233
121.949,5232
121.950,5231
121.950,5230
121.951,5229
121.951,5228
121.951,5227
121.952,5226
121.953,5225
121.954,5224
121.955,5223
121.956,5222
121.956,5221
121.957,5220
121.958,5219
121.959,5218
121.960,5217
121.960,5216
121.965,5215
121.965,5214
121.966,5213
121.966,5212
121.968,5211
121.969,5210
121.969,5209
121.970,5208
121.970,5207
121.971,5206
121.973,5205
121.976,5204
121.976,5203
121.978,5202
121.980,5201
121.981,5200
121.983,5199
121.985,5198
121.987,5197
121.987,5196
121.988,5195
121.989,5194
121.990,5193
121.993,5192
121.995,5191
121.997,5190
121.999,5189
121.999,5188
121.999,5187
122.000,5186
122.000,5185
122.000,5184
122.002,5183
122.004,5182
122.005,5181
122.006,5180
122.008,5179
122.015,5178
122.017,5177
122.017,5176
122.018,5175
122.018,5174
122.019,5173
122.020,5172
122.020,5171
122.021,5170
122.021,5169
122.021,5168
122.023,5167
122.023,5166
122.023,5165
122.025,5164
122.026,5163
122.027,5162
122.028,5161
122.030,5160
122.031,5159
122.032,5158
122.032,5157
122.033,5156
122.033,5155
122.033,5154
122.035,5153
122.036,5152
122.037,5151
122.037,5150
122.037,5149
122.038,5148
122.038,5147
122.039,5146
122.041,5145
122.041,5144
122.044,5143
122.046,5142
122.047,5141
122.047,5140
122.047,5139
122.049,5138
122.050,5137
122.051,5136
122.051,5135
122.053,5134
122.054,5133
122.056,5132
122.057,5131
122.058,5130
122.059,5129
122.060,5128
122.060,5127
122.062,5126
122.063,5125
122.064,5124
122.066,5123
122.068,5122
122.071,5121
122.071,5120
122.072,5119
122.073,5118
122.074,5117
122.075,5116
122.077,5115
122.078,5114
122.078,5113
122.080,5112
122.081,5111
122.081,5110
122.082,5109
122.083,5108
122.084,5107
122.088,5106
122.089,5105
122.091,5104
122.092,5103
122.093,5102
122.096,5101
122.098,5100
122.100,5099
122.103,5098
122.103,5097
122.104,5096
122.104,5095
122.106,5094
122.107,5093
122.107,5092
122.110,5091
122.110,5090
122.112,5089
122.112,5088
122.118,5087
122.120,5086
122.121,5085
122.122,5084
122.125,5083
122.126,5082
122.126,5081
122.130,5080
122.135,5079
122.135,5078
122.135,5077
122.136,5076
122.137,5075
122.138,5074
122.140,5073
122.142,5072
122.142,5071
122.145,5070
122.146,5069
122.147,5068
122.148,5067
122.148,5066
122.151,5065
122.152,5064
122.154,5063
122.154,5062
122.155,5061
122.155,5060
122.160,5059
122.161,5058
122.161,5057
122.163,5056
122.165,5055
122.169,5054
122.169,5053
122.172,5052
122.172,5051
122.174,5050
122.175,5049
122.177,5048
122.179,5047
122.181,5046
122.182,5045
122.183,5044
122.183,5043
122.184,5042
122.184,5041
122.184,5040
122.186,5039
122.186,5038
122.187,5037
122.187,5036
122.188,5035
122.188,5034
122.189,5033
122.190,5032
122.191,5031
122.192,5030
122.193,5029
122.193,5028
122.195,5027
122.195,5026
122.195,5025
122.196,5024
122.196,5023
122.197,5022
122.198,5021
122.203,5020
122.207,5019
122.208,5018
122.209,5017
122.209,5016
122.210,5015
122.211,5014
122.212,5013
122.213,5012
122.214,5011
122.215,5010
122.219,5009
122.222,5008
122.223,5007
122.225,5006
122.230,5005
122.233,5004
122.234,5003
122.238,5002
122.239,5001
122.240,5000
122.241,4999
122.242,4998
122.244,4997
122.246,4996
122.246,4995
122.246,4994
122.247,4993
122.249,4992
122.252,4991
122.262,4990
122.263,4989
122.264,4988
122.265,4987
122.268,4986
122.269,4985
122.271,4984
122.275,4983
122.276,4982
122.276,4981
122.277,4980
122.277,4979
122.279,4978
122.280,4977
122.282,4976
122.282,4975
122.285,4974
122.286,4973
122.287,4972
122.292,4971
122.302,4970
122.303,4969
122.304,4968
122.307,4967
122.309,4966
122.310,4965
122.312,4964
122.315,4963
122.316,4962
122.316,4961
122.319,4960
122.320,4959
122.321,4958
122.325,4957
122.325,4956
122.328,4955
122.329,4954
122.330,4953
122.339,4952
122.339,4951
122.340,4950
122.342,4949
122.343,4948
122.345,4947
122.349,4946
122.349,4945
122.350,4944
122.353,4943
122.354,4942
122.360,4941
122.361,4940
122.366,4939
122.368,4938
122.373,4937
122.377,4936
122.382,4935
122.384,4934
122.385,4933
122.387,4932
122.389,4931
122.392,4930
122.396,4929
122.401,4928
122.402,4927
122.403,4926
122.405,4925
122.406,4924
122.408,4923
122.409,4922
122.411,4921
122.412,4920
122.413,4919
122.413,4918
122.419,4917
122.420,4916
122.421,4915
122.424,4914
122.427,4913
122.428,4912
122.428,4911
122.430,4910
122.432,4909
122.432,4908
122.433,4907
122.438,4906
122.440,4905
122.441,4904
122.442,4903
122.442,4902
122.443,4901
122.447,4900
122.454,4899
122.462,4898
122.466,4897
122.467,4896
122.469,4895
122.471,4894
122.475,4893
122.481,4892
122.483,4891
122.483,4890
122.484,4889
122.485,4888
122.486,4887
122.493,4886
122.503,4885
122.506,4884
122.508,4883
122.513,4882
122.514,4881
122.515,4880
122.516,4879
122.517,4878
122.518,4877
122.523,4876
122.528,4875
122.530,4874
122.535,4873
122.537,4872
122.539,4871
122.539,4870
122.539,4869
122.540,4868
122.541,4867
122.542,4866
122.543,4865
122.546,4864
122.547,4863
122.550,4862
122.551,4861
122.554,4860
122.559,4859
122.560,4858
122.562,4857
122.563,4856
122.568,4855
122.569,4854
122.571,4853
122.575,4852
122.575,4851
122.577,4850
122.580,4849
122.581,4848
122.582,4847
122.583,4846
122.584,4845
122.585,4844
122.589,4843
122.597,4842
122.606,4841
122.608,4840
122.613,4839
122.615,4838
122.620,4837
122.627,4836
122.636,4835
122.641,4834
122.644,4833
122.647,4832
122.654,4831
122.659,4830
122.666,4829
122.667,4828
122.667,4827
122.668,4826
122.672,4825
122.675,4824
122.682,4823
122.684,4822
122.692,4821
122.697,4820
122.708,4819
122.710,4818
122.711,4817
122.715,4816
122.718,4815
122.722,4814
122.728,4813
122.730,4812
122.736,4811
122.740,4810
122.741,4809
122.742,4808
122.742,4807
122.744,4806
122.750,4805
122.753,4804
122.762,4803
122.766,4802
122.767,4801
122.773,4800
122.782,4799
122.787,4798
122.788,4797
122.789,4796
122.798,4795
122.805,4794
122.811,4793
122.814,4792
122.821,4791
122.829,4790
122.831,4789
122.838,4788
122.839,4787
122.844,4786
122.846,4785
