23.045,6680
103.106,6679
103.106,6678
103.106,6677
103.106,6676
103.106,6675
103.106,6674
103.106,6673
103.106,6672
103.106,6671
103.106,6670
103.106,6669
103.106,6668
103.106,6667
103.106,6666
103.106,6665
103.106,6664
103.106,6663
103.106,6662
103.107,6661
103.107,6660
103.107,6659
103.107,6658
103.107,6657
103.107,6656
103.107,6655
103.107,6654
103.107,6653
103.107,6652
103.107,6651
103.107,6650
103.107,6649
103.107,6648
103.107,6647
103.107,6646
103.108,6645
103.108,6644
103.108,6643
103.108,6642
103.108,6641
103.108,6640
103.108,6639
103.108,6638
103.108,6637
103.108,6636
103.108,6635
103.108,6634
103.108,6633
103.108,6632
103.109,6631
103.109,6630
103.109,6629
103.109,6628
103.109,6627
103.109,6626
103.109,6625
103.109,6624
103.109,6623
103.109,6622
103.109,6621
103.109,6620
103.109,6619
103.109,6618
103.109,6617
103.110,6616
103.110,6615
103.110,6614
103.110,6613
103.110,6612
103.110,6611
103.110,6610
103.110,6609
103.110,6608
103.110,6607
103.110,6606
103.110,6605
103.110,6604
103.110,6603
103.111,6602
103.111,6601
103.111,6600
103.111,6599
103.111,6598
103.111,6597
103.111,6596
103.111,6595
103.111,6594
103.111,6593
103.111,6592
103.111,6591
103.111,6590
103.111,6589
103.112,6588
103.112,6587
103.112,6586
103.112,6585
103.112,6584
103.112,6583
103.112,6582
103.112,6581
103.112,6580
103.112,6579
103.112,6578
103.112,6577
103.112,6576
103.112,6575
103.112,6574
103.113,6573
103.113,6572
103.113,6571
103.113,6570
103.113,6569
103.113,6568
103.113,6567
103.113,6566
103.113,6565
103.113,6564
103.113,6563
103.113,6562
103.113,6561
103.114,6560
103.114,6559
103.114,6558
103.114,6557
103.114,6556
103.114,6555
103.114,6554
103.114,6553
103.114,6552
103.114,6551
103.114,6550
103.114,6549
103.114,6548
103.114,6547
103.114,6546
103.114,6545
103.115,6544
103.115,6543
103.115,6542
103.115,6541
103.115,6540
103.115,6539
103.115,6538
103.115,6537
103.115,6536
103.115,6535
103.116,6534
103.116,6533
103.116,6532
103.116,6531
103.116,6530
103.116,6529
103.116,6528
103.116,6527
103.116,6526
103.116,6525
103.116,6524
103.116,6523
103.116,6522
103.116,6521
103.116,6520
103.117,6519
103.117,6518
103.117,6517
103.117,6516
103.117,6515
103.117,6514
103.117,6513
103.117,6512
103.117,6511
103.117,6510
103.117,6509
103.117,6508
103.117,6507
103.117,6506
103.117,6505
103.117,6504
103.118,6503
103.118,6502
103.118,6501
103.118,6500
103.118,6499
103.118,6498
103.118,6497
103.119,6496
103.119,6495
103.119,6494
103.119,6493
103.119,6492
103.119,6491
103.119,6490
103.120,6489
103.120,6488
103.120,6487
103.120,6486
103.120,6485
103.120,6484
103.120,6483
103.120,6482
103.120,6481
103.121,6480
103.121,6479
103.121,6478
103.121,6477
103.121,6476
103.121,6475
103.121,6474
103.121,6473
103.121,6472
103.122,6471
103.122,6470
103.122,6469
103.122,6468
103.122,6467
103.122,6466
103.122,6465
103.122,6464
103.122,6463
103.122,6462
103.123,6461
103.123,6460
103.123,6459
103.123,6458
103.123,6457
103.123,6456
103.123,6455
103.123,6454
103.123,6453
103.124,6452
103.124,6451
103.124,6450
103.124,6449
103.124,6448
103.124,6447
103.124,6446
103.124,6445
103.124,6444
103.125,6443
103.125,6442
103.125,6441
103.125,6440
103.125,6439
103.125,6438
103.125,6437
103.126,6436
103.126,6435
103.126,6434
103.126,6433
103.126,6432
103.126,6431
103.126,6430
103.126,6429
103.127,6428
103.127,6427
103.127,6426
103.127,6425
103.127,6424
103.127,6423
103.127,6422
103.127,6421
103.127,6420
103.127,6419
103.128,6418
103.128,6417
103.128,6416
103.128,6415
103.128,6414
103.128,6413
103.128,6412
103.128,6411
103.128,6410
103.128,6409
103.129,6408
103.129,6407
103.129,6406
103.129,6405
103.129,6404
103.129,6403
103.129,6402
103.129,6401
103.129,6400
103.129,6399
103.130,6398
103.130,6397
103.130,6396
103.130,6395
103.130,6394
103.130,6393
103.130,6392
103.130,6391
103.131,6390
103.131,6389
103.131,6388
103.131,6387
103.131,6386
103.131,6385
103.131,6384
103.131,6383
103.131,6382
103.132,6381
103.132,6380
103.132,6379
103.132,6378
103.132,6377
103.133,6376
103.133,6375
103.133,6374
103.133,6373
103.133,6372
103.133,6371
103.133,6370
103.133,6369
103.133,6368
103.133,6367
103.133,6366
103.134,6365
103.134,6364
103.134,6363
103.134,6362
103.134,6361
103.134,6360
103.134,6359
103.134,6358
103.134,6357
103.134,6356
103.135,6355
103.135,6354
103.135,6353
103.135,6352
103.135,6351
103.135,6350
103.135,6349
103.135,6348
103.135,6347
103.135,6346
103.136,6345
103.136,6344
103.136,6343
103.136,6342
103.136,6341
103.136,6340
103.136,6339
103.136,6338
103.136,6337
103.136,6336
103.136,6335
103.137,6334
103.137,6333
103.137,6332
103.137,6331
103.137,6330
103.137,6329
103.137,6328
103.137,6327
103.137,6326
103.137,6325
103.138,6324
103.138,6323
103.138,6322
103.138,6321
103.138,6320
103.138,6319
103.138,6318
103.138,6317
103.138,6316
103.138,6315
103.139,6314
103.139,6313
103.139,6312
103.139,6311
103.139,6310
103.139,6309
103.139,6308
103.139,6307
103.140,6306
103.140,6305
103.140,6304
103.140,6303
103.140,6302
103.140,6301
103.140,6300
103.140,6299
103.140,6298
103.140,6297
103.141,6296
103.141,6295
103.141,6294
103.141,6293
103.141,6292
103.141,6291
103.141,6290
103.141,6289
103.141,6288
103.141,6287
103.142,6286
103.142,6285
103.142,6284
103.143,6283
103.143,6282
103.143,6281
103.143,6280
103.143,6279
103.144,6278
103.144,6277
103.144,6276
103.145,6275
103.145,6274
103.145,6273
103.145,6272
103.145,6271
103.145,6270
103.145,6269
103.146,6268
103.146,6267
103.146,6266
103.146,6265
103.146,6264
103.147,6263
103.147,6262
103.147,6261
103.147,6260
103.147,6259
103.148,6258
103.148,6257
103.148,6256
103.148,6255
103.148,6254
103.148,6253
103.149,6252
103.149,6251
103.149,6250
103.149,6249
103.149,6248
103.149,6247
103.150,6246
103.150,6245
103.150,6244
103.150,6243
103.150,6242
103.150,6241
103.151,6240
103.151,6239
103.151,6238
103.151,6237
103.151,6236
103.151,6235
103.152,6234
103.152,6233
103.152,6232
103.152,6231
103.152,6230
103.152,6229
103.153,6228
103.153,6227
103.154,6226
103.154,6225
103.154,6224
103.154,6223
103.154,6222
103.154,6221
103.155,6220
103.155,6219
103.155,6218
103.155,6217
103.155,6216
103.155,6215
103.156,6214
103.156,6213
103.156,6212
103.156,6211
103.156,6210
103.157,6209
103.157,6208
103.157,6207
103.157,6206
103.157,6205
103.157,6204
103.157,6203
103.158,6202
103.158,6201
103.158,6200
103.158,6199
103.158,6198
103.159,6197
103.159,6196
103.159,6195
103.159,6194
103.159,6193
103.159,6192
103.159,6191
103.160,6190
103.160,6189
103.160,6188
103.160,6187
103.160,6186
103.160,6185
103.160,6184
103.161,6183
103.161,6182
103.161,6181
103.161,6180
103.162,6179
103.162,6178
103.162,6177
103.162,6176
103.162,6175
103.162,6174
103.162,6173
103.163,6172
103.163,6171
103.163,6170
103.163,6169
103.163,6168
103.164,6167
103.164,6166
103.164,6165
103.164,6164
103.165,6163
103.165,6162
103.165,6161
103.165,6160
103.165,6159
103.165,6158
103.165,6157
103.166,6156
103.166,6155
103.166,6154
103.166,6153
103.166,6152
103.166,6151
103.166,6150
103.166,6149
103.167,6148
103.167,6147
103.167,6146
103.167,6145
103.167,6144
103.167,6143
103.167,6142
103.168,6141
103.168,6140
103.168,6139
103.168,6138
103.168,6137
103.169,6136
103.169,6135
103.169,6134
103.169,6133
103.169,6132
103.169,6131
103.170,6130
103.170,6129
103.170,6128
103.171,6127
103.171,6126
103.171,6125
103.171,6124
103.171,6123
103.171,6122
103.171,6121
103.172,6120
103.172,6119
103.172,6118
103.172,6117
103.173,6116
103.173,6115
103.173,6114
103.173,6113
103.173,6112
103.173,6111
103.173,6110
103.173,6109
103.173,6108
103.174,6107
103.174,6106
103.174,6105
103.174,6104
103.174,6103
103.174,6102
103.175,6101
103.175,6100
103.175,6099
103.175,6098
103.175,6097
103.175,6096
103.175,6095
103.176,6094
103.176,6093
103.176,6092
103.176,6091
103.176,6090
103.176,6089
103.176,6088
103.177,6087
103.177,6086
103.177,6085
103.177,6084
103.177,6083
103.177,6082
103.177,6081
103.178,6080
103.178,6079
103.178,6078
103.178,6077
103.178,6076
103.178,6075
103.178,6074
103.179,6073
103.179,6072
103.179,6071
103.179,6070
103.179,6069
103.179,6068
103.180,6067
103.180,6066
103.180,6065
103.180,6064
103.180,6063
103.180,6062
103.181,6061
103.181,6060
103.181,6059
103.181,6058
103.181,6057
103.182,6056
103.182,6055
103.182,6054
103.182,6053
103.182,6052
103.182,6051
103.183,6050
103.183,6049
103.183,6048
103.183,6047
103.183,6046
103.184,6045
103.184,6044
103.184,6043
103.184,6042
103.184,6041
103.184,6040
103.184,6039
103.184,6038
103.184,6037
103.185,6036
103.185,6035
103.185,6034
103.185,6033
103.185,6032
103.185,6031
103.186,6030
103.186,6029
103.186,6028
103.186,6027
103.186,6026
103.186,6025
103.186,6024
103.186,6023
103.187,6022
103.187,6021
103.187,6020
103.187,6019
103.187,6018
103.187,6017
103.187,6016
103.187,6015
103.188,6014
103.188,6013
103.188,6012
103.188,6011
103.188,6010
103.189,6009
103.189,6008
103.189,6007
103.189,6006
103.190,6005
103.190,6004
103.190,6003
103.190,6002
103.190,6001
103.191,6000
103.191,5999
103.191,5998
103.191,5997
103.191,5996
103.192,5995
103.192,5994
103.192,5993
103.192,5992
103.193,5991
103.193,5990
103.193,5989
103.193,5988
103.194,5987
103.194,5986
103.194,5985
103.194,5984
103.195,5983
103.195,5982
103.196,5981
103.196,5980
103.196,5979
103.196,5978
103.197,5977
103.197,5976
103.197,5975
103.197,5974
103.197,5973
103.197,5972
103.198,5971
103.198,5970
103.198,5969
103.198,5968
103.199,5967
103.199,5966
103.199,5965
103.199,5964
103.200,5963
103.200,5962
103.201,5961
103.201,5960
103.201,5959
103.201,5958
103.201,5957
103.201,5956
103.202,5955
103.202,5954
103.202,5953
103.202,5952
103.203,5951
103.203,5950
103.203,5949
103.203,5948
103.203,5947
103.203,5946
103.204,5945
103.204,5944
103.204,5943
103.204,5942
103.205,5941
103.205,5940
103.205,5939
103.205,5938
103.206,5937
103.206,5936
103.206,5935
103.206,5934
103.206,5933
103.207,5932
103.207,5931
103.207,5930
103.207,5929
103.208,5928
103.208,5927
103.208,5926
103.209,5925
103.209,5924
103.209,5923
103.209,5922
103.209,5921
103.209,5920
103.210,5919
103.210,5918
103.210,5917
103.210,5916
103.211,5915
103.211,5914
103.211,5913
103.212,5912
103.212,5911
103.212,5910
103.212,5909
103.213,5908
103.213,5907
103.213,5906
103.213,5905
103.214,5904
103.214,5903
103.214,5902
103.214,5901
103.215,5900
103.215,5899
103.215,5898
103.216,5897
103.216,5896
103.216,5895
103.217,5894
103.217,5893
103.217,5892
103.217,5891
103.218,5890
103.218,5889
103.218,5888
103.218,5887
103.219,5886
103.219,5885
103.219,5884
103.219,5883
103.220,5882
103.220,5881
103.220,5880
103.220,5879
103.220,5878
103.220,5877
103.221,5876
103.221,5875
103.221,5874
103.222,5873
103.222,5872
103.222,5871
103.222,5870
103.223,5869
103.223,5868
103.223,5867
103.223,5866
103.223,5865
103.224,5864
103.225,5863
103.225,5862
103.225,5861
103.226,5860
103.226,5859
103.226,5858
103.226,5857
103.226,5856
103.227,5855
103.227,5854
103.228,5853
103.228,5852
103.228,5851
103.228,5850
103.229,5849
103.229,5848
103.229,5847
103.229,5846
103.230,5845
103.230,5844
103.230,5843
103.230,5842
103.230,5841
103.231,5840
103.231,5839
103.231,5838
103.231,5837
103.232,5836
103.232,5835
103.232,5834
103.232,5833
103.232,5832
103.232,5831
103.232,5830
103.233,5829
103.233,5828
103.233,5827
103.233,5826
103.234,5825
103.234,5824
103.234,5823
103.234,5822
103.234,5821
103.234,5820
103.235,5819
103.235,5818
103.235,5817
103.235,5816
103.235,5815
103.235,5814
103.236,5813
103.236,5812
103.236,5811
103.236,5810
103.236,5809
103.236,5808
103.237,5807
103.237,5806
103.237,5805
103.237,5804
103.238,5803
103.238,5802
103.238,5801
103.238,5800
103.239,5799
103.239,5798
103.239,5797
103.239,5796
103.239,5795
103.240,5794
103.240,5793
103.240,5792
103.240,5791
103.240,5790
103.241,5789
103.241,5788
103.241,5787
103.241,5786
103.242,5785
103.242,5784
103.242,5783
103.242,5782
103.242,5781
103.242,5780
103.243,5779
103.243,5778
103.243,5777
103.243,5776
103.243,5775
103.244,5774
103.244,5773
103.244,5772
103.244,5771
103.245,5770
103.245,5769
103.245,5768
103.245,5767
103.245,5766
103.246,5765
103.246,5764
103.246,5763
103.246,5762
103.246,5761
103.247,5760
103.247,5759
103.247,5758
103.247,5757
103.247,5756
103.247,5755
103.248,5754
103.248,5753
103.248,5752
103.249,5751
103.249,5750
103.249,5749
103.249,5748
103.249,5747
103.250,5746
103.250,5745
103.250,5744
103.250,5743
103.250,5742
103.251,5741
103.251,5740
103.252,5739
103.252,5738
103.252,5737
103.253,5736
103.253,5735
103.254,5734
103.254,5733
103.255,5732
103.255,5731
103.255,5730
103.256,5729
103.256,5728
103.256,5727
103.257,5726
103.257,5725
103.257,5724
103.257,5723
103.258,5722
103.258,5721
103.259,5720
103.259,5719
103.259,5718
103.259,5717
103.260,5716
103.260,5715
103.260,5714
103.261,5713
103.261,5712
103.262,5711
103.262,5710
103.263,5709
103.263,5708
103.264,5707
103.264,5706
103.265,5705
103.265,5704
103.266,5703
103.266,5702
103.266,5701
103.266,5700
103.267,5699
103.267,5698
103.268,5697
103.268,5696
103.268,5695
103.270,5694
103.270,5693
103.270,5692
103.270,5691
103.270,5690
103.271,5689
103.271,5688
103.271,5687
103.271,5686
103.272,5685
103.273,5684
103.273,5683
103.274,5682
103.274,5681
103.274,5680
103.275,5679
103.275,5678
103.276,5677
103.276,5676
103.276,5675
103.276,5674
103.276,5673
103.277,5672
103.277,5671
103.277,5670
103.277,5669
103.277,5668
103.278,5667
103.279,5666
103.279,5665
103.279,5664
103.280,5663
103.280,5662
103.280,5661
103.280,5660
103.281,5659
103.281,5658
103.281,5657
103.281,5656
103.282,5655
103.282,5654
103.282,5653
103.283,5652
103.283,5651
103.283,5650
103.284,5649
103.284,5648
103.284,5647
103.285,5646
103.286,5645
103.286,5644
103.287,5643
103.288,5642
103.288,5641
103.288,5640
103.289,5639
103.289,5638
103.290,5637
103.290,5636
103.290,5635
103.290,5634
103.291,5633
103.291,5632
103.291,5631
103.292,5630
103.292,5629
103.293,5628
103.293,5627
103.293,5626
103.293,5625
103.293,5624
103.293,5623
103.294,5622
103.294,5621
103.294,5620
103.294,5619
103.294,5618
103.295,5617
103.295,5616
103.295,5615
103.295,5614
103.296,5613
103.296,5612
103.297,5611
103.297,5610
103.297,5609
103.298,5608
103.298,5607
103.299,5606
103.299,5605
103.300,5604
103.300,5603
103.300,5602
103.300,5601
103.301,5600
103.301,5599
103.302,5598
103.302,5597
103.302,5596
103.303,5595
103.303,5594
103.303,5593
103.303,5592
103.303,5591
103.304,5590
103.304,5589
103.304,5588
103.304,5587
103.305,5586
103.305,5585
103.306,5584
103.306,5583
103.306,5582
103.307,5581
103.307,5580
103.307,5579
103.307,5578
103.308,5577
103.308,5576
103.308,5575
103.309,5574
103.309,5573
103.309,5572
103.310,5571
103.310,5570
103.310,5569
103.310,5568
103.311,5567
103.312,5566
103.312,5565
103.312,5564
103.312,5563
103.312,5562
103.313,5561
103.313,5560
103.313,5559
103.313,5558
103.314,5557
103.314,5556
103.314,5555
103.315,5554
103.315,5553
103.315,5552
103.315,5551
103.316,5550
103.316,5549
103.316,5548
103.316,5547
103.317,5546
103.317,5545
103.317,5544
103.318,5543
103.318,5542
103.318,5541
103.318,5540
103.319,5539
103.319,5538
103.319,5537
103.319,5536
103.320,5535
103.320,5534
103.321,5533
103.321,5532
103.321,5531
103.322,5530
103.322,5529
103.322,5528
103.323,5527
103.323,5526
103.323,5525
103.324,5524
103.324,5523
103.325,5522
103.325,5521
103.325,5520
103.325,5519
103.326,5518
103.326,5517
103.327,5516
103.327,5515
103.327,5514
103.329,5513
103.329,5512
103.330,5511
103.332,5510
103.333,5509
103.333,5508
103.334,5507
103.334,5506
103.334,5505
103.334,5504
103.335,5503
103.335,5502
103.335,5501
103.335,5500
103.335,5499
103.336,5498
103.336,5497
103.337,5496
103.338,5495
103.339,5494
103.339,5493
103.339,5492
103.339,5491
103.339,5490
103.340,5489
103.340,5488
103.341,5487
103.341,5486
103.342,5485
103.343,5484
103.343,5483
103.344,5482
103.345,5481
103.346,5480
103.346,5479
103.346,5478
103.347,5477
103.347,5476
103.347,5475
103.348,5474
103.349,5473
103.349,5472
103.350,5471
103.350,5470
103.351,5469
103.351,5468
103.351,5467
103.352,5466
103.353,5465
103.353,5464
103.354,5463
103.354,5462
103.354,5461
103.354,5460
103.355,5459
103.355,5458
103.355,5457
103.356,5456
103.356,5455
103.357,5454
103.357,5453
103.357,5452
103.359,5451
103.359,5450
103.360,5449
103.360,5448
103.360,5447
103.361,5446
103.361,5445
103.361,5444
103.361,5443
103.361,5442
103.362,5441
103.362,5440
103.363,5439
103.363,5438
103.363,5437
103.364,5436
103.364,5435
103.365,5434
103.366,5433
103.366,5432
103.366,5431
103.367,5430
103.367,5429
103.368,5428
103.368,5427
103.368,5426
103.369,5425
103.371,5424
103.371,5423
103.371,5422
103.372,5421
103.372,5420
103.374,5419
103.374,5418
103.374,5417
103.374,5416
103.375,5415
103.376,5414
103.377,5413
103.377,5412
103.378,5411
103.378,5410
103.378,5409
103.378,5408
103.380,5407
103.380,5406
103.381,5405
103.381,5404
103.382,5403
103.382,5402
103.383,5401
103.383,5400
103.384,5399
103.384,5398
103.385,5397
103.385,5396
103.385,5395
103.386,5394
103.386,5393
103.387,5392
103.387,5391
103.387,5390
103.387,5389
103.388,5388
103.389,5387
103.389,5386
103.389,5385
103.390,5384
103.391,5383
103.391,5382
103.391,5381
103.392,5380
103.392,5379
103.392,5378
103.392,5377
103.393,5376
103.393,5375
103.393,5374
103.394,5373
103.395,5372
103.395,5371
103.395,5370
103.395,5369
103.396,5368
103.396,5367
103.397,5366
103.397,5365
103.398,5364
103.398,5363
103.398,5362
103.400,5361
103.400,5360
103.401,5359
103.403,5358
103.403,5357
103.405,5356
103.405,5355
103.406,5354
103.406,5353
103.406,5352
103.408,5351
103.408,5350
103.409,5349
103.410,5348
103.410,5347
103.410,5346
103.411,5345
103.411,5344
103.411,5343
103.412,5342
103.413,5341
103.413,5340
103.415,5339
103.416,5338
103.418,5337
103.419,5336
103.419,5335
103.420,5334
103.420,5333
103.420,5332
103.421,5331
103.422,5330
103.422,5329
103.422,5328
103.425,5327
103.426,5326
103.427,5325
103.427,5324
103.429,5323
103.430,5322
103.431,5321
103.432,5320
103.432,5319
103.433,5318
103.433,5317
103.435,5316
103.437,5315
103.438,5314
103.439,5313
103.440,5312
103.440,5311
103.441,5310
103.442,5309
103.442,5308
103.443,5307
103.444,5306
103.444,5305
103.445,5304
103.447,5303
103.448,5302
103.448,5301
103.449,5300
103.450,5299
103.450,5298
103.450,5297
103.451,5296
103.451,5295
103.452,5294
103.453,5293
103.453,5292
103.454,5291
103.454,5290
103.455,5289
103.455,5288
103.456,5287
103.457,5286
103.457,5285
103.458,5284
103.458,5283
103.458,5282
103.459,5281
103.459,5280
103.459,5279
103.460,5278
103.460,5277
103.461,5276
103.462,5275
103.463,5274
103.463,5273
103.464,5272
103.464,5271
103.464,5270
103.465,5269
103.465,5268
103.466,5267
103.467,5266
103.468,5265
103.468,5264
103.468,5263
103.469,5262
103.469,5261
103.470,5260
103.471,5259
103.471,5258
103.474,5257
103.474,5256
103.475,5255
103.477,5254
103.478,5253
103.478,5252
103.478,5251
103.479,5250
103.479,5249
103.479,5248
103.479,5247
103.480,5246
103.480,5245
103.480,5244
103.481,5243
103.481,5242
103.482,5241
103.482,5240
103.482,5239
103.483,5238
103.484,5237
103.485,5236
103.486,5235
103.487,5234
103.487,5233
103.489,5232
103.489,5231
103.491,5230
103.492,5229
103.492,5228
103.492,5227
103.493,5226
103.493,5225
103.495,5224
103.495,5223
103.495,5222
103.496,5221
103.496,5220
103.497,5219
103.497,5218
103.497,5217
103.498,5216
103.498,5215
103.498,5214
103.499,5213
103.500,5212
103.502,5211
103.502,5210
103.502,5209
103.503,5208
103.503,5207
103.504,5206
103.504,5205
103.504,5204
103.505,5203
103.505,5202
103.505,5201
103.506,5200
103.506,5199
103.506,5198
103.507,5197
103.507,5196
103.508,5195
103.508,5194
103.509,5193
103.510,5192
103.511,5191
103.511,5190
103.512,5189
103.512,5188
103.513,5187
103.514,5186
103.516,5185
103.519,5184
103.520,5183
103.520,5182
103.521,5181
103.521,5180
103.522,5179
103.522,5178
103.523,5177
103.524,5176
103.525,5175
103.526,5174
103.528,5173
103.529,5172
103.529,5171
103.530,5170
103.531,5169
103.531,5168
103.532,5167
103.533,5166
103.533,5165
103.534,5164
103.535,5163
103.536,5162
103.536,5161
103.536,5160
103.537,5159
103.538,5158
103.538,5157
103.539,5156
103.542,5155
103.544,5154
103.546,5153
103.546,5152
103.548,5151
103.548,5150
103.549,5149
103.551,5148
103.553,5147
103.557,5146
103.558,5145
103.559,5144
103.560,5143
103.562,5142
103.563,5141
103.563,5140
103.564,5139
103.564,5138
103.564,5137
103.565,5136
103.567,5135
103.568,5134
103.568,5133
103.569,5132
103.571,5131
103.571,5130
103.572,5129
103.573,5128
103.573,5127
103.574,5126
103.574,5125
103.576,5124
103.577,5123
103.578,5122
103.578,5121
103.579,5120
103.579,5119
103.580,5118
103.581,5117
103.581,5116
103.583,5115
103.584,5114
103.585,5113
103.585,5112
103.586,5111
103.588,5110
103.588,5109
103.589,5108
103.591,5107
103.591,5106
103.592,5105
103.593,5104
103.593,5103
103.594,5102
103.594,5101
103.596,5100
103.596,5099
103.597,5098
103.599,5097
103.599,5096
103.601,5095
103.601,5094
103.603,5093
103.603,5092
103.604,5091
103.604,5090
103.605,5089
103.608,5088
103.608,5087
103.609,5086
103.610,5085
103.610,5084
103.611,5083
103.613,5082
103.613,5081
103.614,5080
103.615,5079
103.616,5078
103.618,5077
103.618,5076
103.619,5075
103.620,5074
103.621,5073
103.622,5072
103.623,5071
103.626,5070
103.626,5069
103.626,5068
103.631,5067
103.633,5066
103.633,5065
103.636,5064
103.636,5063
103.637,5062
103.638,5061
103.641,5060
103.642,5059
103.643,5058
103.643,5057
103.644,5056
103.644,5055
103.647,5054
103.649,5053
103.650,5052
103.653,5051
103.656,5050
103.657,5049
103.657,5048
103.658,5047
103.660,5046
103.660,5045
103.662,5044
103.663,5043
103.663,5042
103.664,5041
103.668,5040
103.670,5039
103.671,5038
103.672,5037
103.673,5036
103.676,5035
103.676,5034
103.677,5033
103.677,5032
103.678,5031
103.681,5030
103.682,5029
103.685,5028
103.687,5027
103.688,5026
103.689,5025
103.689,5024
103.692,5023
103.692,5022
103.693,5021
103.695,5020
103.696,5019
103.697,5018
103.698,5017
103.698,5016
103.699,5015
103.700,5014
103.701,5013
103.702,5012
103.704,5011
103.704,5010
103.705,5009
103.707,5008
103.708,5007
103.709,5006
103.710,5005
103.710,5004
103.711,5003
103.712,5002
103.713,5001
103.714,5000
103.714,4999
103.715,4998
103.715,4997
103.717,4996
103.717,4995
103.720,4994
103.721,4993
103.722,4992
103.725,4991
103.729,4990
103.730,4989
103.730,4988
103.731,4987
103.732,4986
103.732,4985
103.733,4984
103.737,4983
103.738,4982
103.738,4981
103.743,4980
103.744,4979
103.746,4978
103.749,4977
103.749,4976
103.751,4975
103.752,4974
103.754,4973
103.754,4972
103.756,4971
103.756,4970
103.758,4969
103.758,4968
103.760,4967
103.764,4966
103.764,4965
103.765,4964
103.766,4963
103.768,4962
103.774,4961
103.774,4960
103.776,4959
103.779,4958
103.783,4957
103.784,4956
103.785,4955
103.786,4954
103.788,4953
103.789,4952
103.791,4951
103.792,4950
103.793,4949
103.794,4948
103.797,4947
103.805,4946
103.807,4945
103.808,4944
103.812,4943
103.812,4942
103.815,4941
103.816,4940
103.817,4939
103.823,4938
103.826,4937
103.829,4936
103.829,4935
103.829,4934
103.830,4933
103.832,4932
103.833,4931
103.833,4930
103.834,4929
103.839,4928
103.839,4927
103.840,4926
103.841,4925
103.842,4924
103.847,4923
103.848,4922
103.848,4921
103.849,4920
103.850,4919
103.851,4918
103.851,4917
103.855,4916
103.858,4915
103.859,4914
103.859,4913
103.860,4912
103.861,4911
103.866,4910
103.867,4909
103.871,4908
103.875,4907
103.877,4906
103.880,4905
103.881,4904
103.884,4903
103.887,4902
103.888,4901
103.891,4900
103.897,4899
103.900,4898
103.900,4897
103.900,4896
103.903,4895
103.905,4894
103.909,4893
103.910,4892
103.911,4891
103.912,4890
103.915,4889
103.919,4888
103.919,4887
103.920,4886
103.922,4885
103.926,4884
103.927,4883
103.932,4882
103.934,4881
103.935,4880
103.937,4879
103.938,4878
103.940,4877
103.941,4876
103.945,4875
103.945,4874
103.946,4873
103.956,4872
103.958,4871
103.959,4870
103.961,4869
103.962,4868
103.963,4867
103.967,4866
103.969,4865
103.969,4864
103.970,4863
103.973,4862
103.975,4861
103.975,4860
103.980,4859
103.988,4858
103.989,4857
103.991,4856
103.992,4855
103.994,4854
103.995,4853
103.996,4852
103.999,4851
104.001,4850
104.006,4849
104.011,4848
104.013,4847
104.014,4846
104.015,4845
104.016,4844
104.017,4843
104.019,4842
104.021,4841
104.022,4840
104.023,4839
104.026,4838
104.027,4837
104.029,4836
104.031,4835
104.033,4834
104.038,4833
104.039,4832
104.040,4831
104.040,4830
104.049,4829
104.050,4828
104.052,4827
104.055,4826
104.059,4825
104.060,4824
104.061,4823
104.063,4822
104.067,4821
104.070,4820
104.078,4819
104.084,4818
104.087,4817
104.087,4816
104.089,4815
104.093,4814
104.095,4813
104.099,4812
104.102,4811
104.106,4810
104.108,4809
104.111,4808
104.122,4807
104.124,4806
104.128,4805
104.129,4804
104.134,4803
104.137,4802
104.139,4801
104.141,4800
104.152,4799
104.161,4798
104.162,4797
104.165,4796
104.165,4795
104.166,4794
104.171,4793
104.172,4792
104.181,4791
104.181,4790
104.183,4789
104.183,4788
104.187,4787
104.191,4786
104.197,4785
104.200,4784
104.200,4783
104.202,4782
104.207,4781
104.211,4780
104.214,4779
104.214,4778
104.216,4777
104.223,4776
104.223,4775
104.226,4774
104.229,4773
104.230,4772
104.238,4771
104.240,4770
104.250,4769
104.255,4768
104.263,4767
104.277,4766
104.280,4765
104.295,4764
104.298,4763
104.299,4762
104.313,4761
