23.783,6606
122.950,6605
122.950,6604
122.950,6603
122.950,6602
122.950,6601
122.950,6600
122.950,6599
122.950,6598
122.950,6597
122.950,6596
122.950,6595
122.950,6594
122.950,6593
122.950,6592
122.950,6591
122.951,6590
122.951,6589
122.951,6588
122.951,6587
122.951,6586
122.951,6585
122.951,6584
122.951,6583
122.951,6582
122.951,6581
122.951,6580
122.951,6579
122.951,6578
122.952,6577
122.952,6576
122.952,6575
122.952,6574
122.952,6573
122.952,6572
122.952,6571
122.952,6570
122.952,6569
122.952,6568
122.952,6567
122.952,6566
122.953,6565
122.953,6564
122.953,6563
122.953,6562
122.953,6561
122.953,6560
122.953,6559
122.953,6558
122.953,6557
122.953,6556
122.953,6555
122.953,6554
122.953,6553
122.954,6552
122.954,6551
122.954,6550
122.954,6549
122.954,6548
122.954,6547
122.954,6546
122.954,6545
122.954,6544
122.954,6543
122.954,6542
122.954,6541
122.954,6540
122.955,6539
122.955,6538
122.955,6537
122.955,6536
122.955,6535
122.955,6534
122.955,6533
122.955,6532
122.955,6531
122.955,6530
122.955,6529
122.955,6528
122.955,6527
122.955,6526
122.955,6525
122.956,6524
122.956,6523
122.956,6522
122.956,6521
122.956,6520
122.956,6519
122.956,6518
122.956,6517
122.956,6516
122.956,6515
122.956,6514
122.956,6513
122.956,6512
122.956,6511
122.957,6510
122.957,6509
122.957,6508
122.957,6507
122.957,6506
122.957,6505
122.957,6504
122.957,6503
122.957,6502
122.957,6501
122.957,6500
122.957,6499
122.957,6498
122.957,6497
122.958,6496
122.958,6495
122.958,6494
122.958,6493
122.958,6492
122.958,6491
122.958,6490
122.958,6489
122.958,6488
122.958,6487
122.958,6486
122.958,6485
122.958,6484
122.958,6483
122.959,6482
122.959,6481
122.959,6480
122.959,6479
122.959,6478
122.959,6477
122.959,6476
122.959,6475
122.959,6474
122.959,6473
122.959,6472
122.959,6471
122.959,6470
122.959,6469
122.959,6468
122.959,6467
122.959,6466
122.960,6465
122.960,6464
122.960,6463
122.960,6462
122.960,6461
122.960,6460
122.960,6459
122.960,6458
122.960,6457
122.960,6456
122.960,6455
122.960,6454
122.960,6453
122.960,6452
122.961,6451
122.961,6450
122.961,6449
122.961,6448
122.961,6447
122.961,6446
122.961,6445
122.961,6444
122.961,6443
122.961,6442
122.961,6441
122.961,6440
122.961,6439
122.961,6438
122.961,6437
122.962,6436
122.962,6435
122.962,6434
122.962,6433
122.962,6432
122.963,6431
122.963,6430
122.963,6429
122.963,6428
122.963,6427
122.963,6426
122.963,6425
122.963,6424
122.964,6423
122.964,6422
122.964,6421
122.964,6420
122.964,6419
122.964,6418
122.964,6417
122.964,6416
122.965,6415
122.965,6414
122.965,6413
122.965,6412
122.965,6411
122.965,6410
122.965,6409
122.965,6408
122.966,6407
122.966,6406
122.966,6405
122.966,6404
122.966,6403
122.966,6402
122.967,6401
122.967,6400
122.967,6399
122.967,6398
122.967,6397
122.967,6396
122.967,6395
122.967,6394
122.968,6393
122.968,6392
122.968,6391
122.968,6390
122.968,6389
122.968,6388
122.968,6387
122.968,6386
122.968,6385
122.969,6384
122.969,6383
122.969,6382
122.969,6381
122.969,6380
122.969,6379
122.969,6378
122.969,6377
122.969,6376
122.970,6375
122.970,6374
122.970,6373
122.970,6372
122.970,6371
122.970,6370
122.970,6369
122.970,6368
122.971,6367
122.971,6366
122.971,6365
122.971,6364
122.971,6363
122.971,6362
122.971,6361
122.971,6360
122.972,6359
122.972,6358
122.972,6357
122.972,6356
122.972,6355
122.972,6354
122.972,6353
122.972,6352
122.973,6351
122.973,6350
122.973,6349
122.973,6348
122.973,6347
122.973,6346
122.973,6345
122.973,6344
122.973,6343
122.973,6342
122.973,6341
122.974,6340
122.974,6339
122.974,6338
122.974,6337
122.974,6336
122.974,6335
122.974,6334
122.974,6333
122.974,6332
122.975,6331
122.975,6330
122.975,6329
122.975,6328
122.975,6327
122.975,6326
122.976,6325
122.976,6324
122.976,6323
122.976,6322
122.976,6321
122.976,6320
122.976,6319
122.976,6318
122.977,6317
122.977,6316
122.977,6315
122.977,6314
122.977,6313
122.977,6312
122.977,6311
122.977,6310
122.978,6309
122.978,6308
122.978,6307
122.978,6306
122.978,6305
122.978,6304
122.978,6303
122.978,6302
122.979,6301
122.979,6300
122.979,6299
122.979,6298
122.979,6297
122.979,6296
122.979,6295
122.979,6294
122.980,6293
122.980,6292
122.980,6291
122.980,6290
122.980,6289
122.980,6288
122.980,6287
122.980,6286
122.980,6285
122.981,6284
122.981,6283
122.981,6282
122.981,6281
122.981,6280
122.981,6279
122.981,6278
122.981,6277
122.981,6276
122.981,6275
122.982,6274
122.982,6273
122.982,6272
122.982,6271
122.982,6270
122.982,6269
122.982,6268
122.982,6267
122.982,6266
122.982,6265
122.982,6264
122.983,6263
122.983,6262
122.983,6261
122.983,6260
122.983,6259
122.983,6258
122.983,6257
122.983,6256
122.983,6255
122.983,6254
122.984,6253
122.984,6252
122.984,6251
122.984,6250
122.984,6249
122.984,6248
122.984,6247
122.984,6246
122.985,6245
122.985,6244
122.985,6243
122.985,6242
122.985,6241
122.985,6240
122.985,6239
122.985,6238
122.985,6237
122.985,6236
122.985,6235
122.986,6234
122.986,6233
122.986,6232
122.986,6231
122.987,6230
122.987,6229
122.987,6228
122.987,6227
122.987,6226
122.987,6225
122.988,6224
122.988,6223
122.988,6222
122.988,6221
122.989,6220
122.989,6219
122.989,6218
122.989,6217
122.989,6216
122.990,6215
122.990,6214
122.990,6213
122.990,6212
122.991,6211
122.991,6210
122.991,6209
122.991,6208
122.991,6207
122.992,6206
122.992,6205
122.992,6204
122.992,6203
122.992,6202
122.992,6201
122.993,6200
122.993,6199
122.993,6198
122.993,6197
122.993,6196
122.993,6195
122.994,6194
122.994,6193
122.994,6192
122.994,6191
122.994,6190
122.995,6189
122.995,6188
122.995,6187
122.995,6186
122.996,6185
122.996,6184
122.996,6183
122.996,6182
122.996,6181
122.996,6180
122.997,6179
122.997,6178
122.997,6177
122.997,6176
122.997,6175
122.997,6174
122.998,6173
122.998,6172
122.998,6171
122.998,6170
122.998,6169
122.998,6168
122.998,6167
122.999,6166
122.999,6165
122.999,6164
122.999,6163
122.999,6162
122.999,6161
122.999,6160
123.000,6159
123.000,6158
123.000,6157
123.000,6156
123.000,6155
123.000,6154
123.001,6153
123.001,6152
123.001,6151
123.002,6150
123.002,6149
123.002,6148
123.002,6147
123.002,6146
123.003,6145
123.003,6144
123.003,6143
123.003,6142
123.003,6141
123.003,6140
123.004,6139
123.004,6138
123.004,6137
123.004,6136
123.004,6135
123.004,6134
123.005,6133
123.005,6132
123.005,6131
123.005,6130
123.005,6129
123.006,6128
123.006,6127
123.006,6126
123.006,6125
123.007,6124
123.007,6123
123.007,6122
123.007,6121
123.007,6120
123.007,6119
123.008,6118
123.008,6117
123.008,6116
123.008,6115
123.008,6114
123.008,6113
123.008,6112
123.009,6111
123.009,6110
123.009,6109
123.009,6108
123.009,6107
123.010,6106
123.010,6105
123.010,6104
123.010,6103
123.010,6102
123.011,6101
123.011,6100
123.011,6099
123.011,6098
123.011,6097
123.011,6096
123.011,6095
123.012,6094
123.012,6093
123.012,6092
123.012,6091
123.012,6090
123.012,6089
123.013,6088
123.013,6087
123.013,6086
123.013,6085
123.013,6084
123.013,6083
123.013,6082
123.014,6081
123.014,6080
123.014,6079
123.014,6078
123.014,6077
123.014,6076
123.014,6075
123.015,6074
123.015,6073
123.015,6072
123.015,6071
123.015,6070
123.015,6069
123.016,6068
123.016,6067
123.016,6066
123.016,6065
123.016,6064
123.016,6063
123.017,6062
123.017,6061
123.017,6060
123.017,6059
123.017,6058
123.017,6057
123.018,6056
123.018,6055
123.018,6054
123.018,6053
123.018,6052
123.018,6051
123.018,6050
123.019,6049
123.019,6048
123.019,6047
123.019,6046
123.019,6045
123.020,6044
123.020,6043
123.020,6042
123.020,6041
123.020,6040
123.020,6039
123.021,6038
123.021,6037
123.021,6036
123.021,6035
123.021,6034
123.021,6033
123.021,6032
123.021,6031
123.021,6030
123.022,6029
123.022,6028
123.022,6027
123.022,6026
123.022,6025
123.022,6024
123.023,6023
123.023,6022
123.023,6021
123.023,6020
123.023,6019
123.024,6018
123.024,6017
123.024,6016
123.024,6015
123.024,6014
123.024,6013
123.024,6012
123.024,6011
123.025,6010
123.025,6009
123.025,6008
123.025,6007
123.025,6006
123.025,6005
123.026,6004
123.026,6003
123.026,6002
123.026,6001
123.026,6000
123.026,5999
123.027,5998
123.027,5997
123.027,5996
123.027,5995
123.027,5994
123.028,5993
123.028,5992
123.028,5991
123.028,5990
123.028,5989
123.028,5988
123.029,5987
123.029,5986
123.029,5985
123.029,5984
123.029,5983
123.029,5982
123.029,5981
123.029,5980
123.030,5979
123.030,5978
123.030,5977
123.030,5976
123.030,5975
123.030,5974
123.031,5973
123.031,5972
123.031,5971
123.031,5970
123.031,5969
123.031,5968
123.031,5967
123.031,5966
123.032,5965
123.032,5964
123.032,5963
123.032,5962
123.032,5961
123.032,5960
123.033,5959
123.033,5958
123.033,5957
123.033,5956
123.033,5955
123.034,5954
123.034,5953
123.034,5952
123.035,5951
123.035,5950
123.035,5949
123.035,5948
123.035,5947
123.035,5946
123.036,5945
123.036,5944
123.036,5943
123.036,5942
123.037,5941
123.037,5940
123.037,5939
123.037,5938
123.037,5937
123.037,5936
123.038,5935
123.038,5934
123.039,5933
123.039,5932
123.039,5931
123.039,5930
123.040,5929
123.040,5928
123.040,5927
123.040,5926
123.041,5925
123.041,5924
123.041,5923
123.042,5922
123.042,5921
123.042,5920
123.042,5919
123.042,5918
123.042,5917
123.043,5916
123.043,5915
123.043,5914
123.043,5913
123.044,5912
123.044,5911
123.044,5910
123.044,5909
123.044,5908
123.045,5907
123.045,5906
123.046,5905
123.046,5904
123.047,5903
123.047,5902
123.047,5901
123.048,5900
123.048,5899
123.048,5898
123.048,5897
123.049,5896
123.049,5895
123.049,5894
123.049,5893
123.050,5892
123.050,5891
123.050,5890
123.050,5889
123.050,5888
123.051,5887
123.051,5886
123.051,5885
123.052,5884
123.052,5883
123.052,5882
123.052,5881
123.053,5880
123.053,5879
123.053,5878
123.053,5877
123.053,5876
123.053,5875
123.054,5874
123.054,5873
123.054,5872
123.054,5871
123.054,5870
123.055,5869
123.055,5868
123.055,5867
123.055,5866
123.056,5865
123.056,5864
123.056,5863
123.056,5862
123.057,5861
123.057,5860
123.057,5859
123.058,5858
123.058,5857
123.058,5856
123.058,5855
123.059,5854
123.060,5853
123.060,5852
123.060,5851
123.060,5850
123.061,5849
123.061,5848
123.061,5847
123.061,5846
123.062,5845
123.062,5844
123.062,5843
123.062,5842
123.062,5841
123.062,5840
123.063,5839
123.063,5838
123.064,5837
123.064,5836
123.064,5835
123.065,5834
123.065,5833
123.065,5832
123.066,5831
123.066,5830
123.066,5829
123.066,5828
123.067,5827
123.067,5826
123.067,5825
123.067,5824
123.068,5823
123.068,5822
123.068,5821
123.068,5820
123.068,5819
123.069,5818
123.069,5817
123.069,5816
123.070,5815
123.070,5814
123.070,5813
123.070,5812
123.070,5811
123.071,5810
123.071,5809
123.071,5808
123.071,5807
123.072,5806
123.072,5805
123.072,5804
123.073,5803
123.073,5802
123.073,5801
123.073,5800
123.073,5799
123.073,5798
123.074,5797
123.074,5796
123.074,5795
123.074,5794
123.074,5793
123.075,5792
123.075,5791
123.075,5790
123.075,5789
123.075,5788
123.075,5787
123.075,5786
123.076,5785
123.076,5784
123.076,5783
123.076,5782
123.077,5781
123.077,5780
123.077,5779
123.077,5778
123.077,5777
123.078,5776
123.078,5775
123.078,5774
123.079,5773
123.079,5772
123.079,5771
123.079,5770
123.079,5769
123.079,5768
123.080,5767
123.080,5766
123.080,5765
123.080,5764
123.080,5763
123.081,5762
123.081,5761
123.081,5760
123.081,5759
123.081,5758
123.082,5757
123.082,5756
123.082,5755
123.082,5754
123.083,5753
123.083,5752
123.083,5751
123.083,5750
123.083,5749
123.084,5748
123.084,5747
123.084,5746
123.084,5745
123.084,5744
123.085,5743
123.085,5742
123.085,5741
123.085,5740
123.085,5739
123.086,5738
123.086,5737
123.086,5736
123.086,5735
123.086,5734
123.087,5733
123.087,5732
123.087,5731
123.087,5730
123.087,5729
123.087,5728
123.088,5727
123.088,5726
123.088,5725
123.088,5724
123.089,5723
123.089,5722
123.089,5721
123.089,5720
123.089,5719
123.090,5718
123.090,5717
123.090,5716
123.090,5715
123.091,5714
123.091,5713
123.092,5712
123.092,5711
123.093,5710
123.094,5709
123.095,5708
123.095,5707
123.096,5706
123.096,5705
123.096,5704
123.097,5703
123.097,5702
123.097,5701
123.098,5700
123.098,5699
123.098,5698
123.098,5697
123.099,5696
123.099,5695
123.099,5694
123.099,5693
123.100,5692
123.100,5691
123.100,5690
123.100,5689
123.101,5688
123.101,5687
123.101,5686
123.102,5685
123.102,5684
123.102,5683
123.103,5682
123.104,5681
123.104,5680
123.105,5679
123.105,5678
123.106,5677
123.106,5676
123.106,5675
123.107,5674
123.107,5673
123.107,5672
123.108,5671
123.108,5670
123.108,5669
123.108,5668
123.109,5667
123.110,5666
123.110,5665
123.110,5664
123.111,5663
123.111,5662
123.112,5661
123.112,5660
123.113,5659
123.114,5658
123.114,5657
123.115,5656
123.115,5655
123.115,5654
123.115,5653
123.116,5652
123.116,5651
123.117,5650
123.117,5649
123.119,5648
123.119,5647
123.119,5646
123.120,5645
123.120,5644
123.120,5643
123.121,5642
123.121,5641
123.121,5640
123.122,5639
123.122,5638
123.122,5637
123.123,5636
123.123,5635
123.123,5634
123.124,5633
123.125,5632
123.125,5631
123.126,5630
123.126,5629
123.126,5628
123.127,5627
123.127,5626
123.127,5625
123.128,5624
123.128,5623
123.129,5622
123.129,5621
123.129,5620
123.130,5619
123.130,5618
123.131,5617
123.131,5616
123.131,5615
123.131,5614
123.132,5613
123.132,5612
123.133,5611
123.133,5610
123.133,5609
123.133,5608
123.133,5607
123.134,5606
123.134,5605
123.135,5604
123.135,5603
123.135,5602
123.136,5601
123.136,5600
123.136,5599
123.137,5598
123.137,5597
123.137,5596
123.138,5595
123.139,5594
123.139,5593
123.139,5592
123.140,5591
123.140,5590
123.140,5589
123.140,5588
123.141,5587
123.141,5586
123.141,5585
123.141,5584
123.141,5583
123.142,5582
123.142,5581
123.142,5580
123.142,5579
123.143,5578
123.143,5577
123.144,5576
123.144,5575
123.144,5574
123.145,5573
123.145,5572
123.145,5571
123.145,5570
123.145,5569
123.145,5568
123.146,5567
123.146,5566
123.146,5565
123.147,5564
123.147,5563
123.147,5562
123.148,5561
123.148,5560
123.148,5559
123.149,5558
123.150,5557
123.150,5556
123.151,5555
123.151,5554
123.151,5553
123.151,5552
123.152,5551
123.152,5550
123.152,5549
123.152,5548
123.152,5547
123.153,5546
123.154,5545
123.154,5544
123.154,5543
123.155,5542
123.155,5541
123.155,5540
123.155,5539
123.156,5538
123.156,5537
123.156,5536
123.156,5535
123.156,5534
123.157,5533
123.158,5532
123.158,5531
123.158,5530
123.158,5529
123.158,5528
123.158,5527
123.159,5526
123.159,5525
123.159,5524
123.160,5523
123.160,5522
123.160,5521
123.160,5520
123.161,5519
123.161,5518
123.161,5517
123.161,5516
123.161,5515
123.161,5514
123.162,5513
123.162,5512
123.163,5511
123.163,5510
123.163,5509
123.164,5508
123.164,5507
123.165,5506
123.165,5505
123.166,5504
123.166,5503
123.166,5502
123.167,5501
123.167,5500
123.168,5499
123.168,5498
123.168,5497
123.169,5496
123.169,5495
123.169,5494
123.172,5493
123.172,5492
123.173,5491
123.173,5490
123.173,5489
123.174,5488
123.174,5487
123.175,5486
123.175,5485
123.175,5484
123.176,5483
123.176,5482
123.177,5481
123.177,5480
123.177,5479
123.178,5478
123.178,5477
123.178,5476
123.179,5475
123.179,5474
123.179,5473
123.180,5472
123.181,5471
123.181,5470
123.182,5469
123.182,5468
123.182,5467
123.183,5466
123.184,5465
123.186,5464
123.186,5463
123.187,5462
123.187,5461
123.188,5460
123.190,5459
123.190,5458
123.190,5457
123.191,5456
123.191,5455
123.192,5454
123.192,5453
123.193,5452
123.193,5451
123.195,5450
123.195,5449
123.196,5448
123.197,5447
123.198,5446
123.199,5445
123.199,5444
123.199,5443
123.199,5442
123.201,5441
123.201,5440
123.203,5439
123.204,5438
123.204,5437
123.205,5436
123.206,5435
123.208,5434
123.208,5433
123.208,5432
123.208,5431
123.209,5430
123.209,5429
123.210,5428
123.210,5427
123.211,5426
123.211,5425
123.212,5424
123.212,5423
123.213,5422
123.213,5421
123.213,5420
123.214,5419
123.214,5418
123.214,5417
123.214,5416
123.215,5415
123.215,5414
123.215,5413
123.216,5412
123.216,5411
123.216,5410
123.217,5409
123.218,5408
123.219,5407
123.220,5406
123.220,5405
123.220,5404
123.221,5403
123.221,5402
123.222,5401
123.223,5400
123.223,5399
123.224,5398
123.224,5397
123.224,5396
123.224,5395
123.225,5394
123.226,5393
123.226,5392
123.226,5391
123.227,5390
123.227,5389
123.227,5388
123.228,5387
123.228,5386
123.228,5385
123.229,5384
123.229,5383
123.229,5382
123.229,5381
123.230,5380
123.230,5379
123.231,5378
123.231,5377
123.231,5376
123.232,5375
123.233,5374
123.233,5373
123.234,5372
123.234,5371
123.234,5370
123.235,5369
123.236,5368
123.236,5367
123.236,5366
123.237,5365
123.237,5364
123.237,5363
123.237,5362
123.238,5361
123.239,5360
123.239,5359
123.240,5358
123.240,5357
123.241,5356
123.241,5355
123.241,5354
123.241,5353
123.243,5352
123.243,5351
123.243,5350
123.244,5349
123.244,5348
123.245,5347
123.246,5346
123.247,5345
123.249,5344
123.249,5343
123.250,5342
123.250,5341
123.251,5340
123.251,5339
123.254,5338
123.255,5337
123.256,5336
123.256,5335
123.257,5334
123.258,5333
123.259,5332
123.259,5331
123.260,5330
123.260,5329
123.262,5328
123.262,5327
123.262,5326
123.263,5325
123.263,5324
123.263,5323
123.263,5322
123.264,5321
123.264,5320
123.265,5319
123.265,5318
123.266,5317
123.270,5316
123.270,5315
123.271,5314
123.273,5313
123.274,5312
123.275,5311
123.275,5310
123.276,5309
123.276,5308
123.277,5307
123.277,5306
123.278,5305
123.279,5304
123.280,5303
123.281,5302
123.281,5301
123.282,5300
123.284,5299
123.285,5298
123.285,5297
123.286,5296
123.286,5295
123.286,5294
123.289,5293
123.289,5292
123.290,5291
123.290,5290
123.291,5289
123.292,5288
123.296,5287
123.297,5286
123.297,5285
123.299,5284
123.299,5283
123.299,5282
123.300,5281
123.301,5280
123.302,5279
123.302,5278
123.304,5277
123.305,5276
123.305,5275
123.305,5274
123.306,5273
123.306,5272
123.307,5271
123.308,5270
123.309,5269
123.310,5268
123.311,5267
123.312,5266
123.313,5265
123.313,5264
123.313,5263
123.314,5262
123.314,5261
123.315,5260
123.316,5259
123.318,5258
123.318,5257
123.319,5256
123.319,5255
123.320,5254
123.321,5253
123.321,5252
123.321,5251
123.321,5250
123.322,5249
123.323,5248
123.323,5247
123.324,5246
123.324,5245
123.325,5244
123.325,5243
123.325,5242
123.325,5241
123.326,5240
123.327,5239
123.327,5238
123.328,5237
123.328,5236
123.328,5235
123.330,5234
123.331,5233
123.331,5232
123.332,5231
123.333,5230
123.334,5229
123.334,5228
123.334,5227
123.334,5226
123.336,5225
123.336,5224
123.336,5223
123.337,5222
123.338,5221
123.338,5220
123.339,5219
123.340,5218
123.340,5217
123.341,5216
123.341,5215
123.342,5214
123.342,5213
123.343,5212
123.344,5211
123.344,5210
123.345,5209
123.346,5208
123.346,5207
123.348,5206
123.348,5205
123.348,5204
123.349,5203
123.349,5202
123.350,5201
123.350,5200
123.351,5199
123.351,5198
123.353,5197
123.354,5196
123.356,5195
123.357,5194
123.357,5193
123.358,5192
123.359,5191
123.359,5190
123.360,5189
123.362,5188
123.362,5187
123.362,5186
123.363,5185
123.363,5184
123.363,5183
123.363,5182
123.364,5181
123.364,5180
123.366,5179
123.367,5178
123.367,5177
123.368,5176
123.369,5175
123.369,5174
123.370,5173
123.370,5172
123.371,5171
123.374,5170
123.375,5169
123.377,5168
123.377,5167
123.378,5166
123.379,5165
123.380,5164
123.381,5163
123.382,5162
123.383,5161
123.383,5160
123.384,5159
123.386,5158
123.387,5157
123.389,5156
123.391,5155
123.391,5154
123.392,5153
123.392,5152
123.393,5151
123.393,5150
123.395,5149
123.395,5148
123.396,5147
123.396,5146
123.399,5145
123.400,5144
123.401,5143
123.401,5142
123.402,5141
123.405,5140
123.405,5139
123.405,5138
123.406,5137
123.406,5136
123.407,5135
123.407,5134
123.408,5133
123.410,5132
123.411,5131
123.412,5130
123.413,5129
123.413,5128
123.414,5127
123.414,5126
123.414,5125
123.416,5124
123.418,5123
123.418,5122
123.419,5121
123.419,5120
123.422,5119
123.423,5118
123.423,5117
123.425,5116
123.426,5115
123.427,5114
123.427,5113
123.428,5112
123.428,5111
123.429,5110
123.430,5109
123.431,5108
123.434,5107
123.434,5106
123.438,5105
123.438,5104
123.439,5103
123.439,5102
123.440,5101
123.441,5100
123.442,5099
123.443,5098
123.445,5097
123.446,5096
123.447,5095
123.447,5094
123.448,5093
123.451,5092
123.451,5091
123.454,5090
123.454,5089
123.455,5088
123.455,5087
123.456,5086
123.456,5085
123.456,5084
123.457,5083
123.457,5082
123.458,5081
123.458,5080
123.459,5079
123.461,5078
123.462,5077
123.462,5076
123.463,5075
123.464,5074
123.464,5073
123.465,5072
123.467,5071
123.468,5070
123.470,5069
123.471,5068
123.472,5067
123.472,5066
123.473,5065
123.474,5064
123.474,5063
123.475,5062
123.475,5061
123.476,5060
123.476,5059
123.477,5058
123.478,5057
123.479,5056
123.479,5055
123.480,5054
123.482,5053
123.484,5052
123.485,5051
123.488,5050
123.490,5049
123.491,5048
123.492,5047
123.492,5046
123.494,5045
123.495,5044
123.496,5043
123.497,5042
123.498,5041
123.499,5040
123.504,5039
123.505,5038
123.506,5037
123.511,5036
123.514,5035
123.514,5034
123.516,5033
123.516,5032
123.518,5031
123.519,5030
123.521,5029
123.522,5028
123.523,5027
123.524,5026
123.525,5025
123.527,5024
123.527,5023
123.528,5022
123.530,5021
123.532,5020
123.532,5019
123.532,5018
123.533,5017
123.533,5016
123.534,5015
123.535,5014
123.536,5013
123.536,5012
123.541,5011
123.542,5010
123.543,5009
123.543,5008
123.545,5007
123.546,5006
123.546,5005
123.547,5004
123.548,5003
123.548,5002
123.549,5001
123.551,5000
123.553,4999
123.553,4998
123.554,4997
123.556,4996
123.561,4995
123.562,4994
123.564,4993
123.565,4992
123.566,4991
123.567,4990
123.567,4989
123.567,4988
123.569,4987
123.570,4986
123.570,4985
123.571,4984
123.572,4983
123.573,4982
123.574,4981
123.578,4980
123.578,4979
123.578,4978
123.579,4977
123.581,4976
123.587,4975
123.590,4974
123.592,4973
123.592,4972
123.592,4971
123.593,4970
123.594,4969
123.594,4968
123.594,4967
123.597,4966
123.598,4965
123.599,4964
123.600,4963
123.600,4962
123.607,4961
123.610,4960
123.611,4959
123.611,4958
123.612,4957
123.613,4956
123.614,4955
123.614,4954
123.616,4953
123.617,4952
123.622,4951
123.623,4950
123.628,4949
123.629,4948
123.631,4947
123.632,4946
123.634,4945
123.635,4944
123.636,4943
123.636,4942
123.638,4941
123.639,4940
123.640,4939
123.641,4938
123.642,4937
123.644,4936
123.646,4935
123.649,4934
123.649,4933
123.651,4932
123.651,4931
123.653,4930
123.653,4929
123.655,4928
123.657,4927
123.657,4926
123.658,4925
123.658,4924
123.658,4923
123.659,4922
123.660,4921
123.661,4920
123.662,4919
123.664,4918
123.665,4917
123.665,4916
123.666,4915
123.670,4914
123.680,4913
123.681,4912
123.683,4911
123.687,4910
123.689,4909
123.689,4908
123.689,4907
123.690,4906
123.692,4905
123.693,4904
123.695,4903
123.697,4902
123.699,4901
123.706,4900
123.710,4899
123.711,4898
123.711,4897
123.712,4896
123.713,4895
123.716,4894
123.718,4893
123.720,4892
123.723,4891
123.724,4890
123.726,4889
123.726,4888
123.727,4887
123.729,4886
123.731,4885
123.734,4884
123.735,4883
123.735,4882
123.736,4881
123.738,4880
123.744,4879
123.747,4878
123.748,4877
123.750,4876
123.753,4875
123.755,4874
123.757,4873
123.758,4872
123.761,4871
123.766,4870
123.767,4869
123.768,4868
123.769,4867
123.771,4866
123.772,4865
123.773,4864
123.774,4863
123.775,4862
123.779,4861
123.783,4860
123.786,4859
123.787,4858
123.787,4857
123.788,4856
123.791,4855
123.792,4854
123.794,4853
123.796,4852
123.797,4851
123.800,4850
123.803,4849
123.805,4848
123.813,4847
123.815,4846
123.820,4845
123.823,4844
123.824,4843
123.826,4842
123.826,4841
123.830,4840
123.834,4839
123.835,4838
123.836,4837
123.837,4836
123.843,4835
123.844,4834
123.849,4833
123.850,4832
123.853,4831
123.856,4830
123.858,4829
123.860,4828
123.863,4827
123.864,4826
123.868,4825
123.869,4824
123.873,4823
123.874,4822
123.879,4821
123.879,4820
123.881,4819
123.882,4818
123.882,4817
123.884,4816
123.887,4815
123.888,4814
123.888,4813
123.891,4812
123.891,4811
123.893,4810
123.898,4809
123.900,4808
123.902,4807
123.905,4806
123.913,4805
123.923,4804
123.927,4803
123.928,4802
123.932,4801
123.932,4800
123.934,4799
123.940,4798
123.944,4797
123.948,4796
123.949,4795
123.950,4794
123.950,4793
123.951,4792
123.979,4791
123.986,4790
123.988,4789
123.991,4788
123.994,4787
123.999,4786
123.999,4785
124.001,4784
124.011,4783
124.025,4782
124.033,4781
124.038,4780
124.040,4779
124.041,4778
124.042,4777
124.046,4776
124.053,4775
124.057,4774
124.059,4773
124.062,4772
124.065,4771
124.070,4770
124.071,4769
124.077,4768
124.100,4767
124.119,4766
124.125,4765
124.128,4764
124.139,4763
124.148,4762
124.149,4761
124.153,4760
