20.501,6536
121.910,6535
121.910,6534
121.910,6533
121.910,6532
121.910,6531
121.910,6530
121.910,6529
121.910,6528
121.910,6527
121.910,6526
121.910,6525
121.911,6524
121.911,6523
121.911,6522
121.911,6521
121.911,6520
121.911,6519
121.911,6518
121.911,6517
121.911,6516
121.911,6515
121.911,6514
121.911,6513
121.911,6512
121.911,6511
121.912,6510
121.912,6509
121.912,6508
121.912,6507
121.912,6506
121.912,6505
121.912,6504
121.912,6503
121.912,6502
121.912,6501
121.912,6500
121.912,6499
121.912,6498
121.912,6497
121.913,6496
121.913,6495
121.913,6494
121.913,6493
121.913,6492
121.913,6491
121.913,6490
121.913,6489
121.913,6488
121.913,6487
121.913,6486
121.913,6485
121.913,6484
121.914,6483
121.914,6482
121.914,6481
121.914,6480
121.914,6479
121.914,6478
121.914,6477
121.914,6476
121.914,6475
121.914,6474
121.914,6473
121.914,6472
121.914,6471
121.914,6470
121.914,6469
121.914,6468
121.915,6467
121.915,6466
121.915,6465
121.915,6464
121.915,6463
121.915,6462
121.915,6461
121.915,6460
121.915,6459
121.915,6458
121.915,6457
121.915,6456
121.916,6455
121.916,6454
121.916,6453
121.916,6452
121.916,6451
121.916,6450
121.916,6449
121.916,6448
121.916,6447
121.916,6446
121.916,6445
121.916,6444
121.916,6443
121.916,6442
121.916,6441
121.917,6440
121.917,6439
121.917,6438
121.917,6437
121.917,6436
121.917,6435
121.917,6434
121.917,6433
121.917,6432
121.917,6431
121.917,6430
121.917,6429
121.917,6428
121.917,6427
121.917,6426
121.918,6425
121.918,6424
121.918,6423
121.918,6422
121.918,6421
121.918,6420
121.918,6419
121.918,6418
121.918,6417
121.918,6416
121.918,6415
121.918,6414
121.918,6413
121.918,6412
121.919,6411
121.919,6410
121.919,6409
121.919,6408
121.919,6407
121.919,6406
121.919,6405
121.919,6404
121.919,6403
121.919,6402
121.919,6401
121.919,6400
121.919,6399
121.919,6398
121.919,6397
121.919,6396
121.919,6395
121.919,6394
121.920,6393
121.920,6392
121.920,6391
121.920,6390
121.920,6389
121.920,6388
121.920,6387
121.920,6386
121.920,6385
121.921,6384
121.921,6383
121.921,6382
121.921,6381
121.921,6380
121.922,6379
121.922,6378
121.922,6377
121.922,6376
121.923,6375
121.923,6374
121.923,6373
121.923,6372
121.923,6371
121.923,6370
121.923,6369
121.923,6368
121.924,6367
121.924,6366
121.924,6365
121.924,6364
121.924,6363
121.924,6362
121.924,6361
121.924,6360
121.925,6359
121.925,6358
121.925,6357
121.925,6356
121.925,6355
121.925,6354
121.925,6353
121.925,6352
121.925,6351
121.925,6350
121.926,6349
121.926,6348
121.926,6347
121.926,6346
121.926,6345
121.926,6344
121.926,6343
121.926,6342
121.927,6341
121.927,6340
121.927,6339
121.927,6338
121.927,6337
121.927,6336
121.928,6335
121.928,6334
121.928,6333
121.928,6332
121.928,6331
121.928,6330
121.928,6329
121.928,6328
121.928,6327
121.929,6326
121.929,6325
121.929,6324
121.929,6323
121.929,6322
121.929,6321
121.929,6320
121.930,6319
121.930,6318
121.930,6317
121.930,6316
121.930,6315
121.930,6314
121.930,6313
121.930,6312
121.930,6311
121.930,6310
121.931,6309
121.931,6308
121.931,6307
121.931,6306
121.931,6305
121.931,6304
121.931,6303
121.932,6302
121.932,6301
121.932,6300
121.932,6299
121.932,6298
121.932,6297
121.932,6296
121.933,6295
121.933,6294
121.933,6293
121.933,6292
121.933,6291
121.933,6290
121.933,6289
121.933,6288
121.933,6287
121.933,6286
121.934,6285
121.934,6284
121.934,6283
121.934,6282
121.934,6281
121.934,6280
121.935,6279
121.935,6278
121.935,6277
121.935,6276
121.935,6275
121.935,6274
121.935,6273
121.935,6272
121.935,6271
121.935,6270
121.936,6269
121.936,6268
121.936,6267
121.936,6266
121.936,6265
121.936,6264
121.936,6263
121.936,6262
121.936,6261
121.936,6260
121.937,6259
121.937,6258
121.937,6257
121.937,6256
121.937,6255
121.937,6254
121.937,6253
121.938,6252
121.938,6251
121.938,6250
121.938,6249
121.938,6248
121.938,6247
121.938,6246
121.938,6245
121.938,6244
121.938,6243
121.939,6242
121.939,6241
121.939,6240
121.939,6239
121.939,6238
121.939,6237
121.939,6236
121.939,6235
121.939,6234
121.939,6233
121.939,6232
121.940,6231
121.940,6230
121.940,6229
121.940,6228
121.940,6227
121.940,6226
121.940,6225
121.940,6224
121.940,6223
121.940,6222
121.941,6221
121.941,6220
121.941,6219
121.941,6218
121.941,6217
121.941,6216
121.941,6215
121.941,6214
121.941,6213
121.941,6212
121.941,6211
121.942,6210
121.942,6209
121.942,6208
121.942,6207
121.942,6206
121.942,6205
121.942,6204
121.942,6203
121.942,6202
121.942,6201
121.943,6200
121.943,6199
121.943,6198
121.943,6197
121.943,6196
121.943,6195
121.944,6194
121.944,6193
121.944,6192
121.944,6191
121.944,6190
121.944,6189
121.945,6188
121.945,6187
121.945,6186
121.945,6185
121.945,6184
121.945,6183
121.945,6182
121.945,6181
121.946,6180
121.946,6179
121.946,6178
121.946,6177
121.946,6176
121.947,6175
121.947,6174
121.947,6173
121.947,6172
121.948,6171
121.948,6170
121.948,6169
121.948,6168
121.948,6167
121.949,6166
121.949,6165
121.949,6164
121.949,6163
121.949,6162
121.949,6161
121.949,6160
121.950,6159
121.950,6158
121.950,6157
121.950,6156
121.950,6155
121.950,6154
121.950,6153
121.951,6152
121.951,6151
121.951,6150
121.952,6149
121.952,6148
121.952,6147
121.952,6146
121.953,6145
121.953,6144
121.953,6143
121.953,6142
121.954,6141
121.954,6140
121.954,6139
121.954,6138
121.954,6137
121.955,6136
121.955,6135
121.955,6134
121.955,6133
121.955,6132
121.955,6131
121.956,6130
121.956,6129
121.956,6128
121.956,6127
121.957,6126
121.957,6125
121.957,6124
121.958,6123
121.958,6122
121.958,6121
121.959,6120
121.959,6119
121.959,6118
121.959,6117
121.959,6116
121.960,6115
121.960,6114
121.960,6113
121.960,6112
121.960,6111
121.960,6110
121.961,6109
121.961,6108
121.961,6107
121.961,6106
121.961,6105
121.961,6104
121.961,6103
121.962,6102
121.962,6101
121.962,6100
121.962,6099
121.962,6098
121.962,6097
121.963,6096
121.963,6095
121.963,6094
121.963,6093
121.963,6092
121.964,6091
121.964,6090
121.964,6089
121.964,6088
121.964,6087
121.964,6086
121.964,6085
121.965,6084
121.965,6083
121.965,6082
121.965,6081
121.965,6080
121.966,6079
121.966,6078
121.966,6077
121.966,6076
121.966,6075
121.966,6074
121.966,6073
121.966,6072
121.967,6071
121.967,6070
121.967,6069
121.967,6068
121.967,6067
121.968,6066
121.968,6065
121.968,6064
121.968,6063
121.968,6062
121.968,6061
121.968,6060
121.968,6059
121.969,6058
121.969,6057
121.969,6056
121.969,6055
121.969,6054
121.969,6053
121.969,6052
121.970,6051
121.970,6050
121.970,6049
121.970,6048
121.970,6047
121.971,6046
121.971,6045
121.971,6044
121.971,6043
121.971,6042
121.971,6041
121.971,6040
121.972,6039
121.972,6038
121.972,6037
121.972,6036
121.972,6035
121.972,6034
121.972,6033
121.972,6032
121.972,6031
121.973,6030
121.973,6029
121.973,6028
121.973,6027
121.973,6026
121.973,6025
121.974,6024
121.974,6023
121.974,6022
121.974,6021
121.974,6020
121.974,6019
121.974,6018
121.975,6017
121.975,6016
121.975,6015
121.975,6014
121.975,6013
121.975,6012
121.976,6011
121.976,6010
121.976,6009
121.976,6008
121.976,6007
121.976,6006
121.976,6005
121.976,6004
121.977,6003
121.977,6002
121.977,6001
121.977,6000
121.977,5999
121.978,5998
121.978,5997
121.978,5996
121.978,5995
121.978,5994
121.978,5993
121.978,5992
121.978,5991
121.979,5990
121.979,5989
121.979,5988
121.979,5987
121.979,5986
121.979,5985
121.979,5984
121.979,5983
121.980,5982
121.980,5981
121.980,5980
121.980,5979
121.980,5978
121.980,5977
121.980,5976
121.980,5975
121.981,5974
121.981,5973
121.981,5972
121.981,5971
121.981,5970
121.981,5969
121.981,5968
121.982,5967
121.982,5966
121.982,5965
121.982,5964
121.982,5963
121.982,5962
121.982,5961
121.982,5960
121.983,5959
121.983,5958
121.983,5957
121.984,5956
121.984,5955
121.984,5954
121.984,5953
121.985,5952
121.985,5951
121.985,5950
121.985,5949
121.986,5948
121.986,5947
121.987,5946
121.987,5945
121.987,5944
121.988,5943
121.988,5942
121.988,5941
121.988,5940
121.988,5939
121.989,5938
121.989,5937
121.989,5936
121.989,5935
121.990,5934
121.990,5933
121.990,5932
121.990,5931
121.991,5930
121.991,5929
121.991,5928
121.991,5927
121.992,5926
121.992,5925
121.992,5924
121.992,5923
121.992,5922
121.993,5921
121.993,5920
121.993,5919
121.993,5918
121.994,5917
121.994,5916
121.994,5915
121.994,5914
121.994,5913
121.995,5912
121.995,5911
121.996,5910
121.996,5909
121.996,5908
121.996,5907
121.997,5906
121.997,5905
121.997,5904
121.998,5903
121.998,5902
121.998,5901
121.998,5900
121.998,5899
121.999,5898
121.999,5897
121.999,5896
122.000,5895
122.000,5894
122.000,5893
122.000,5892
122.001,5891
122.001,5890
122.001,5889
122.002,5888
122.002,5887
122.002,5886
122.003,5885
122.003,5884
122.003,5883
122.003,5882
122.003,5881
122.003,5880
122.003,5879
122.004,5878
122.004,5877
122.004,5876
122.005,5875
122.005,5874
122.005,5873
122.006,5872
122.006,5871
122.006,5870
122.007,5869
122.008,5868
122.008,5867
122.008,5866
122.008,5865
122.008,5864
122.009,5863
122.009,5862
122.009,5861
122.009,5860
122.009,5859
122.010,5858
122.010,5857
122.010,5856
122.010,5855
122.010,5854
122.010,5853
122.011,5852
122.011,5851
122.011,5850
122.011,5849
122.012,5848
122.013,5847
122.013,5846
122.013,5845
122.013,5844
122.013,5843
122.013,5842
122.014,5841
122.014,5840
122.015,5839
122.015,5838
122.015,5837
122.015,5836
122.015,5835
122.016,5834
122.016,5833
122.017,5832
122.017,5831
122.017,5830
122.017,5829
122.017,5828
122.018,5827
122.018,5826
122.018,5825
122.018,5824
122.019,5823
122.019,5822
122.019,5821
122.019,5820
122.019,5819
122.019,5818
122.020,5817
122.020,5816
122.020,5815
122.020,5814
122.020,5813
122.021,5812
122.021,5811
122.021,5810
122.022,5809
122.022,5808
122.022,5807
122.022,5806
122.023,5805
122.023,5804
122.023,5803
122.023,5802
122.023,5801
122.024,5800
122.024,5799
122.024,5798
122.024,5797
122.024,5796
122.025,5795
122.025,5794
122.025,5793
122.025,5792
122.025,5791
122.026,5790
122.026,5789
122.026,5788
122.026,5787
122.026,5786
122.026,5785
122.027,5784
122.027,5783
122.027,5782
122.027,5781
122.028,5780
122.028,5779
122.028,5778
122.028,5777
122.028,5776
122.028,5775
122.029,5774
122.029,5773
122.029,5772
122.029,5771
122.029,5770
122.029,5769
122.029,5768
122.030,5767
122.030,5766
122.030,5765
122.030,5764
122.030,5763
122.031,5762
122.031,5761
122.032,5760
122.032,5759
122.032,5758
122.032,5757
122.032,5756
122.033,5755
122.033,5754
122.033,5753
122.033,5752
122.033,5751
122.033,5750
122.034,5749
122.034,5748
122.034,5747
122.034,5746
122.035,5745
122.035,5744
122.035,5743
122.035,5742
122.035,5741
122.036,5740
122.036,5739
122.036,5738
122.036,5737
122.036,5736
122.036,5735
122.037,5734
122.037,5733
122.037,5732
122.037,5731
122.037,5730
122.038,5729
122.038,5728
122.038,5727
122.038,5726
122.038,5725
122.039,5724
122.039,5723
122.039,5722
122.039,5721
122.039,5720
122.039,5719
122.040,5718
122.040,5717
122.040,5716
122.040,5715
122.040,5714
122.040,5713
122.041,5712
122.041,5711
122.041,5710
122.041,5709
122.041,5708
122.042,5707
122.042,5706
122.043,5705
122.043,5704
122.043,5703
122.044,5702
122.044,5701
122.044,5700
122.045,5699
122.046,5698
122.046,5697
122.047,5696
122.048,5695
122.048,5694
122.048,5693
122.048,5692
122.049,5691
122.049,5690
122.050,5689
122.050,5688
122.051,5687
122.051,5686
122.052,5685
122.052,5684
122.052,5683
122.053,5682
122.053,5681
122.054,5680
122.054,5679
122.055,5678
122.056,5677
122.056,5676
122.056,5675
122.057,5674
122.058,5673
122.058,5672
122.059,5671
122.059,5670
122.059,5669
122.060,5668
122.060,5667
122.060,5666
122.061,5665
122.061,5664
122.062,5663
122.062,5662
122.062,5661
122.063,5660
122.063,5659
122.064,5658
122.064,5657
122.065,5656
122.065,5655
122.066,5654
122.066,5653
122.067,5652
122.067,5651
122.067,5650
122.068,5649
122.068,5648
122.068,5647
122.069,5646
122.069,5645
122.070,5644
122.071,5643
122.071,5642
122.072,5641
122.072,5640
122.072,5639
122.072,5638
122.072,5637
122.072,5636
122.073,5635
122.074,5634
122.074,5633
122.074,5632
122.075,5631
122.075,5630
122.076,5629
122.076,5628
122.076,5627
122.077,5626
122.077,5625
122.078,5624
122.078,5623
122.079,5622
122.079,5621
122.079,5620
122.080,5619
122.080,5618
122.080,5617
122.080,5616
122.081,5615
122.081,5614
122.081,5613
122.081,5612
122.082,5611
122.082,5610
122.082,5609
122.083,5608
122.083,5607
122.084,5606
122.084,5605
122.084,5604
122.084,5603
122.084,5602
122.085,5601
122.085,5600
122.085,5599
122.085,5598
122.085,5597
122.086,5596
122.086,5595
122.086,5594
122.086,5593
122.087,5592
122.087,5591
122.087,5590
122.088,5589
122.088,5588
122.088,5587
122.088,5586
122.089,5585
122.089,5584
122.089,5583
122.090,5582
122.090,5581
122.090,5580
122.091,5579
122.091,5578
122.092,5577
122.092,5576
122.092,5575
122.092,5574
122.093,5573
122.093,5572
122.094,5571
122.094,5570
122.095,5569
122.095,5568
122.095,5567
122.096,5566
122.096,5565
122.096,5564
122.096,5563
122.096,5562
122.096,5561
122.097,5560
122.098,5559
122.098,5558
122.098,5557
122.098,5556
122.098,5555
122.099,5554
122.099,5553
122.099,5552
122.099,5551
122.100,5550
122.100,5549
122.100,5548
122.100,5547
122.101,5546
122.101,5545
122.102,5544
122.102,5543
122.102,5542
122.102,5541
122.103,5540
122.103,5539
122.103,5538
122.103,5537
122.104,5536
122.104,5535
122.104,5534
122.104,5533
122.104,5532
122.105,5531
122.105,5530
122.106,5529
122.106,5528
122.107,5527
122.107,5526
122.107,5525
122.107,5524
122.107,5523
122.108,5522
122.108,5521
122.108,5520
122.108,5519
122.108,5518
122.108,5517
122.109,5516
122.109,5515
122.109,5514
122.109,5513
122.109,5512
122.110,5511
122.111,5510
122.111,5509
122.113,5508
122.114,5507
122.115,5506
122.115,5505
122.116,5504
122.117,5503
122.117,5502
122.117,5501
122.118,5500
122.118,5499
122.118,5498
122.119,5497
122.120,5496
122.121,5495
122.122,5494
122.123,5493
122.123,5492
122.125,5491
122.126,5490
122.126,5489
122.128,5488
122.129,5487
122.129,5486
122.129,5485
122.130,5484
122.130,5483
122.132,5482
122.133,5481
122.134,5480
122.134,5479
122.135,5478
122.135,5477
122.136,5476
122.136,5475
122.136,5474
122.137,5473
122.139,5472
122.139,5471
122.140,5470
122.141,5469
122.143,5468
122.143,5467
122.143,5466
122.144,5465
122.144,5464
122.144,5463
122.145,5462
122.145,5461
122.146,5460
122.146,5459
122.147,5458
122.148,5457
122.149,5456
122.149,5455
122.149,5454
122.150,5453
122.150,5452
122.150,5451
122.151,5450
122.151,5449
122.154,5448
122.154,5447
122.155,5446
122.156,5445
122.157,5444
122.157,5443
122.157,5442
122.158,5441
122.158,5440
122.159,5439
122.159,5438
122.159,5437
122.160,5436
122.161,5435
122.161,5434
122.161,5433
122.161,5432
122.161,5431
122.162,5430
122.162,5429
122.163,5428
122.163,5427
122.163,5426
122.164,5425
122.164,5424
122.164,5423
122.165,5422
122.165,5421
122.166,5420
122.166,5419
122.166,5418
122.167,5417
122.167,5416
122.168,5415
122.168,5414
122.168,5413
122.168,5412
122.169,5411
122.169,5410
122.170,5409
122.170,5408
122.170,5407
122.171,5406
122.171,5405
122.171,5404
122.172,5403
122.173,5402
122.174,5401
122.174,5400
122.175,5399
122.175,5398
122.175,5397
122.176,5396
122.177,5395
122.177,5394
122.177,5393
122.177,5392
122.178,5391
122.178,5390
122.180,5389
122.180,5388
122.181,5387
122.181,5386
122.181,5385
122.182,5384
122.183,5383
122.183,5382
122.183,5381
122.184,5380
122.184,5379
122.184,5378
122.185,5377
122.185,5376
122.185,5375
122.185,5374
122.186,5373
122.186,5372
122.186,5371
122.187,5370
122.187,5369
122.188,5368
122.188,5367
122.189,5366
122.190,5365
122.190,5364
122.191,5363
122.192,5362
122.192,5361
122.192,5360
122.192,5359
122.195,5358
122.196,5357
122.197,5356
122.197,5355
122.199,5354
122.200,5353
122.201,5352
122.201,5351
122.202,5350
122.204,5349
122.205,5348
122.205,5347
122.205,5346
122.208,5345
122.209,5344
122.209,5343
122.211,5342
122.212,5341
122.213,5340
122.213,5339
122.213,5338
122.213,5337
122.215,5336
122.216,5335
122.216,5334
122.218,5333
122.218,5332
122.224,5331
122.224,5330
122.225,5329
122.225,5328
122.228,5327
122.228,5326
122.231,5325
122.232,5324
122.232,5323
122.233,5322
122.234,5321
122.237,5320
122.238,5319
122.238,5318
122.238,5317
122.239,5316
122.239,5315
122.240,5314
122.241,5313
122.242,5312
122.242,5311
122.245,5310
122.245,5309
122.245,5308
122.247,5307
122.248,5306
122.249,5305
122.249,5304
122.250,5303
122.250,5302
122.251,5301
122.252,5300
122.252,5299
122.252,5298
122.253,5297
122.254,5296
122.254,5295
122.254,5294
122.255,5293
122.255,5292
122.257,5291
122.258,5290
122.258,5289
122.259,5288
122.260,5287
122.260,5286
122.261,5285
122.262,5284
122.262,5283
122.263,5282
122.263,5281
122.264,5280
122.264,5279
122.264,5278
122.265,5277
122.265,5276
122.266,5275
122.266,5274
122.267,5273
122.267,5272
122.267,5271
122.268,5270
122.268,5269
122.269,5268
122.271,5267
122.272,5266
122.272,5265
122.273,5264
122.273,5263
122.274,5262
122.274,5261
122.275,5260
122.275,5259
122.275,5258
122.276,5257
122.276,5256
122.277,5255
122.277,5254
122.278,5253
122.278,5252
122.280,5251
122.281,5250
122.281,5249
122.283,5248
122.284,5247
122.284,5246
122.285,5245
122.285,5244
122.285,5243
122.286,5242
122.286,5241
122.287,5240
122.288,5239
122.289,5238
122.289,5237
122.289,5236
122.290,5235
122.291,5234
122.292,5233
122.296,5232
122.296,5231
122.296,5230
122.297,5229
122.297,5228
122.298,5227
122.298,5226
122.298,5225
122.299,5224
122.299,5223
122.299,5222
122.300,5221
122.300,5220
122.302,5219
122.304,5218
122.304,5217
122.305,5216
122.305,5215
122.307,5214
122.307,5213
122.308,5212
122.312,5211
122.313,5210
122.313,5209
122.314,5208
122.315,5207
122.316,5206
122.316,5205
122.317,5204
122.317,5203
122.318,5202
122.319,5201
122.322,5200
122.322,5199
122.324,5198
122.325,5197
122.327,5196
122.328,5195
122.330,5194
122.332,5193
122.332,5192
122.334,5191
122.335,5190
122.338,5189
122.340,5188
122.342,5187
122.343,5186
122.343,5185
122.344,5184
122.344,5183
122.346,5182
122.349,5181
122.349,5180
122.351,5179
122.352,5178
122.357,5177
122.358,5176
122.359,5175
122.359,5174
122.360,5173
122.361,5172
122.361,5171
122.362,5170
122.362,5169
122.362,5168
122.363,5167
122.364,5166
122.364,5165
122.365,5164
122.366,5163
122.367,5162
122.368,5161
122.369,5160
122.370,5159
122.371,5158
122.371,5157
122.373,5156
122.373,5155
122.373,5154
122.374,5153
122.376,5152
122.377,5151
122.377,5150
122.378,5149
122.378,5148
122.378,5147
122.379,5146
122.381,5145
122.382,5144
122.384,5143
122.384,5142
122.385,5141
122.385,5140
122.386,5139
122.388,5138
122.388,5137
122.389,5136
122.390,5135
122.392,5134
122.393,5133
122.395,5132
122.396,5131
122.398,5130
122.398,5129
122.399,5128
122.400,5127
122.403,5126
122.403,5125
122.404,5124
122.405,5123
122.405,5122
122.406,5121
122.406,5120
122.409,5119
122.410,5118
122.410,5117
122.411,5116
122.411,5115
122.412,5114
122.413,5113
122.414,5112
122.415,5111
122.416,5110
122.416,5109
122.423,5108
122.424,5107
122.430,5106
122.431,5105
122.431,5104
122.440,5103
122.443,5102
122.443,5101
122.446,5100
122.447,5099
122.447,5098
122.448,5097
122.450,5096
122.451,5095
122.451,5094
122.454,5093
122.455,5092
122.456,5091
122.457,5090
122.462,5089
122.464,5088
122.465,5087
122.466,5086
122.469,5085
122.469,5084
122.470,5083
122.470,5082
122.475,5081
122.478,5080
122.480,5079
122.480,5078
122.481,5077
122.481,5076
122.482,5075
122.483,5074
122.484,5073
122.485,5072
122.487,5071
122.490,5070
122.491,5069
122.492,5068
122.493,5067
122.493,5066
122.494,5065
122.497,5064
122.498,5063
122.499,5062
122.499,5061
122.500,5060
122.500,5059
122.501,5058
122.506,5057
122.507,5056
122.507,5055
122.509,5054
122.512,5053
122.515,5052
122.516,5051
122.518,5050
122.518,5049
122.520,5048
122.521,5047
122.523,5046
122.524,5045
122.527,5044
122.528,5043
122.528,5042
122.529,5041
122.529,5040
122.529,5039
122.530,5038
122.530,5037
122.531,5036
122.532,5035
122.532,5034
122.533,5033
122.533,5032
122.534,5031
122.535,5030
122.535,5029
122.536,5028
122.536,5027
122.537,5026
122.538,5025
122.539,5024
122.540,5023
122.540,5022
122.541,5021
122.541,5020
122.542,5019
122.543,5018
122.543,5017
122.552,5016
122.554,5015
122.555,5014
122.556,5013
122.556,5012
122.557,5011
122.558,5010
122.558,5009
122.560,5008
122.563,5007
122.566,5006
122.569,5005
122.570,5004
122.571,5003
122.573,5002
122.577,5001
122.585,5000
122.586,4999
122.587,4998
122.589,4997
122.590,4996
122.592,4995
122.594,4994
122.595,4993
122.595,4992
122.596,4991
122.597,4990
122.599,4989
122.602,4988
122.603,4987
122.610,4986
122.610,4985
122.612,4984
122.613,4983
122.616,4982
122.617,4981
122.619,4980
122.623,4979
122.624,4978
122.624,4977
122.624,4976
122.625,4975
122.626,4974
122.627,4973
122.628,4972
122.628,4971
122.631,4970
122.631,4969
122.633,4968
122.634,4967
122.635,4966
122.636,4965
122.641,4964
122.651,4963
122.652,4962
122.653,4961
122.656,4960
122.657,4959
122.658,4958
122.658,4957
122.661,4956
122.663,4955
122.664,4954
122.664,4953
122.666,4952
122.667,4951
122.668,4950
122.672,4949
122.672,4948
122.673,4947
122.674,4946
122.676,4945
122.679,4944
122.684,4943
122.685,4942
122.685,4941
122.687,4940
122.688,4939
122.688,4938
122.690,4937
122.694,4936
122.694,4935
122.697,4934
122.703,4933
122.704,4932
122.705,4931
122.710,4930
122.712,4929
122.716,4928
122.717,4927
122.719,4926
122.726,4925
122.728,4924
122.729,4923
122.732,4922
122.734,4921
122.737,4920
122.742,4919
122.744,4918
122.744,4917
122.745,4916
122.747,4915
122.747,4914
122.748,4913
122.750,4912
122.750,4911
122.751,4910
122.753,4909
122.753,4908
122.755,4907
122.756,4906
122.761,4905
122.762,4904
122.763,4903
122.766,4902
122.770,4901
122.770,4900
122.771,4899
122.774,4898
122.775,4897
122.775,4896
122.780,4895
122.782,4894
122.783,4893
122.784,4892
122.785,4891
122.790,4890
122.795,4889
122.796,4888
122.804,4887
122.808,4886
122.810,4885
122.810,4884
122.812,4883
122.816,4882
122.823,4881
122.824,4880
122.825,4879
122.827,4878
122.833,4877
122.844,4876
122.847,4875
122.850,4874
122.854,4873
122.855,4872
122.856,4871
122.858,4870
122.859,4869
122.860,4868
122.865,4867
122.870,4866
122.872,4865
122.877,4864
122.879,4863
122.881,4862
122.881,4861
122.882,4860
122.882,4859
122.883,4858
122.884,4857
122.884,4856
122.887,4855
122.888,4854
122.892,4853
122.892,4852
122.896,4851
122.901,4850
122.903,4849
122.905,4848
122.907,4847
122.911,4846
122.912,4845
122.918,4844
122.919,4843
122.923,4842
122.924,4841
122.925,4840
122.925,4839
122.927,4838
122.927,4837
122.929,4836
122.932,4835
122.941,4834
122.949,4833
122.951,4832
122.956,4831
122.958,4830
122.959,4829
122.965,4828
122.970,4827
122.971,4826
122.981,4825
122.987,4824
122.988,4823
122.992,4822
122.999,4821
123.004,4820
123.012,4819
123.013,4818
123.014,4817
123.014,4816
123.018,4815
123.022,4814
123.029,4813
123.030,4812
123.039,4811
123.040,4810
123.044,4809
123.046,4808
123.056,4807
123.057,4806
123.057,4805
123.061,4804
123.064,4803
123.068,4802
123.074,4801
123.076,4800
123.082,4799
123.085,4798
123.086,4797
123.087,4796
123.087,4795
123.089,4794
123.098,4793
123.107,4792
123.111,4791
123.112,4790
123.117,4789
123.127,4788
123.132,4787
123.133,4786
123.134,4785
123.144,4784
123.150,4783
123.157,4782
123.160,4781
123.167,4780
123.175,4779
123.178,4778
123.185,4777
123.186,4776
123.190,4775
123.192,4774
123.213,4773
