21.435,6540
143.415,6539
143.416,6538
143.416,6537
143.416,6536
143.417,6535
143.417,6534
143.417,6533
143.417,6532
143.417,6531
143.418,6530
143.418,6529
143.418,6528
143.419,6527
143.419,6526
143.419,6525
143.420,6524
143.420,6523
143.421,6522
143.421,6521
143.421,6520
143.422,6519
143.423,6518
143.423,6517
143.424,6516
143.425,6515
143.425,6514
143.425,6513
143.426,6512
143.426,6511
143.427,6510
143.427,6509
143.428,6508
143.429,6507
143.429,6506
143.429,6505
143.429,6504
143.429,6503
143.430,6502
143.430,6501
143.430,6500
143.430,6499
143.430,6498
143.431,6497
143.431,6496
143.431,6495
143.431,6494
143.431,6493
143.431,6492
143.432,6491
143.432,6490
143.432,6489
143.432,6488
143.432,6487
143.432,6486
143.432,6485
143.433,6484
143.433,6483
143.433,6482
143.433,6481
143.433,6480
143.433,6479
143.434,6478
143.434,6477
143.434,6476
143.434,6475
143.434,6474
143.434,6473
143.435,6472
143.435,6471
143.435,6470
143.435,6469
143.435,6468
143.435,6467
143.435,6466
143.435,6465
143.435,6464
143.436,6463
143.436,6462
143.436,6461
143.436,6460
143.436,6459
143.436,6458
143.436,6457
143.437,6456
143.437,6455
143.437,6454
143.437,6453
143.437,6452
143.437,6451
143.437,6450
143.438,6449
143.438,6448
143.438,6447
143.438,6446
143.438,6445
143.438,6444
143.438,6443
143.438,6442
143.439,6441
143.439,6440
143.439,6439
143.439,6438
143.439,6437
143.439,6436
143.439,6435
143.439,6434
143.439,6433
143.440,6432
143.440,6431
143.440,6430
143.440,6429
143.440,6428
143.440,6427
143.440,6426
143.441,6425
143.441,6424
143.441,6423
143.441,6422
143.441,6421
143.441,6420
143.441,6419
143.442,6418
143.442,6417
143.442,6416
143.442,6415
143.442,6414
143.442,6413
143.443,6412
143.443,6411
143.443,6410
143.443,6409
143.443,6408
143.443,6407
143.443,6406
143.443,6405
143.444,6404
143.444,6403
143.444,6402
143.444,6401
143.444,6400
143.444,6399
143.444,6398
143.444,6397
143.445,6396
143.445,6395
143.445,6394
143.445,6393
143.445,6392
143.445,6391
143.445,6390
143.446,6389
143.446,6388
143.446,6387
143.446,6386
143.446,6385
143.447,6384
143.447,6383
143.447,6382
143.447,6381
143.448,6380
143.448,6379
143.448,6378
143.449,6377
143.449,6376
143.449,6375
143.449,6374
143.449,6373
143.450,6372
143.450,6371
143.450,6370
143.450,6369
143.450,6368
143.451,6367
143.451,6366
143.451,6365
143.451,6364
143.451,6363
143.451,6362
143.452,6361
143.452,6360
143.452,6359
143.452,6358
143.452,6357
143.452,6356
143.452,6355
143.453,6354
143.453,6353
143.453,6352
143.453,6351
143.453,6350
143.454,6349
143.455,6348
143.456,6347
143.456,6346
143.456,6345
143.456,6344
143.456,6343
143.457,6342
143.457,6341
143.457,6340
143.457,6339
143.457,6338
143.457,6337
143.457,6336
143.458,6335
143.458,6334
143.458,6333
143.458,6332
143.458,6331
143.458,6330
143.458,6329
143.459,6328
143.459,6327
143.459,6326
143.459,6325
143.459,6324
143.460,6323
143.460,6322
143.460,6321
143.460,6320
143.461,6319
143.461,6318
143.461,6317
143.461,6316
143.461,6315
143.461,6314
143.461,6313
143.462,6312
143.462,6311
143.462,6310
143.462,6309
143.462,6308
143.462,6307
143.462,6306
143.463,6305
143.463,6304
143.463,6303
143.463,6302
143.463,6301
143.464,6300
143.464,6299
143.464,6298
143.464,6297
143.464,6296
143.464,6295
143.464,6294
143.464,6293
143.465,6292
143.465,6291
143.465,6290
143.465,6289
143.465,6288
143.465,6287
143.466,6286
143.466,6285
143.467,6284
143.467,6283
143.467,6282
143.467,6281
143.467,6280
143.467,6279
143.468,6278
143.468,6277
143.468,6276
143.468,6275
143.468,6274
143.468,6273
143.468,6272
143.468,6271
143.469,6270
143.469,6269
143.469,6268
143.469,6267
143.469,6266
143.469,6265
143.469,6264
143.469,6263
143.470,6262
143.470,6261
143.470,6260
143.470,6259
143.470,6258
143.470,6257
143.470,6256
143.470,6255
143.471,6254
143.471,6253
143.471,6252
143.471,6251
143.471,6250
143.471,6249
143.471,6248
143.471,6247
143.472,6246
143.472,6245
143.472,6244
143.472,6243
143.472,6242
143.472,6241
143.472,6240
143.473,6239
143.473,6238
143.473,6237
143.473,6236
143.473,6235
143.473,6234
143.473,6233
143.473,6232
143.474,6231
143.474,6230
143.474,6229
143.474,6228
143.474,6227
143.474,6226
143.475,6225
143.475,6224
143.475,6223
143.475,6222
143.475,6221
143.475,6220
143.475,6219
143.475,6218
143.476,6217
143.476,6216
143.476,6215
143.476,6214
143.476,6213
143.476,6212
143.476,6211
143.476,6210
143.477,6209
143.477,6208
143.477,6207
143.477,6206
143.477,6205
143.477,6204
143.477,6203
143.477,6202
143.477,6201
143.478,6200
143.478,6199
143.478,6198
143.478,6197
143.478,6196
143.478,6195
143.479,6194
143.479,6193
143.479,6192
143.479,6191
143.480,6190
143.480,6189
143.480,6188
143.480,6187
143.480,6186
143.481,6185
143.481,6184
143.481,6183
143.481,6182
143.482,6181
143.482,6180
143.482,6179
143.482,6178
143.482,6177
143.482,6176
143.483,6175
143.483,6174
143.483,6173
143.483,6172
143.484,6171
143.485,6170
143.485,6169
143.485,6168
143.485,6167
143.486,6166
143.486,6165
143.486,6164
143.486,6163
143.486,6162
143.486,6161
143.487,6160
143.487,6159
143.487,6158
143.487,6157
143.488,6156
143.488,6155
143.488,6154
143.489,6153
143.489,6152
143.489,6151
143.489,6150
143.489,6149
143.490,6148
143.490,6147
143.490,6146
143.490,6145
143.491,6144
143.491,6143
143.491,6142
143.491,6141
143.491,6140
143.492,6139
143.492,6138
143.492,6137
143.492,6136
143.492,6135
143.492,6134
143.493,6133
143.493,6132
143.494,6131
143.494,6130
143.494,6129
143.494,6128
143.495,6127
143.495,6126
143.495,6125
143.496,6124
143.496,6123
143.496,6122
143.496,6121
143.496,6120
143.497,6119
143.497,6118
143.497,6117
143.497,6116
143.497,6115
143.497,6114
143.498,6113
143.498,6112
143.498,6111
143.498,6110
143.498,6109
143.499,6108
143.499,6107
143.499,6106
143.499,6105
143.499,6104
143.500,6103
143.500,6102
143.500,6101
143.500,6100
143.500,6099
143.500,6098
143.500,6097
143.501,6096
143.501,6095
143.502,6094
143.502,6093
143.502,6092
143.502,6091
143.502,6090
143.502,6089
143.503,6088
143.503,6087
143.503,6086
143.503,6085
143.503,6084
143.503,6083
143.504,6082
143.504,6081
143.504,6080
143.504,6079
143.504,6078
143.504,6077
143.505,6076
143.505,6075
143.505,6074
143.505,6073
143.505,6072
143.505,6071
143.506,6070
143.506,6069
143.506,6068
143.506,6067
143.506,6066
143.506,6065
143.506,6064
143.506,6063
143.507,6062
143.507,6061
143.507,6060
143.507,6059
143.507,6058
143.507,6057
143.507,6056
143.508,6055
143.508,6054
143.508,6053
143.508,6052
143.508,6051
143.509,6050
143.509,6049
143.509,6048
143.509,6047
143.509,6046
143.509,6045
143.510,6044
143.510,6043
143.510,6042
143.510,6041
143.510,6040
143.510,6039
143.510,6038
143.511,6037
143.511,6036
143.511,6035
143.511,6034
143.511,6033
143.511,6032
143.511,6031
143.512,6030
143.512,6029
143.512,6028
143.512,6027
143.512,6026
143.513,6025
143.513,6024
143.513,6023
143.513,6022
143.513,6021
143.513,6020
143.513,6019
143.514,6018
143.514,6017
143.514,6016
143.514,6015
143.514,6014
143.514,6013
143.514,6012
143.515,6011
143.515,6010
143.515,6009
143.515,6008
143.515,6007
143.515,6006
143.516,6005
143.516,6004
143.516,6003
143.516,6002
143.516,6001
143.516,6000
143.516,5999
143.517,5998
143.517,5997
143.517,5996
143.517,5995
143.517,5994
143.518,5993
143.518,5992
143.519,5991
143.519,5990
143.519,5989
143.519,5988
143.519,5987
143.519,5986
143.520,5985
143.520,5984
143.520,5983
143.520,5982
143.520,5981
143.520,5980
143.520,5979
143.521,5978
143.521,5977
143.521,5976
143.521,5975
143.521,5974
143.521,5973
143.521,5972
143.521,5971
143.522,5970
143.522,5969
143.522,5968
143.522,5967
143.522,5966
143.522,5965
143.522,5964
143.523,5963
143.523,5962
143.523,5961
143.523,5960
143.523,5959
143.524,5958
143.524,5957
143.524,5956
143.524,5955
143.525,5954
143.526,5953
143.526,5952
143.526,5951
143.527,5950
143.528,5949
143.528,5948
143.529,5947
143.529,5946
143.529,5945
143.529,5944
143.530,5943
143.530,5942
143.530,5941
143.530,5940
143.530,5939
143.531,5938
143.531,5937
143.531,5936
143.532,5935
143.532,5934
143.532,5933
143.532,5932
143.532,5931
143.533,5930
143.533,5929
143.533,5928
143.533,5927
143.534,5926
143.534,5925
143.534,5924
143.534,5923
143.535,5922
143.535,5921
143.535,5920
143.535,5919
143.536,5918
143.536,5917
143.536,5916
143.536,5915
143.537,5914
143.537,5913
143.537,5912
143.537,5911
143.538,5910
143.538,5909
143.538,5908
143.538,5907
143.539,5906
143.539,5905
143.539,5904
143.539,5903
143.540,5902
143.540,5901
143.540,5900
143.540,5899
143.541,5898
143.541,5897
143.541,5896
143.541,5895
143.542,5894
143.542,5893
143.543,5892
143.543,5891
143.543,5890
143.543,5889
143.544,5888
143.544,5887
143.544,5886
143.544,5885
143.544,5884
143.545,5883
143.545,5882
143.545,5881
143.545,5880
143.545,5879
143.546,5878
143.546,5877
143.546,5876
143.546,5875
143.547,5874
143.547,5873
143.547,5872
143.548,5871
143.548,5870
143.549,5869
143.549,5868
143.549,5867
143.549,5866
143.549,5865
143.550,5864
143.550,5863
143.550,5862
143.550,5861
143.550,5860
143.551,5859
143.551,5858
143.551,5857
143.552,5856
143.552,5855
143.553,5854
143.553,5853
143.553,5852
143.553,5851
143.554,5850
143.554,5849
143.554,5848
143.554,5847
143.555,5846
143.555,5845
143.555,5844
143.555,5843
143.556,5842
143.557,5841
143.557,5840
143.557,5839
143.557,5838
143.557,5837
143.558,5836
143.558,5835
143.558,5834
143.558,5833
143.558,5832
143.559,5831
143.559,5830
143.559,5829
143.559,5828
143.559,5827
143.559,5826
143.560,5825
143.560,5824
143.560,5823
143.560,5822
143.561,5821
143.561,5820
143.561,5819
143.561,5818
143.561,5817
143.562,5816
143.562,5815
143.562,5814
143.562,5813
143.563,5812
143.563,5811
143.563,5810
143.563,5809
143.563,5808
143.563,5807
143.563,5806
143.564,5805
143.564,5804
143.564,5803
143.564,5802
143.565,5801
143.565,5800
143.565,5799
143.565,5798
143.565,5797
143.565,5796
143.565,5795
143.566,5794
143.566,5793
143.566,5792
143.566,5791
143.566,5790
143.567,5789
143.567,5788
143.567,5787
143.567,5786
143.567,5785
143.567,5784
143.568,5783
143.568,5782
143.568,5781
143.568,5780
143.568,5779
143.569,5778
143.569,5777
143.569,5776
143.569,5775
143.569,5774
143.569,5773
143.570,5772
143.570,5771
143.570,5770
143.571,5769
143.571,5768
143.571,5767
143.571,5766
143.571,5765
143.572,5764
143.572,5763
143.572,5762
143.572,5761
143.572,5760
143.573,5759
143.573,5758
143.573,5757
143.573,5756
143.573,5755
143.574,5754
143.574,5753
143.575,5752
143.575,5751
143.575,5750
143.575,5749
143.575,5748
143.575,5747
143.576,5746
143.576,5745
143.576,5744
143.576,5743
143.576,5742
143.576,5741
143.577,5740
143.577,5739
143.577,5738
143.577,5737
143.577,5736
143.577,5735
143.578,5734
143.578,5733
143.578,5732
143.578,5731
143.578,5730
143.579,5729
143.579,5728
143.579,5727
143.579,5726
143.579,5725
143.579,5724
143.580,5723
143.580,5722
143.580,5721
143.580,5720
143.581,5719
143.581,5718
143.582,5717
143.582,5716
143.582,5715
143.583,5714
143.583,5713
143.583,5712
143.584,5711
143.584,5710
143.585,5709
143.586,5708
143.586,5707
143.587,5706
143.587,5705
143.588,5704
143.588,5703
143.589,5702
143.589,5701
143.590,5700
143.590,5699
143.590,5698
143.591,5697
143.591,5696
143.591,5695
143.592,5694
143.593,5693
143.593,5692
143.594,5691
143.594,5690
143.594,5689
143.594,5688
143.595,5687
143.596,5686
143.596,5685
143.596,5684
143.597,5683
143.598,5682
143.599,5681
143.599,5680
143.599,5679
143.600,5678
143.600,5677
143.601,5676
143.601,5675
143.602,5674
143.602,5673
143.602,5672
143.603,5671
143.603,5670
143.604,5669
143.604,5668
143.605,5667
143.605,5666
143.605,5665
143.605,5664
143.606,5663
143.606,5662
143.607,5661
143.607,5660
143.608,5659
143.609,5658
143.609,5657
143.610,5656
143.610,5655
143.611,5654
143.612,5653
143.612,5652
143.612,5651
143.612,5650
143.612,5649
143.612,5648
143.613,5647
143.614,5646
143.614,5645
143.614,5644
143.615,5643
143.615,5642
143.615,5641
143.616,5640
143.616,5639
143.617,5638
143.617,5637
143.617,5636
143.618,5635
143.618,5634
143.619,5633
143.620,5632
143.620,5631
143.620,5630
143.621,5629
143.621,5628
143.621,5627
143.621,5626
143.621,5625
143.622,5624
143.622,5623
143.622,5622
143.622,5621
143.623,5620
143.623,5619
143.624,5618
143.624,5617
143.624,5616
143.624,5615
143.625,5614
143.625,5613
143.625,5612
143.625,5611
143.626,5610
143.626,5609
143.626,5608
143.626,5607
143.627,5606
143.627,5605
143.627,5604
143.627,5603
143.627,5602
143.627,5601
143.628,5600
143.628,5599
143.628,5598
143.629,5597
143.629,5596
143.629,5595
143.630,5594
143.630,5593
143.631,5592
143.631,5591
143.631,5590
143.631,5589
143.632,5588
143.633,5587
143.633,5586
143.633,5585
143.633,5584
143.633,5583
143.635,5582
143.636,5581
143.636,5580
143.636,5579
143.637,5578
143.637,5577
143.637,5576
143.637,5575
143.638,5574
143.638,5573
143.638,5572
143.638,5571
143.639,5570
143.639,5569
143.639,5568
143.639,5567
143.639,5566
143.640,5565
143.640,5564
143.640,5563
143.640,5562
143.642,5561
143.642,5560
143.642,5559
143.642,5558
143.642,5557
143.643,5556
143.643,5555
143.644,5554
143.644,5553
143.644,5552
143.645,5551
143.645,5550
143.645,5549
143.646,5548
143.646,5547
143.646,5546
143.646,5545
143.646,5544
143.646,5543
143.647,5542
143.647,5541
143.647,5540
143.647,5539
143.648,5538
143.648,5537
143.648,5536
143.649,5535
143.649,5534
143.650,5533
143.650,5532
143.650,5531
143.650,5530
143.651,5529
143.651,5528
143.651,5527
143.651,5526
143.652,5525
143.652,5524
143.652,5523
143.653,5522
143.653,5521
143.653,5520
143.653,5519
143.654,5518
143.654,5517
143.655,5516
143.657,5515
143.657,5514
143.658,5513
143.658,5512
143.659,5511
143.660,5510
143.660,5509
143.661,5508
143.661,5507
143.661,5506
143.662,5505
143.662,5504
143.662,5503
143.663,5502
143.663,5501
143.664,5500
143.665,5499
143.665,5498
143.666,5497
143.667,5496
143.668,5495
143.669,5494
143.669,5493
143.671,5492
143.672,5491
143.673,5490
143.674,5489
143.674,5488
143.675,5487
143.675,5486
143.677,5485
143.679,5484
143.680,5483
143.680,5482
143.681,5481
143.681,5480
143.682,5479
143.682,5478
143.682,5477
143.683,5476
143.685,5475
143.685,5474
143.686,5473
143.687,5472
143.689,5471
143.689,5470
143.689,5469
143.690,5468
143.690,5467
143.690,5466
143.691,5465
143.692,5464
143.692,5463
143.693,5462
143.694,5461
143.694,5460
143.695,5459
143.695,5458
143.695,5457
143.696,5456
143.696,5455
143.697,5454
143.699,5453
143.699,5452
143.700,5451
143.701,5450
143.702,5449
143.702,5448
143.702,5447
143.703,5446
143.704,5445
143.704,5444
143.704,5443
143.705,5442
143.705,5441
143.706,5440
143.706,5439
143.706,5438
143.706,5437
143.707,5436
143.707,5435
143.708,5434
143.708,5433
143.708,5432
143.709,5431
143.709,5430
143.710,5429
143.710,5428
143.711,5427
143.711,5426
143.712,5425
143.712,5424
143.712,5423
143.713,5422
143.713,5421
143.713,5420
143.713,5419
143.714,5418
143.714,5417
143.715,5416
143.715,5415
143.716,5414
143.716,5413
143.717,5412
143.717,5411
143.717,5410
143.718,5409
143.718,5408
143.719,5407
143.719,5406
143.720,5405
143.720,5404
143.720,5403
143.720,5402
143.721,5401
143.721,5400
143.722,5399
143.722,5398
143.723,5397
143.723,5396
143.724,5395
143.725,5394
143.725,5393
143.725,5392
143.726,5391
143.726,5390
143.726,5389
143.727,5388
143.727,5387
143.727,5386
143.727,5385
143.728,5384
143.728,5383
143.729,5382
143.729,5381
143.730,5380
143.730,5379
143.731,5378
143.731,5377
143.732,5376
143.732,5375
143.733,5374
143.733,5373
143.733,5372
143.733,5371
143.738,5370
143.739,5369
143.741,5368
143.741,5367
143.742,5366
143.742,5365
143.743,5364
143.744,5363
143.746,5362
143.746,5361
143.746,5360
143.746,5359
143.747,5358
143.749,5357
143.750,5356
143.751,5355
143.753,5354
143.754,5353
143.754,5352
143.755,5351
143.756,5350
143.757,5349
143.758,5348
143.759,5347
143.759,5346
143.766,5345
143.766,5344
143.766,5343
143.767,5342
143.768,5341
143.769,5340
143.770,5339
143.773,5338
143.774,5337
143.774,5336
143.775,5335
143.776,5334
143.777,5333
143.779,5332
143.779,5331
143.779,5330
143.780,5329
143.780,5328
143.781,5327
143.782,5326
143.782,5325
143.785,5324
143.785,5323
143.786,5322
143.787,5321
143.788,5320
143.789,5319
143.789,5318
143.790,5317
143.791,5316
143.791,5315
143.792,5314
143.793,5313
143.793,5312
143.794,5311
143.794,5310
143.794,5309
143.795,5308
143.795,5307
143.796,5306
143.796,5305
143.796,5304
143.798,5303
143.799,5302
143.800,5301
143.800,5300
143.801,5299
143.802,5298
143.802,5297
143.803,5296
143.804,5295
143.805,5294
143.805,5293
143.805,5292
143.806,5291
143.807,5290
143.807,5289
143.808,5288
143.808,5287
143.809,5286
143.810,5285
143.810,5284
143.810,5283
143.811,5282
143.812,5281
143.814,5280
143.814,5279
143.814,5278
143.815,5277
143.815,5276
143.816,5275
143.816,5274
143.817,5273
143.817,5272
143.818,5271
143.818,5270
143.819,5269
143.819,5268
143.819,5267
143.820,5266
143.820,5265
143.821,5264
143.823,5263
143.823,5262
143.824,5261
143.825,5260
143.825,5259
143.826,5258
143.827,5257
143.827,5256
143.828,5255
143.828,5254
143.828,5253
143.828,5252
143.829,5251
143.829,5250
143.830,5249
143.831,5248
143.831,5247
143.831,5246
143.833,5245
143.834,5244
143.838,5243
143.838,5242
143.839,5241
143.840,5240
143.840,5239
143.840,5238
143.841,5237
143.841,5236
143.841,5235
143.842,5234
143.842,5233
143.843,5232
143.843,5231
143.843,5230
143.844,5229
143.845,5228
143.846,5227
143.847,5226
143.848,5225
143.848,5224
143.848,5223
143.849,5222
143.850,5221
143.851,5220
143.852,5219
143.855,5218
143.856,5217
143.856,5216
143.856,5215
143.858,5214
143.859,5213
143.859,5212
143.860,5211
143.860,5210
143.860,5209
143.862,5208
143.864,5207
143.865,5206
143.866,5205
143.867,5204
143.869,5203
143.870,5202
143.872,5201
143.874,5200
143.874,5199
143.875,5198
143.876,5197
143.877,5196
143.879,5195
143.880,5194
143.882,5193
143.884,5192
143.884,5191
143.884,5190
143.885,5189
143.885,5188
143.885,5187
143.887,5186
143.889,5185
143.890,5184
143.891,5183
143.892,5182
143.893,5181
143.898,5180
143.900,5179
143.900,5178
143.900,5177
143.901,5176
143.902,5175
143.902,5174
143.903,5173
143.903,5172
143.903,5171
143.904,5170
143.905,5169
143.905,5168
143.906,5167
143.907,5166
143.908,5165
143.909,5164
143.910,5163
143.912,5162
143.912,5161
143.914,5160
143.914,5159
143.914,5158
143.914,5157
143.915,5156
143.916,5155
143.917,5154
143.918,5153
143.919,5152
143.919,5151
143.919,5150
143.920,5149
143.920,5148
143.922,5147
143.922,5146
143.924,5145
143.926,5144
143.926,5143
143.926,5142
143.927,5141
143.928,5140
143.929,5139
143.930,5138
143.931,5137
143.932,5136
143.934,5135
143.935,5134
143.936,5133
143.937,5132
143.938,5131
143.939,5130
143.939,5129
143.941,5128
143.942,5127
143.944,5126
143.946,5125
143.949,5124
143.949,5123
143.950,5122
143.951,5121
143.952,5120
143.953,5119
143.954,5118
143.955,5117
143.956,5116
143.957,5115
143.958,5114
143.959,5113
143.960,5112
143.961,5111
143.962,5110
143.966,5109
143.967,5108
143.969,5107
143.970,5106
143.970,5105
143.973,5104
143.975,5103
143.978,5102
143.978,5101
143.981,5100
143.981,5099
143.982,5098
143.982,5097
143.984,5096
143.985,5095
143.985,5094
143.988,5093
143.989,5092
143.989,5091
143.995,5090
143.998,5089
143.999,5088
143.999,5087
144.003,5086
144.003,5085
144.004,5084
144.008,5083
144.011,5082
144.012,5081
144.012,5080
144.013,5079
144.013,5078
144.014,5077
144.016,5076
144.017,5075
144.019,5074
144.020,5073
144.022,5072
144.022,5071
144.024,5070
144.024,5069
144.025,5068
144.028,5067
144.029,5066
144.030,5065
144.031,5064
144.031,5063
144.032,5062
144.037,5061
144.038,5060
144.038,5059
144.039,5058
144.042,5057
144.046,5056
144.046,5055
144.049,5054
144.049,5053
144.052,5052
144.052,5051
144.053,5050
144.055,5049
144.057,5048
144.058,5047
144.059,5046
144.059,5045
144.060,5044
144.060,5043
144.060,5042
144.061,5041
144.062,5040
144.063,5039
144.063,5038
144.063,5037
144.064,5036
144.065,5035
144.065,5034
144.067,5033
144.068,5032
144.069,5031
144.069,5030
144.070,5029
144.071,5028
144.071,5027
144.071,5026
144.072,5025
144.073,5024
144.074,5023
144.079,5022
144.084,5021
144.085,5020
144.086,5019
144.087,5018
144.087,5017
144.088,5016
144.088,5015
144.089,5014
144.091,5013
144.093,5012
144.096,5011
144.099,5010
144.101,5009
144.103,5008
144.107,5007
144.110,5006
144.111,5005
144.116,5004
144.117,5003
144.118,5002
144.119,5001
144.120,5000
144.122,4999
144.124,4998
144.124,4997
144.124,4996
144.125,4995
144.127,4994
144.130,4993
144.139,4992
144.139,4991
144.141,4990
144.142,4989
144.145,4988
144.146,4987
144.148,4986
144.153,4985
144.153,4984
144.153,4983
144.154,4982
144.154,4981
144.156,4980
144.156,4979
144.157,4978
144.159,4977
144.159,4976
144.162,4975
144.163,4974
144.164,4973
144.168,4972
144.178,4971
144.180,4970
144.181,4969
144.183,4968
144.185,4967
144.186,4966
144.189,4965
144.191,4964
144.192,4963
144.192,4962
144.195,4961
144.196,4960
144.196,4959
144.201,4958
144.201,4957
144.204,4956
144.205,4955
144.206,4954
144.209,4953
144.209,4952
144.213,4951
144.215,4950
144.216,4949
144.217,4948
144.219,4947
144.220,4946
144.222,4945
144.226,4944
144.227,4943
144.228,4942
144.230,4941
144.231,4940
144.238,4939
144.238,4938
144.243,4937
144.245,4936
144.249,4935
144.252,4934
144.257,4933
144.258,4932
144.260,4931
144.261,4930
144.266,4929
144.269,4928
144.275,4927
144.276,4926
144.277,4925
144.280,4924
144.280,4923
144.283,4922
144.284,4921
144.285,4920
144.286,4919
144.287,4918
144.288,4917
144.293,4916
144.296,4915
144.298,4914
144.301,4913
144.302,4912
144.302,4911
144.304,4910
144.306,4909
144.306,4908
144.307,4907
144.312,4906
144.314,4905
144.315,4904
144.316,4903
144.316,4902
144.317,4901
144.321,4900
144.328,4899
144.336,4898
144.337,4897
144.340,4896
144.341,4895
144.343,4894
144.345,4893
144.349,4892
144.355,4891
144.357,4890
144.357,4889
144.359,4888
144.360,4887
144.366,4886
144.377,4885
144.379,4884
144.382,4883
144.386,4882
144.387,4881
144.388,4880
144.389,4879
144.390,4878
144.391,4877
144.397,4876
144.402,4875
144.404,4874
144.408,4873
144.410,4872
144.412,4871
144.413,4870
144.413,4869
144.414,4868
144.415,4867
144.415,4866
144.416,4865
144.419,4864
144.420,4863
144.423,4862
144.424,4861
144.427,4860
144.432,4859
144.433,4858
144.435,4857
144.436,4856
144.441,4855
144.443,4854
144.444,4853
144.448,4852
144.449,4851
144.451,4850
144.453,4849
144.455,4848
144.456,4847
144.456,4846
144.458,4845
144.459,4844
144.462,4843
144.472,4842
144.481,4841
144.483,4840
144.487,4839
144.489,4838
144.494,4837
144.501,4836
144.510,4835
144.516,4834
144.518,4833
144.521,4832
144.528,4831
144.533,4830
144.540,4829
144.541,4828
144.541,4827
144.542,4826
144.546,4825
144.549,4824
144.556,4823
144.558,4822
144.567,4821
144.572,4820
144.582,4819
144.584,4818
144.585,4817
144.588,4816
144.589,4815
144.592,4814
144.597,4813
144.603,4812
144.606,4811
144.611,4810
144.615,4809
144.617,4808
144.617,4807
144.618,4806
144.620,4805
144.626,4804
144.630,4803
144.638,4802
144.643,4801
144.644,4800
144.650,4799
144.659,4798
144.665,4797
144.666,4796
144.667,4795
144.676,4794
144.683,4793
144.689,4792
144.692,4791
144.699,4790
144.708,4789
144.710,4788
144.717,4787
144.719,4786
144.725,4785
144.728,4784
