6.796,10326
51.187,10325
51.187,10324
51.187,10323
51.187,10322
51.187,10321
51.188,10320
51.188,10319
51.188,10318
51.188,10317
51.188,10316
51.188,10315
51.188,10314
51.188,10313
51.188,10312
51.188,10311
51.188,10310
51.188,10309
51.188,10308
51.188,10307
51.188,10306
51.188,10305
51.188,10304
51.188,10303
51.188,10302
51.188,10301
51.188,10300
51.188,10299
51.188,10298
51.188,10297
51.188,10296
51.188,10295
51.188,10294
51.188,10293
51.188,10292
51.188,10291
51.188,10290
51.188,10289
51.188,10288
51.188,10287
51.188,10286
51.188,10285
51.188,10284
51.188,10283
51.189,10282
51.189,10281
51.189,10280
51.189,10279
51.189,10278
51.189,10277
51.189,10276
51.189,10275
51.189,10274
51.189,10273
51.189,10272
51.189,10271
51.189,10270
51.189,10269
51.189,10268
51.189,10267
51.189,10266
51.189,10265
51.189,10264
51.189,10263
51.189,10262
51.189,10261
51.189,10260
51.189,10259
51.189,10258
51.189,10257
51.189,10256
51.189,10255
51.189,10254
51.189,10253
51.189,10252
51.189,10251
51.189,10250
51.189,10249
51.190,10248
51.190,10247
51.190,10246
51.190,10245
51.190,10244
51.190,10243
51.190,10242
51.190,10241
51.190,10240
51.190,10239
51.190,10238
51.190,10237
51.190,10236
51.190,10235
51.190,10234
51.190,10233
51.190,10232
51.190,10231
51.190,10230
51.190,10229
51.190,10228
51.190,10227
51.190,10226
51.190,10225
51.190,10224
51.190,10223
51.190,10222
51.190,10221
51.190,10220
51.190,10219
51.190,10218
51.190,10217
51.190,10216
51.190,10215
51.190,10214
51.190,10213
51.190,10212
51.190,10211
51.190,10210
51.190,10209
51.190,10208
51.191,10207
51.191,10206
51.191,10205
51.191,10204
51.191,10203
51.191,10202
51.191,10201
51.191,10200
51.191,10199
51.191,10198
51.191,10197
51.191,10196
51.191,10195
51.191,10194
51.191,10193
51.191,10192
51.191,10191
51.191,10190
51.191,10189
51.191,10188
51.191,10187
51.191,10186
51.191,10185
51.191,10184
51.191,10183
51.191,10182
51.191,10181
51.191,10180
51.191,10179
51.191,10178
51.191,10177
51.191,10176
51.191,10175
51.191,10174
51.191,10173
51.191,10172
51.191,10171
51.191,10170
51.191,10169
51.191,10168
51.191,10167
51.191,10166
51.191,10165
51.191,10164
51.191,10163
51.191,10162
51.191,10161
51.191,10160
51.191,10159
51.191,10158
51.191,10157
51.191,10156
51.191,10155
51.191,10154
51.191,10153
51.191,10152
51.191,10151
51.191,10150
51.191,10149
51.191,10148
51.192,10147
51.192,10146
51.192,10145
51.192,10144
51.192,10143
51.192,10142
51.192,10141
51.192,10140
51.192,10139
51.192,10138
51.192,10137
51.192,10136
51.192,10135
51.192,10134
51.192,10133
51.192,10132
51.192,10131
51.192,10130
51.192,10129
51.192,10128
51.192,10127
51.192,10126
51.192,10125
51.192,10124
51.192,10123
51.192,10122
51.192,10121
51.192,10120
51.192,10119
51.192,10118
51.192,10117
51.192,10116
51.192,10115
51.192,10114
51.192,10113
51.192,10112
51.192,10111
51.192,10110
51.192,10109
51.192,10108
51.192,10107
51.192,10106
51.192,10105
51.192,10104
51.192,10103
51.192,10102
51.192,10101
51.192,10100
51.192,10099
51.192,10098
51.192,10097
51.192,10096
51.192,10095
51.192,10094
51.192,10093
51.192,10092
51.192,10091
51.192,10090
51.192,10089
51.192,10088
51.192,10087
51.192,10086
51.192,10085
51.192,10084
51.192,10083
51.192,10082
51.193,10081
51.193,10080
51.193,10079
51.193,10078
51.193,10077
51.193,10076
51.193,10075
51.193,10074
51.193,10073
51.193,10072
51.193,10071
51.193,10070
51.193,10069
51.193,10068
51.193,10067
51.193,10066
51.193,10065
51.193,10064
51.193,10063
51.193,10062
51.193,10061
51.193,10060
51.193,10059
51.193,10058
51.193,10057
51.193,10056
51.193,10055
51.193,10054
51.193,10053
51.193,10052
51.193,10051
51.193,10050
51.193,10049
51.193,10048
51.193,10047
51.193,10046
51.194,10045
51.194,10044
51.194,10043
51.194,10042
51.194,10041
51.194,10040
51.194,10039
51.194,10038
51.194,10037
51.194,10036
51.194,10035
51.194,10034
51.194,10033
51.194,10032
51.194,10031
51.194,10030
51.194,10029
51.194,10028
51.194,10027
51.195,10026
51.195,10025
51.195,10024
51.195,10023
51.195,10022
51.195,10021
51.195,10020
51.195,10019
51.195,10018
51.195,10017
51.195,10016
51.195,10015
51.195,10014
51.195,10013
51.195,10012
51.195,10011
51.195,10010
51.195,10009
51.195,10008
51.195,10007
51.195,10006
51.196,10005
51.196,10004
51.196,10003
51.196,10002
51.196,10001
51.196,10000
51.196,9999
51.196,9998
51.196,9997
51.196,9996
51.196,9995
51.196,9994
51.196,9993
51.196,9992
51.196,9991
51.196,9990
51.196,9989
51.196,9988
51.196,9987
51.196,9986
51.196,9985
51.196,9984
51.197,9983
51.197,9982
51.197,9981
51.197,9980
51.197,9979
51.197,9978
51.197,9977
51.197,9976
51.197,9975
51.197,9974
51.197,9973
51.197,9972
51.197,9971
51.197,9970
51.197,9969
51.197,9968
51.197,9967
51.197,9966
51.197,9965
51.197,9964
51.197,9963
51.197,9962
51.197,9961
51.197,9960
51.197,9959
51.197,9958
51.197,9957
51.197,9956
51.198,9955
51.198,9954
51.198,9953
51.198,9952
51.198,9951
51.198,9950
51.198,9949
51.198,9948
51.198,9947
51.198,9946
51.198,9945
51.198,9944
51.198,9943
51.198,9942
51.198,9941
51.198,9940
51.198,9939
51.198,9938
51.198,9937
51.198,9936
51.198,9935
51.198,9934
51.198,9933
51.198,9932
51.198,9931
51.198,9930
51.198,9929
51.198,9928
51.198,9927
51.198,9926
51.198,9925
51.198,9924
51.199,9923
51.199,9922
51.199,9921
51.199,9920
51.199,9919
51.199,9918
51.199,9917
51.199,9916
51.199,9915
51.199,9914
51.199,9913
51.199,9912
51.199,9911
51.199,9910
51.199,9909
51.199,9908
51.199,9907
51.199,9906
51.199,9905
51.199,9904
51.199,9903
51.199,9902
51.199,9901
51.199,9900
51.199,9899
51.199,9898
51.199,9897
51.200,9896
51.200,9895
51.200,9894
51.200,9893
51.200,9892
51.200,9891
51.200,9890
51.200,9889
51.200,9888
51.200,9887
51.200,9886
51.200,9885
51.200,9884
51.200,9883
51.200,9882
51.200,9881
51.200,9880
51.200,9879
51.200,9878
51.200,9877
51.200,9876
51.200,9875
51.200,9874
51.200,9873
51.200,9872
51.200,9871
51.200,9870
51.200,9869
51.200,9868
51.200,9867
51.201,9866
51.201,9865
51.201,9864
51.201,9863
51.201,9862
51.201,9861
51.201,9860
51.201,9859
51.201,9858
51.201,9857
51.201,9856
51.201,9855
51.201,9854
51.201,9853
51.201,9852
51.201,9851
51.201,9850
51.201,9849
51.201,9848
51.201,9847
51.201,9846
51.201,9845
51.201,9844
51.201,9843
51.201,9842
51.201,9841
51.201,9840
51.201,9839
51.201,9838
51.201,9837
51.201,9836
51.201,9835
51.201,9834
51.201,9833
51.202,9832
51.202,9831
51.202,9830
51.202,9829
51.202,9828
51.202,9827
51.202,9826
51.202,9825
51.202,9824
51.202,9823
51.202,9822
51.202,9821
51.202,9820
51.202,9819
51.202,9818
51.202,9817
51.202,9816
51.202,9815
51.202,9814
51.202,9813
51.202,9812
51.202,9811
51.202,9810
51.202,9809
51.203,9808
51.203,9807
51.203,9806
51.203,9805
51.203,9804
51.203,9803
51.203,9802
51.203,9801
51.203,9800
51.203,9799
51.203,9798
51.203,9797
51.203,9796
51.203,9795
51.203,9794
51.203,9793
51.203,9792
51.203,9791
51.203,9790
51.203,9789
51.203,9788
51.203,9787
51.203,9786
51.203,9785
51.204,9784
51.204,9783
51.204,9782
51.204,9781
51.204,9780
51.204,9779
51.204,9778
51.204,9777
51.204,9776
51.204,9775
51.204,9774
51.204,9773
51.204,9772
51.204,9771
51.204,9770
51.204,9769
51.204,9768
51.204,9767
51.204,9766
51.204,9765
51.204,9764
51.204,9763
51.204,9762
51.204,9761
51.204,9760
51.204,9759
51.205,9758
51.205,9757
51.205,9756
51.205,9755
51.205,9754
51.205,9753
51.205,9752
51.205,9751
51.205,9750
51.205,9749
51.205,9748
51.205,9747
51.205,9746
51.205,9745
51.205,9744
51.205,9743
51.205,9742
51.205,9741
51.205,9740
51.205,9739
51.205,9738
51.205,9737
51.205,9736
51.205,9735
51.205,9734
51.205,9733
51.205,9732
51.205,9731
51.205,9730
51.205,9729
51.205,9728
51.205,9727
51.205,9726
51.205,9725
51.205,9724
51.205,9723
51.205,9722
51.205,9721
51.205,9720
51.205,9719
51.205,9718
51.205,9717
51.205,9716
51.205,9715
51.205,9714
51.205,9713
51.205,9712
51.205,9711
51.206,9710
51.206,9709
51.206,9708
51.206,9707
51.206,9706
51.206,9705
51.206,9704
51.206,9703
51.206,9702
51.206,9701
51.206,9700
51.206,9699
51.206,9698
51.206,9697
51.206,9696
51.206,9695
51.206,9694
51.206,9693
51.206,9692
51.206,9691
51.206,9690
51.206,9689
51.206,9688
51.207,9687
51.207,9686
51.207,9685
51.207,9684
51.207,9683
51.207,9682
51.207,9681
51.207,9680
51.207,9679
51.207,9678
51.207,9677
51.207,9676
51.207,9675
51.207,9674
51.207,9673
51.207,9672
51.207,9671
51.207,9670
51.207,9669
51.207,9668
51.207,9667
51.207,9666
51.207,9665
51.207,9664
51.207,9663
51.208,9662
51.208,9661
51.208,9660
51.208,9659
51.208,9658
51.208,9657
51.208,9656
51.208,9655
51.208,9654
51.208,9653
51.208,9652
51.208,9651
51.208,9650
51.208,9649
51.208,9648
51.208,9647
51.208,9646
51.208,9645
51.208,9644
51.208,9643
51.208,9642
51.208,9641
51.208,9640
51.208,9639
51.208,9638
51.208,9637
51.208,9636
51.208,9635
51.209,9634
51.209,9633
51.209,9632
51.209,9631
51.209,9630
51.209,9629
51.209,9628
51.209,9627
51.209,9626
51.209,9625
51.209,9624
51.209,9623
51.209,9622
51.209,9621
51.209,9620
51.209,9619
51.209,9618
51.209,9617
51.209,9616
51.209,9615
51.209,9614
51.209,9613
51.209,9612
51.209,9611
51.209,9610
51.209,9609
51.209,9608
51.209,9607
51.209,9606
51.209,9605
51.209,9604
51.209,9603
51.209,9602
51.209,9601
51.209,9600
51.209,9599
51.209,9598
51.209,9597
51.209,9596
51.209,9595
51.209,9594
51.209,9593
51.209,9592
51.209,9591
51.209,9590
51.209,9589
51.210,9588
51.210,9587
51.210,9586
51.210,9585
51.210,9584
51.210,9583
51.210,9582
51.210,9581
51.210,9580
51.210,9579
51.210,9578
51.210,9577
51.210,9576
51.210,9575
51.210,9574
51.210,9573
51.210,9572
51.210,9571
51.210,9570
51.210,9569
51.210,9568
51.210,9567
51.210,9566
51.210,9565
51.210,9564
51.210,9563
51.211,9562
51.211,9561
51.211,9560
51.211,9559
51.211,9558
51.211,9557
51.211,9556
51.211,9555
51.211,9554
51.211,9553
51.211,9552
51.211,9551
51.211,9550
51.211,9549
51.211,9548
51.211,9547
51.211,9546
51.211,9545
51.211,9544
51.211,9543
51.211,9542
51.211,9541
51.211,9540
51.211,9539
51.211,9538
51.211,9537
51.212,9536
51.212,9535
51.212,9534
51.212,9533
51.212,9532
51.212,9531
51.212,9530
51.212,9529
51.212,9528
51.212,9527
51.212,9526
51.212,9525
51.212,9524
51.212,9523
51.212,9522
51.212,9521
51.212,9520
51.212,9519
51.212,9518
51.212,9517
51.212,9516
51.212,9515
51.212,9514
51.213,9513
51.213,9512
51.213,9511
51.213,9510
51.213,9509
51.213,9508
51.213,9507
51.213,9506
51.213,9505
51.213,9504
51.213,9503
51.213,9502
51.213,9501
51.213,9500
51.213,9499
51.213,9498
51.213,9497
51.213,9496
51.213,9495
51.213,9494
51.213,9493
51.213,9492
51.213,9491
51.213,9490
51.213,9489
51.213,9488
51.213,9487
51.213,9486
51.213,9485
51.213,9484
51.213,9483
51.213,9482
51.214,9481
51.214,9480
51.214,9479
51.214,9478
51.215,9477
51.215,9476
51.215,9475
51.215,9474
51.215,9473
51.216,9472
51.216,9471
51.216,9470
51.216,9469
51.216,9468
51.216,9467
51.216,9466
51.216,9465
51.216,9464
51.216,9463
51.216,9462
51.216,9461
51.216,9460
51.216,9459
51.216,9458
51.216,9457
51.216,9456
51.216,9455
51.217,9454
51.217,9453
51.217,9452
51.217,9451
51.217,9450
51.217,9449
51.217,9448
51.217,9447
51.217,9446
51.217,9445
51.217,9444
51.217,9443
51.217,9442
51.217,9441
51.217,9440
51.217,9439
51.217,9438
51.217,9437
51.217,9436
51.217,9435
51.218,9434
51.218,9433
51.218,9432
51.218,9431
51.218,9430
51.218,9429
51.218,9428
51.218,9427
51.218,9426
51.218,9425
51.218,9424
51.218,9423
51.218,9422
51.218,9421
51.218,9420
51.218,9419
51.218,9418
51.218,9417
51.218,9416
51.218,9415
51.218,9414
51.218,9413
51.218,9412
51.218,9411
51.218,9410
51.218,9409
51.218,9408
51.218,9407
51.218,9406
51.218,9405
51.218,9404
51.218,9403
51.218,9402
51.218,9401
51.218,9400
51.218,9399
51.218,9398
51.218,9397
51.218,9396
51.218,9395
51.219,9394
51.219,9393
51.219,9392
51.219,9391
51.219,9390
51.219,9389
51.219,9388
51.219,9387
51.219,9386
51.219,9385
51.219,9384
51.219,9383
51.219,9382
51.219,9381
51.219,9380
51.219,9379
51.219,9378
51.219,9377
51.219,9376
51.219,9375
51.219,9374
51.219,9373
51.219,9372
51.219,9371
51.219,9370
51.219,9369
51.219,9368
51.219,9367
51.219,9366
51.219,9365
51.219,9364
51.219,9363
51.219,9362
51.219,9361
51.220,9360
51.220,9359
51.220,9358
51.220,9357
51.220,9356
51.220,9355
51.220,9354
51.220,9353
51.220,9352
51.220,9351
51.220,9350
51.220,9349
51.220,9348
51.220,9347
51.220,9346
51.220,9345
51.220,9344
51.220,9343
51.220,9342
51.220,9341
51.220,9340
51.220,9339
51.220,9338
51.220,9337
51.220,9336
51.220,9335
51.220,9334
51.220,9333
51.220,9332
51.220,9331
51.220,9330
51.220,9329
51.220,9328
51.220,9327
51.220,9326
51.220,9325
51.220,9324
51.220,9323
51.220,9322
51.220,9321
51.220,9320
51.221,9319
51.221,9318
51.221,9317
51.221,9316
51.221,9315
51.221,9314
51.221,9313
51.222,9312
51.222,9311
51.222,9310
51.222,9309
51.222,9308
51.222,9307
51.222,9306
51.222,9305
51.222,9304
51.222,9303
51.222,9302
51.222,9301
51.222,9300
51.222,9299
51.222,9298
51.222,9297
51.222,9296
51.222,9295
51.222,9294
51.222,9293
51.222,9292
51.222,9291
51.222,9290
51.222,9289
51.222,9288
51.222,9287
51.222,9286
51.222,9285
51.222,9284
51.222,9283
51.222,9282
51.222,9281
51.222,9280
51.222,9279
51.222,9278
51.222,9277
51.222,9276
51.222,9275
51.222,9274
51.222,9273
51.222,9272
51.222,9271
51.222,9270
51.222,9269
51.222,9268
51.222,9267
51.222,9266
51.222,9265
51.222,9264
51.222,9263
51.222,9262
51.222,9261
51.222,9260
51.222,9259
51.222,9258
51.222,9257
51.222,9256
51.222,9255
51.222,9254
51.222,9253
51.223,9252
51.223,9251
51.223,9250
51.223,9249
51.223,9248
51.223,9247
51.223,9246
51.223,9245
51.223,9244
51.223,9243
51.223,9242
51.223,9241
51.223,9240
51.223,9239
51.223,9238
51.223,9237
51.223,9236
51.223,9235
51.223,9234
51.223,9233
51.223,9232
51.223,9231
51.223,9230
51.223,9229
51.223,9228
51.223,9227
51.223,9226
51.223,9225
51.223,9224
51.223,9223
51.223,9222
51.223,9221
51.223,9220
51.223,9219
51.223,9218
51.223,9217
51.223,9216
51.223,9215
51.223,9214
51.223,9213
51.223,9212
51.223,9211
51.223,9210
51.224,9209
51.224,9208
51.224,9207
51.224,9206
51.224,9205
51.224,9204
51.224,9203
51.224,9202
51.224,9201
51.224,9200
51.224,9199
51.224,9198
51.224,9197
51.224,9196
51.224,9195
51.224,9194
51.224,9193
51.224,9192
51.224,9191
51.224,9190
51.224,9189
51.224,9188
51.224,9187
51.224,9186
51.224,9185
51.224,9184
51.224,9183
51.224,9182
51.224,9181
51.224,9180
51.224,9179
51.224,9178
51.224,9177
51.224,9176
51.224,9175
51.224,9174
51.224,9173
51.224,9172
51.225,9171
51.225,9170
51.225,9169
51.225,9168
51.225,9167
51.225,9166
51.225,9165
51.225,9164
51.225,9163
51.225,9162
51.225,9161
51.225,9160
51.225,9159
51.225,9158
51.225,9157
51.225,9156
51.225,9155
51.225,9154
51.225,9153
51.225,9152
51.225,9151
51.225,9150
51.226,9149
51.226,9148
51.226,9147
51.226,9146
51.226,9145
51.226,9144
51.226,9143
51.226,9142
51.226,9141
51.226,9140
51.226,9139
51.226,9138
51.226,9137
51.226,9136
51.226,9135
51.226,9134
51.226,9133
51.226,9132
51.226,9131
51.226,9130
51.226,9129
51.226,9128
51.227,9127
51.227,9126
51.227,9125
51.227,9124
51.227,9123
51.227,9122
51.227,9121
51.227,9120
51.227,9119
51.227,9118
51.227,9117
51.227,9116
51.227,9115
51.227,9114
51.227,9113
51.227,9112
51.227,9111
51.227,9110
51.227,9109
51.228,9108
51.228,9107
51.228,9106
51.228,9105
51.228,9104
51.228,9103
51.228,9102
51.228,9101
51.228,9100
51.228,9099
51.228,9098
51.228,9097
51.228,9096
51.228,9095
51.228,9094
51.228,9093
51.228,9092
51.228,9091
51.229,9090
51.229,9089
51.229,9088
51.229,9087
51.229,9086
51.229,9085
51.229,9084
51.229,9083
51.229,9082
51.229,9081
51.229,9080
51.229,9079
51.229,9078
51.229,9077
51.229,9076
51.229,9075
51.230,9074
51.230,9073
51.230,9072
51.230,9071
51.230,9070
51.230,9069
51.230,9068
51.230,9067
51.230,9066
51.230,9065
51.230,9064
51.230,9063
51.230,9062
51.230,9061
51.230,9060
51.230,9059
51.230,9058
51.230,9057
51.230,9056
51.230,9055
51.231,9054
51.231,9053
51.231,9052
51.231,9051
51.231,9050
51.231,9049
51.231,9048
51.231,9047
51.231,9046
51.231,9045
51.231,9044
51.231,9043
51.231,9042
51.231,9041
51.231,9040
51.231,9039
51.231,9038
51.231,9037
51.231,9036
51.231,9035
51.231,9034
51.232,9033
51.232,9032
51.232,9031
51.232,9030
51.232,9029
51.232,9028
51.232,9027
51.232,9026
51.232,9025
51.232,9024
51.232,9023
51.232,9022
51.232,9021
51.232,9020
51.232,9019
51.232,9018
51.232,9017
51.232,9016
51.232,9015
51.232,9014
51.233,9013
51.233,9012
51.233,9011
51.233,9010
51.233,9009
51.233,9008
51.233,9007
51.233,9006
51.233,9005
51.233,9004
51.233,9003
51.233,9002
51.233,9001
51.233,9000
51.233,8999
51.233,8998
51.233,8997
51.233,8996
51.233,8995
51.233,8994
51.234,8993
51.234,8992
51.234,8991
51.234,8990
51.234,8989
51.234,8988
51.234,8987
51.234,8986
51.234,8985
51.234,8984
51.234,8983
51.234,8982
51.234,8981
51.234,8980
51.234,8979
51.234,8978
51.234,8977
51.234,8976
51.234,8975
51.234,8974
51.234,8973
51.235,8972
51.235,8971
51.235,8970
51.235,8969
51.235,8968
51.235,8967
51.235,8966
51.235,8965
51.235,8964
51.235,8963
51.235,8962
51.235,8961
51.235,8960
51.235,8959
51.235,8958
51.235,8957
51.235,8956
51.235,8955
51.235,8954
51.235,8953
51.236,8952
51.236,8951
51.236,8950
51.236,8949
51.236,8948
51.236,8947
51.236,8946
51.236,8945
51.236,8944
51.236,8943
51.236,8942
51.236,8941
51.236,8940
51.236,8939
51.236,8938
51.236,8937
51.236,8936
51.236,8935
51.236,8934
51.236,8933
51.237,8932
51.237,8931
51.237,8930
51.237,8929
51.237,8928
51.237,8927
51.237,8926
51.237,8925
51.237,8924
51.238,8923
51.238,8922
51.238,8921
51.238,8920
51.238,8919
51.238,8918
51.238,8917
51.238,8916
51.238,8915
51.238,8914
51.238,8913
51.239,8912
51.239,8911
51.239,8910
51.239,8909
51.239,8908
51.239,8907
51.239,8906
51.239,8905
51.239,8904
51.239,8903
51.239,8902
51.239,8901
51.239,8900
51.240,8899
51.240,8898
51.240,8897
51.240,8896
51.240,8895
51.240,8894
51.240,8893
51.240,8892
51.240,8891
51.240,8890
51.240,8889
51.240,8888
51.240,8887
51.240,8886
51.240,8885
51.240,8884
51.241,8883
51.241,8882
51.241,8881
51.241,8880
51.241,8879
51.241,8878
51.241,8877
51.241,8876
51.241,8875
51.241,8874
51.241,8873
51.241,8872
51.241,8871
51.241,8870
51.242,8869
51.242,8868
51.242,8867
51.242,8866
51.242,8865
51.242,8864
51.242,8863
51.242,8862
51.242,8861
51.242,8860
51.242,8859
51.242,8858
51.242,8857
51.242,8856
51.242,8855
51.242,8854
51.242,8853
51.242,8852
51.243,8851
51.243,8850
51.243,8849
51.243,8848
51.243,8847
51.243,8846
51.243,8845
51.243,8844
51.243,8843
51.243,8842
51.243,8841
51.243,8840
51.243,8839
51.243,8838
51.243,8837
51.243,8836
51.243,8835
51.243,8834
51.244,8833
51.244,8832
51.244,8831
51.244,8830
51.244,8829
51.244,8828
51.244,8827
51.244,8826
51.244,8825
51.244,8824
51.244,8823
51.244,8822
51.244,8821
51.244,8820
51.245,8819
51.245,8818
51.245,8817
51.245,8816
51.245,8815
51.245,8814
51.245,8813
51.245,8812
51.245,8811
51.245,8810
51.245,8809
51.245,8808
51.246,8807
51.246,8806
51.246,8805
51.246,8804
51.246,8803
51.246,8802
51.246,8801
51.246,8800
51.246,8799
51.246,8798
51.246,8797
51.247,8796
51.247,8795
51.247,8794
51.247,8793
51.247,8792
51.247,8791
51.248,8790
51.248,8789
51.248,8788
51.248,8787
51.248,8786
51.248,8785
51.248,8784
51.249,8783
51.249,8782
51.249,8781
51.249,8780
51.249,8779
51.249,8778
51.249,8777
51.249,8776
51.249,8775
51.249,8774
51.249,8773
51.249,8772
51.249,8771
51.249,8770
51.249,8769
51.250,8768
51.250,8767
51.250,8766
51.250,8765
51.250,8764
51.250,8763
51.250,8762
51.250,8761
51.250,8760
51.250,8759
51.250,8758
51.251,8757
51.251,8756
51.251,8755
51.251,8754
51.251,8753
51.251,8752
51.251,8751
51.252,8750
51.252,8749
51.252,8748
51.252,8747
51.252,8746
51.252,8745
51.252,8744
51.252,8743
51.252,8742
51.252,8741
51.252,8740
51.252,8739
51.252,8738
51.252,8737
51.253,8736
51.253,8735
51.253,8734
51.253,8733
51.253,8732
51.253,8731
51.253,8730
51.253,8729
51.253,8728
51.254,8727
51.254,8726
51.254,8725
51.254,8724
51.254,8723
51.254,8722
51.254,8721
51.254,8720
51.254,8719
51.254,8718
51.254,8717
51.255,8716
51.255,8715
51.255,8714
51.255,8713
51.255,8712
51.255,8711
51.255,8710
51.255,8709
51.255,8708
51.255,8707
51.255,8706
51.255,8705
51.255,8704
51.255,8703
51.255,8702
51.256,8701
51.256,8700
51.256,8699
51.256,8698
51.256,8697
51.256,8696
51.256,8695
51.256,8694
51.256,8693
51.256,8692
51.256,8691
51.256,8690
51.256,8689
51.256,8688
51.256,8687
51.256,8686
51.256,8685
51.257,8684
51.257,8683
51.257,8682
51.257,8681
51.257,8680
51.257,8679
51.257,8678
51.257,8677
51.257,8676
51.257,8675
51.257,8674
51.257,8673
51.257,8672
51.257,8671
51.257,8670
51.257,8669
51.258,8668
51.258,8667
51.258,8666
51.258,8665
51.258,8664
51.258,8663
51.258,8662
51.258,8661
51.258,8660
51.258,8659
51.258,8658
51.258,8657
51.259,8656
51.259,8655
51.259,8654
51.259,8653
51.259,8652
51.259,8651
51.259,8650
51.259,8649
51.259,8648
51.259,8647
51.259,8646
51.259,8645
51.259,8644
51.259,8643
51.259,8642
51.259,8641
51.260,8640
51.260,8639
51.260,8638
51.260,8637
51.260,8636
51.260,8635
51.260,8634
51.260,8633
51.260,8632
51.260,8631
51.260,8630
51.260,8629
51.260,8628
51.260,8627
51.260,8626
51.261,8625
51.261,8624
51.261,8623
51.261,8622
51.261,8621
51.261,8620
51.261,8619
51.261,8618
51.261,8617
51.261,8616
51.261,8615
51.261,8614
51.261,8613
51.261,8612
51.261,8611
51.261,8610
51.261,8609
51.262,8608
51.262,8607
51.262,8606
51.262,8605
51.262,8604
51.262,8603
51.262,8602
51.262,8601
51.262,8600
51.262,8599
51.262,8598
51.262,8597
51.262,8596
51.262,8595
51.263,8594
51.263,8593
51.263,8592
51.263,8591
51.263,8590
51.263,8589
51.263,8588
51.263,8587
51.263,8586
51.263,8585
51.263,8584
51.263,8583
51.263,8582
51.263,8581
51.263,8580
51.263,8579
51.263,8578
51.263,8577
51.264,8576
51.264,8575
51.264,8574
51.264,8573
51.264,8572
51.264,8571
51.264,8570
51.264,8569
51.264,8568
51.264,8567
51.264,8566
51.264,8565
51.264,8564
51.264,8563
51.265,8562
51.265,8561
51.265,8560
51.265,8559
51.265,8558
51.265,8557
51.265,8556
51.265,8555
51.265,8554
51.265,8553
51.265,8552
51.265,8551
51.265,8550
51.265,8549
51.265,8548
51.265,8547
51.266,8546
51.266,8545
51.266,8544
51.266,8543
51.266,8542
51.266,8541
51.266,8540
51.266,8539
51.266,8538
51.266,8537
51.266,8536
51.266,8535
51.266,8534
51.267,8533
51.267,8532
51.267,8531
51.267,8530
51.267,8529
51.267,8528
51.267,8527
51.267,8526
51.267,8525
51.267,8524
51.267,8523
51.267,8522
51.267,8521
51.267,8520
51.267,8519
51.267,8518
51.267,8517
51.268,8516
51.268,8515
51.268,8514
51.268,8513
51.268,8512
51.268,8511
51.268,8510
51.268,8509
51.268,8508
51.268,8507
51.268,8506
51.268,8505
51.268,8504
51.268,8503
51.268,8502
51.268,8501
51.269,8500
51.269,8499
51.269,8498
51.269,8497
51.269,8496
51.269,8495
51.269,8494
51.269,8493
51.269,8492
51.269,8491
51.269,8490
51.269,8489
51.269,8488
51.269,8487
51.269,8486
51.269,8485
51.269,8484
51.269,8483
51.269,8482
51.269,8481
51.269,8480
51.270,8479
51.270,8478
51.270,8477
51.270,8476
51.270,8475
51.270,8474
51.270,8473
51.270,8472
51.270,8471
51.270,8470
51.270,8469
51.270,8468
51.270,8467
51.270,8466
51.270,8465
51.270,8464
51.270,8463
51.270,8462
51.271,8461
51.271,8460
51.271,8459
51.271,8458
51.271,8457
51.271,8456
51.271,8455
51.271,8454
51.271,8453
51.271,8452
51.271,8451
51.271,8450
51.271,8449
51.271,8448
51.271,8447
51.271,8446
51.271,8445
51.271,8444
51.272,8443
51.272,8442
51.272,8441
51.272,8440
51.272,8439
51.272,8438
51.272,8437
51.272,8436
51.272,8435
51.272,8434
51.272,8433
51.272,8432
51.272,8431
51.273,8430
51.273,8429
51.273,8428
51.273,8427
51.273,8426
51.273,8425
51.273,8424
51.273,8423
51.273,8422
51.273,8421
51.273,8420
51.273,8419
51.273,8418
51.273,8417
51.274,8416
51.274,8415
51.274,8414
51.274,8413
51.274,8412
51.274,8411
51.274,8410
51.274,8409
51.274,8408
51.274,8407
51.274,8406
51.274,8405
51.274,8404
51.275,8403
51.275,8402
51.275,8401
51.275,8400
51.275,8399
51.275,8398
51.275,8397
51.275,8396
51.275,8395
51.275,8394
51.275,8393
51.275,8392
51.275,8391
51.275,8390
51.276,8389
51.276,8388
51.276,8387
51.276,8386
51.276,8385
51.276,8384
51.276,8383
51.276,8382
51.276,8381
51.276,8380
51.276,8379
51.276,8378
51.277,8377
51.277,8376
51.277,8375
51.277,8374
51.277,8373
51.277,8372
51.277,8371
51.277,8370
51.277,8369
51.277,8368
51.277,8367
51.277,8366
51.278,8365
51.278,8364
51.278,8363
51.278,8362
51.278,8361
51.278,8360
51.279,8359
51.279,8358
51.279,8357
51.279,8356
51.279,8355
51.279,8354
51.279,8353
51.281,8352
51.283,8351
51.286,8350
51.286,8349
51.286,8348
51.286,8347
51.286,8346
51.287,8345
51.287,8344
51.287,8343
51.287,8342
51.287,8341
51.287,8340
51.287,8339
51.287,8338
51.287,8337
51.287,8336
51.287,8335
51.287,8334
51.287,8333
51.287,8332
51.287,8331
51.288,8330
51.288,8329
51.289,8328
51.289,8327
51.289,8326
51.289,8325
51.289,8324
51.289,8323
51.289,8322
51.291,8321
51.294,8320
51.294,8319
51.294,8318
51.294,8317
51.295,8316
51.295,8315
51.296,8314
51.296,8313
51.296,8312
51.296,8311
51.296,8310
51.297,8309
51.297,8308
51.297,8307
51.297,8306
51.297,8305
51.297,8304
51.297,8303
51.297,8302
51.297,8301
51.297,8300
51.298,8299
51.298,8298
51.298,8297
51.298,8296
51.298,8295
51.300,8294
51.300,8293
51.301,8292
51.301,8291
51.301,8290
51.301,8289
51.304,8288
51.304,8287
51.304,8286
51.304,8285
51.304,8284
51.305,8283
51.305,8282
51.305,8281
51.306,8280
51.306,8279
51.306,8278
51.306,8277
51.306,8276
51.306,8275
51.306,8274
51.307,8273
51.307,8272
51.307,8271
51.307,8270
51.307,8269
51.307,8268
51.307,8267
51.307,8266
51.307,8265
51.307,8264
51.308,8263
51.308,8262
51.308,8261
51.308,8260
51.308,8259
51.308,8258
51.308,8257
51.308,8256
51.308,8255
51.308,8254
51.309,8253
51.309,8252
51.309,8251
51.309,8250
51.309,8249
51.309,8248
51.309,8247
51.309,8246
51.310,8245
51.310,8244
51.310,8243
51.310,8242
51.310,8241
51.310,8240
51.310,8239
51.310,8238
51.311,8237
51.311,8236
51.311,8235
51.311,8234
51.311,8233
51.311,8232
51.311,8231
51.311,8230
51.311,8229
51.311,8228
51.311,8227
51.312,8226
51.312,8225
51.312,8224
51.312,8223
51.312,8222
51.312,8221
51.312,8220
51.312,8219
51.313,8218
51.313,8217
51.313,8216
51.313,8215
51.313,8214
51.313,8213
51.313,8212
51.314,8211
51.314,8210
51.314,8209
51.314,8208
51.314,8207
51.315,8206
51.315,8205
51.315,8204
51.315,8203
51.315,8202
51.318,8201
51.320,8200
51.320,8199
51.320,8198
51.323,8197
51.323,8196
51.323,8195
51.324,8194
51.324,8193
51.324,8192
51.324,8191
51.324,8190
51.324,8189
51.324,8188
51.324,8187
51.325,8186
51.325,8185
51.325,8184
51.325,8183
51.325,8182
51.326,8181
51.326,8180
51.326,8179
51.326,8178
51.326,8177
51.326,8176
51.327,8175
51.327,8174
51.327,8173
51.327,8172
51.327,8171
51.328,8170
51.357,8169
51.370,8168
51.398,8167
51.398,8166
51.403,8165
51.404,8164
51.406,8163
51.407,8162
51.407,8161
51.407,8160
51.413,8159
51.433,8158
51.435,8157
51.441,8156
51.444,8155
51.455,8154
51.456,8153
51.469,8152
51.470,8151
51.471,8150
51.471,8149
51.472,8148
51.472,8147
51.473,8146
51.473,8145
51.474,8144
51.474,8143
51.475,8142
51.475,8141
51.475,8140
51.475,8139
51.476,8138
51.476,8137
51.478,8136
51.478,8135
51.479,8134
51.479,8133
51.480,8132
51.480,8131
51.480,8130
51.480,8129
51.481,8128
51.481,8127
51.481,8126
51.482,8125
51.482,8124
51.484,8123
51.484,8122
51.485,8121
51.485,8120
51.486,8119
51.486,8118
51.486,8117
51.487,8116
51.487,8115
51.488,8114
51.489,8113
51.489,8112
51.490,8111
51.490,8110
51.490,8109
51.490,8108
51.491,8107
51.491,8106
51.491,8105
51.491,8104
51.492,8103
51.492,8102
51.492,8101
51.492,8100
51.493,8099
51.493,8098
51.493,8097
51.494,8096
51.494,8095
51.494,8094
51.495,8093
51.496,8092
51.496,8091
51.496,8090
51.496,8089
51.496,8088
51.496,8087
51.497,8086
51.497,8085
51.498,8084
51.498,8083
51.498,8082
51.498,8081
51.499,8080
51.499,8079
51.499,8078
51.500,8077
51.501,8076
51.501,8075
51.501,8074
51.501,8073
51.502,8072
51.502,8071
51.502,8070
51.503,8069
51.503,8068
51.504,8067
51.504,8066
51.504,8065
51.505,8064
51.505,8063
51.505,8062
51.506,8061
51.506,8060
51.506,8059
51.507,8058
51.507,8057
51.508,8056
51.508,8055
51.508,8054
51.509,8053
51.509,8052
51.509,8051
51.510,8050
51.510,8049
51.511,8048
51.511,8047
51.511,8046
51.511,8045
51.512,8044
51.512,8043
51.512,8042
51.513,8041
51.513,8040
51.513,8039
51.513,8038
51.513,8037
51.514,8036
51.514,8035
51.515,8034
51.515,8033
51.515,8032
51.515,8031
51.516,8030
51.516,8029
51.516,8028
51.516,8027
51.517,8026
51.517,8025
51.517,8024
51.518,8023
51.518,8022
51.519,8021
51.519,8020
51.519,8019
51.520,8018
51.520,8017
51.521,8016
51.521,8015
51.521,8014
51.522,8013
51.523,8012
51.523,8011
51.523,8010
51.524,8009
51.525,8008
51.526,8007
51.526,8006
51.526,8005
51.527,8004
51.528,8003
51.528,8002
51.529,8001
51.529,8000
51.530,7999
51.530,7998
51.531,7997
51.531,7996
51.532,7995
51.533,7994
51.533,7993
51.534,7992
51.534,7991
51.534,7990
51.535,7989
51.535,7988
51.536,7987
51.536,7986
51.537,7985
51.538,7984
51.538,7983
51.539,7982
51.539,7981
51.539,7980
51.539,7979
51.540,7978
51.541,7977
51.541,7976
51.541,7975
51.542,7974
51.542,7973
51.542,7972
51.543,7971
51.544,7970
51.544,7969
51.545,7968
51.546,7967
51.546,7966
51.546,7965
51.547,7964
51.547,7963
51.548,7962
51.549,7961
51.549,7960
51.549,7959
51.550,7958
51.550,7957
51.550,7956
51.550,7955
51.551,7954
51.551,7953
51.551,7952
51.552,7951
51.552,7950
51.555,7949
51.555,7948
51.556,7947
51.556,7946
51.556,7945
51.556,7944
51.557,7943
51.557,7942
51.558,7941
51.558,7940
51.559,7939
51.559,7938
51.560,7937
51.560,7936
51.560,7935
51.561,7934
51.562,7933
51.562,7932
51.562,7931
51.566,7930
51.567,7929
51.567,7928
51.568,7927
51.571,7926
51.575,7925
51.576,7924
51.578,7923
51.579,7922
51.580,7921
51.581,7920
51.582,7919
51.584,7918
51.585,7917
51.588,7916
51.588,7915
51.591,7914
51.591,7913
51.593,7912
51.594,7911
51.594,7910
51.594,7909
51.598,7908
51.598,7907
51.599,7906
51.600,7905
51.600,7904
51.601,7903
51.602,7902
51.603,7901
51.603,7900
51.604,7899
51.605,7898
51.605,7897
51.606,7896
51.606,7895
51.607,7894
51.607,7893
51.608,7892
51.608,7891
51.608,7890
51.608,7889
51.609,7888
51.610,7887
51.611,7886
51.612,7885
51.612,7884
51.613,7883
51.613,7882
51.614,7881
51.614,7880
51.614,7879
51.615,7878
51.615,7877
51.616,7876
51.616,7875
51.617,7874
51.617,7873
51.618,7872
51.618,7871
51.619,7870
51.619,7869
51.620,7868
51.620,7867
51.621,7866
51.622,7865
51.622,7864
51.623,7863
51.623,7862
51.624,7861
51.624,7860
51.625,7859
51.625,7858
51.625,7857
51.625,7856
51.626,7855
51.627,7854
51.629,7853
51.630,7852
51.631,7851
51.632,7850
51.633,7849
51.634,7848
51.635,7847
51.638,7846
51.638,7845
51.638,7844
51.640,7843
51.641,7842
51.646,7841
51.658,7840
51.659,7839
51.659,7838
51.659,7837
51.659,7836
51.660,7835
51.660,7834
51.661,7833
51.661,7832
51.661,7831
51.662,7830
51.666,7829
51.669,7828
51.673,7827
51.673,7826
51.676,7825
51.676,7824
51.676,7823
51.676,7822
51.677,7821
51.677,7820
51.678,7819
51.678,7818
51.678,7817
51.679,7816
51.679,7815
51.679,7814
51.680,7813
51.680,7812
51.680,7811
51.681,7810
51.681,7809
51.682,7808
51.682,7807
51.682,7806
51.682,7805
51.684,7804
51.684,7803
51.684,7802
51.684,7801
51.685,7800
51.685,7799
51.686,7798
51.686,7797
51.687,7796
51.688,7795
51.688,7794
51.689,7793
51.690,7792
51.690,7791
51.691,7790
51.692,7789
51.694,7788
51.694,7787
51.695,7786
51.697,7785
51.699,7784
51.700,7783
51.702,7782
51.702,7781
51.703,7780
51.704,7779
51.704,7778
51.706,7777
51.713,7776
51.714,7775
51.714,7774
51.718,7773
51.719,7772
51.720,7771
51.721,7770
51.722,7769
51.722,7768
51.723,7767
51.723,7766
51.728,7765
51.738,7764
51.740,7763
51.741,7762
51.743,7761
51.743,7760
51.743,7759
51.744,7758
51.745,7757
51.746,7756
51.747,7755
51.748,7754
51.748,7753
51.749,7752
51.749,7751
51.752,7750
51.753,7749
51.758,7748
51.759,7747
51.760,7746
51.761,7745
51.762,7744
51.763,7743
51.763,7742
51.764,7741
51.764,7740
51.765,7739
51.765,7738
51.767,7737
51.768,7736
51.769,7735
51.771,7734
51.772,7733
51.773,7732
51.774,7731
51.775,7730
51.776,7729
51.778,7728
51.780,7727
51.781,7726
51.784,7725
51.785,7724
51.786,7723
51.786,7722
51.789,7721
51.790,7720
51.791,7719
51.792,7718
51.793,7717
51.794,7716
51.796,7715
51.797,7714
51.798,7713
51.799,7712
51.800,7711
51.801,7710
51.802,7709
51.802,7708
51.805,7707
51.806,7706
51.807,7705
51.809,7704
51.811,7703
51.812,7702
51.816,7701
51.817,7700
51.818,7699
51.819,7698
51.820,7697
51.821,7696
51.822,7695
51.823,7694
51.825,7693
51.827,7692
51.829,7691
51.832,7690
51.832,7689
51.834,7688
51.835,7687
51.835,7686
51.836,7685
51.840,7684
51.841,7683
51.842,7682
51.842,7681
51.845,7680
51.846,7679
51.847,7678
51.848,7677
51.848,7676
51.849,7675
51.851,7674
51.851,7673
51.852,7672
51.852,7671
51.853,7670
51.854,7669
51.855,7668
51.855,7667
51.858,7666
51.859,7665
51.861,7664
51.862,7663
51.864,7662
51.865,7661
51.865,7660
51.867,7659
51.869,7658
51.869,7657
51.870,7656
51.871,7655
51.873,7654
51.874,7653
51.875,7652
51.877,7651
51.878,7650
51.878,7649
51.881,7648
51.883,7647
51.884,7646
51.885,7645
51.886,7644
51.886,7643
51.887,7642
51.888,7641
51.888,7640
51.889,7639
51.889,7638
51.891,7637
51.891,7636
51.893,7635
51.896,7634
51.897,7633
51.898,7632
51.901,7631
51.901,7630
51.905,7629
51.906,7628
51.907,7627
51.908,7626
51.908,7625
51.910,7624
51.911,7623
51.912,7622
51.912,7621
51.913,7620
51.914,7619
51.915,7618
51.916,7617
51.917,7616
51.918,7615
51.919,7614
51.920,7613
51.921,7612
51.923,7611
51.924,7610
51.925,7609
51.925,7608
51.926,7607
51.928,7606
51.929,7605
51.931,7604
51.931,7603
51.932,7602
51.933,7601
51.935,7600
51.937,7599
51.937,7598
51.938,7597
51.939,7596
51.941,7595
51.941,7594
51.943,7593
51.945,7592
51.946,7591
51.948,7590
51.950,7589
51.952,7588
51.956,7587
51.958,7586
51.959,7585
51.960,7584
51.962,7583
51.963,7582
51.964,7581
51.964,7580
51.965,7579
51.966,7578
51.969,7577
51.971,7576
51.972,7575
51.976,7574
51.977,7573
51.977,7572
51.979,7571
51.980,7570
51.981,7569
51.982,7568
51.982,7567
51.984,7566
51.985,7565
51.986,7564
51.987,7563
51.987,7562
51.989,7561
51.991,7560
51.993,7559
51.997,7558
51.997,7557
51.998,7556
52.001,7555
52.002,7554
52.003,7553
52.003,7552
52.005,7551
52.008,7550
52.009,7549
52.010,7548
52.010,7547
52.012,7546
52.012,7545
52.012,7544
52.013,7543
52.014,7542
52.014,7541
52.015,7540
52.016,7539
52.018,7538
52.018,7537
52.021,7536
52.023,7535
52.026,7534
52.028,7533
52.031,7532
52.033,7531
52.035,7530
52.036,7529
52.037,7528
52.038,7527
52.039,7526
52.039,7525
52.040,7524
52.041,7523
52.041,7522
52.043,7521
52.044,7520
52.045,7519
52.046,7518
52.047,7517
52.049,7516
52.050,7515
52.050,7514
52.051,7513
52.052,7512
52.054,7511
52.055,7510
52.055,7509
52.057,7508
52.060,7507
52.060,7506
52.060,7505
52.063,7504
52.064,7503
52.065,7502
52.066,7501
52.066,7500
52.067,7499
52.068,7498
52.071,7497
52.072,7496
52.074,7495
52.075,7494
52.077,7493
52.078,7492
52.078,7491
52.079,7490
52.081,7489
52.083,7488
52.084,7487
52.085,7486
52.085,7485
52.086,7484
52.088,7483
52.089,7482
52.090,7481
52.091,7480
52.091,7479
52.093,7478
52.093,7477
52.094,7476
52.095,7475
52.097,7474
52.098,7473
52.099,7472
52.101,7471
52.102,7470
52.104,7469
52.106,7468
52.106,7467
52.113,7466
52.114,7465
52.115,7464
52.118,7463
52.124,7462
52.126,7461
52.141,7460
52.150,7459
52.151,7458
52.155,7457
52.159,7456
52.160,7455
52.161,7454
52.161,7453
52.162,7452
52.162,7451
52.163,7450
52.164,7449
52.164,7448
52.165,7447
52.165,7446
52.165,7445
52.166,7444
52.166,7443
52.167,7442
52.167,7441
52.168,7440
52.171,7439
52.172,7438
52.172,7437
52.173,7436
52.174,7435
52.178,7434
52.178,7433
52.179,7432
52.179,7431
52.180,7430
52.180,7429
52.181,7428
52.182,7427
52.183,7426
52.183,7425
52.184,7424
52.184,7423
52.185,7422
52.186,7421
52.186,7420
52.186,7419
52.187,7418
52.187,7417
52.188,7416
52.188,7415
52.189,7414
52.189,7413
52.189,7412
52.190,7411
52.190,7410
52.190,7409
52.191,7408
52.191,7407
52.192,7406
52.192,7405
52.192,7404
52.193,7403
52.193,7402
52.194,7401
52.195,7400
52.196,7399
52.198,7398
52.202,7397
52.204,7396
52.205,7395
52.207,7394
52.207,7393
52.210,7392
52.211,7391
52.215,7390
52.218,7389
52.219,7388
52.222,7387
52.227,7386
52.231,7385
52.234,7384
52.234,7383
52.245,7382
52.247,7381
52.249,7380
52.249,7379
52.250,7378
52.257,7377
52.258,7376
52.260,7375
52.282,7374
52.289,7373
52.343,7372
52.357,7371
52.513,7370
52.607,7369
52.608,7368
52.612,7367
52.614,7366
52.616,7365
52.617,7364
52.618,7363
52.620,7362
52.622,7361
52.624,7360
52.627,7359
52.634,7358
52.644,7357
