3.548,10686
46.325,10685
46.325,10684
46.325,10683
46.326,10682
46.326,10681
46.327,10680
46.327,10679
46.330,10678
46.331,10677
46.331,10676
46.332,10675
46.332,10674
46.332,10673
46.332,10672
46.333,10671
46.334,10670
46.334,10669
46.334,10668
46.335,10667
46.335,10666
46.335,10665
46.336,10664
46.336,10663
46.336,10662
46.337,10661
46.338,10660
46.338,10659
46.338,10658
46.338,10657
46.338,10656
46.339,10655
46.339,10654
46.339,10653
46.339,10652
46.339,10651
46.339,10650
46.339,10649
46.339,10648
46.339,10647
46.340,10646
46.340,10645
46.340,10644
46.340,10643
46.340,10642
46.340,10641
46.340,10640
46.340,10639
46.341,10638
46.341,10637
46.341,10636
46.341,10635
46.341,10634
46.341,10633
46.342,10632
46.342,10631
46.342,10630
46.342,10629
46.342,10628
46.342,10627
46.342,10626
46.342,10625
46.342,10624
46.343,10623
46.343,10622
46.343,10621
46.343,10620
46.343,10619
46.343,10618
46.343,10617
46.343,10616
46.343,10615
46.343,10614
46.343,10613
46.344,10612
46.344,10611
46.344,10610
46.344,10609
46.344,10608
46.344,10607
46.344,10606
46.344,10605
46.344,10604
46.344,10603
46.344,10602
46.345,10601
46.345,10600
46.345,10599
46.345,10598
46.345,10597
46.345,10596
46.345,10595
46.346,10594
46.346,10593
46.346,10592
46.346,10591
46.346,10590
46.346,10589
46.347,10588
46.347,10587
46.347,10586
46.348,10585
46.348,10584
46.348,10583
46.348,10582
46.348,10581
46.348,10580
46.348,10579
46.348,10578
46.348,10577
46.348,10576
46.348,10575
46.349,10574
46.349,10573
46.349,10572
46.349,10571
46.349,10570
46.349,10569
46.349,10568
46.349,10567
46.349,10566
46.350,10565
46.350,10564
46.350,10563
46.350,10562
46.350,10561
46.350,10560
46.350,10559
46.350,10558
46.350,10557
46.350,10556
46.351,10555
46.351,10554
46.351,10553
46.351,10552
46.351,10551
46.351,10550
46.351,10549
46.351,10548
46.351,10547
46.351,10546
46.351,10545
46.352,10544
46.352,10543
46.352,10542
46.352,10541
46.352,10540
46.352,10539
46.352,10538
46.352,10537
46.352,10536
46.352,10535
46.352,10534
46.352,10533
46.352,10532
46.353,10531
46.353,10530
46.353,10529
46.353,10528
46.353,10527
46.353,10526
46.353,10525
46.353,10524
46.353,10523
46.353,10522
46.353,10521
46.353,10520
46.353,10519
46.353,10518
46.353,10517
46.353,10516
46.354,10515
46.354,10514
46.354,10513
46.354,10512
46.354,10511
46.354,10510
46.354,10509
46.354,10508
46.354,10507
46.354,10506
46.354,10505
46.354,10504
46.354,10503
46.354,10502
46.355,10501
46.355,10500
46.355,10499
46.355,10498
46.355,10497
46.355,10496
46.355,10495
46.355,10494
46.355,10493
46.355,10492
46.356,10491
46.356,10490
46.356,10489
46.356,10488
46.356,10487
46.356,10486
46.356,10485
46.356,10484
46.356,10483
46.356,10482
46.356,10481
46.356,10480
46.356,10479
46.356,10478
46.357,10477
46.357,10476
46.357,10475
46.357,10474
46.357,10473
46.357,10472
46.357,10471
46.357,10470
46.357,10469
46.357,10468
46.357,10467
46.358,10466
46.358,10465
46.358,10464
46.358,10463
46.358,10462
46.358,10461
46.358,10460
46.358,10459
46.358,10458
46.358,10457
46.358,10456
46.358,10455
46.358,10454
46.358,10453
46.359,10452
46.359,10451
46.359,10450
46.359,10449
46.359,10448
46.359,10447
46.359,10446
46.359,10445
46.359,10444
46.359,10443
46.359,10442
46.359,10441
46.359,10440
46.359,10439
46.360,10438
46.360,10437
46.360,10436
46.360,10435
46.360,10434
46.360,10433
46.360,10432
46.360,10431
46.361,10430
46.362,10429
46.362,10428
46.362,10427
46.362,10426
46.362,10425
46.362,10424
46.362,10423
46.362,10422
46.363,10421
46.363,10420
46.363,10419
46.363,10418
46.363,10417
46.364,10416
46.364,10415
46.364,10414
46.364,10413
46.364,10412
46.364,10411
46.364,10410
46.364,10409
46.364,10408
46.364,10407
46.364,10406
46.364,10405
46.364,10404
46.364,10403
46.364,10402
46.364,10401
46.364,10400
46.364,10399
46.364,10398
46.364,10397
46.364,10396
46.364,10395
46.365,10394
46.365,10393
46.365,10392
46.365,10391
46.365,10390
46.365,10389
46.365,10388
46.365,10387
46.365,10386
46.365,10385
46.365,10384
46.365,10383
46.365,10382
46.365,10381
46.365,10380
46.365,10379
46.365,10378
46.365,10377
46.365,10376
46.365,10375
46.365,10374
46.365,10373
46.365,10372
46.365,10371
46.365,10370
46.366,10369
46.366,10368
46.366,10367
46.366,10366
46.366,10365
46.366,10364
46.366,10363
46.366,10362
46.366,10361
46.366,10360
46.366,10359
46.366,10358
46.366,10357
46.366,10356
46.366,10355
46.366,10354
46.366,10353
46.366,10352
46.366,10351
46.366,10350
46.367,10349
46.367,10348
46.367,10347
46.367,10346
46.367,10345
46.367,10344
46.367,10343
46.367,10342
46.367,10341
46.367,10340
46.367,10339
46.368,10338
46.368,10337
46.368,10336
46.368,10335
46.369,10334
46.369,10333
46.370,10332
46.370,10331
46.370,10330
46.370,10329
46.370,10328
46.370,10327
46.370,10326
46.370,10325
46.370,10324
46.370,10323
46.370,10322
46.371,10321
46.371,10320
46.371,10319
46.371,10318
46.371,10317
46.371,10316
46.371,10315
46.371,10314
46.371,10313
46.371,10312
46.371,10311
46.371,10310
46.371,10309
46.372,10308
46.372,10307
46.372,10306
46.372,10305
46.372,10304
46.373,10303
46.373,10302
46.373,10301
46.373,10300
46.373,10299
46.373,10298
46.373,10297
46.373,10296
46.373,10295
46.373,10294
46.373,10293
46.373,10292
46.373,10291
46.373,10290
46.373,10289
46.374,10288
46.374,10287
46.374,10286
46.374,10285
46.374,10284
46.374,10283
46.374,10282
46.374,10281
46.374,10280
46.374,10279
46.374,10278
46.374,10277
46.374,10276
46.374,10275
46.374,10274
46.374,10273
46.374,10272
46.375,10271
46.375,10270
46.375,10269
46.375,10268
46.375,10267
46.375,10266
46.375,10265
46.375,10264
46.375,10263
46.375,10262
46.375,10261
46.375,10260
46.375,10259
46.375,10258
46.375,10257
46.375,10256
46.376,10255
46.376,10254
46.376,10253
46.376,10252
46.376,10251
46.376,10250
46.376,10249
46.376,10248
46.376,10247
46.376,10246
46.376,10245
46.376,10244
46.376,10243
46.376,10242
46.377,10241
46.377,10240
46.377,10239
46.377,10238
46.377,10237
46.377,10236
46.377,10235
46.377,10234
46.377,10233
46.377,10232
46.377,10231
46.377,10230
46.377,10229
46.377,10228
46.377,10227
46.377,10226
46.377,10225
46.377,10224
46.377,10223
46.377,10222
46.377,10221
46.377,10220
46.377,10219
46.377,10218
46.377,10217
46.377,10216
46.378,10215
46.378,10214
46.378,10213
46.378,10212
46.378,10211
46.378,10210
46.378,10209
46.378,10208
46.378,10207
46.378,10206
46.378,10205
46.378,10204
46.378,10203
46.378,10202
46.378,10201
46.378,10200
46.378,10199
46.378,10198
46.378,10197
46.378,10196
46.378,10195
46.378,10194
46.378,10193
46.378,10192
46.378,10191
46.378,10190
46.379,10189
46.379,10188
46.379,10187
46.379,10186
46.379,10185
46.379,10184
46.379,10183
46.379,10182
46.379,10181
46.379,10180
46.379,10179
46.379,10178
46.379,10177
46.379,10176
46.379,10175
46.380,10174
46.380,10173
46.380,10172
46.380,10171
46.380,10170
46.380,10169
46.381,10168
46.381,10167
46.381,10166
46.381,10165
46.381,10164
46.381,10163
46.381,10162
46.381,10161
46.381,10160
46.381,10159
46.381,10158
46.381,10157
46.381,10156
46.381,10155
46.381,10154
46.381,10153
46.381,10152
46.381,10151
46.381,10150
46.381,10149
46.382,10148
46.382,10147
46.382,10146
46.382,10145
46.382,10144
46.382,10143
46.382,10142
46.382,10141
46.382,10140
46.382,10139
46.382,10138
46.382,10137
46.382,10136
46.382,10135
46.382,10134
46.382,10133
46.382,10132
46.382,10131
46.382,10130
46.382,10129
46.382,10128
46.382,10127
46.383,10126
46.383,10125
46.383,10124
46.383,10123
46.383,10122
46.383,10121
46.383,10120
46.383,10119
46.383,10118
46.383,10117
46.383,10116
46.383,10115
46.383,10114
46.383,10113
46.383,10112
46.383,10111
46.383,10110
46.383,10109
46.383,10108
46.384,10107
46.384,10106
46.384,10105
46.384,10104
46.384,10103
46.384,10102
46.384,10101
46.384,10100
46.384,10099
46.384,10098
46.385,10097
46.385,10096
46.385,10095
46.385,10094
46.385,10093
46.385,10092
46.385,10091
46.385,10090
46.385,10089
46.385,10088
46.385,10087
46.385,10086
46.385,10085
46.385,10084
46.385,10083
46.385,10082
46.385,10081
46.385,10080
46.385,10079
46.385,10078
46.386,10077
46.386,10076
46.386,10075
46.386,10074
46.386,10073
46.386,10072
46.386,10071
46.386,10070
46.386,10069
46.386,10068
46.386,10067
46.386,10066
46.386,10065
46.386,10064
46.386,10063
46.386,10062
46.386,10061
46.386,10060
46.386,10059
46.386,10058
46.386,10057
46.386,10056
46.386,10055
46.386,10054
46.386,10053
46.386,10052
46.386,10051
46.387,10050
46.387,10049
46.387,10048
46.387,10047
46.387,10046
46.387,10045
46.387,10044
46.387,10043
46.387,10042
46.387,10041
46.387,10040
46.387,10039
46.387,10038
46.387,10037
46.387,10036
46.387,10035
46.387,10034
46.387,10033
46.387,10032
46.387,10031
46.387,10030
46.387,10029
46.387,10028
46.387,10027
46.387,10026
46.387,10025
46.387,10024
46.387,10023
46.387,10022
46.387,10021
46.387,10020
46.387,10019
46.388,10018
46.388,10017
46.388,10016
46.388,10015
46.388,10014
46.388,10013
46.388,10012
46.388,10011
46.388,10010
46.388,10009
46.388,10008
46.388,10007
46.388,10006
46.388,10005
46.388,10004
46.389,10003
46.389,10002
46.389,10001
46.389,10000
46.389,9999
46.389,9998
46.389,9997
46.389,9996
46.389,9995
46.389,9994
46.389,9993
46.389,9992
46.389,9991
46.390,9990
46.390,9989
46.390,9988
46.390,9987
46.390,9986
46.390,9985
46.390,9984
46.390,9983
46.390,9982
46.390,9981
46.390,9980
46.390,9979
46.390,9978
46.390,9977
46.390,9976
46.390,9975
46.390,9974
46.390,9973
46.390,9972
46.390,9971
46.391,9970
46.391,9969
46.391,9968
46.391,9967
46.391,9966
46.391,9965
46.391,9964
46.391,9963
46.391,9962
46.391,9961
46.391,9960
46.391,9959
46.391,9958
46.391,9957
46.391,9956
46.391,9955
46.391,9954
46.391,9953
46.391,9952
46.391,9951
46.391,9950
46.391,9949
46.391,9948
46.391,9947
46.391,9946
46.391,9945
46.391,9944
46.391,9943
46.391,9942
46.391,9941
46.391,9940
46.391,9939
46.392,9938
46.392,9937
46.392,9936
46.392,9935
46.392,9934
46.392,9933
46.392,9932
46.392,9931
46.392,9930
46.392,9929
46.392,9928
46.392,9927
46.392,9926
46.392,9925
46.392,9924
46.392,9923
46.392,9922
46.392,9921
46.392,9920
46.392,9919
46.392,9918
46.392,9917
46.392,9916
46.392,9915
46.392,9914
46.392,9913
46.392,9912
46.392,9911
46.392,9910
46.392,9909
46.392,9908
46.392,9907
46.392,9906
46.392,9905
46.393,9904
46.393,9903
46.393,9902
46.393,9901
46.393,9900
46.393,9899
46.393,9898
46.393,9897
46.393,9896
46.393,9895
46.393,9894
46.393,9893
46.393,9892
46.393,9891
46.393,9890
46.393,9889
46.393,9888
46.393,9887
46.393,9886
46.393,9885
46.393,9884
46.393,9883
46.393,9882
46.393,9881
46.393,9880
46.393,9879
46.393,9878
46.393,9877
46.393,9876
46.393,9875
46.393,9874
46.393,9873
46.393,9872
46.394,9871
46.394,9870
46.394,9869
46.394,9868
46.394,9867
46.394,9866
46.394,9865
46.394,9864
46.394,9863
46.394,9862
46.394,9861
46.394,9860
46.394,9859
46.394,9858
46.394,9857
46.394,9856
46.394,9855
46.394,9854
46.394,9853
46.394,9852
46.394,9851
46.394,9850
46.394,9849
46.394,9848
46.394,9847
46.394,9846
46.394,9845
46.394,9844
46.394,9843
46.394,9842
46.394,9841
46.394,9840
46.394,9839
46.394,9838
46.394,9837
46.394,9836
46.394,9835
46.394,9834
46.394,9833
46.394,9832
46.394,9831
46.394,9830
46.394,9829
46.394,9828
46.394,9827
46.394,9826
46.394,9825
46.394,9824
46.394,9823
46.394,9822
46.394,9821
46.394,9820
46.395,9819
46.395,9818
46.395,9817
46.395,9816
46.395,9815
46.395,9814
46.395,9813
46.395,9812
46.395,9811
46.395,9810
46.395,9809
46.395,9808
46.395,9807
46.395,9806
46.395,9805
46.395,9804
46.395,9803
46.395,9802
46.395,9801
46.395,9800
46.395,9799
46.395,9798
46.395,9797
46.395,9796
46.395,9795
46.395,9794
46.395,9793
46.395,9792
46.395,9791
46.395,9790
46.395,9789
46.395,9788
46.395,9787
46.395,9786
46.395,9785
46.395,9784
46.395,9783
46.395,9782
46.395,9781
46.395,9780
46.395,9779
46.395,9778
46.395,9777
46.395,9776
46.395,9775
46.395,9774
46.395,9773
46.395,9772
46.395,9771
46.395,9770
46.395,9769
46.395,9768
46.396,9767
46.396,9766
46.396,9765
46.396,9764
46.396,9763
46.396,9762
46.396,9761
46.396,9760
46.396,9759
46.396,9758
46.396,9757
46.396,9756
46.396,9755
46.396,9754
46.396,9753
46.396,9752
46.396,9751
46.396,9750
46.396,9749
46.396,9748
46.396,9747
46.396,9746
46.396,9745
46.396,9744
46.396,9743
46.396,9742
46.396,9741
46.396,9740
46.396,9739
46.396,9738
46.396,9737
46.396,9736
46.396,9735
46.396,9734
46.397,9733
46.397,9732
46.397,9731
46.397,9730
46.397,9729
46.397,9728
46.397,9727
46.397,9726
46.397,9725
46.397,9724
46.397,9723
46.397,9722
46.397,9721
46.397,9720
46.397,9719
46.397,9718
46.397,9717
46.397,9716
46.397,9715
46.397,9714
46.397,9713
46.397,9712
46.397,9711
46.397,9710
46.397,9709
46.397,9708
46.397,9707
46.397,9706
46.397,9705
46.397,9704
46.397,9703
46.397,9702
46.397,9701
46.397,9700
46.397,9699
46.397,9698
46.397,9697
46.397,9696
46.397,9695
46.397,9694
46.397,9693
46.397,9692
46.397,9691
46.397,9690
46.397,9689
46.397,9688
46.397,9687
46.397,9686
46.398,9685
46.398,9684
46.398,9683
46.398,9682
46.398,9681
46.398,9680
46.398,9679
46.398,9678
46.398,9677
46.398,9676
46.398,9675
46.398,9674
46.398,9673
46.398,9672
46.398,9671
46.398,9670
46.398,9669
46.398,9668
46.398,9667
46.398,9666
46.398,9665
46.398,9664
46.398,9663
46.398,9662
46.398,9661
46.398,9660
46.398,9659
46.398,9658
46.398,9657
46.398,9656
46.398,9655
46.398,9654
46.398,9653
46.398,9652
46.398,9651
46.398,9650
46.398,9649
46.398,9648
46.398,9647
46.398,9646
46.398,9645
46.398,9644
46.398,9643
46.398,9642
46.398,9641
46.398,9640
46.398,9639
46.398,9638
46.398,9637
46.399,9636
46.399,9635
46.399,9634
46.399,9633
46.399,9632
46.399,9631
46.399,9630
46.399,9629
46.399,9628
46.399,9627
46.399,9626
46.399,9625
46.399,9624
46.399,9623
46.399,9622
46.399,9621
46.399,9620
46.399,9619
46.399,9618
46.399,9617
46.399,9616
46.399,9615
46.399,9614
46.399,9613
46.399,9612
46.399,9611
46.399,9610
46.399,9609
46.399,9608
46.399,9607
46.399,9606
46.399,9605
46.399,9604
46.399,9603
46.399,9602
46.399,9601
46.399,9600
46.399,9599
46.399,9598
46.399,9597
46.399,9596
46.399,9595
46.399,9594
46.399,9593
46.399,9592
46.399,9591
46.399,9590
46.399,9589
46.399,9588
46.399,9587
46.399,9586
46.399,9585
46.399,9584
46.399,9583
46.399,9582
46.399,9581
46.399,9580
46.399,9579
46.399,9578
46.399,9577
46.399,9576
46.400,9575
46.400,9574
46.400,9573
46.400,9572
46.400,9571
46.400,9570
46.400,9569
46.400,9568
46.400,9567
46.400,9566
46.400,9565
46.400,9564
46.400,9563
46.400,9562
46.400,9561
46.400,9560
46.400,9559
46.400,9558
46.400,9557
46.400,9556
46.400,9555
46.400,9554
46.400,9553
46.400,9552
46.400,9551
46.400,9550
46.400,9549
46.400,9548
46.400,9547
46.400,9546
46.401,9545
46.401,9544
46.401,9543
46.401,9542
46.401,9541
46.401,9540
46.401,9539
46.401,9538
46.401,9537
46.401,9536
46.401,9535
46.401,9534
46.401,9533
46.401,9532
46.401,9531
46.401,9530
46.401,9529
46.401,9528
46.401,9527
46.401,9526
46.401,9525
46.401,9524
46.401,9523
46.401,9522
46.401,9521
46.401,9520
46.401,9519
46.401,9518
46.401,9517
46.401,9516
46.401,9515
46.401,9514
46.401,9513
46.401,9512
46.401,9511
46.401,9510
46.401,9509
46.401,9508
46.401,9507
46.401,9506
46.401,9505
46.401,9504
46.401,9503
46.401,9502
46.402,9501
46.402,9500
46.402,9499
46.402,9498
46.402,9497
46.402,9496
46.402,9495
46.402,9494
46.402,9493
46.402,9492
46.402,9491
46.402,9490
46.402,9489
46.402,9488
46.402,9487
46.402,9486
46.402,9485
46.402,9484
46.402,9483
46.402,9482
46.402,9481
46.402,9480
46.402,9479
46.403,9478
46.403,9477
46.403,9476
46.403,9475
46.403,9474
46.403,9473
46.403,9472
46.403,9471
46.403,9470
46.403,9469
46.403,9468
46.403,9467
46.404,9466
46.404,9465
46.404,9464
46.404,9463
46.404,9462
46.404,9461
46.404,9460
46.404,9459
46.404,9458
46.404,9457
46.404,9456
46.404,9455
46.404,9454
46.404,9453
46.404,9452
46.404,9451
46.404,9450
46.404,9449
46.404,9448
46.405,9447
46.405,9446
46.405,9445
46.405,9444
46.405,9443
46.405,9442
46.405,9441
46.405,9440
46.405,9439
46.405,9438
46.405,9437
46.405,9436
46.405,9435
46.405,9434
46.405,9433
46.405,9432
46.405,9431
46.406,9430
46.406,9429
46.406,9428
46.406,9427
46.406,9426
46.406,9425
46.406,9424
46.406,9423
46.406,9422
46.406,9421
46.406,9420
46.406,9419
46.406,9418
46.406,9417
46.406,9416
46.406,9415
46.406,9414
46.406,9413
46.407,9412
46.407,9411
46.407,9410
46.407,9409
46.407,9408
46.407,9407
46.407,9406
46.407,9405
46.407,9404
46.407,9403
46.407,9402
46.407,9401
46.407,9400
46.407,9399
46.407,9398
46.407,9397
46.408,9396
46.408,9395
46.408,9394
46.408,9393
46.408,9392
46.408,9391
46.408,9390
46.408,9389
46.408,9388
46.408,9387
46.408,9386
46.408,9385
46.408,9384
46.408,9383
46.408,9382
46.409,9381
46.409,9380
46.409,9379
46.409,9378
46.409,9377
46.409,9376
46.409,9375
46.409,9374
46.409,9373
46.409,9372
46.409,9371
46.409,9370
46.409,9369
46.409,9368
46.409,9367
46.409,9366
46.409,9365
46.409,9364
46.410,9363
46.410,9362
46.410,9361
46.410,9360
46.410,9359
46.410,9358
46.410,9357
46.410,9356
46.410,9355
46.410,9354
46.410,9353
46.410,9352
46.411,9351
46.411,9350
46.411,9349
46.411,9348
46.411,9347
46.411,9346
46.411,9345
46.411,9344
46.411,9343
46.411,9342
46.411,9341
46.411,9340
46.411,9339
46.411,9338
46.411,9337
46.412,9336
46.412,9335
46.412,9334
46.412,9333
46.412,9332
46.412,9331
46.412,9330
46.412,9329
46.412,9328
46.412,9327
46.412,9326
46.412,9325
46.412,9324
46.412,9323
46.412,9322
46.412,9321
46.412,9320
46.413,9319
46.413,9318
46.413,9317
46.413,9316
46.413,9315
46.413,9314
46.413,9313
46.413,9312
46.413,9311
46.413,9310
46.413,9309
46.413,9308
46.413,9307
46.413,9306
46.413,9305
46.413,9304
46.413,9303
46.414,9302
46.414,9301
46.414,9300
46.414,9299
46.414,9298
46.414,9297
46.414,9296
46.414,9295
46.414,9294
46.414,9293
46.414,9292
46.414,9291
46.414,9290
46.414,9289
46.414,9288
46.414,9287
46.414,9286
46.414,9285
46.414,9284
46.415,9283
46.415,9282
46.415,9281
46.415,9280
46.415,9279
46.415,9278
46.415,9277
46.415,9276
46.415,9275
46.415,9274
46.415,9273
46.415,9272
46.415,9271
46.415,9270
46.415,9269
46.415,9268
46.415,9267
46.415,9266
46.415,9265
46.416,9264
46.416,9263
46.416,9262
46.416,9261
46.416,9260
46.416,9259
46.416,9258
46.416,9257
46.416,9256
46.416,9255
46.416,9254
46.426,9253
46.427,9252
46.428,9251
46.428,9250
46.429,9249
46.429,9248
46.429,9247
46.429,9246
46.429,9245
46.429,9244
46.429,9243
46.430,9242
46.430,9241
46.430,9240
46.430,9239
46.430,9238
46.430,9237
46.430,9236
46.431,9235
46.431,9234
46.431,9233
46.431,9232
46.431,9231
46.431,9230
46.431,9229
46.431,9228
46.431,9227
46.431,9226
46.431,9225
46.431,9224
46.431,9223
46.431,9222
46.431,9221
46.431,9220
46.431,9219
46.431,9218
46.431,9217
46.432,9216
46.432,9215
46.432,9214
46.432,9213
46.432,9212
46.432,9211
46.432,9210
46.432,9209
46.432,9208
46.432,9207
46.432,9206
46.432,9205
46.432,9204
46.432,9203
46.432,9202
46.432,9201
46.432,9200
46.432,9199
46.432,9198
46.432,9197
46.432,9196
46.433,9195
46.433,9194
46.433,9193
46.433,9192
46.433,9191
46.433,9190
46.433,9189
46.433,9188
46.433,9187
46.433,9186
46.433,9185
46.433,9184
46.433,9183
46.433,9182
46.433,9181
46.433,9180
46.433,9179
46.433,9178
46.433,9177
46.434,9176
46.434,9175
46.434,9174
46.434,9173
46.434,9172
46.434,9171
46.434,9170
46.434,9169
46.434,9168
46.434,9167
46.434,9166
46.434,9165
46.434,9164
46.434,9163
46.434,9162
46.434,9161
46.434,9160
46.434,9159
46.434,9158
46.434,9157
46.435,9156
46.435,9155
46.435,9154
46.435,9153
46.435,9152
46.435,9151
46.435,9150
46.435,9149
46.435,9148
46.435,9147
46.435,9146
46.435,9145
46.435,9144
46.435,9143
46.435,9142
46.435,9141
46.435,9140
46.435,9139
46.435,9138
46.436,9137
46.436,9136
46.436,9135
46.436,9134
46.436,9133
46.436,9132
46.436,9131
46.436,9130
46.436,9129
46.436,9128
46.436,9127
46.436,9126
46.436,9125
46.436,9124
46.436,9123
46.436,9122
46.436,9121
46.437,9120
46.437,9119
46.437,9118
46.437,9117
46.437,9116
46.437,9115
46.437,9114
46.437,9113
46.437,9112
46.437,9111
46.437,9110
46.437,9109
46.437,9108
46.437,9107
46.437,9106
46.437,9105
46.437,9104
46.438,9103
46.438,9102
46.438,9101
46.438,9100
46.438,9099
46.438,9098
46.438,9097
46.438,9096
46.438,9095
46.438,9094
46.438,9093
46.438,9092
46.438,9091
46.438,9090
46.438,9089
46.438,9088
46.438,9087
46.438,9086
46.439,9085
46.439,9084
46.439,9083
46.439,9082
46.439,9081
46.439,9080
46.439,9079
46.439,9078
46.439,9077
46.439,9076
46.439,9075
46.439,9074
46.439,9073
46.439,9072
46.439,9071
46.439,9070
46.440,9069
46.440,9068
46.440,9067
46.440,9066
46.440,9065
46.440,9064
46.440,9063
46.440,9062
46.440,9061
46.440,9060
46.440,9059
46.440,9058
46.440,9057
46.440,9056
46.440,9055
46.440,9054
46.440,9053
46.440,9052
46.440,9051
46.440,9050
46.441,9049
46.441,9048
46.441,9047
46.441,9046
46.441,9045
46.441,9044
46.441,9043
46.441,9042
46.441,9041
46.441,9040
46.441,9039
46.441,9038
46.441,9037
46.441,9036
46.441,9035
46.442,9034
46.442,9033
46.442,9032
46.442,9031
46.442,9030
46.442,9029
46.442,9028
46.442,9027
46.442,9026
46.442,9025
46.442,9024
46.442,9023
46.442,9022
46.442,9021
46.442,9020
46.442,9019
46.442,9018
46.443,9017
46.443,9016
46.443,9015
46.443,9014
46.443,9013
46.443,9012
46.443,9011
46.443,9010
46.443,9009
46.443,9008
46.443,9007
46.443,9006
46.443,9005
46.443,9004
46.443,9003
46.443,9002
46.444,9001
46.444,9000
46.444,8999
46.444,8998
46.444,8997
46.444,8996
46.444,8995
46.444,8994
46.444,8993
46.444,8992
46.444,8991
46.444,8990
46.444,8989
46.444,8988
46.444,8987
46.444,8986
46.444,8985
46.444,8984
46.444,8983
46.444,8982
46.445,8981
46.445,8980
46.445,8979
46.445,8978
46.445,8977
46.445,8976
46.445,8975
46.445,8974
46.445,8973
46.447,8972
46.447,8971
46.447,8970
46.447,8969
46.447,8968
46.447,8967
46.447,8966
46.447,8965
46.447,8964
46.447,8963
46.448,8962
46.448,8961
46.448,8960
46.448,8959
46.448,8958
46.448,8957
46.448,8956
46.448,8955
46.448,8954
46.448,8953
46.448,8952
46.448,8951
46.448,8950
46.448,8949
46.448,8948
46.449,8947
46.449,8946
46.449,8945
46.449,8944
46.449,8943
46.449,8942
46.449,8941
46.449,8940
46.449,8939
46.449,8938
46.449,8937
46.449,8936
46.449,8935
46.449,8934
46.449,8933
46.449,8932
46.449,8931
46.449,8930
46.449,8929
46.449,8928
46.449,8927
46.449,8926
46.450,8925
46.450,8924
46.450,8923
46.450,8922
46.450,8921
46.450,8920
46.450,8919
46.450,8918
46.450,8917
46.450,8916
46.450,8915
46.450,8914
46.451,8913
46.451,8912
46.451,8911
46.451,8910
46.451,8909
46.451,8908
46.451,8907
46.451,8906
46.451,8905
46.451,8904
46.451,8903
46.451,8902
46.451,8901
46.451,8900
46.451,8899
46.452,8898
46.452,8897
46.452,8896
46.452,8895
46.452,8894
46.452,8893
46.452,8892
46.452,8891
46.452,8890
46.452,8889
46.452,8888
46.452,8887
46.452,8886
46.452,8885
46.453,8884
46.453,8883
46.453,8882
46.453,8881
46.453,8880
46.453,8879
46.453,8878
46.453,8877
46.453,8876
46.453,8875
46.453,8874
46.453,8873
46.453,8872
46.453,8871
46.453,8870
46.453,8869
46.453,8868
46.453,8867
46.453,8866
46.453,8865
46.454,8864
46.454,8863
46.454,8862
46.454,8861
46.454,8860
46.454,8859
46.454,8858
46.454,8857
46.454,8856
46.454,8855
46.454,8854
46.454,8853
46.454,8852
46.455,8851
46.455,8850
46.455,8849
46.455,8848
46.455,8847
46.455,8846
46.455,8845
46.456,8844
46.456,8843
46.456,8842
46.456,8841
46.456,8840
46.456,8839
46.456,8838
46.456,8837
46.456,8836
46.456,8835
46.456,8834
46.456,8833
46.456,8832
46.456,8831
46.457,8830
46.457,8829
46.457,8828
46.457,8827
46.457,8826
46.457,8825
46.457,8824
46.457,8823
46.457,8822
46.457,8821
46.457,8820
46.457,8819
46.457,8818
46.457,8817
46.457,8816
46.457,8815
46.458,8814
46.458,8813
46.458,8812
46.458,8811
46.458,8810
46.458,8809
46.458,8808
46.458,8807
46.458,8806
46.458,8805
46.458,8804
46.458,8803
46.458,8802
46.458,8801
46.458,8800
46.458,8799
46.458,8798
46.458,8797
46.458,8796
46.459,8795
46.459,8794
46.459,8793
46.459,8792
46.459,8791
46.459,8790
46.459,8789
46.459,8788
46.459,8787
46.459,8786
46.459,8785
46.459,8784
46.459,8783
46.459,8782
46.459,8781
46.459,8780
46.459,8779
46.460,8778
46.460,8777
46.460,8776
46.460,8775
46.460,8774
46.460,8773
46.460,8772
46.460,8771
46.460,8770
46.460,8769
46.460,8768
46.460,8767
46.460,8766
46.460,8765
46.460,8764
46.460,8763
46.460,8762
46.460,8761
46.460,8760
46.460,8759
46.460,8758
46.460,8757
46.460,8756
46.460,8755
46.461,8754
46.461,8753
46.461,8752
46.461,8751
46.461,8750
46.461,8749
46.461,8748
46.461,8747
46.461,8746
46.461,8745
46.461,8744
46.461,8743
46.461,8742
46.461,8741
46.461,8740
46.461,8739
46.461,8738
46.461,8737
46.461,8736
46.461,8735
46.461,8734
46.461,8733
46.461,8732
46.462,8731
46.462,8730
46.462,8729
46.462,8728
46.462,8727
46.462,8726
46.462,8725
46.462,8724
46.462,8723
46.463,8722
46.463,8721
46.463,8720
46.463,8719
46.463,8718
46.464,8717
46.464,8716
46.464,8715
46.464,8714
46.464,8713
46.464,8712
46.464,8711
46.464,8710
46.464,8709
46.464,8708
46.464,8707
46.464,8706
46.464,8705
46.464,8704
46.464,8703
46.465,8702
46.465,8701
46.465,8700
46.465,8699
46.465,8698
46.465,8697
46.465,8696
46.465,8695
46.465,8694
46.465,8693
46.465,8692
46.465,8691
46.466,8690
46.466,8689
46.466,8688
46.466,8687
46.466,8686
46.466,8685
46.466,8684
46.466,8683
46.466,8682
46.466,8681
46.466,8680
46.466,8679
46.466,8678
46.466,8677
46.466,8676
46.466,8675
46.466,8674
46.466,8673
46.467,8672
46.467,8671
46.467,8670
46.467,8669
46.467,8668
46.467,8667
46.467,8666
46.467,8665
46.467,8664
46.467,8663
46.467,8662
46.467,8661
46.467,8660
46.467,8659
46.467,8658
46.467,8657
46.467,8656
46.467,8655
46.468,8654
46.468,8653
46.468,8652
46.468,8651
46.468,8650
46.468,8649
46.468,8648
46.468,8647
46.468,8646
46.468,8645
46.468,8644
46.468,8643
46.468,8642
46.468,8641
46.468,8640
46.469,8639
46.469,8638
46.469,8637
46.469,8636
46.469,8635
46.469,8634
46.469,8633
46.469,8632
46.469,8631
46.469,8630
46.469,8629
46.469,8628
46.469,8627
46.470,8626
46.470,8625
46.470,8624
46.470,8623
46.470,8622
46.470,8621
46.470,8620
46.470,8619
46.470,8618
46.470,8617
46.470,8616
46.470,8615
46.470,8614
46.471,8613
46.471,8612
46.471,8611
46.471,8610
46.471,8609
46.471,8608
46.471,8607
46.471,8606
46.471,8605
46.471,8604
46.471,8603
46.471,8602
46.471,8601
46.471,8600
46.472,8599
46.472,8598
46.472,8597
46.472,8596
46.472,8595
46.472,8594
46.472,8593
46.472,8592
46.472,8591
46.472,8590
46.472,8589
46.472,8588
46.472,8587
46.473,8586
46.473,8585
46.473,8584
46.473,8583
46.473,8582
46.473,8581
46.473,8580
46.473,8579
46.473,8578
46.473,8577
46.473,8576
46.473,8575
46.473,8574
46.473,8573
46.474,8572
46.474,8571
46.474,8570
46.474,8569
46.474,8568
46.474,8567
46.474,8566
46.474,8565
46.474,8564
46.474,8563
46.474,8562
46.474,8561
46.474,8560
46.475,8559
46.475,8558
46.475,8557
46.475,8556
46.475,8555
46.475,8554
46.475,8553
46.475,8552
46.475,8551
46.475,8550
46.475,8549
46.475,8548
46.476,8547
46.476,8546
46.476,8545
46.476,8544
46.476,8543
46.476,8542
46.476,8541
46.476,8540
46.476,8539
46.476,8538
46.476,8537
46.476,8536
46.476,8535
46.476,8534
46.477,8533
46.477,8532
46.477,8531
46.477,8530
46.477,8529
46.477,8528
46.477,8527
46.477,8526
46.477,8525
46.477,8524
46.477,8523
46.477,8522
46.477,8521
46.478,8520
46.478,8519
46.478,8518
46.478,8517
46.478,8516
46.478,8515
46.478,8514
46.478,8513
46.479,8512
46.479,8511
46.479,8510
46.479,8509
46.480,8508
46.480,8507
46.480,8506
46.480,8505
46.480,8504
46.481,8503
46.481,8502
46.481,8501
46.481,8500
46.481,8499
46.481,8498
46.481,8497
46.481,8496
46.481,8495
46.481,8494
46.481,8493
46.481,8492
46.481,8491
46.481,8490
46.482,8489
46.482,8488
46.482,8487
46.482,8486
46.485,8485
46.485,8484
46.485,8483
46.485,8482
46.487,8481
46.488,8480
46.490,8479
46.491,8478
46.492,8477
46.492,8476
46.492,8475
46.492,8474
46.492,8473
46.495,8472
46.499,8471
46.499,8470
46.499,8469
46.499,8468
46.499,8467
46.499,8466
46.500,8465
46.500,8464
46.500,8463
46.500,8462
46.500,8461
46.500,8460
46.500,8459
46.500,8458
46.500,8457
46.501,8456
46.501,8455
46.501,8454
46.501,8453
46.501,8452
46.501,8451
46.501,8450
46.501,8449
46.502,8448
46.502,8447
46.502,8446
46.502,8445
46.502,8444
46.502,8443
46.502,8442
46.503,8441
46.503,8440
46.503,8439
46.503,8438
46.503,8437
46.504,8436
46.504,8435
46.510,8434
46.510,8433
46.510,8432
46.510,8431
46.510,8430
46.510,8429
46.511,8428
46.511,8427
46.511,8426
46.511,8425
46.511,8424
46.512,8423
46.513,8422
46.514,8421
46.516,8420
46.516,8419
46.517,8418
46.518,8417
46.519,8416
46.519,8415
46.520,8414
46.521,8413
46.521,8412
46.524,8411
46.524,8410
46.525,8409
46.525,8408
46.525,8407
46.525,8406
46.526,8405
46.526,8404
46.526,8403
46.526,8402
46.526,8401
46.526,8400
46.526,8399
46.526,8398
46.526,8397
46.527,8396
46.527,8395
46.527,8394
46.527,8393
46.527,8392
46.527,8391
46.527,8390
46.527,8389
46.527,8388
46.527,8387
46.528,8386
46.531,8385
46.531,8384
46.531,8383
46.531,8382
46.531,8381
46.531,8380
46.531,8379
46.532,8378
46.532,8377
46.532,8376
46.532,8375
46.532,8374
46.532,8373
46.532,8372
46.532,8371
46.532,8370
46.533,8369
46.533,8368
46.533,8367
46.533,8366
46.533,8365
46.533,8364
46.533,8363
46.533,8362
46.534,8361
46.534,8360
46.534,8359
46.534,8358
46.535,8357
46.535,8356
46.535,8355
46.535,8354
46.535,8353
46.535,8352
46.535,8351
46.535,8350
46.535,8349
46.535,8348
46.535,8347
46.535,8346
46.536,8345
46.536,8344
46.536,8343
46.536,8342
46.536,8341
46.536,8340
46.536,8339
46.537,8338
46.537,8337
46.537,8336
46.537,8335
46.537,8334
46.537,8333
46.538,8332
46.538,8331
46.538,8330
46.538,8329
46.538,8328
46.538,8327
46.538,8326
46.538,8325
46.539,8324
46.539,8323
46.539,8322
46.539,8321
46.539,8320
46.539,8319
46.539,8318
46.540,8317
46.540,8316
46.540,8315
46.540,8314
46.540,8313
46.540,8312
46.541,8311
46.541,8310
46.541,8309
46.541,8308
46.541,8307
46.541,8306
46.541,8305
46.541,8304
46.542,8303
46.542,8302
46.542,8301
46.542,8300
46.542,8299
46.542,8298
46.542,8297
46.543,8296
46.543,8295
46.543,8294
46.543,8293
46.543,8292
46.544,8291
46.544,8290
46.582,8289
46.636,8288
46.684,8287
46.684,8286
46.685,8285
46.701,8284
46.708,8283
46.708,8282
46.708,8281
46.709,8280
46.709,8279
46.710,8278
46.710,8277
46.710,8276
46.711,8275
46.711,8274
46.713,8273
46.716,8272
46.716,8271
46.717,8270
46.717,8269
46.718,8268
46.719,8267
46.719,8266
46.720,8265
46.720,8264
46.720,8263
46.721,8262
46.721,8261
46.721,8260
46.722,8259
46.722,8258
46.723,8257
46.723,8256
46.723,8255
46.724,8254
46.724,8253
46.725,8252
46.731,8251
46.731,8250
46.731,8249
46.732,8248
46.732,8247
46.732,8246
46.732,8245
46.733,8244
46.733,8243
46.733,8242
46.733,8241
46.734,8240
46.734,8239
46.735,8238
46.735,8237
46.735,8236
46.739,8235
46.740,8234
46.740,8233
46.740,8232
46.740,8231
46.741,8230
46.741,8229
46.741,8228
46.742,8227
46.742,8226
46.742,8225
46.742,8224
46.743,8223
46.743,8222
46.743,8221
46.744,8220
46.745,8219
46.746,8218
46.746,8217
46.750,8216
46.750,8215
46.750,8214
46.750,8213
46.751,8212
46.751,8211
46.752,8210
46.753,8209
46.753,8208
46.753,8207
46.754,8206
46.755,8205
46.755,8204
46.756,8203
46.756,8202
46.756,8201
46.757,8200
46.757,8199
46.757,8198
46.758,8197
46.758,8196
46.758,8195
46.759,8194
46.759,8193
46.759,8192
46.760,8191
46.760,8190
46.760,8189
46.760,8188
46.761,8187
46.761,8186
46.762,8185
46.762,8184
46.763,8183
46.763,8182
46.763,8181
46.763,8180
46.764,8179
46.764,8178
46.765,8177
46.765,8176
46.766,8175
46.767,8174
46.767,8173
46.768,8172
46.768,8171
46.769,8170
46.769,8169
46.769,8168
46.769,8167
46.769,8166
46.771,8165
46.771,8164
46.771,8163
46.771,8162
46.772,8161
46.772,8160
46.772,8159
46.773,8158
46.774,8157
46.775,8156
46.775,8155
46.776,8154
46.776,8153
46.777,8152
46.777,8151
46.777,8150
46.778,8149
46.778,8148
46.779,8147
46.779,8146
46.780,8145
46.780,8144
46.780,8143
46.781,8142
46.781,8141
46.781,8140
46.781,8139
46.781,8138
46.782,8137
46.783,8136
46.784,8135
46.784,8134
46.784,8133
46.785,8132
46.785,8131
46.786,8130
46.786,8129
46.786,8128
46.786,8127
46.787,8126
46.787,8125
46.787,8124
46.788,8123
46.788,8122
46.789,8121
46.789,8120
46.789,8119
46.790,8118
46.790,8117
46.791,8116
46.791,8115
46.791,8114
46.792,8113
46.792,8112
46.792,8111
46.792,8110
46.793,8109
46.793,8108
46.793,8107
46.794,8106
46.798,8105
46.799,8104
46.799,8103
46.799,8102
46.800,8101
46.801,8100
46.802,8099
46.802,8098
46.802,8097
46.803,8096
46.803,8095
46.804,8094
46.805,8093
46.805,8092
46.805,8091
46.806,8090
46.806,8089
46.807,8088
46.808,8087
46.808,8086
46.809,8085
46.810,8084
46.810,8083
46.811,8082
46.811,8081
46.813,8080
46.814,8079
46.815,8078
46.815,8077
46.815,8076
46.816,8075
46.816,8074
46.816,8073
46.817,8072
46.817,8071
46.818,8070
46.818,8069
46.818,8068
46.818,8067
46.819,8066
46.819,8065
46.820,8064
46.820,8063
46.821,8062
46.821,8061
46.821,8060
46.821,8059
46.822,8058
46.822,8057
46.823,8056
46.824,8055
46.825,8054
46.825,8053
46.825,8052
46.826,8051
46.826,8050
46.827,8049
46.827,8048
46.827,8047
46.829,8046
46.829,8045
46.830,8044
46.830,8043
46.831,8042
46.831,8041
46.832,8040
46.832,8039
46.833,8038
46.833,8037
46.833,8036
46.833,8035
46.834,8034
46.835,8033
46.835,8032
46.836,8031
46.836,8030
46.837,8029
46.837,8028
46.837,8027
46.838,8026
46.838,8025
46.838,8024
46.838,8023
46.839,8022
46.839,8021
46.840,8020
46.841,8019
46.841,8018
46.841,8017
46.842,8016
46.843,8015
46.843,8014
46.843,8013
46.844,8012
46.845,8011
46.846,8010
46.847,8009
46.847,8008
46.847,8007
46.848,8006
46.848,8005
46.848,8004
46.849,8003
46.850,8002
46.851,8001
46.851,8000
46.852,7999
46.852,7998
46.852,7997
46.852,7996
46.852,7995
46.853,7994
46.853,7993
46.854,7992
46.854,7991
46.855,7990
46.855,7989
46.855,7988
46.856,7987
46.856,7986
46.857,7985
46.857,7984
46.858,7983
46.859,7982
46.859,7981
46.859,7980
46.860,7979
46.860,7978
46.861,7977
46.861,7976
46.861,7975
46.861,7974
46.862,7973
46.862,7972
46.863,7971
46.863,7970
46.864,7969
46.864,7968
46.865,7967
46.865,7966
46.867,7965
46.867,7964
46.868,7963
46.871,7962
46.872,7961
46.873,7960
46.873,7959
46.874,7958
46.874,7957
46.875,7956
46.876,7955
46.876,7954
46.876,7953
46.877,7952
46.877,7951
46.878,7950
46.878,7949
46.879,7948
46.880,7947
46.880,7946
46.881,7945
46.882,7944
46.882,7943
46.883,7942
46.884,7941
46.884,7940
46.885,7939
46.885,7938
46.885,7937
46.886,7936
46.887,7935
46.887,7934
46.887,7933
46.888,7932
46.888,7931
46.890,7930
46.890,7929
46.891,7928
46.892,7927
46.892,7926
46.892,7925
46.893,7924
46.893,7923
46.894,7922
46.895,7921
46.895,7920
46.896,7919
46.897,7918
46.898,7917
46.898,7916
46.900,7915
46.900,7914
46.901,7913
46.901,7912
46.901,7911
46.902,7910
46.903,7909
46.903,7908
46.904,7907
46.904,7906
46.905,7905
46.906,7904
46.906,7903
46.907,7902
46.907,7901
46.908,7900
46.908,7899
46.909,7898
46.909,7897
46.909,7896
46.910,7895
46.910,7894
46.911,7893
46.911,7892
46.912,7891
46.913,7890
46.913,7889
46.914,7888
46.915,7887
46.915,7886
46.916,7885
46.916,7884
46.917,7883
46.918,7882
46.918,7881
46.918,7880
46.919,7879
46.919,7878
46.920,7877
46.930,7876
46.941,7875
46.941,7874
46.941,7873
46.942,7872
46.942,7871
46.942,7870
46.942,7869
46.943,7868
46.943,7867
46.943,7866
46.943,7865
46.944,7864
46.944,7863
46.945,7862
46.945,7861
46.946,7860
46.947,7859
46.947,7858
46.947,7857
46.948,7856
46.948,7855
46.948,7854
46.949,7853
46.949,7852
46.949,7851
46.950,7850
46.950,7849
46.950,7848
46.951,7847
46.951,7846
46.951,7845
46.952,7844
46.952,7843
46.953,7842
46.954,7841
46.955,7840
46.956,7839
46.956,7838
46.956,7837
46.956,7836
46.957,7835
46.957,7834
46.957,7833
46.957,7832
46.958,7831
46.958,7830
46.958,7829
46.959,7828
46.959,7827
46.959,7826
46.960,7825
46.960,7824
46.961,7823
46.961,7822
46.962,7821
46.962,7820
46.963,7819
46.963,7818
46.964,7817
46.964,7816
46.965,7815
46.965,7814
46.966,7813
46.966,7812
46.966,7811
46.966,7810
46.967,7809
46.968,7808
46.968,7807
46.968,7806
46.969,7805
46.969,7804
46.969,7803
46.970,7802
46.970,7801
46.971,7800
46.980,7799
46.981,7798
46.984,7797
46.985,7796
46.986,7795
46.986,7794
46.989,7793
46.990,7792
46.990,7791
46.990,7790
46.991,7789
46.991,7788
46.991,7787
46.992,7786
46.992,7785
46.993,7784
46.993,7783
46.993,7782
46.995,7781
46.997,7780
46.998,7779
46.998,7778
46.999,7777
47.000,7776
47.001,7775
47.001,7774
47.001,7773
47.002,7772
47.002,7771
47.002,7770
47.003,7769
47.006,7768
47.006,7767
47.007,7766
47.008,7765
47.008,7764
47.009,7763
47.009,7762
47.010,7761
47.011,7760
47.011,7759
47.012,7758
47.015,7757
47.017,7756
47.018,7755
47.019,7754
47.019,7753
47.020,7752
47.020,7751
47.022,7750
47.023,7749
47.025,7748
47.025,7747
47.026,7746
47.027,7745
47.027,7744
47.035,7743
47.039,7742
47.039,7741
47.040,7740
47.044,7739
47.044,7738
47.048,7737
47.050,7736
47.051,7735
47.052,7734
47.052,7733
47.053,7732
47.053,7731
47.054,7730
47.054,7729
47.055,7728
47.055,7727
47.074,7726
47.074,7725
47.075,7724
47.076,7723
47.076,7722
47.077,7721
47.078,7720
47.078,7719
47.082,7718
47.083,7717
47.083,7716
47.084,7715
47.084,7714
47.085,7713
47.086,7712
47.087,7711
47.088,7710
47.089,7709
47.089,7708
47.090,7707
47.091,7706
47.092,7705
47.093,7704
47.093,7703
47.094,7702
47.095,7701
47.097,7700
47.098,7699
47.099,7698
47.101,7697
47.101,7696
47.101,7695
47.102,7694
47.103,7693
47.104,7692
47.106,7691
47.107,7690
47.109,7689
47.110,7688
47.111,7687
47.112,7686
47.114,7685
47.116,7684
47.117,7683
47.118,7682
47.118,7681
47.119,7680
47.119,7679
47.120,7678
47.120,7677
47.121,7676
47.122,7675
47.122,7674
47.123,7673
47.123,7672
47.124,7671
47.125,7670
47.126,7669
47.126,7668
47.127,7667
47.128,7666
47.131,7665
47.132,7664
47.134,7663
47.135,7662
47.135,7661
47.136,7660
47.137,7659
47.137,7658
47.141,7657
47.142,7656
47.142,7655
47.144,7654
47.146,7653
47.149,7652
47.149,7651
47.149,7650
47.150,7649
47.152,7648
47.152,7647
47.153,7646
47.154,7645
47.155,7644
47.157,7643
47.157,7642
47.158,7641
47.159,7640
47.162,7639
47.164,7638
47.166,7637
47.166,7636
47.167,7635
47.167,7634
47.169,7633
47.171,7632
47.172,7631
47.173,7630
47.174,7629
47.175,7628
47.175,7627
47.176,7626
47.176,7625
47.176,7624
47.177,7623
47.179,7622
47.181,7621
47.182,7620
47.183,7619
47.183,7618
47.184,7617
47.184,7616
47.186,7615
47.188,7614
47.189,7613
47.189,7612
47.190,7611
47.191,7610
47.192,7609
47.193,7608
47.195,7607
47.195,7606
47.196,7605
47.197,7604
47.198,7603
47.200,7602
47.200,7601
47.201,7600
47.202,7599
47.202,7598
47.203,7597
47.203,7596
47.205,7595
47.205,7594
47.206,7593
47.207,7592
47.208,7591
47.208,7590
47.208,7589
47.211,7588
47.211,7587
47.212,7586
47.213,7585
47.214,7584
47.214,7583
47.215,7582
47.215,7581
47.216,7580
47.217,7579
47.218,7578
47.219,7577
47.220,7576
47.221,7575
47.222,7574
47.222,7573
47.222,7572
47.223,7571
47.223,7570
47.224,7569
47.225,7568
47.226,7567
47.226,7566
47.227,7565
47.232,7564
47.233,7563
47.234,7562
47.235,7561
47.235,7560
47.237,7559
47.238,7558
47.240,7557
47.242,7556
47.243,7555
47.245,7554
47.246,7553
47.248,7552
47.249,7551
47.254,7550
47.255,7549
47.257,7548
47.258,7547
47.258,7546
47.259,7545
47.259,7544
47.260,7543
47.261,7542
47.264,7541
47.264,7540
47.266,7539
47.267,7538
47.268,7537
47.270,7536
47.271,7535
47.272,7534
47.273,7533
47.273,7532
47.274,7531
47.275,7530
47.275,7529
47.276,7528
47.277,7527
47.281,7526
47.282,7525
47.284,7524
47.286,7523
47.289,7522
47.290,7521
47.290,7520
47.292,7519
47.292,7518
47.293,7517
47.294,7516
47.294,7515
47.295,7514
47.296,7513
47.298,7512
47.298,7511
47.299,7510
47.300,7509
47.301,7508
47.301,7507
47.302,7506
47.302,7505
47.303,7504
47.304,7503
47.306,7502
47.307,7501
47.307,7500
47.308,7499
47.309,7498
47.311,7497
47.311,7496
47.314,7495
47.316,7494
47.319,7493
47.321,7492
47.322,7491
47.324,7490
47.326,7489
47.327,7488
47.328,7487
47.330,7486
47.331,7485
47.334,7484
47.336,7483
47.338,7482
47.338,7481
47.339,7480
47.340,7479
47.342,7478
47.344,7477
47.348,7476
47.348,7475
47.349,7474
47.351,7473
47.351,7472
47.352,7471
47.353,7470
47.354,7469
47.355,7468
47.357,7467
47.358,7466
47.360,7465
47.362,7464
47.364,7463
47.366,7462
47.368,7461
47.368,7460
47.369,7459
47.372,7458
47.372,7457
47.374,7456
47.375,7455
47.376,7454
47.377,7453
47.378,7452
47.379,7451
47.381,7450
47.382,7449
47.383,7448
47.384,7447
47.385,7446
47.386,7445
47.387,7444
47.388,7443
47.389,7442
47.390,7441
47.390,7440
47.391,7439
47.392,7438
47.392,7437
47.393,7436
47.394,7435
47.396,7434
47.397,7433
47.398,7432
47.399,7431
47.399,7430
47.401,7429
47.402,7428
47.402,7427
47.403,7426
47.403,7425
47.404,7424
47.406,7423
47.408,7422
47.409,7421
47.411,7420
47.412,7419
47.416,7418
47.416,7417
47.417,7416
47.418,7415
47.418,7414
47.419,7413
47.421,7412
47.421,7411
47.423,7410
47.423,7409
47.425,7408
47.425,7407
47.427,7406
47.429,7405
47.430,7404
47.434,7403
47.436,7402
47.439,7401
47.440,7400
47.442,7399
47.443,7398
47.443,7397
47.444,7396
47.446,7395
47.447,7394
47.449,7393
47.451,7392
47.452,7391
47.454,7390
47.455,7389
47.457,7388
47.458,7387
47.459,7386
47.460,7385
47.460,7384
47.462,7383
47.465,7382
47.466,7381
47.466,7380
47.467,7379
47.468,7378
47.469,7377
47.470,7376
47.470,7375
47.472,7374
47.472,7373
47.473,7372
47.474,7371
47.474,7370
47.476,7369
47.478,7368
47.479,7367
47.480,7366
47.481,7365
47.482,7364
47.483,7363
47.484,7362
47.484,7361
47.485,7360
47.486,7359
47.487,7358
47.488,7357
47.489,7356
47.490,7355
47.490,7354
47.491,7353
47.492,7352
47.493,7351
47.493,7350
47.494,7349
47.496,7348
47.497,7347
47.498,7346
47.498,7345
47.499,7344
47.500,7343
47.501,7342
47.502,7341
47.503,7340
47.504,7339
47.505,7338
47.508,7337
47.508,7336
47.509,7335
47.509,7334
47.510,7333
47.510,7332
47.510,7331
47.511,7330
47.512,7329
47.513,7328
47.513,7327
47.513,7326
47.514,7325
47.514,7324
47.514,7323
47.515,7322
47.515,7321
47.516,7320
47.516,7319
47.516,7318
47.517,7317
47.517,7316
47.517,7315
47.518,7314
47.518,7313
47.518,7312
47.519,7311
47.519,7310
47.520,7309
47.520,7308
47.521,7307
47.521,7306
47.521,7305
47.522,7304
47.522,7303
47.523,7302
47.524,7301
47.524,7300
47.525,7299
47.525,7298
47.525,7297
47.526,7296
47.526,7295
47.526,7294
47.527,7293
47.527,7292
47.528,7291
47.528,7290
47.529,7289
47.529,7288
47.530,7287
47.530,7286
47.531,7285
47.532,7284
47.532,7283
47.532,7282
47.533,7281
47.533,7280
47.534,7279
47.534,7278
47.534,7277
47.534,7276
47.534,7275
47.535,7274
47.535,7273
47.536,7272
47.536,7271
47.536,7270
47.537,7269
47.538,7268
47.538,7267
47.540,7266
47.540,7265
47.540,7264
47.541,7263
47.541,7262
47.541,7261
47.542,7260
47.542,7259
47.542,7258
47.543,7257
47.551,7256
47.553,7255
47.553,7254
47.553,7253
47.554,7252
47.557,7251
47.557,7250
47.558,7249
47.558,7248
47.558,7247
47.561,7246
47.561,7245
47.562,7244
47.562,7243
47.564,7242
47.564,7241
47.565,7240
47.565,7239
47.565,7238
47.566,7237
47.568,7236
47.568,7235
47.573,7234
47.574,7233
47.574,7232
47.574,7231
47.575,7230
47.575,7229
47.578,7228
47.583,7227
47.588,7226
47.592,7225
47.595,7224
47.602,7223
47.625,7222
47.626,7221
47.626,7220
47.626,7219
47.627,7218
47.635,7217
47.643,7216
47.656,7215
47.739,7214
47.996,7213
47.997,7212
47.998,7211
47.999,7210
48.000,7209
48.001,7208
48.003,7207
48.004,7206
48.006,7205
48.007,7204
48.008,7203
48.010,7202
48.011,7201
48.013,7200
48.014,7199
48.015,7198
48.016,7197
48.018,7196
48.019,7195
48.020,7194
48.021,7193
48.024,7192
48.027,7191
48.029,7190
48.031,7189
48.034,7188
48.037,7187
48.039,7186
48.043,7185
48.046,7184
48.049,7183
48.052,7182
48.054,7181
48.057,7180
48.060,7179
48.064,7178
48.068,7177
48.075,7176
48.079,7175
48.084,7174
48.094,7173
