3.019,10558
41.629,10557
41.630,10556
41.630,10555
41.630,10554
41.631,10553
41.631,10552
41.632,10551
41.632,10550
41.632,10549
41.632,10548
41.633,10547
41.633,10546
41.633,10545
41.634,10544
41.634,10543
41.634,10542
41.635,10541
41.635,10540
41.635,10539
41.636,10538
41.636,10537
41.636,10536
41.636,10535
41.637,10534
41.637,10533
41.637,10532
41.637,10531
41.638,10530
41.638,10529
41.639,10528
41.639,10527
41.639,10526
41.639,10525
41.639,10524
41.640,10523
41.640,10522
41.640,10521
41.641,10520
41.641,10519
41.641,10518
41.641,10517
41.642,10516
41.642,10515
41.642,10514
41.642,10513
41.642,10512
41.642,10511
41.642,10510
41.643,10509
41.643,10508
41.643,10507
41.643,10506
41.643,10505
41.643,10504
41.643,10503
41.644,10502
41.644,10501
41.644,10500
41.644,10499
41.644,10498
41.644,10497
41.645,10496
41.645,10495
41.645,10494
41.645,10493
41.645,10492
41.645,10491
41.645,10490
41.646,10489
41.646,10488
41.646,10487
41.646,10486
41.646,10485
41.646,10484
41.646,10483
41.646,10482
41.646,10481
41.646,10480
41.646,10479
41.646,10478
41.647,10477
41.647,10476
41.647,10475
41.647,10474
41.647,10473
41.647,10472
41.647,10471
41.647,10470
41.647,10469
41.648,10468
41.648,10467
41.648,10466
41.648,10465
41.648,10464
41.648,10463
41.648,10462
41.648,10461
41.648,10460
41.649,10459
41.649,10458
41.649,10457
41.649,10456
41.649,10455
41.649,10454
41.649,10453
41.649,10452
41.649,10451
41.649,10450
41.649,10449
41.649,10448
41.649,10447
41.649,10446
41.650,10445
41.650,10444
41.650,10443
41.650,10442
41.650,10441
41.650,10440
41.650,10439
41.650,10438
41.650,10437
41.650,10436
41.651,10435
41.651,10434
41.651,10433
41.651,10432
41.651,10431
41.651,10430
41.651,10429
41.651,10428
41.651,10427
41.651,10426
41.652,10425
41.652,10424
41.652,10423
41.652,10422
41.652,10421
41.652,10420
41.652,10419
41.652,10418
41.652,10417
41.652,10416
41.652,10415
41.652,10414
41.653,10413
41.653,10412
41.653,10411
41.653,10410
41.653,10409
41.653,10408
41.653,10407
41.653,10406
41.653,10405
41.653,10404
41.653,10403
41.654,10402
41.654,10401
41.654,10400
41.654,10399
41.654,10398
41.654,10397
41.654,10396
41.654,10395
41.654,10394
41.655,10393
41.655,10392
41.655,10391
41.655,10390
41.655,10389
41.655,10388
41.655,10387
41.655,10386
41.655,10385
41.655,10384
41.656,10383
41.656,10382
41.656,10381
41.656,10380
41.656,10379
41.656,10378
41.656,10377
41.656,10376
41.656,10375
41.656,10374
41.656,10373
41.656,10372
41.657,10371
41.657,10370
41.657,10369
41.657,10368
41.657,10367
41.657,10366
41.657,10365
41.657,10364
41.657,10363
41.657,10362
41.657,10361
41.657,10360
41.657,10359
41.658,10358
41.658,10357
41.658,10356
41.658,10355
41.658,10354
41.658,10353
41.658,10352
41.658,10351
41.658,10350
41.658,10349
41.658,10348
41.658,10347
41.658,10346
41.658,10345
41.659,10344
41.659,10343
41.659,10342
41.659,10341
41.659,10340
41.659,10339
41.659,10338
41.659,10337
41.659,10336
41.659,10335
41.659,10334
41.659,10333
41.659,10332
41.659,10331
41.659,10330
41.659,10329
41.659,10328
41.659,10327
41.659,10326
41.659,10325
41.659,10324
41.660,10323
41.660,10322
41.660,10321
41.660,10320
41.660,10319
41.660,10318
41.660,10317
41.660,10316
41.660,10315
41.661,10314
41.661,10313
41.661,10312
41.661,10311
41.661,10310
41.661,10309
41.661,10308
41.661,10307
41.661,10306
41.661,10305
41.661,10304
41.661,10303
41.661,10302
41.661,10301
41.661,10300
41.661,10299
41.662,10298
41.662,10297
41.662,10296
41.662,10295
41.662,10294
41.662,10293
41.662,10292
41.662,10291
41.662,10290
41.662,10289
41.662,10288
41.662,10287
41.662,10286
41.663,10285
41.663,10284
41.663,10283
41.663,10282
41.663,10281
41.663,10280
41.663,10279
41.663,10278
41.663,10277
41.663,10276
41.663,10275
41.663,10274
41.664,10273
41.664,10272
41.664,10271
41.664,10270
41.664,10269
41.664,10268
41.664,10267
41.664,10266
41.664,10265
41.664,10264
41.664,10263
41.664,10262
41.664,10261
41.664,10260
41.664,10259
41.665,10258
41.665,10257
41.665,10256
41.665,10255
41.665,10254
41.665,10253
41.665,10252
41.665,10251
41.665,10250
41.665,10249
41.665,10248
41.665,10247
41.666,10246
41.666,10245
41.666,10244
41.666,10243
41.666,10242
41.666,10241
41.666,10240
41.666,10239
41.667,10238
41.667,10237
41.667,10236
41.667,10235
41.667,10234
41.667,10233
41.667,10232
41.667,10231
41.667,10230
41.667,10229
41.667,10228
41.668,10227
41.668,10226
41.668,10225
41.668,10224
41.668,10223
41.668,10222
41.668,10221
41.668,10220
41.668,10219
41.668,10218
41.668,10217
41.668,10216
41.669,10215
41.669,10214
41.669,10213
41.669,10212
41.669,10211
41.669,10210
41.670,10209
41.670,10208
41.670,10207
41.670,10206
41.670,10205
41.670,10204
41.670,10203
41.670,10202
41.670,10201
41.670,10200
41.670,10199
41.670,10198
41.671,10197
41.671,10196
41.671,10195
41.671,10194
41.671,10193
41.671,10192
41.671,10191
41.671,10190
41.671,10189
41.671,10188
41.671,10187
41.671,10186
41.671,10185
41.671,10184
41.671,10183
41.671,10182
41.671,10181
41.671,10180
41.671,10179
41.671,10178
41.671,10177
41.671,10176
41.671,10175
41.671,10174
41.671,10173
41.671,10172
41.671,10171
41.671,10170
41.672,10169
41.672,10168
41.672,10167
41.672,10166
41.672,10165
41.672,10164
41.672,10163
41.672,10162
41.672,10161
41.672,10160
41.672,10159
41.672,10158
41.672,10157
41.672,10156
41.672,10155
41.672,10154
41.672,10153
41.672,10152
41.672,10151
41.672,10150
41.672,10149
41.672,10148
41.672,10147
41.672,10146
41.672,10145
41.672,10144
41.672,10143
41.672,10142
41.672,10141
41.672,10140
41.673,10139
41.673,10138
41.673,10137
41.673,10136
41.673,10135
41.673,10134
41.673,10133
41.673,10132
41.673,10131
41.673,10130
41.673,10129
41.673,10128
41.673,10127
41.673,10126
41.673,10125
41.673,10124
41.673,10123
41.673,10122
41.673,10121
41.673,10120
41.673,10119
41.674,10118
41.674,10117
41.674,10116
41.674,10115
41.674,10114
41.674,10113
41.674,10112
41.674,10111
41.674,10110
41.674,10109
41.674,10108
41.675,10107
41.675,10106
41.675,10105
41.675,10104
41.675,10103
41.675,10102
41.675,10101
41.675,10100
41.675,10099
41.675,10098
41.675,10097
41.675,10096
41.675,10095
41.675,10094
41.675,10093
41.675,10092
41.675,10091
41.675,10090
41.676,10089
41.676,10088
41.676,10087
41.676,10086
41.676,10085
41.676,10084
41.676,10083
41.676,10082
41.676,10081
41.676,10080
41.676,10079
41.676,10078
41.676,10077
41.676,10076
41.676,10075
41.676,10074
41.676,10073
41.676,10072
41.677,10071
41.677,10070
41.677,10069
41.677,10068
41.677,10067
41.677,10066
41.677,10065
41.677,10064
41.677,10063
41.677,10062
41.677,10061
41.677,10060
41.677,10059
41.677,10058
41.678,10057
41.678,10056
41.678,10055
41.678,10054
41.678,10053
41.678,10052
41.678,10051
41.678,10050
41.678,10049
41.678,10048
41.678,10047
41.678,10046
41.679,10045
41.679,10044
41.679,10043
41.679,10042
41.679,10041
41.679,10040
41.679,10039
41.679,10038
41.679,10037
41.679,10036
41.679,10035
41.679,10034
41.679,10033
41.679,10032
41.679,10031
41.679,10030
41.679,10029
41.679,10028
41.680,10027
41.680,10026
41.680,10025
41.680,10024
41.680,10023
41.680,10022
41.680,10021
41.680,10020
41.680,10019
41.680,10018
41.680,10017
41.680,10016
41.680,10015
41.680,10014
41.680,10013
41.680,10012
41.680,10011
41.680,10010
41.680,10009
41.680,10008
41.680,10007
41.680,10006
41.680,10005
41.681,10004
41.681,10003
41.681,10002
41.681,10001
41.681,10000
41.681,9999
41.681,9998
41.681,9997
41.681,9996
41.681,9995
41.681,9994
41.681,9993
41.681,9992
41.681,9991
41.681,9990
41.681,9989
41.681,9988
41.681,9987
41.681,9986
41.681,9985
41.681,9984
41.681,9983
41.681,9982
41.681,9981
41.681,9980
41.681,9979
41.681,9978
41.681,9977
41.681,9976
41.681,9975
41.681,9974
41.681,9973
41.681,9972
41.681,9971
41.682,9970
41.682,9969
41.682,9968
41.682,9967
41.682,9966
41.682,9965
41.682,9964
41.683,9963
41.683,9962
41.683,9961
41.683,9960
41.683,9959
41.683,9958
41.683,9957
41.683,9956
41.683,9955
41.683,9954
41.683,9953
41.683,9952
41.683,9951
41.683,9950
41.683,9949
41.684,9948
41.684,9947
41.684,9946
41.684,9945
41.684,9944
41.684,9943
41.684,9942
41.684,9941
41.684,9940
41.684,9939
41.684,9938
41.684,9937
41.684,9936
41.684,9935
41.684,9934
41.684,9933
41.684,9932
41.685,9931
41.685,9930
41.685,9929
41.685,9928
41.685,9927
41.685,9926
41.685,9925
41.685,9924
41.685,9923
41.685,9922
41.685,9921
41.685,9920
41.685,9919
41.685,9918
41.685,9917
41.686,9916
41.686,9915
41.686,9914
41.686,9913
41.686,9912
41.686,9911
41.686,9910
41.686,9909
41.686,9908
41.686,9907
41.686,9906
41.686,9905
41.686,9904
41.686,9903
41.686,9902
41.687,9901
41.687,9900
41.687,9899
41.687,9898
41.687,9897
41.687,9896
41.687,9895
41.687,9894
41.687,9893
41.687,9892
41.687,9891
41.687,9890
41.687,9889
41.687,9888
41.687,9887
41.687,9886
41.687,9885
41.687,9884
41.687,9883
41.687,9882
41.687,9881
41.687,9880
41.687,9879
41.687,9878
41.687,9877
41.687,9876
41.687,9875
41.687,9874
41.687,9873
41.687,9872
41.687,9871
41.687,9870
41.687,9869
41.687,9868
41.687,9867
41.687,9866
41.687,9865
41.687,9864
41.687,9863
41.687,9862
41.687,9861
41.688,9860
41.688,9859
41.688,9858
41.688,9857
41.688,9856
41.688,9855
41.688,9854
41.688,9853
41.688,9852
41.688,9851
41.688,9850
41.688,9849
41.688,9848
41.688,9847
41.688,9846
41.688,9845
41.688,9844
41.688,9843
41.688,9842
41.688,9841
41.688,9840
41.689,9839
41.689,9838
41.689,9837
41.689,9836
41.689,9835
41.689,9834
41.689,9833
41.689,9832
41.689,9831
41.689,9830
41.689,9829
41.689,9828
41.689,9827
41.689,9826
41.689,9825
41.689,9824
41.689,9823
41.689,9822
41.689,9821
41.689,9820
41.689,9819
41.689,9818
41.689,9817
41.689,9816
41.689,9815
41.689,9814
41.689,9813
41.689,9812
41.689,9811
41.689,9810
41.689,9809
41.689,9808
41.689,9807
41.689,9806
41.689,9805
41.689,9804
41.689,9803
41.689,9802
41.690,9801
41.690,9800
41.690,9799
41.690,9798
41.690,9797
41.690,9796
41.690,9795
41.690,9794
41.690,9793
41.690,9792
41.690,9791
41.690,9790
41.690,9789
41.690,9788
41.690,9787
41.690,9786
41.690,9785
41.690,9784
41.690,9783
41.690,9782
41.690,9781
41.690,9780
41.690,9779
41.690,9778
41.690,9777
41.690,9776
41.690,9775
41.690,9774
41.690,9773
41.690,9772
41.690,9771
41.690,9770
41.690,9769
41.690,9768
41.690,9767
41.690,9766
41.690,9765
41.690,9764
41.690,9763
41.690,9762
41.690,9761
41.690,9760
41.690,9759
41.690,9758
41.690,9757
41.690,9756
41.690,9755
41.690,9754
41.691,9753
41.691,9752
41.691,9751
41.691,9750
41.691,9749
41.691,9748
41.691,9747
41.691,9746
41.691,9745
41.691,9744
41.691,9743
41.691,9742
41.691,9741
41.691,9740
41.691,9739
41.691,9738
41.691,9737
41.691,9736
41.691,9735
41.691,9734
41.691,9733
41.691,9732
41.691,9731
41.691,9730
41.691,9729
41.691,9728
41.691,9727
41.691,9726
41.691,9725
41.691,9724
41.691,9723
41.691,9722
41.691,9721
41.691,9720
41.691,9719
41.691,9718
41.691,9717
41.691,9716
41.691,9715
41.691,9714
41.691,9713
41.691,9712
41.691,9711
41.691,9710
41.691,9709
41.691,9708
41.691,9707
41.691,9706
41.691,9705
41.692,9704
41.692,9703
41.692,9702
41.692,9701
41.692,9700
41.692,9699
41.692,9698
41.692,9697
41.692,9696
41.692,9695
41.692,9694
41.692,9693
41.692,9692
41.692,9691
41.692,9690
41.692,9689
41.692,9688
41.692,9687
41.692,9686
41.692,9685
41.692,9684
41.692,9683
41.692,9682
41.692,9681
41.692,9680
41.692,9679
41.692,9678
41.692,9677
41.692,9676
41.692,9675
41.692,9674
41.692,9673
41.692,9672
41.692,9671
41.692,9670
41.692,9669
41.692,9668
41.692,9667
41.692,9666
41.692,9665
41.692,9664
41.692,9663
41.692,9662
41.692,9661
41.692,9660
41.692,9659
41.692,9658
41.692,9657
41.692,9656
41.692,9655
41.692,9654
41.692,9653
41.692,9652
41.692,9651
41.692,9650
41.692,9649
41.692,9648
41.693,9647
41.693,9646
41.693,9645
41.693,9644
41.693,9643
41.693,9642
41.693,9641
41.693,9640
41.693,9639
41.693,9638
41.693,9637
41.693,9636
41.693,9635
41.693,9634
41.693,9633
41.693,9632
41.693,9631
41.693,9630
41.693,9629
41.693,9628
41.693,9627
41.693,9626
41.693,9625
41.693,9624
41.693,9623
41.693,9622
41.693,9621
41.693,9620
41.693,9619
41.693,9618
41.693,9617
41.693,9616
41.693,9615
41.693,9614
41.693,9613
41.693,9612
41.693,9611
41.693,9610
41.693,9609
41.693,9608
41.694,9607
41.694,9606
41.694,9605
41.694,9604
41.694,9603
41.694,9602
41.694,9601
41.694,9600
41.694,9599
41.694,9598
41.694,9597
41.694,9596
41.694,9595
41.694,9594
41.694,9593
41.694,9592
41.694,9591
41.694,9590
41.694,9589
41.694,9588
41.694,9587
41.694,9586
41.694,9585
41.694,9584
41.694,9583
41.694,9582
41.694,9581
41.694,9580
41.694,9579
41.694,9578
41.694,9577
41.694,9576
41.694,9575
41.694,9574
41.694,9573
41.694,9572
41.694,9571
41.694,9570
41.694,9569
41.694,9568
41.694,9567
41.694,9566
41.694,9565
41.694,9564
41.694,9563
41.694,9562
41.694,9561
41.694,9560
41.694,9559
41.694,9558
41.694,9557
41.694,9556
41.694,9555
41.694,9554
41.694,9553
41.694,9552
41.694,9551
41.694,9550
41.694,9549
41.694,9548
41.694,9547
41.694,9546
41.694,9545
41.694,9544
41.694,9543
41.694,9542
41.694,9541
41.694,9540
41.695,9539
41.695,9538
41.695,9537
41.695,9536
41.695,9535
41.695,9534
41.695,9533
41.695,9532
41.695,9531
41.695,9530
41.695,9529
41.695,9528
41.695,9527
41.695,9526
41.695,9525
41.695,9524
41.695,9523
41.695,9522
41.695,9521
41.695,9520
41.695,9519
41.695,9518
41.695,9517
41.695,9516
41.695,9515
41.695,9514
41.695,9513
41.695,9512
41.695,9511
41.695,9510
41.695,9509
41.695,9508
41.695,9507
41.695,9506
41.695,9505
41.695,9504
41.695,9503
41.695,9502
41.695,9501
41.695,9500
41.696,9499
41.696,9498
41.696,9497
41.696,9496
41.696,9495
41.696,9494
41.696,9493
41.696,9492
41.696,9491
41.696,9490
41.696,9489
41.696,9488
41.696,9487
41.696,9486
41.696,9485
41.696,9484
41.696,9483
41.696,9482
41.696,9481
41.696,9480
41.696,9479
41.696,9478
41.696,9477
41.696,9476
41.696,9475
41.696,9474
41.696,9473
41.696,9472
41.696,9471
41.696,9470
41.696,9469
41.696,9468
41.696,9467
41.696,9466
41.696,9465
41.696,9464
41.696,9463
41.696,9462
41.696,9461
41.696,9460
41.696,9459
41.696,9458
41.696,9457
41.696,9456
41.696,9455
41.696,9454
41.697,9453
41.697,9452
41.697,9451
41.697,9450
41.697,9449
41.697,9448
41.697,9447
41.697,9446
41.697,9445
41.697,9444
41.697,9443
41.697,9442
41.697,9441
41.697,9440
41.697,9439
41.697,9438
41.697,9437
41.697,9436
41.697,9435
41.697,9434
41.697,9433
41.697,9432
41.698,9431
41.698,9430
41.698,9429
41.698,9428
41.698,9427
41.698,9426
41.698,9425
41.698,9424
41.698,9423
41.698,9422
41.698,9421
41.698,9420
41.698,9419
41.698,9418
41.698,9417
41.698,9416
41.698,9415
41.698,9414
41.698,9413
41.698,9412
41.699,9411
41.699,9410
41.699,9409
41.699,9408
41.699,9407
41.699,9406
41.699,9405
41.699,9404
41.699,9403
41.699,9402
41.699,9401
41.699,9400
41.699,9399
41.699,9398
41.699,9397
41.699,9396
41.699,9395
41.699,9394
41.699,9393
41.699,9392
41.699,9391
41.700,9390
41.700,9389
41.700,9388
41.700,9387
41.700,9386
41.700,9385
41.700,9384
41.700,9383
41.700,9382
41.700,9381
41.700,9380
41.700,9379
41.700,9378
41.700,9377
41.700,9376
41.700,9375
41.700,9374
41.700,9373
41.700,9372
41.700,9371
41.700,9370
41.701,9369
41.701,9368
41.701,9367
41.701,9366
41.701,9365
41.701,9364
41.701,9363
41.701,9362
41.701,9361
41.701,9360
41.701,9359
41.701,9358
41.701,9357
41.701,9356
41.701,9355
41.701,9354
41.701,9353
41.701,9352
41.701,9351
41.701,9350
41.702,9349
41.702,9348
41.702,9347
41.702,9346
41.702,9345
41.702,9344
41.702,9343
41.702,9342
41.702,9341
41.703,9340
41.703,9339
41.703,9338
41.703,9337
41.703,9336
41.703,9335
41.703,9334
41.703,9333
41.703,9332
41.703,9331
41.703,9330
41.703,9329
41.703,9328
41.703,9327
41.703,9326
41.704,9325
41.704,9324
41.704,9323
41.704,9322
41.704,9321
41.704,9320
41.704,9319
41.704,9318
41.704,9317
41.704,9316
41.704,9315
41.704,9314
41.704,9313
41.704,9312
41.704,9311
41.704,9310
41.704,9309
41.704,9308
41.704,9307
41.704,9306
41.705,9305
41.705,9304
41.705,9303
41.705,9302
41.705,9301
41.705,9300
41.705,9299
41.705,9298
41.705,9297
41.705,9296
41.705,9295
41.705,9294
41.705,9293
41.705,9292
41.705,9291
41.705,9290
41.705,9289
41.705,9288
41.705,9287
41.706,9286
41.706,9285
41.706,9284
41.706,9283
41.706,9282
41.706,9281
41.706,9280
41.706,9279
41.706,9278
41.706,9277
41.706,9276
41.706,9275
41.706,9274
41.707,9273
41.707,9272
41.707,9271
41.707,9270
41.707,9269
41.707,9268
41.707,9267
41.707,9266
41.707,9265
41.707,9264
41.707,9263
41.707,9262
41.707,9261
41.707,9260
41.707,9259
41.707,9258
41.707,9257
41.707,9256
41.708,9255
41.708,9254
41.708,9253
41.708,9252
41.708,9251
41.708,9250
41.708,9249
41.708,9248
41.708,9247
41.708,9246
41.708,9245
41.708,9244
41.708,9243
41.708,9242
41.708,9241
41.708,9240
41.708,9239
41.708,9238
41.708,9237
41.709,9236
41.709,9235
41.709,9234
41.709,9233
41.709,9232
41.709,9231
41.709,9230
41.709,9229
41.709,9228
41.709,9227
41.709,9226
41.709,9225
41.709,9224
41.709,9223
41.709,9222
41.709,9221
41.709,9220
41.710,9219
41.710,9218
41.710,9217
41.710,9216
41.710,9215
41.710,9214
41.710,9213
41.710,9212
41.710,9211
41.710,9210
41.710,9209
41.710,9208
41.710,9207
41.710,9206
41.710,9205
41.710,9204
41.710,9203
41.711,9202
41.711,9201
41.711,9200
41.711,9199
41.711,9198
41.711,9197
41.711,9196
41.711,9195
41.711,9194
41.711,9193
41.711,9192
41.711,9191
41.711,9190
41.711,9189
41.711,9188
41.711,9187
41.711,9186
41.711,9185
41.711,9184
41.712,9183
41.712,9182
41.712,9181
41.712,9180
41.712,9179
41.712,9178
41.712,9177
41.712,9176
41.712,9175
41.712,9174
41.712,9173
41.712,9172
41.712,9171
41.712,9170
41.712,9169
41.712,9168
41.712,9167
41.713,9166
41.713,9165
41.713,9164
41.713,9163
41.713,9162
41.713,9161
41.713,9160
41.713,9159
41.713,9158
41.713,9157
41.713,9156
41.713,9155
41.713,9154
41.713,9153
41.713,9152
41.713,9151
41.713,9150
41.713,9149
41.714,9148
41.714,9147
41.714,9146
41.714,9145
41.714,9144
41.714,9143
41.714,9142
41.714,9141
41.714,9140
41.714,9139
41.714,9138
41.714,9137
41.714,9136
41.714,9135
41.714,9134
41.714,9133
41.714,9132
41.714,9131
41.714,9130
41.715,9129
41.715,9128
41.715,9127
41.715,9126
41.715,9125
41.715,9124
41.715,9123
41.715,9122
41.715,9121
41.715,9120
41.715,9119
41.715,9118
41.715,9117
41.715,9116
41.715,9115
41.715,9114
41.715,9113
41.715,9112
41.715,9111
41.715,9110
41.715,9109
41.715,9108
41.715,9107
41.715,9106
41.716,9105
41.716,9104
41.716,9103
41.716,9102
41.716,9101
41.716,9100
41.716,9099
41.716,9098
41.716,9097
41.716,9096
41.716,9095
41.716,9094
41.716,9093
41.716,9092
41.716,9091
41.716,9090
41.716,9089
41.716,9088
41.716,9087
41.717,9086
41.717,9085
41.717,9084
41.717,9083
41.717,9082
41.717,9081
41.717,9080
41.717,9079
41.717,9078
41.717,9077
41.717,9076
41.717,9075
41.717,9074
41.717,9073
41.717,9072
41.717,9071
41.717,9070
41.717,9069
41.717,9068
41.717,9067
41.717,9066
41.717,9065
41.717,9064
41.717,9063
41.717,9062
41.717,9061
41.717,9060
41.717,9059
41.717,9058
41.717,9057
41.718,9056
41.718,9055
41.718,9054
41.718,9053
41.718,9052
41.718,9051
41.718,9050
41.718,9049
41.718,9048
41.718,9047
41.718,9046
41.718,9045
41.718,9044
41.718,9043
41.718,9042
41.718,9041
41.718,9040
41.718,9039
41.718,9038
41.718,9037
41.718,9036
41.718,9035
41.718,9034
41.718,9033
41.718,9032
41.718,9031
41.718,9030
41.718,9029
41.718,9028
41.718,9027
41.718,9026
41.718,9025
41.718,9024
41.718,9023
41.718,9022
41.718,9021
41.718,9020
41.718,9019
41.718,9018
41.719,9017
41.719,9016
41.719,9015
41.719,9014
41.719,9013
41.719,9012
41.719,9011
41.719,9010
41.719,9009
41.719,9008
41.719,9007
41.719,9006
41.719,9005
41.719,9004
41.720,9003
41.720,9002
41.720,9001
41.720,9000
41.720,8999
41.720,8998
41.720,8997
41.720,8996
41.720,8995
41.720,8994
41.720,8993
41.720,8992
41.720,8991
41.721,8990
41.721,8989
41.721,8988
41.721,8987
41.721,8986
41.721,8985
41.721,8984
41.721,8983
41.721,8982
41.721,8981
41.721,8980
41.721,8979
41.721,8978
41.721,8977
41.721,8976
41.721,8975
41.722,8974
41.722,8973
41.722,8972
41.722,8971
41.722,8970
41.722,8969
41.722,8968
41.722,8967
41.722,8966
41.722,8965
41.722,8964
41.722,8963
41.722,8962
41.722,8961
41.722,8960
41.722,8959
41.722,8958
41.722,8957
41.723,8956
41.723,8955
41.723,8954
41.723,8953
41.723,8952
41.723,8951
41.723,8950
41.723,8949
41.723,8948
41.723,8947
41.723,8946
41.723,8945
41.723,8944
41.723,8943
41.723,8942
41.723,8941
41.724,8940
41.724,8939
41.724,8938
41.724,8937
41.724,8936
41.724,8935
41.724,8934
41.724,8933
41.724,8932
41.724,8931
41.724,8930
41.724,8929
41.724,8928
41.724,8927
41.725,8926
41.725,8925
41.725,8924
41.725,8923
41.725,8922
41.725,8921
41.725,8920
41.725,8919
41.725,8918
41.725,8917
41.726,8916
41.726,8915
41.726,8914
41.726,8913
41.726,8912
41.726,8911
41.726,8910
41.726,8909
41.726,8908
41.726,8907
41.726,8906
41.726,8905
41.726,8904
41.726,8903
41.726,8902
41.726,8901
41.726,8900
41.726,8899
41.726,8898
41.726,8897
41.726,8896
41.727,8895
41.727,8894
41.727,8893
41.727,8892
41.727,8891
41.727,8890
41.727,8889
41.727,8888
41.727,8887
41.727,8886
41.727,8885
41.727,8884
41.727,8883
41.727,8882
41.727,8881
41.727,8880
41.728,8879
41.728,8878
41.728,8877
41.728,8876
41.728,8875
41.728,8874
41.728,8873
41.728,8872
41.728,8871
41.728,8870
41.728,8869
41.728,8868
41.728,8867
41.728,8866
41.728,8865
41.729,8864
41.729,8863
41.729,8862
41.729,8861
41.729,8860
41.729,8859
41.729,8858
41.729,8857
41.729,8856
41.729,8855
41.729,8854
41.729,8853
41.729,8852
41.729,8851
41.729,8850
41.729,8849
41.729,8848
41.729,8847
41.729,8846
41.729,8845
41.729,8844
41.729,8843
41.729,8842
41.729,8841
41.730,8840
41.730,8839
41.730,8838
41.730,8837
41.730,8836
41.730,8835
41.730,8834
41.730,8833
41.730,8832
41.730,8831
41.730,8830
41.730,8829
41.730,8828
41.730,8827
41.730,8826
41.730,8825
41.730,8824
41.730,8823
41.731,8822
41.731,8821
41.731,8820
41.731,8819
41.731,8818
41.731,8817
41.731,8816
41.731,8815
41.731,8814
41.731,8813
41.731,8812
41.731,8811
41.731,8810
41.731,8809
41.731,8808
41.732,8807
41.732,8806
41.732,8805
41.732,8804
41.732,8803
41.732,8802
41.732,8801
41.732,8800
41.732,8799
41.732,8798
41.732,8797
41.732,8796
41.732,8795
41.732,8794
41.732,8793
41.732,8792
41.732,8791
41.732,8790
41.732,8789
41.732,8788
41.733,8787
41.733,8786
41.733,8785
41.733,8784
41.733,8783
41.733,8782
41.733,8781
41.733,8780
41.733,8779
41.733,8778
41.733,8777
41.733,8776
41.733,8775
41.733,8774
41.733,8773
41.733,8772
41.733,8771
41.734,8770
41.734,8769
41.734,8768
41.734,8767
41.734,8766
41.734,8765
41.734,8764
41.734,8763
41.734,8762
41.734,8761
41.734,8760
41.734,8759
41.734,8758
41.734,8757
41.735,8756
41.735,8755
41.735,8754
41.735,8753
41.735,8752
41.735,8751
41.735,8750
41.735,8749
41.735,8748
41.735,8747
41.735,8746
41.735,8745
41.735,8744
41.735,8743
41.736,8742
41.736,8741
41.736,8740
41.736,8739
41.736,8738
41.736,8737
41.736,8736
41.736,8735
41.736,8734
41.736,8733
41.736,8732
41.736,8731
41.736,8730
41.736,8729
41.736,8728
41.736,8727
41.736,8726
41.736,8725
41.737,8724
41.737,8723
41.737,8722
41.737,8721
41.737,8720
41.737,8719
41.737,8718
41.737,8717
41.737,8716
41.737,8715
41.737,8714
41.737,8713
41.737,8712
41.737,8711
41.738,8710
41.738,8709
41.738,8708
41.738,8707
41.738,8706
41.738,8705
41.738,8704
41.738,8703
41.738,8702
41.738,8701
41.738,8700
41.738,8699
41.738,8698
41.738,8697
41.738,8696
41.738,8695
41.738,8694
41.739,8693
41.739,8692
41.739,8691
41.739,8690
41.739,8689
41.739,8688
41.739,8687
41.739,8686
41.739,8685
41.739,8684
41.739,8683
41.739,8682
41.739,8681
41.739,8680
41.739,8679
41.739,8678
41.739,8677
41.739,8676
41.739,8675
41.739,8674
41.739,8673
41.739,8672
41.739,8671
41.739,8670
41.740,8669
41.740,8668
41.740,8667
41.740,8666
41.740,8665
41.740,8664
41.740,8663
41.740,8662
41.740,8661
41.740,8660
41.740,8659
41.740,8658
41.740,8657
41.740,8656
41.740,8655
41.740,8654
41.740,8653
41.740,8652
41.740,8651
41.740,8650
41.740,8649
41.740,8648
41.740,8647
41.740,8646
41.740,8645
41.740,8644
41.741,8643
41.741,8642
41.741,8641
41.741,8640
41.741,8639
41.741,8638
41.741,8637
41.741,8636
41.741,8635
41.741,8634
41.741,8633
41.741,8632
41.741,8631
41.741,8630
41.741,8629
41.741,8628
41.741,8627
41.741,8626
41.741,8625
41.741,8624
41.741,8623
41.741,8622
41.741,8621
41.741,8620
41.742,8619
41.742,8618
41.742,8617
41.742,8616
41.742,8615
41.742,8614
41.742,8613
41.742,8612
41.742,8611
41.742,8610
41.742,8609
41.742,8608
41.742,8607
41.742,8606
41.742,8605
41.742,8604
41.742,8603
41.742,8602
41.742,8601
41.742,8600
41.742,8599
41.742,8598
41.743,8597
41.743,8596
41.743,8595
41.743,8594
41.743,8593
41.743,8592
41.743,8591
41.743,8590
41.743,8589
41.743,8588
41.743,8587
41.743,8586
41.743,8585
41.743,8584
41.743,8583
41.743,8582
41.743,8581
41.743,8580
41.744,8579
41.744,8578
41.744,8577
41.744,8576
41.744,8575
41.744,8574
41.744,8573
41.744,8572
41.744,8571
41.744,8570
41.744,8569
41.744,8568
41.744,8567
41.744,8566
41.744,8565
41.744,8564
41.745,8563
41.745,8562
41.745,8561
41.745,8560
41.745,8559
41.745,8558
41.745,8557
41.745,8556
41.745,8555
41.745,8554
41.745,8553
41.745,8552
41.745,8551
41.745,8550
41.746,8549
41.746,8548
41.746,8547
41.746,8546
41.746,8545
41.746,8544
41.746,8543
41.746,8542
41.746,8541
41.746,8540
41.746,8539
41.747,8538
41.747,8537
41.747,8536
41.747,8535
41.747,8534
41.747,8533
41.747,8532
41.747,8531
41.747,8530
41.747,8529
41.747,8528
41.747,8527
41.747,8526
41.747,8525
41.748,8524
41.748,8523
41.748,8522
41.748,8521
41.748,8520
41.748,8519
41.748,8518
41.748,8517
41.748,8516
41.748,8515
41.749,8514
41.749,8513
41.749,8512
41.749,8511
41.749,8510
41.749,8509
41.749,8508
41.749,8507
41.749,8506
41.749,8505
41.749,8504
41.749,8503
41.749,8502
41.749,8501
41.749,8500
41.750,8499
41.750,8498
41.750,8497
41.750,8496
41.750,8495
41.750,8494
41.750,8493
41.750,8492
41.750,8491
41.750,8490
41.750,8489
41.750,8488
41.751,8487
41.751,8486
41.751,8485
41.751,8484
41.751,8483
41.751,8482
41.751,8481
41.751,8480
41.751,8479
41.751,8478
41.751,8477
41.751,8476
41.751,8475
41.752,8474
41.752,8473
41.752,8472
41.752,8471
41.752,8470
41.752,8469
41.752,8468
41.752,8467
41.752,8466
41.752,8465
41.752,8464
41.752,8463
41.752,8462
41.752,8461
41.752,8460
41.752,8459
41.752,8458
41.752,8457
41.753,8456
41.753,8455
41.753,8454
41.753,8453
41.753,8452
41.753,8451
41.753,8450
41.753,8449
41.753,8448
41.753,8447
41.753,8446
41.753,8445
41.754,8444
41.754,8443
41.754,8442
41.754,8441
41.754,8440
41.754,8439
41.754,8438
41.754,8437
41.754,8436
41.754,8435
41.754,8434
41.754,8433
41.754,8432
41.755,8431
41.755,8430
41.755,8429
41.755,8428
41.755,8427
41.755,8426
41.755,8425
41.755,8424
41.755,8423
41.755,8422
41.755,8421
41.755,8420
41.755,8419
41.756,8418
41.756,8417
41.756,8416
41.756,8415
41.756,8414
41.756,8413
41.756,8412
41.757,8411
41.757,8410
41.757,8409
41.757,8408
41.757,8407
41.757,8406
41.757,8405
41.757,8404
41.757,8403
41.757,8402
41.757,8401
41.757,8400
41.757,8399
41.758,8398
41.758,8397
41.758,8396
41.758,8395
41.758,8394
41.760,8393
41.760,8392
41.761,8391
41.761,8390
41.762,8389
41.763,8388
41.766,8387
41.766,8386
41.767,8385
41.767,8384
41.767,8383
41.767,8382
41.767,8381
41.769,8380
41.772,8379
41.772,8378
41.772,8377
41.772,8376
41.772,8375
41.772,8374
41.772,8373
41.772,8372
41.772,8371
41.772,8370
41.772,8369
41.773,8368
41.773,8367
41.773,8366
41.773,8365
41.773,8364
41.773,8363
41.773,8362
41.773,8361
41.773,8360
41.773,8359
41.774,8358
41.774,8357
41.774,8356
41.774,8355
41.774,8354
41.774,8353
41.774,8352
41.774,8351
41.775,8350
41.775,8349
41.775,8348
41.775,8347
41.775,8346
41.775,8345
41.776,8344
41.776,8343
41.780,8342
41.781,8341
41.781,8340
41.781,8339
41.782,8338
41.782,8337
41.782,8336
41.782,8335
41.784,8334
41.785,8333
41.785,8332
41.787,8331
41.787,8330
41.787,8329
41.789,8328
41.791,8327
41.791,8326
41.791,8325
41.791,8324
41.791,8323
41.791,8322
41.792,8321
41.792,8320
41.792,8319
41.792,8318
41.792,8317
41.792,8316
41.792,8315
41.792,8314
41.792,8313
41.792,8312
41.792,8311
41.792,8310
41.793,8309
41.793,8308
41.793,8307
41.793,8306
41.793,8305
41.793,8304
41.793,8303
41.793,8302
41.794,8301
41.794,8300
41.794,8299
41.794,8298
41.794,8297
41.794,8296
41.794,8295
41.794,8294
41.794,8293
41.795,8292
41.795,8291
41.795,8290
41.795,8289
41.795,8288
41.795,8287
41.795,8286
41.795,8285
41.795,8284
41.796,8283
41.796,8282
41.796,8281
41.796,8280
41.796,8279
41.796,8278
41.796,8277
41.796,8276
41.796,8275
41.796,8274
41.797,8273
41.797,8272
41.797,8271
41.797,8270
41.797,8269
41.797,8268
41.797,8267
41.798,8266
41.798,8265
41.798,8264
41.798,8263
41.798,8262
41.798,8261
41.799,8260
41.799,8259
41.799,8258
41.799,8257
41.799,8256
41.799,8255
41.800,8254
41.800,8253
41.800,8252
41.800,8251
41.800,8250
41.801,8249
41.801,8248
41.801,8247
41.801,8246
41.801,8245
41.801,8244
41.801,8243
41.802,8242
41.802,8241
41.802,8240
41.802,8239
41.803,8238
41.803,8237
41.803,8236
41.803,8235
41.803,8234
41.803,8233
41.803,8232
41.804,8231
41.804,8230
41.804,8229
41.804,8228
41.804,8227
41.805,8226
41.805,8225
41.805,8224
41.805,8223
41.805,8222
41.807,8221
41.807,8220
41.807,8219
41.834,8218
41.926,8217
41.927,8216
41.927,8215
41.943,8214
41.950,8213
41.950,8212
41.950,8211
41.950,8210
41.951,8209
41.951,8208
41.952,8207
41.952,8206
41.952,8205
41.954,8204
41.960,8203
41.961,8202
41.962,8201
41.962,8200
41.962,8199
41.963,8198
41.964,8197
41.964,8196
41.964,8195
41.964,8194
41.965,8193
41.965,8192
41.966,8191
41.966,8190
41.967,8189
41.967,8188
41.967,8187
41.968,8186
41.968,8185
41.968,8184
41.969,8183
41.972,8182
41.973,8181
41.973,8180
41.974,8179
41.974,8178
41.974,8177
41.975,8176
41.975,8175
41.975,8174
41.975,8173
41.976,8172
41.977,8171
41.977,8170
41.977,8169
41.977,8168
41.977,8167
41.981,8166
41.981,8165
41.981,8164
41.981,8163
41.982,8162
41.982,8161
41.982,8160
41.982,8159
41.983,8158
41.983,8157
41.983,8156
41.984,8155
41.984,8154
41.984,8153
41.985,8152
41.985,8151
41.985,8150
41.986,8149
41.986,8148
41.986,8147
41.989,8146
41.989,8145
41.989,8144
41.989,8143
41.990,8142
41.990,8141
41.990,8140
41.991,8139
41.992,8138
41.992,8137
41.992,8136
41.993,8135
41.993,8134
41.994,8133
41.994,8132
41.995,8131
41.995,8130
41.996,8129
41.996,8128
41.997,8127
41.997,8126
41.998,8125
41.998,8124
41.999,8123
41.999,8122
41.999,8121
42.000,8120
42.000,8119
42.000,8118
42.001,8117
42.001,8116
42.001,8115
42.001,8114
42.002,8113
42.003,8112
42.003,8111
42.004,8110
42.004,8109
42.004,8108
42.005,8107
42.006,8106
42.006,8105
42.007,8104
42.008,8103
42.008,8102
42.008,8101
42.011,8100
42.011,8099
42.012,8098
42.012,8097
42.012,8096
42.013,8095
42.014,8094
42.014,8093
42.014,8092
42.015,8091
42.015,8090
42.015,8089
42.016,8088
42.016,8087
42.016,8086
42.017,8085
42.017,8084
42.018,8083
42.018,8082
42.018,8081
42.019,8080
42.019,8079
42.019,8078
42.020,8077
42.020,8076
42.021,8075
42.021,8074
42.021,8073
42.022,8072
42.022,8071
42.022,8070
42.023,8069
42.023,8068
42.024,8067
42.025,8066
42.025,8065
42.026,8064
42.026,8063
42.026,8062
42.027,8061
42.027,8060
42.027,8059
42.028,8058
42.028,8057
42.029,8056
42.030,8055
42.030,8054
42.031,8053
42.031,8052
42.031,8051
42.031,8050
42.032,8049
42.032,8048
42.033,8047
42.033,8046
42.034,8045
42.035,8044
42.035,8043
42.035,8042
42.036,8041
42.036,8040
42.037,8039
42.038,8038
42.038,8037
42.039,8036
42.040,8035
42.040,8034
42.041,8033
42.041,8032
42.041,8031
42.041,8030
42.042,8029
42.043,8028
42.044,8027
42.044,8026
42.044,8025
42.044,8024
42.045,8023
42.045,8022
42.046,8021
42.046,8020
42.046,8019
42.047,8018
42.047,8017
42.048,8016
42.048,8015
42.048,8014
42.049,8013
42.050,8012
42.050,8011
42.051,8010
42.051,8009
42.051,8008
42.052,8007
42.052,8006
42.053,8005
42.053,8004
42.053,8003
42.054,8002
42.054,8001
42.055,8000
42.055,7999
42.055,7998
42.056,7997
42.056,7996
42.056,7995
42.057,7994
42.057,7993
42.057,7992
42.058,7991
42.058,7990
42.058,7989
42.059,7988
42.059,7987
42.060,7986
42.061,7985
42.062,7984
42.063,7983
42.063,7982
42.063,7981
42.063,7980
42.065,7979
42.066,7978
42.066,7977
42.067,7976
42.067,7975
42.068,7974
42.069,7973
42.070,7972
42.070,7971
42.071,7970
42.071,7969
42.072,7968
42.073,7967
42.073,7966
42.074,7965
42.074,7964
42.075,7963
42.075,7962
42.076,7961
42.076,7960
42.077,7959
42.079,7958
42.079,7957
42.079,7956
42.080,7955
42.080,7954
42.082,7953
42.082,7952
42.083,7951
42.083,7950
42.083,7949
42.084,7948
42.085,7947
42.086,7946
42.086,7945
42.087,7944
42.088,7943
42.088,7942
42.089,7941
42.090,7940
42.090,7939
42.092,7938
42.095,7937
42.096,7936
42.097,7935
42.097,7934
42.098,7933
42.098,7932
42.100,7931
42.100,7930
42.101,7929
42.101,7928
42.101,7927
42.102,7926
42.102,7925
42.103,7924
42.103,7923
42.104,7922
42.104,7921
42.105,7920
42.105,7919
42.107,7918
42.107,7917
42.107,7916
42.107,7915
42.108,7914
42.109,7913
42.109,7912
42.109,7911
42.110,7910
42.110,7909
42.111,7908
42.111,7907
42.111,7906
42.112,7905
42.112,7904
42.113,7903
42.113,7902
42.115,7901
42.116,7900
42.116,7899
42.117,7898
42.117,7897
42.118,7896
42.119,7895
42.120,7894
42.121,7893
42.121,7892
42.122,7891
42.122,7890
42.123,7889
42.124,7888
42.125,7887
42.126,7886
42.126,7885
42.127,7884
42.127,7883
42.128,7882
42.128,7881
42.128,7880
42.129,7879
42.129,7878
42.130,7877
42.130,7876
42.131,7875
42.131,7874
42.132,7873
42.132,7872
42.133,7871
42.133,7870
42.134,7869
42.135,7868
42.136,7867
42.137,7866
42.137,7865
42.138,7864
42.138,7863
42.146,7862
42.155,7861
42.156,7860
42.156,7859
42.157,7858
42.157,7857
42.157,7856
42.157,7855
42.158,7854
42.158,7853
42.158,7852
42.159,7851
42.159,7850
42.159,7849
42.160,7848
42.160,7847
42.160,7846
42.160,7845
42.161,7844
42.161,7843
42.162,7842
42.162,7841
42.162,7840
42.162,7839
42.163,7838
42.163,7837
42.164,7836
42.164,7835
42.165,7834
42.166,7833
42.166,7832
42.166,7831
42.166,7830
42.167,7829
42.167,7828
42.167,7827
42.167,7826
42.168,7825
42.168,7824
42.168,7823
42.168,7822
42.169,7821
42.169,7820
42.169,7819
42.170,7818
42.170,7817
42.170,7816
42.171,7815
42.171,7814
42.171,7813
42.172,7812
42.172,7811
42.172,7810
42.173,7809
42.173,7808
42.173,7807
42.174,7806
42.174,7805
42.175,7804
42.175,7803
42.175,7802
42.176,7801
42.176,7800
42.177,7799
42.177,7798
42.177,7797
42.178,7796
42.186,7795
42.188,7794
42.190,7793
42.190,7792
42.192,7791
42.194,7790
42.194,7789
42.195,7788
42.195,7787
42.196,7786
42.196,7785
42.196,7784
42.196,7783
42.197,7782
42.197,7781
42.198,7780
42.200,7779
42.202,7778
42.202,7777
42.203,7776
42.203,7775
42.203,7774
42.205,7773
42.205,7772
42.205,7771
42.205,7770
42.206,7769
42.207,7768
42.209,7767
42.209,7766
42.210,7765
42.210,7764
42.210,7763
42.212,7762
42.212,7761
42.213,7760
42.214,7759
42.215,7758
42.217,7757
42.218,7756
42.219,7755
42.219,7754
42.220,7753
42.220,7752
42.223,7751
42.224,7750
42.224,7749
42.225,7748
42.227,7747
42.233,7746
42.236,7745
42.238,7744
42.239,7743
42.242,7742
42.245,7741
42.247,7740
42.248,7739
42.248,7738
42.249,7737
42.250,7736
42.250,7735
42.251,7734
42.251,7733
42.251,7732
42.269,7731
42.269,7730
42.269,7729
42.271,7728
42.271,7727
42.272,7726
42.274,7725
42.276,7724
42.278,7723
42.279,7722
42.281,7721
42.283,7720
42.283,7719
42.285,7718
42.285,7717
42.285,7716
42.286,7715
42.287,7714
42.288,7713
42.288,7712
42.290,7711
42.291,7710
42.291,7709
42.292,7708
42.293,7707
42.293,7706
42.294,7705
42.297,7704
42.298,7703
42.299,7702
42.302,7701
42.303,7700
42.304,7699
42.305,7698
42.306,7697
42.307,7696
42.308,7695
42.308,7694
42.310,7693
42.310,7692
42.313,7691
42.314,7690
42.315,7689
42.315,7688
42.316,7687
42.316,7686
42.317,7685
42.317,7684
42.319,7683
42.319,7682
42.320,7681
42.321,7680
42.323,7679
42.324,7678
42.324,7677
42.325,7676
42.326,7675
42.326,7674
42.328,7673
42.329,7672
42.330,7671
42.331,7670
42.331,7669
42.333,7668
42.334,7667
42.336,7666
42.337,7665
42.338,7664
42.339,7663
42.339,7662
42.340,7661
42.341,7660
42.341,7659
42.343,7658
42.346,7657
42.346,7656
42.347,7655
42.348,7654
42.348,7653
42.348,7652
42.349,7651
42.350,7650
42.353,7649
42.354,7648
42.355,7647
42.356,7646
42.356,7645
42.357,7644
42.357,7643
42.358,7642
42.359,7641
42.360,7640
42.361,7639
42.361,7638
42.362,7637
42.363,7636
42.364,7635
42.364,7634
42.365,7633
42.366,7632
42.366,7631
42.368,7630
42.368,7629
42.368,7628
42.370,7627
42.371,7626
42.371,7625
42.372,7624
42.373,7623
42.374,7622
42.376,7621
42.377,7620
42.378,7619
42.378,7618
42.379,7617
42.379,7616
42.380,7615
42.381,7614
42.381,7613
42.382,7612
42.383,7611
42.383,7610
42.384,7609
42.384,7608
42.386,7607
42.387,7606
42.389,7605
42.389,7604
42.390,7603
42.391,7602
42.392,7601
42.392,7600
42.394,7599
42.396,7598
42.397,7597
42.398,7596
42.399,7595
42.399,7594
42.400,7593
42.401,7592
42.401,7591
42.402,7590
42.403,7589
42.404,7588
42.406,7587
42.406,7586
42.407,7585
42.408,7584
42.408,7583
42.409,7582
42.410,7581
42.411,7580
42.411,7579
42.413,7578
42.413,7577
42.415,7576
42.417,7575
42.418,7574
42.419,7573
42.419,7572
42.421,7571
42.422,7570
42.425,7569
42.425,7568
42.428,7567
42.428,7566
42.429,7565
42.430,7564
42.430,7563
42.431,7562
42.432,7561
42.433,7560
42.435,7559
42.435,7558
42.436,7557
42.437,7556
42.439,7555
42.440,7554
42.441,7553
42.442,7552
42.443,7551
42.443,7550
42.444,7549
42.445,7548
42.446,7547
42.446,7546
42.447,7545
42.449,7544
42.450,7543
42.451,7542
42.451,7541
42.454,7540
42.454,7539
42.454,7538
42.455,7537
42.456,7536
42.457,7535
42.458,7534
42.459,7533
42.460,7532
42.462,7531
42.462,7530
42.462,7529
42.464,7528
42.465,7527
42.465,7526
42.466,7525
42.466,7524
42.468,7523
42.469,7522
42.469,7521
42.470,7520
42.472,7519
42.473,7518
42.474,7517
42.475,7516
42.476,7515
42.477,7514
42.477,7513
42.477,7512
42.478,7511
42.479,7510
42.480,7509
42.480,7508
42.481,7507
42.483,7506
42.484,7505
42.485,7504
42.486,7503
42.486,7502
42.487,7501
42.488,7500
42.489,7499
42.490,7498
42.491,7497
42.492,7496
42.493,7495
42.496,7494
42.498,7493
42.499,7492
42.501,7491
42.501,7490
42.502,7489
42.503,7488
42.503,7487
42.504,7486
42.506,7485
42.507,7484
42.508,7483
42.508,7482
42.509,7481
42.510,7480
42.511,7479
42.513,7478
42.513,7477
42.514,7476
42.516,7475
42.517,7474
42.518,7473
42.519,7472
42.521,7471
42.522,7470
42.523,7469
42.524,7468
42.525,7467
42.526,7466
42.527,7465
42.528,7464
42.528,7463
42.529,7462
42.529,7461
42.531,7460
42.532,7459
42.534,7458
42.535,7457
42.537,7456
42.538,7455
42.539,7454
42.539,7453
42.540,7452
42.541,7451
42.544,7450
42.544,7449
42.545,7448
42.546,7447
42.547,7446
42.549,7445
42.549,7444
42.550,7443
42.551,7442
42.551,7441
42.555,7440
42.556,7439
42.557,7438
42.559,7437
42.562,7436
42.562,7435
42.563,7434
42.567,7433
42.569,7432
42.570,7431
42.572,7430
42.572,7429
42.572,7428
42.574,7427
42.576,7426
42.577,7425
42.578,7424
42.579,7423
42.581,7422
42.582,7421
42.583,7420
42.584,7419
42.589,7418
42.589,7417
42.590,7416
42.591,7415
42.591,7414
42.592,7413
42.593,7412
42.594,7411
42.595,7410
42.596,7409
42.596,7408
42.598,7407
42.599,7406
42.600,7405
42.600,7404
42.601,7403
42.602,7402
42.603,7401
42.605,7400
42.607,7399
42.608,7398
42.609,7397
42.610,7396
42.611,7395
42.613,7394
42.614,7393
42.614,7392
42.615,7391
42.616,7390
42.617,7389
42.619,7388
42.619,7387
42.621,7386
42.621,7385
42.622,7384
42.624,7383
42.625,7382
42.626,7381
42.628,7380
42.629,7379
42.630,7378
42.631,7377
42.632,7376
42.633,7375
42.634,7374
42.634,7373
42.635,7372
42.635,7371
42.635,7370
42.636,7369
42.636,7368
42.636,7367
42.637,7366
42.637,7365
42.638,7364
42.638,7363
42.638,7362
42.639,7361
42.639,7360
42.639,7359
42.640,7358
42.640,7357
42.640,7356
42.641,7355
42.641,7354
42.642,7353
42.643,7352
42.643,7351
42.643,7350
42.644,7349
42.644,7348
42.644,7347
42.645,7346
42.645,7345
42.645,7344
42.646,7343
42.646,7342
42.646,7341
42.647,7340
42.647,7339
42.647,7338
42.648,7337
42.649,7336
42.649,7335
42.649,7334
42.650,7333
42.650,7332
42.651,7331
42.651,7330
42.651,7329
42.651,7328
42.652,7327
42.652,7326
42.652,7325
42.653,7324
42.653,7323
42.653,7322
42.654,7321
42.654,7320
42.654,7319
42.655,7318
42.655,7317
42.656,7316
42.656,7315
42.657,7314
42.657,7313
42.657,7312
42.658,7311
42.658,7310
42.658,7309
42.659,7308
42.659,7307
42.663,7306
42.667,7305
42.668,7304
42.668,7303
42.669,7302
42.669,7301
42.672,7300
42.673,7299
42.673,7298
42.675,7297
42.676,7296
42.677,7295
42.677,7294
42.677,7293
42.678,7292
42.678,7291
42.679,7290
42.680,7289
42.681,7288
42.684,7287
42.685,7286
42.685,7285
42.686,7284
42.686,7283
42.691,7282
42.692,7281
42.696,7280
42.703,7279
42.704,7278
42.720,7277
42.732,7276
42.733,7275
42.734,7274
42.734,7273
42.735,7272
42.738,7271
42.746,7270
42.808,7269
43.062,7268
43.064,7267
43.065,7266
43.066,7265
43.067,7264
43.068,7263
43.070,7262
43.071,7261
43.073,7260
43.074,7259
43.076,7258
43.078,7257
43.079,7256
43.080,7255
43.082,7254
43.083,7253
43.084,7252
43.085,7251
43.086,7250
43.088,7249
43.092,7248
43.094,7247
43.098,7246
43.100,7245
43.103,7244
43.106,7243
43.109,7242
43.112,7241
43.116,7240
43.123,7239
43.129,7238
