21.382,6606
104.678,6605
104.678,6604
104.678,6603
104.678,6602
104.678,6601
104.678,6600
104.678,6599
104.678,6598
104.678,6597
104.678,6596
104.678,6595
104.678,6594
104.678,6593
104.678,6592
104.679,6591
104.679,6590
104.679,6589
104.679,6588
104.679,6587
104.679,6586
104.679,6585
104.679,6584
104.679,6583
104.679,6582
104.679,6581
104.679,6580
104.679,6579
104.679,6578
104.679,6577
104.680,6576
104.680,6575
104.680,6574
104.680,6573
104.680,6572
104.680,6571
104.680,6570
104.680,6569
104.680,6568
104.680,6567
104.680,6566
104.680,6565
104.680,6564
104.680,6563
104.680,6562
104.681,6561
104.681,6560
104.681,6559
104.681,6558
104.681,6557
104.681,6556
104.681,6555
104.681,6554
104.681,6553
104.681,6552
104.681,6551
104.681,6550
104.681,6549
104.681,6548
104.681,6547
104.681,6546
104.682,6545
104.682,6544
104.682,6543
104.682,6542
104.682,6541
104.682,6540
104.682,6539
104.682,6538
104.682,6537
104.682,6536
104.682,6535
104.682,6534
104.682,6533
104.682,6532
104.683,6531
104.683,6530
104.683,6529
104.683,6528
104.683,6527
104.683,6526
104.683,6525
104.683,6524
104.683,6523
104.683,6522
104.683,6521
104.684,6520
104.684,6519
104.684,6518
104.684,6517
104.684,6516
104.684,6515
104.684,6514
104.684,6513
104.684,6512
104.684,6511
104.684,6510
104.684,6509
104.684,6508
104.684,6507
104.685,6506
104.685,6505
104.685,6504
104.685,6503
104.685,6502
104.685,6501
104.685,6500
104.685,6499
104.685,6498
104.685,6497
104.685,6496
104.685,6495
104.685,6494
104.685,6493
104.686,6492
104.686,6491
104.686,6490
104.686,6489
104.686,6488
104.686,6487
104.686,6486
104.686,6485
104.686,6484
104.686,6483
104.686,6482
104.686,6481
104.686,6480
104.686,6479
104.686,6478
104.687,6477
104.687,6476
104.687,6475
104.687,6474
104.687,6473
104.687,6472
104.687,6471
104.687,6470
104.687,6469
104.687,6468
104.687,6467
104.687,6466
104.687,6465
104.687,6464
104.688,6463
104.688,6462
104.688,6461
104.688,6460
104.688,6459
104.688,6458
104.688,6457
104.688,6456
104.688,6455
104.688,6454
104.688,6453
104.688,6452
104.688,6451
104.688,6450
104.688,6449
104.689,6448
104.689,6447
104.689,6446
104.689,6445
104.689,6444
104.689,6443
104.689,6442
104.689,6441
104.689,6440
104.689,6439
104.689,6438
104.690,6437
104.690,6436
104.690,6435
104.690,6434
104.690,6433
104.690,6432
104.691,6431
104.691,6430
104.691,6429
104.691,6428
104.692,6427
104.692,6426
104.692,6425
104.692,6424
104.692,6423
104.692,6422
104.692,6421
104.692,6420
104.692,6419
104.693,6418
104.693,6417
104.693,6416
104.693,6415
104.693,6414
104.693,6413
104.693,6412
104.693,6411
104.693,6410
104.693,6409
104.694,6408
104.694,6407
104.694,6406
104.694,6405
104.694,6404
104.694,6403
104.694,6402
104.694,6401
104.694,6400
104.694,6399
104.695,6398
104.695,6397
104.695,6396
104.695,6395
104.695,6394
104.695,6393
104.695,6392
104.696,6391
104.696,6390
104.696,6389
104.696,6388
104.696,6387
104.696,6386
104.696,6385
104.696,6384
104.696,6383
104.697,6382
104.697,6381
104.697,6380
104.697,6379
104.697,6378
104.697,6377
104.697,6376
104.697,6375
104.697,6374
104.697,6373
104.698,6372
104.698,6371
104.698,6370
104.698,6369
104.698,6368
104.698,6367
104.698,6366
104.698,6365
104.698,6364
104.699,6363
104.699,6362
104.699,6361
104.699,6360
104.699,6359
104.699,6358
104.699,6357
104.699,6356
104.700,6355
104.700,6354
104.700,6353
104.700,6352
104.700,6351
104.700,6350
104.700,6349
104.700,6348
104.700,6347
104.701,6346
104.701,6345
104.701,6344
104.701,6343
104.701,6342
104.701,6341
104.701,6340
104.701,6339
104.701,6338
104.702,6337
104.702,6336
104.702,6335
104.702,6334
104.702,6333
104.702,6332
104.702,6331
104.702,6330
104.702,6329
104.703,6328
104.703,6327
104.703,6326
104.703,6325
104.703,6324
104.703,6323
104.703,6322
104.703,6321
104.703,6320
104.704,6319
104.704,6318
104.704,6317
104.704,6316
104.704,6315
104.704,6314
104.704,6313
104.704,6312
104.704,6311
104.705,6310
104.705,6309
104.705,6308
104.705,6307
104.705,6306
104.705,6305
104.705,6304
104.705,6303
104.705,6302
104.705,6301
104.705,6300
104.706,6299
104.706,6298
104.706,6297
104.706,6296
104.706,6295
104.706,6294
104.706,6293
104.706,6292
104.706,6291
104.707,6290
104.707,6289
104.707,6288
104.707,6287
104.707,6286
104.707,6285
104.707,6284
104.707,6283
104.707,6282
104.707,6281
104.708,6280
104.708,6279
104.708,6278
104.708,6277
104.708,6276
104.708,6275
104.708,6274
104.709,6273
104.709,6272
104.709,6271
104.709,6270
104.709,6269
104.709,6268
104.709,6267
104.709,6266
104.709,6265
104.709,6264
104.709,6263
104.710,6262
104.710,6261
104.710,6260
104.710,6259
104.710,6258
104.710,6257
104.710,6256
104.710,6255
104.710,6254
104.710,6253
104.710,6252
104.711,6251
104.711,6250
104.711,6249
104.711,6248
104.711,6247
104.711,6246
104.711,6245
104.711,6244
104.711,6243
104.711,6242
104.711,6241
104.711,6240
104.712,6239
104.712,6238
104.712,6237
104.712,6236
104.712,6235
104.712,6234
104.712,6233
104.712,6232
104.713,6231
104.713,6230
104.713,6229
104.713,6228
104.713,6227
104.713,6226
104.714,6225
104.714,6224
104.714,6223
104.714,6222
104.714,6221
104.714,6220
104.715,6219
104.715,6218
104.715,6217
104.715,6216
104.715,6215
104.716,6214
104.716,6213
104.716,6212
104.716,6211
104.716,6210
104.717,6209
104.717,6208
104.717,6207
104.717,6206
104.717,6205
104.717,6204
104.718,6203
104.718,6202
104.718,6201
104.718,6200
104.718,6199
104.718,6198
104.719,6197
104.719,6196
104.719,6195
104.719,6194
104.719,6193
104.719,6192
104.720,6191
104.720,6190
104.720,6189
104.720,6188
104.720,6187
104.721,6186
104.721,6185
104.721,6184
104.721,6183
104.721,6182
104.721,6181
104.722,6180
104.722,6179
104.722,6178
104.722,6177
104.722,6176
104.723,6175
104.723,6174
104.723,6173
104.723,6172
104.724,6171
104.724,6170
104.724,6169
104.724,6168
104.725,6167
104.725,6166
104.725,6165
104.725,6164
104.725,6163
104.725,6162
104.725,6161
104.726,6160
104.726,6159
104.726,6158
104.726,6157
104.726,6156
104.727,6155
104.727,6154
104.727,6153
104.727,6152
104.727,6151
104.727,6150
104.727,6149
104.728,6148
104.728,6147
104.728,6146
104.728,6145
104.728,6144
104.728,6143
104.729,6142
104.729,6141
104.729,6140
104.729,6139
104.730,6138
104.730,6137
104.730,6136
104.730,6135
104.730,6134
104.730,6133
104.730,6132
104.730,6131
104.731,6130
104.731,6129
104.731,6128
104.731,6127
104.732,6126
104.732,6125
104.732,6124
104.732,6123
104.732,6122
104.732,6121
104.732,6120
104.733,6119
104.733,6118
104.733,6117
104.733,6116
104.734,6115
104.734,6114
104.734,6113
104.734,6112
104.734,6111
104.734,6110
104.735,6109
104.735,6108
104.735,6107
104.735,6106
104.735,6105
104.735,6104
104.735,6103
104.735,6102
104.736,6101
104.736,6100
104.736,6099
104.736,6098
104.736,6097
104.737,6096
104.737,6095
104.737,6094
104.737,6093
104.737,6092
104.738,6091
104.738,6090
104.738,6089
104.738,6088
104.738,6087
104.739,6086
104.739,6085
104.739,6084
104.739,6083
104.739,6082
104.739,6081
104.740,6080
104.740,6079
104.740,6078
104.740,6077
104.740,6076
104.740,6075
104.740,6074
104.740,6073
104.741,6072
104.741,6071
104.741,6070
104.741,6069
104.741,6068
104.741,6067
104.742,6066
104.742,6065
104.742,6064
104.742,6063
104.743,6062
104.743,6061
104.743,6060
104.743,6059
104.743,6058
104.743,6057
104.743,6056
104.743,6055
104.744,6054
104.744,6053
104.744,6052
104.744,6051
104.744,6050
104.745,6049
104.745,6048
104.745,6047
104.745,6046
104.745,6045
104.745,6044
104.746,6043
104.746,6042
104.746,6041
104.746,6040
104.746,6039
104.746,6038
104.746,6037
104.746,6036
104.747,6035
104.747,6034
104.747,6033
104.747,6032
104.747,6031
104.747,6030
104.747,6029
104.748,6028
104.748,6027
104.748,6026
104.748,6025
104.748,6024
104.748,6023
104.749,6022
104.749,6021
104.749,6020
104.749,6019
104.749,6018
104.749,6017
104.749,6016
104.749,6015
104.750,6014
104.750,6013
104.750,6012
104.750,6011
104.750,6010
104.750,6009
104.751,6008
104.751,6007
104.751,6006
104.751,6005
104.751,6004
104.751,6003
104.752,6002
104.752,6001
104.752,6000
104.752,5999
104.752,5998
104.753,5997
104.753,5996
104.753,5995
104.753,5994
104.753,5993
104.753,5992
104.753,5991
104.753,5990
104.754,5989
104.754,5988
104.754,5987
104.754,5986
104.754,5985
104.754,5984
104.754,5983
104.754,5982
104.755,5981
104.755,5980
104.755,5979
104.755,5978
104.755,5977
104.755,5976
104.755,5975
104.755,5974
104.756,5973
104.756,5972
104.756,5971
104.756,5970
104.757,5969
104.757,5968
104.757,5967
104.757,5966
104.758,5965
104.758,5964
104.758,5963
104.758,5962
104.758,5961
104.759,5960
104.759,5959
104.759,5958
104.759,5957
104.760,5956
104.760,5955
104.760,5954
104.760,5953
104.761,5952
104.761,5951
104.761,5950
104.761,5949
104.762,5948
104.763,5947
104.763,5946
104.763,5945
104.763,5944
104.764,5943
104.764,5942
104.764,5941
104.765,5940
104.765,5939
104.765,5938
104.765,5937
104.765,5936
104.766,5935
104.766,5934
104.766,5933
104.766,5932
104.766,5931
104.766,5930
104.767,5929
104.767,5928
104.767,5927
104.767,5926
104.768,5925
104.768,5924
104.768,5923
104.769,5922
104.769,5921
104.769,5920
104.769,5919
104.770,5918
104.770,5917
104.770,5916
104.770,5915
104.770,5914
104.771,5913
104.771,5912
104.771,5911
104.771,5910
104.771,5909
104.772,5908
104.772,5907
104.772,5906
104.772,5905
104.773,5904
104.773,5903
104.773,5902
104.773,5901
104.773,5900
104.774,5899
104.774,5898
104.775,5897
104.775,5896
104.775,5895
104.775,5894
104.776,5893
104.776,5892
104.776,5891
104.776,5890
104.776,5889
104.777,5888
104.777,5887
104.777,5886
104.777,5885
104.778,5884
104.778,5883
104.779,5882
104.779,5881
104.779,5880
104.779,5879
104.779,5878
104.780,5877
104.780,5876
104.780,5875
104.780,5874
104.780,5873
104.781,5872
104.781,5871
104.781,5870
104.781,5869
104.781,5868
104.781,5867
104.782,5866
104.782,5865
104.782,5864
104.782,5863
104.782,5862
104.782,5861
104.783,5860
104.783,5859
104.784,5858
104.784,5857
104.784,5856
104.784,5855
104.784,5854
104.785,5853
104.785,5852
104.785,5851
104.785,5850
104.786,5849
104.786,5848
104.786,5847
104.786,5846
104.787,5845
104.787,5844
104.787,5843
104.787,5842
104.787,5841
104.787,5840
104.788,5839
104.788,5838
104.788,5837
104.788,5836
104.788,5835
104.789,5834
104.789,5833
104.789,5832
104.789,5831
104.789,5830
104.789,5829
104.790,5828
104.790,5827
104.790,5826
104.790,5825
104.790,5824
104.791,5823
104.791,5822
104.791,5821
104.791,5820
104.792,5819
104.792,5818
104.792,5817
104.793,5816
104.793,5815
104.793,5814
104.793,5813
104.793,5812
104.794,5811
104.794,5810
104.794,5809
104.794,5808
104.794,5807
104.795,5806
104.795,5805
104.795,5804
104.795,5803
104.795,5802
104.795,5801
104.796,5800
104.796,5799
104.796,5798
104.796,5797
104.796,5796
104.796,5795
104.797,5794
104.797,5793
104.797,5792
104.798,5791
104.798,5790
104.798,5789
104.799,5788
104.799,5787
104.799,5786
104.799,5785
104.799,5784
104.800,5783
104.800,5782
104.800,5781
104.800,5780
104.800,5779
104.801,5778
104.801,5777
104.801,5776
104.801,5775
104.802,5774
104.802,5773
104.802,5772
104.802,5771
104.802,5770
104.803,5769
104.803,5768
104.803,5767
104.803,5766
104.803,5765
104.804,5764
104.804,5763
104.804,5762
104.804,5761
104.804,5760
104.804,5759
104.805,5758
104.805,5757
104.805,5756
104.805,5755
104.805,5754
104.806,5753
104.806,5752
104.806,5751
104.806,5750
104.806,5749
104.806,5748
104.806,5747
104.807,5746
104.807,5745
104.807,5744
104.807,5743
104.807,5742
104.807,5741
104.808,5740
104.808,5739
104.808,5738
104.808,5737
104.808,5736
104.808,5735
104.809,5734
104.809,5733
104.809,5732
104.809,5731
104.809,5730
104.809,5729
104.810,5728
104.810,5727
104.810,5726
104.810,5725
104.810,5724
104.810,5723
104.810,5722
104.811,5721
104.811,5720
104.811,5719
104.811,5718
104.811,5717
104.811,5716
104.812,5715
104.812,5714
104.812,5713
104.812,5712
104.812,5711
104.813,5710
104.813,5709
104.813,5708
104.814,5707
104.814,5706
104.814,5705
104.814,5704
104.815,5703
104.815,5702
104.816,5701
104.816,5700
104.816,5699
104.817,5698
104.817,5697
104.817,5696
104.818,5695
104.818,5694
104.819,5693
104.819,5692
104.820,5691
104.820,5690
104.820,5689
104.821,5688
104.821,5687
104.821,5686
104.821,5685
104.822,5684
104.822,5683
104.823,5682
104.823,5681
104.824,5680
104.824,5679
104.824,5678
104.824,5677
104.824,5676
104.824,5675
104.825,5674
104.825,5673
104.826,5672
104.827,5671
104.827,5670
104.828,5669
104.828,5668
104.828,5667
104.829,5666
104.829,5665
104.830,5664
104.830,5663
104.831,5662
104.831,5661
104.831,5660
104.831,5659
104.832,5658
104.832,5657
104.832,5656
104.832,5655
104.833,5654
104.834,5653
104.834,5652
104.835,5651
104.835,5650
104.836,5649
104.837,5648
104.837,5647
104.837,5646
104.838,5645
104.838,5644
104.838,5643
104.839,5642
104.839,5641
104.839,5640
104.839,5639
104.840,5638
104.841,5637
104.841,5636
104.842,5635
104.843,5634
104.843,5633
104.843,5632
104.844,5631
104.844,5630
104.844,5629
104.845,5628
104.845,5627
104.845,5626
104.846,5625
104.846,5624
104.846,5623
104.846,5622
104.847,5621
104.847,5620
104.847,5619
104.847,5618
104.848,5617
104.848,5616
104.848,5615
104.848,5614
104.849,5613
104.849,5612
104.850,5611
104.850,5610
104.850,5609
104.851,5608
104.851,5607
104.851,5606
104.851,5605
104.852,5604
104.852,5603
104.852,5602
104.852,5601
104.853,5600
104.853,5599
104.853,5598
104.853,5597
104.853,5596
104.854,5595
104.854,5594
104.854,5593
104.854,5592
104.855,5591
104.855,5590
104.856,5589
104.856,5588
104.856,5587
104.857,5586
104.857,5585
104.857,5584
104.857,5583
104.857,5582
104.858,5581
104.858,5580
104.859,5579
104.859,5578
104.859,5577
104.859,5576
104.860,5575
104.861,5574
104.861,5573
104.861,5572
104.862,5571
104.862,5570
104.863,5569
104.863,5568
104.863,5567
104.863,5566
104.864,5565
104.864,5564
104.864,5563
104.864,5562
104.865,5561
104.865,5560
104.865,5559
104.866,5558
104.866,5557
104.866,5556
104.867,5555
104.867,5554
104.867,5553
104.868,5552
104.869,5551
104.869,5550
104.869,5549
104.869,5548
104.869,5547
104.869,5546
104.870,5545
104.870,5544
104.870,5543
104.871,5542
104.871,5541
104.872,5540
104.872,5539
104.872,5538
104.873,5537
104.873,5536
104.873,5535
104.873,5534
104.873,5533
104.874,5532
104.874,5531
104.874,5530
104.875,5529
104.875,5528
104.875,5527
104.875,5526
104.875,5525
104.875,5524
104.876,5523
104.876,5522
104.876,5521
104.877,5520
104.877,5519
104.877,5518
104.878,5517
104.878,5516
104.878,5515
104.878,5514
104.879,5513
104.879,5512
104.879,5511
104.879,5510
104.880,5509
104.880,5508
104.880,5507
104.881,5506
104.881,5505
104.882,5504
104.883,5503
104.884,5502
104.884,5501
104.885,5500
104.885,5499
104.886,5498
104.886,5497
104.887,5496
104.887,5495
104.888,5494
104.888,5493
104.889,5492
104.891,5491
104.891,5490
104.892,5489
104.892,5488
104.892,5487
104.894,5486
104.894,5485
104.895,5484
104.895,5483
104.896,5482
104.896,5481
104.897,5480
104.897,5479
104.897,5478
104.898,5477
104.899,5476
104.900,5475
104.901,5474
104.901,5473
104.902,5472
104.902,5471
104.903,5470
104.904,5469
104.905,5468
104.905,5467
104.905,5466
104.906,5465
104.906,5464
104.907,5463
104.907,5462
104.908,5461
104.909,5460
104.910,5459
104.910,5458
104.911,5457
104.912,5456
104.912,5455
104.912,5454
104.913,5453
104.914,5452
104.914,5451
104.914,5450
104.915,5449
104.916,5448
104.916,5447
104.916,5446
104.917,5445
104.917,5444
104.918,5443
104.919,5442
104.919,5441
104.919,5440
104.920,5439
104.920,5438
104.920,5437
104.920,5436
104.921,5435
104.922,5434
104.922,5433
104.922,5432
104.923,5431
104.923,5430
104.923,5429
104.924,5428
104.924,5427
104.924,5426
104.924,5425
104.924,5424
104.926,5423
104.926,5422
104.926,5421
104.926,5420
104.927,5419
104.927,5418
104.928,5417
104.928,5416
104.928,5415
104.929,5414
104.929,5413
104.929,5412
104.930,5411
104.931,5410
104.931,5409
104.931,5408
104.932,5407
104.933,5406
104.933,5405
104.934,5404
104.934,5403
104.934,5402
104.935,5401
104.935,5400
104.936,5399
104.936,5398
104.937,5397
104.938,5396
104.938,5395
104.938,5394
104.939,5393
104.939,5392
104.940,5391
104.940,5390
104.940,5389
104.940,5388
104.941,5387
104.941,5386
104.941,5385
104.941,5384
104.942,5383
104.942,5382
104.943,5381
104.943,5380
104.943,5379
104.944,5378
104.944,5377
104.945,5376
104.945,5375
104.946,5374
104.946,5373
104.947,5372
104.947,5371
104.947,5370
104.948,5369
104.949,5368
104.950,5367
104.951,5366
104.951,5365
104.951,5364
104.951,5363
104.952,5362
104.952,5361
104.952,5360
104.953,5359
104.953,5358
104.953,5357
104.954,5356
104.954,5355
104.954,5354
104.954,5353
104.955,5352
104.955,5351
104.956,5350
104.957,5349
104.958,5348
104.960,5347
104.961,5346
104.961,5345
104.961,5344
104.962,5343
104.963,5342
104.964,5341
104.964,5340
104.965,5339
104.966,5338
104.966,5337
104.967,5336
104.969,5335
104.969,5334
104.969,5333
104.970,5332
104.970,5331
104.971,5330
104.972,5329
104.973,5328
104.974,5327
104.976,5326
104.976,5325
104.976,5324
104.978,5323
104.979,5322
104.979,5321
104.980,5320
104.981,5319
104.986,5318
104.986,5317
104.986,5316
104.987,5315
104.987,5314
104.987,5313
104.989,5312
104.989,5311
104.989,5310
104.990,5309
104.990,5308
104.991,5307
104.992,5306
104.993,5305
104.994,5304
104.994,5303
104.995,5302
104.996,5301
104.999,5300
104.999,5299
105.001,5298
105.001,5297
105.004,5296
105.005,5295
105.005,5294
105.005,5293
105.006,5292
105.007,5291
105.008,5290
105.008,5289
105.009,5288
105.009,5287
105.010,5286
105.011,5285
105.011,5284
105.011,5283
105.012,5282
105.013,5281
105.013,5280
105.013,5279
105.014,5278
105.014,5277
105.015,5276
105.017,5275
105.018,5274
105.019,5273
105.020,5272
105.020,5271
105.021,5270
105.022,5269
105.022,5268
105.022,5267
105.023,5266
105.023,5265
105.024,5264
105.024,5263
105.025,5262
105.025,5261
105.026,5260
105.026,5259
105.026,5258
105.027,5257
105.027,5256
105.028,5255
105.028,5254
105.030,5253
105.031,5252
105.032,5251
105.032,5250
105.032,5249
105.033,5248
105.034,5247
105.036,5246
105.037,5245
105.037,5244
105.038,5243
105.039,5242
105.040,5241
105.040,5240
105.040,5239
105.041,5238
105.042,5237
105.042,5236
105.043,5235
105.044,5234
105.044,5233
105.045,5232
105.045,5231
105.045,5230
105.046,5229
105.046,5228
105.046,5227
105.047,5226
105.047,5225
105.047,5224
105.048,5223
105.048,5222
105.049,5221
105.050,5220
105.052,5219
105.052,5218
105.053,5217
105.053,5216
105.053,5215
105.053,5214
105.055,5213
105.055,5212
105.058,5211
105.060,5210
105.060,5209
105.061,5208
105.061,5207
105.062,5206
105.062,5205
105.062,5204
105.063,5203
105.063,5202
105.064,5201
105.064,5200
105.065,5199
105.065,5198
105.065,5197
105.066,5196
105.066,5195
105.067,5194
105.068,5193
105.069,5192
105.069,5191
105.069,5190
105.070,5189
105.072,5188
105.073,5187
105.074,5186
105.075,5185
105.077,5184
105.077,5183
105.078,5182
105.079,5181
105.079,5180
105.080,5179
105.082,5178
105.082,5177
105.082,5176
105.084,5175
105.086,5174
105.088,5173
105.088,5172
105.089,5171
105.090,5170
105.091,5169
105.091,5168
105.092,5167
105.093,5166
105.094,5165
105.096,5164
105.098,5163
105.098,5162
105.099,5161
105.100,5160
105.103,5159
105.104,5158
105.106,5157
105.107,5156
105.107,5155
105.108,5154
105.109,5153
105.110,5152
105.120,5151
105.121,5150
105.122,5149
105.124,5148
105.125,5147
105.126,5146
105.126,5145
105.127,5144
105.127,5143
105.127,5142
105.129,5141
105.130,5140
105.131,5139
105.132,5138
105.132,5137
105.134,5136
105.135,5135
105.136,5134
105.136,5133
105.137,5132
105.137,5131
105.137,5130
105.138,5129
105.139,5128
105.139,5127
105.140,5126
105.140,5125
105.141,5124
105.141,5123
105.142,5122
105.142,5121
105.142,5120
105.144,5119
105.144,5118
105.145,5117
105.148,5116
105.150,5115
105.150,5114
105.151,5113
105.153,5112
105.155,5111
105.156,5110
105.157,5109
105.158,5108
105.159,5107
105.160,5106
105.160,5105
105.161,5104
105.164,5103
105.164,5102
105.168,5101
105.169,5100
105.170,5099
105.171,5098
105.171,5097
105.172,5096
105.173,5095
105.175,5094
105.176,5093
105.177,5092
105.178,5091
105.178,5090
105.180,5089
105.180,5088
105.181,5087
105.181,5086
105.182,5085
105.183,5084
105.185,5083
105.188,5082
105.190,5081
105.194,5080
105.196,5079
105.197,5078
105.199,5077
105.200,5076
105.201,5075
105.201,5074
105.204,5073
105.207,5072
105.208,5071
105.209,5070
105.210,5069
105.210,5068
105.210,5067
105.211,5066
105.215,5065
105.216,5064
105.218,5063
105.219,5062
105.219,5061
105.220,5060
105.221,5059
105.222,5058
105.223,5057
105.223,5056
105.223,5055
105.227,5054
105.229,5053
105.231,5052
105.232,5051
105.232,5050
105.232,5049
105.233,5048
105.234,5047
105.236,5046
105.236,5045
105.238,5044
105.240,5043
105.241,5042
105.242,5041
105.242,5040
105.243,5039
105.246,5038
105.248,5037
105.248,5036
105.249,5035
105.249,5034
105.250,5033
105.254,5032
105.254,5031
105.255,5030
105.256,5029
105.258,5028
105.259,5027
105.261,5026
105.261,5025
105.262,5024
105.263,5023
105.264,5022
105.265,5021
105.267,5020
105.269,5019
105.272,5018
105.272,5017
105.273,5016
105.274,5015
105.274,5014
105.275,5013
105.275,5012
105.276,5011
105.276,5010
105.278,5009
105.279,5008
105.280,5007
105.281,5006
105.281,5005
105.282,5004
105.285,5003
105.287,5002
105.288,5001
105.289,5000
105.289,4999
105.289,4998
105.294,4997
105.297,4996
105.298,4995
105.299,4994
105.300,4993
105.300,4992
105.301,4991
105.301,4990
105.302,4989
105.303,4988
105.306,4987
105.307,4986
105.311,4985
105.313,4984
105.313,4983
105.316,4982
105.322,4981
105.323,4980
105.324,4979
105.325,4978
105.325,4977
105.326,4976
105.328,4975
105.329,4974
105.331,4973
105.334,4972
105.335,4971
105.336,4970
105.337,4969
105.341,4968
105.343,4967
105.343,4966
105.345,4965
105.346,4964
105.349,4963
105.350,4962
105.352,4961
105.354,4960
105.355,4959
105.355,4958
105.356,4957
105.358,4956
105.359,4955
105.361,4954
105.361,4953
105.365,4952
105.366,4951
105.367,4950
105.368,4949
105.369,4948
105.369,4947
105.373,4946
105.381,4945
105.383,4944
105.383,4943
105.385,4942
105.385,4941
105.386,4940
105.387,4939
105.388,4938
105.391,4937
105.394,4936
105.394,4935
105.395,4934
105.396,4933
105.397,4932
105.398,4931
105.398,4930
105.399,4929
105.400,4928
105.404,4927
105.404,4926
105.406,4925
105.413,4924
105.414,4923
105.415,4922
105.422,4921
105.423,4920
105.423,4919
105.424,4918
105.424,4917
105.425,4916
105.425,4915
105.426,4914
105.432,4913
105.434,4912
105.435,4911
105.442,4910
105.443,4909
105.444,4908
105.451,4907
105.453,4906
105.454,4905
105.456,4904
105.458,4903
105.459,4902
105.460,4901
105.462,4900
105.463,4899
105.464,4898
105.465,4897
105.466,4896
105.468,4895
105.470,4894
105.478,4893
105.479,4892
105.480,4891
105.482,4890
105.484,4889
105.486,4888
105.487,4887
105.488,4886
105.488,4885
105.492,4884
105.494,4883
105.494,4882
105.499,4881
105.500,4880
105.502,4879
105.503,4878
105.505,4877
105.507,4876
105.509,4875
105.510,4874
105.510,4873
105.511,4872
105.511,4871
105.511,4870
105.512,4869
105.514,4868
105.516,4867
105.523,4866
105.526,4865
105.529,4864
105.532,4863
105.532,4862
105.533,4861
105.537,4860
105.542,4859
105.543,4858
105.545,4857
105.546,4856
105.547,4855
105.548,4854
105.552,4853
105.553,4852
105.554,4851
105.557,4850
105.561,4849
105.569,4848
105.570,4847
105.574,4846
105.575,4845
105.580,4844
105.581,4843
105.581,4842
105.582,4841
105.584,4840
105.590,4839
105.593,4838
105.595,4837
105.595,4836
105.597,4835
105.599,4834
105.602,4833
105.604,4832
105.606,4831
105.607,4830
105.609,4829
105.611,4828
105.616,4827
105.621,4826
105.623,4825
105.624,4824
105.625,4823
105.627,4822
105.629,4821
105.631,4820
105.631,4819
105.632,4818
105.632,4817
105.636,4816
105.637,4815
105.639,4814
105.643,4813
105.645,4812
105.648,4811
105.649,4810
105.651,4809
105.655,4808
105.656,4807
105.661,4806
105.662,4805
105.668,4804
105.669,4803
105.674,4802
105.675,4801
105.677,4800
105.677,4799
105.680,4798
105.683,4797
105.697,4796
105.704,4795
105.707,4794
105.710,4793
105.716,4792
105.717,4791
105.721,4790
105.724,4789
105.726,4788
105.732,4787
105.739,4786
105.741,4785
105.749,4784
105.752,4783
105.753,4782
105.756,4781
105.757,4780
105.768,4779
105.771,4778
105.776,4777
105.776,4776
105.778,4775
105.779,4774
105.782,4773
105.785,4772
105.788,4771
105.789,4770
105.795,4769
105.796,4768
105.799,4767
105.800,4766
105.801,4765
105.809,4764
105.810,4763
105.820,4762
105.824,4761
105.845,4760
105.852,4759
105.853,4758
105.868,4757
105.871,4756
105.872,4755
105.877,4754
105.886,4753
105.888,4752
105.889,4751
105.897,4750
