24.492,6708
116.997,6707
116.997,6706
116.997,6705
116.997,6704
116.997,6703
116.997,6702
116.997,6701
116.997,6700
116.997,6699
116.997,6698
116.997,6697
116.997,6696
116.997,6695
116.997,6694
116.997,6693
116.998,6692
116.998,6691
116.998,6690
116.998,6689
116.998,6688
116.998,6687
116.998,6686
116.998,6685
116.998,6684
116.998,6683
116.998,6682
116.998,6681
116.998,6680
116.998,6679
116.999,6678
116.999,6677
116.999,6676
116.999,6675
116.999,6674
116.999,6673
116.999,6672
116.999,6671
116.999,6670
116.999,6669
116.999,6668
116.999,6667
116.999,6666
116.999,6665
116.999,6664
117.000,6663
117.000,6662
117.000,6661
117.000,6660
117.000,6659
117.000,6658
117.000,6657
117.000,6656
117.000,6655
117.000,6654
117.000,6653
117.000,6652
117.000,6651
117.000,6650
117.001,6649
117.001,6648
117.001,6647
117.001,6646
117.001,6645
117.001,6644
117.001,6643
117.001,6642
117.001,6641
117.001,6640
117.001,6639
117.001,6638
117.001,6637
117.001,6636
117.001,6635
117.002,6634
117.002,6633
117.002,6632
117.002,6631
117.002,6630
117.002,6629
117.002,6628
117.002,6627
117.002,6626
117.002,6625
117.002,6624
117.002,6623
117.002,6622
117.002,6621
117.002,6620
117.003,6619
117.003,6618
117.003,6617
117.003,6616
117.003,6615
117.003,6614
117.003,6613
117.003,6612
117.003,6611
117.003,6610
117.003,6609
117.003,6608
117.003,6607
117.004,6606
117.004,6605
117.004,6604
117.004,6603
117.004,6602
117.004,6601
117.004,6600
117.004,6599
117.004,6598
117.004,6597
117.004,6596
117.004,6595
117.004,6594
117.004,6593
117.004,6592
117.004,6591
117.005,6590
117.005,6589
117.005,6588
117.005,6587
117.005,6586
117.005,6585
117.005,6584
117.005,6583
117.005,6582
117.005,6581
117.005,6580
117.005,6579
117.005,6578
117.005,6577
117.006,6576
117.006,6575
117.006,6574
117.006,6573
117.006,6572
117.006,6571
117.006,6570
117.006,6569
117.006,6568
117.006,6567
117.006,6566
117.006,6565
117.006,6564
117.006,6563
117.006,6562
117.007,6561
117.007,6560
117.007,6559
117.007,6558
117.007,6557
117.007,6556
117.007,6555
117.007,6554
117.007,6553
117.007,6552
117.007,6551
117.007,6550
117.007,6549
117.007,6548
117.007,6547
117.007,6546
117.007,6545
117.008,6544
117.008,6543
117.008,6542
117.008,6541
117.008,6540
117.008,6539
117.008,6538
117.008,6537
117.008,6536
117.008,6535
117.009,6534
117.009,6533
117.009,6532
117.009,6531
117.009,6530
117.009,6529
117.009,6528
117.009,6527
117.009,6526
117.009,6525
117.010,6524
117.010,6523
117.010,6522
117.010,6521
117.010,6520
117.010,6519
117.010,6518
117.010,6517
117.011,6516
117.011,6515
117.011,6514
117.011,6513
117.011,6512
117.011,6511
117.011,6510
117.011,6509
117.012,6508
117.012,6507
117.012,6506
117.012,6505
117.012,6504
117.012,6503
117.012,6502
117.012,6501
117.012,6500
117.012,6499
117.013,6498
117.013,6497
117.013,6496
117.013,6495
117.013,6494
117.013,6493
117.013,6492
117.013,6491
117.014,6490
117.014,6489
117.014,6488
117.014,6487
117.014,6486
117.014,6485
117.014,6484
117.015,6483
117.015,6482
117.015,6481
117.015,6480
117.015,6479
117.016,6478
117.016,6477
117.016,6476
117.016,6475
117.016,6474
117.016,6473
117.016,6472
117.016,6471
117.016,6470
117.017,6469
117.017,6468
117.017,6467
117.017,6466
117.017,6465
117.017,6464
117.017,6463
117.017,6462
117.017,6461
117.018,6460
117.018,6459
117.018,6458
117.018,6457
117.018,6456
117.018,6455
117.018,6454
117.018,6453
117.018,6452
117.018,6451
117.018,6450
117.019,6449
117.019,6448
117.019,6447
117.019,6446
117.019,6445
117.019,6444
117.019,6443
117.019,6442
117.020,6441
117.020,6440
117.020,6439
117.020,6438
117.020,6437
117.020,6436
117.020,6435
117.021,6434
117.021,6433
117.021,6432
117.021,6431
117.021,6430
117.021,6429
117.021,6428
117.021,6427
117.022,6426
117.022,6425
117.022,6424
117.022,6423
117.022,6422
117.022,6421
117.022,6420
117.022,6419
117.022,6418
117.023,6417
117.023,6416
117.023,6415
117.023,6414
117.023,6413
117.023,6412
117.023,6411
117.023,6410
117.023,6409
117.024,6408
117.024,6407
117.024,6406
117.024,6405
117.024,6404
117.024,6403
117.024,6402
117.024,6401
117.024,6400
117.025,6399
117.025,6398
117.025,6397
117.025,6396
117.025,6395
117.025,6394
117.025,6393
117.025,6392
117.026,6391
117.026,6390
117.026,6389
117.026,6388
117.026,6387
117.026,6386
117.026,6385
117.026,6384
117.027,6383
117.027,6382
117.027,6381
117.027,6380
117.027,6379
117.027,6378
117.027,6377
117.027,6376
117.027,6375
117.028,6374
117.028,6373
117.028,6372
117.028,6371
117.028,6370
117.028,6369
117.028,6368
117.029,6367
117.029,6366
117.029,6365
117.029,6364
117.029,6363
117.029,6362
117.029,6361
117.029,6360
117.029,6359
117.029,6358
117.030,6357
117.030,6356
117.030,6355
117.030,6354
117.030,6353
117.030,6352
117.030,6351
117.030,6350
117.030,6349
117.030,6348
117.031,6347
117.031,6346
117.031,6345
117.031,6344
117.031,6343
117.031,6342
117.031,6341
117.031,6340
117.031,6339
117.031,6338
117.032,6337
117.032,6336
117.032,6335
117.032,6334
117.032,6333
117.032,6332
117.032,6331
117.032,6330
117.032,6329
117.032,6328
117.032,6327
117.032,6326
117.033,6325
117.033,6324
117.033,6323
117.033,6322
117.033,6321
117.033,6320
117.033,6319
117.033,6318
117.033,6317
117.033,6316
117.034,6315
117.034,6314
117.034,6313
117.034,6312
117.034,6311
117.034,6310
117.034,6309
117.034,6308
117.034,6307
117.034,6306
117.034,6305
117.035,6304
117.035,6303
117.035,6302
117.035,6301
117.035,6300
117.035,6299
117.035,6298
117.035,6297
117.036,6296
117.036,6295
117.036,6294
117.036,6293
117.037,6292
117.037,6291
117.037,6290
117.037,6289
117.037,6288
117.037,6287
117.037,6286
117.038,6285
117.038,6284
117.038,6283
117.038,6282
117.039,6281
117.039,6280
117.039,6279
117.039,6278
117.039,6277
117.039,6276
117.040,6275
117.040,6274
117.040,6273
117.040,6272
117.040,6271
117.040,6270
117.041,6269
117.041,6268
117.041,6267
117.041,6266
117.041,6265
117.041,6264
117.042,6263
117.042,6262
117.042,6261
117.042,6260
117.042,6259
117.042,6258
117.043,6257
117.043,6256
117.043,6255
117.043,6254
117.043,6253
117.043,6252
117.044,6251
117.044,6250
117.044,6249
117.044,6248
117.044,6247
117.044,6246
117.044,6245
117.045,6244
117.045,6243
117.045,6242
117.045,6241
117.045,6240
117.046,6239
117.046,6238
117.046,6237
117.046,6236
117.046,6235
117.046,6234
117.046,6233
117.047,6232
117.047,6231
117.047,6230
117.047,6229
117.047,6228
117.047,6227
117.048,6226
117.048,6225
117.048,6224
117.049,6223
117.049,6222
117.049,6221
117.049,6220
117.049,6219
117.050,6218
117.050,6217
117.050,6216
117.050,6215
117.051,6214
117.051,6213
117.051,6212
117.051,6211
117.051,6210
117.051,6209
117.051,6208
117.051,6207
117.051,6206
117.052,6205
117.052,6204
117.052,6203
117.052,6202
117.052,6201
117.052,6200
117.053,6199
117.053,6198
117.053,6197
117.053,6196
117.053,6195
117.053,6194
117.053,6193
117.053,6192
117.054,6191
117.054,6190
117.054,6189
117.054,6188
117.055,6187
117.055,6186
117.055,6185
117.055,6184
117.055,6183
117.056,6182
117.056,6181
117.056,6180
117.056,6179
117.057,6178
117.057,6177
117.058,6176
117.058,6175
117.058,6174
117.058,6173
117.058,6172
117.058,6171
117.058,6170
117.059,6169
117.059,6168
117.059,6167
117.059,6166
117.059,6165
117.059,6164
117.060,6163
117.060,6162
117.060,6161
117.060,6160
117.060,6159
117.060,6158
117.061,6157
117.061,6156
117.061,6155
117.061,6154
117.061,6153
117.061,6152
117.061,6151
117.061,6150
117.062,6149
117.062,6148
117.062,6147
117.062,6146
117.062,6145
117.062,6144
117.063,6143
117.063,6142
117.063,6141
117.063,6140
117.063,6139
117.064,6138
117.064,6137
117.064,6136
117.064,6135
117.064,6134
117.065,6133
117.065,6132
117.065,6131
117.065,6130
117.065,6129
117.065,6128
117.066,6127
117.066,6126
117.066,6125
117.066,6124
117.066,6123
117.066,6122
117.066,6121
117.066,6120
117.067,6119
117.067,6118
117.067,6117
117.067,6116
117.067,6115
117.067,6114
117.068,6113
117.068,6112
117.068,6111
117.068,6110
117.068,6109
117.068,6108
117.069,6107
117.069,6106
117.069,6105
117.069,6104
117.069,6103
117.069,6102
117.069,6101
117.069,6100
117.069,6099
117.070,6098
117.070,6097
117.070,6096
117.070,6095
117.070,6094
117.070,6093
117.071,6092
117.071,6091
117.071,6090
117.071,6089
117.071,6088
117.071,6087
117.071,6086
117.072,6085
117.072,6084
117.072,6083
117.072,6082
117.072,6081
117.072,6080
117.072,6079
117.073,6078
117.073,6077
117.073,6076
117.073,6075
117.074,6074
117.074,6073
117.074,6072
117.074,6071
117.074,6070
117.074,6069
117.074,6068
117.074,6067
117.075,6066
117.075,6065
117.075,6064
117.075,6063
117.075,6062
117.075,6061
117.075,6060
117.076,6059
117.076,6058
117.076,6057
117.076,6056
117.076,6055
117.076,6054
117.077,6053
117.077,6052
117.077,6051
117.077,6050
117.077,6049
117.077,6048
117.077,6047
117.077,6046
117.078,6045
117.078,6044
117.078,6043
117.078,6042
117.078,6041
117.078,6040
117.078,6039
117.078,6038
117.079,6037
117.079,6036
117.079,6035
117.079,6034
117.079,6033
117.079,6032
117.080,6031
117.080,6030
117.080,6029
117.080,6028
117.080,6027
117.080,6026
117.081,6025
117.081,6024
117.081,6023
117.081,6022
117.082,6021
117.082,6020
117.082,6019
117.083,6018
117.083,6017
117.083,6016
117.083,6015
117.084,6014
117.084,6013
117.084,6012
117.084,6011
117.085,6010
117.085,6009
117.085,6008
117.085,6007
117.085,6006
117.085,6005
117.086,6004
117.086,6003
117.087,6002
117.087,6001
117.087,6000
117.087,5999
117.088,5998
117.088,5997
117.088,5996
117.088,5995
117.088,5994
117.088,5993
117.089,5992
117.089,5991
117.089,5990
117.089,5989
117.090,5988
117.090,5987
117.090,5986
117.091,5985
117.091,5984
117.091,5983
117.091,5982
117.091,5981
117.091,5980
117.092,5979
117.092,5978
117.092,5977
117.092,5976
117.093,5975
117.093,5974
117.093,5973
117.094,5972
117.094,5971
117.094,5970
117.095,5969
117.095,5968
117.095,5967
117.095,5966
117.095,5965
117.096,5964
117.096,5963
117.096,5962
117.096,5961
117.096,5960
117.097,5959
117.097,5958
117.097,5957
117.097,5956
117.097,5955
117.098,5954
117.098,5953
117.098,5952
117.099,5951
117.099,5950
117.099,5949
117.100,5948
117.100,5947
117.100,5946
117.100,5945
117.100,5944
117.101,5943
117.101,5942
117.101,5941
117.102,5940
117.102,5939
117.102,5938
117.102,5937
117.102,5936
117.103,5935
117.103,5934
117.103,5933
117.103,5932
117.104,5931
117.104,5930
117.104,5929
117.104,5928
117.104,5927
117.105,5926
117.105,5925
117.105,5924
117.105,5923
117.106,5922
117.106,5921
117.106,5920
117.106,5919
117.107,5918
117.107,5917
117.107,5916
117.107,5915
117.108,5914
117.108,5913
117.108,5912
117.108,5911
117.109,5910
117.109,5909
117.109,5908
117.109,5907
117.109,5906
117.110,5905
117.110,5904
117.110,5903
117.110,5902
117.110,5901
117.111,5900
117.111,5899
117.111,5898
117.111,5897
117.111,5896
117.112,5895
117.112,5894
117.112,5893
117.113,5892
117.113,5891
117.113,5890
117.113,5889
117.114,5888
117.114,5887
117.114,5886
117.115,5885
117.115,5884
117.115,5883
117.116,5882
117.116,5881
117.116,5880
117.116,5879
117.116,5878
117.116,5877
117.117,5876
117.117,5875
117.117,5874
117.117,5873
117.117,5872
117.117,5871
117.118,5870
117.118,5869
117.118,5868
117.118,5867
117.118,5866
117.119,5865
117.119,5864
117.119,5863
117.119,5862
117.119,5861
117.119,5860
117.120,5859
117.120,5858
117.120,5857
117.120,5856
117.121,5855
117.121,5854
117.121,5853
117.121,5852
117.121,5851
117.122,5850
117.122,5849
117.122,5848
117.122,5847
117.122,5846
117.122,5845
117.122,5844
117.123,5843
117.123,5842
117.123,5841
117.123,5840
117.123,5839
117.124,5838
117.124,5837
117.124,5836
117.124,5835
117.124,5834
117.124,5833
117.124,5832
117.125,5831
117.125,5830
117.125,5829
117.125,5828
117.125,5827
117.125,5826
117.126,5825
117.126,5824
117.126,5823
117.127,5822
117.127,5821
117.127,5820
117.127,5819
117.127,5818
117.128,5817
117.128,5816
117.128,5815
117.128,5814
117.128,5813
117.129,5812
117.129,5811
117.129,5810
117.129,5809
117.130,5808
117.130,5807
117.130,5806
117.130,5805
117.130,5804
117.130,5803
117.131,5802
117.131,5801
117.131,5800
117.131,5799
117.131,5798
117.132,5797
117.132,5796
117.132,5795
117.133,5794
117.133,5793
117.133,5792
117.133,5791
117.133,5790
117.134,5789
117.134,5788
117.134,5787
117.134,5786
117.134,5785
117.134,5784
117.135,5783
117.135,5782
117.135,5781
117.135,5780
117.135,5779
117.136,5778
117.136,5777
117.136,5776
117.136,5775
117.137,5774
117.137,5773
117.137,5772
117.137,5771
117.137,5770
117.137,5769
117.138,5768
117.138,5767
117.138,5766
117.139,5765
117.139,5764
117.140,5763
117.141,5762
117.141,5761
117.141,5760
117.142,5759
117.142,5758
117.142,5757
117.143,5756
117.143,5755
117.143,5754
117.143,5753
117.144,5752
117.146,5751
117.146,5750
117.146,5749
117.146,5748
117.146,5747
117.147,5746
117.147,5745
117.147,5744
117.148,5743
117.149,5742
117.149,5741
117.150,5740
117.150,5739
117.150,5738
117.151,5737
117.151,5736
117.151,5735
117.151,5734
117.151,5733
117.151,5732
117.152,5731
117.152,5730
117.152,5729
117.152,5728
117.153,5727
117.154,5726
117.154,5725
117.154,5724
117.155,5723
117.155,5722
117.155,5721
117.155,5720
117.155,5719
117.156,5718
117.156,5717
117.156,5716
117.156,5715
117.157,5714
117.157,5713
117.157,5712
117.158,5711
117.158,5710
117.158,5709
117.158,5708
117.159,5707
117.159,5706
117.159,5705
117.160,5704
117.160,5703
117.160,5702
117.160,5701
117.160,5700
117.161,5699
117.161,5698
117.161,5697
117.162,5696
117.162,5695
117.162,5694
117.163,5693
117.163,5692
117.163,5691
117.164,5690
117.164,5689
117.164,5688
117.165,5687
117.165,5686
117.165,5685
117.166,5684
117.167,5683
117.167,5682
117.167,5681
117.167,5680
117.167,5679
117.168,5678
117.168,5677
117.168,5676
117.168,5675
117.169,5674
117.170,5673
117.170,5672
117.171,5671
117.171,5670
117.171,5669
117.172,5668
117.172,5667
117.173,5666
117.173,5665
117.174,5664
117.174,5663
117.174,5662
117.174,5661
117.175,5660
117.175,5659
117.175,5658
117.176,5657
117.176,5656
117.176,5655
117.177,5654
117.177,5653
117.177,5652
117.178,5651
117.178,5650
117.178,5649
117.179,5648
117.179,5647
117.179,5646
117.179,5645
117.179,5644
117.180,5643
117.180,5642
117.180,5641
117.180,5640
117.180,5639
117.181,5638
117.181,5637
117.181,5636
117.181,5635
117.182,5634
117.182,5633
117.182,5632
117.183,5631
117.184,5630
117.185,5629
117.185,5628
117.185,5627
117.185,5626
117.186,5625
117.186,5624
117.186,5623
117.186,5622
117.186,5621
117.187,5620
117.187,5619
117.188,5618
117.188,5617
117.189,5616
117.189,5615
117.189,5614
117.189,5613
117.189,5612
117.190,5611
117.190,5610
117.190,5609
117.191,5608
117.191,5607
117.192,5606
117.192,5605
117.192,5604
117.192,5603
117.192,5602
117.193,5601
117.193,5600
117.193,5599
117.193,5598
117.193,5597
117.194,5596
117.194,5595
117.194,5594
117.194,5593
117.195,5592
117.195,5591
117.195,5590
117.195,5589
117.196,5588
117.196,5587
117.196,5586
117.196,5585
117.196,5584
117.197,5583
117.198,5582
117.198,5581
117.199,5580
117.199,5579
117.199,5578
117.199,5577
117.199,5576
117.200,5575
117.200,5574
117.201,5573
117.201,5572
117.202,5571
117.202,5570
117.202,5569
117.202,5568
117.203,5567
117.203,5566
117.203,5565
117.204,5564
117.204,5563
117.204,5562
117.204,5561
117.205,5560
117.205,5559
117.205,5558
117.205,5557
117.206,5556
117.206,5555
117.206,5554
117.207,5553
117.207,5552
117.207,5551
117.208,5550
117.208,5549
117.208,5548
117.208,5547
117.209,5546
117.210,5545
117.211,5544
117.211,5543
117.212,5542
117.212,5541
117.212,5540
117.212,5539
117.213,5538
117.213,5537
117.214,5536
117.215,5535
117.215,5534
117.216,5533
117.217,5532
117.217,5531
117.218,5530
117.218,5529
117.219,5528
117.220,5527
117.220,5526
117.221,5525
117.221,5524
117.221,5523
117.222,5522
117.223,5521
117.224,5520
117.224,5519
117.225,5518
117.225,5517
117.227,5516
117.227,5515
117.227,5514
117.228,5513
117.228,5512
117.229,5511
117.229,5510
117.230,5509
117.230,5508
117.230,5507
117.231,5506
117.231,5505
117.231,5504
117.232,5503
117.233,5502
117.233,5501
117.233,5500
117.234,5499
117.234,5498
117.234,5497
117.235,5496
117.235,5495
117.235,5494
117.236,5493
117.237,5492
117.237,5491
117.238,5490
117.238,5489
117.239,5488
117.239,5487
117.240,5486
117.240,5485
117.240,5484
117.241,5483
117.241,5482
117.241,5481
117.242,5480
117.242,5479
117.242,5478
117.243,5477
117.243,5476
117.243,5475
117.244,5474
117.244,5473
117.245,5472
117.245,5471
117.246,5470
117.247,5469
117.247,5468
117.248,5467
117.249,5466
117.249,5465
117.249,5464
117.250,5463
117.251,5462
117.252,5461
117.252,5460
117.253,5459
117.253,5458
117.253,5457
117.254,5456
117.254,5455
117.254,5454
117.254,5453
117.255,5452
117.255,5451
117.256,5450
117.256,5449
117.256,5448
117.256,5447
117.257,5446
117.258,5445
117.259,5444
117.260,5443
117.260,5442
117.260,5441
117.261,5440
117.261,5439
117.262,5438
117.262,5437
117.264,5436
117.264,5435
117.265,5434
117.265,5433
117.266,5432
117.267,5431
117.267,5430
117.267,5429
117.267,5428
117.267,5427
117.268,5426
117.268,5425
117.269,5424
117.270,5423
117.271,5422
117.271,5421
117.271,5420
117.272,5419
117.272,5418
117.272,5417
117.272,5416
117.272,5415
117.273,5414
117.273,5413
117.273,5412
117.273,5411
117.274,5410
117.274,5409
117.274,5408
117.275,5407
117.275,5406
117.276,5405
117.276,5404
117.277,5403
117.278,5402
117.278,5401
117.278,5400
117.278,5399
117.279,5398
117.279,5397
117.279,5396
117.280,5395
117.280,5394
117.280,5393
117.281,5392
117.281,5391
117.281,5390
117.282,5389
117.282,5388
117.283,5387
117.283,5386
117.284,5385
117.285,5384
117.285,5383
117.285,5382
117.286,5381
117.286,5380
117.287,5379
117.288,5378
117.288,5377
117.289,5376
117.290,5375
117.290,5374
117.290,5373
117.291,5372
117.291,5371
117.292,5370
117.294,5369
117.296,5368
117.297,5367
117.298,5366
117.298,5365
117.299,5364
117.301,5363
117.302,5362
117.303,5361
117.303,5360
117.303,5359
117.304,5358
117.304,5357
117.304,5356
117.305,5355
117.307,5354
117.310,5353
117.311,5352
117.311,5351
117.311,5350
117.312,5349
117.313,5348
117.315,5347
117.315,5346
117.316,5345
117.317,5344
117.318,5343
117.318,5342
117.319,5341
117.319,5340
117.320,5339
117.320,5338
117.321,5337
117.321,5336
117.322,5335
117.322,5334
117.324,5333
117.325,5332
117.325,5331
117.326,5330
117.326,5329
117.326,5328
117.326,5327
117.327,5326
117.327,5325
117.328,5324
117.328,5323
117.328,5322
117.329,5321
117.329,5320
117.331,5319
117.331,5318
117.332,5317
117.332,5316
117.332,5315
117.334,5314
117.334,5313
117.334,5312
117.335,5311
117.335,5310
117.336,5309
117.336,5308
117.336,5307
117.338,5306
117.338,5305
117.339,5304
117.339,5303
117.339,5302
117.339,5301
117.339,5300
117.340,5299
117.340,5298
117.341,5297
117.341,5296
117.341,5295
117.342,5294
117.342,5293
117.343,5292
117.343,5291
117.343,5290
117.344,5289
117.346,5288
117.346,5287
117.346,5286
117.347,5285
117.347,5284
117.348,5283
117.349,5282
117.351,5281
117.351,5280
117.354,5279
117.355,5278
117.356,5277
117.356,5276
117.357,5275
117.357,5274
117.357,5273
117.358,5272
117.358,5271
117.360,5270
117.361,5269
117.361,5268
117.362,5267
117.364,5266
117.364,5265
117.365,5264
117.366,5263
117.367,5262
117.367,5261
117.368,5260
117.369,5259
117.369,5258
117.369,5257
117.370,5256
117.372,5255
117.372,5254
117.373,5253
117.373,5252
117.373,5251
117.374,5250
117.374,5249
117.375,5248
117.376,5247
117.376,5246
117.377,5245
117.377,5244
117.378,5243
117.378,5242
117.378,5241
117.379,5240
117.381,5239
117.381,5238
117.383,5237
117.384,5236
117.384,5235
117.385,5234
117.386,5233
117.386,5232
117.386,5231
117.387,5230
117.387,5229
117.387,5228
117.388,5227
117.388,5226
117.388,5225
117.389,5224
117.389,5223
117.389,5222
117.391,5221
117.394,5220
117.396,5219
117.396,5218
117.397,5217
117.398,5216
117.398,5215
117.399,5214
117.402,5213
117.402,5212
117.403,5211
117.403,5210
117.404,5209
117.405,5208
117.405,5207
117.408,5206
117.409,5205
117.409,5204
117.410,5203
117.410,5202
117.411,5201
117.411,5200
117.412,5199
117.413,5198
117.413,5197
117.415,5196
117.416,5195
117.417,5194
117.418,5193
117.418,5192
117.418,5191
117.419,5190
117.420,5189
117.420,5188
117.421,5187
117.422,5186
117.422,5185
117.423,5184
117.425,5183
117.430,5182
117.430,5181
117.430,5180
117.431,5179
117.431,5178
117.432,5177
117.433,5176
117.433,5175
117.434,5174
117.435,5173
117.435,5172
117.437,5171
117.438,5170
117.439,5169
117.439,5168
117.439,5167
117.439,5166
117.441,5165
117.441,5164
117.441,5163
117.442,5162
117.442,5161
117.442,5160
117.444,5159
117.445,5158
117.446,5157
117.449,5156
117.450,5155
117.451,5154
117.452,5153
117.453,5152
117.453,5151
117.455,5150
117.456,5149
117.457,5148
117.458,5147
117.459,5146
117.459,5145
117.460,5144
117.460,5143
117.462,5142
117.462,5141
117.463,5140
117.464,5139
117.465,5138
117.467,5137
117.468,5136
117.468,5135
117.470,5134
117.472,5133
117.472,5132
117.474,5131
117.474,5130
117.477,5129
117.477,5128
117.478,5127
117.479,5126
117.479,5125
117.482,5124
117.482,5123
117.483,5122
117.484,5121
117.485,5120
117.485,5119
117.487,5118
117.488,5117
117.489,5116
117.490,5115
117.491,5114
117.492,5113
117.494,5112
117.494,5111
117.495,5110
117.495,5109
117.495,5108
117.496,5107
117.496,5106
117.497,5105
117.498,5104
117.499,5103
117.501,5102
117.503,5101
117.503,5100
117.504,5099
117.505,5098
117.506,5097
117.509,5096
117.509,5095
117.510,5094
117.512,5093
117.514,5092
117.517,5091
117.517,5090
117.518,5089
117.518,5088
117.519,5087
117.520,5086
117.521,5085
117.522,5084
117.523,5083
117.524,5082
117.528,5081
117.530,5080
117.532,5079
117.532,5078
117.534,5077
117.534,5076
117.535,5075
117.537,5074
117.537,5073
117.538,5072
117.542,5071
117.545,5070
117.546,5069
117.546,5068
117.547,5067
117.548,5066
117.551,5065
117.552,5064
117.553,5063
117.553,5062
117.556,5061
117.557,5060
117.559,5059
117.561,5058
117.563,5057
117.564,5056
117.564,5055
117.565,5054
117.566,5053
117.566,5052
117.566,5051
117.567,5050
117.568,5049
117.568,5048
117.570,5047
117.572,5046
117.572,5045
117.572,5044
117.573,5043
117.575,5042
117.576,5041
117.579,5040
117.580,5039
117.581,5038
117.582,5037
117.583,5036
117.583,5035
117.584,5034
117.587,5033
117.587,5032
117.588,5031
117.589,5030
117.590,5029
117.591,5028
117.591,5027
117.592,5026
117.592,5025
117.593,5024
117.594,5023
117.594,5022
117.595,5021
117.598,5020
117.601,5019
117.601,5018
117.602,5017
117.603,5016
117.606,5015
117.607,5014
117.608,5013
117.609,5012
117.609,5011
117.611,5010
117.611,5009
117.612,5008
117.614,5007
117.615,5006
117.616,5005
117.616,5004
117.617,5003
117.620,5002
117.622,5001
117.624,5000
117.625,4999
117.628,4998
117.634,4997
117.635,4996
117.636,4995
117.638,4994
117.640,4993
117.641,4992
117.643,4991
117.644,4990
117.644,4989
117.647,4988
117.647,4987
117.648,4986
117.649,4985
117.650,4984
117.652,4983
117.654,4982
117.654,4981
117.655,4980
117.656,4979
117.658,4978
117.659,4977
117.659,4976
117.660,4975
117.661,4974
117.661,4973
117.664,4972
117.666,4971
117.666,4970
117.667,4969
117.668,4968
117.669,4967
117.671,4966
117.672,4965
117.681,4964
117.681,4963
117.682,4962
117.684,4961
117.685,4960
117.686,4959
117.687,4958
117.687,4957
117.688,4956
117.691,4955
117.692,4954
117.693,4953
117.697,4952
117.700,4951
117.705,4950
117.707,4949
117.707,4948
117.709,4947
117.712,4946
117.714,4945
117.715,4944
117.716,4943
117.720,4942
117.720,4941
117.721,4940
117.722,4939
117.723,4938
117.728,4937
117.729,4936
117.732,4935
117.732,4934
117.735,4933
117.736,4932
117.737,4931
117.738,4930
117.739,4929
117.739,4928
117.739,4927
117.740,4926
117.740,4925
117.741,4924
117.743,4923
117.746,4922
117.749,4921
117.751,4920
117.752,4919
117.754,4918
117.757,4917
117.762,4916
117.763,4915
117.766,4914
117.769,4913
117.771,4912
117.772,4911
117.773,4910
117.776,4909
117.780,4908
117.780,4907
117.784,4906
117.785,4905
117.785,4904
117.790,4903
117.791,4902
117.795,4901
117.796,4900
117.798,4899
117.808,4898
117.811,4897
117.811,4896
117.814,4895
117.815,4894
117.817,4893
117.821,4892
117.825,4891
117.826,4890
117.829,4889
117.831,4888
117.834,4887
117.835,4886
117.835,4885
117.837,4884
117.838,4883
117.839,4882
117.839,4881
117.844,4880
117.848,4879
117.848,4878
117.848,4877
117.849,4876
117.850,4875
117.850,4874
117.851,4873
117.852,4872
117.853,4871
117.854,4870
117.855,4869
117.855,4868
117.860,4867
117.866,4866
117.876,4865
117.876,4864
117.881,4863
117.882,4862
117.885,4861
117.885,4860
117.886,4859
117.892,4858
117.892,4857
117.894,4856
117.894,4855
117.895,4854
117.898,4853
117.899,4852
117.900,4851
117.902,4850
117.902,4849
117.904,4848
117.907,4847
117.908,4846
117.909,4845
117.910,4844
117.911,4843
117.914,4842
117.915,4841
117.917,4840
117.920,4839
117.922,4838
117.924,4837
117.927,4836
117.928,4835
117.935,4834
117.940,4833
117.941,4832
117.943,4831
117.946,4830
117.949,4829
117.951,4828
117.963,4827
117.964,4826
117.968,4825
117.969,4824
117.972,4823
117.973,4822
117.973,4821
117.976,4820
117.985,4819
117.989,4818
117.992,4817
118.011,4816
118.013,4815
118.017,4814
118.020,4813
118.021,4812
118.024,4811
118.030,4810
118.031,4809
118.032,4808
118.037,4807
118.043,4806
118.045,4805
118.046,4804
118.050,4803
118.056,4802
118.061,4801
118.061,4800
118.064,4799
118.065,4798
118.068,4797
118.076,4796
118.077,4795
118.079,4794
118.080,4793
118.083,4792
118.087,4791
118.088,4790
118.089,4789
118.091,4788
118.095,4787
118.096,4786
118.099,4785
118.101,4784
118.104,4783
118.114,4782
118.124,4781
118.135,4780
118.146,4779
118.153,4778
118.159,4777
118.171,4776
118.175,4775
118.177,4774
118.178,4773
118.183,4772
118.189,4771
118.192,4770
