3.128,10640
42.397,10639
42.398,10638
42.398,10637
42.399,10636
42.399,10635
42.399,10634
42.399,10633
42.400,10632
42.400,10631
42.400,10630
42.401,10629
42.401,10628
42.402,10627
42.402,10626
42.403,10625
42.403,10624
42.403,10623
42.404,10622
42.404,10621
42.404,10620
42.405,10619
42.405,10618
42.405,10617
42.405,10616
42.406,10615
42.406,10614
42.406,10613
42.407,10612
42.407,10611
42.408,10610
42.408,10609
42.408,10608
42.408,10607
42.409,10606
42.409,10605
42.410,10604
42.410,10603
42.410,10602
42.410,10601
42.410,10600
42.410,10599
42.410,10598
42.411,10597
42.411,10596
42.411,10595
42.411,10594
42.411,10593
42.411,10592
42.411,10591
42.412,10590
42.412,10589
42.412,10588
42.412,10587
42.412,10586
42.412,10585
42.412,10584
42.412,10583
42.412,10582
42.413,10581
42.413,10580
42.413,10579
42.413,10578
42.413,10577
42.413,10576
42.413,10575
42.413,10574
42.413,10573
42.413,10572
42.413,10571
42.414,10570
42.414,10569
42.414,10568
42.414,10567
42.414,10566
42.414,10565
42.414,10564
42.414,10563
42.414,10562
42.414,10561
42.414,10560
42.414,10559
42.415,10558
42.415,10557
42.415,10556
42.415,10555
42.415,10554
42.415,10553
42.415,10552
42.415,10551
42.415,10550
42.416,10549
42.416,10548
42.416,10547
42.416,10546
42.416,10545
42.416,10544
42.416,10543
42.416,10542
42.416,10541
42.417,10540
42.417,10539
42.417,10538
42.417,10537
42.417,10536
42.417,10535
42.417,10534
42.417,10533
42.417,10532
42.417,10531
42.417,10530
42.417,10529
42.417,10528
42.418,10527
42.418,10526
42.418,10525
42.418,10524
42.418,10523
42.418,10522
42.418,10521
42.418,10520
42.419,10519
42.419,10518
42.419,10517
42.419,10516
42.419,10515
42.419,10514
42.419,10513
42.419,10512
42.419,10511
42.420,10510
42.420,10509
42.420,10508
42.420,10507
42.420,10506
42.420,10505
42.420,10504
42.420,10503
42.420,10502
42.420,10501
42.420,10500
42.420,10499
42.420,10498
42.420,10497
42.421,10496
42.421,10495
42.421,10494
42.421,10493
42.421,10492
42.421,10491
42.421,10490
42.421,10489
42.421,10488
42.421,10487
42.421,10486
42.421,10485
42.421,10484
42.421,10483
42.421,10482
42.421,10481
42.421,10480
42.421,10479
42.422,10478
42.422,10477
42.422,10476
42.422,10475
42.422,10474
42.422,10473
42.422,10472
42.422,10471
42.422,10470
42.423,10469
42.423,10468
42.423,10467
42.423,10466
42.423,10465
42.423,10464
42.423,10463
42.423,10462
42.423,10461
42.423,10460
42.424,10459
42.424,10458
42.424,10457
42.424,10456
42.424,10455
42.424,10454
42.424,10453
42.424,10452
42.424,10451
42.424,10450
42.425,10449
42.425,10448
42.425,10447
42.426,10446
42.426,10445
42.426,10444
42.426,10443
42.426,10442
42.426,10441
42.426,10440
42.426,10439
42.426,10438
42.426,10437
42.426,10436
42.426,10435
42.426,10434
42.427,10433
42.427,10432
42.427,10431
42.427,10430
42.427,10429
42.427,10428
42.427,10427
42.427,10426
42.427,10425
42.427,10424
42.427,10423
42.427,10422
42.427,10421
42.427,10420
42.428,10419
42.428,10418
42.428,10417
42.428,10416
42.428,10415
42.428,10414
42.428,10413
42.428,10412
42.428,10411
42.428,10410
42.428,10409
42.428,10408
42.428,10407
42.428,10406
42.429,10405
42.429,10404
42.429,10403
42.429,10402
42.429,10401
42.429,10400
42.429,10399
42.429,10398
42.429,10397
42.429,10396
42.429,10395
42.429,10394
42.429,10393
42.429,10392
42.429,10391
42.430,10390
42.430,10389
42.430,10388
42.430,10387
42.430,10386
42.430,10385
42.430,10384
42.430,10383
42.430,10382
42.430,10381
42.430,10380
42.430,10379
42.430,10378
42.430,10377
42.430,10376
42.430,10375
42.430,10374
42.431,10373
42.431,10372
42.431,10371
42.431,10370
42.431,10369
42.431,10368
42.431,10367
42.431,10366
42.431,10365
42.431,10364
42.431,10363
42.431,10362
42.431,10361
42.431,10360
42.431,10359
42.431,10358
42.431,10357
42.431,10356
42.431,10355
42.431,10354
42.431,10353
42.431,10352
42.431,10351
42.432,10350
42.432,10349
42.432,10348
42.432,10347
42.432,10346
42.432,10345
42.432,10344
42.432,10343
42.432,10342
42.432,10341
42.432,10340
42.432,10339
42.432,10338
42.432,10337
42.432,10336
42.432,10335
42.432,10334
42.432,10333
42.432,10332
42.432,10331
42.432,10330
42.432,10329
42.432,10328
42.432,10327
42.433,10326
42.433,10325
42.433,10324
42.433,10323
42.433,10322
42.433,10321
42.433,10320
42.433,10319
42.433,10318
42.433,10317
42.433,10316
42.433,10315
42.433,10314
42.433,10313
42.433,10312
42.433,10311
42.433,10310
42.434,10309
42.434,10308
42.434,10307
42.434,10306
42.434,10305
42.434,10304
42.434,10303
42.434,10302
42.434,10301
42.434,10300
42.434,10299
42.434,10298
42.434,10297
42.434,10296
42.435,10295
42.435,10294
42.435,10293
42.436,10292
42.436,10291
42.436,10290
42.436,10289
42.436,10288
42.436,10287
42.436,10286
42.436,10285
42.436,10284
42.436,10283
42.436,10282
42.437,10281
42.437,10280
42.437,10279
42.437,10278
42.437,10277
42.437,10276
42.437,10275
42.437,10274
42.437,10273
42.437,10272
42.437,10271
42.437,10270
42.437,10269
42.437,10268
42.437,10267
42.437,10266
42.438,10265
42.438,10264
42.438,10263
42.438,10262
42.438,10261
42.438,10260
42.438,10259
42.438,10258
42.438,10257
42.438,10256
42.438,10255
42.438,10254
42.438,10253
42.438,10252
42.439,10251
42.439,10250
42.439,10249
42.439,10248
42.439,10247
42.439,10246
42.439,10245
42.439,10244
42.439,10243
42.439,10242
42.439,10241
42.439,10240
42.439,10239
42.439,10238
42.439,10237
42.439,10236
42.439,10235
42.440,10234
42.440,10233
42.440,10232
42.440,10231
42.440,10230
42.440,10229
42.440,10228
42.440,10227
42.440,10226
42.440,10225
42.440,10224
42.440,10223
42.440,10222
42.440,10221
42.440,10220
42.441,10219
42.441,10218
42.441,10217
42.441,10216
42.441,10215
42.441,10214
42.441,10213
42.441,10212
42.441,10211
42.441,10210
42.441,10209
42.441,10208
42.441,10207
42.441,10206
42.441,10205
42.441,10204
42.441,10203
42.441,10202
42.441,10201
42.441,10200
42.441,10199
42.441,10198
42.442,10197
42.442,10196
42.442,10195
42.442,10194
42.442,10193
42.442,10192
42.442,10191
42.442,10190
42.442,10189
42.442,10188
42.442,10187
42.442,10186
42.442,10185
42.442,10184
42.442,10183
42.442,10182
42.442,10181
42.442,10180
42.442,10179
42.442,10178
42.442,10177
42.442,10176
42.442,10175
42.442,10174
42.442,10173
42.442,10172
42.442,10171
42.442,10170
42.442,10169
42.442,10168
42.442,10167
42.442,10166
42.443,10165
42.443,10164
42.443,10163
42.443,10162
42.443,10161
42.443,10160
42.443,10159
42.443,10158
42.443,10157
42.443,10156
42.443,10155
42.443,10154
42.443,10153
42.443,10152
42.443,10151
42.443,10150
42.443,10149
42.443,10148
42.443,10147
42.444,10146
42.444,10145
42.444,10144
42.444,10143
42.444,10142
42.444,10141
42.444,10140
42.444,10139
42.444,10138
42.444,10137
42.444,10136
42.444,10135
42.444,10134
42.444,10133
42.444,10132
42.444,10131
42.444,10130
42.444,10129
42.445,10128
42.445,10127
42.445,10126
42.445,10125
42.445,10124
42.445,10123
42.445,10122
42.445,10121
42.445,10120
42.445,10119
42.445,10118
42.445,10117
42.445,10116
42.445,10115
42.445,10114
42.445,10113
42.446,10112
42.446,10111
42.446,10110
42.446,10109
42.446,10108
42.446,10107
42.446,10106
42.446,10105
42.446,10104
42.446,10103
42.446,10102
42.446,10101
42.446,10100
42.446,10099
42.446,10098
42.446,10097
42.446,10096
42.446,10095
42.446,10094
42.446,10093
42.446,10092
42.446,10091
42.447,10090
42.447,10089
42.447,10088
42.447,10087
42.447,10086
42.447,10085
42.447,10084
42.447,10083
42.447,10082
42.447,10081
42.447,10080
42.447,10079
42.447,10078
42.447,10077
42.447,10076
42.447,10075
42.447,10074
42.448,10073
42.448,10072
42.448,10071
42.448,10070
42.448,10069
42.448,10068
42.448,10067
42.448,10066
42.448,10065
42.448,10064
42.448,10063
42.448,10062
42.448,10061
42.448,10060
42.448,10059
42.448,10058
42.448,10057
42.448,10056
42.448,10055
42.449,10054
42.449,10053
42.449,10052
42.449,10051
42.449,10050
42.449,10049
42.449,10048
42.450,10047
42.450,10046
42.450,10045
42.450,10044
42.450,10043
42.450,10042
42.450,10041
42.450,10040
42.450,10039
42.450,10038
42.450,10037
42.450,10036
42.450,10035
42.450,10034
42.450,10033
42.450,10032
42.450,10031
42.450,10030
42.450,10029
42.450,10028
42.450,10027
42.450,10026
42.450,10025
42.450,10024
42.450,10023
42.450,10022
42.450,10021
42.450,10020
42.450,10019
42.450,10018
42.450,10017
42.451,10016
42.451,10015
42.451,10014
42.451,10013
42.451,10012
42.451,10011
42.451,10010
42.451,10009
42.451,10008
42.451,10007
42.451,10006
42.451,10005
42.451,10004
42.451,10003
42.451,10002
42.451,10001
42.451,10000
42.451,9999
42.451,9998
42.451,9997
42.451,9996
42.451,9995
42.451,9994
42.451,9993
42.452,9992
42.452,9991
42.452,9990
42.452,9989
42.452,9988
42.452,9987
42.452,9986
42.452,9985
42.452,9984
42.452,9983
42.452,9982
42.452,9981
42.452,9980
42.452,9979
42.452,9978
42.452,9977
42.453,9976
42.453,9975
42.453,9974
42.453,9973
42.453,9972
42.453,9971
42.453,9970
42.453,9969
42.453,9968
42.453,9967
42.453,9966
42.453,9965
42.453,9964
42.453,9963
42.453,9962
42.453,9961
42.453,9960
42.454,9959
42.454,9958
42.454,9957
42.454,9956
42.454,9955
42.454,9954
42.454,9953
42.454,9952
42.454,9951
42.454,9950
42.454,9949
42.454,9948
42.454,9947
42.454,9946
42.454,9945
42.454,9944
42.454,9943
42.455,9942
42.455,9941
42.455,9940
42.455,9939
42.455,9938
42.455,9937
42.455,9936
42.455,9935
42.455,9934
42.455,9933
42.455,9932
42.455,9931
42.455,9930
42.455,9929
42.455,9928
42.455,9927
42.455,9926
42.455,9925
42.455,9924
42.455,9923
42.455,9922
42.455,9921
42.455,9920
42.455,9919
42.455,9918
42.455,9917
42.455,9916
42.455,9915
42.455,9914
42.455,9913
42.455,9912
42.455,9911
42.455,9910
42.455,9909
42.456,9908
42.456,9907
42.456,9906
42.456,9905
42.456,9904
42.456,9903
42.456,9902
42.456,9901
42.456,9900
42.456,9899
42.456,9898
42.456,9897
42.456,9896
42.456,9895
42.456,9894
42.456,9893
42.456,9892
42.456,9891
42.456,9890
42.456,9889
42.456,9888
42.456,9887
42.456,9886
42.456,9885
42.456,9884
42.456,9883
42.456,9882
42.456,9881
42.457,9880
42.457,9879
42.457,9878
42.457,9877
42.457,9876
42.457,9875
42.457,9874
42.457,9873
42.457,9872
42.457,9871
42.457,9870
42.457,9869
42.457,9868
42.457,9867
42.457,9866
42.457,9865
42.457,9864
42.457,9863
42.457,9862
42.457,9861
42.457,9860
42.457,9859
42.457,9858
42.457,9857
42.457,9856
42.457,9855
42.457,9854
42.457,9853
42.457,9852
42.457,9851
42.457,9850
42.457,9849
42.457,9848
42.457,9847
42.457,9846
42.457,9845
42.457,9844
42.458,9843
42.458,9842
42.458,9841
42.458,9840
42.458,9839
42.458,9838
42.458,9837
42.458,9836
42.458,9835
42.458,9834
42.458,9833
42.458,9832
42.458,9831
42.458,9830
42.458,9829
42.458,9828
42.458,9827
42.458,9826
42.458,9825
42.458,9824
42.458,9823
42.458,9822
42.458,9821
42.458,9820
42.458,9819
42.458,9818
42.458,9817
42.458,9816
42.458,9815
42.458,9814
42.458,9813
42.458,9812
42.458,9811
42.458,9810
42.458,9809
42.458,9808
42.458,9807
42.458,9806
42.458,9805
42.458,9804
42.458,9803
42.458,9802
42.458,9801
42.458,9800
42.458,9799
42.458,9798
42.458,9797
42.458,9796
42.458,9795
42.459,9794
42.459,9793
42.459,9792
42.459,9791
42.459,9790
42.459,9789
42.459,9788
42.459,9787
42.459,9786
42.459,9785
42.459,9784
42.459,9783
42.459,9782
42.459,9781
42.459,9780
42.459,9779
42.459,9778
42.459,9777
42.459,9776
42.459,9775
42.459,9774
42.459,9773
42.459,9772
42.459,9771
42.459,9770
42.459,9769
42.459,9768
42.459,9767
42.459,9766
42.459,9765
42.459,9764
42.459,9763
42.459,9762
42.459,9761
42.459,9760
42.459,9759
42.459,9758
42.459,9757
42.459,9756
42.459,9755
42.459,9754
42.459,9753
42.459,9752
42.459,9751
42.459,9750
42.459,9749
42.459,9748
42.459,9747
42.459,9746
42.459,9745
42.459,9744
42.459,9743
42.459,9742
42.460,9741
42.460,9740
42.460,9739
42.460,9738
42.460,9737
42.460,9736
42.460,9735
42.460,9734
42.460,9733
42.460,9732
42.460,9731
42.460,9730
42.460,9729
42.460,9728
42.460,9727
42.460,9726
42.460,9725
42.460,9724
42.460,9723
42.460,9722
42.460,9721
42.460,9720
42.460,9719
42.460,9718
42.460,9717
42.460,9716
42.460,9715
42.460,9714
42.460,9713
42.460,9712
42.460,9711
42.460,9710
42.460,9709
42.460,9708
42.460,9707
42.460,9706
42.460,9705
42.460,9704
42.460,9703
42.460,9702
42.460,9701
42.460,9700
42.460,9699
42.460,9698
42.460,9697
42.460,9696
42.460,9695
42.460,9694
42.460,9693
42.460,9692
42.460,9691
42.460,9690
42.460,9689
42.460,9688
42.460,9687
42.460,9686
42.460,9685
42.460,9684
42.460,9683
42.460,9682
42.460,9681
42.460,9680
42.460,9679
42.460,9678
42.460,9677
42.460,9676
42.460,9675
42.460,9674
42.460,9673
42.460,9672
42.460,9671
42.460,9670
42.461,9669
42.461,9668
42.461,9667
42.461,9666
42.461,9665
42.461,9664
42.461,9663
42.461,9662
42.461,9661
42.461,9660
42.461,9659
42.461,9658
42.461,9657
42.461,9656
42.461,9655
42.461,9654
42.461,9653
42.461,9652
42.461,9651
42.461,9650
42.461,9649
42.461,9648
42.461,9647
42.461,9646
42.461,9645
42.461,9644
42.461,9643
42.461,9642
42.461,9641
42.461,9640
42.461,9639
42.461,9638
42.461,9637
42.461,9636
42.461,9635
42.461,9634
42.461,9633
42.461,9632
42.461,9631
42.461,9630
42.461,9629
42.461,9628
42.461,9627
42.461,9626
42.461,9625
42.462,9624
42.462,9623
42.462,9622
42.462,9621
42.462,9620
42.462,9619
42.462,9618
42.462,9617
42.462,9616
42.462,9615
42.462,9614
42.462,9613
42.462,9612
42.462,9611
42.462,9610
42.462,9609
42.462,9608
42.462,9607
42.462,9606
42.462,9605
42.462,9604
42.462,9603
42.462,9602
42.462,9601
42.462,9600
42.462,9599
42.462,9598
42.462,9597
42.462,9596
42.462,9595
42.462,9594
42.462,9593
42.462,9592
42.462,9591
42.462,9590
42.462,9589
42.462,9588
42.462,9587
42.462,9586
42.462,9585
42.462,9584
42.462,9583
42.462,9582
42.462,9581
42.462,9580
42.462,9579
42.462,9578
42.462,9577
42.462,9576
42.462,9575
42.462,9574
42.462,9573
42.462,9572
42.462,9571
42.462,9570
42.462,9569
42.462,9568
42.462,9567
42.462,9566
42.462,9565
42.462,9564
42.462,9563
42.462,9562
42.463,9561
42.463,9560
42.463,9559
42.463,9558
42.463,9557
42.463,9556
42.463,9555
42.463,9554
42.463,9553
42.463,9552
42.463,9551
42.463,9550
42.463,9549
42.463,9548
42.463,9547
42.463,9546
42.463,9545
42.463,9544
42.463,9543
42.463,9542
42.463,9541
42.463,9540
42.463,9539
42.463,9538
42.463,9537
42.463,9536
42.463,9535
42.463,9534
42.463,9533
42.463,9532
42.463,9531
42.463,9530
42.463,9529
42.464,9528
42.464,9527
42.464,9526
42.464,9525
42.464,9524
42.464,9523
42.464,9522
42.464,9521
42.464,9520
42.464,9519
42.464,9518
42.464,9517
42.464,9516
42.464,9515
42.464,9514
42.464,9513
42.464,9512
42.464,9511
42.464,9510
42.464,9509
42.464,9508
42.464,9507
42.464,9506
42.464,9505
42.464,9504
42.464,9503
42.464,9502
42.464,9501
42.464,9500
42.464,9499
42.464,9498
42.464,9497
42.464,9496
42.464,9495
42.464,9494
42.464,9493
42.464,9492
42.464,9491
42.464,9490
42.464,9489
42.464,9488
42.464,9487
42.464,9486
42.464,9485
42.464,9484
42.464,9483
42.464,9482
42.464,9481
42.465,9480
42.465,9479
42.465,9478
42.465,9477
42.465,9476
42.465,9475
42.465,9474
42.465,9473
42.465,9472
42.465,9471
42.465,9470
42.465,9469
42.465,9468
42.465,9467
42.465,9466
42.465,9465
42.465,9464
42.465,9463
42.465,9462
42.465,9461
42.465,9460
42.465,9459
42.465,9458
42.465,9457
42.465,9456
42.465,9455
42.465,9454
42.466,9453
42.466,9452
42.466,9451
42.466,9450
42.466,9449
42.466,9448
42.466,9447
42.466,9446
42.466,9445
42.466,9444
42.466,9443
42.466,9442
42.466,9441
42.466,9440
42.466,9439
42.466,9438
42.466,9437
42.466,9436
42.466,9435
42.467,9434
42.467,9433
42.467,9432
42.467,9431
42.467,9430
42.467,9429
42.467,9428
42.468,9427
42.468,9426
42.468,9425
42.468,9424
42.468,9423
42.468,9422
42.468,9421
42.468,9420
42.468,9419
42.468,9418
42.468,9417
42.468,9416
42.468,9415
42.468,9414
42.468,9413
42.468,9412
42.469,9411
42.469,9410
42.469,9409
42.469,9408
42.469,9407
42.469,9406
42.469,9405
42.469,9404
42.469,9403
42.469,9402
42.469,9401
42.469,9400
42.469,9399
42.469,9398
42.469,9397
42.469,9396
42.469,9395
42.469,9394
42.469,9393
42.470,9392
42.470,9391
42.470,9390
42.470,9389
42.470,9388
42.470,9387
42.470,9386
42.470,9385
42.470,9384
42.470,9383
42.470,9382
42.470,9381
42.470,9380
42.470,9379
42.470,9378
42.470,9377
42.470,9376
42.471,9375
42.471,9374
42.471,9373
42.471,9372
42.471,9371
42.471,9370
42.471,9369
42.471,9368
42.471,9367
42.471,9366
42.471,9365
42.471,9364
42.471,9363
42.471,9362
42.471,9361
42.471,9360
42.471,9359
42.471,9358
42.472,9357
42.472,9356
42.472,9355
42.472,9354
42.472,9353
42.472,9352
42.472,9351
42.472,9350
42.472,9349
42.472,9348
42.472,9347
42.472,9346
42.472,9345
42.472,9344
42.472,9343
42.472,9342
42.472,9341
42.472,9340
42.472,9339
42.472,9338
42.472,9337
42.473,9336
42.473,9335
42.473,9334
42.473,9333
42.473,9332
42.473,9331
42.473,9330
42.473,9329
42.473,9328
42.473,9327
42.473,9326
42.473,9325
42.473,9324
42.473,9323
42.473,9322
42.473,9321
42.473,9320
42.473,9319
42.473,9318
42.474,9317
42.474,9316
42.474,9315
42.474,9314
42.474,9313
42.474,9312
42.474,9311
42.474,9310
42.474,9309
42.474,9308
42.474,9307
42.474,9306
42.474,9305
42.474,9304
42.474,9303
42.474,9302
42.474,9301
42.474,9300
42.474,9299
42.475,9298
42.475,9297
42.475,9296
42.475,9295
42.475,9294
42.475,9293
42.475,9292
42.475,9291
42.475,9290
42.475,9289
42.475,9288
42.475,9287
42.475,9286
42.475,9285
42.475,9284
42.475,9283
42.475,9282
42.475,9281
42.475,9280
42.476,9279
42.476,9278
42.476,9277
42.476,9276
42.476,9275
42.476,9274
42.476,9273
42.476,9272
42.476,9271
42.476,9270
42.476,9269
42.476,9268
42.476,9267
42.476,9266
42.476,9265
42.476,9264
42.476,9263
42.477,9262
42.477,9261
42.477,9260
42.477,9259
42.477,9258
42.477,9257
42.477,9256
42.477,9255
42.477,9254
42.477,9253
42.477,9252
42.477,9251
42.477,9250
42.477,9249
42.477,9248
42.477,9247
42.477,9246
42.477,9245
42.477,9244
42.478,9243
42.478,9242
42.478,9241
42.478,9240
42.478,9239
42.478,9238
42.478,9237
42.478,9236
42.478,9235
42.478,9234
42.478,9233
42.478,9232
42.478,9231
42.478,9230
42.479,9229
42.479,9228
42.479,9227
42.479,9226
42.479,9225
42.479,9224
42.479,9223
42.479,9222
42.479,9221
42.479,9220
42.479,9219
42.479,9218
42.479,9217
42.479,9216
42.479,9215
42.479,9214
42.479,9213
42.479,9212
42.479,9211
42.479,9210
42.480,9209
42.480,9208
42.480,9207
42.480,9206
42.480,9205
42.480,9204
42.480,9203
42.480,9202
42.480,9201
42.480,9200
42.480,9199
42.480,9198
42.480,9197
42.480,9196
42.480,9195
42.480,9194
42.480,9193
42.480,9192
42.480,9191
42.481,9190
42.481,9189
42.481,9188
42.481,9187
42.481,9186
42.481,9185
42.481,9184
42.481,9183
42.481,9182
42.481,9181
42.481,9180
42.481,9179
42.481,9178
42.481,9177
42.481,9176
42.481,9175
42.481,9174
42.481,9173
42.481,9172
42.482,9171
42.482,9170
42.482,9169
42.482,9168
42.482,9167
42.482,9166
42.482,9165
42.482,9164
42.482,9163
42.482,9162
42.482,9161
42.482,9160
42.482,9159
42.482,9158
42.482,9157
42.482,9156
42.482,9155
42.482,9154
42.482,9153
42.482,9152
42.483,9151
42.483,9150
42.483,9149
42.483,9148
42.483,9147
42.483,9146
42.483,9145
42.483,9144
42.483,9143
42.483,9142
42.483,9141
42.483,9140
42.483,9139
42.483,9138
42.483,9137
42.483,9136
42.483,9135
42.483,9134
42.483,9133
42.484,9132
42.484,9131
42.484,9130
42.484,9129
42.484,9128
42.484,9127
42.484,9126
42.484,9125
42.484,9124
42.484,9123
42.484,9122
42.484,9121
42.484,9120
42.484,9119
42.485,9118
42.485,9117
42.485,9116
42.485,9115
42.485,9114
42.485,9113
42.485,9112
42.485,9111
42.485,9110
42.485,9109
42.485,9108
42.485,9107
42.485,9106
42.485,9105
42.485,9104
42.485,9103
42.485,9102
42.485,9101
42.485,9100
42.485,9099
42.485,9098
42.485,9097
42.486,9096
42.486,9095
42.486,9094
42.486,9093
42.486,9092
42.486,9091
42.486,9090
42.486,9089
42.486,9088
42.486,9087
42.486,9086
42.486,9085
42.486,9084
42.486,9083
42.486,9082
42.486,9081
42.486,9080
42.486,9079
42.486,9078
42.486,9077
42.486,9076
42.486,9075
42.487,9074
42.487,9073
42.487,9072
42.487,9071
42.487,9070
42.487,9069
42.487,9068
42.487,9067
42.487,9066
42.487,9065
42.487,9064
42.487,9063
42.487,9062
42.487,9061
42.487,9060
42.487,9059
42.488,9058
42.488,9057
42.488,9056
42.488,9055
42.488,9054
42.488,9053
42.488,9052
42.488,9051
42.488,9050
42.488,9049
42.488,9048
42.488,9047
42.488,9046
42.488,9045
42.488,9044
42.488,9043
42.489,9042
42.489,9041
42.489,9040
42.489,9039
42.489,9038
42.489,9037
42.489,9036
42.489,9035
42.489,9034
42.489,9033
42.489,9032
42.489,9031
42.489,9030
42.489,9029
42.490,9028
42.490,9027
42.490,9026
42.490,9025
42.490,9024
42.490,9023
42.490,9022
42.490,9021
42.490,9020
42.490,9019
42.490,9018
42.490,9017
42.490,9016
42.490,9015
42.490,9014
42.490,9013
42.490,9012
42.490,9011
42.490,9010
42.491,9009
42.491,9008
42.491,9007
42.491,9006
42.491,9005
42.491,9004
42.491,9003
42.491,9002
42.491,9001
42.491,9000
42.491,8999
42.491,8998
42.491,8997
42.491,8996
42.491,8995
42.492,8994
42.492,8993
42.492,8992
42.492,8991
42.492,8990
42.492,8989
42.492,8988
42.492,8987
42.492,8986
42.492,8985
42.492,8984
42.492,8983
42.492,8982
42.492,8981
42.492,8980
42.493,8979
42.493,8978
42.493,8977
42.493,8976
42.493,8975
42.493,8974
42.493,8973
42.493,8972
42.493,8971
42.493,8970
42.493,8969
42.493,8968
42.493,8967
42.493,8966
42.493,8965
42.493,8964
42.493,8963
42.493,8962
42.493,8961
42.493,8960
42.493,8959
42.494,8958
42.494,8957
42.494,8956
42.494,8955
42.494,8954
42.494,8953
42.494,8952
42.494,8951
42.494,8950
42.494,8949
42.494,8948
42.494,8947
42.494,8946
42.494,8945
42.494,8944
42.494,8943
42.494,8942
42.494,8941
42.495,8940
42.495,8939
42.495,8938
42.495,8937
42.495,8936
42.495,8935
42.495,8934
42.495,8933
42.495,8932
42.495,8931
42.495,8930
42.495,8929
42.495,8928
42.495,8927
42.495,8926
42.495,8925
42.496,8924
42.496,8923
42.496,8922
42.496,8921
42.496,8920
42.496,8919
42.496,8918
42.496,8917
42.496,8916
42.496,8915
42.496,8914
42.496,8913
42.496,8912
42.496,8911
42.496,8910
42.497,8909
42.497,8908
42.497,8907
42.497,8906
42.497,8905
42.497,8904
42.497,8903
42.497,8902
42.497,8901
42.497,8900
42.497,8899
42.497,8898
42.497,8897
42.497,8896
42.497,8895
42.497,8894
42.497,8893
42.497,8892
42.497,8891
42.497,8890
42.497,8889
42.497,8888
42.497,8887
42.497,8886
42.497,8885
42.498,8884
42.498,8883
42.498,8882
42.498,8881
42.498,8880
42.498,8879
42.498,8878
42.498,8877
42.498,8876
42.498,8875
42.498,8874
42.498,8873
42.498,8872
42.498,8871
42.499,8870
42.499,8869
42.499,8868
42.499,8867
42.499,8866
42.499,8865
42.499,8864
42.499,8863
42.499,8862
42.499,8861
42.499,8860
42.499,8859
42.499,8858
42.499,8857
42.499,8856
42.500,8855
42.500,8854
42.500,8853
42.500,8852
42.500,8851
42.500,8850
42.500,8849
42.500,8848
42.500,8847
42.500,8846
42.500,8845
42.500,8844
42.500,8843
42.500,8842
42.500,8841
42.500,8840
42.500,8839
42.501,8838
42.501,8837
42.501,8836
42.501,8835
42.501,8834
42.501,8833
42.501,8832
42.501,8831
42.501,8830
42.501,8829
42.501,8828
42.501,8827
42.501,8826
42.501,8825
42.501,8824
42.501,8823
42.501,8822
42.501,8821
42.502,8820
42.502,8819
42.502,8818
42.502,8817
42.502,8816
42.502,8815
42.502,8814
42.502,8813
42.502,8812
42.502,8811
42.502,8810
42.502,8809
42.502,8808
42.503,8807
42.503,8806
42.503,8805
42.503,8804
42.503,8803
42.503,8802
42.503,8801
42.503,8800
42.503,8799
42.503,8798
42.504,8797
42.504,8796
42.504,8795
42.504,8794
42.504,8793
42.504,8792
42.504,8791
42.504,8790
42.504,8789
42.504,8788
42.504,8787
42.504,8786
42.504,8785
42.504,8784
42.504,8783
42.505,8782
42.505,8781
42.505,8780
42.505,8779
42.505,8778
42.505,8777
42.505,8776
42.505,8775
42.505,8774
42.505,8773
42.505,8772
42.505,8771
42.505,8770
42.505,8769
42.505,8768
42.505,8767
42.505,8766
42.505,8765
42.505,8764
42.505,8763
42.505,8762
42.506,8761
42.506,8760
42.506,8759
42.506,8758
42.506,8757
42.506,8756
42.506,8755
42.506,8754
42.506,8753
42.506,8752
42.506,8751
42.506,8750
42.506,8749
42.506,8748
42.506,8747
42.506,8746
42.506,8745
42.506,8744
42.506,8743
42.507,8742
42.507,8741
42.507,8740
42.507,8739
42.507,8738
42.507,8737
42.507,8736
42.507,8735
42.507,8734
42.507,8733
42.507,8732
42.507,8731
42.507,8730
42.507,8729
42.507,8728
42.507,8727
42.507,8726
42.507,8725
42.507,8724
42.507,8723
42.507,8722
42.507,8721
42.507,8720
42.507,8719
42.508,8718
42.508,8717
42.508,8716
42.508,8715
42.508,8714
42.508,8713
42.508,8712
42.508,8711
42.508,8710
42.508,8709
42.508,8708
42.508,8707
42.508,8706
42.508,8705
42.508,8704
42.508,8703
42.508,8702
42.508,8701
42.508,8700
42.508,8699
42.508,8698
42.508,8697
42.508,8696
42.509,8695
42.509,8694
42.509,8693
42.509,8692
42.509,8691
42.509,8690
42.509,8689
42.509,8688
42.509,8687
42.509,8686
42.509,8685
42.509,8684
42.509,8683
42.509,8682
42.509,8681
42.509,8680
42.509,8679
42.509,8678
42.509,8677
42.509,8676
42.509,8675
42.509,8674
42.510,8673
42.510,8672
42.510,8671
42.510,8670
42.510,8669
42.510,8668
42.510,8667
42.510,8666
42.510,8665
42.510,8664
42.510,8663
42.510,8662
42.510,8661
42.510,8660
42.510,8659
42.510,8658
42.510,8657
42.510,8656
42.510,8655
42.510,8654
42.510,8653
42.511,8652
42.511,8651
42.511,8650
42.511,8649
42.511,8648
42.511,8647
42.511,8646
42.511,8645
42.511,8644
42.511,8643
42.511,8642
42.511,8641
42.511,8640
42.511,8639
42.511,8638
42.511,8637
42.511,8636
42.511,8635
42.511,8634
42.512,8633
42.512,8632
42.512,8631
42.512,8630
42.512,8629
42.512,8628
42.512,8627
42.512,8626
42.512,8625
42.512,8624
42.512,8623
42.512,8622
42.512,8621
42.512,8620
42.512,8619
42.512,8618
42.512,8617
42.512,8616
42.512,8615
42.513,8614
42.513,8613
42.513,8612
42.513,8611
42.513,8610
42.513,8609
42.513,8608
42.513,8607
42.513,8606
42.513,8605
42.513,8604
42.513,8603
42.513,8602
42.513,8601
42.513,8600
42.514,8599
42.514,8598
42.514,8597
42.514,8596
42.514,8595
42.514,8594
42.514,8593
42.514,8592
42.514,8591
42.514,8590
42.514,8589
42.514,8588
42.514,8587
42.515,8586
42.515,8585
42.515,8584
42.515,8583
42.515,8582
42.515,8581
42.515,8580
42.515,8579
42.515,8578
42.515,8577
42.515,8576
42.515,8575
42.515,8574
42.516,8573
42.516,8572
42.516,8571
42.516,8570
42.516,8569
42.516,8568
42.516,8567
42.516,8566
42.516,8565
42.516,8564
42.516,8563
42.516,8562
42.516,8561
42.517,8560
42.517,8559
42.517,8558
42.517,8557
42.517,8556
42.517,8555
42.517,8554
42.517,8553
42.517,8552
42.517,8551
42.517,8550
42.517,8549
42.517,8548
42.517,8547
42.518,8546
42.518,8545
42.518,8544
42.518,8543
42.518,8542
42.518,8541
42.518,8540
42.518,8539
42.518,8538
42.518,8537
42.518,8536
42.518,8535
42.518,8534
42.519,8533
42.519,8532
42.519,8531
42.519,8530
42.519,8529
42.519,8528
42.519,8527
42.519,8526
42.519,8525
42.519,8524
42.519,8523
42.519,8522
42.519,8521
42.520,8520
42.520,8519
42.520,8518
42.520,8517
42.520,8516
42.520,8515
42.520,8514
42.520,8513
42.520,8512
42.520,8511
42.520,8510
42.520,8509
42.520,8508
42.520,8507
42.521,8506
42.521,8505
42.521,8504
42.521,8503
42.521,8502
42.521,8501
42.521,8500
42.521,8499
42.521,8498
42.521,8497
42.521,8496
42.521,8495
42.521,8494
42.521,8493
42.523,8492
42.523,8491
42.523,8490
42.523,8489
42.523,8488
42.523,8487
42.523,8486
42.523,8485
42.523,8484
42.523,8483
42.523,8482
42.523,8481
42.524,8480
42.524,8479
42.524,8478
42.524,8477
42.524,8476
42.524,8475
42.524,8474
42.524,8473
42.525,8472
42.525,8471
42.525,8470
42.525,8469
42.525,8468
42.525,8467
42.525,8466
42.525,8465
42.525,8464
42.525,8463
42.525,8462
42.525,8461
42.525,8460
42.526,8459
42.526,8458
42.526,8457
42.526,8456
42.526,8455
42.526,8454
42.526,8453
42.526,8452
42.526,8451
42.526,8450
42.527,8449
42.529,8448
42.529,8447
42.529,8446
42.529,8445
42.531,8444
42.532,8443
42.535,8442
42.535,8441
42.536,8440
42.536,8439
42.536,8438
42.536,8437
42.536,8436
42.538,8435
42.541,8434
42.541,8433
42.541,8432
42.541,8431
42.541,8430
42.541,8429
42.542,8428
42.542,8427
42.542,8426
42.542,8425
42.542,8424
42.542,8423
42.542,8422
42.542,8421
42.542,8420
42.543,8419
42.543,8418
42.543,8417
42.543,8416
42.543,8415
42.543,8414
42.543,8413
42.543,8412
42.543,8411
42.544,8410
42.544,8409
42.544,8408
42.544,8407
42.544,8406
42.544,8405
42.544,8404
42.544,8403
42.545,8402
42.545,8401
42.546,8400
42.546,8399
42.550,8398
42.550,8397
42.550,8396
42.550,8395
42.551,8394
42.551,8393
42.551,8392
42.551,8391
42.551,8390
42.551,8389
42.553,8388
42.553,8387
42.554,8386
42.555,8385
42.556,8384
42.557,8383
42.558,8382
42.558,8381
42.558,8380
42.561,8379
42.562,8378
42.563,8377
42.563,8376
42.563,8375
42.563,8374
42.563,8373
42.563,8372
42.563,8371
42.564,8370
42.564,8369
42.564,8368
42.564,8367
42.564,8366
42.564,8365
42.564,8364
42.564,8363
42.564,8362
42.565,8361
42.565,8360
42.565,8359
42.565,8358
42.565,8357
42.565,8356
42.565,8355
42.565,8354
42.565,8353
42.565,8352
42.565,8351
42.565,8350
42.566,8349
42.566,8348
42.566,8347
42.566,8346
42.566,8345
42.566,8344
42.566,8343
42.566,8342
42.566,8341
42.567,8340
42.567,8339
42.567,8338
42.567,8337
42.567,8336
42.567,8335
42.567,8334
42.567,8333
42.568,8332
42.568,8331
42.568,8330
42.568,8329
42.568,8328
42.568,8327
42.569,8326
42.569,8325
42.569,8324
42.569,8323
42.569,8322
42.569,8321
42.569,8320
42.569,8319
42.569,8318
42.570,8317
42.570,8316
42.570,8315
42.570,8314
42.570,8313
42.570,8312
42.570,8311
42.571,8310
42.571,8309
42.571,8308
42.571,8307
42.571,8306
42.571,8305
42.572,8304
42.572,8303
42.572,8302
42.572,8301
42.572,8300
42.572,8299
42.572,8298
42.572,8297
42.573,8296
42.573,8295
42.573,8294
42.573,8293
42.573,8292
42.573,8291
42.573,8290
42.573,8289
42.574,8288
42.574,8287
42.574,8286
42.574,8285
42.574,8284
42.574,8283
42.575,8282
42.575,8281
42.575,8280
42.575,8279
42.575,8278
42.575,8277
42.575,8276
42.575,8275
42.575,8274
42.575,8273
42.576,8272
42.576,8271
42.576,8270
42.576,8269
42.576,8268
42.576,8267
42.577,8266
42.577,8265
42.577,8264
42.577,8263
42.577,8262
42.578,8261
42.578,8260
42.578,8259
42.598,8258
42.598,8257
42.618,8256
42.663,8255
42.711,8254
42.711,8253
42.711,8252
42.727,8251
42.735,8250
42.736,8249
42.736,8248
42.736,8247
42.737,8246
42.737,8245
42.738,8244
42.738,8243
42.738,8242
42.745,8241
42.745,8240
42.745,8239
42.746,8238
42.747,8237
42.747,8236
42.748,8235
42.748,8234
42.748,8233
42.749,8232
42.749,8231
42.750,8230
42.750,8229
42.751,8228
42.751,8227
42.751,8226
42.751,8225
42.751,8224
42.752,8223
42.753,8222
42.753,8221
42.758,8220
42.759,8219
42.759,8218
42.759,8217
42.760,8216
42.760,8215
42.760,8214
42.760,8213
42.760,8212
42.761,8211
42.761,8210
42.761,8209
42.762,8208
42.762,8207
42.763,8206
42.763,8205
42.767,8204
42.767,8203
42.767,8202
42.768,8201
42.768,8200
42.768,8199
42.769,8198
42.769,8197
42.769,8196
42.769,8195
42.770,8194
42.770,8193
42.770,8192
42.770,8191
42.771,8190
42.771,8189
42.772,8188
42.772,8187
42.772,8186
42.775,8185
42.776,8184
42.776,8183
42.776,8182
42.777,8181
42.777,8180
42.778,8179
42.779,8178
42.779,8177
42.779,8176
42.780,8175
42.780,8174
42.781,8173
42.781,8172
42.782,8171
42.782,8170
42.783,8169
42.783,8168
42.784,8167
42.784,8166
42.784,8165
42.785,8164
42.785,8163
42.786,8162
42.786,8161
42.786,8160
42.786,8159
42.787,8158
42.787,8157
42.787,8156
42.787,8155
42.787,8154
42.788,8153
42.788,8152
42.788,8151
42.789,8150
42.789,8149
42.789,8148
42.790,8147
42.791,8146
42.791,8145
42.791,8144
42.791,8143
42.792,8142
42.793,8141
42.793,8140
42.794,8139
42.794,8138
42.794,8137
42.794,8136
42.794,8135
42.795,8134
42.795,8133
42.796,8132
42.796,8131
42.796,8130
42.797,8129
42.797,8128
42.797,8127
42.799,8126
42.799,8125
42.800,8124
42.800,8123
42.801,8122
42.801,8121
42.802,8120
42.802,8119
42.802,8118
42.802,8117
42.803,8116
42.803,8115
42.803,8114
42.804,8113
42.804,8112
42.804,8111
42.804,8110
42.805,8109
42.805,8108
42.805,8107
42.806,8106
42.806,8105
42.806,8104
42.807,8103
42.808,8102
42.808,8101
42.808,8100
42.808,8099
42.808,8098
42.808,8097
42.809,8096
42.809,8095
42.810,8094
42.810,8093
42.810,8092
42.811,8091
42.811,8090
42.811,8089
42.812,8088
42.812,8087
42.812,8086
42.813,8085
42.813,8084
42.813,8083
42.814,8082
42.814,8081
42.814,8080
42.814,8079
42.815,8078
42.815,8077
42.816,8076
42.817,8075
42.818,8074
42.819,8073
42.820,8072
42.820,8071
42.820,8070
42.821,8069
42.821,8068
42.822,8067
42.822,8066
42.823,8065
42.824,8064
42.824,8063
42.824,8062
42.825,8061
42.825,8060
42.825,8059
42.826,8058
42.827,8057
42.828,8056
42.828,8055
42.828,8054
42.829,8053
42.829,8052
42.830,8051
42.832,8050
42.832,8049
42.832,8048
42.833,8047
42.833,8046
42.833,8045
42.833,8044
42.833,8043
42.833,8042
42.834,8041
42.835,8040
42.835,8039
42.835,8038
42.836,8037
42.836,8036
42.836,8035
42.836,8034
42.837,8033
42.837,8032
42.838,8031
42.838,8030
42.840,8029
42.840,8028
42.840,8027
42.841,8026
42.841,8025
42.841,8024
42.842,8023
42.842,8022
42.843,8021
42.843,8020
42.843,8019
42.843,8018
42.844,8017
42.844,8016
42.844,8015
42.844,8014
42.845,8013
42.845,8012
42.845,8011
42.845,8010
42.847,8009
42.847,8008
42.848,8007
42.848,8006
42.848,8005
42.849,8004
42.849,8003
42.849,8002
42.849,8001
42.850,8000
42.850,7999
42.851,7998
42.852,7997
42.852,7996
42.852,7995
42.853,7994
42.854,7993
42.854,7992
42.855,7991
42.855,7990
42.857,7989
42.857,7988
42.857,7987
42.858,7986
42.858,7985
42.859,7984
42.859,7983
42.859,7982
42.859,7981
42.860,7980
42.860,7979
42.861,7978
42.861,7977
42.861,7976
42.862,7975
42.862,7974
42.862,7973
42.863,7972
42.863,7971
42.864,7970
42.864,7969
42.864,7968
42.864,7967
42.865,7966
42.866,7965
42.866,7964
42.867,7963
42.867,7962
42.867,7961
42.868,7960
42.868,7959
42.869,7958
42.869,7957
42.869,7956
42.869,7955
42.870,7954
42.870,7953
42.871,7952
42.871,7951
42.871,7950
42.871,7949
42.872,7948
42.872,7947
42.873,7946
42.874,7945
42.874,7944
42.876,7943
42.878,7942
42.879,7941
42.879,7940
42.880,7939
42.880,7938
42.881,7937
42.882,7936
42.882,7935
42.882,7934
42.883,7933
42.883,7932
42.883,7931
42.884,7930
42.885,7929
42.885,7928
42.886,7927
42.886,7926
42.887,7925
42.887,7924
42.888,7923
42.889,7922
42.889,7921
42.889,7920
42.890,7919
42.890,7918
42.891,7917
42.891,7916
42.892,7915
42.892,7914
42.892,7913
42.893,7912
42.893,7911
42.894,7910
42.894,7909
42.895,7908
42.897,7907
42.897,7906
42.897,7905
42.898,7904
42.898,7903
42.899,7902
42.900,7901
42.900,7900
42.900,7899
42.901,7898
42.902,7897
42.903,7896
42.903,7895
42.904,7894
42.904,7893
42.905,7892
42.905,7891
42.906,7890
42.906,7889
42.907,7888
42.907,7887
42.908,7886
42.909,7885
42.909,7884
42.909,7883
42.910,7882
42.910,7881
42.911,7880
42.911,7879
42.911,7878
42.912,7877
42.912,7876
42.913,7875
42.914,7874
42.915,7873
42.915,7872
42.915,7871
42.916,7870
42.916,7869
42.916,7868
42.917,7867
42.918,7866
42.918,7865
42.918,7864
42.919,7863
42.927,7862
42.935,7861
42.937,7860
42.938,7859
42.938,7858
42.938,7857
42.939,7856
42.939,7855
42.939,7854
42.939,7853
42.940,7852
42.940,7851
42.940,7850
42.940,7849
42.941,7848
42.941,7847
42.941,7846
42.942,7845
42.942,7844
42.942,7843
42.942,7842
42.943,7841
42.943,7840
42.943,7839
42.943,7838
42.944,7837
42.944,7836
42.944,7835
42.945,7834
42.945,7833
42.945,7832
42.946,7831
42.946,7830
42.946,7829
42.947,7828
42.947,7827
42.948,7826
42.949,7825
42.949,7824
42.950,7823
42.950,7822
42.950,7821
42.950,7820
42.951,7819
42.951,7818
42.951,7817
42.951,7816
42.952,7815
42.952,7814
42.952,7813
42.953,7812
42.953,7811
42.953,7810
42.954,7809
42.954,7808
42.954,7807
42.955,7806
42.955,7805
42.955,7804
42.955,7803
42.956,7802
42.956,7801
42.956,7800
42.956,7799
42.957,7798
42.957,7797
42.957,7796
42.957,7795
42.958,7794
42.958,7793
42.958,7792
42.958,7791
42.959,7790
42.959,7789
42.960,7788
42.960,7787
42.960,7786
42.960,7785
42.968,7784
42.972,7783
42.973,7782
42.974,7781
42.975,7780
42.976,7779
42.977,7778
42.977,7777
42.978,7776
42.978,7775
42.978,7774
42.979,7773
42.979,7772
42.979,7771
42.980,7770
42.980,7769
42.980,7768
42.981,7767
42.982,7766
42.984,7765
42.984,7764
42.985,7763
42.985,7762
42.985,7761
42.986,7760
42.986,7759
42.987,7758
42.987,7757
42.987,7756
42.987,7755
42.988,7754
42.988,7753
42.991,7752
42.992,7751
42.993,7750
42.994,7749
42.994,7748
42.994,7747
42.994,7746
42.995,7745
42.996,7744
42.997,7743
42.997,7742
42.998,7741
43.000,7740
43.000,7739
43.001,7738
43.002,7737
43.003,7736
43.003,7735
43.005,7734
43.006,7733
43.006,7732
43.008,7731
43.009,7730
43.015,7729
43.019,7728
43.020,7727
43.024,7726
43.026,7725
43.027,7724
43.028,7723
43.028,7722
43.029,7721
43.029,7720
43.029,7719
43.030,7718
43.046,7717
43.047,7716
43.047,7715
43.048,7714
43.049,7713
43.049,7712
43.052,7711
43.053,7710
43.053,7709
43.054,7708
43.054,7707
43.055,7706
43.055,7705
43.057,7704
43.057,7703
43.058,7702
43.059,7701
43.060,7700
43.061,7699
43.062,7698
43.062,7697
43.063,7696
43.063,7695
43.065,7694
43.065,7693
43.067,7692
43.068,7691
43.069,7690
43.069,7689
43.071,7688
43.071,7687
43.071,7686
43.073,7685
43.073,7684
43.074,7683
43.074,7682
43.076,7681
43.077,7680
43.078,7679
43.078,7678
43.079,7677
43.080,7676
43.080,7675
43.081,7674
43.082,7673
43.082,7672
43.083,7671
43.083,7670
43.084,7669
43.084,7668
43.085,7667
43.085,7666
43.086,7665
43.087,7664
43.088,7663
43.088,7662
43.088,7661
43.089,7660
43.090,7659
43.091,7658
43.091,7657
43.092,7656
43.093,7655
43.095,7654
43.095,7653
43.096,7652
43.096,7651
43.097,7650
43.097,7649
43.098,7648
43.099,7647
43.100,7646
43.100,7645
43.101,7644
43.101,7643
43.102,7642
43.105,7641
43.107,7640
43.107,7639
43.108,7638
43.109,7637
43.109,7636
43.110,7635
43.110,7634
43.113,7633
43.113,7632
43.114,7631
43.115,7630
43.116,7629
43.117,7628
43.118,7627
43.118,7626
43.119,7625
43.123,7624
43.123,7623
43.123,7622
43.124,7621
43.124,7620
43.125,7619
43.126,7618
43.127,7617
43.128,7616
43.129,7615
43.130,7614
43.131,7613
43.131,7612
43.132,7611
43.133,7610
43.133,7609
43.134,7608
43.134,7607
43.135,7606
43.135,7605
43.137,7604
43.138,7603
43.138,7602
43.139,7601
43.140,7600
43.140,7599
43.142,7598
43.142,7597
43.143,7596
43.144,7595
43.145,7594
43.145,7593
43.146,7592
43.147,7591
43.148,7590
43.148,7589
43.149,7588
43.150,7587
43.151,7586
43.151,7585
43.152,7584
43.153,7583
43.154,7582
43.155,7581
43.156,7580
43.156,7579
43.157,7578
43.158,7577
43.158,7576
43.159,7575
43.160,7574
43.161,7573
43.161,7572
43.162,7571
43.163,7570
43.163,7569
43.165,7568
43.166,7567
43.166,7566
43.167,7565
43.169,7564
43.169,7563
43.170,7562
43.170,7561
43.171,7560
43.173,7559
43.175,7558
43.176,7557
43.176,7556
43.176,7555
43.177,7554
43.177,7553
43.178,7552
43.179,7551
43.180,7550
43.181,7549
43.182,7548
43.182,7547
43.183,7546
43.184,7545
43.185,7544
43.185,7543
43.186,7542
43.187,7541
43.188,7540
43.189,7539
43.191,7538
43.191,7537
43.192,7536
43.193,7535
43.194,7534
43.195,7533
43.196,7532
43.197,7531
43.199,7530
43.203,7529
43.204,7528
43.205,7527
43.206,7526
43.207,7525
43.207,7524
43.208,7523
43.208,7522
43.209,7521
43.210,7520
43.210,7519
43.212,7518
43.212,7517
43.213,7516
43.214,7515
43.215,7514
43.215,7513
43.216,7512
43.217,7511
43.218,7510
43.218,7509
43.219,7508
43.220,7507
43.221,7506
43.221,7505
43.223,7504
43.224,7503
43.225,7502
43.228,7501
43.229,7500
43.230,7499
43.230,7498
43.231,7497
43.232,7496
43.232,7495
43.233,7494
43.234,7493
43.234,7492
43.236,7491
43.236,7490
43.237,7489
43.238,7488
43.238,7487
43.239,7486
43.242,7485
43.243,7484
43.243,7483
43.245,7482
43.246,7481
43.247,7480
43.247,7479
43.249,7478
43.250,7477
43.251,7476
43.252,7475
43.252,7474
43.253,7473
43.254,7472
43.255,7471
43.255,7470
43.256,7469
43.256,7468
43.257,7467
43.258,7466
43.259,7465
43.260,7464
43.261,7463
43.261,7462
43.262,7461
43.263,7460
43.263,7459
43.265,7458
43.266,7457
43.267,7456
43.268,7455
43.270,7454
43.271,7453
43.271,7452
43.274,7451
43.275,7450
43.275,7449
43.276,7448
43.278,7447
43.279,7446
43.280,7445
43.280,7444
43.281,7443
43.282,7442
43.283,7441
43.283,7440
43.284,7439
43.284,7438
43.285,7437
43.286,7436
43.286,7435
43.288,7434
43.289,7433
43.289,7432
43.290,7431
43.291,7430
43.291,7429
43.292,7428
43.293,7427
43.294,7426
43.294,7425
43.296,7424
43.297,7423
43.298,7422
43.299,7421
43.301,7420
43.302,7419
43.304,7418
43.305,7417
43.306,7416
43.307,7415
43.308,7414
43.309,7413
43.310,7412
43.311,7411
43.313,7410
43.313,7409
43.315,7408
43.316,7407
43.317,7406
43.318,7405
43.319,7404
43.322,7403
43.322,7402
43.323,7401
43.324,7400
43.324,7399
43.325,7398
43.326,7397
43.327,7396
43.328,7395
43.330,7394
43.331,7393
43.332,7392
43.334,7391
43.335,7390
43.342,7389
43.343,7388
43.346,7387
43.349,7386
43.349,7385
43.349,7384
43.351,7383
43.352,7382
43.354,7381
43.356,7380
43.357,7379
43.359,7378
43.359,7377
43.361,7376
43.362,7375
43.363,7374
43.363,7373
43.364,7372
43.366,7371
43.367,7370
43.368,7369
43.370,7368
43.371,7367
43.371,7366
43.374,7365
43.375,7364
43.377,7363
43.378,7362
43.378,7361
43.379,7360
43.380,7359
43.382,7358
43.382,7357
43.383,7356
43.384,7355
43.386,7354
43.388,7353
43.389,7352
43.390,7351
43.390,7350
43.393,7349
43.395,7348
43.395,7347
43.395,7346
43.397,7345
43.399,7344
43.401,7343
43.402,7342
43.403,7341
43.403,7340
43.404,7339
43.408,7338
43.408,7337
43.409,7336
43.410,7335
43.410,7334
43.410,7333
43.411,7332
43.411,7331
43.412,7330
43.412,7329
43.412,7328
43.413,7327
43.413,7326
43.414,7325
43.414,7324
43.414,7323
43.415,7322
43.415,7321
43.415,7320
43.416,7319
43.416,7318
43.416,7317
43.417,7316
43.417,7315
43.417,7314
43.418,7313
43.418,7312
43.418,7311
43.419,7310
43.419,7309
43.420,7308
43.420,7307
43.420,7306
43.421,7305
43.421,7304
43.422,7303
43.422,7302
43.423,7301
43.423,7300
43.423,7299
43.424,7298
43.424,7297
43.424,7296
43.424,7295
43.425,7294
43.425,7293
43.426,7292
43.426,7291
43.426,7290
43.427,7289
43.427,7288
43.428,7287
43.428,7286
43.428,7285
43.429,7284
43.429,7283
43.429,7282
43.430,7281
43.430,7280
43.430,7279
43.431,7278
43.431,7277
43.431,7276
43.432,7275
43.432,7274
43.432,7273
43.433,7272
43.433,7271
43.433,7270
43.434,7269
43.435,7268
43.435,7267
43.435,7266
43.436,7265
43.436,7264
43.436,7263
43.436,7262
43.437,7261
43.437,7260
43.444,7259
43.445,7258
43.446,7257
43.446,7256
43.449,7255
43.450,7254
43.450,7253
43.450,7252
43.453,7251
43.453,7250
43.453,7249
43.454,7248
43.455,7247
43.455,7246
43.455,7245
43.456,7244
43.456,7243
43.457,7242
43.458,7241
43.462,7240
43.463,7239
43.463,7238
43.463,7237
43.464,7236
43.464,7235
43.469,7234
43.473,7233
43.478,7232
43.486,7231
43.498,7230
43.501,7229
43.504,7228
43.505,7227
43.505,7226
43.505,7225
43.506,7224
43.508,7223
43.516,7222
43.574,7221
43.803,7220
43.804,7219
43.806,7218
43.807,7217
43.808,7216
43.809,7215
43.810,7214
43.811,7213
43.813,7212
43.814,7211
43.816,7210
43.817,7209
43.818,7208
43.819,7207
43.821,7206
43.822,7205
43.823,7204
43.824,7203
43.826,7202
43.827,7201
43.830,7200
43.831,7199
43.833,7198
43.835,7197
43.837,7196
43.841,7195
43.844,7194
43.846,7193
43.848,7192
43.850,7191
43.853,7190
43.855,7189
43.860,7188
43.866,7187
43.876,7186
43.880,7185
43.884,7184
43.893,7183
