15.445, 812
20.607, 811
20.788, 810
21.1, 809
21.241, 808
21.481, 807
21.637, 806
22.436, 805
22.858, 804
23.707, 803
24.348, 802
24.605, 801
25.058, 800
25.761, 799
26.853, 798
30.046, 797
34.511, 796
35.263, 795
36.159, 794
37.119, 793
38.371, 792
39.758, 791
40.481, 790
42.075, 789
43.619, 788
44.528, 787
45.518, 786
47.812, 784
49.224, 783
51.32, 781
54.055, 780
65.585, 779
67.417, 778
73.558, 777
75.973, 775
80.874, 774
91.676, 773
98.33, 772
101.835, 771
109.606, 770
113.786, 768
118.158, 767
131.69, 766
136.649, 765
159.82, 764
193.056, 763
207.966, 761
260.782, 760
280.757, 759
316.322, 758
353.713, 757
368.255, 756
383.402, 754
397.807, 753
465.169, 750
504.476, 749
724.859, 747
776.532, 746
804.01, 744
895.962, 743
989.507, 741
1170.506, 739
