44.991, 702
50.026, 701
50.399, 700
51.584, 699
51.996, 698
52.636, 697
53.061, 696
53.969, 695
54.591, 694
57.146, 693
57.705, 692
59.136, 691
60.097, 690
61.351, 688
62.23, 687
70.488, 686
79.982, 685
81.246, 684
83.845, 682
87.56, 681
89.969, 680
91.586, 679
92.707, 677
93.834, 675
98.458, 674
102.543, 673
104.309, 672
107.205, 670
109.128, 668
111.278, 666
115.663, 664
118.047, 662
120.362, 660
124.131, 658
126.698, 656
129.69, 653
143.061, 649
147.257, 648
157.462, 646
163.79, 643
180.768, 640
195.451, 634
229.72, 631
240.343, 624
282.389, 620
321.472, 617
414.54, 612
505.136, 611
813.783, 609
876.626, 605
