26.977, 1001
163.089, 1000
165.514, 999
170.216, 998
175.102, 997
177.483, 996
195.209, 995
209.961, 994
216.712, 993
220.668, 992
223.908, 991
227.21, 990
230.422, 989
233.77, 988
257.78, 987
261.584, 986
277.05, 985
280.909, 984
289.224, 983
293.94, 982
298.072, 981
319.314, 980
385.346, 979
397.07, 978
403.014, 977
409.197, 976
415.701, 975
428.63, 974
435.297, 973
454.077, 972
474.001, 971
488.704, 970
497.068, 968
504.991, 967
513.236, 966
534.987, 965
543.504, 964
552.314, 963
561.341, 962
570.282, 961
588.985, 960
598.473, 958
635.537, 957
663.842, 956
674.748, 955
695.521, 953
706.59, 951
749.221, 950
761.488, 949
794.437, 948
807.058, 947
831.484, 945
844.538, 944
858.577, 943
884.694, 941
899.267, 939
991.451, 938
1007.898, 936
1024.73, 935
1042.531, 934
1133.785, 933
