0.190,1006
0.190,1005
0.190,1004
0.191,1003
0.191,1002
0.191,1001
0.191,1000
0.191,999
0.191,998
0.191,997
0.191,996
0.191,995
0.191,994
0.191,993
0.191,992
0.191,991
0.191,990
0.191,989
0.191,988
0.191,987
0.191,986
0.191,985
0.191,984
0.191,983
0.191,982
0.191,981
0.191,980
0.191,979
0.192,978
0.192,977
0.192,976
0.192,975
0.192,974
0.192,973
0.192,972
0.192,971
0.192,970
0.192,969
0.192,968
0.192,967
0.192,966
0.192,965
0.192,964
0.192,963
0.192,962
0.192,961
0.192,960
0.192,959
0.192,958
0.192,957
0.192,956
0.192,955
0.192,954
0.192,953
0.193,952
0.193,951
0.193,950
0.193,949
0.193,948
0.193,947
0.193,946
0.193,945
0.193,944
0.193,943
0.193,942
0.193,941
0.193,940
0.193,939
0.193,938
0.193,937
0.193,936
0.193,935
0.193,934
0.194,933
0.194,932
0.194,931
0.194,930
0.194,929
0.194,928
0.194,927
0.194,926
0.194,925
0.194,924
0.194,923
0.194,922
0.194,921
0.194,920
0.194,919
0.194,918
0.194,917
0.194,916
0.194,915
0.195,914
0.195,913
0.195,912
0.195,911
0.195,910
0.195,909
0.195,908
0.195,907
0.195,906
0.195,905
0.195,904
0.195,903
0.195,902
0.195,901
0.195,900
0.195,899
0.195,898
0.195,897
0.195,896
0.195,895
0.195,894
0.195,893
0.196,892
0.196,891
0.196,890
0.196,889
0.196,888
0.196,887
0.196,886
0.196,885
0.196,884
0.196,883
0.196,882
0.196,881
0.196,880
0.196,879
0.196,878
0.196,877
0.197,876
0.197,875
0.197,874
0.197,873
0.197,872
0.197,871
0.197,870
0.197,869
0.197,868
0.197,867
0.197,866
0.197,865
0.197,864
0.197,863
0.198,862
0.198,861
0.198,860
0.198,859
0.198,858
0.198,857
0.198,856
0.198,855
0.198,854
0.198,853
0.198,852
0.198,851
0.199,850
0.199,849
0.199,848
0.199,847
0.199,846
0.199,845
0.199,844
0.199,843
0.199,842
0.199,841
0.199,840
0.199,839
0.200,838
0.200,837
0.200,836
0.200,835
0.200,834
0.200,833
0.200,832
0.200,831
0.200,830
0.200,829
0.201,828
0.201,827
0.201,826
0.201,825
0.201,824
0.201,823
0.201,822
0.201,821
0.201,820
0.201,819
0.202,818
0.202,817
0.202,816
0.202,815
0.202,814
0.202,813
0.203,812
0.203,811
0.203,810
0.204,809
0.204,808
0.204,807
0.204,806
0.204,805
0.205,804
0.205,803
0.205,802
0.206,801
0.206,800
0.206,799
0.206,798
0.206,797
0.207,796
0.207,795
0.207,794
0.207,793
0.207,792
0.207,791
0.207,790
0.207,789
0.207,788
0.208,787
0.208,786
0.208,785
0.209,784
0.209,783
0.209,782
0.209,781
0.209,780
0.210,779
0.210,778
0.210,777
0.212,776
0.217,775
0.218,774
0.218,773
0.219,772
0.219,771
0.219,770
0.220,769
0.223,768
0.224,767
0.224,766
0.237,765
0.242,764
