0.146,1006
0.146,1005
0.146,1004
0.146,1003
0.146,1002
0.147,1001
0.147,1000
0.147,999
0.147,998
0.147,997
0.147,996
0.147,995
0.148,994
0.148,993
0.148,992
0.148,991
0.148,990
0.148,989
0.148,988
0.151,987
0.152,986
0.152,985
0.152,984
0.152,983
0.152,982
0.152,981
0.152,980
0.152,979
0.152,978
0.152,977
0.152,976
0.152,975
0.152,974
0.152,973
0.152,972
0.152,971
0.152,970
0.152,969
0.152,968
0.152,967
0.152,966
0.152,965
0.152,964
0.152,963
0.152,962
0.152,961
0.152,960
0.152,959
0.152,958
0.152,957
0.152,956
0.152,955
0.152,954
0.152,953
0.152,952
0.152,951
0.152,950
0.152,949
0.152,948
0.152,947
0.152,946
0.152,945
0.152,944
0.152,943
0.152,942
0.152,941
0.152,940
0.152,939
0.152,938
0.152,937
0.152,936
0.152,935
0.152,934
0.152,933
0.152,932
0.152,931
0.152,930
0.152,929
0.152,928
0.152,927
0.152,926
0.152,925
0.152,924
0.152,923
0.152,922
0.152,921
0.152,920
0.152,919
0.152,918
0.152,917
0.152,916
0.152,915
0.152,914
0.152,913
0.152,912
0.152,911
0.152,910
0.152,909
0.152,908
0.152,907
0.152,906
0.152,905
0.152,904
0.152,903
0.152,902
0.152,901
0.152,900
0.152,899
0.152,898
0.152,897
0.152,896
0.152,895
0.152,894
0.152,893
0.152,892
0.152,891
0.152,890
0.152,889
0.152,888
0.152,887
0.152,886
0.152,885
0.152,884
0.152,883
0.152,882
0.152,881
0.152,880
0.152,879
0.152,878
0.152,877
0.167,876
0.167,875
0.167,874
0.167,873
0.168,872
0.168,871
0.168,870
0.168,869
0.168,868
0.168,867
0.168,866
0.168,865
0.168,864
0.168,863
0.169,862
0.169,861
0.169,860
0.169,859
0.169,858
0.169,857
0.169,856
0.172,855
0.172,854
0.172,853
0.172,852
0.172,851
0.172,850
0.172,849
0.172,848
0.172,847
0.172,846
0.172,845
0.172,844
0.172,843
0.172,842
0.172,841
0.172,840
0.172,839
0.172,838
0.172,837
0.187,836
0.187,835
0.187,834
0.187,833
0.188,832
0.188,831
0.188,830
0.188,829
0.188,828
0.188,827
0.189,826
0.189,825
0.189,824
0.189,823
0.189,822
0.189,821
0.190,820
0.190,819
0.190,818
0.191,817
0.191,816
0.191,815
0.191,814
0.192,813
0.192,812
0.192,811
0.192,810
0.193,809
0.193,808
0.193,807
0.194,806
0.194,805
0.198,804
0.198,803
0.199,802
0.199,801
0.200,800
0.200,799
0.200,798
0.201,797
0.202,796
0.202,795
0.202,794
0.202,793
0.202,792
0.202,791
0.202,790
0.202,789
0.202,788
0.202,787
0.205,786
0.205,785
0.205,784
0.206,783
0.206,782
0.206,781
0.207,780
0.208,779
0.208,778
0.209,777
0.209,776
0.211,775
0.212,774
0.212,773
0.212,772
0.241,771
0.242,770
0.243,769
