0.173,1006
0.173,1005
0.173,1004
0.173,1003
0.173,1002
0.173,1001
0.173,1000
0.189,999
0.189,998
0.190,997
0.190,996
0.191,995
0.191,994
0.191,993
0.192,992
0.192,991
0.193,990
0.193,989
0.193,988
0.193,987
0.193,986
0.193,985
0.193,984
0.193,983
0.193,982
0.193,981
0.193,980
0.193,979
0.193,978
0.193,977
0.193,976
0.193,975
0.193,974
0.193,973
0.193,972
0.193,971
0.193,970
0.193,969
0.193,968
0.193,967
0.193,966
0.193,965
0.193,964
0.193,963
0.193,962
0.193,961
0.193,960
0.193,959
0.193,958
0.193,957
0.193,956
0.193,955
0.193,954
0.193,953
0.193,952
0.193,951
0.193,950
0.193,949
0.193,948
0.193,947
0.193,946
0.193,945
0.193,944
0.193,943
0.209,942
0.209,941
0.209,940
0.209,939
0.209,938
0.209,937
0.209,936
0.210,935
0.210,934
0.210,933
0.210,932
0.210,931
0.210,930
0.210,929
0.210,928
0.211,927
0.211,926
0.211,925
0.211,924
0.211,923
0.211,922
0.211,921
0.212,920
0.212,919
0.212,918
0.212,917
0.212,916
0.212,915
0.212,914
0.212,913
0.213,912
0.213,911
0.213,910
0.213,909
0.213,908
0.213,907
0.213,906
0.213,905
0.213,904
0.214,903
0.214,902
0.214,901
0.214,900
0.214,899
0.214,898
0.214,897
0.214,896
0.214,895
0.214,894
0.214,893
0.215,892
0.215,891
0.215,890
0.215,889
0.215,888
0.215,887
0.215,886
0.215,885
0.215,884
0.216,883
0.216,882
0.217,881
0.217,880
0.217,879
0.217,878
0.217,877
0.217,876
0.218,875
0.218,874
0.218,873
0.218,872
0.218,871
0.218,870
0.218,869
0.218,868
0.218,867
0.219,866
0.219,865
0.219,864
0.219,863
0.219,862
0.219,861
0.219,860
0.220,859
0.220,858
0.220,857
0.220,856
0.221,855
0.221,854
0.221,853
0.221,852
0.221,851
0.221,850
0.221,849
0.221,848
0.222,847
0.222,846
0.222,845
0.222,844
0.222,843
0.222,842
0.222,841
0.222,840
0.223,839
0.223,838
0.223,837
0.223,836
0.223,835
0.224,834
0.224,833
0.224,832
0.224,831
0.224,830
0.224,829
0.224,828
0.224,827
0.224,826
0.224,825
0.224,824
0.224,823
0.224,822
0.224,821
0.224,820
0.224,819
0.224,818
0.224,817
0.224,816
0.224,815
0.224,814
0.224,813
0.224,812
0.224,811
0.224,810
0.224,809
0.224,808
0.224,807
0.224,806
0.224,805
0.224,804
0.224,803
0.224,802
0.224,801
0.224,800
0.224,799
0.224,798
0.224,797
0.224,796
0.224,795
0.224,794
0.224,793
0.224,792
0.224,791
0.224,790
0.224,789
0.224,788
0.224,787
0.224,786
0.224,785
0.224,784
0.224,783
0.224,782
0.239,781
0.240,780
0.242,779
0.243,778
0.243,777
0.243,776
0.243,775
0.243,774
0.243,773
0.243,772
