0.161,1006
0.162,1005
0.162,1004
0.162,1003
0.162,1002
0.162,1001
0.162,1000
0.162,999
0.162,998
0.162,997
0.162,996
0.162,995
0.162,994
0.162,993
0.162,992
0.162,991
0.162,990
0.162,989
0.162,988
0.162,987
0.162,986
0.162,985
0.162,984
0.162,983
0.163,982
0.163,981
0.163,980
0.163,979
0.163,978
0.163,977
0.163,976
0.163,975
0.163,974
0.163,973
0.163,972
0.163,971
0.163,970
0.163,969
0.163,968
0.163,967
0.165,966
0.165,965
0.165,964
0.165,963
0.165,962
0.165,961
0.165,960
0.165,959
0.165,958
0.165,957
0.165,956
0.166,955
0.166,954
0.166,953
0.166,952
0.166,951
0.166,950
0.166,949
0.166,948
0.166,947
0.166,946
0.166,945
0.166,944
0.166,943
0.167,942
0.167,941
0.167,940
0.167,939
0.167,938
0.167,937
0.167,936
0.167,935
0.167,934
0.167,933
0.167,932
0.167,931
0.167,930
0.167,929
0.167,928
0.167,927
0.167,926
0.167,925
0.168,924
0.168,923
0.168,922
0.168,921
0.168,920
0.168,919
0.168,918
0.168,917
0.168,916
0.168,915
0.168,914
0.168,913
0.168,912
0.168,911
0.168,910
0.168,909
0.168,908
0.168,907
0.168,906
0.168,905
0.168,904
0.168,903
0.168,902
0.168,901
0.168,900
0.168,899
0.168,898
0.168,897
0.169,896
0.169,895
0.169,894
0.169,893
0.169,892
0.169,891
0.169,890
0.169,889
0.169,888
0.169,887
0.169,886
0.169,885
0.169,884
0.169,883
0.169,882
0.169,881
0.169,880
0.169,879
0.169,878
0.169,877
0.169,876
0.169,875
0.169,874
0.169,873
0.169,872
0.169,871
0.170,870
0.170,869
0.170,868
0.170,867
0.170,866
0.170,865
0.170,864
0.170,863
0.170,862
0.170,861
0.170,860
0.170,859
0.170,858
0.171,857
0.171,856
0.171,855
0.171,854
0.171,853
0.171,852
0.171,851
0.171,850
0.172,849
0.172,848
0.172,847
0.172,846
0.172,845
0.172,844
0.172,843
0.173,842
0.173,841
0.173,840
0.173,839
0.173,838
0.173,837
0.173,836
0.173,835
0.173,834
0.173,833
0.173,832
0.173,831
0.174,830
0.174,829
0.174,828
0.174,827
0.174,826
0.174,825
0.174,824
0.174,823
0.174,822
0.174,821
0.175,820
0.175,819
0.175,818
0.175,817
0.175,816
0.175,815
0.175,814
0.175,813
0.176,812
0.176,811
0.176,810
0.176,809
0.176,808
0.176,807
0.177,806
0.177,805
0.177,804
0.177,803
0.178,802
0.178,801
0.178,800
0.178,799
0.178,798
0.179,797
0.179,796
0.180,795
0.180,794
0.180,793
0.180,792
0.181,791
0.181,790
0.181,789
0.181,788
0.182,787
0.182,786
0.182,785
0.183,784
0.183,783
0.184,782
0.184,781
0.184,780
0.184,779
0.184,778
0.184,777
0.184,776
0.184,775
0.184,774
0.184,773
0.202,772
0.204,771
