0.133,1006
0.133,1005
0.133,1004
0.133,1003
0.133,1002
0.133,1001
0.133,1000
0.133,999
0.133,998
0.133,997
0.133,996
0.133,995
0.133,994
0.133,993
0.133,992
0.133,991
0.133,990
0.133,989
0.133,988
0.133,987
0.133,986
0.134,985
0.134,984
0.134,983
0.134,982
0.134,981
0.134,980
0.134,979
0.134,978
0.134,977
0.134,976
0.134,975
0.134,974
0.134,973
0.134,972
0.134,971
0.134,970
0.134,969
0.134,968
0.134,967
0.134,966
0.134,965
0.134,964
0.134,963
0.134,962
0.134,961
0.134,960
0.134,959
0.134,958
0.134,957
0.134,956
0.134,955
0.134,954
0.134,953
0.134,952
0.134,951
0.134,950
0.134,949
0.134,948
0.134,947
0.134,946
0.134,945
0.134,944
0.134,943
0.134,942
0.134,941
0.134,940
0.134,939
0.134,938
0.134,937
0.135,936
0.135,935
0.135,934
0.135,933
0.135,932
0.135,931
0.135,930
0.135,929
0.135,928
0.135,927
0.135,926
0.135,925
0.135,924
0.135,923
0.135,922
0.135,921
0.135,920
0.135,919
0.135,918
0.135,917
0.135,916
0.135,915
0.135,914
0.135,913
0.135,912
0.135,911
0.135,910
0.135,909
0.135,908
0.135,907
0.135,906
0.135,905
0.135,904
0.135,903
0.135,902
0.135,901
0.136,900
0.136,899
0.136,898
0.136,897
0.136,896
0.136,895
0.136,894
0.136,893
0.136,892
0.136,891
0.136,890
0.136,889
0.136,888
0.136,887
0.136,886
0.136,885
0.136,884
0.136,883
0.136,882
0.136,881
0.136,880
0.137,879
0.137,878
0.137,877
0.137,876
0.137,875
0.137,874
0.137,873
0.137,872
0.137,871
0.137,870
0.137,869
0.137,868
0.137,867
0.137,866
0.137,865
0.137,864
0.137,863
0.137,862
0.137,861
0.137,860
0.137,859
0.137,858
0.137,857
0.137,856
0.137,855
0.137,854
0.137,853
0.137,852
0.137,851
0.137,850
0.137,849
0.137,848
0.137,847
0.137,846
0.137,845
0.137,844
0.137,843
0.137,842
0.137,841
0.137,840
0.137,839
0.137,838
0.137,837
0.137,836
0.137,835
0.137,834
0.137,833
0.137,832
0.137,831
0.137,830
0.137,829
0.137,828
0.137,827
0.137,826
0.137,825
0.137,824
0.137,823
0.137,822
0.137,821
0.137,820
0.137,819
0.137,818
0.137,817
0.137,816
0.137,815
0.137,814
0.137,813
0.137,812
0.137,811
0.137,810
0.137,809
0.137,808
0.137,807
0.137,806
0.137,805
0.137,804
0.137,803
0.137,802
0.137,801
0.137,800
0.137,799
0.137,798
0.137,797
0.137,796
0.137,795
0.137,794
0.137,793
0.137,792
0.137,791
0.137,790
0.137,789
0.137,788
0.137,787
0.137,786
0.137,785
0.137,784
0.137,783
0.137,782
0.137,781
0.137,780
0.137,779
0.137,778
0.137,777
0.137,776
0.137,775
0.137,774
0.137,773
0.137,772
0.137,771
0.137,770
0.137,769
0.137,768
0.137,767
0.137,766
0.155,765
