0.158,1006
0.159,1005
0.159,1004
0.159,1003
0.159,1002
0.159,1001
0.159,1000
0.159,999
0.159,998
0.159,997
0.159,996
0.159,995
0.159,994
0.159,993
0.159,992
0.159,991
0.159,990
0.159,989
0.159,988
0.159,987
0.159,986
0.159,985
0.159,984
0.159,983
0.159,982
0.160,981
0.160,980
0.160,979
0.160,978
0.160,977
0.160,976
0.160,975
0.160,974
0.160,973
0.160,972
0.160,971
0.160,970
0.160,969
0.160,968
0.160,967
0.160,966
0.160,965
0.160,964
0.160,963
0.160,962
0.160,961
0.160,960
0.160,959
0.160,958
0.161,957
0.161,956
0.161,955
0.161,954
0.161,953
0.161,952
0.161,951
0.161,950
0.161,949
0.161,948
0.161,947
0.161,946
0.161,945
0.161,944
0.161,943
0.161,942
0.161,941
0.161,940
0.161,939
0.161,938
0.161,937
0.161,936
0.161,935
0.161,934
0.161,933
0.161,932
0.161,931
0.161,930
0.161,929
0.161,928
0.161,927
0.161,926
0.161,925
0.162,924
0.162,923
0.162,922
0.162,921
0.162,920
0.162,919
0.162,918
0.162,917
0.162,916
0.162,915
0.162,914
0.162,913
0.162,912
0.162,911
0.162,910
0.162,909
0.162,908
0.162,907
0.162,906
0.162,905
0.162,904
0.162,903
0.162,902
0.162,901
0.162,900
0.162,899
0.162,898
0.162,897
0.162,896
0.162,895
0.162,894
0.162,893
0.162,892
0.162,891
0.162,890
0.162,889
0.162,888
0.162,887
0.162,886
0.162,885
0.162,884
0.162,883
0.162,882
0.162,881
0.162,880
0.162,879
0.162,878
0.162,877
0.162,876
0.162,875
0.162,874
0.162,873
0.162,872
0.162,871
0.162,870
0.162,869
0.162,868
0.162,867
0.162,866
0.162,865
0.162,864
0.162,863
0.162,862
0.162,861
0.162,860
0.162,859
0.162,858
0.162,857
0.162,856
0.162,855
0.162,854
0.162,853
0.162,852
0.162,851
0.162,850
0.162,849
0.162,848
0.162,847
0.162,846
0.162,845
0.162,844
0.162,843
0.162,842
0.162,841
0.162,840
0.162,839
0.162,838
0.162,837
0.162,836
0.162,835
0.162,834
0.162,833
0.162,832
0.162,831
0.162,830
0.162,829
0.162,828
0.162,827
0.162,826
0.162,825
0.162,824
0.162,823
0.162,822
0.162,821
0.162,820
0.162,819
0.162,818
0.162,817
0.162,816
0.162,815
0.162,814
0.162,813
0.162,812
0.162,811
0.162,810
0.162,809
0.162,808
0.162,807
0.162,806
0.162,805
0.162,804
0.162,803
0.162,802
0.162,801
0.162,800
0.162,799
0.162,798
0.162,797
0.162,796
0.162,795
0.162,794
0.162,793
0.162,792
0.162,791
0.162,790
0.162,789
0.162,788
0.162,787
0.162,786
0.162,785
0.162,784
0.162,783
0.162,782
0.162,781
0.162,780
0.162,779
0.162,778
0.162,777
0.162,776
0.162,775
0.162,774
0.162,773
0.162,772
0.162,771
0.162,770
0.162,769
0.162,768
0.162,767
0.178,766
0.179,765
0.179,764
