0.130,1006
0.130,1005
0.130,1004
0.130,1003
0.130,1002
0.130,1001
0.130,1000
0.130,999
0.130,998
0.130,997
0.130,996
0.130,995
0.130,994
0.130,993
0.130,992
0.130,991
0.130,990
0.130,989
0.130,988
0.130,987
0.130,986
0.130,985
0.130,984
0.130,983
0.130,982
0.130,981
0.130,980
0.130,979
0.130,978
0.130,977
0.130,976
0.130,975
0.130,974
0.130,973
0.130,972
0.130,971
0.130,970
0.130,969
0.130,968
0.130,967
0.130,966
0.130,965
0.130,964
0.130,963
0.130,962
0.130,961
0.131,960
0.131,959
0.131,958
0.131,957
0.131,956
0.131,955
0.131,954
0.131,953
0.131,952
0.131,951
0.131,950
0.131,949
0.131,948
0.131,947
0.131,946
0.131,945
0.131,944
0.131,943
0.131,942
0.131,941
0.131,940
0.131,939
0.131,938
0.131,937
0.131,936
0.131,935
0.131,934
0.131,933
0.131,932
0.131,931
0.131,930
0.131,929
0.132,928
0.132,927
0.132,926
0.132,925
0.132,924
0.132,923
0.132,922
0.132,921
0.132,920
0.132,919
0.132,918
0.132,917
0.132,916
0.132,915
0.132,914
0.132,913
0.132,912
0.132,911
0.132,910
0.132,909
0.132,908
0.132,907
0.132,906
0.132,905
0.132,904
0.132,903
0.132,902
0.132,901
0.132,900
0.132,899
0.132,898
0.132,897
0.132,896
0.132,895
0.132,894
0.132,893
0.132,892
0.132,891
0.132,890
0.132,889
0.132,888
0.132,887
0.132,886
0.132,885
0.132,884
0.132,883
0.132,882
0.132,881
0.132,880
0.132,879
0.132,878
0.132,877
0.132,876
0.132,875
0.132,874
0.132,873
0.132,872
0.132,871
0.132,870
0.132,869
0.132,868
0.132,867
0.132,866
0.132,865
0.132,864
0.132,863
0.132,862
0.132,861
0.132,860
0.132,859
0.132,858
0.132,857
0.132,856
0.132,855
0.132,854
0.132,853
0.132,852
0.132,851
0.132,850
0.132,849
0.132,848
0.132,847
0.132,846
0.132,845
0.132,844
0.132,843
0.132,842
0.132,841
0.132,840
0.132,839
0.132,838
0.132,837
0.132,836
0.132,835
0.132,834
0.132,833
0.132,832
0.132,831
0.132,830
0.132,829
0.132,828
0.132,827
0.132,826
0.132,825
0.132,824
0.132,823
0.132,822
0.132,821
0.132,820
0.132,819
0.132,818
0.132,817
0.132,816
0.132,815
0.132,814
0.132,813
0.132,812
0.132,811
0.132,810
0.132,809
0.132,808
0.132,807
0.132,806
0.132,805
0.132,804
0.132,803
0.132,802
0.132,801
0.132,800
0.132,799
0.132,798
0.132,797
0.132,796
0.132,795
0.132,794
0.132,793
0.132,792
0.132,791
0.132,790
0.132,789
0.132,788
0.132,787
0.150,786
0.150,785
0.151,784
0.151,783
0.152,782
0.153,781
0.155,780
0.156,779
0.156,778
0.156,777
0.156,776
0.160,775
0.162,774
