0.133,1006
0.133,1005
0.133,1004
0.133,1003
0.133,1002
0.133,1001
0.133,1000
0.133,999
0.133,998
0.133,997
0.133,996
0.133,995
0.133,994
0.133,993
0.133,992
0.133,991
0.133,990
0.133,989
0.133,988
0.133,987
0.133,986
0.133,985
0.133,984
0.133,983
0.133,982
0.133,981
0.133,980
0.133,979
0.133,978
0.133,977
0.133,976
0.133,975
0.133,974
0.133,973
0.133,972
0.133,971
0.133,970
0.133,969
0.133,968
0.133,967
0.133,966
0.133,965
0.133,964
0.133,963
0.133,962
0.133,961
0.133,960
0.133,959
0.133,958
0.133,957
0.133,956
0.133,955
0.133,954
0.133,953
0.133,952
0.133,951
0.133,950
0.133,949
0.133,948
0.133,947
0.133,946
0.133,945
0.133,944
0.133,943
0.133,942
0.133,941
0.133,940
0.133,939
0.133,938
0.133,937
0.133,936
0.133,935
0.133,934
0.133,933
0.133,932
0.133,931
0.133,930
0.133,929
0.133,928
0.133,927
0.133,926
0.133,925
0.133,924
0.133,923
0.133,922
0.133,921
0.133,920
0.133,919
0.133,918
0.133,917
0.133,916
0.133,915
0.133,914
0.133,913
0.133,912
0.133,911
0.133,910
0.133,909
0.133,908
0.133,907
0.133,906
0.133,905
0.133,904
0.133,903
0.133,902
0.133,901
0.133,900
0.133,899
0.133,898
0.133,897
0.133,896
0.133,895
0.133,894
0.133,893
0.133,892
0.133,891
0.133,890
0.133,889
0.133,888
0.133,887
0.133,886
0.133,885
0.133,884
0.133,883
0.133,882
0.133,881
0.133,880
0.133,879
0.133,878
0.133,877
0.133,876
0.133,875
0.133,874
0.133,873
0.133,872
0.133,871
0.133,870
0.133,869
0.133,868
0.133,867
0.133,866
0.133,865
0.133,864
0.133,863
0.133,862
0.133,861
0.133,860
0.133,859
0.133,858
0.133,857
0.133,856
0.133,855
0.133,854
0.133,853
0.133,852
0.133,851
0.133,850
0.133,849
0.133,848
0.133,847
0.133,846
0.133,845
0.133,844
0.133,843
0.133,842
0.133,841
0.133,840
0.133,839
0.133,838
0.133,837
0.133,836
0.133,835
0.133,834
0.133,833
0.133,832
0.133,831
0.133,830
0.133,829
0.133,828
0.133,827
0.133,826
0.133,825
0.133,824
0.133,823
0.133,822
0.133,821
0.133,820
0.133,819
0.133,818
0.133,817
0.133,816
0.133,815
0.133,814
0.133,813
0.133,812
0.133,811
0.133,810
0.133,809
0.133,808
0.133,807
0.133,806
0.133,805
0.133,804
0.133,803
0.133,802
0.133,801
0.133,800
0.133,799
0.133,798
0.133,797
0.133,796
0.133,795
0.133,794
0.133,793
0.133,792
0.133,791
0.133,790
0.133,789
0.133,788
0.133,787
0.133,786
0.133,785
0.133,784
0.133,783
0.133,782
0.148,781
0.148,780
0.148,779
0.149,778
0.149,777
0.150,776
0.150,775
0.151,774
0.151,773
0.155,772
