0.151,1006
0.151,1005
0.151,1004
0.151,1003
0.151,1002
0.151,1001
0.151,1000
0.151,999
0.151,998
0.151,997
0.151,996
0.151,995
0.151,994
0.151,993
0.151,992
0.151,991
0.151,990
0.151,989
0.151,988
0.151,987
0.151,986
0.151,985
0.151,984
0.152,983
0.152,982
0.152,981
0.152,980
0.152,979
0.152,978
0.152,977
0.152,976
0.152,975
0.152,974
0.152,973
0.152,972
0.152,971
0.152,970
0.152,969
0.152,968
0.152,967
0.152,966
0.152,965
0.152,964
0.152,963
0.152,962
0.152,961
0.152,960
0.152,959
0.152,958
0.152,957
0.152,956
0.152,955
0.152,954
0.152,953
0.152,952
0.153,951
0.153,950
0.153,949
0.153,948
0.153,947
0.153,946
0.153,945
0.153,944
0.153,943
0.153,942
0.153,941
0.153,940
0.153,939
0.153,938
0.153,937
0.153,936
0.153,935
0.153,934
0.153,933
0.153,932
0.153,931
0.153,930
0.153,929
0.153,928
0.154,927
0.154,926
0.154,925
0.154,924
0.154,923
0.154,922
0.154,921
0.154,920
0.154,919
0.154,918
0.154,917
0.154,916
0.154,915
0.154,914
0.154,913
0.154,912
0.154,911
0.154,910
0.155,909
0.155,908
0.155,907
0.155,906
0.155,905
0.155,904
0.155,903
0.155,902
0.155,901
0.155,900
0.155,899
0.155,898
0.155,897
0.155,896
0.155,895
0.155,894
0.155,893
0.155,892
0.155,891
0.155,890
0.155,889
0.156,888
0.156,887
0.156,886
0.156,885
0.156,884
0.156,883
0.156,882
0.156,881
0.156,880
0.156,879
0.156,878
0.156,877
0.156,876
0.156,875
0.157,874
0.157,873
0.157,872
0.157,871
0.157,870
0.157,869
0.157,868
0.157,867
0.157,866
0.157,865
0.158,864
0.158,863
0.158,862
0.158,861
0.158,860
0.158,859
0.158,858
0.158,857
0.158,856
0.158,855
0.158,854
0.158,853
0.159,852
0.159,851
0.159,850
0.159,849
0.159,848
0.159,847
0.159,846
0.159,845
0.159,844
0.159,843
0.159,842
0.159,841
0.160,840
0.160,839
0.160,838
0.160,837
0.160,836
0.160,835
0.160,834
0.160,833
0.160,832
0.160,831
0.160,830
0.160,829
0.160,828
0.160,827
0.160,826
0.161,825
0.161,824
0.161,823
0.161,822
0.161,821
0.161,820
0.161,819
0.161,818
0.161,817
0.162,816
0.162,815
0.162,814
0.162,813
0.162,812
0.162,811
0.162,810
0.162,809
0.162,808
0.162,807
0.162,806
0.162,805
0.162,804
0.162,803
0.162,802
0.162,801
0.162,800
0.162,799
0.162,798
0.162,797
0.162,796
0.162,795
0.162,794
0.162,793
0.162,792
0.162,791
0.162,790
0.162,789
0.162,788
0.162,787
0.162,786
0.162,785
0.162,784
0.162,783
0.162,782
0.162,781
0.162,780
0.162,779
0.162,778
0.162,777
0.162,776
0.162,775
0.162,774
0.162,773
0.162,772
0.162,771
0.162,770
0.162,769
0.162,768
0.162,767
0.162,766
0.162,765
0.162,764
0.162,763
0.181,762
0.182,761
