0.111,1006
0.111,1005
0.111,1004
0.111,1003
0.111,1002
0.111,1001
0.111,1000
0.111,999
0.111,998
0.111,997
0.111,996
0.111,995
0.111,994
0.111,993
0.111,992
0.111,991
0.111,990
0.111,989
0.111,988
0.111,987
0.111,986
0.111,985
0.111,984
0.111,983
0.111,982
0.111,981
0.111,980
0.111,979
0.111,978
0.111,977
0.111,976
0.111,975
0.111,974
0.111,973
0.111,972
0.111,971
0.111,970
0.111,969
0.111,968
0.111,967
0.111,966
0.111,965
0.111,964
0.111,963
0.111,962
0.111,961
0.111,960
0.111,959
0.111,958
0.111,957
0.111,956
0.111,955
0.111,954
0.111,953
0.111,952
0.111,951
0.111,950
0.111,949
0.111,948
0.111,947
0.111,946
0.111,945
0.111,944
0.111,943
0.111,942
0.111,941
0.111,940
0.111,939
0.111,938
0.111,937
0.111,936
0.111,935
0.111,934
0.111,933
0.111,932
0.111,931
0.111,930
0.111,929
0.111,928
0.111,927
0.111,926
0.111,925
0.111,924
0.111,923
0.111,922
0.111,921
0.111,920
0.111,919
0.111,918
0.111,917
0.111,916
0.111,915
0.111,914
0.111,913
0.111,912
0.111,911
0.111,910
0.111,909
0.111,908
0.111,907
0.111,906
0.111,905
0.111,904
0.111,903
0.111,902
0.111,901
0.111,900
0.111,899
0.111,898
0.111,897
0.111,896
0.111,895
0.111,894
0.111,893
0.111,892
0.111,891
0.111,890
0.111,889
0.111,888
0.111,887
0.111,886
0.111,885
0.111,884
0.111,883
0.111,882
0.111,881
0.111,880
0.111,879
0.111,878
0.111,877
0.111,876
0.111,875
0.111,874
0.111,873
0.111,872
0.111,871
0.111,870
0.111,869
0.111,868
0.111,867
0.111,866
0.111,865
0.111,864
0.111,863
0.111,862
0.111,861
0.111,860
0.111,859
0.111,858
0.111,857
0.111,856
0.111,855
0.111,854
0.111,853
0.111,852
0.111,851
0.111,850
0.111,849
0.111,848
0.111,847
0.111,846
0.111,845
0.111,844
0.111,843
0.111,842
0.111,841
0.111,840
0.111,839
0.111,838
0.111,837
0.111,836
0.111,835
0.111,834
0.111,833
0.111,832
0.111,831
0.111,830
0.111,829
0.111,828
0.111,827
0.111,826
0.111,825
0.111,824
0.127,823
0.127,822
0.127,821
0.128,820
0.128,819
0.128,818
0.128,817
0.128,816
0.128,815
0.128,814
0.128,813
0.128,812
0.128,811
0.128,810
0.128,809
0.129,808
0.129,807
0.129,806
0.129,805
0.129,804
0.129,803
0.129,802
0.129,801
0.129,800
0.129,799
0.130,798
0.130,797
0.130,796
0.130,795
0.130,794
0.130,793
0.131,792
0.131,791
0.131,790
0.132,789
0.132,788
0.132,787
0.132,786
0.132,785
0.132,784
0.132,783
0.132,782
0.132,781
0.132,780
0.132,779
0.132,778
0.132,777
0.132,776
0.132,775
0.132,774
0.132,773
0.132,772
0.132,771
0.149,770
