0.361,960
0.361,959
0.361,958
0.361,957
0.361,956
0.361,955
0.361,954
0.361,953
0.361,952
0.361,951
0.361,950
0.361,949
0.361,948
0.361,947
0.362,946
0.362,945
0.362,944
0.362,943
0.362,942
0.362,941
0.362,940
0.362,939
0.362,938
0.362,937
0.362,936
0.362,935
0.362,934
0.362,933
0.362,932
0.362,931
0.362,930
0.362,929
0.362,928
0.362,927
0.362,926
0.362,925
0.362,924
0.362,923
0.362,922
0.362,921
0.362,920
0.362,919
0.362,918
0.362,917
0.362,916
0.362,915
0.362,914
0.363,913
0.363,912
0.363,911
0.363,910
0.363,909
0.363,908
0.363,907
0.363,906
0.363,905
0.363,904
0.363,903
0.363,902
0.363,901
0.363,900
0.363,899
0.363,898
0.363,897
0.363,896
0.363,895
0.363,894
0.363,893
0.363,892
0.363,891
0.363,890
0.363,889
0.363,888
0.363,887
0.363,886
0.363,885
0.363,884
0.363,883
0.364,882
0.364,881
0.364,880
0.364,879
0.364,878
0.364,877
0.364,876
0.364,875
0.364,874
0.364,873
0.364,872
0.364,871
0.364,870
0.364,869
0.364,868
0.364,867
0.364,866
0.364,865
0.364,864
0.364,863
0.364,862
0.364,861
0.364,860
0.364,859
0.364,858
0.364,857
0.364,856
0.364,855
0.364,854
0.365,853
0.365,852
0.365,851
0.365,850
0.365,849
0.365,848
0.365,847
0.365,846
0.365,845
0.365,844
0.365,843
0.365,842
0.365,841
0.365,840
0.365,839
0.365,838
0.365,837
0.365,836
0.365,835
0.365,834
0.365,833
0.365,832
0.365,831
0.365,830
0.365,829
0.365,828
0.365,827
0.365,826
0.365,825
0.366,824
0.366,823
0.366,822
0.366,821
0.366,820
0.366,819
0.366,818
0.366,817
0.366,816
0.366,815
0.366,814
0.366,813
0.366,812
0.366,811
0.366,810
0.366,809
0.366,808
0.366,807
0.366,806
0.366,805
0.366,804
0.366,803
0.366,802
0.366,801
0.366,800
0.366,799
0.366,798
0.366,797
0.366,796
0.366,795
0.366,794
0.366,793
0.366,792
0.366,791
0.366,790
0.366,789
0.366,788
0.366,787
0.366,786
0.366,785
0.366,784
0.366,783
0.366,782
0.366,781
0.366,780
0.366,779
0.366,778
0.366,777
0.366,776
0.366,775
0.366,774
0.366,773
0.366,772
0.366,771
0.366,770
0.366,769
0.366,768
0.366,767
0.366,766
0.366,765
0.366,764
0.366,763
0.366,762
0.366,761
0.366,760
0.366,759
0.366,758
0.366,757
0.366,756
0.366,755
0.366,754
0.366,753
0.366,752
0.366,751
0.366,750
0.366,749
0.366,748
0.366,747
0.366,746
0.366,745
0.366,744
0.366,743
0.366,742
0.366,741
0.366,740
0.366,739
0.366,738
0.366,737
0.366,736
0.366,735
0.366,734
0.366,733
0.366,732
0.366,731
0.366,730
0.366,729
0.366,728
0.366,727
0.366,726
0.366,725
0.366,724
0.366,723
0.366,722
0.366,721
0.366,720
0.366,719
0.366,718
0.366,717
0.366,716
0.366,715
0.366,714
0.366,713
0.366,712
0.366,711
0.366,710
0.366,709
0.366,708
0.366,707
0.366,706
0.366,705
0.366,704
0.366,703
0.366,702
0.366,701
0.366,700
0.366,699
0.366,698
0.366,697
0.366,696
0.366,695
0.366,694
0.366,693
0.366,692
0.366,691
0.366,690
0.366,689
0.366,688
0.366,687
0.366,686
0.366,685
0.366,684
0.366,683
0.366,682
0.366,681
0.366,680
0.366,679
0.366,678
0.366,677
0.366,676
0.366,675
0.366,674
0.366,673
0.366,672
0.366,671
0.366,670
0.366,669
0.366,668
0.366,667
0.366,666
0.366,665
0.366,664
0.383,663
0.384,662
0.386,661
0.386,660
0.386,659
