0.800,960
0.800,959
0.800,958
0.800,957
0.800,956
0.800,955
0.800,954
0.800,953
0.800,952
0.800,951
0.800,950
0.800,949
0.800,948
0.800,947
0.800,946
0.800,945
0.800,944
0.800,943
0.800,942
0.800,941
0.800,940
0.800,939
0.800,938
0.800,937
0.800,936
0.800,935
0.800,934
0.800,933
0.800,932
0.800,931
0.800,930
0.800,929
0.800,928
0.800,927
0.800,926
0.800,925
0.800,924
0.800,923
0.800,922
0.800,921
0.800,920
0.800,919
0.800,918
0.800,917
0.800,916
0.800,915
0.800,914
0.800,913
0.800,912
0.816,911
0.816,910
0.816,909
0.816,908
0.816,907
0.816,906
0.816,905
0.816,904
0.816,903
0.816,902
0.816,901
0.816,900
0.816,899
0.816,898
0.816,897
0.817,896
0.817,895
0.817,894
0.817,893
0.817,892
0.817,891
0.817,890
0.817,889
0.817,888
0.817,887
0.817,886
0.817,885
0.817,884
0.817,883
0.817,882
0.817,881
0.817,880
0.817,879
0.818,878
0.818,877
0.818,876
0.818,875
0.818,874
0.818,873
0.818,872
0.818,871
0.818,870
0.818,869
0.818,868
0.818,867
0.818,866
0.818,865
0.818,864
0.818,863
0.819,862
0.819,861
0.819,860
0.819,859
0.819,858
0.819,857
0.819,856
0.819,855
0.819,854
0.819,853
0.819,852
0.819,851
0.819,850
0.819,849
0.820,848
0.820,847
0.820,846
0.820,845
0.820,844
0.820,843
0.820,842
0.820,841
0.820,840
0.820,839
0.820,838
0.820,837
0.820,836
0.820,835
0.820,834
0.820,833
0.820,832
0.820,831
0.820,830
0.820,829
0.820,828
0.820,827
0.820,826
0.820,825
0.820,824
0.820,823
0.820,822
0.820,821
0.820,820
0.820,819
0.820,818
0.820,817
0.820,816
0.820,815
0.820,814
0.820,813
0.820,812
0.820,811
0.820,810
0.820,809
0.820,808
0.820,807
0.820,806
0.820,805
0.820,804
0.820,803
0.820,802
0.820,801
0.820,800
0.820,799
0.820,798
0.820,797
0.820,796
0.820,795
0.820,794
0.820,793
0.820,792
0.820,791
0.820,790
0.820,789
0.820,788
0.820,787
0.820,786
0.820,785
0.820,784
0.820,783
0.820,782
0.820,781
0.820,780
0.820,779
0.820,778
0.820,777
0.820,776
0.820,775
0.820,774
0.820,773
0.820,772
0.820,771
0.820,770
0.820,769
0.820,768
0.820,767
0.820,766
0.820,765
0.820,764
0.820,763
0.820,762
0.820,761
0.820,760
0.820,759
0.820,758
0.820,757
0.820,756
0.820,755
0.820,754
0.820,753
0.820,752
0.820,751
0.820,750
0.820,749
0.820,748
0.820,747
0.820,746
0.820,745
0.820,744
0.820,743
0.820,742
0.820,741
0.820,740
0.820,739
0.820,738
0.820,737
0.820,736
0.820,735
0.820,734
0.820,733
0.820,732
0.820,731
0.820,730
0.820,729
0.820,728
0.820,727
0.820,726
0.820,725
0.820,724
0.820,723
0.820,722
0.820,721
0.820,720
0.820,719
0.820,718
0.820,717
0.820,716
0.820,715
0.820,714
0.820,713
0.820,712
0.820,711
0.820,710
0.820,709
0.820,708
0.820,707
0.820,706
0.820,705
0.820,704
0.820,703
0.820,702
0.820,701
0.820,700
0.820,699
0.820,698
0.820,697
0.820,696
0.820,695
0.820,694
0.820,693
0.820,692
0.820,691
0.820,690
0.820,689
0.820,688
0.820,687
0.820,686
0.836,685
0.836,684
0.836,683
0.836,682
0.836,681
0.836,680
0.836,679
0.836,678
0.836,677
0.836,676
0.837,675
0.837,674
0.837,673
0.837,672
0.838,671
0.838,670
0.838,669
0.838,668
0.839,667
0.839,666
0.839,665
0.840,664
0.840,663
0.840,662
0.841,661
0.841,660
0.842,659
0.844,658
0.844,657
0.845,656
0.846,655
0.846,654
0.846,653
0.847,652
0.849,651
0.849,650
0.871,649
