0.426,960
0.426,959
0.426,958
0.426,957
0.426,956
0.426,955
0.426,954
0.426,953
0.426,952
0.426,951
0.426,950
0.426,949
0.426,948
0.426,947
0.426,946
0.426,945
0.426,944
0.426,943
0.426,942
0.426,941
0.426,940
0.426,939
0.426,938
0.426,937
0.426,936
0.426,935
0.426,934
0.426,933
0.426,932
0.426,931
0.426,930
0.426,929
0.426,928
0.426,927
0.426,926
0.426,925
0.426,924
0.426,923
0.426,922
0.426,921
0.426,920
0.426,919
0.426,918
0.426,917
0.426,916
0.426,915
0.426,914
0.426,913
0.426,912
0.426,911
0.426,910
0.426,909
0.426,908
0.426,907
0.426,906
0.426,905
0.426,904
0.426,903
0.426,902
0.426,901
0.426,900
0.426,899
0.426,898
0.426,897
0.426,896
0.426,895
0.426,894
0.426,893
0.426,892
0.426,891
0.426,890
0.426,889
0.426,888
0.426,887
0.426,886
0.426,885
0.426,884
0.426,883
0.426,882
0.426,881
0.426,880
0.426,879
0.426,878
0.426,877
0.426,876
0.426,875
0.426,874
0.426,873
0.426,872
0.426,871
0.426,870
0.426,869
0.426,868
0.426,867
0.426,866
0.426,865
0.426,864
0.426,863
0.426,862
0.426,861
0.426,860
0.426,859
0.426,858
0.426,857
0.426,856
0.426,855
0.426,854
0.426,853
0.426,852
0.426,851
0.426,850
0.426,849
0.426,848
0.426,847
0.426,846
0.426,845
0.426,844
0.426,843
0.426,842
0.426,841
0.426,840
0.426,839
0.426,838
0.426,837
0.426,836
0.426,835
0.426,834
0.426,833
0.426,832
0.426,831
0.426,830
0.426,829
0.426,828
0.426,827
0.426,826
0.426,825
0.426,824
0.426,823
0.426,822
0.426,821
0.426,820
0.426,819
0.426,818
0.426,817
0.426,816
0.426,815
0.426,814
0.426,813
0.426,812
0.426,811
0.426,810
0.426,809
0.426,808
0.426,807
0.426,806
0.426,805
0.426,804
0.426,803
0.426,802
0.426,801
0.426,800
0.426,799
0.426,798
0.426,797
0.426,796
0.426,795
0.426,794
0.426,793
0.426,792
0.426,791
0.426,790
0.426,789
0.426,788
0.426,787
0.426,786
0.426,785
0.426,784
0.426,783
0.426,782
0.426,781
0.426,780
0.426,779
0.426,778
0.426,777
0.426,776
0.426,775
0.426,774
0.426,773
0.426,772
0.426,771
0.426,770
0.426,769
0.426,768
0.426,767
0.426,766
0.426,765
0.426,764
0.442,763
0.442,762
0.442,761
0.442,760
0.442,759
0.442,758
0.442,757
0.443,756
0.443,755
0.443,754
0.443,753
0.443,752
0.443,751
0.443,750
0.443,749
0.443,748
0.443,747
0.443,746
0.443,745
0.444,744
0.444,743
0.444,742
0.444,741
0.444,740
0.444,739
0.444,738
0.444,737
0.444,736
0.444,735
0.445,734
0.445,733
0.445,732
0.445,731
0.445,730
0.445,729
0.445,728
0.445,727
0.445,726
0.446,725
0.446,724
0.446,723
0.446,722
0.446,721
0.446,720
0.446,719
0.446,718
0.446,717
0.446,716
0.446,715
0.446,714
0.446,713
0.446,712
0.446,711
0.446,710
0.446,709
0.446,708
0.446,707
0.446,706
0.446,705
0.446,704
0.446,703
0.446,702
0.446,701
0.446,700
0.446,699
0.446,698
0.446,697
0.446,696
0.446,695
0.446,694
0.446,693
0.446,692
0.446,691
0.446,690
0.446,689
0.446,688
0.446,687
0.446,686
0.446,685
0.446,684
0.446,683
0.446,682
0.446,681
0.446,680
0.446,679
0.446,678
0.446,677
0.446,676
0.446,675
0.446,674
0.446,673
0.446,672
0.446,671
0.446,670
0.446,669
0.446,668
0.446,667
0.446,666
0.446,665
0.446,664
0.446,663
0.446,662
0.446,661
0.446,660
0.446,659
0.446,658
0.446,657
0.446,656
0.446,655
0.446,654
0.446,653
0.446,652
0.446,651
0.446,650
0.446,649
0.462,648
0.462,647
