0.347,960
0.347,959
0.347,958
0.347,957
0.347,956
0.347,955
0.347,954
0.347,953
0.347,952
0.347,951
0.348,950
0.348,949
0.348,948
0.348,947
0.348,946
0.348,945
0.348,944
0.348,943
0.348,942
0.348,941
0.348,940
0.348,939
0.348,938
0.348,937
0.348,936
0.348,935
0.348,934
0.348,933
0.348,932
0.348,931
0.348,930
0.348,929
0.348,928
0.348,927
0.348,926
0.348,925
0.348,924
0.348,923
0.348,922
0.348,921
0.348,920
0.348,919
0.348,918
0.348,917
0.348,916
0.348,915
0.348,914
0.348,913
0.349,912
0.349,911
0.349,910
0.349,909
0.349,908
0.349,907
0.349,906
0.349,905
0.349,904
0.349,903
0.349,902
0.349,901
0.349,900
0.349,899
0.349,898
0.349,897
0.349,896
0.349,895
0.349,894
0.349,893
0.349,892
0.349,891
0.349,890
0.349,889
0.349,888
0.349,887
0.349,886
0.349,885
0.349,884
0.349,883
0.349,882
0.349,881
0.349,880
0.349,879
0.349,878
0.349,877
0.349,876
0.349,875
0.350,874
0.350,873
0.350,872
0.350,871
0.350,870
0.350,869
0.350,868
0.350,867
0.350,866
0.350,865
0.350,864
0.350,863
0.350,862
0.350,861
0.350,860
0.350,859
0.350,858
0.350,857
0.350,856
0.350,855
0.350,854
0.350,853
0.350,852
0.350,851
0.350,850
0.350,849
0.350,848
0.350,847
0.350,846
0.350,845
0.351,844
0.351,843
0.351,842
0.351,841
0.351,840
0.351,839
0.351,838
0.351,837
0.351,836
0.351,835
0.351,834
0.351,833
0.351,832
0.351,831
0.351,830
0.351,829
0.351,828
0.351,827
0.351,826
0.351,825
0.351,824
0.351,823
0.351,822
0.351,821
0.351,820
0.351,819
0.351,818
0.351,817
0.352,816
0.352,815
0.352,814
0.352,813
0.352,812
0.352,811
0.352,810
0.352,809
0.352,808
0.352,807
0.352,806
0.352,805
0.352,804
0.352,803
0.352,802
0.352,801
0.352,800
0.352,799
0.352,798
0.352,797
0.352,796
0.352,795
0.352,794
0.352,793
0.352,792
0.352,791
0.352,790
0.352,789
0.352,788
0.352,787
0.352,786
0.352,785
0.352,784
0.352,783
0.352,782
0.353,781
0.353,780
0.353,779
0.353,778
0.353,777
0.353,776
0.353,775
0.353,774
0.353,773
0.353,772
0.353,771
0.353,770
0.353,769
0.353,768
0.353,767
0.353,766
0.353,765
0.353,764
0.353,763
0.353,762
0.353,761
0.353,760
0.353,759
0.353,758
0.353,757
0.353,756
0.353,755
0.353,754
0.354,753
0.354,752
0.354,751
0.354,750
0.354,749
0.354,748
0.354,747
0.354,746
0.354,745
0.354,744
0.354,743
0.354,742
0.354,741
0.354,740
0.354,739
0.354,738
0.354,737
0.354,736
0.354,735
0.355,734
0.355,733
0.355,732
0.355,731
0.355,730
0.355,729
0.355,728
0.355,727
0.355,726
0.355,725
0.355,724
0.355,723
0.355,722
0.355,721
0.355,720
0.355,719
0.355,718
0.356,717
0.356,716
0.356,715
0.356,714
0.356,713
0.356,712
0.356,711
0.356,710
0.356,709
0.356,708
0.356,707
0.356,706
0.356,705
0.356,704
0.356,703
0.356,702
0.356,701
0.356,700
0.356,699
0.356,698
0.356,697
0.356,696
0.356,695
0.356,694
0.356,693
0.356,692
0.356,691
0.356,690
0.356,689
0.356,688
0.356,687
0.356,686
0.356,685
0.356,684
0.356,683
0.356,682
0.356,681
0.356,680
0.356,679
0.356,678
0.356,677
0.356,676
0.356,675
0.356,674
0.356,673
0.356,672
0.356,671
0.356,670
0.356,669
0.356,668
0.356,667
0.356,666
0.356,665
0.356,664
0.356,663
0.356,662
0.356,661
0.356,660
0.356,659
0.356,658
0.356,657
0.356,656
0.356,655
0.356,654
0.356,653
0.356,652
0.356,651
0.356,650
0.356,649
