0.380,960
0.380,959
0.380,958
0.380,957
0.380,956
0.380,955
0.380,954
0.380,953
0.380,952
0.380,951
0.380,950
0.380,949
0.380,948
0.380,947
0.380,946
0.380,945
0.380,944
0.380,943
0.380,942
0.380,941
0.380,940
0.380,939
0.380,938
0.380,937
0.380,936
0.380,935
0.380,934
0.380,933
0.380,932
0.380,931
0.380,930
0.380,929
0.380,928
0.380,927
0.380,926
0.380,925
0.380,924
0.380,923
0.380,922
0.380,921
0.380,920
0.380,919
0.380,918
0.380,917
0.380,916
0.380,915
0.380,914
0.380,913
0.380,912
0.380,911
0.380,910
0.380,909
0.380,908
0.380,907
0.380,906
0.380,905
0.380,904
0.380,903
0.380,902
0.380,901
0.380,900
0.380,899
0.380,898
0.380,897
0.380,896
0.380,895
0.380,894
0.380,893
0.380,892
0.380,891
0.380,890
0.380,889
0.380,888
0.380,887
0.380,886
0.380,885
0.380,884
0.380,883
0.380,882
0.380,881
0.380,880
0.380,879
0.380,878
0.380,877
0.380,876
0.380,875
0.380,874
0.380,873
0.380,872
0.380,871
0.380,870
0.380,869
0.380,868
0.380,867
0.380,866
0.380,865
0.380,864
0.380,863
0.380,862
0.380,861
0.380,860
0.380,859
0.380,858
0.380,857
0.380,856
0.380,855
0.380,854
0.380,853
0.380,852
0.380,851
0.380,850
0.380,849
0.380,848
0.380,847
0.380,846
0.380,845
0.380,844
0.396,843
0.396,842
0.396,841
0.396,840
0.396,839
0.396,838
0.396,837
0.396,836
0.396,835
0.396,834
0.396,833
0.396,832
0.396,831
0.396,830
0.396,829
0.396,828
0.396,827
0.396,826
0.396,825
0.396,824
0.396,823
0.396,822
0.396,821
0.396,820
0.396,819
0.396,818
0.396,817
0.397,816
0.397,815
0.397,814
0.397,813
0.397,812
0.397,811
0.397,810
0.397,809
0.397,808
0.397,807
0.397,806
0.397,805
0.397,804
0.397,803
0.397,802
0.397,801
0.397,800
0.397,799
0.397,798
0.397,797
0.397,796
0.397,795
0.397,794
0.397,793
0.397,792
0.397,791
0.397,790
0.397,789
0.397,788
0.397,787
0.397,786
0.397,785
0.397,784
0.398,783
0.398,782
0.398,781
0.398,780
0.398,779
0.398,778
0.398,777
0.398,776
0.398,775
0.398,774
0.398,773
0.398,772
0.398,771
0.398,770
0.398,769
0.398,768
0.398,767
0.398,766
0.398,765
0.398,764
0.398,763
0.398,762
0.398,761
0.398,760
0.398,759
0.398,758
0.399,757
0.399,756
0.399,755
0.399,754
0.399,753
0.399,752
0.399,751
0.399,750
0.399,749
0.399,748
0.399,747
0.399,746
0.399,745
0.399,744
0.399,743
0.399,742
0.399,741
0.399,740
0.399,739
0.399,738
0.400,737
0.400,736
0.400,735
0.400,734
0.400,733
0.400,732
0.400,731
0.400,730
0.400,729
0.400,728
0.400,727
0.400,726
0.400,725
0.400,724
0.400,723
0.400,722
0.401,721
0.401,720
0.401,719
0.401,718
0.401,717
0.401,716
0.401,715
0.401,714
0.401,713
0.401,712
0.401,711
0.401,710
0.401,709
0.401,708
0.402,707
0.402,706
0.402,705
0.402,704
0.402,703
0.402,702
0.402,701
0.402,700
0.402,699
0.403,698
0.403,697
0.403,696
0.403,695
0.403,694
0.403,693
0.403,692
0.403,691
0.403,690
0.403,689
0.404,688
0.404,687
0.404,686
0.404,685
0.404,684
0.404,683
0.404,682
0.404,681
0.405,680
0.405,679
0.405,678
0.405,677
0.405,676
0.406,675
0.406,674
0.406,673
0.407,672
0.408,671
0.409,670
0.409,669
0.409,668
0.409,667
0.409,666
0.410,665
0.410,664
0.410,663
0.410,662
0.411,661
0.411,660
0.411,659
0.411,658
0.411,657
