0.550,960
0.551,959
0.551,958
0.551,957
0.551,956
0.551,955
0.551,954
0.551,953
0.551,952
0.551,951
0.551,950
0.551,949
0.551,948
0.551,947
0.551,946
0.551,945
0.552,944
0.552,943
0.552,942
0.552,941
0.552,940
0.552,939
0.552,938
0.552,937
0.552,936
0.552,935
0.552,934
0.552,933
0.552,932
0.552,931
0.552,930
0.552,929
0.552,928
0.553,927
0.553,926
0.553,925
0.553,924
0.553,923
0.553,922
0.553,921
0.553,920
0.553,919
0.553,918
0.553,917
0.553,916
0.553,915
0.554,914
0.554,913
0.554,912
0.554,911
0.554,910
0.554,909
0.554,908
0.554,907
0.554,906
0.554,905
0.555,904
0.555,903
0.555,902
0.555,901
0.555,900
0.555,899
0.555,898
0.555,897
0.555,896
0.556,895
0.556,894
0.556,893
0.556,892
0.556,891
0.556,890
0.556,889
0.556,888
0.556,887
0.556,886
0.556,885
0.557,884
0.557,883
0.557,882
0.557,881
0.557,880
0.557,879
0.557,878
0.557,877
0.557,876
0.557,875
0.557,874
0.557,873
0.558,872
0.558,871
0.558,870
0.558,869
0.558,868
0.558,867
0.558,866
0.558,865
0.558,864
0.558,863
0.558,862
0.558,861
0.558,860
0.559,859
0.559,858
0.559,857
0.559,856
0.559,855
0.559,854
0.559,853
0.559,852
0.559,851
0.559,850
0.559,849
0.559,848
0.559,847
0.560,846
0.560,845
0.560,844
0.560,843
0.560,842
0.560,841
0.560,840
0.560,839
0.560,838
0.560,837
0.561,836
0.561,835
0.561,834
0.561,833
0.561,832
0.561,831
0.561,830
0.561,829
0.561,828
0.561,827
0.561,826
0.561,825
0.561,824
0.562,823
0.562,822
0.562,821
0.562,820
0.562,819
0.562,818
0.562,817
0.562,816
0.562,815
0.563,814
0.563,813
0.563,812
0.563,811
0.563,810
0.563,809
0.563,808
0.563,807
0.563,806
0.563,805
0.563,804
0.563,803
0.563,802
0.564,801
0.564,800
0.564,799
0.564,798
0.564,797
0.564,796
0.564,795
0.564,794
0.565,793
0.565,792
0.565,791
0.565,790
0.565,789
0.565,788
0.565,787
0.566,786
0.566,785
0.566,784
0.566,783
0.566,782
0.566,781
0.566,780
0.566,779
0.567,778
0.567,777
0.567,776
0.567,775
0.567,774
0.567,773
0.567,772
0.567,771
0.567,770
0.567,769
0.568,768
0.568,767
0.568,766
0.568,765
0.569,764
0.569,763
0.570,762
0.570,761
0.570,760
0.571,759
0.571,758
0.571,757
0.571,756
0.571,755
0.572,754
0.573,753
0.573,752
0.573,751
0.573,750
0.573,749
0.574,748
0.574,747
0.574,746
0.575,745
0.575,744
0.575,743
0.575,742
0.575,741
0.575,740
0.575,739
0.575,738
0.576,737
0.576,736
0.576,735
0.576,734
0.576,733
0.576,732
0.576,731
0.576,730
0.576,729
0.576,728
0.577,727
0.577,726
0.577,725
0.577,724
0.577,723
0.577,722
0.577,721
0.577,720
0.577,719
0.578,718
0.578,717
0.578,716
0.578,715
0.578,714
0.578,713
0.578,712
0.578,711
0.578,710
0.578,709
0.578,708
0.578,707
0.579,706
0.579,705
0.579,704
0.580,703
0.580,702
0.580,701
0.580,700
0.580,699
0.580,698
0.581,697
0.582,696
0.582,695
0.582,694
0.582,693
0.582,692
0.582,691
0.582,690
0.583,689
0.583,688
0.584,687
0.584,686
0.584,685
0.584,684
0.584,683
0.585,682
0.585,681
0.586,680
0.587,679
0.588,678
0.589,677
0.590,676
0.591,675
0.591,674
0.592,673
0.592,672
0.593,671
0.597,670
0.598,669
0.599,668
0.600,667
0.606,666
