0.361,960
0.361,959
0.361,958
0.361,957
0.361,956
0.361,955
0.361,954
0.361,953
0.361,952
0.361,951
0.361,950
0.361,949
0.361,948
0.361,947
0.361,946
0.361,945
0.361,944
0.361,943
0.361,942
0.361,941
0.361,940
0.361,939
0.361,938
0.361,937
0.361,936
0.361,935
0.361,934
0.361,933
0.361,932
0.361,931
0.361,930
0.361,929
0.361,928
0.361,927
0.361,926
0.361,925
0.361,924
0.361,923
0.361,922
0.361,921
0.361,920
0.361,919
0.361,918
0.361,917
0.361,916
0.361,915
0.361,914
0.361,913
0.361,912
0.361,911
0.361,910
0.361,909
0.361,908
0.361,907
0.361,906
0.361,905
0.361,904
0.361,903
0.361,902
0.361,901
0.361,900
0.361,899
0.361,898
0.361,897
0.361,896
0.361,895
0.361,894
0.361,893
0.361,892
0.361,891
0.361,890
0.361,889
0.361,888
0.361,887
0.361,886
0.361,885
0.361,884
0.361,883
0.361,882
0.361,881
0.361,880
0.361,879
0.361,878
0.361,877
0.361,876
0.361,875
0.361,874
0.361,873
0.361,872
0.361,871
0.361,870
0.361,869
0.361,868
0.361,867
0.361,866
0.361,865
0.361,864
0.361,863
0.361,862
0.361,861
0.361,860
0.361,859
0.361,858
0.361,857
0.361,856
0.361,855
0.361,854
0.361,853
0.361,852
0.361,851
0.361,850
0.361,849
0.361,848
0.361,847
0.361,846
0.361,845
0.361,844
0.361,843
0.361,842
0.361,841
0.361,840
0.361,839
0.361,838
0.361,837
0.361,836
0.361,835
0.361,834
0.361,833
0.361,832
0.361,831
0.361,830
0.361,829
0.361,828
0.361,827
0.361,826
0.361,825
0.361,824
0.361,823
0.361,822
0.361,821
0.361,820
0.361,819
0.361,818
0.361,817
0.361,816
0.361,815
0.361,814
0.361,813
0.361,812
0.361,811
0.361,810
0.361,809
0.361,808
0.361,807
0.361,806
0.361,805
0.361,804
0.361,803
0.361,802
0.361,801
0.361,800
0.361,799
0.361,798
0.361,797
0.361,796
0.361,795
0.361,794
0.376,793
0.376,792
0.376,791
0.376,790
0.376,789
0.377,788
0.377,787
0.377,786
0.377,785
0.377,784
0.377,783
0.377,782
0.377,781
0.377,780
0.377,779
0.378,778
0.378,777
0.378,776
0.378,775
0.378,774
0.378,773
0.378,772
0.378,771
0.378,770
0.378,769
0.379,768
0.379,767
0.379,766
0.379,765
0.379,764
0.379,763
0.379,762
0.379,761
0.379,760
0.379,759
0.379,758
0.380,757
0.380,756
0.380,755
0.380,754
0.380,753
0.380,752
0.380,751
0.380,750
0.380,749
0.381,748
0.381,747
0.381,746
0.381,745
0.381,744
0.381,743
0.381,742
0.381,741
0.382,740
0.382,739
0.382,738
0.382,737
0.382,736
0.382,735
0.382,734
0.382,733
0.382,732
0.383,731
0.383,730
0.383,729
0.383,728
0.383,727
0.383,726
0.383,725
0.383,724
0.383,723
0.383,722
0.383,721
0.384,720
0.384,719
0.384,718
0.384,717
0.384,716
0.384,715
0.385,714
0.385,713
0.385,712
0.385,711
0.385,710
0.385,709
0.385,708
0.385,707
0.385,706
0.386,705
0.386,704
0.386,703
0.386,702
0.386,701
0.386,700
0.387,699
0.387,698
0.387,697
0.387,696
0.387,695
0.388,694
0.388,693
0.388,692
0.388,691
0.389,690
0.389,689
0.389,688
0.389,687
0.389,686
0.390,685
0.391,684
0.391,683
0.391,682
0.391,681
0.392,680
0.392,679
0.392,678
0.392,677
0.392,676
0.392,675
0.392,674
0.392,673
0.392,672
0.392,671
0.392,670
0.392,669
0.392,668
0.392,667
0.392,666
0.392,665
0.392,664
0.411,663
