0.488,960
0.488,959
0.488,958
0.488,957
0.488,956
0.488,955
0.488,954
0.488,953
0.488,952
0.488,951
0.488,950
0.488,949
0.488,948
0.488,947
0.488,946
0.488,945
0.488,944
0.488,943
0.488,942
0.488,941
0.488,940
0.488,939
0.488,938
0.488,937
0.488,936
0.488,935
0.488,934
0.488,933
0.488,932
0.488,931
0.507,930
0.507,929
0.507,928
0.507,927
0.507,926
0.508,925
0.508,924
0.508,923
0.508,922
0.508,921
0.508,920
0.508,919
0.508,918
0.508,917
0.508,916
0.508,915
0.508,914
0.509,913
0.509,912
0.509,911
0.509,910
0.509,909
0.509,908
0.512,907
0.512,906
0.512,905
0.512,904
0.512,903
0.512,902
0.512,901
0.512,900
0.513,899
0.513,898
0.513,897
0.513,896
0.513,895
0.513,894
0.513,893
0.513,892
0.513,891
0.513,890
0.514,889
0.514,888
0.514,887
0.514,886
0.514,885
0.514,884
0.514,883
0.514,882
0.514,881
0.515,880
0.515,879
0.515,878
0.515,877
0.515,876
0.515,875
0.515,874
0.515,873
0.515,872
0.515,871
0.515,870
0.515,869
0.516,868
0.516,867
0.516,866
0.516,865
0.516,864
0.516,863
0.516,862
0.516,861
0.516,860
0.516,859
0.517,858
0.517,857
0.517,856
0.517,855
0.517,854
0.517,853
0.517,852
0.517,851
0.517,850
0.517,849
0.517,848
0.518,847
0.518,846
0.518,845
0.518,844
0.518,843
0.518,842
0.518,841
0.518,840
0.518,839
0.518,838
0.518,837
0.518,836
0.519,835
0.519,834
0.519,833
0.519,832
0.519,831
0.519,830
0.519,829
0.519,828
0.519,827
0.519,826
0.519,825
0.520,824
0.520,823
0.520,822
0.520,821
0.520,820
0.520,819
0.520,818
0.520,817
0.520,816
0.520,815
0.520,814
0.520,813
0.520,812
0.520,811
0.520,810
0.520,809
0.521,808
0.521,807
0.521,806
0.521,805
0.521,804
0.521,803
0.521,802
0.521,801
0.522,800
0.522,799
0.522,798
0.522,797
0.522,796
0.522,795
0.522,794
0.522,793
0.522,792
0.522,791
0.522,790
0.522,789
0.522,788
0.522,787
0.523,786
0.523,785
0.523,784
0.523,783
0.523,782
0.523,781
0.523,780
0.523,779
0.523,778
0.523,777
0.523,776
0.524,775
0.524,774
0.524,773
0.524,772
0.524,771
0.524,770
0.524,769
0.524,768
0.525,767
0.525,766
0.525,765
0.525,764
0.525,763
0.526,762
0.526,761
0.526,760
0.528,759
0.528,758
0.528,757
0.528,756
0.528,755
0.528,754
0.528,753
0.528,752
0.528,751
0.528,750
0.528,749
0.528,748
0.528,747
0.528,746
0.528,745
0.528,744
0.528,743
0.528,742
0.528,741
0.528,740
0.528,739
0.528,738
0.528,737
0.528,736
0.528,735
0.528,734
0.528,733
0.528,732
0.528,731
0.528,730
0.528,729
0.528,728
0.528,727
0.528,726
0.528,725
0.528,724
0.528,723
0.528,722
0.528,721
0.528,720
0.528,719
0.528,718
0.528,717
0.528,716
0.528,715
0.528,714
0.528,713
0.528,712
0.528,711
0.528,710
0.528,709
0.528,708
0.528,707
0.528,706
0.528,705
0.528,704
0.528,703
0.528,702
0.528,701
0.528,700
0.528,699
0.528,698
0.528,697
0.528,696
0.528,695
0.528,694
0.528,693
0.528,692
0.528,691
0.528,690
0.528,689
0.528,688
0.528,687
0.528,686
0.528,685
0.528,684
0.528,683
0.528,682
0.528,681
0.528,680
0.528,679
0.528,678
0.528,677
0.528,676
0.528,675
0.528,674
0.528,673
0.528,672
0.528,671
0.528,670
0.544,669
0.544,668
0.545,667
0.546,666
0.548,665
0.548,664
0.549,663
0.549,662
0.549,661
0.549,660
0.549,659
0.549,658
0.549,657
0.549,656
0.549,655
0.549,654
0.549,653
0.549,652
0.549,651
0.569,650
