0.332,960
0.332,959
0.332,958
0.332,957
0.332,956
0.332,955
0.332,954
0.332,953
0.332,952
0.332,951
0.332,950
0.332,949
0.332,948
0.332,947
0.332,946
0.332,945
0.332,944
0.332,943
0.332,942
0.332,941
0.332,940
0.332,939
0.332,938
0.332,937
0.332,936
0.332,935
0.332,934
0.332,933
0.332,932
0.332,931
0.332,930
0.332,929
0.332,928
0.332,927
0.332,926
0.332,925
0.332,924
0.332,923
0.332,922
0.332,921
0.332,920
0.332,919
0.332,918
0.332,917
0.332,916
0.332,915
0.332,914
0.332,913
0.332,912
0.332,911
0.332,910
0.332,909
0.332,908
0.332,907
0.332,906
0.332,905
0.332,904
0.332,903
0.332,902
0.332,901
0.332,900
0.332,899
0.332,898
0.332,897
0.332,896
0.332,895
0.332,894
0.332,893
0.332,892
0.332,891
0.332,890
0.332,889
0.332,888
0.332,887
0.332,886
0.332,885
0.332,884
0.332,883
0.332,882
0.332,881
0.332,880
0.332,879
0.348,878
0.348,877
0.348,876
0.348,875
0.348,874
0.348,873
0.348,872
0.348,871
0.349,870
0.349,869
0.349,868
0.349,867
0.349,866
0.349,865
0.349,864
0.349,863
0.349,862
0.349,861
0.349,860
0.349,859
0.349,858
0.349,857
0.349,856
0.349,855
0.350,854
0.350,853
0.350,852
0.350,851
0.350,850
0.350,849
0.350,848
0.350,847
0.350,846
0.350,845
0.350,844
0.350,843
0.350,842
0.350,841
0.350,840
0.350,839
0.350,838
0.350,837
0.350,836
0.350,835
0.351,834
0.351,833
0.351,832
0.351,831
0.351,830
0.351,829
0.351,828
0.351,827
0.351,826
0.351,825
0.351,824
0.352,823
0.352,822
0.352,821
0.352,820
0.352,819
0.352,818
0.352,817
0.352,816
0.352,815
0.352,814
0.352,813
0.352,812
0.352,811
0.353,810
0.353,809
0.353,808
0.353,807
0.353,806
0.353,805
0.353,804
0.353,803
0.353,802
0.353,801
0.353,800
0.353,799
0.353,798
0.353,797
0.353,796
0.353,795
0.353,794
0.353,793
0.353,792
0.353,791
0.353,790
0.353,789
0.353,788
0.353,787
0.353,786
0.353,785
0.353,784
0.353,783
0.353,782
0.353,781
0.353,780
0.353,779
0.353,778
0.353,777
0.353,776
0.353,775
0.353,774
0.353,773
0.353,772
0.353,771
0.353,770
0.353,769
0.353,768
0.353,767
0.353,766
0.353,765
0.353,764
0.353,763
0.353,762
0.353,761
0.353,760
0.353,759
0.353,758
0.353,757
0.353,756
0.353,755
0.353,754
0.353,753
0.353,752
0.353,751
0.353,750
0.353,749
0.353,748
0.353,747
0.353,746
0.353,745
0.353,744
0.353,743
0.353,742
0.353,741
0.353,740
0.353,739
0.353,738
0.353,737
0.353,736
0.353,735
0.353,734
0.353,733
0.353,732
0.353,731
0.353,730
0.353,729
0.353,728
0.353,727
0.353,726
0.353,725
0.353,724
0.353,723
0.353,722
0.353,721
0.353,720
0.353,719
0.353,718
0.353,717
0.353,716
0.353,715
0.353,714
0.353,713
0.353,712
0.353,711
0.353,710
0.353,709
0.353,708
0.353,707
0.353,706
0.353,705
0.353,704
0.353,703
0.353,702
0.353,701
0.353,700
0.353,699
0.353,698
0.353,697
0.353,696
0.353,695
0.353,694
0.353,693
0.353,692
0.353,691
0.353,690
0.353,689
0.353,688
0.353,687
0.353,686
0.353,685
0.353,684
0.353,683
0.353,682
0.353,681
0.353,680
0.353,679
0.353,678
0.353,677
0.353,676
0.353,675
0.353,674
0.353,673
0.353,672
0.353,671
0.353,670
0.353,669
0.353,668
0.353,667
0.353,666
0.353,665
0.353,664
0.353,663
0.353,662
0.353,661
0.353,660
0.353,659
0.353,658
0.353,657
0.353,656
0.369,655
0.369,654
0.369,653
0.372,652
0.373,651
0.373,650
