0.437,960
0.437,959
0.437,958
0.437,957
0.437,956
0.437,955
0.437,954
0.437,953
0.437,952
0.437,951
0.437,950
0.437,949
0.437,948
0.437,947
0.437,946
0.437,945
0.437,944
0.437,943
0.453,942
0.455,941
0.457,940
0.458,939
0.458,938
0.458,937
0.458,936
0.458,935
0.458,934
0.458,933
0.458,932
0.458,931
0.458,930
0.458,929
0.458,928
0.458,927
0.458,926
0.458,925
0.458,924
0.458,923
0.458,922
0.458,921
0.458,920
0.458,919
0.458,918
0.458,917
0.458,916
0.458,915
0.458,914
0.458,913
0.458,912
0.458,911
0.458,910
0.458,909
0.458,908
0.458,907
0.458,906
0.458,905
0.458,904
0.458,903
0.458,902
0.473,901
0.473,900
0.474,899
0.474,898
0.474,897
0.474,896
0.474,895
0.474,894
0.474,893
0.475,892
0.475,891
0.475,890
0.475,889
0.475,888
0.475,887
0.475,886
0.475,885
0.476,884
0.476,883
0.476,882
0.476,881
0.476,880
0.476,879
0.476,878
0.476,877
0.477,876
0.477,875
0.477,874
0.477,873
0.477,872
0.477,871
0.478,870
0.478,869
0.478,868
0.478,867
0.479,866
0.479,865
0.479,864
0.479,863
0.479,862
0.479,861
0.480,860
0.480,859
0.480,858
0.480,857
0.480,856
0.480,855
0.481,854
0.481,853
0.481,852
0.481,851
0.481,850
0.481,849
0.482,848
0.482,847
0.482,846
0.482,845
0.483,844
0.483,843
0.483,842
0.483,841
0.483,840
0.483,839
0.483,838
0.483,837
0.484,836
0.484,835
0.484,834
0.484,833
0.484,832
0.484,831
0.484,830
0.484,829
0.485,828
0.485,827
0.485,826
0.485,825
0.485,824
0.485,823
0.485,822
0.485,821
0.485,820
0.485,819
0.485,818
0.486,817
0.486,816
0.486,815
0.486,814
0.486,813
0.486,812
0.486,811
0.486,810
0.486,809
0.487,808
0.487,807
0.487,806
0.487,805
0.487,804
0.487,803
0.487,802
0.487,801
0.488,800
0.488,799
0.488,798
0.488,797
0.488,796
0.488,795
0.488,794
0.488,793
0.488,792
0.488,791
0.488,790
0.488,789
0.488,788
0.488,787
0.488,786
0.488,785
0.488,784
0.488,783
0.488,782
0.488,781
0.488,780
0.488,779
0.488,778
0.488,777
0.488,776
0.488,775
0.488,774
0.488,773
0.488,772
0.488,771
0.488,770
0.488,769
0.488,768
0.488,767
0.488,766
0.488,765
0.488,764
0.488,763
0.488,762
0.488,761
0.488,760
0.488,759
0.488,758
0.488,757
0.488,756
0.488,755
0.488,754
0.488,753
0.488,752
0.498,751
0.498,750
0.498,749
0.498,748
0.498,747
0.498,746
0.498,745
0.498,744
0.498,743
0.498,742
0.498,741
0.498,740
0.498,739
0.498,738
0.498,737
0.498,736
0.498,735
0.498,734
0.502,733
0.502,732
0.502,731
0.503,730
0.503,729
0.503,728
0.503,727
0.504,726
0.504,725
0.504,724
0.504,723
0.504,722
0.504,721
0.504,720
0.504,719
0.504,718
0.505,717
0.505,716
0.505,715
0.506,714
0.506,713
0.506,712
0.506,711
0.507,710
0.507,709
0.507,708
0.507,707
0.508,706
0.508,705
0.508,704
0.508,703
0.508,702
0.508,701
0.508,700
0.508,699
0.508,698
0.508,697
0.508,696
0.508,695
0.508,694
0.508,693
0.508,692
0.508,691
0.508,690
0.508,689
0.508,688
0.508,687
0.508,686
0.508,685
0.508,684
0.508,683
0.508,682
0.508,681
0.508,680
0.508,679
0.508,678
0.508,677
0.508,676
0.508,675
0.508,674
0.508,673
0.508,672
0.508,671
0.508,670
0.508,669
0.508,668
0.508,667
0.508,666
0.508,665
0.508,664
0.508,663
0.508,662
0.508,661
0.508,660
0.508,659
0.508,658
0.508,657
0.525,656
0.526,655
0.528,654
0.528,653
0.532,652
0.532,651
0.538,650
0.538,649
