4.210,8353
4.210,8352
4.210,8351
4.210,8350
4.210,8349
4.210,8348
4.210,8347
4.211,8346
4.211,8345
4.211,8344
4.211,8343
4.211,8342
4.211,8341
4.211,8340
4.211,8339
4.211,8338
4.211,8337
4.211,8336
4.211,8335
4.211,8334
4.212,8333
4.212,8332
4.212,8331
4.212,8330
4.212,8329
4.212,8328
4.212,8327
4.212,8326
4.212,8325
4.212,8324
4.212,8323
4.212,8322
4.212,8321
4.212,8320
4.213,8319
4.213,8318
4.213,8317
4.213,8316
4.213,8315
4.213,8314
4.213,8313
4.213,8312
4.213,8311
4.213,8310
4.213,8309
4.213,8308
4.213,8307
4.214,8306
4.214,8305
4.214,8304
4.214,8303
4.214,8302
4.214,8301
4.214,8300
4.214,8299
4.214,8298
4.214,8297
4.214,8296
4.214,8295
4.214,8294
4.214,8293
4.214,8292
4.215,8291
4.215,8290
4.215,8289
4.215,8288
4.215,8287
4.215,8286
4.215,8285
4.215,8284
4.215,8283
4.216,8282
4.216,8281
4.216,8280
4.216,8279
4.216,8278
4.216,8277
4.216,8276
4.216,8275
4.216,8274
4.216,8273
4.216,8272
4.216,8271
4.216,8270
4.216,8269
4.216,8268
4.216,8267
4.216,8266
4.216,8265
4.217,8264
4.217,8263
4.217,8262
4.217,8261
4.217,8260
4.217,8259
4.217,8258
4.217,8257
4.217,8256
4.217,8255
4.217,8254
4.217,8253
4.217,8252
4.217,8251
4.218,8250
4.218,8249
4.218,8248
4.218,8247
4.218,8246
4.218,8245
4.218,8244
4.218,8243
4.218,8242
4.218,8241
4.218,8240
4.218,8239
4.218,8238
4.218,8237
4.218,8236
4.219,8235
4.219,8234
4.219,8233
4.219,8232
4.219,8231
4.219,8230
4.219,8229
4.219,8228
4.219,8227
4.219,8226
4.219,8225
4.219,8224
4.219,8223
4.219,8222
4.220,8221
4.220,8220
4.220,8219
4.220,8218
4.220,8217
4.220,8216
4.220,8215
4.220,8214
4.220,8213
4.220,8212
4.220,8211
4.220,8210
4.220,8209
4.220,8208
4.220,8207
4.220,8206
4.220,8205
4.221,8204
4.221,8203
4.221,8202
4.221,8201
4.221,8200
4.221,8199
4.221,8198
4.221,8197
4.221,8196
4.221,8195
4.221,8194
4.221,8193
4.221,8192
4.221,8191
4.221,8190
4.222,8189
4.222,8188
4.222,8187
4.222,8186
4.222,8185
4.222,8184
4.222,8183
4.222,8182
4.222,8181
4.222,8180
4.222,8179
4.222,8178
4.222,8177
4.223,8176
4.223,8175
4.223,8174
4.224,8173
4.224,8172
4.224,8171
4.224,8170
4.224,8169
4.224,8168
4.224,8167
4.224,8166
4.224,8165
4.224,8164
4.224,8163
4.224,8162
4.224,8161
4.224,8160
4.225,8159
4.225,8158
4.225,8157
4.225,8156
4.225,8155
4.225,8154
4.225,8153
4.225,8152
4.225,8151
4.225,8150
4.225,8149
4.225,8148
4.226,8147
4.226,8146
4.226,8145
4.226,8144
4.226,8143
4.226,8142
4.226,8141
4.226,8140
4.226,8139
4.226,8138
4.226,8137
4.226,8136
4.226,8135
4.226,8134
4.226,8133
4.226,8132
4.226,8131
4.226,8130
4.226,8129
4.226,8128
4.226,8127
4.226,8126
4.226,8125
4.226,8124
4.226,8123
4.226,8122
4.226,8121
4.226,8120
4.226,8119
4.226,8118
4.226,8117
4.226,8116
4.226,8115
4.226,8114
4.226,8113
4.226,8112
4.226,8111
4.226,8110
4.226,8109
4.226,8108
4.226,8107
4.226,8106
4.226,8105
4.226,8104
4.226,8103
4.226,8102
4.226,8101
4.226,8100
4.226,8099
4.226,8098
4.226,8097
4.226,8096
4.226,8095
4.226,8094
4.226,8093
4.226,8092
4.226,8091
4.226,8090
4.226,8089
4.226,8088
4.226,8087
4.226,8086
4.226,8085
4.226,8084
4.226,8083
4.226,8082
4.226,8081
4.226,8080
4.226,8079
4.226,8078
4.226,8077
4.226,8076
4.226,8075
4.226,8074
4.226,8073
4.226,8072
4.226,8071
4.226,8070
4.226,8069
4.226,8068
4.226,8067
4.226,8066
4.226,8065
4.226,8064
4.226,8063
4.226,8062
4.226,8061
4.226,8060
4.226,8059
4.226,8058
4.226,8057
4.226,8056
4.226,8055
4.226,8054
4.226,8053
4.226,8052
4.226,8051
4.226,8050
4.226,8049
4.226,8048
4.226,8047
4.226,8046
4.226,8045
4.226,8044
4.226,8043
4.226,8042
4.226,8041
4.226,8040
4.226,8039
4.226,8038
4.226,8037
4.226,8036
4.226,8035
4.226,8034
4.226,8033
4.226,8032
4.226,8031
4.226,8030
4.226,8029
4.226,8028
4.226,8027
4.226,8026
4.226,8025
4.226,8024
4.226,8023
4.226,8022
4.226,8021
4.226,8020
4.226,8019
4.226,8018
4.226,8017
4.226,8016
4.226,8015
4.226,8014
4.226,8013
4.226,8012
4.226,8011
4.226,8010
4.226,8009
4.226,8008
4.226,8007
4.226,8006
4.226,8005
4.226,8004
4.226,8003
4.226,8002
4.226,8001
4.226,8000
4.226,7999
4.226,7998
4.226,7997
4.226,7996
4.226,7995
4.226,7994
4.226,7993
4.226,7992
4.226,7991
4.226,7990
4.226,7989
4.226,7988
4.226,7987
4.226,7986
4.226,7985
4.226,7984
4.226,7983
4.226,7982
4.226,7981
4.226,7980
4.226,7979
4.226,7978
4.226,7977
4.226,7976
4.226,7975
4.226,7974
4.226,7973
4.226,7972
4.226,7971
4.226,7970
4.226,7969
4.226,7968
4.226,7967
4.226,7966
4.226,7965
4.226,7964
4.226,7963
4.226,7962
4.226,7961
4.226,7960
4.226,7959
4.226,7958
4.226,7957
4.242,7956
4.242,7955
4.242,7954
4.242,7953
4.242,7952
4.242,7951
4.242,7950
4.242,7949
4.242,7948
4.242,7947
4.242,7946
4.242,7945
4.242,7944
4.242,7943
4.243,7942
4.243,7941
4.243,7940
4.243,7939
4.243,7938
4.243,7937
4.243,7936
4.243,7935
4.243,7934
4.243,7933
4.244,7932
4.244,7931
4.244,7930
4.244,7929
4.244,7928
4.245,7927
4.245,7926
4.245,7925
4.245,7924
4.245,7923
4.245,7922
4.245,7921
4.245,7920
4.245,7919
4.245,7918
4.245,7917
4.246,7916
4.246,7915
4.246,7914
4.246,7913
4.246,7912
4.246,7911
4.246,7910
4.246,7909
4.246,7908
4.246,7907
4.246,7906
4.246,7905
4.246,7904
4.246,7903
4.246,7902
4.246,7901
4.246,7900
4.246,7899
4.246,7898
4.246,7897
4.246,7896
4.246,7895
4.246,7894
4.246,7893
4.246,7892
4.246,7891
4.246,7890
4.246,7889
4.246,7888
4.246,7887
4.246,7886
4.246,7885
4.246,7884
4.246,7883
4.246,7882
4.246,7881
4.246,7880
4.246,7879
4.246,7878
4.246,7877
4.246,7876
4.246,7875
4.246,7874
4.246,7873
4.246,7872
4.246,7871
4.246,7870
4.246,7869
4.246,7868
4.246,7867
4.246,7866
4.246,7865
4.246,7864
4.246,7863
4.246,7862
4.246,7861
4.246,7860
4.246,7859
4.246,7858
4.246,7857
4.246,7856
4.246,7855
4.246,7854
4.246,7853
4.246,7852
4.246,7851
4.246,7850
4.246,7849
4.246,7848
4.246,7847
4.246,7846
4.246,7845
4.246,7844
4.246,7843
4.246,7842
4.246,7841
4.246,7840
4.246,7839
4.246,7838
4.246,7837
4.246,7836
4.246,7835
4.246,7834
4.246,7833
4.246,7832
4.246,7831
4.246,7830
4.246,7829
4.246,7828
4.246,7827
4.246,7826
4.246,7825
4.246,7824
4.246,7823
4.246,7822
4.246,7821
4.246,7820
4.246,7819
4.246,7818
4.246,7817
4.246,7816
4.246,7815
4.246,7814
4.246,7813
4.246,7812
4.246,7811
4.246,7810
4.246,7809
4.246,7808
4.246,7807
4.246,7806
4.246,7805
4.246,7804
4.246,7803
4.246,7802
4.246,7801
4.246,7800
4.246,7799
4.246,7798
4.246,7797
4.246,7796
4.246,7795
4.246,7794
4.246,7793
4.246,7792
4.246,7791
4.246,7790
4.246,7789
4.246,7788
4.246,7787
4.246,7786
4.246,7785
4.246,7784
4.246,7783
4.246,7782
4.246,7781
4.246,7780
4.246,7779
4.246,7778
4.246,7777
4.246,7776
4.246,7775
4.246,7774
4.246,7773
4.246,7772
4.246,7771
4.246,7770
4.246,7769
4.246,7768
4.246,7767
4.246,7766
4.246,7765
4.246,7764
4.246,7763
4.246,7762
4.246,7761
4.246,7760
4.246,7759
4.246,7758
4.246,7757
4.246,7756
4.246,7755
4.246,7754
4.246,7753
4.246,7752
4.246,7751
4.246,7750
4.246,7749
4.246,7748
4.246,7747
4.246,7746
4.246,7745
4.246,7744
4.246,7743
4.246,7742
4.246,7741
4.246,7740
4.246,7739
4.246,7738
4.246,7737
4.246,7736
4.246,7735
4.246,7734
4.246,7733
4.246,7732
4.246,7731
4.246,7730
4.262,7729
4.262,7728
4.262,7727
4.262,7726
4.262,7725
4.262,7724
4.262,7723
4.262,7722
4.262,7721
4.262,7720
4.262,7719
4.263,7718
4.263,7717
4.263,7716
4.263,7715
4.263,7714
4.263,7713
4.263,7712
4.263,7711
4.263,7710
4.264,7709
4.264,7708
4.264,7707
4.264,7706
4.264,7705
4.264,7704
4.264,7703
4.265,7702
4.265,7701
4.265,7700
4.265,7699
4.265,7698
4.265,7697
4.265,7696
4.265,7695
4.265,7694
4.265,7693
4.265,7692
4.265,7691
4.265,7690
4.266,7689
4.266,7688
4.266,7687
4.266,7686
4.266,7685
4.266,7684
4.266,7683
4.266,7682
4.266,7681
4.266,7680
4.266,7679
4.266,7678
4.266,7677
4.266,7676
4.266,7675
4.267,7674
4.267,7673
4.267,7672
4.267,7671
4.267,7670
4.267,7669
4.267,7668
4.267,7667
4.267,7666
4.267,7665
4.267,7664
4.267,7663
4.267,7662
4.267,7661
4.267,7660
4.267,7659
4.267,7658
4.267,7657
4.267,7656
4.267,7655
4.267,7654
4.267,7653
4.267,7652
4.267,7651
4.267,7650
4.267,7649
4.267,7648
4.267,7647
4.267,7646
4.267,7645
4.267,7644
4.267,7643
4.267,7642
4.267,7641
4.267,7640
4.267,7639
4.267,7638
4.267,7637
4.267,7636
4.267,7635
4.267,7634
4.267,7633
4.267,7632
4.267,7631
4.267,7630
4.267,7629
4.267,7628
4.267,7627
4.267,7626
4.267,7625
4.267,7624
4.267,7623
4.267,7622
4.267,7621
4.267,7620
4.267,7619
4.267,7618
4.267,7617
4.267,7616
4.267,7615
4.267,7614
4.267,7613
4.267,7612
4.267,7611
4.267,7610
4.267,7609
4.267,7608
4.267,7607
4.267,7606
4.267,7605
4.267,7604
4.267,7603
4.267,7602
4.267,7601
4.267,7600
4.267,7599
4.267,7598
4.267,7597
4.267,7596
4.267,7595
4.267,7594
4.267,7593
4.267,7592
4.267,7591
4.267,7590
4.267,7589
4.267,7588
4.267,7587
4.267,7586
4.267,7585
4.267,7584
4.267,7583
4.267,7582
4.267,7581
4.267,7580
4.267,7579
4.267,7578
4.267,7577
4.267,7576
4.267,7575
4.267,7574
4.267,7573
4.267,7572
4.267,7571
4.267,7570
4.267,7569
4.267,7568
4.267,7567
4.267,7566
4.267,7565
4.267,7564
4.267,7563
4.267,7562
4.267,7561
4.267,7560
4.267,7559
4.267,7558
4.267,7557
4.267,7556
4.267,7555
4.267,7554
4.267,7553
4.267,7552
4.267,7551
4.267,7550
4.267,7549
4.267,7548
4.267,7547
4.267,7546
4.267,7545
4.267,7544
4.267,7543
4.267,7542
4.267,7541
4.267,7540
4.267,7539
4.267,7538
4.267,7537
4.267,7536
4.267,7535
4.267,7534
4.267,7533
4.267,7532
4.267,7531
4.267,7530
4.267,7529
4.267,7528
4.267,7527
4.267,7526
4.267,7525
4.267,7524
4.267,7523
4.267,7522
4.267,7521
4.267,7520
4.267,7519
4.267,7518
4.267,7517
4.267,7516
4.267,7515
4.267,7514
4.267,7513
4.267,7512
4.267,7511
4.267,7510
4.267,7509
4.267,7508
4.282,7507
4.282,7506
4.282,7505
4.283,7504
4.283,7503
4.283,7502
4.283,7501
4.283,7500
4.283,7499
4.283,7498
4.283,7497
4.283,7496
4.283,7495
4.283,7494
4.283,7493
4.283,7492
4.283,7491
4.283,7490
4.283,7489
4.283,7488
4.284,7487
4.284,7486
4.284,7485
4.284,7484
4.284,7483
4.284,7482
4.284,7481
4.284,7480
4.284,7479
4.284,7478
4.284,7477
4.284,7476
4.284,7475
4.285,7474
4.285,7473
4.285,7472
4.285,7471
4.285,7470
4.285,7469
4.285,7468
4.285,7467
4.285,7466
4.285,7465
4.286,7464
4.286,7463
4.286,7462
4.286,7461
4.286,7460
4.286,7459
4.286,7458
4.286,7457
4.287,7456
4.287,7455
4.287,7454
4.287,7453
4.287,7452
4.287,7451
4.287,7450
4.287,7449
4.287,7448
4.287,7447
4.287,7446
4.287,7445
4.287,7444
4.287,7443
4.287,7442
4.287,7441
4.287,7440
4.287,7439
4.287,7438
4.287,7437
4.287,7436
4.287,7435
4.287,7434
4.287,7433
4.287,7432
4.287,7431
4.287,7430
4.287,7429
4.287,7428
4.287,7427
4.287,7426
4.287,7425
4.287,7424
4.287,7423
4.287,7422
4.287,7421
4.287,7420
4.287,7419
4.287,7418
4.287,7417
4.287,7416
4.287,7415
4.287,7414
4.287,7413
4.287,7412
4.287,7411
4.287,7410
4.287,7409
4.287,7408
4.287,7407
4.287,7406
4.287,7405
4.287,7404
4.287,7403
4.287,7402
4.287,7401
4.287,7400
4.287,7399
4.287,7398
4.287,7397
4.287,7396
4.287,7395
4.287,7394
4.287,7393
4.287,7392
4.287,7391
4.287,7390
4.287,7389
4.287,7388
4.287,7387
4.287,7386
4.287,7385
4.287,7384
4.287,7383
4.287,7382
4.287,7381
4.287,7380
4.287,7379
4.287,7378
4.287,7377
4.287,7376
4.287,7375
4.287,7374
4.287,7373
4.287,7372
4.287,7371
4.287,7370
4.287,7369
4.287,7368
4.287,7367
4.287,7366
4.287,7365
4.287,7364
4.287,7363
4.287,7362
4.287,7361
4.287,7360
4.287,7359
4.287,7358
4.287,7357
4.287,7356
4.287,7355
4.287,7354
4.287,7353
4.287,7352
4.287,7351
4.287,7350
4.287,7349
4.287,7348
4.287,7347
4.287,7346
4.287,7345
4.287,7344
4.287,7343
4.287,7342
4.287,7341
4.287,7340
4.287,7339
4.287,7338
4.287,7337
4.287,7336
4.287,7335
4.287,7334
4.287,7333
4.287,7332
4.287,7331
4.287,7330
4.287,7329
4.287,7328
4.287,7327
4.287,7326
4.287,7325
4.287,7324
4.287,7323
4.287,7322
4.287,7321
4.287,7320
4.287,7319
4.287,7318
4.287,7317
4.287,7316
4.287,7315
4.287,7314
4.287,7313
4.287,7312
4.287,7311
4.287,7310
4.287,7309
4.287,7308
4.287,7307
4.287,7306
4.287,7305
4.287,7304
4.287,7303
4.287,7302
4.287,7301
4.287,7300
4.287,7299
4.287,7298
4.287,7297
4.287,7296
4.287,7295
4.302,7294
4.302,7293
4.302,7292
4.302,7291
4.302,7290
4.303,7289
4.303,7288
4.303,7287
4.303,7286
4.303,7285
4.303,7284
4.303,7283
4.303,7282
4.303,7281
4.303,7280
4.304,7279
4.304,7278
4.304,7277
4.304,7276
4.304,7275
4.304,7274
4.304,7273
4.304,7272
4.304,7271
4.304,7270
4.304,7269
4.305,7268
4.305,7267
4.305,7266
4.305,7265
4.305,7264
4.305,7263
4.305,7262
4.305,7261
4.305,7260
4.305,7259
4.306,7258
4.306,7257
4.306,7256
4.306,7255
4.306,7254
4.306,7253
4.306,7252
4.306,7251
4.306,7250
4.306,7249
4.306,7248
4.306,7247
4.306,7246
4.306,7245
4.306,7244
4.306,7243
4.306,7242
4.306,7241
4.306,7240
4.306,7239
4.306,7238
4.306,7237
4.306,7236
4.306,7235
4.306,7234
4.306,7233
4.306,7232
4.306,7231
4.306,7230
4.306,7229
4.306,7228
4.306,7227
4.306,7226
4.306,7225
4.306,7224
4.306,7223
4.306,7222
4.306,7221
4.306,7220
4.306,7219
4.306,7218
4.306,7217
4.306,7216
4.306,7215
4.306,7214
4.306,7213
4.306,7212
4.306,7211
4.306,7210
4.306,7209
4.306,7208
4.306,7207
4.306,7206
4.306,7205
4.306,7204
4.306,7203
4.306,7202
4.306,7201
4.306,7200
4.306,7199
4.306,7198
4.306,7197
4.306,7196
4.306,7195
4.306,7194
4.306,7193
4.306,7192
4.306,7191
4.306,7190
4.306,7189
4.306,7188
4.306,7187
4.306,7186
4.306,7185
4.306,7184
4.306,7183
4.306,7182
4.306,7181
4.306,7180
4.306,7179
4.306,7178
4.306,7177
4.306,7176
4.306,7175
4.306,7174
4.306,7173
4.306,7172
4.306,7171
4.306,7170
4.306,7169
4.306,7168
4.306,7167
4.306,7166
4.306,7165
4.306,7164
4.306,7163
4.306,7162
4.306,7161
4.306,7160
4.306,7159
4.306,7158
4.306,7157
4.306,7156
4.306,7155
4.306,7154
4.306,7153
4.306,7152
4.306,7151
4.306,7150
4.306,7149
4.306,7148
4.306,7147
4.306,7146
4.306,7145
4.306,7144
4.306,7143
4.306,7142
4.306,7141
4.306,7140
4.306,7139
4.306,7138
4.306,7137
4.306,7136
4.306,7135
4.306,7134
4.306,7133
4.306,7132
4.306,7131
4.306,7130
4.306,7129
4.306,7128
4.306,7127
4.306,7126
4.306,7125
4.306,7124
4.306,7123
4.306,7122
4.306,7121
4.306,7120
4.306,7119
4.306,7118
4.306,7117
4.306,7116
4.306,7115
4.306,7114
4.306,7113
4.306,7112
4.306,7111
4.306,7110
4.306,7109
4.306,7108
4.306,7107
4.306,7106
4.306,7105
4.306,7104
4.306,7103
4.306,7102
4.306,7101
4.306,7100
4.306,7099
4.306,7098
4.306,7097
4.306,7096
4.306,7095
4.306,7094
4.306,7093
4.322,7092
4.322,7091
4.322,7090
4.323,7089
4.323,7088
4.323,7087
4.323,7086
4.323,7085
4.323,7084
4.323,7083
4.324,7082
4.324,7081
4.324,7080
4.324,7079
4.324,7078
4.324,7077
4.324,7076
4.324,7075
4.324,7074
4.324,7073
4.325,7072
4.325,7071
4.325,7070
4.325,7069
4.325,7068
4.325,7067
4.325,7066
4.325,7065
4.326,7064
4.326,7063
4.326,7062
4.326,7061
4.326,7060
4.326,7059
4.326,7058
4.326,7057
4.326,7056
4.327,7055
4.327,7054
4.327,7053
4.327,7052
4.327,7051
4.327,7050
4.327,7049
4.327,7048
4.328,7047
4.328,7046
4.328,7045
4.328,7044
4.328,7043
4.328,7042
4.328,7041
4.328,7040
4.328,7039
4.328,7038
4.329,7037
4.329,7036
4.329,7035
4.329,7034
4.329,7033
4.329,7032
4.329,7031
4.329,7030
4.329,7029
4.329,7028
4.330,7027
4.330,7026
4.330,7025
4.331,7024
4.331,7023
4.331,7022
4.331,7021
4.331,7020
4.331,7019
4.331,7018
4.331,7017
4.331,7016
4.332,7015
4.332,7014
4.332,7013
4.332,7012
4.332,7011
4.332,7010
4.332,7009
4.333,7008
4.333,7007
4.333,7006
4.333,7005
4.333,7004
4.333,7003
4.333,7002
4.333,7001
4.333,7000
4.333,6999
4.333,6998
4.334,6997
4.334,6996
4.334,6995
4.334,6994
4.334,6993
4.334,6992
4.334,6991
4.334,6990
4.335,6989
4.335,6988
4.335,6987
4.336,6986
4.336,6985
4.336,6984
4.336,6983
4.336,6982
4.336,6981
4.336,6980
4.336,6979
4.336,6978
4.336,6977
4.337,6976
4.337,6975
4.337,6974
4.337,6973
4.337,6972
4.337,6971
4.337,6970
4.337,6969
4.337,6968
4.337,6967
4.337,6966
4.337,6965
4.337,6964
4.337,6963
4.337,6962
4.337,6961
4.337,6960
4.337,6959
4.337,6958
4.337,6957
4.337,6956
4.337,6955
4.337,6954
4.337,6953
4.337,6952
4.337,6951
4.337,6950
4.337,6949
4.337,6948
4.337,6947
4.337,6946
4.337,6945
4.337,6944
4.337,6943
4.337,6942
4.337,6941
4.337,6940
4.337,6939
4.337,6938
4.337,6937
4.337,6936
4.337,6935
4.337,6934
4.337,6933
4.337,6932
4.337,6931
4.337,6930
4.337,6929
4.337,6928
4.337,6927
4.337,6926
4.337,6925
4.337,6924
4.337,6923
4.337,6922
4.337,6921
4.337,6920
4.337,6919
4.337,6918
4.337,6917
4.337,6916
4.337,6915
4.337,6914
4.337,6913
4.337,6912
4.337,6911
4.337,6910
4.337,6909
4.337,6908
4.337,6907
4.337,6906
4.337,6905
4.337,6904
4.337,6903
4.337,6902
4.337,6901
4.337,6900
4.337,6899
4.337,6898
4.337,6897
4.337,6896
4.337,6895
4.337,6894
4.337,6893
4.337,6892
4.337,6891
4.337,6890
4.337,6889
4.337,6888
4.337,6887
4.337,6886
4.337,6885
4.337,6884
4.337,6883
4.337,6882
4.337,6881
4.337,6880
4.337,6879
4.337,6878
4.337,6877
4.337,6876
4.337,6875
4.337,6874
4.337,6873
4.337,6872
4.337,6871
4.337,6870
4.337,6869
4.337,6868
4.337,6867
4.337,6866
4.337,6865
4.337,6864
4.337,6863
4.337,6862
4.337,6861
4.337,6860
4.337,6859
4.337,6858
4.337,6857
4.337,6856
4.337,6855
4.337,6854
4.337,6853
4.337,6852
4.337,6851
4.337,6850
4.337,6849
4.337,6848
4.337,6847
4.337,6846
4.337,6845
4.337,6844
4.337,6843
4.337,6842
4.353,6841
4.353,6840
4.353,6839
4.353,6838
4.354,6837
4.354,6836
4.354,6835
4.354,6834
4.354,6833
4.354,6832
4.354,6831
4.354,6830
4.354,6829
4.354,6828
4.355,6827
4.356,6826
4.356,6825
4.356,6824
4.356,6823
4.356,6822
4.356,6821
4.356,6820
4.356,6819
4.356,6818
4.357,6817
4.357,6816
4.357,6815
4.357,6814
4.357,6813
4.358,6812
4.358,6811
4.358,6810
4.358,6809
4.358,6808
4.358,6807
4.358,6806
4.358,6805
4.358,6804
4.358,6803
4.358,6802
4.358,6801
4.358,6800
4.358,6799
4.358,6798
4.358,6797
4.358,6796
4.358,6795
4.358,6794
4.358,6793
4.358,6792
4.358,6791
4.358,6790
4.358,6789
4.358,6788
4.358,6787
4.358,6786
4.358,6785
4.358,6784
4.358,6783
4.358,6782
4.358,6781
4.358,6780
4.358,6779
4.358,6778
4.358,6777
4.358,6776
4.358,6775
4.358,6774
4.358,6773
4.358,6772
4.358,6771
4.358,6770
4.358,6769
4.358,6768
4.358,6767
4.358,6766
4.358,6765
4.358,6764
4.358,6763
4.358,6762
4.358,6761
4.358,6760
4.358,6759
4.358,6758
4.358,6757
4.358,6756
4.358,6755
4.358,6754
4.358,6753
4.358,6752
4.358,6751
4.358,6750
4.358,6749
4.358,6748
4.358,6747
4.358,6746
4.358,6745
4.358,6744
4.358,6743
4.358,6742
4.358,6741
4.358,6740
4.358,6739
4.358,6738
4.358,6737
4.358,6736
4.358,6735
4.358,6734
4.358,6733
4.358,6732
4.358,6731
4.358,6730
4.358,6729
4.358,6728
4.358,6727
4.358,6726
4.358,6725
4.358,6724
4.358,6723
4.358,6722
4.358,6721
4.358,6720
4.358,6719
4.358,6718
4.358,6717
4.358,6716
4.358,6715
4.358,6714
4.358,6713
4.358,6712
4.358,6711
4.358,6710
4.358,6709
4.358,6708
4.358,6707
4.358,6706
4.358,6705
4.358,6704
4.358,6703
4.358,6702
4.358,6701
4.358,6700
4.358,6699
4.358,6698
4.358,6697
4.358,6696
4.358,6695
4.358,6694
4.358,6693
4.373,6692
4.374,6691
4.374,6690
4.374,6689
4.374,6688
4.375,6687
4.375,6686
4.375,6685
4.375,6684
4.375,6683
4.375,6682
4.375,6681
4.375,6680
4.375,6679
4.375,6678
4.375,6677
4.376,6676
4.376,6675
4.376,6674
4.376,6673
4.376,6672
4.377,6671
4.377,6670
4.377,6669
4.377,6668
4.377,6667
4.377,6666
4.377,6665
4.377,6664
4.377,6663
4.377,6662
4.378,6661
4.378,6660
4.379,6659
4.379,6658
4.379,6657
4.379,6656
4.379,6655
4.379,6654
4.379,6653
4.379,6652
4.379,6651
4.379,6650
4.380,6649
4.380,6648
4.380,6647
4.380,6646
4.380,6645
4.380,6644
4.380,6643
4.380,6642
4.380,6641
4.380,6640
4.380,6639
4.381,6638
4.381,6637
4.381,6636
4.382,6635
4.382,6634
4.382,6633
4.382,6632
4.382,6631
4.382,6630
4.382,6629
4.382,6628
4.382,6627
4.383,6626
4.383,6625
4.383,6624
4.383,6623
4.383,6622
4.384,6621
4.384,6620
4.384,6619
4.384,6618
4.384,6617
4.384,6616
4.384,6615
4.384,6614
4.385,6613
4.385,6612
4.385,6611
4.385,6610
4.385,6609
4.385,6608
4.385,6607
4.386,6606
4.386,6605
4.386,6604
4.386,6603
4.386,6602
4.386,6601
4.386,6600
4.386,6599
4.386,6598
4.386,6597
4.386,6596
4.386,6595
4.386,6594
4.387,6593
4.387,6592
4.387,6591
4.387,6590
4.387,6589
4.388,6588
4.388,6587
4.388,6586
4.388,6585
4.388,6584
4.388,6583
4.388,6582
4.388,6581
4.388,6580
4.388,6579
4.388,6578
4.388,6577
4.388,6576
4.388,6575
4.388,6574
4.388,6573
4.388,6572
4.388,6571
4.388,6570
4.388,6569
4.388,6568
4.388,6567
4.388,6566
4.388,6565
4.388,6564
4.388,6563
4.388,6562
4.388,6561
4.388,6560
4.388,6559
4.388,6558
4.388,6557
4.388,6556
4.388,6555
4.388,6554
4.388,6553
4.388,6552
4.388,6551
4.388,6550
4.388,6549
4.388,6548
4.388,6547
4.388,6546
4.388,6545
4.388,6544
4.388,6543
4.388,6542
4.388,6541
4.388,6540
4.388,6539
4.388,6538
4.388,6537
4.388,6536
4.388,6535
4.388,6534
4.388,6533
4.388,6532
4.388,6531
4.388,6530
4.388,6529
4.388,6528
4.388,6527
4.388,6526
4.388,6525
4.388,6524
4.388,6523
4.388,6522
4.388,6521
4.388,6520
4.388,6519
4.388,6518
4.388,6517
4.388,6516
4.388,6515
4.388,6514
4.388,6513
4.388,6512
4.388,6511
4.388,6510
4.388,6509
4.388,6508
4.388,6507
4.388,6506
4.388,6505
4.388,6504
4.388,6503
4.388,6502
4.388,6501
4.388,6500
4.388,6499
4.388,6498
4.388,6497
4.388,6496
4.388,6495
4.388,6494
4.388,6493
4.388,6492
4.388,6491
4.388,6490
4.388,6489
4.388,6488
4.388,6487
4.388,6486
4.388,6485
4.388,6484
4.388,6483
4.388,6482
4.388,6481
4.388,6480
4.388,6479
4.388,6478
4.388,6477
4.388,6476
4.388,6475
4.388,6474
4.388,6473
4.388,6472
4.404,6471
4.404,6470
4.404,6469
4.404,6468
4.405,6467
4.405,6466
4.405,6465
4.405,6464
4.406,6463
4.406,6462
4.406,6461
4.406,6460
4.407,6459
4.407,6458
4.407,6457
4.408,6456
4.408,6455
4.408,6454
4.408,6453
4.408,6452
4.408,6451
4.408,6450
4.408,6449
4.408,6448
4.408,6447
4.408,6446
4.408,6445
4.408,6444
4.408,6443
4.408,6442
4.408,6441
4.408,6440
4.408,6439
4.408,6438
4.408,6437
4.408,6436
4.408,6435
4.408,6434
4.408,6433
4.408,6432
4.408,6431
4.408,6430
4.408,6429
4.408,6428
4.408,6427
4.408,6426
4.408,6425
4.408,6424
4.408,6423
4.408,6422
4.408,6421
4.408,6420
4.408,6419
4.408,6418
4.408,6417
4.408,6416
4.408,6415
4.408,6414
4.408,6413
4.408,6412
4.408,6411
4.408,6410
4.408,6409
4.408,6408
4.408,6407
4.408,6406
4.408,6405
4.408,6404
4.408,6403
4.408,6402
4.408,6401
4.408,6400
4.408,6399
4.408,6398
4.408,6397
4.408,6396
4.408,6395
4.408,6394
4.408,6393
4.408,6392
4.408,6391
4.408,6390
4.408,6389
4.408,6388
4.408,6387
4.408,6386
4.408,6385
4.408,6384
4.408,6383
4.408,6382
4.408,6381
4.408,6380
4.408,6379
4.408,6378
4.408,6377
4.408,6376
4.408,6375
4.408,6374
4.408,6373
4.408,6372
4.408,6371
4.408,6370
4.408,6369
4.408,6368
4.408,6367
4.408,6366
4.408,6365
4.408,6364
4.408,6363
4.424,6362
4.424,6361
4.424,6360
4.424,6359
4.424,6358
4.425,6357
4.425,6356
4.425,6355
4.425,6354
4.425,6353
4.425,6352
4.425,6351
4.425,6350
4.426,6349
4.426,6348
4.426,6347
4.426,6346
4.427,6345
4.427,6344
4.427,6343
4.428,6342
4.428,6341
4.428,6340
4.429,6339
4.429,6338
4.429,6337
4.429,6336
4.430,6335
4.430,6334
4.430,6333
4.430,6332
4.430,6331
4.431,6330
4.431,6329
4.431,6328
4.431,6327
4.431,6326
4.431,6325
4.431,6324
4.431,6323
4.432,6322
4.432,6321
4.432,6320
4.432,6319
4.432,6318
4.432,6317
4.433,6316
4.433,6315
4.433,6314
4.433,6313
4.433,6312
4.433,6311
4.434,6310
4.434,6309
4.434,6308
4.434,6307
4.434,6306
4.435,6305
4.435,6304
4.435,6303
4.435,6302
4.435,6301
4.436,6300
4.436,6299
4.436,6298
4.436,6297
4.436,6296
4.436,6295
4.436,6294
4.437,6293
4.437,6292
4.437,6291
4.437,6290
4.438,6289
4.438,6288
4.438,6287
4.438,6286
4.438,6285
4.439,6284
4.439,6283
4.439,6282
4.439,6281
4.439,6280
4.439,6279
4.439,6278
4.439,6277
4.439,6276
4.439,6275
4.439,6274
4.439,6273
4.439,6272
4.439,6271
4.439,6270
4.439,6269
4.439,6268
4.439,6267
4.439,6266
4.439,6265
4.439,6264
4.439,6263
4.439,6262
4.439,6261
4.439,6260
4.439,6259
4.439,6258
4.439,6257
4.439,6256
4.439,6255
4.439,6254
4.439,6253
4.439,6252
4.439,6251
4.439,6250
4.439,6249
4.439,6248
4.439,6247
4.439,6246
4.439,6245
4.439,6244
4.439,6243
4.439,6242
4.439,6241
4.439,6240
4.439,6239
4.439,6238
4.439,6237
4.439,6236
4.439,6235
4.439,6234
4.439,6233
4.439,6232
4.439,6231
4.439,6230
4.439,6229
4.439,6228
4.439,6227
4.439,6226
4.439,6225
4.439,6224
4.439,6223
4.439,6222
4.439,6221
4.439,6220
4.439,6219
4.439,6218
4.439,6217
4.439,6216
4.439,6215
4.439,6214
4.439,6213
4.439,6212
4.439,6211
4.439,6210
4.439,6209
4.439,6208
4.439,6207
4.439,6206
4.439,6205
4.439,6204
4.439,6203
4.439,6202
4.439,6201
4.439,6200
4.439,6199
4.439,6198
4.439,6197
4.439,6196
4.439,6195
4.439,6194
4.439,6193
4.439,6192
4.439,6191
4.439,6190
4.439,6189
4.439,6188
4.439,6187
4.439,6186
4.439,6185
4.455,6184
4.455,6183
4.455,6182
4.455,6181
4.456,6180
4.456,6179
4.456,6178
4.457,6177
4.457,6176
4.457,6175
4.457,6174
4.458,6173
4.458,6172
4.458,6171
4.458,6170
4.458,6169
4.458,6168
4.458,6167
4.458,6166
4.458,6165
4.459,6164
4.459,6163
4.459,6162
4.459,6161
4.459,6160
4.459,6159
4.459,6158
4.459,6157
4.459,6156
4.459,6155
4.459,6154
4.459,6153
4.459,6152
4.459,6151
4.459,6150
4.459,6149
4.459,6148
4.459,6147
4.459,6146
4.459,6145
4.459,6144
4.459,6143
4.459,6142
4.459,6141
4.459,6140
4.459,6139
4.459,6138
4.459,6137
4.459,6136
4.459,6135
4.459,6134
4.459,6133
4.459,6132
4.459,6131
4.459,6130
4.459,6129
4.459,6128
4.459,6127
4.459,6126
4.459,6125
4.459,6124
4.459,6123
4.459,6122
4.459,6121
4.459,6120
4.459,6119
4.459,6118
4.459,6117
4.459,6116
4.459,6115
4.459,6114
4.459,6113
4.459,6112
4.459,6111
4.459,6110
4.459,6109
4.459,6108
4.459,6107
4.459,6106
4.459,6105
4.459,6104
4.459,6103
4.459,6102
4.459,6101
4.459,6100
4.459,6099
4.459,6098
4.459,6097
4.459,6096
4.459,6095
4.459,6094
4.459,6093
4.459,6092
4.459,6091
4.459,6090
4.459,6089
4.459,6088
4.459,6087
4.459,6086
4.475,6085
4.475,6084
4.476,6083
4.476,6082
4.476,6081
4.477,6080
4.477,6079
4.477,6078
4.477,6077
4.477,6076
4.478,6075
4.478,6074
4.478,6073
4.478,6072
4.478,6071
4.479,6070
4.479,6069
4.479,6068
4.480,6067
4.480,6066
4.480,6065
4.480,6064
4.480,6063
4.480,6062
4.480,6061
4.480,6060
4.480,6059
4.480,6058
4.480,6057
4.480,6056
4.480,6055
4.480,6054
4.480,6053
4.480,6052
4.480,6051
4.480,6050
4.480,6049
4.480,6048
4.480,6047
4.480,6046
4.480,6045
4.480,6044
4.480,6043
4.480,6042
4.480,6041
4.480,6040
4.480,6039
4.480,6038
4.480,6037
4.480,6036
4.480,6035
4.480,6034
4.480,6033
4.480,6032
4.480,6031
4.480,6030
4.480,6029
4.480,6028
4.480,6027
4.480,6026
4.480,6025
4.480,6024
4.480,6023
4.480,6022
4.480,6021
4.480,6020
4.480,6019
4.480,6018
4.480,6017
4.480,6016
4.480,6015
4.480,6014
4.480,6013
4.480,6012
4.480,6011
4.480,6010
4.480,6009
4.480,6008
4.480,6007
4.480,6006
4.480,6005
4.480,6004
4.480,6003
4.480,6002
4.480,6001
4.480,6000
4.480,5999
4.480,5998
4.480,5997
4.480,5996
4.480,5995
4.480,5994
4.480,5993
4.480,5992
4.480,5991
4.480,5990
4.480,5989
4.480,5988
4.480,5987
4.495,5986
4.496,5985
4.497,5984
4.497,5983
4.497,5982
4.497,5981
4.498,5980
4.498,5979
4.498,5978
4.499,5977
4.499,5976
4.499,5975
4.499,5974
4.499,5973
4.499,5972
4.499,5971
4.499,5970
4.499,5969
4.499,5968
4.499,5967
4.499,5966
4.499,5965
4.499,5964
4.499,5963
4.499,5962
4.499,5961
4.499,5960
4.499,5959
4.499,5958
4.499,5957
4.499,5956
4.499,5955
4.499,5954
4.499,5953
4.499,5952
4.499,5951
4.499,5950
4.499,5949
4.499,5948
4.499,5947
4.499,5946
4.499,5945
4.499,5944
4.499,5943
4.499,5942
4.499,5941
4.499,5940
4.499,5939
4.499,5938
4.499,5937
4.499,5936
4.499,5935
4.499,5934
4.499,5933
4.499,5932
4.499,5931
4.499,5930
4.499,5929
4.499,5928
4.499,5927
4.499,5926
4.499,5925
4.499,5924
4.499,5923
4.499,5922
4.499,5921
4.499,5920
4.499,5919
4.499,5918
4.499,5917
4.499,5916
4.499,5915
4.499,5914
4.499,5913
4.499,5912
4.499,5911
4.499,5910
4.499,5909
4.499,5908
4.499,5907
4.499,5906
4.499,5905
4.499,5904
4.499,5903
4.499,5902
4.499,5901
4.499,5900
4.499,5899
4.499,5898
4.499,5897
4.499,5896
4.499,5895
4.515,5894
4.516,5893
4.516,5892
4.516,5891
4.517,5890
4.517,5889
4.517,5888
4.519,5887
4.519,5886
4.519,5885
4.520,5884
4.521,5883
4.521,5882
4.521,5881
4.522,5880
4.522,5879
4.522,5878
4.522,5877
4.523,5876
4.523,5875
4.524,5874
4.524,5873
4.524,5872
4.524,5871
4.524,5870
4.524,5869
4.525,5868
4.525,5867
4.526,5866
4.526,5865
4.526,5864
4.526,5863
4.527,5862
4.527,5861
4.527,5860
4.527,5859
4.528,5858
4.529,5857
4.530,5856
4.531,5855
4.531,5854
4.531,5853
4.531,5852
4.531,5851
4.531,5850
4.531,5849
4.531,5848
4.531,5847
4.531,5846
4.531,5845
4.531,5844
4.531,5843
4.531,5842
4.531,5841
4.531,5840
4.531,5839
4.531,5838
4.531,5837
4.531,5836
4.531,5835
4.531,5834
4.531,5833
4.531,5832
4.531,5831
4.531,5830
4.531,5829
4.531,5828
4.531,5827
4.531,5826
4.531,5825
4.531,5824
4.531,5823
4.531,5822
4.531,5821
4.531,5820
4.531,5819
4.531,5818
4.531,5817
4.531,5816
4.531,5815
4.531,5814
4.531,5813
4.531,5812
4.531,5811
4.531,5810
4.531,5809
4.531,5808
4.531,5807
4.531,5806
4.531,5805
4.531,5804
4.531,5803
4.531,5802
4.531,5801
4.531,5800
4.531,5799
4.531,5798
4.531,5797
4.546,5796
4.547,5795
4.547,5794
4.547,5793
4.548,5792
4.548,5791
4.548,5790
4.548,5789
4.548,5788
4.549,5787
4.549,5786
4.550,5785
4.550,5784
4.550,5783
4.551,5782
4.551,5781
4.552,5780
4.552,5779
4.552,5778
4.553,5777
4.553,5776
4.553,5775
4.554,5774
4.554,5773
4.554,5772
4.555,5771
4.555,5770
4.555,5769
4.555,5768
4.556,5767
4.556,5766
4.556,5765
4.556,5764
4.556,5763
4.556,5762
4.557,5761
4.557,5760
4.558,5759
4.558,5758
4.558,5757
4.558,5756
4.558,5755
4.559,5754
4.559,5753
4.559,5752
4.560,5751
4.560,5750
4.560,5749
4.560,5748
4.560,5747
4.560,5746
4.560,5745
4.560,5744
4.560,5743
4.560,5742
4.560,5741
4.560,5740
4.560,5739
4.560,5738
4.560,5737
4.560,5736
4.560,5735
4.560,5734
4.560,5733
4.560,5732
4.560,5731
4.560,5730
4.560,5729
4.560,5728
4.560,5727
4.560,5726
4.560,5725
4.560,5724
4.560,5723
4.560,5722
4.560,5721
4.560,5720
4.560,5719
4.560,5718
4.560,5717
4.560,5716
4.560,5715
4.560,5714
4.560,5713
4.560,5712
4.560,5711
4.560,5710
4.560,5709
4.560,5708
4.560,5707
4.560,5706
4.560,5705
4.560,5704
4.560,5703
4.560,5702
4.560,5701
4.560,5700
4.560,5699
4.560,5698
4.560,5697
4.560,5696
4.560,5695
4.560,5694
4.560,5693
4.560,5692
4.560,5691
4.560,5690
4.560,5689
4.560,5688
4.560,5687
4.576,5686
4.576,5685
4.577,5684
4.577,5683
4.577,5682
4.578,5681
4.578,5680
4.579,5679
4.579,5678
4.580,5677
4.580,5676
4.580,5675
4.580,5674
4.580,5673
4.580,5672
4.580,5671
4.581,5670
4.581,5669
4.581,5668
4.581,5667
4.581,5666
4.581,5665
4.581,5664
4.581,5663
4.581,5662
4.581,5661
4.581,5660
4.581,5659
4.581,5658
4.581,5657
4.581,5656
4.581,5655
4.581,5654
4.581,5653
4.581,5652
4.581,5651
4.581,5650
4.581,5649
4.581,5648
4.581,5647
4.581,5646
4.581,5645
4.581,5644
4.581,5643
4.581,5642
4.581,5641
4.581,5640
4.581,5639
4.581,5638
4.581,5637
4.581,5636
4.581,5635
4.581,5634
4.581,5633
4.581,5632
4.581,5631
4.581,5630
4.581,5629
4.581,5628
4.581,5627
4.581,5626
4.581,5625
4.581,5624
4.581,5623
4.597,5622
4.597,5621
4.597,5620
4.597,5619
4.598,5618
4.598,5617
4.598,5616
4.599,5615
4.599,5614
4.600,5613
4.600,5612
4.600,5611
4.600,5610
4.601,5609
4.601,5608
4.601,5607
4.601,5606
4.601,5605
4.601,5604
4.601,5603
4.601,5602
4.602,5601
4.603,5600
4.603,5599
4.603,5598
4.603,5597
4.603,5596
4.603,5595
4.604,5594
4.604,5593
4.604,5592
4.605,5591
4.605,5590
4.606,5589
4.606,5588
4.607,5587
4.607,5586
4.607,5585
4.608,5584
4.608,5583
4.609,5582
4.609,5581
4.609,5580
4.610,5579
4.610,5578
4.610,5577
4.610,5576
4.610,5575
4.612,5574
4.612,5573
4.612,5572
4.612,5571
4.612,5570
4.612,5569
4.612,5568
4.612,5567
4.612,5566
4.612,5565
4.612,5564
4.612,5563
4.612,5562
4.612,5561
4.612,5560
4.612,5559
4.612,5558
4.612,5557
4.612,5556
4.612,5555
4.612,5554
4.612,5553
4.612,5552
4.612,5551
4.612,5550
4.612,5549
4.612,5548
4.612,5547
4.612,5546
4.612,5545
4.612,5544
4.612,5543
4.612,5542
4.612,5541
4.612,5540
4.612,5539
4.612,5538
4.612,5537
4.612,5536
4.612,5535
4.612,5534
4.612,5533
4.612,5532
4.612,5531
4.612,5530
4.628,5529
4.628,5528
4.629,5527
4.629,5526
4.630,5525
4.631,5524
4.631,5523
4.631,5522
4.632,5521
4.632,5520
4.633,5519
4.633,5518
4.634,5517
4.634,5516
4.634,5515
4.635,5514
4.635,5513
4.635,5512
4.635,5511
4.636,5510
4.637,5509
4.638,5508
4.638,5507
4.638,5506
4.639,5505
4.639,5504
4.640,5503
4.641,5502
4.641,5501
4.641,5500
4.641,5499
4.642,5498
4.642,5497
4.642,5496
4.642,5495
4.642,5494
4.642,5493
4.642,5492
4.642,5491
4.642,5490
4.642,5489
4.642,5488
4.642,5487
4.642,5486
4.642,5485
4.642,5484
4.642,5483
4.642,5482
4.642,5481
4.642,5480
4.642,5479
4.642,5478
4.642,5477
4.642,5476
4.642,5475
4.642,5474
4.642,5473
4.642,5472
4.642,5471
4.642,5470
4.642,5469
4.642,5468
4.642,5467
4.642,5466
4.658,5465
4.658,5464
4.658,5463
4.659,5462
4.661,5461
4.661,5460
4.662,5459
4.662,5458
4.662,5457
4.662,5456
4.662,5455
4.662,5454
4.662,5453
4.662,5452
4.662,5451
4.662,5450
4.662,5449
4.662,5448
4.662,5447
4.662,5446
4.662,5445
4.662,5444
4.662,5443
4.662,5442
4.662,5441
4.662,5440
4.662,5439
4.662,5438
4.662,5437
4.662,5436
4.662,5435
4.662,5434
4.662,5433
4.662,5432
4.662,5431
4.662,5430
4.678,5429
4.680,5428
4.681,5427
4.682,5426
4.682,5425
4.682,5424
4.682,5423
4.683,5422
4.683,5421
4.684,5420
4.684,5419
4.685,5418
4.685,5417
4.685,5416
4.686,5415
4.686,5414
4.686,5413
4.687,5412
4.688,5411
4.689,5410
4.689,5409
4.690,5408
4.691,5407
4.691,5406
4.691,5405
4.692,5404
4.693,5403
4.693,5402
4.693,5401
4.693,5400
4.693,5399
4.693,5398
4.693,5397
4.693,5396
4.693,5395
4.693,5394
4.693,5393
4.693,5392
4.693,5391
4.693,5390
4.693,5389
4.693,5388
4.693,5387
4.693,5386
4.693,5385
4.693,5384
4.693,5383
4.693,5382
4.693,5381
4.693,5380
4.693,5379
4.693,5378
4.693,5377
4.693,5376
4.693,5375
4.693,5374
4.693,5373
4.693,5372
4.693,5371
4.693,5370
4.693,5369
4.693,5368
4.693,5367
4.709,5366
4.709,5365
4.711,5364
4.712,5363
4.712,5362
4.713,5361
4.713,5360
4.713,5359
4.713,5358
4.713,5357
4.713,5356
4.713,5355
4.713,5354
4.713,5353
4.713,5352
4.713,5351
4.713,5350
4.713,5349
4.713,5348
4.713,5347
4.713,5346
4.713,5345
4.713,5344
4.713,5343
4.713,5342
4.731,5341
4.731,5340
4.732,5339
4.732,5338
4.734,5337
4.734,5336
4.736,5335
4.737,5334
4.739,5333
4.739,5332
4.740,5331
4.740,5330
4.741,5329
4.741,5328
4.742,5327
4.743,5326
4.744,5325
4.744,5324
4.744,5323
4.744,5322
4.744,5321
4.744,5320
4.744,5319
4.744,5318
4.744,5317
4.744,5316
4.744,5315
4.744,5314
4.744,5313
4.744,5312
4.744,5311
4.744,5310
4.744,5309
4.744,5308
4.744,5307
4.759,5306
4.761,5305
4.761,5304
4.762,5303
4.762,5302
4.764,5301
4.764,5300
4.764,5299
4.764,5298
4.764,5297
4.764,5296
4.764,5295
4.764,5294
4.764,5293
4.764,5292
4.780,5291
4.782,5290
4.783,5289
4.783,5288
4.784,5287
4.785,5286
4.785,5285
4.785,5284
4.787,5283
4.787,5282
4.787,5281
4.787,5280
4.788,5279
4.789,5278
4.790,5277
4.792,5276
4.792,5275
4.794,5274
4.794,5273
4.794,5272
4.794,5271
4.794,5270
4.794,5269
4.794,5268
4.814,5267
4.815,5266
4.815,5265
4.815,5264
4.815,5263
4.815,5262
4.815,5261
4.815,5260
4.815,5259
4.815,5258
4.815,5257
4.815,5256
4.815,5255
4.815,5254
4.815,5253
4.815,5252
4.815,5251
4.815,5250
4.815,5249
4.815,5248
4.815,5247
4.833,5246
4.834,5245
4.835,5244
4.836,5243
4.838,5242
4.838,5241
4.842,5240
4.843,5239
4.844,5238
4.844,5237
4.846,5236
4.851,5235
4.853,5234
4.853,5233
4.854,5232
4.855,5231
4.855,5230
4.855,5229
4.855,5228
4.855,5227
4.855,5226
4.855,5225
4.855,5224
4.855,5223
4.855,5222
4.855,5221
4.855,5220
4.855,5219
4.855,5218
4.871,5217
4.871,5216
4.875,5215
4.876,5214
4.876,5213
4.876,5212
4.876,5211
4.876,5210
4.876,5209
4.876,5208
4.876,5207
4.876,5206
4.876,5205
4.876,5204
4.876,5203
4.876,5202
4.896,5201
4.896,5200
4.896,5199
4.896,5198
4.896,5197
4.896,5196
4.896,5195
4.896,5194
4.896,5193
4.896,5192
4.896,5191
4.916,5190
4.916,5189
4.916,5188
4.916,5187
4.916,5186
4.916,5185
4.916,5184
4.916,5183
4.916,5182
4.916,5181
4.916,5180
4.932,5179
4.932,5178
4.935,5177
4.935,5176
4.939,5175
4.942,5174
4.947,5173
4.947,5172
4.947,5171
4.947,5170
4.947,5169
4.964,5168
4.966,5167
4.967,5166
4.967,5165
4.967,5164
4.967,5163
4.967,5162
4.967,5161
4.967,5160
4.967,5159
4.984,5158
4.984,5157
4.984,5156
4.985,5155
4.986,5154
4.987,5153
4.988,5152
4.988,5151
4.988,5150
5.007,5149
5.007,5148
5.007,5147
5.037,5146
5.038,5145
5.040,5144
5.046,5143
5.058,5142
5.058,5141
5.078,5140
5.079,5139
5.079,5138
5.079,5137
5.079,5136
5.079,5135
5.096,5134
5.100,5133
5.102,5132
5.109,5131
5.109,5130
5.109,5129
5.109,5128
5.128,5127
5.134,5126
5.138,5125
5.150,5124
5.150,5123
5.150,5122
5.170,5121
5.177,5120
5.180,5119
5.181,5118
5.199,5117
5.201,5116
5.217,5115
5.223,5114
5.240,5113
5.261,5112
5.299,5111
5.369,5110
5.383,5109
5.411,5108
5.480,5107
5.482,5106
5.488,5105
5.567,5104
5.588,5104
5.597,5103
5.668,5102
