4.165,8353
4.165,8352
4.165,8351
4.166,8350
4.166,8349
4.166,8348
4.166,8347
4.166,8346
4.166,8345
4.166,8344
4.166,8343
4.166,8342
4.166,8341
4.166,8340
4.166,8339
4.166,8338
4.167,8337
4.167,8336
4.167,8335
4.167,8334
4.167,8333
4.167,8332
4.167,8331
4.167,8330
4.167,8329
4.167,8328
4.167,8327
4.167,8326
4.167,8325
4.168,8324
4.168,8323
4.168,8322
4.168,8321
4.168,8320
4.168,8319
4.168,8318
4.168,8317
4.168,8316
4.168,8315
4.168,8314
4.168,8313
4.168,8312
4.169,8311
4.169,8310
4.169,8309
4.169,8308
4.169,8307
4.169,8306
4.169,8305
4.169,8304
4.169,8303
4.169,8302
4.169,8301
4.169,8300
4.169,8299
4.169,8298
4.169,8297
4.169,8296
4.169,8295
4.170,8294
4.170,8293
4.170,8292
4.170,8291
4.170,8290
4.170,8289
4.170,8288
4.170,8287
4.170,8286
4.170,8285
4.170,8284
4.170,8283
4.170,8282
4.170,8281
4.171,8280
4.171,8279
4.171,8278
4.171,8277
4.171,8276
4.171,8275
4.171,8274
4.171,8273
4.171,8272
4.171,8271
4.171,8270
4.171,8269
4.171,8268
4.171,8267
4.171,8266
4.172,8265
4.172,8264
4.172,8263
4.172,8262
4.172,8261
4.172,8260
4.172,8259
4.172,8258
4.172,8257
4.172,8256
4.172,8255
4.172,8254
4.172,8253
4.172,8252
4.172,8251
4.172,8250
4.173,8249
4.173,8248
4.173,8247
4.173,8246
4.173,8245
4.173,8244
4.173,8243
4.173,8242
4.173,8241
4.173,8240
4.173,8239
4.173,8238
4.173,8237
4.174,8236
4.174,8235
4.174,8234
4.174,8233
4.174,8232
4.174,8231
4.174,8230
4.174,8229
4.174,8228
4.174,8227
4.174,8226
4.174,8225
4.174,8224
4.174,8223
4.174,8222
4.174,8221
4.174,8220
4.174,8219
4.175,8218
4.175,8217
4.175,8216
4.175,8215
4.175,8214
4.175,8213
4.175,8212
4.175,8211
4.175,8210
4.175,8209
4.175,8208
4.175,8207
4.175,8206
4.175,8205
4.175,8204
4.175,8203
4.176,8202
4.176,8201
4.176,8200
4.176,8199
4.176,8198
4.176,8197
4.176,8196
4.176,8195
4.176,8194
4.176,8193
4.176,8192
4.176,8191
4.176,8190
4.176,8189
4.176,8188
4.177,8187
4.177,8186
4.177,8185
4.177,8184
4.177,8183
4.177,8182
4.177,8181
4.177,8180
4.177,8179
4.177,8178
4.177,8177
4.177,8176
4.177,8175
4.178,8174
4.178,8173
4.178,8172
4.178,8171
4.178,8170
4.178,8169
4.178,8168
4.178,8167
4.178,8166
4.178,8165
4.178,8164
4.178,8163
4.178,8162
4.178,8161
4.178,8160
4.178,8159
4.179,8158
4.179,8157
4.179,8156
4.179,8155
4.179,8154
4.179,8153
4.179,8152
4.179,8151
4.179,8150
4.179,8149
4.179,8148
4.179,8147
4.179,8146
4.179,8145
4.179,8144
4.180,8143
4.180,8142
4.180,8141
4.180,8140
4.180,8139
4.180,8138
4.180,8137
4.180,8136
4.180,8135
4.180,8134
4.180,8133
4.180,8132
4.180,8131
4.180,8130
4.180,8129
4.180,8128
4.181,8127
4.181,8126
4.181,8125
4.181,8124
4.181,8123
4.181,8122
4.181,8121
4.181,8120
4.181,8119
4.181,8118
4.182,8117
4.182,8116
4.182,8115
4.182,8114
4.182,8113
4.182,8112
4.182,8111
4.182,8110
4.182,8109
4.182,8108
4.182,8107
4.182,8106
4.182,8105
4.183,8104
4.183,8103
4.183,8102
4.183,8101
4.183,8100
4.183,8099
4.183,8098
4.183,8097
4.183,8096
4.183,8095
4.183,8094
4.183,8093
4.184,8092
4.184,8091
4.184,8090
4.184,8089
4.184,8088
4.184,8087
4.184,8086
4.184,8085
4.184,8084
4.184,8083
4.184,8082
4.184,8081
4.184,8080
4.184,8079
4.184,8078
4.184,8077
4.185,8076
4.185,8075
4.185,8074
4.185,8073
4.185,8072
4.185,8071
4.185,8070
4.185,8069
4.185,8068
4.185,8067
4.185,8066
4.186,8065
4.186,8064
4.186,8063
4.186,8062
4.186,8061
4.186,8060
4.186,8059
4.186,8058
4.186,8057
4.186,8056
4.186,8055
4.186,8054
4.186,8053
4.186,8052
4.186,8051
4.186,8050
4.186,8049
4.186,8048
4.186,8047
4.186,8046
4.186,8045
4.186,8044
4.186,8043
4.186,8042
4.186,8041
4.186,8040
4.186,8039
4.186,8038
4.186,8037
4.186,8036
4.186,8035
4.186,8034
4.186,8033
4.186,8032
4.186,8031
4.186,8030
4.186,8029
4.186,8028
4.186,8027
4.186,8026
4.186,8025
4.186,8024
4.186,8023
4.186,8022
4.186,8021
4.186,8020
4.186,8019
4.186,8018
4.186,8017
4.186,8016
4.186,8015
4.186,8014
4.186,8013
4.186,8012
4.186,8011
4.186,8010
4.186,8009
4.186,8008
4.186,8007
4.186,8006
4.186,8005
4.186,8004
4.186,8003
4.186,8002
4.186,8001
4.186,8000
4.186,7999
4.186,7998
4.186,7997
4.186,7996
4.186,7995
4.186,7994
4.186,7993
4.186,7992
4.186,7991
4.186,7990
4.186,7989
4.186,7988
4.186,7987
4.186,7986
4.186,7985
4.186,7984
4.186,7983
4.186,7982
4.186,7981
4.186,7980
4.186,7979
4.186,7978
4.186,7977
4.186,7976
4.186,7975
4.186,7974
4.186,7973
4.186,7972
4.186,7971
4.186,7970
4.186,7969
4.186,7968
4.186,7967
4.186,7966
4.186,7965
4.186,7964
4.186,7963
4.186,7962
4.186,7961
4.186,7960
4.186,7959
4.186,7958
4.186,7957
4.186,7956
4.186,7955
4.186,7954
4.186,7953
4.186,7952
4.186,7951
4.186,7950
4.186,7949
4.186,7948
4.186,7947
4.186,7946
4.186,7945
4.186,7944
4.186,7943
4.186,7942
4.186,7941
4.186,7940
4.186,7939
4.186,7938
4.186,7937
4.186,7936
4.186,7935
4.186,7934
4.186,7933
4.186,7932
4.186,7931
4.186,7930
4.186,7929
4.186,7928
4.186,7927
4.186,7926
4.186,7925
4.186,7924
4.186,7923
4.186,7922
4.186,7921
4.186,7920
4.186,7919
4.186,7918
4.186,7917
4.186,7916
4.186,7915
4.186,7914
4.186,7913
4.186,7912
4.186,7911
4.186,7910
4.186,7909
4.186,7908
4.186,7907
4.186,7906
4.186,7905
4.186,7904
4.186,7903
4.186,7902
4.186,7901
4.186,7900
4.186,7899
4.186,7898
4.186,7897
4.186,7896
4.186,7895
4.186,7894
4.186,7893
4.186,7892
4.186,7891
4.186,7890
4.186,7889
4.186,7888
4.186,7887
4.186,7886
4.186,7885
4.186,7884
4.186,7883
4.186,7882
4.186,7881
4.186,7880
4.186,7879
4.186,7878
4.186,7877
4.186,7876
4.186,7875
4.186,7874
4.186,7873
4.186,7872
4.186,7871
4.186,7870
4.186,7869
4.186,7868
4.186,7867
4.186,7866
4.186,7865
4.186,7864
4.186,7863
4.186,7862
4.202,7861
4.202,7860
4.202,7859
4.202,7858
4.202,7857
4.202,7856
4.202,7855
4.202,7854
4.202,7853
4.202,7852
4.202,7851
4.202,7850
4.202,7849
4.202,7848
4.203,7847
4.203,7846
4.203,7845
4.203,7844
4.203,7843
4.203,7842
4.203,7841
4.203,7840
4.203,7839
4.203,7838
4.203,7837
4.203,7836
4.203,7835
4.203,7834
4.203,7833
4.203,7832
4.204,7831
4.204,7830
4.204,7829
4.204,7828
4.204,7827
4.204,7826
4.204,7825
4.204,7824
4.204,7823
4.204,7822
4.204,7821
4.204,7820
4.205,7819
4.205,7818
4.205,7817
4.205,7816
4.205,7815
4.205,7814
4.205,7813
4.205,7812
4.205,7811
4.205,7810
4.205,7809
4.205,7808
4.205,7807
4.205,7806
4.206,7805
4.206,7804
4.206,7803
4.206,7802
4.206,7801
4.206,7800
4.206,7799
4.206,7798
4.206,7797
4.206,7796
4.206,7795
4.206,7794
4.206,7793
4.206,7792
4.206,7791
4.206,7790
4.206,7789
4.206,7788
4.206,7787
4.206,7786
4.206,7785
4.206,7784
4.206,7783
4.206,7782
4.206,7781
4.206,7780
4.206,7779
4.206,7778
4.206,7777
4.206,7776
4.206,7775
4.206,7774
4.206,7773
4.206,7772
4.206,7771
4.206,7770
4.206,7769
4.206,7768
4.206,7767
4.206,7766
4.206,7765
4.206,7764
4.206,7763
4.206,7762
4.206,7761
4.206,7760
4.206,7759
4.206,7758
4.206,7757
4.206,7756
4.206,7755
4.206,7754
4.206,7753
4.206,7752
4.206,7751
4.206,7750
4.206,7749
4.206,7748
4.206,7747
4.206,7746
4.206,7745
4.206,7744
4.206,7743
4.206,7742
4.206,7741
4.206,7740
4.206,7739
4.206,7738
4.206,7737
4.206,7736
4.206,7735
4.206,7734
4.206,7733
4.206,7732
4.206,7731
4.206,7730
4.206,7729
4.206,7728
4.206,7727
4.206,7726
4.206,7725
4.206,7724
4.206,7723
4.206,7722
4.206,7721
4.206,7720
4.206,7719
4.206,7718
4.206,7717
4.206,7716
4.206,7715
4.206,7714
4.206,7713
4.206,7712
4.206,7711
4.206,7710
4.206,7709
4.206,7708
4.206,7707
4.206,7706
4.206,7705
4.206,7704
4.206,7703
4.206,7702
4.206,7701
4.206,7700
4.206,7699
4.206,7698
4.206,7697
4.206,7696
4.206,7695
4.206,7694
4.206,7693
4.206,7692
4.206,7691
4.206,7690
4.206,7689
4.206,7688
4.206,7687
4.206,7686
4.206,7685
4.206,7684
4.206,7683
4.206,7682
4.206,7681
4.206,7680
4.206,7679
4.206,7678
4.206,7677
4.206,7676
4.206,7675
4.206,7674
4.206,7673
4.206,7672
4.206,7671
4.206,7670
4.206,7669
4.206,7668
4.206,7667
4.206,7666
4.206,7665
4.206,7664
4.206,7663
4.206,7662
4.206,7661
4.206,7660
4.206,7659
4.206,7658
4.206,7657
4.206,7656
4.206,7655
4.206,7654
4.206,7653
4.206,7652
4.206,7651
4.206,7650
4.206,7649
4.206,7648
4.206,7647
4.206,7646
4.206,7645
4.206,7644
4.206,7643
4.206,7642
4.206,7641
4.206,7640
4.206,7639
4.206,7638
4.206,7637
4.206,7636
4.206,7635
4.206,7634
4.206,7633
4.206,7632
4.206,7631
4.206,7630
4.206,7629
4.206,7628
4.206,7627
4.206,7626
4.206,7625
4.206,7624
4.206,7623
4.206,7622
4.206,7621
4.206,7620
4.206,7619
4.206,7618
4.206,7617
4.206,7616
4.206,7615
4.206,7614
4.206,7613
4.206,7612
4.206,7611
4.206,7610
4.206,7609
4.206,7608
4.206,7607
4.206,7606
4.206,7605
4.206,7604
4.206,7603
4.206,7602
4.206,7601
4.222,7600
4.222,7599
4.222,7598
4.222,7597
4.222,7596
4.222,7595
4.223,7594
4.223,7593
4.223,7592
4.223,7591
4.223,7590
4.223,7589
4.226,7588
4.226,7587
4.226,7586
4.226,7585
4.226,7584
4.226,7583
4.226,7582
4.226,7581
4.226,7580
4.226,7579
4.226,7578
4.227,7577
4.227,7576
4.227,7575
4.227,7574
4.227,7573
4.227,7572
4.227,7571
4.227,7570
4.227,7569
4.227,7568
4.227,7567
4.227,7566
4.227,7565
4.227,7564
4.227,7563
4.227,7562
4.227,7561
4.227,7560
4.227,7559
4.227,7558
4.227,7557
4.227,7556
4.227,7555
4.227,7554
4.227,7553
4.227,7552
4.227,7551
4.227,7550
4.227,7549
4.227,7548
4.227,7547
4.227,7546
4.227,7545
4.227,7544
4.227,7543
4.227,7542
4.227,7541
4.227,7540
4.227,7539
4.227,7538
4.227,7537
4.227,7536
4.227,7535
4.227,7534
4.227,7533
4.227,7532
4.227,7531
4.227,7530
4.227,7529
4.227,7528
4.227,7527
4.227,7526
4.227,7525
4.227,7524
4.227,7523
4.227,7522
4.227,7521
4.227,7520
4.227,7519
4.227,7518
4.227,7517
4.227,7516
4.227,7515
4.227,7514
4.227,7513
4.227,7512
4.227,7511
4.227,7510
4.227,7509
4.227,7508
4.227,7507
4.227,7506
4.227,7505
4.227,7504
4.227,7503
4.227,7502
4.227,7501
4.227,7500
4.227,7499
4.227,7498
4.227,7497
4.227,7496
4.227,7495
4.227,7494
4.227,7493
4.227,7492
4.227,7491
4.227,7490
4.227,7489
4.227,7488
4.227,7487
4.227,7486
4.227,7485
4.227,7484
4.227,7483
4.227,7482
4.227,7481
4.227,7480
4.227,7479
4.227,7478
4.227,7477
4.227,7476
4.227,7475
4.227,7474
4.227,7473
4.227,7472
4.227,7471
4.227,7470
4.227,7469
4.227,7468
4.227,7467
4.227,7466
4.227,7465
4.227,7464
4.227,7463
4.227,7462
4.227,7461
4.227,7460
4.227,7459
4.227,7458
4.227,7457
4.227,7456
4.227,7455
4.227,7454
4.227,7453
4.227,7452
4.227,7451
4.227,7450
4.227,7449
4.227,7448
4.227,7447
4.227,7446
4.227,7445
4.227,7444
4.227,7443
4.227,7442
4.227,7441
4.227,7440
4.227,7439
4.227,7438
4.227,7437
4.227,7436
4.227,7435
4.227,7434
4.227,7433
4.227,7432
4.227,7431
4.227,7430
4.227,7429
4.227,7428
4.227,7427
4.227,7426
4.227,7425
4.227,7424
4.227,7423
4.227,7422
4.227,7421
4.227,7420
4.227,7419
4.227,7418
4.227,7417
4.227,7416
4.227,7415
4.227,7414
4.227,7413
4.227,7412
4.227,7411
4.227,7410
4.227,7409
4.227,7408
4.227,7407
4.227,7406
4.227,7405
4.242,7404
4.242,7403
4.242,7402
4.242,7401
4.243,7400
4.243,7399
4.243,7398
4.243,7397
4.243,7396
4.243,7395
4.243,7394
4.244,7393
4.244,7392
4.244,7391
4.244,7390
4.244,7389
4.244,7388
4.244,7387
4.244,7386
4.244,7385
4.245,7384
4.245,7383
4.245,7382
4.245,7381
4.245,7380
4.245,7379
4.245,7378
4.245,7377
4.245,7376
4.245,7375
4.245,7374
4.246,7373
4.246,7372
4.246,7371
4.246,7370
4.246,7369
4.246,7368
4.246,7367
4.246,7366
4.246,7365
4.246,7364
4.246,7363
4.246,7362
4.247,7361
4.247,7360
4.247,7359
4.247,7358
4.247,7357
4.247,7356
4.247,7355
4.247,7354
4.247,7353
4.247,7352
4.247,7351
4.247,7350
4.247,7349
4.247,7348
4.247,7347
4.247,7346
4.247,7345
4.247,7344
4.247,7343
4.247,7342
4.247,7341
4.247,7340
4.247,7339
4.247,7338
4.247,7337
4.247,7336
4.247,7335
4.247,7334
4.247,7333
4.247,7332
4.247,7331
4.247,7330
4.247,7329
4.247,7328
4.247,7327
4.247,7326
4.247,7325
4.247,7324
4.247,7323
4.247,7322
4.247,7321
4.247,7320
4.247,7319
4.247,7318
4.247,7317
4.247,7316
4.247,7315
4.247,7314
4.247,7313
4.247,7312
4.247,7311
4.247,7310
4.247,7309
4.247,7308
4.247,7307
4.247,7306
4.247,7305
4.247,7304
4.247,7303
4.247,7302
4.247,7301
4.247,7300
4.247,7299
4.247,7298
4.247,7297
4.247,7296
4.247,7295
4.247,7294
4.247,7293
4.247,7292
4.247,7291
4.247,7290
4.247,7289
4.247,7288
4.247,7287
4.247,7286
4.247,7285
4.247,7284
4.247,7283
4.247,7282
4.247,7281
4.247,7280
4.247,7279
4.247,7278
4.247,7277
4.247,7276
4.247,7275
4.247,7274
4.247,7273
4.247,7272
4.247,7271
4.247,7270
4.247,7269
4.247,7268
4.247,7267
4.247,7266
4.247,7265
4.247,7264
4.247,7263
4.247,7262
4.247,7261
4.247,7260
4.247,7259
4.247,7258
4.247,7257
4.247,7256
4.247,7255
4.247,7254
4.247,7253
4.247,7252
4.247,7251
4.247,7250
4.247,7249
4.247,7248
4.247,7247
4.247,7246
4.247,7245
4.247,7244
4.247,7243
4.247,7242
4.247,7241
4.247,7240
4.247,7239
4.247,7238
4.247,7237
4.247,7236
4.247,7235
4.247,7234
4.247,7233
4.247,7232
4.247,7231
4.247,7230
4.247,7229
4.247,7228
4.247,7227
4.247,7226
4.247,7225
4.247,7224
4.247,7223
4.247,7222
4.247,7221
4.247,7220
4.247,7219
4.247,7218
4.247,7217
4.247,7216
4.247,7215
4.247,7214
4.247,7213
4.247,7212
4.247,7211
4.247,7210
4.247,7209
4.247,7208
4.247,7207
4.247,7206
4.247,7205
4.262,7204
4.262,7203
4.262,7202
4.263,7201
4.263,7200
4.263,7199
4.263,7198
4.263,7197
4.263,7196
4.263,7195
4.263,7194
4.263,7193
4.263,7192
4.264,7191
4.264,7190
4.264,7189
4.264,7188
4.264,7187
4.264,7186
4.264,7185
4.264,7184
4.264,7183
4.265,7182
4.265,7181
4.265,7180
4.265,7179
4.265,7178
4.265,7177
4.265,7176
4.265,7175
4.265,7174
4.266,7173
4.266,7172
4.266,7171
4.266,7170
4.266,7169
4.266,7168
4.266,7167
4.267,7166
4.267,7165
4.267,7164
4.267,7163
4.267,7162
4.267,7161
4.267,7160
4.267,7159
4.268,7158
4.268,7157
4.268,7156
4.268,7155
4.268,7154
4.268,7153
4.268,7152
4.268,7151
4.268,7150
4.269,7149
4.269,7148
4.269,7147
4.269,7146
4.269,7145
4.269,7144
4.269,7143
4.269,7142
4.269,7141
4.269,7140
4.269,7139
4.270,7138
4.270,7137
4.270,7136
4.270,7135
4.270,7134
4.270,7133
4.270,7132
4.270,7131
4.270,7130
4.270,7129
4.270,7128
4.271,7127
4.271,7126
4.271,7125
4.271,7124
4.271,7123
4.272,7122
4.272,7121
4.272,7120
4.272,7119
4.272,7118
4.272,7117
4.272,7116
4.272,7115
4.272,7114
4.272,7113
4.273,7112
4.273,7111
4.273,7110
4.273,7109
4.273,7108
4.273,7107
4.273,7106
4.273,7105
4.273,7104
4.273,7103
4.273,7102
4.273,7101
4.274,7100
4.274,7099
4.274,7098
4.274,7097
4.274,7096
4.274,7095
4.274,7094
4.274,7093
4.274,7092
4.274,7091
4.274,7090
4.275,7089
4.275,7088
4.275,7087
4.275,7086
4.275,7085
4.275,7084
4.275,7083
4.275,7082
4.275,7081
4.275,7080
4.275,7079
4.276,7078
4.276,7077
4.276,7076
4.276,7075
4.276,7074
4.276,7073
4.276,7072
4.277,7071
4.277,7070
4.277,7069
4.277,7068
4.277,7067
4.277,7066
4.277,7065
4.277,7064
4.278,7063
4.278,7062
4.278,7061
4.278,7060
4.278,7059
4.278,7058
4.278,7057
4.278,7056
4.278,7055
4.278,7054
4.279,7053
4.279,7052
4.279,7051
4.279,7050
4.279,7049
4.279,7048
4.279,7047
4.279,7046
4.279,7045
4.279,7044
4.280,7043
4.280,7042
4.280,7041
4.280,7040
4.280,7039
4.280,7038
4.280,7037
4.280,7036
4.280,7035
4.280,7034
4.280,7033
4.281,7032
4.281,7031
4.281,7030
4.281,7029
4.281,7028
4.281,7027
4.281,7026
4.281,7025
4.281,7024
4.282,7023
4.282,7022
4.282,7021
4.282,7020
4.282,7019
4.282,7018
4.282,7017
4.282,7016
4.282,7015
4.283,7014
4.283,7013
4.283,7012
4.283,7011
4.283,7010
4.284,7009
4.284,7008
4.284,7007
4.284,7006
4.284,7005
4.284,7004
4.284,7003
4.284,7002
4.285,7001
4.285,7000
4.285,6999
4.285,6998
4.285,6997
4.285,6996
4.285,6995
4.285,6994
4.285,6993
4.285,6992
4.285,6991
4.286,6990
4.286,6989
4.286,6988
4.286,6987
4.286,6986
4.286,6985
4.286,6984
4.286,6983
4.287,6982
4.287,6981
4.287,6980
4.287,6979
4.287,6978
4.287,6977
4.287,6976
4.287,6975
4.287,6974
4.287,6973
4.287,6972
4.287,6971
4.287,6970
4.287,6969
4.287,6968
4.287,6967
4.287,6966
4.287,6965
4.287,6964
4.287,6963
4.287,6962
4.287,6961
4.287,6960
4.287,6959
4.287,6958
4.287,6957
4.287,6956
4.287,6955
4.287,6954
4.287,6953
4.287,6952
4.287,6951
4.287,6950
4.287,6949
4.287,6948
4.287,6947
4.287,6946
4.287,6945
4.287,6944
4.287,6943
4.287,6942
4.287,6941
4.287,6940
4.287,6939
4.287,6938
4.287,6937
4.287,6936
4.287,6935
4.287,6934
4.287,6933
4.287,6932
4.287,6931
4.287,6930
4.287,6929
4.287,6928
4.287,6927
4.287,6926
4.287,6925
4.287,6924
4.287,6923
4.287,6922
4.287,6921
4.287,6920
4.287,6919
4.287,6918
4.287,6917
4.287,6916
4.287,6915
4.287,6914
4.287,6913
4.287,6912
4.287,6911
4.287,6910
4.287,6909
4.287,6908
4.287,6907
4.287,6906
4.287,6905
4.287,6904
4.287,6903
4.287,6902
4.287,6901
4.287,6900
4.287,6899
4.287,6898
4.287,6897
4.287,6896
4.287,6895
4.287,6894
4.287,6893
4.287,6892
4.287,6891
4.287,6890
4.287,6889
4.287,6888
4.287,6887
4.287,6886
4.287,6885
4.287,6884
4.287,6883
4.287,6882
4.287,6881
4.287,6880
4.287,6879
4.287,6878
4.287,6877
4.287,6876
4.287,6875
4.287,6874
4.287,6873
4.287,6872
4.287,6871
4.287,6870
4.287,6869
4.287,6868
4.287,6867
4.287,6866
4.287,6865
4.287,6864
4.287,6863
4.287,6862
4.287,6861
4.287,6860
4.287,6859
4.287,6858
4.287,6857
4.287,6856
4.287,6855
4.287,6854
4.287,6853
4.287,6852
4.287,6851
4.287,6850
4.287,6849
4.287,6848
4.287,6847
4.287,6846
4.287,6845
4.287,6844
4.287,6843
4.287,6842
4.287,6841
4.287,6840
4.303,6839
4.304,6838
4.304,6837
4.304,6836
4.304,6835
4.304,6834
4.304,6833
4.304,6832
4.304,6831
4.305,6830
4.305,6829
4.305,6828
4.305,6827
4.305,6826
4.305,6825
4.305,6824
4.306,6823
4.306,6822
4.306,6821
4.306,6820
4.306,6819
4.306,6818
4.306,6817
4.306,6816
4.306,6815
4.306,6814
4.307,6813
4.307,6812
4.307,6811
4.307,6810
4.307,6809
4.307,6808
4.308,6807
4.308,6806
4.308,6805
4.308,6804
4.308,6803
4.308,6802
4.308,6801
4.308,6800
4.308,6799
4.308,6798
4.308,6797
4.308,6796
4.308,6795
4.308,6794
4.308,6793
4.308,6792
4.308,6791
4.308,6790
4.308,6789
4.308,6788
4.308,6787
4.308,6786
4.308,6785
4.308,6784
4.308,6783
4.308,6782
4.308,6781
4.308,6780
4.308,6779
4.308,6778
4.308,6777
4.308,6776
4.308,6775
4.308,6774
4.308,6773
4.308,6772
4.308,6771
4.308,6770
4.308,6769
4.308,6768
4.308,6767
4.308,6766
4.308,6765
4.308,6764
4.308,6763
4.308,6762
4.308,6761
4.308,6760
4.308,6759
4.308,6758
4.308,6757
4.308,6756
4.308,6755
4.308,6754
4.308,6753
4.308,6752
4.308,6751
4.308,6750
4.308,6749
4.308,6748
4.308,6747
4.308,6746
4.308,6745
4.308,6744
4.308,6743
4.308,6742
4.308,6741
4.308,6740
4.308,6739
4.308,6738
4.308,6737
4.308,6736
4.308,6735
4.308,6734
4.308,6733
4.308,6732
4.308,6731
4.308,6730
4.308,6729
4.308,6728
4.308,6727
4.308,6726
4.308,6725
4.308,6724
4.308,6723
4.308,6722
4.308,6721
4.308,6720
4.308,6719
4.308,6718
4.308,6717
4.308,6716
4.308,6715
4.308,6714
4.308,6713
4.308,6712
4.308,6711
4.308,6710
4.308,6709
4.308,6708
4.308,6707
4.308,6706
4.308,6705
4.308,6704
4.308,6703
4.308,6702
4.308,6701
4.308,6700
4.308,6699
4.308,6698
4.308,6697
4.308,6696
4.308,6695
4.308,6694
4.308,6693
4.308,6692
4.308,6691
4.308,6690
4.308,6689
4.308,6688
4.308,6687
4.308,6686
4.308,6685
4.308,6684
4.308,6683
4.308,6682
4.308,6681
4.308,6680
4.308,6679
4.308,6678
4.308,6677
4.308,6676
4.308,6675
4.308,6674
4.308,6673
4.308,6672
4.308,6671
4.308,6670
4.323,6669
4.323,6668
4.323,6667
4.323,6666
4.323,6665
4.324,6664
4.324,6663
4.324,6662
4.324,6661
4.324,6660
4.324,6659
4.324,6658
4.324,6657
4.324,6656
4.324,6655
4.324,6654
4.325,6653
4.325,6652
4.325,6651
4.325,6650
4.325,6649
4.325,6648
4.325,6647
4.325,6646
4.326,6645
4.326,6644
4.326,6643
4.327,6642
4.328,6641
4.329,6640
4.329,6639
4.329,6638
4.330,6637
4.330,6636
4.330,6635
4.330,6634
4.330,6633
4.330,6632
4.330,6631
4.330,6630
4.330,6629
4.330,6628
4.331,6627
4.331,6626
4.331,6625
4.331,6624
4.331,6623
4.331,6622
4.331,6621
4.331,6620
4.332,6619
4.332,6618
4.332,6617
4.332,6616
4.332,6615
4.332,6614
4.333,6613
4.333,6612
4.333,6611
4.333,6610
4.333,6609
4.334,6608
4.334,6607
4.334,6606
4.334,6605
4.334,6604
4.334,6603
4.335,6602
4.335,6601
4.335,6600
4.335,6599
4.335,6598
4.335,6597
4.336,6596
4.336,6595
4.336,6594
4.336,6593
4.336,6592
4.336,6591
4.337,6590
4.337,6589
4.337,6588
4.337,6587
4.337,6586
4.337,6585
4.337,6584
4.337,6583
4.338,6582
4.338,6581
4.338,6580
4.338,6579
4.338,6578
4.338,6577
4.338,6576
4.338,6575
4.338,6574
4.338,6573
4.338,6572
4.338,6571
4.338,6570
4.338,6569
4.338,6568
4.338,6567
4.338,6566
4.338,6565
4.338,6564
4.338,6563
4.338,6562
4.338,6561
4.338,6560
4.338,6559
4.338,6558
4.338,6557
4.338,6556
4.338,6555
4.338,6554
4.338,6553
4.338,6552
4.338,6551
4.338,6550
4.338,6549
4.338,6548
4.338,6547
4.338,6546
4.338,6545
4.338,6544
4.338,6543
4.338,6542
4.338,6541
4.338,6540
4.338,6539
4.338,6538
4.338,6537
4.338,6536
4.338,6535
4.338,6534
4.338,6533
4.338,6532
4.338,6531
4.338,6530
4.338,6529
4.338,6528
4.338,6527
4.338,6526
4.338,6525
4.338,6524
4.338,6523
4.338,6522
4.338,6521
4.338,6520
4.338,6519
4.338,6518
4.338,6517
4.338,6516
4.338,6515
4.338,6514
4.338,6513
4.338,6512
4.338,6511
4.338,6510
4.338,6509
4.338,6508
4.338,6507
4.338,6506
4.338,6505
4.338,6504
4.338,6503
4.338,6502
4.338,6501
4.338,6500
4.338,6499
4.338,6498
4.338,6497
4.338,6496
4.338,6495
4.338,6494
4.338,6493
4.338,6492
4.338,6491
4.338,6490
4.338,6489
4.338,6488
4.338,6487
4.338,6486
4.338,6485
4.338,6484
4.338,6483
4.338,6482
4.338,6481
4.338,6480
4.338,6479
4.354,6478
4.354,6477
4.354,6476
4.354,6475
4.354,6474
4.355,6473
4.355,6472
4.355,6471
4.355,6470
4.356,6469
4.356,6468
4.356,6467
4.356,6466
4.356,6465
4.356,6464
4.356,6463
4.356,6462
4.357,6461
4.357,6460
4.357,6459
4.357,6458
4.357,6457
4.357,6456
4.357,6455
4.358,6454
4.358,6453
4.358,6452
4.358,6451
4.358,6450
4.358,6449
4.358,6448
4.358,6447
4.358,6446
4.358,6445
4.358,6444
4.358,6443
4.358,6442
4.358,6441
4.358,6440
4.358,6439
4.358,6438
4.358,6437
4.358,6436
4.358,6435
4.358,6434
4.358,6433
4.358,6432
4.358,6431
4.358,6430
4.358,6429
4.358,6428
4.358,6427
4.358,6426
4.358,6425
4.358,6424
4.358,6423
4.358,6422
4.358,6421
4.358,6420
4.358,6419
4.358,6418
4.358,6417
4.358,6416
4.358,6415
4.358,6414
4.358,6413
4.358,6412
4.358,6411
4.358,6410
4.358,6409
4.358,6408
4.358,6407
4.358,6406
4.358,6405
4.358,6404
4.358,6403
4.358,6402
4.358,6401
4.358,6400
4.358,6399
4.358,6398
4.358,6397
4.358,6396
4.358,6395
4.358,6394
4.358,6393
4.358,6392
4.358,6391
4.358,6390
4.358,6389
4.358,6388
4.358,6387
4.358,6386
4.358,6385
4.358,6384
4.358,6383
4.358,6382
4.358,6381
4.358,6380
4.358,6379
4.358,6378
4.358,6377
4.358,6376
4.358,6375
4.358,6374
4.358,6373
4.358,6372
4.358,6371
4.358,6370
4.358,6369
4.358,6368
4.358,6367
4.358,6366
4.358,6365
4.358,6364
4.358,6363
4.358,6362
4.358,6361
4.358,6360
4.358,6359
4.358,6358
4.358,6357
4.358,6356
4.358,6355
4.358,6354
4.358,6353
4.358,6352
4.358,6351
4.358,6350
4.358,6349
4.358,6348
4.358,6347
4.358,6346
4.375,6345
4.375,6344
4.375,6343
4.375,6342
4.375,6341
4.376,6340
4.376,6339
4.376,6338
4.376,6337
4.376,6336
4.376,6335
4.377,6334
4.377,6333
4.377,6332
4.377,6331
4.377,6330
4.378,6329
4.378,6328
4.378,6327
4.378,6326
4.379,6325
4.379,6324
4.379,6323
4.379,6322
4.379,6321
4.379,6320
4.379,6319
4.379,6318
4.379,6317
4.380,6316
4.380,6315
4.380,6314
4.380,6313
4.381,6312
4.381,6311
4.381,6310
4.381,6309
4.381,6308
4.381,6307
4.381,6306
4.382,6305
4.382,6304
4.382,6303
4.382,6302
4.382,6301
4.382,6300
4.383,6299
4.383,6298
4.383,6297
4.383,6296
4.383,6295
4.383,6294
4.384,6293
4.384,6292
4.384,6291
4.384,6290
4.384,6289
4.385,6288
4.385,6287
4.385,6286
4.385,6285
4.385,6284
4.385,6283
4.385,6282
4.386,6281
4.386,6280
4.386,6279
4.386,6278
4.386,6277
4.386,6276
4.386,6275
4.386,6274
4.387,6273
4.387,6272
4.387,6271
4.387,6270
4.388,6269
4.388,6268
4.388,6267
4.389,6266
4.389,6265
4.389,6264
4.389,6263
4.389,6262
4.389,6261
4.389,6260
4.389,6259
4.389,6258
4.389,6257
4.389,6256
4.389,6255
4.389,6254
4.389,6253
4.389,6252
4.389,6251
4.389,6250
4.389,6249
4.389,6248
4.389,6247
4.389,6246
4.389,6245
4.389,6244
4.389,6243
4.389,6242
4.389,6241
4.389,6240
4.389,6239
4.389,6238
4.389,6237
4.389,6236
4.389,6235
4.389,6234
4.389,6233
4.389,6232
4.389,6231
4.389,6230
4.389,6229
4.389,6228
4.389,6227
4.389,6226
4.389,6225
4.389,6224
4.389,6223
4.389,6222
4.389,6221
4.389,6220
4.389,6219
4.389,6218
4.389,6217
4.389,6216
4.389,6215
4.389,6214
4.389,6213
4.389,6212
4.389,6211
4.389,6210
4.389,6209
4.389,6208
4.389,6207
4.389,6206
4.389,6205
4.389,6204
4.389,6203
4.389,6202
4.389,6201
4.389,6200
4.389,6199
4.389,6198
4.389,6197
4.389,6196
4.389,6195
4.389,6194
4.389,6193
4.389,6192
4.389,6191
4.389,6190
4.389,6189
4.389,6188
4.389,6187
4.389,6186
4.389,6185
4.389,6184
4.389,6183
4.389,6182
4.389,6181
4.405,6180
4.405,6179
4.405,6178
4.405,6177
4.406,6176
4.406,6175
4.406,6174
4.406,6173
4.407,6172
4.407,6171
4.407,6170
4.407,6169
4.407,6168
4.407,6167
4.408,6166
4.408,6165
4.408,6164
4.408,6163
4.408,6162
4.408,6161
4.409,6160
4.409,6159
4.409,6158
4.409,6157
4.409,6156
4.409,6155
4.409,6154
4.409,6153
4.409,6152
4.409,6151
4.409,6150
4.409,6149
4.409,6148
4.409,6147
4.409,6146
4.409,6145
4.409,6144
4.409,6143
4.409,6142
4.409,6141
4.409,6140
4.409,6139
4.409,6138
4.409,6137
4.409,6136
4.409,6135
4.409,6134
4.409,6133
4.409,6132
4.409,6131
4.409,6130
4.409,6129
4.409,6128
4.409,6127
4.409,6126
4.409,6125
4.409,6124
4.409,6123
4.409,6122
4.409,6121
4.409,6120
4.409,6119
4.409,6118
4.409,6117
4.409,6116
4.409,6115
4.409,6114
4.409,6113
4.409,6112
4.409,6111
4.409,6110
4.409,6109
4.409,6108
4.409,6107
4.409,6106
4.409,6105
4.409,6104
4.409,6103
4.409,6102
4.409,6101
4.409,6100
4.409,6099
4.409,6098
4.409,6097
4.409,6096
4.409,6095
4.409,6094
4.409,6093
4.409,6092
4.409,6091
4.409,6090
4.409,6089
4.425,6088
4.425,6087
4.425,6086
4.425,6085
4.426,6084
4.426,6083
4.426,6082
4.426,6081
4.426,6080
4.426,6079
4.427,6078
4.427,6077
4.427,6076
4.427,6075
4.427,6074
4.427,6073
4.427,6072
4.428,6071
4.428,6070
4.428,6069
4.429,6068
4.429,6067
4.429,6066
4.429,6065
4.429,6064
4.429,6063
4.430,6062
4.430,6061
4.430,6060
4.430,6059
4.430,6058
4.430,6057
4.430,6056
4.430,6055
4.430,6054
4.430,6053
4.431,6052
4.431,6051
4.431,6050
4.431,6049
4.431,6048
4.432,6047
4.432,6046
4.432,6045
4.432,6044
4.432,6043
4.432,6042
4.432,6041
4.432,6040
4.433,6039
4.433,6038
4.433,6037
4.434,6036
4.434,6035
4.434,6034
4.434,6033
4.434,6032
4.434,6031
4.435,6030
4.435,6029
4.435,6028
4.436,6027
4.436,6026
4.436,6025
4.436,6024
4.436,6023
4.437,6022
4.437,6021
4.437,6020
4.438,6019
4.438,6018
4.438,6017
4.439,6016
4.439,6015
4.439,6014
4.439,6013
4.439,6012
4.440,6011
4.440,6010
4.440,6009
4.440,6008
4.440,6007
4.440,6006
4.440,6005
4.440,6004
4.440,6003
4.440,6002
4.440,6001
4.440,6000
4.440,5999
4.440,5998
4.440,5997
4.440,5996
4.440,5995
4.440,5994
4.440,5993
4.440,5992
4.440,5991
4.440,5990
4.440,5989
4.440,5988
4.440,5987
4.440,5986
4.440,5985
4.440,5984
4.440,5983
4.440,5982
4.440,5981
4.440,5980
4.440,5979
4.440,5978
4.440,5977
4.440,5976
4.440,5975
4.440,5974
4.440,5973
4.440,5972
4.440,5971
4.440,5970
4.440,5969
4.440,5968
4.440,5967
4.440,5966
4.440,5965
4.440,5964
4.440,5963
4.440,5962
4.440,5961
4.440,5960
4.440,5959
4.440,5958
4.440,5957
4.440,5956
4.440,5955
4.440,5954
4.440,5953
4.440,5952
4.440,5951
4.440,5950
4.440,5949
4.455,5948
4.456,5947
4.457,5946
4.457,5945
4.457,5944
4.458,5943
4.459,5942
4.460,5941
4.460,5940
4.460,5939
4.460,5938
4.460,5937
4.460,5936
4.460,5935
4.460,5934
4.460,5933
4.460,5932
4.460,5931
4.460,5930
4.460,5929
4.460,5928
4.460,5927
4.460,5926
4.460,5925
4.460,5924
4.460,5923
4.460,5922
4.460,5921
4.460,5920
4.460,5919
4.460,5918
4.460,5917
4.460,5916
4.460,5915
4.460,5914
4.460,5913
4.460,5912
4.460,5911
4.460,5910
4.460,5909
4.460,5908
4.460,5907
4.460,5906
4.460,5905
4.460,5904
4.460,5903
4.460,5902
4.460,5901
4.460,5900
4.460,5899
4.460,5898
4.460,5897
4.460,5896
4.460,5895
4.460,5894
4.460,5893
4.460,5892
4.460,5891
4.460,5890
4.460,5889
4.460,5888
4.476,5887
4.476,5886
4.476,5885
4.477,5884
4.477,5883
4.477,5882
4.477,5881
4.477,5880
4.477,5879
4.477,5878
4.478,5877
4.478,5876
4.478,5875
4.479,5874
4.479,5873
4.479,5872
4.479,5871
4.479,5870
4.480,5869
4.480,5868
4.481,5867
4.481,5866
4.481,5865
4.481,5864
4.481,5863
4.481,5862
4.481,5861
4.482,5860
4.482,5859
4.482,5858
4.482,5857
4.483,5856
4.483,5855
4.483,5854
4.483,5853
4.483,5852
4.484,5851
4.484,5850
4.484,5849
4.484,5848
4.484,5847
4.484,5846
4.485,5845
4.485,5844
4.485,5843
4.485,5842
4.487,5841
4.487,5840
4.487,5839
4.487,5838
4.487,5837
4.488,5836
4.488,5835
4.488,5834
4.488,5833
4.488,5832
4.488,5831
4.488,5830
4.489,5829
4.490,5828
4.490,5827
4.490,5826
4.491,5825
4.491,5824
4.491,5823
4.491,5822
4.491,5821
4.492,5820
4.492,5819
4.492,5818
4.492,5817
4.492,5816
4.492,5815
4.493,5814
4.494,5813
4.494,5812
4.494,5811
4.495,5810
4.495,5809
4.496,5808
4.496,5807
4.496,5806
4.496,5805
4.496,5804
4.497,5803
4.497,5802
4.497,5801
4.498,5800
4.498,5799
4.498,5798
4.499,5797
4.499,5796
4.500,5795
4.500,5794
4.500,5793
4.502,5792
4.502,5791
4.502,5790
4.502,5789
4.502,5788
4.502,5787
4.503,5786
4.504,5785
4.504,5784
4.504,5783
4.504,5782
4.504,5781
4.504,5780
4.505,5779
4.505,5778
4.505,5777
4.506,5776
4.506,5775
4.507,5774
4.507,5773
4.507,5772
4.507,5771
4.508,5770
4.508,5769
4.508,5768
4.508,5767
4.509,5766
4.509,5765
4.509,5764
4.509,5763
4.509,5762
4.510,5761
4.510,5760
4.510,5759
4.510,5758
4.510,5757
4.511,5756
4.511,5755
4.511,5754
4.511,5753
4.511,5752
4.511,5751
4.511,5750
4.511,5749
4.511,5748
4.511,5747
4.511,5746
4.511,5745
4.511,5744
4.511,5743
4.511,5742
4.511,5741
4.511,5740
4.511,5739
4.511,5738
4.511,5737
4.511,5736
4.511,5735
4.511,5734
4.511,5733
4.511,5732
4.511,5731
4.511,5730
4.511,5729
4.511,5728
4.511,5727
4.511,5726
4.511,5725
4.511,5724
4.511,5723
4.511,5722
4.511,5721
4.511,5720
4.511,5719
4.511,5718
4.511,5717
4.511,5716
4.511,5715
4.511,5714
4.511,5713
4.511,5712
4.511,5711
4.511,5710
4.511,5709
4.511,5708
4.511,5707
4.511,5706
4.511,5705
4.511,5704
4.511,5703
4.511,5702
4.511,5701
4.511,5700
4.511,5699
4.511,5698
4.511,5697
4.526,5696
4.527,5695
4.527,5694
4.528,5693
4.528,5692
4.529,5691
4.529,5690
4.529,5689
4.529,5688
4.530,5687
4.531,5686
4.531,5685
4.531,5684
4.531,5683
4.532,5682
4.532,5681
4.532,5680
4.532,5679
4.532,5678
4.532,5677
4.532,5676
4.532,5675
4.532,5674
4.532,5673
4.532,5672
4.532,5671
4.532,5670
4.532,5669
4.532,5668
4.532,5667
4.532,5666
4.532,5665
4.532,5664
4.532,5663
4.532,5662
4.532,5661
4.532,5660
4.532,5659
4.532,5658
4.532,5657
4.532,5656
4.532,5655
4.532,5654
4.532,5653
4.532,5652
4.532,5651
4.532,5650
4.532,5649
4.532,5648
4.532,5647
4.532,5646
4.532,5645
4.532,5644
4.532,5643
4.532,5642
4.532,5641
4.532,5640
4.532,5639
4.532,5638
4.532,5637
4.532,5636
4.532,5635
4.532,5634
4.532,5633
4.532,5632
4.547,5631
4.548,5630
4.548,5629
4.548,5628
4.548,5627
4.548,5626
4.549,5625
4.549,5624
4.549,5623
4.550,5622
4.550,5621
4.550,5620
4.551,5619
4.551,5618
4.551,5617
4.551,5616
4.551,5615
4.551,5614
4.551,5613
4.551,5612
4.551,5611
4.551,5610
4.551,5609
4.551,5608
4.551,5607
4.551,5606
4.551,5605
4.551,5604
4.551,5603
4.551,5602
4.551,5601
4.551,5600
4.551,5599
4.551,5598
4.551,5597
4.551,5596
4.551,5595
4.551,5594
4.551,5593
4.551,5592
4.551,5591
4.551,5590
4.551,5589
4.551,5588
4.551,5587
4.551,5586
4.551,5585
4.551,5584
4.551,5583
4.551,5582
4.551,5581
4.551,5580
4.551,5579
4.551,5578
4.551,5577
4.551,5576
4.551,5575
4.551,5574
4.567,5573
4.567,5572
4.567,5571
4.567,5570
4.568,5569
4.568,5568
4.568,5567
4.569,5566
4.569,5565
4.570,5564
4.570,5563
4.570,5562
4.571,5561
4.571,5560
4.572,5559
4.572,5558
4.573,5557
4.573,5556
4.573,5555
4.573,5554
4.573,5553
4.574,5552
4.575,5551
4.575,5550
4.576,5549
4.576,5548
4.577,5547
4.578,5546
4.578,5545
4.579,5544
4.580,5543
4.581,5542
4.581,5541
4.581,5540
4.582,5539
4.582,5538
4.582,5537
4.583,5536
4.583,5535
4.583,5534
4.583,5533
4.583,5532
4.583,5531
4.583,5530
4.583,5529
4.583,5528
4.583,5527
4.583,5526
4.583,5525
4.583,5524
4.583,5523
4.583,5522
4.583,5521
4.583,5520
4.583,5519
4.583,5518
4.583,5517
4.583,5516
4.583,5515
4.583,5514
4.583,5513
4.583,5512
4.583,5511
4.583,5510
4.583,5509
4.583,5508
4.583,5507
4.583,5506
4.583,5505
4.583,5504
4.583,5503
4.583,5502
4.599,5501
4.599,5500
4.599,5499
4.600,5498
4.600,5497
4.602,5496
4.602,5495
4.602,5494
4.602,5493
4.602,5492
4.602,5491
4.602,5490
4.602,5489
4.602,5488
4.602,5487
4.602,5486
4.602,5485
4.602,5484
4.602,5483
4.602,5482
4.602,5481
4.602,5480
4.602,5479
4.602,5478
4.602,5477
4.602,5476
4.602,5475
4.602,5474
4.602,5473
4.602,5472
4.618,5471
4.618,5470
4.620,5469
4.620,5468
4.621,5467
4.621,5466
4.621,5465
4.622,5464
4.623,5463
4.623,5462
4.623,5461
4.623,5460
4.623,5459
4.623,5458
4.623,5457
4.623,5456
4.623,5455
4.623,5454
4.623,5453
4.623,5452
4.623,5451
4.623,5450
4.623,5449
4.623,5448
4.623,5447
4.623,5446
4.623,5445
4.623,5444
4.623,5443
4.623,5442
4.623,5441
4.623,5440
4.623,5439
4.623,5438
4.623,5437
4.623,5436
4.639,5435
4.639,5434
4.640,5433
4.641,5432
4.642,5431
4.643,5430
4.643,5429
4.643,5428
4.643,5427
4.643,5426
4.643,5425
4.643,5424
4.643,5423
4.643,5422
4.643,5421
4.643,5420
4.643,5419
4.643,5418
4.643,5417
4.643,5416
4.643,5415
4.643,5414
4.643,5413
4.643,5412
4.643,5411
4.643,5410
4.643,5409
4.643,5408
4.659,5407
4.660,5406
4.661,5405
4.663,5404
4.663,5403
4.663,5402
4.663,5401
4.663,5400
4.663,5399
4.663,5398
4.663,5397
4.663,5396
4.663,5395
4.663,5394
4.663,5393
4.663,5392
4.663,5391
4.663,5390
4.663,5389
4.663,5388
4.663,5387
4.663,5386
4.663,5385
4.663,5384
4.663,5383
4.679,5382
4.680,5381
4.680,5380
4.681,5379
4.681,5378
4.682,5377
4.684,5376
4.685,5375
4.685,5374
4.686,5373
4.687,5372
4.687,5371
4.688,5370
4.688,5369
4.688,5368
4.689,5367
4.690,5366
4.690,5365
4.694,5364
4.694,5363
4.694,5362
4.694,5361
4.694,5360
4.694,5359
4.694,5358
4.694,5357
4.694,5356
4.694,5355
4.694,5354
4.694,5353
4.694,5352
4.694,5351
4.694,5350
4.694,5349
4.694,5348
4.694,5347
4.694,5346
4.694,5345
4.694,5344
4.694,5343
4.694,5342
4.694,5341
4.694,5340
4.694,5339
4.694,5338
4.709,5337
4.710,5336
4.710,5335
4.711,5334
4.713,5333
4.713,5332
4.714,5331
4.714,5330
4.714,5329
4.714,5328
4.714,5327
4.714,5326
4.714,5325
4.714,5324
4.714,5323
4.714,5322
4.714,5321
4.714,5320
4.714,5319
4.714,5318
4.714,5317
4.730,5316
4.732,5315
4.733,5314
4.734,5313
4.735,5312
4.735,5311
4.735,5310
4.735,5309
4.735,5308
4.735,5307
4.735,5306
4.735,5305
4.735,5304
4.735,5303
4.735,5302
4.735,5301
4.735,5300
4.735,5299
4.735,5298
4.735,5297
4.751,5296
4.752,5295
4.753,5294
4.755,5293
4.755,5292
4.755,5291
4.755,5290
4.755,5289
4.755,5288
4.755,5287
4.755,5286
4.755,5285
4.755,5284
4.755,5283
4.755,5282
4.755,5281
4.755,5280
4.755,5279
4.755,5278
4.755,5277
4.773,5276
4.773,5275
4.773,5274
4.775,5273
4.775,5272
4.781,5271
4.782,5270
4.785,5269
4.785,5268
4.785,5267
4.785,5266
4.785,5265
4.785,5264
4.785,5263
4.801,5262
4.802,5261
4.802,5260
4.802,5259
4.803,5258
4.805,5257
4.805,5256
4.805,5255
4.805,5254
4.805,5253
4.805,5252
4.805,5251
4.805,5250
4.805,5249
4.805,5248
4.805,5247
4.805,5246
4.805,5245
4.805,5244
4.821,5243
4.821,5242
4.822,5241
4.822,5240
4.823,5239
4.823,5238
4.825,5237
4.826,5236
4.826,5235
4.826,5234
4.826,5233
4.826,5232
4.826,5231
4.826,5230
4.845,5229
4.845,5228
4.847,5227
4.848,5226
4.851,5225
4.854,5224
4.856,5223
4.856,5222
4.856,5221
4.856,5220
4.856,5219
4.856,5218
4.856,5217
4.856,5216
4.856,5215
4.856,5214
4.872,5213
4.873,5212
4.874,5211
4.877,5210
4.879,5209
4.883,5208
4.884,5207
4.887,5206
4.887,5205
4.887,5204
4.887,5203
4.887,5202
4.903,5201
4.907,5200
4.907,5199
4.907,5198
4.907,5197
4.927,5196
4.927,5195
4.927,5194
4.927,5193
4.927,5192
4.927,5191
4.927,5190
4.945,5189
4.945,5188
4.948,5187
4.948,5186
4.948,5185
4.967,5184
4.975,5183
4.975,5182
4.978,5181
4.984,5180
4.986,5179
4.989,5178
4.989,5177
5.008,5176
5.008,5175
5.027,5174
5.028,5173
5.028,5172
5.049,5171
5.049,5170
5.049,5169
5.068,5168
5.069,5167
5.069,5166
5.069,5165
5.069,5164
5.069,5163
5.090,5162
5.095,5161
5.111,5160
5.128,5159
5.158,5158
5.161,5157
5.161,5156
5.161,5155
5.177,5154
5.186,5153
5.191,5152
5.263,5151
5.311,5150
5.352,5149
5.378,5148
5.415,5147
5.501,5146
5.675,5145
5.810,5144
5.984,5143
