4.623,8353
4.623,8352
4.623,8351
4.623,8350
4.623,8349
4.623,8348
4.623,8347
4.623,8346
4.623,8345
4.623,8344
4.638,8343
4.639,8342
4.640,8341
4.641,8340
4.641,8339
4.642,8338
4.643,8337
4.643,8336
4.643,8335
4.643,8334
4.643,8333
4.643,8332
4.643,8331
4.643,8330
4.643,8329
4.643,8328
4.643,8327
4.643,8326
4.643,8325
4.643,8324
4.643,8323
4.643,8322
4.643,8321
4.643,8320
4.643,8319
4.643,8318
4.643,8317
4.643,8316
4.643,8315
4.643,8314
4.659,8313
4.659,8312
4.659,8311
4.660,8310
4.660,8309
4.660,8308
4.660,8307
4.661,8306
4.661,8305
4.662,8304
4.662,8303
4.663,8302
4.663,8301
4.664,8300
4.664,8299
4.664,8298
4.664,8297
4.664,8296
4.664,8295
4.665,8294
4.665,8293
4.666,8292
4.666,8291
4.666,8290
4.666,8289
4.667,8288
4.667,8287
4.668,8286
4.668,8285
4.668,8284
4.668,8283
4.668,8282
4.668,8281
4.669,8280
4.669,8279
4.669,8278
4.669,8277
4.669,8276
4.669,8275
4.669,8274
4.669,8273
4.670,8272
4.670,8271
4.670,8270
4.670,8269
4.670,8268
4.670,8267
4.671,8266
4.671,8265
4.671,8264
4.671,8263
4.671,8262
4.671,8261
4.671,8260
4.671,8259
4.672,8258
4.672,8257
4.672,8256
4.672,8255
4.672,8254
4.672,8253
4.673,8252
4.673,8251
4.673,8250
4.673,8249
4.673,8248
4.673,8247
4.673,8246
4.674,8245
4.674,8244
4.674,8243
4.674,8242
4.674,8241
4.674,8240
4.674,8239
4.674,8238
4.674,8237
4.674,8236
4.674,8235
4.674,8234
4.674,8233
4.674,8232
4.674,8231
4.674,8230
4.674,8229
4.674,8228
4.674,8227
4.674,8226
4.674,8225
4.674,8224
4.674,8223
4.674,8222
4.674,8221
4.674,8220
4.674,8219
4.674,8218
4.674,8217
4.674,8216
4.674,8215
4.674,8214
4.674,8213
4.674,8212
4.674,8211
4.674,8210
4.674,8209
4.674,8208
4.674,8207
4.674,8206
4.680,8205
4.680,8204
4.680,8203
4.680,8202
4.680,8201
4.681,8200
4.681,8199
4.681,8198
4.681,8197
4.681,8196
4.681,8195
4.682,8194
4.682,8193
4.682,8192
4.682,8191
4.683,8190
4.683,8189
4.683,8188
4.683,8187
4.683,8186
4.683,8185
4.683,8184
4.683,8183
4.684,8182
4.684,8181
4.684,8180
4.684,8179
4.684,8178
4.684,8177
4.685,8176
4.685,8175
4.685,8174
4.685,8173
4.685,8172
4.685,8171
4.685,8170
4.686,8169
4.686,8168
4.686,8167
4.686,8166
4.686,8165
4.686,8164
4.687,8163
4.687,8162
4.689,8161
4.689,8160
4.689,8159
4.689,8158
4.690,8157
4.690,8156
4.690,8155
4.690,8154
4.690,8153
4.690,8152
4.691,8151
4.691,8150
4.691,8149
4.691,8148
4.691,8147
4.691,8146
4.691,8145
4.691,8144
4.692,8143
4.692,8142
4.692,8141
4.692,8140
4.692,8139
4.692,8138
4.693,8137
4.693,8136
4.693,8135
4.693,8134
4.693,8133
4.693,8132
4.693,8131
4.693,8130
4.693,8129
4.693,8128
4.693,8127
4.693,8126
4.693,8125
4.693,8124
4.693,8123
4.693,8122
4.693,8121
4.693,8120
4.693,8119
4.693,8118
4.693,8117
4.693,8116
4.693,8115
4.693,8114
4.693,8113
4.693,8112
4.693,8111
4.693,8110
4.693,8109
4.693,8108
4.693,8107
4.693,8106
4.693,8105
4.693,8104
4.693,8103
4.693,8102
4.693,8101
4.693,8100
4.693,8099
4.693,8098
4.693,8097
4.693,8096
4.693,8095
4.693,8094
4.693,8093
4.693,8092
4.693,8091
4.693,8090
4.693,8089
4.693,8088
4.693,8087
4.693,8086
4.693,8085
4.693,8084
4.693,8083
4.693,8082
4.693,8081
4.693,8080
4.693,8079
4.693,8078
4.693,8077
4.693,8076
4.693,8075
4.693,8074
4.693,8073
4.693,8072
4.693,8071
4.693,8070
4.693,8069
4.693,8068
4.693,8067
4.693,8066
4.693,8065
4.693,8064
4.693,8063
4.693,8062
4.693,8061
4.693,8060
4.693,8059
4.693,8058
4.693,8057
4.693,8056
4.693,8055
4.693,8054
4.693,8053
4.693,8052
4.693,8051
4.693,8050
4.711,8049
4.711,8048
4.711,8047
4.711,8046
4.711,8045
4.711,8044
4.712,8043
4.712,8042
4.712,8041
4.712,8040
4.712,8039
4.712,8038
4.712,8037
4.712,8036
4.712,8035
4.712,8034
4.713,8033
4.713,8032
4.713,8031
4.713,8030
4.714,8029
4.714,8028
4.714,8027
4.714,8026
4.714,8025
4.714,8024
4.714,8023
4.714,8022
4.714,8021
4.715,8020
4.715,8019
4.715,8018
4.715,8017
4.715,8016
4.716,8015
4.716,8014
4.717,8013
4.717,8012
4.718,8011
4.718,8010
4.718,8009
4.719,8008
4.719,8007
4.719,8006
4.720,8005
4.720,8004
4.720,8003
4.720,8002
4.720,8001
4.720,8000
4.720,7999
4.721,7998
4.721,7997
4.721,7996
4.721,7995
4.721,7994
4.721,7993
4.721,7992
4.721,7991
4.722,7990
4.722,7989
4.722,7988
4.722,7987
4.722,7986
4.723,7985
4.723,7984
4.723,7983
4.723,7982
4.724,7981
4.724,7980
4.724,7979
4.724,7978
4.724,7977
4.725,7976
4.725,7975
4.725,7974
4.725,7973
4.725,7972
4.726,7971
4.726,7970
4.726,7969
4.726,7968
4.726,7967
4.726,7966
4.727,7965
4.727,7964
4.727,7963
4.727,7962
4.727,7961
4.727,7960
4.727,7959
4.728,7958
4.728,7957
4.728,7956
4.728,7955
4.728,7954
4.728,7953
4.729,7952
4.729,7951
4.729,7950
4.729,7949
4.729,7948
4.729,7947
4.729,7946
4.729,7945
4.729,7944
4.729,7943
4.730,7942
4.730,7941
4.730,7940
4.730,7939
4.730,7938
4.730,7937
4.730,7936
4.730,7935
4.730,7934
4.731,7933
4.731,7932
4.731,7931
4.731,7930
4.731,7929
4.731,7928
4.731,7927
4.731,7926
4.731,7925
4.732,7924
4.732,7923
4.732,7922
4.732,7921
4.732,7920
4.732,7919
4.732,7918
4.732,7917
4.733,7916
4.733,7915
4.733,7914
4.733,7913
4.733,7912
4.733,7911
4.733,7910
4.733,7909
4.733,7908
4.734,7907
4.734,7906
4.734,7905
4.734,7904
4.734,7903
4.734,7902
4.734,7901
4.734,7900
4.734,7899
4.734,7898
4.734,7897
4.734,7896
4.734,7895
4.734,7894
4.734,7893
4.734,7892
4.734,7891
4.734,7890
4.734,7889
4.734,7888
4.734,7887
4.734,7886
4.734,7885
4.734,7884
4.734,7883
4.734,7882
4.734,7881
4.734,7880
4.734,7879
4.734,7878
4.734,7877
4.734,7876
4.734,7875
4.734,7874
4.734,7873
4.734,7872
4.734,7871
4.734,7870
4.734,7869
4.734,7868
4.734,7867
4.734,7866
4.734,7865
4.734,7864
4.734,7863
4.734,7862
4.734,7861
4.734,7860
4.734,7859
4.734,7858
4.734,7857
4.734,7856
4.734,7855
4.734,7854
4.734,7853
4.734,7852
4.734,7851
4.734,7850
4.734,7849
4.734,7848
4.734,7847
4.734,7846
4.734,7845
4.734,7844
4.734,7843
4.734,7842
4.734,7841
4.734,7840
4.734,7839
4.734,7838
4.734,7837
4.734,7836
4.734,7835
4.734,7834
4.734,7834
4.734,7833
4.734,7832
4.734,7831
4.734,7830
4.734,7829
4.734,7828
4.734,7827
4.734,7826
4.734,7825
4.734,7824
4.734,7823
4.734,7822
4.734,7821
4.734,7820
4.734,7819
4.734,7818
4.734,7817
4.734,7816
4.734,7815
4.734,7814
4.734,7813
4.734,7812
4.734,7811
4.734,7810
4.734,7809
4.734,7808
4.734,7807
4.734,7806
4.734,7805
4.734,7804
4.734,7803
4.734,7802
4.734,7801
4.734,7800
4.734,7799
4.734,7798
4.734,7797
4.734,7796
4.734,7795
4.734,7794
4.734,7793
4.734,7792
4.734,7791
4.734,7790
4.734,7789
4.734,7788
4.734,7787
4.734,7786
4.734,7785
4.734,7784
4.734,7783
4.734,7782
4.734,7781
4.750,7780
4.750,7779
4.750,7778
4.750,7777
4.750,7776
4.750,7775
4.751,7774
4.751,7773
4.751,7772
4.751,7771
4.751,7770
4.751,7769
4.751,7768
4.751,7767
4.751,7766
4.751,7765
4.752,7764
4.752,7763
4.752,7762
4.752,7761
4.752,7760
4.752,7759
4.752,7758
4.752,7757
4.752,7756
4.752,7755
4.753,7754
4.753,7753
4.753,7752
4.753,7751
4.753,7750
4.753,7749
4.753,7748
4.753,7747
4.753,7746
4.753,7745
4.753,7744
4.754,7743
4.754,7742
4.754,7741
4.754,7740
4.754,7739
4.754,7738
4.754,7737
4.755,7736
4.755,7735
4.755,7734
4.755,7733
4.755,7732
4.755,7731
4.755,7730
4.755,7729
4.755,7728
4.755,7727
4.755,7726
4.755,7725
4.755,7724
4.755,7723
4.755,7722
4.755,7721
4.755,7720
4.755,7719
4.755,7718
4.755,7717
4.755,7716
4.755,7715
4.755,7714
4.755,7713
4.755,7712
4.755,7711
4.755,7710
4.755,7709
4.755,7708
4.755,7707
4.755,7706
4.755,7705
4.755,7704
4.755,7703
4.755,7702
4.755,7701
4.755,7700
4.755,7699
4.755,7698
4.755,7697
4.755,7696
4.755,7695
4.755,7694
4.755,7693
4.755,7692
4.755,7691
4.755,7690
4.755,7689
4.755,7688
4.755,7687
4.755,7686
4.755,7685
4.755,7684
4.755,7683
4.755,7682
4.755,7681
4.755,7680
4.755,7679
4.755,7678
4.755,7677
4.755,7676
4.755,7675
4.755,7674
4.755,7673
4.755,7672
4.755,7671
4.755,7670
4.755,7669
4.755,7668
4.755,7667
4.755,7666
4.755,7665
4.755,7664
4.755,7663
4.755,7662
4.755,7661
4.755,7660
4.755,7659
4.755,7658
4.755,7657
4.755,7656
4.755,7655
4.755,7654
4.755,7653
4.755,7652
4.755,7651
4.755,7650
4.755,7649
4.755,7648
4.755,7647
4.755,7646
4.755,7645
4.755,7644
4.755,7643
4.755,7642
4.755,7641
4.755,7640
4.755,7639
4.755,7638
4.755,7637
4.755,7636
4.755,7635
4.755,7634
4.755,7633
4.755,7632
4.755,7631
4.755,7630
4.755,7629
4.755,7628
4.755,7627
4.755,7626
4.755,7625
4.755,7624
4.755,7623
4.755,7622
4.755,7621
4.755,7620
4.755,7619
4.755,7618
4.755,7617
4.755,7616
4.755,7615
4.755,7614
4.755,7613
4.755,7612
4.755,7611
4.755,7610
4.755,7609
4.755,7608
4.755,7607
4.755,7606
4.755,7605
4.755,7604
4.755,7603
4.755,7602
4.755,7601
4.755,7600
4.755,7599
4.755,7598
4.755,7597
4.770,7596
4.770,7595
4.770,7594
4.770,7593
4.771,7592
4.771,7591
4.771,7590
4.771,7589
4.771,7588
4.771,7587
4.771,7586
4.772,7585
4.772,7584
4.772,7583
4.772,7582
4.772,7581
4.772,7580
4.773,7579
4.773,7578
4.773,7577
4.773,7576
4.773,7575
4.773,7574
4.773,7573
4.773,7572
4.773,7571
4.774,7570
4.774,7569
4.774,7568
4.774,7567
4.774,7566
4.774,7565
4.774,7564
4.775,7563
4.775,7562
4.775,7561
4.775,7560
4.775,7559
4.775,7558
4.775,7557
4.775,7556
4.775,7555
4.775,7554
4.775,7553
4.775,7552
4.775,7551
4.775,7550
4.775,7549
4.775,7548
4.775,7547
4.775,7546
4.775,7545
4.775,7544
4.775,7543
4.775,7542
4.775,7541
4.775,7540
4.775,7539
4.775,7538
4.775,7537
4.775,7536
4.775,7535
4.775,7534
4.775,7533
4.775,7532
4.775,7531
4.775,7530
4.775,7529
4.775,7528
4.775,7527
4.775,7526
4.775,7525
4.775,7524
4.775,7523
4.775,7522
4.775,7521
4.775,7520
4.775,7519
4.775,7518
4.775,7517
4.775,7516
4.775,7515
4.775,7514
4.775,7513
4.775,7512
4.775,7511
4.775,7510
4.775,7509
4.775,7508
4.775,7507
4.775,7506
4.775,7505
4.775,7504
4.775,7503
4.775,7502
4.775,7501
4.775,7500
4.775,7499
4.775,7498
4.775,7497
4.775,7496
4.775,7495
4.775,7494
4.775,7493
4.775,7492
4.775,7491
4.775,7490
4.775,7489
4.775,7488
4.775,7487
4.775,7486
4.775,7485
4.775,7484
4.775,7483
4.775,7482
4.775,7481
4.775,7480
4.775,7479
4.775,7478
4.775,7477
4.775,7476
4.775,7475
4.775,7474
4.775,7473
4.775,7472
4.775,7471
4.775,7470
4.775,7469
4.775,7468
4.775,7467
4.775,7466
4.775,7465
4.775,7464
4.775,7463
4.775,7462
4.775,7461
4.775,7460
4.775,7459
4.775,7458
4.775,7457
4.775,7456
4.775,7455
4.775,7454
4.775,7453
4.775,7452
4.775,7451
4.775,7450
4.775,7449
4.775,7448
4.775,7447
4.775,7446
4.775,7445
4.775,7444
4.775,7443
4.775,7442
4.775,7441
4.775,7440
4.775,7439
4.775,7438
4.775,7437
4.775,7436
4.775,7435
4.775,7434
4.775,7433
4.775,7432
4.775,7431
4.775,7430
4.775,7429
4.775,7428
4.775,7427
4.775,7426
4.775,7425
4.791,7424
4.791,7423
4.791,7422
4.791,7421
4.791,7420
4.791,7419
4.792,7418
4.792,7417
4.792,7416
4.792,7415
4.792,7414
4.792,7413
4.792,7412
4.792,7411
4.792,7410
4.793,7409
4.793,7408
4.793,7407
4.793,7406
4.793,7405
4.793,7404
4.793,7403
4.793,7402
4.793,7401
4.794,7400
4.794,7399
4.794,7398
4.794,7397
4.794,7396
4.794,7395
4.794,7394
4.795,7393
4.795,7392
4.795,7391
4.795,7390
4.795,7389
4.795,7388
4.795,7387
4.795,7386
4.795,7385
4.795,7384
4.795,7383
4.795,7382
4.795,7381
4.795,7380
4.795,7379
4.795,7378
4.795,7377
4.795,7376
4.795,7375
4.795,7374
4.795,7373
4.795,7372
4.795,7371
4.795,7370
4.795,7369
4.795,7368
4.795,7367
4.795,7366
4.795,7365
4.795,7364
4.795,7363
4.795,7362
4.795,7361
4.795,7360
4.795,7359
4.795,7358
4.795,7357
4.795,7356
4.795,7355
4.795,7354
4.795,7353
4.795,7352
4.795,7351
4.795,7350
4.795,7349
4.795,7348
4.795,7347
4.795,7346
4.795,7345
4.795,7344
4.795,7343
4.795,7342
4.795,7341
4.795,7340
4.795,7339
4.795,7338
4.795,7337
4.795,7336
4.795,7335
4.795,7334
4.795,7333
4.795,7332
4.795,7331
4.795,7330
4.795,7329
4.795,7328
4.795,7327
4.795,7326
4.795,7325
4.795,7324
4.795,7323
4.795,7322
4.795,7321
4.795,7320
4.795,7319
4.795,7318
4.795,7317
4.795,7316
4.795,7315
4.795,7314
4.795,7313
4.795,7312
4.795,7311
4.795,7310
4.795,7309
4.795,7308
4.795,7307
4.795,7306
4.795,7305
4.795,7304
4.795,7303
4.795,7302
4.795,7301
4.795,7300
4.795,7299
4.795,7298
4.795,7297
4.795,7296
4.795,7295
4.795,7294
4.795,7293
4.795,7292
4.795,7291
4.795,7290
4.795,7289
4.795,7288
4.795,7287
4.795,7286
4.795,7285
4.795,7284
4.795,7283
4.795,7282
4.795,7281
4.795,7280
4.795,7279
4.795,7278
4.795,7277
4.795,7276
4.795,7275
4.795,7274
4.795,7273
4.795,7272
4.795,7271
4.795,7270
4.795,7269
4.795,7268
4.795,7267
4.795,7266
4.795,7265
4.795,7264
4.795,7263
4.795,7262
4.795,7261
4.795,7260
4.795,7259
4.795,7258
4.811,7257
4.811,7256
4.811,7255
4.811,7254
4.811,7253
4.811,7252
4.811,7251
4.811,7250
4.812,7249
4.812,7248
4.812,7247
4.812,7246
4.812,7245
4.812,7244
4.812,7243
4.812,7242
4.813,7241
4.813,7240
4.813,7239
4.813,7238
4.813,7237
4.813,7236
4.813,7235
4.813,7234
4.813,7233
4.813,7232
4.814,7231
4.814,7230
4.814,7229
4.815,7228
4.815,7227
4.815,7226
4.815,7225
4.815,7224
4.815,7223
4.816,7222
4.816,7221
4.816,7220
4.816,7219
4.816,7218
4.816,7217
4.816,7216
4.816,7215
4.816,7214
4.816,7213
4.817,7212
4.817,7211
4.817,7210
4.817,7209
4.817,7208
4.817,7207
4.817,7206
4.817,7205
4.817,7204
4.817,7203
4.817,7202
4.818,7201
4.818,7200
4.818,7199
4.818,7198
4.818,7197
4.818,7196
4.818,7195
4.818,7194
4.818,7193
4.819,7192
4.819,7191
4.819,7190
4.819,7189
4.819,7188
4.819,7187
4.819,7186
4.819,7185
4.819,7184
4.819,7183
4.819,7182
4.820,7181
4.820,7180
4.820,7179
4.821,7178
4.821,7177
4.821,7176
4.821,7175
4.821,7174
4.821,7173
4.822,7172
4.822,7171
4.822,7170
4.822,7169
4.822,7168
4.822,7167
4.823,7166
4.823,7165
4.823,7164
4.823,7163
4.823,7162
4.823,7161
4.824,7160
4.824,7159
4.824,7158
4.824,7157
4.824,7156
4.824,7155
4.824,7154
4.824,7153
4.824,7152
4.824,7151
4.825,7150
4.825,7149
4.825,7148
4.825,7147
4.825,7146
4.825,7145
4.825,7144
4.825,7143
4.826,7142
4.826,7141
4.826,7140
4.826,7139
4.826,7138
4.826,7137
4.826,7136
4.826,7135
4.826,7134
4.826,7133
4.826,7132
4.827,7131
4.827,7130
4.827,7129
4.827,7128
4.827,7127
4.827,7126
4.827,7125
4.827,7124
4.827,7123
4.828,7122
4.828,7121
4.828,7120
4.828,7119
4.828,7118
4.828,7117
4.829,7116
4.829,7115
4.829,7114
4.829,7113
4.829,7112
4.829,7111
4.830,7110
4.830,7109
4.830,7108
4.831,7107
4.831,7106
4.831,7105
4.831,7104
4.832,7103
4.832,7102
4.832,7101
4.832,7100
4.832,7099
4.832,7098
4.833,7097
4.833,7096
4.834,7095
4.834,7094
4.834,7093
4.834,7092
4.834,7091
4.835,7090
4.835,7089
4.835,7088
4.835,7087
4.835,7086
4.835,7085
4.836,7084
4.836,7083
4.836,7082
4.836,7081
4.836,7080
4.836,7079
4.836,7078
4.836,7077
4.836,7076
4.836,7075
4.836,7074
4.836,7073
4.836,7072
4.836,7071
4.836,7070
4.836,7069
4.836,7068
4.836,7067
4.836,7066
4.836,7065
4.836,7064
4.836,7063
4.836,7062
4.836,7061
4.836,7060
4.836,7059
4.836,7058
4.836,7057
4.836,7056
4.836,7055
4.836,7054
4.836,7053
4.836,7052
4.836,7051
4.836,7050
4.836,7049
4.836,7048
4.836,7047
4.836,7046
4.836,7045
4.836,7044
4.836,7043
4.836,7042
4.836,7041
4.836,7040
4.836,7039
4.836,7038
4.836,7037
4.836,7036
4.836,7035
4.836,7034
4.836,7033
4.836,7032
4.836,7031
4.836,7030
4.836,7029
4.836,7028
4.836,7027
4.836,7026
4.836,7025
4.836,7024
4.836,7023
4.836,7022
4.836,7021
4.836,7020
4.836,7019
4.836,7018
4.836,7017
4.836,7016
4.836,7015
4.836,7014
4.836,7013
4.836,7012
4.836,7011
4.836,7010
4.836,7009
4.836,7008
4.836,7007
4.836,7006
4.836,7005
4.836,7004
4.836,7003
4.836,7002
4.836,7001
4.836,7000
4.836,6999
4.836,6998
4.836,6997
4.836,6996
4.836,6995
4.836,6994
4.836,6993
4.836,6992
4.836,6991
4.852,6990
4.852,6989
4.853,6988
4.853,6987
4.853,6986
4.853,6985
4.853,6984
4.853,6983
4.853,6982
4.853,6981
4.853,6980
4.854,6979
4.854,6978
4.854,6977
4.854,6976
4.854,6975
4.854,6974
4.854,6973
4.854,6972
4.854,6971
4.855,6970
4.855,6969
4.855,6968
4.855,6967
4.855,6966
4.855,6965
4.855,6964
4.855,6963
4.856,6962
4.856,6961
4.856,6960
4.856,6959
4.856,6958
4.856,6957
4.856,6956
4.856,6955
4.856,6954
4.856,6953
4.856,6952
4.856,6951
4.856,6950
4.856,6949
4.856,6948
4.856,6947
4.856,6946
4.856,6945
4.856,6944
4.856,6943
4.856,6942
4.856,6941
4.856,6940
4.856,6939
4.856,6938
4.856,6937
4.856,6936
4.856,6935
4.856,6934
4.856,6933
4.856,6932
4.856,6931
4.856,6930
4.856,6929
4.856,6928
4.856,6927
4.856,6926
4.856,6925
4.856,6924
4.856,6923
4.856,6922
4.856,6921
4.856,6920
4.856,6919
4.856,6918
4.856,6917
4.856,6916
4.856,6915
4.856,6914
4.856,6913
4.856,6912
4.856,6911
4.856,6910
4.856,6909
4.856,6908
4.856,6907
4.856,6906
4.856,6905
4.856,6904
4.856,6903
4.856,6902
4.856,6901
4.856,6900
4.856,6899
4.856,6898
4.856,6897
4.856,6896
4.856,6895
4.856,6894
4.856,6893
4.856,6892
4.856,6891
4.856,6890
4.856,6889
4.856,6888
4.856,6887
4.856,6886
4.856,6885
4.856,6884
4.856,6883
4.856,6882
4.856,6881
4.856,6880
4.856,6879
4.856,6878
4.856,6877
4.856,6876
4.856,6875
4.856,6874
4.856,6873
4.856,6872
4.856,6871
4.856,6870
4.856,6869
4.856,6868
4.856,6867
4.856,6866
4.856,6865
4.856,6864
4.856,6863
4.856,6862
4.856,6861
4.856,6860
4.856,6859
4.856,6858
4.856,6857
4.856,6856
4.856,6855
4.856,6854
4.856,6853
4.856,6852
4.856,6851
4.856,6850
4.856,6849
4.856,6848
4.856,6847
4.856,6846
4.856,6845
4.856,6844
4.856,6843
4.856,6842
4.856,6841
4.856,6840
4.856,6839
4.856,6838
4.856,6837
4.856,6836
4.856,6835
4.856,6834
4.856,6833
4.856,6832
4.856,6831
4.856,6830
4.856,6829
4.856,6828
4.856,6827
4.856,6826
4.856,6825
4.872,6824
4.872,6823
4.872,6822
4.872,6821
4.872,6820
4.873,6819
4.873,6818
4.873,6817
4.873,6816
4.873,6815
4.874,6814
4.874,6813
4.874,6812
4.874,6811
4.874,6810
4.874,6809
4.874,6808
4.874,6807
4.875,6806
4.875,6805
4.875,6804
4.875,6803
4.875,6802
4.875,6801
4.876,6800
4.876,6799
4.876,6798
4.876,6797
4.876,6796
4.876,6795
4.876,6794
4.877,6793
4.877,6792
4.877,6791
4.877,6790
4.877,6789
4.877,6788
4.877,6787
4.877,6786
4.877,6785
4.877,6784
4.877,6783
4.877,6782
4.877,6781
4.877,6780
4.877,6779
4.877,6778
4.877,6777
4.877,6776
4.877,6775
4.877,6774
4.877,6773
4.877,6772
4.877,6771
4.877,6770
4.877,6769
4.877,6768
4.877,6767
4.877,6766
4.877,6765
4.877,6764
4.877,6763
4.877,6762
4.877,6761
4.877,6760
4.877,6759
4.877,6758
4.877,6757
4.877,6756
4.877,6755
4.877,6754
4.877,6753
4.877,6752
4.877,6751
4.877,6750
4.877,6749
4.877,6748
4.877,6747
4.877,6746
4.877,6745
4.877,6744
4.877,6743
4.877,6742
4.877,6741
4.877,6740
4.877,6739
4.877,6738
4.877,6737
4.877,6736
4.877,6735
4.877,6734
4.877,6733
4.877,6732
4.877,6731
4.877,6730
4.877,6729
4.877,6728
4.877,6727
4.877,6726
4.877,6725
4.877,6724
4.877,6723
4.877,6722
4.877,6721
4.877,6720
4.877,6719
4.877,6718
4.877,6717
4.877,6716
4.877,6715
4.877,6714
4.877,6713
4.877,6712
4.877,6711
4.877,6710
4.877,6709
4.877,6708
4.877,6707
4.877,6706
4.877,6705
4.877,6704
4.877,6703
4.877,6702
4.877,6701
4.877,6700
4.877,6699
4.877,6698
4.877,6697
4.877,6696
4.877,6695
4.877,6694
4.877,6693
4.877,6692
4.877,6691
4.877,6690
4.877,6689
4.877,6688
4.877,6687
4.877,6686
4.892,6685
4.893,6684
4.893,6683
4.893,6682
4.893,6681
4.893,6680
4.894,6679
4.894,6678
4.894,6677
4.895,6676
4.895,6675
4.895,6674
4.895,6673
4.895,6672
4.895,6671
4.895,6670
4.896,6669
4.896,6668
4.896,6667
4.896,6666
4.897,6665
4.897,6664
4.897,6663
4.897,6662
4.897,6661
4.897,6660
4.897,6659
4.897,6658
4.897,6657
4.897,6656
4.897,6655
4.897,6654
4.897,6653
4.897,6652
4.897,6651
4.897,6650
4.897,6649
4.897,6648
4.897,6647
4.897,6646
4.897,6645
4.897,6644
4.897,6643
4.897,6642
4.897,6641
4.897,6640
4.897,6639
4.897,6638
4.897,6637
4.897,6636
4.897,6635
4.897,6634
4.897,6633
4.897,6632
4.897,6631
4.897,6630
4.897,6629
4.897,6628
4.897,6627
4.897,6626
4.897,6625
4.897,6624
4.897,6623
4.897,6622
4.897,6621
4.897,6620
4.897,6619
4.897,6618
4.897,6617
4.897,6616
4.897,6615
4.897,6614
4.897,6613
4.897,6612
4.897,6611
4.897,6610
4.897,6609
4.897,6608
4.897,6607
4.897,6606
4.897,6605
4.897,6604
4.897,6603
4.897,6602
4.897,6601
4.897,6600
4.897,6599
4.897,6598
4.897,6597
4.897,6596
4.897,6595
4.897,6594
4.897,6593
4.897,6592
4.897,6591
4.897,6590
4.897,6589
4.897,6588
4.897,6587
4.897,6586
4.897,6585
4.897,6584
4.897,6583
4.897,6582
4.897,6581
4.897,6580
4.897,6579
4.897,6578
4.897,6577
4.897,6576
4.897,6575
4.897,6574
4.897,6573
4.897,6572
4.897,6571
4.897,6570
4.897,6569
4.897,6568
4.897,6567
4.897,6566
4.897,6565
4.897,6564
4.897,6563
4.897,6562
4.913,6561
4.913,6560
4.913,6559
4.913,6558
4.913,6557
4.914,6556
4.914,6555
4.914,6554
4.914,6553
4.914,6552
4.914,6551
4.914,6550
4.915,6549
4.915,6548
4.915,6547
4.915,6546
4.916,6545
4.916,6544
4.916,6543
4.917,6542
4.917,6541
4.917,6540
4.917,6539
4.917,6538
4.917,6537
4.918,6536
4.918,6535
4.918,6534
4.918,6533
4.919,6532
4.919,6531
4.919,6530
4.920,6529
4.920,6528
4.920,6527
4.921,6526
4.921,6525
4.921,6524
4.921,6523
4.921,6522
4.922,6521
4.922,6520
4.922,6519
4.922,6518
4.922,6517
4.923,6516
4.923,6515
4.923,6514
4.923,6513
4.923,6512
4.923,6511
4.923,6510
4.924,6509
4.924,6508
4.924,6507
4.924,6506
4.925,6505
4.925,6504
4.925,6503
4.925,6502
4.925,6501
4.925,6500
4.925,6499
4.926,6498
4.926,6497
4.926,6496
4.926,6495
4.927,6494
4.927,6493
4.927,6492
4.927,6491
4.927,6490
4.928,6489
4.928,6488
4.928,6487
4.928,6486
4.928,6485
4.928,6484
4.928,6483
4.928,6482
4.928,6481
4.928,6480
4.928,6479
4.928,6478
4.928,6477
4.928,6476
4.928,6475
4.928,6474
4.928,6473
4.928,6472
4.928,6471
4.928,6470
4.928,6469
4.928,6468
4.928,6467
4.928,6466
4.928,6465
4.928,6464
4.928,6463
4.928,6462
4.928,6461
4.928,6460
4.928,6459
4.928,6458
4.928,6457
4.928,6456
4.928,6455
4.928,6454
4.928,6453
4.928,6452
4.928,6451
4.928,6450
4.928,6449
4.928,6448
4.928,6447
4.928,6446
4.928,6445
4.928,6444
4.928,6443
4.928,6442
4.928,6441
4.928,6440
4.928,6439
4.928,6438
4.928,6437
4.928,6436
4.928,6435
4.928,6434
4.943,6433
4.943,6432
4.948,6431
4.948,6430
4.948,6429
4.948,6428
4.948,6427
4.948,6426
4.948,6425
4.948,6424
4.948,6423
4.948,6422
4.948,6421
4.948,6420
4.948,6419
4.948,6418
4.948,6417
4.948,6416
4.948,6415
4.948,6414
4.948,6413
4.948,6412
4.948,6411
4.948,6410
4.948,6409
4.948,6408
4.948,6407
4.948,6406
4.948,6405
4.948,6404
4.948,6403
4.948,6402
4.948,6401
4.948,6400
4.948,6399
4.948,6398
4.948,6397
4.948,6396
4.948,6395
4.948,6394
4.948,6393
4.948,6392
4.948,6391
4.948,6390
4.948,6389
4.948,6388
4.948,6387
4.948,6386
4.948,6385
4.948,6384
4.948,6383
4.948,6382
4.948,6381
4.948,6380
4.948,6379
4.963,6378
4.963,6377
4.963,6376
4.963,6375
4.964,6374
4.964,6373
4.964,6372
4.964,6371
4.964,6370
4.964,6369
4.964,6368
4.964,6367
4.965,6366
4.965,6365
4.966,6364
4.966,6363
4.967,6362
4.968,6361
4.968,6360
4.968,6359
4.968,6358
4.968,6357
4.968,6356
4.968,6355
4.968,6354
4.968,6353
4.968,6352
4.968,6351
4.968,6350
4.968,6349
4.968,6348
4.968,6347
4.968,6346
4.968,6345
4.968,6344
4.968,6343
4.968,6342
4.968,6341
4.968,6340
4.968,6339
4.968,6338
4.968,6337
4.968,6336
4.968,6335
4.968,6334
4.968,6333
4.968,6332
4.968,6331
4.968,6330
4.968,6329
4.968,6328
4.968,6327
4.968,6326
4.968,6325
4.968,6324
4.968,6323
4.968,6322
4.968,6321
4.968,6320
4.968,6319
4.968,6318
4.968,6317
4.968,6316
4.968,6315
4.968,6314
4.968,6313
4.968,6312
4.968,6311
4.968,6310
4.968,6309
4.968,6308
4.968,6307
4.968,6306
4.968,6305
4.968,6304
4.968,6303
4.968,6302
4.968,6301
4.983,6300
4.984,6299
4.984,6298
4.984,6297
4.984,6296
4.985,6295
4.985,6294
4.985,6293
4.985,6292
4.985,6291
4.986,6290
4.986,6289
4.986,6288
4.986,6287
4.986,6286
4.986,6285
4.986,6284
4.986,6283
4.987,6282
4.987,6281
4.987,6280
4.987,6279
4.987,6278
4.987,6277
4.987,6276
4.988,6275
4.988,6274
4.988,6273
4.988,6272
4.988,6271
4.988,6270
4.988,6269
4.988,6268
4.988,6267
4.988,6266
4.989,6265
4.989,6264
4.989,6263
4.989,6262
4.989,6261
4.989,6260
4.989,6259
4.989,6258
4.990,6257
4.990,6256
4.990,6255
4.990,6254
4.991,6253
4.991,6252
4.991,6251
4.992,6250
4.992,6249
4.992,6248
4.993,6247
4.993,6246
4.994,6245
4.996,6244
4.996,6243
4.996,6242
4.996,6241
4.997,6240
4.997,6239
4.997,6238
4.997,6237
4.998,6236
5.000,6235
5.001,6234
5.001,6233
5.001,6232
5.002,6231
5.002,6230
5.002,6229
5.003,6228
5.003,6227
5.004,6226
5.004,6225
5.004,6224
5.005,6223
5.005,6222
5.005,6221
5.006,6220
5.006,6219
5.006,6218
5.006,6217
5.007,6216
5.007,6215
5.007,6214
5.007,6213
5.008,6212
5.008,6211
5.008,6210
5.009,6209
5.009,6208
5.009,6207
5.010,6206
5.010,6205
5.011,6204
5.012,6203
5.012,6202
5.012,6201
5.013,6200
5.013,6199
5.013,6198
5.013,6197
5.014,6196
5.014,6195
5.014,6194
5.015,6193
5.015,6192
5.015,6191
5.015,6190
5.015,6189
5.015,6188
5.016,6187
5.016,6186
5.016,6185
5.017,6184
5.017,6183
5.017,6182
5.017,6181
5.018,6180
5.019,6179
5.019,6178
5.019,6177
5.020,6176
5.020,6175
5.020,6174
5.020,6173
5.020,6172
5.020,6171
5.020,6170
5.021,6169
5.021,6168
5.021,6167
5.022,6166
5.022,6165
5.022,6164
5.026,6163
5.026,6162
5.027,6161
5.027,6160
5.027,6159
5.027,6158
5.028,6157
5.028,6156
5.029,6155
5.029,6154
5.029,6153
5.030,6152
5.030,6151
5.030,6150
5.030,6149
5.030,6148
5.030,6147
5.030,6146
5.030,6145
5.031,6144
5.031,6143
5.031,6142
5.031,6141
5.031,6140
5.031,6139
5.032,6138
5.032,6137
5.033,6136
5.033,6135
5.033,6134
5.033,6133
5.033,6132
5.033,6131
5.033,6130
5.033,6129
5.034,6128
5.034,6127
5.034,6126
5.034,6125
5.034,6124
5.035,6123
5.035,6122
5.036,6121
5.037,6120
5.037,6119
5.037,6118
5.037,6117
5.038,6116
5.038,6115
5.038,6114
5.038,6113
5.038,6112
5.039,6111
5.039,6110
5.039,6109
5.039,6108
5.039,6107
5.039,6106
5.039,6105
5.039,6104
5.039,6103
5.039,6102
5.040,6101
5.040,6100
5.040,6099
5.041,6098
5.041,6097
5.041,6096
5.041,6095
5.041,6094
5.042,6093
5.042,6092
5.042,6091
5.042,6090
5.042,6089
5.043,6088
5.043,6087
5.043,6086
5.043,6085
5.043,6084
5.043,6083
5.044,6082
5.044,6081
5.044,6080
5.044,6079
5.044,6078
5.044,6077
5.045,6076
5.045,6075
5.045,6074
5.045,6073
5.045,6072
5.046,6071
5.046,6070
5.046,6069
5.046,6068
5.047,6067
5.047,6066
5.047,6065
5.047,6064
5.048,6063
5.049,6062
5.049,6061
5.049,6060
5.049,6059
5.049,6058
5.050,6057
5.050,6056
5.051,6055
5.052,6054
5.052,6053
5.052,6052
5.052,6051
5.053,6050
5.053,6049
5.053,6048
5.053,6047
5.053,6046
5.053,6045
5.054,6044
5.055,6043
5.055,6042
5.055,6041
5.055,6040
5.055,6039
5.055,6038
5.055,6037
5.056,6036
5.056,6035
5.057,6034
5.057,6033
5.057,6032
5.058,6031
5.058,6030
5.059,6029
5.060,6028
5.060,6027
5.060,6026
5.060,6025
5.060,6024
5.061,6023
5.061,6022
5.061,6021
5.061,6020
5.061,6019
5.061,6018
5.062,6017
5.062,6016
5.062,6015
5.062,6014
5.063,6013
5.063,6012
5.063,6011
5.063,6010
5.063,6009
5.063,6008
5.064,6007
5.064,6006
5.065,6005
5.065,6004
5.065,6003
5.065,6002
5.066,6001
5.066,6000
5.066,5999
5.066,5998
5.066,5997
5.067,5996
5.067,5995
5.068,5994
5.068,5993
5.068,5992
5.069,5991
5.069,5990
5.069,5989
5.070,5988
5.070,5987
5.070,5986
5.070,5985
5.071,5984
5.071,5983
5.071,5982
5.072,5981
5.072,5980
5.072,5979
5.072,5978
5.072,5977
5.073,5976
5.073,5975
5.074,5974
5.074,5973
5.075,5972
5.076,5971
5.076,5970
5.076,5969
5.076,5968
5.076,5967
5.077,5966
5.077,5965
5.077,5964
5.077,5963
5.077,5962
5.078,5961
5.078,5960
5.078,5959
5.079,5958
5.080,5957
5.080,5956
5.080,5955
5.081,5954
5.081,5953
5.081,5952
5.082,5951
5.082,5950
5.083,5949
5.083,5948
5.083,5947
5.083,5946
5.083,5945
5.083,5944
5.084,5943
5.084,5942
5.084,5941
5.084,5940
5.085,5939
5.085,5938
5.085,5937
5.086,5936
5.087,5935
5.087,5934
5.088,5933
5.088,5932
5.089,5931
5.089,5930
5.090,5929
5.090,5928
5.090,5927
5.090,5926
5.091,5925
5.092,5924
5.092,5923
5.092,5922
5.092,5921
5.092,5920
5.093,5919
5.093,5918
5.093,5917
5.094,5916
5.094,5915
5.094,5914
5.094,5913
5.094,5912
5.095,5911
5.095,5910
5.095,5909
5.095,5908
5.096,5907
5.096,5906
5.096,5905
5.096,5904
5.096,5903
5.096,5902
5.097,5901
5.098,5900
5.098,5899
5.098,5898
5.098,5897
5.099,5896
5.099,5895
5.099,5894
5.100,5893
5.100,5892
5.102,5891
5.103,5890
5.103,5889
5.104,5888
5.104,5887
5.104,5886
5.104,5885
5.104,5884
5.104,5883
5.105,5882
5.105,5881
5.106,5880
5.106,5879
5.107,5878
5.108,5877
5.108,5876
5.109,5875
5.109,5874
5.110,5873
5.110,5872
5.110,5871
5.110,5870
5.110,5869
5.111,5868
5.111,5867
5.111,5866
5.111,5865
5.111,5864
5.116,5863
5.116,5862
5.116,5861
5.116,5860
5.117,5859
5.117,5858
5.118,5857
5.118,5856
5.118,5855
5.118,5854
5.119,5853
5.119,5852
5.120,5851
5.120,5850
5.120,5849
5.120,5848
5.120,5847
5.120,5846
5.121,5845
5.121,5844
5.122,5843
5.122,5842
5.122,5841
5.122,5840
5.122,5839
5.122,5838
5.122,5837
5.123,5836
5.123,5835
5.123,5834
5.123,5833
5.123,5832
5.123,5831
5.123,5830
5.124,5829
5.124,5828
5.125,5827
5.125,5826
5.125,5825
5.125,5824
5.126,5823
5.126,5822
5.126,5821
5.126,5820
5.126,5819
5.127,5818
5.127,5817
5.127,5816
5.127,5815
5.127,5814
5.128,5813
5.128,5812
5.128,5811
5.128,5810
5.128,5809
5.129,5808
5.129,5807
5.130,5806
5.130,5805
5.130,5804
5.130,5803
5.130,5802
5.130,5801
5.130,5800
5.132,5799
5.132,5798
5.132,5797
5.132,5796
5.133,5795
5.133,5794
5.133,5793
5.133,5792
5.134,5791
5.134,5790
5.135,5789
5.135,5788
5.135,5787
5.136,5786
5.136,5785
5.136,5784
5.137,5783
5.137,5782
5.137,5781
5.138,5780
5.138,5779
5.138,5778
5.138,5777
5.140,5776
5.140,5775
5.140,5774
5.140,5773
5.141,5772
5.141,5771
5.141,5770
5.141,5769
5.142,5768
5.142,5767
5.142,5766
5.143,5765
5.143,5764
5.143,5763
5.144,5762
5.144,5761
5.144,5760
5.145,5759
5.145,5758
5.146,5757
5.146,5756
5.146,5755
5.146,5754
5.146,5753
5.147,5752
5.147,5751
5.147,5750
5.147,5749
5.148,5748
5.148,5747
5.148,5746
5.148,5745
5.148,5744
5.148,5743
5.148,5742
5.149,5741
5.149,5740
5.150,5739
5.150,5738
5.151,5737
5.151,5736
5.151,5735
5.151,5734
5.151,5733
5.151,5732
5.152,5731
5.153,5730
5.153,5729
5.153,5728
5.153,5727
5.153,5726
5.154,5725
5.154,5724
5.155,5723
5.155,5722
5.156,5721
5.156,5720
5.157,5719
5.157,5718
5.159,5717
5.160,5716
5.160,5715
5.160,5714
5.161,5713
5.161,5712
5.161,5711
5.161,5710
5.161,5709
5.162,5708
5.162,5707
5.163,5706
5.163,5705
5.164,5704
5.165,5703
5.165,5702
5.165,5701
5.165,5700
5.166,5699
5.166,5698
5.167,5697
5.167,5696
5.167,5695
5.167,5694
5.167,5693
5.167,5692
5.167,5691
5.168,5690
5.168,5689
5.168,5688
5.168,5687
5.168,5686
5.169,5685
5.169,5684
5.169,5683
5.170,5682
5.170,5681
5.170,5680
5.171,5679
5.171,5678
5.172,5677
5.173,5676
5.173,5675
5.173,5674
5.173,5673
5.173,5672
5.174,5671
5.174,5670
5.174,5669
5.175,5668
5.175,5667
5.176,5666
5.176,5665
5.177,5664
5.177,5663
5.177,5662
5.178,5661
5.179,5660
5.179,5659
5.179,5658
5.179,5657
5.179,5656
5.179,5655
5.180,5654
5.180,5653
5.180,5652
5.180,5651
5.180,5650
5.180,5649
5.181,5648
5.181,5647
5.181,5646
5.181,5645
5.182,5644
5.182,5643
5.182,5642
5.182,5641
5.182,5640
5.183,5639
5.183,5638
5.184,5637
5.184,5636
5.184,5635
5.185,5634
5.185,5633
5.185,5632
5.186,5631
5.187,5630
5.187,5629
5.188,5628
5.188,5627
5.188,5626
5.188,5625
5.188,5624
5.189,5623
5.190,5622
5.190,5621
5.190,5620
5.191,5619
5.191,5618
5.191,5617
5.193,5616
5.193,5615
5.193,5614
5.193,5613
5.193,5612
5.193,5611
5.194,5610
5.195,5609
5.195,5608
5.195,5607
5.195,5606
5.196,5605
5.196,5604
5.196,5603
5.197,5602
5.197,5601
5.197,5600
5.200,5599
5.200,5598
5.201,5597
5.201,5596
5.201,5595
5.201,5594
5.202,5593
5.202,5592
5.202,5591
5.202,5590
5.202,5589
5.202,5588
5.202,5587
5.202,5586
5.202,5585
5.202,5584
5.202,5583
5.202,5582
5.202,5581
5.202,5580
5.202,5579
5.202,5578
5.202,5577
5.202,5576
5.202,5575
5.202,5574
5.202,5573
5.202,5572
5.202,5571
5.202,5570
5.202,5569
5.202,5568
5.202,5567
5.202,5566
5.202,5565
5.202,5564
5.202,5563
5.202,5562
5.202,5561
5.202,5560
5.202,5559
5.202,5558
5.202,5557
5.202,5556
5.202,5555
5.202,5554
5.202,5553
5.202,5552
5.202,5551
5.202,5550
5.202,5549
5.202,5548
5.218,5547
5.219,5546
5.221,5545
5.222,5544
5.222,5543
5.223,5542
5.223,5541
5.224,5540
5.224,5539
5.224,5538
5.225,5537
5.225,5536
5.227,5535
5.227,5534
5.229,5533
5.229,5532
5.230,5531
5.232,5530
5.232,5529
5.232,5528
5.232,5527
5.232,5526
5.232,5525
5.232,5524
5.232,5523
5.232,5522
5.232,5521
5.232,5520
5.232,5519
5.232,5518
5.232,5517
5.232,5516
5.232,5515
5.232,5514
5.232,5513
5.232,5512
5.232,5511
5.232,5510
5.232,5509
5.232,5508
5.232,5507
5.232,5506
5.232,5505
5.232,5504
5.232,5503
5.232,5502
5.232,5501
5.232,5500
5.232,5499
5.232,5498
5.248,5497
5.250,5496
5.251,5495
5.251,5494
5.251,5493
5.252,5492
5.252,5491
5.252,5490
5.252,5489
5.252,5488
5.252,5487
5.252,5486
5.252,5485
5.252,5484
5.252,5483
5.252,5482
5.252,5481
5.252,5480
5.252,5479
5.252,5478
5.252,5477
5.252,5476
5.252,5475
5.252,5474
5.252,5473
5.252,5472
5.252,5471
5.252,5470
5.252,5469
5.252,5468
5.252,5467
5.252,5466
5.252,5465
5.269,5464
5.270,5463
5.270,5462
5.270,5461
5.271,5460
5.272,5459
5.273,5458
5.273,5457
5.273,5456
5.273,5455
5.273,5454
5.273,5453
5.273,5452
5.273,5451
5.273,5450
5.273,5449
5.273,5448
5.273,5447
5.273,5446
5.273,5445
5.273,5444
5.273,5443
5.273,5442
5.273,5441
5.273,5440
5.273,5439
5.273,5438
5.290,5437
5.290,5436
5.290,5435
5.291,5434
5.291,5433
5.292,5432
5.293,5431
5.293,5430
5.293,5429
5.293,5428
5.293,5427
5.293,5426
5.293,5425
5.293,5424
5.293,5423
5.293,5422
5.293,5421
5.293,5420
5.293,5419
5.293,5418
5.293,5417
5.293,5416
5.309,5415
5.311,5414
5.313,5413
5.313,5412
5.314,5411
5.314,5410
5.314,5409
5.315,5408
5.315,5407
5.319,5406
5.319,5405
5.320,5404
5.321,5403
5.323,5402
5.323,5401
5.323,5400
5.323,5399
5.323,5398
5.323,5397
5.323,5396
5.323,5395
5.323,5394
5.323,5393
5.323,5392
5.323,5391
5.323,5390
5.323,5389
5.323,5388
5.323,5387
5.339,5386
5.341,5385
5.341,5384
5.342,5383
5.348,5382
5.348,5381
5.348,5380
5.348,5379
5.350,5378
5.351,5377
5.351,5376
5.352,5375
5.352,5374
5.352,5373
5.353,5372
5.353,5372
5.353,5371
5.355,5370
5.356,5369
5.356,5368
5.357,5367
5.357,5366
5.358,5365
5.360,5364
5.360,5363
5.362,5362
5.362,5361
5.362,5360
5.363,5359
5.364,5358
5.366,5357
5.371,5356
5.372,5355
5.373,5354
5.373,5353
5.374,5352
5.374,5351
5.375,5350
5.376,5349
5.377,5348
5.377,5347
5.377,5346
5.378,5345
5.379,5344
5.379,5343
5.380,5342
5.381,5341
5.383,5340
5.384,5339
5.384,5338
5.385,5337
5.386,5336
5.387,5335
5.387,5334
5.388,5333
5.390,5332
5.392,5331
5.395,5330
5.395,5329
5.395,5328
5.395,5327
5.395,5326
5.395,5325
5.395,5324
5.395,5323
5.395,5322
5.395,5321
5.395,5320
5.395,5319
5.395,5318
5.395,5317
5.414,5316
5.414,5315
5.415,5314
5.415,5313
5.417,5312
5.417,5311
5.418,5310
5.421,5309
5.421,5308
5.421,5307
5.424,5306
5.425,5305
5.425,5304
5.425,5303
5.425,5302
5.425,5301
5.425,5300
5.425,5299
5.425,5298
5.425,5297
5.425,5296
5.425,5295
5.425,5294
5.425,5293
5.425,5292
5.425,5291
5.425,5290
5.425,5289
5.441,5288
5.442,5287
5.443,5286
5.443,5285
5.443,5284
5.447,5283
5.448,5282
5.450,5281
5.450,5280
5.454,5279
5.455,5278
5.458,5277
5.458,5276
5.460,5275
5.466,5274
5.468,5273
5.473,5272
5.475,5271
5.479,5270
5.480,5269
5.481,5268
5.484,5267
5.485,5266
5.485,5265
5.485,5264
5.485,5263
5.485,5262
5.485,5261
5.485,5260
5.485,5259
5.485,5258
5.485,5257
5.485,5256
5.485,5255
5.485,5254
5.503,5253
5.504,5252
5.505,5251
5.506,5250
5.506,5249
5.506,5248
5.506,5247
5.506,5246
5.506,5245
5.506,5244
5.506,5243
5.523,5242
5.524,5241
5.525,5240
5.528,5239
5.529,5238
5.532,5237
5.534,5236
5.537,5235
5.537,5234
5.537,5233
5.537,5232
5.537,5231
5.537,5230
5.537,5229
5.537,5228
5.537,5227
5.537,5226
5.555,5225
5.567,5224
5.567,5223
5.567,5222
5.567,5221
5.567,5220
5.567,5219
5.583,5218
5.585,5217
5.587,5216
5.587,5215
5.587,5214
5.587,5213
5.587,5212
5.587,5211
5.605,5210
5.606,5209
5.608,5208
5.608,5207
5.608,5206
5.624,5205
5.629,5204
5.630,5203
5.638,5202
5.638,5201
5.638,5200
5.656,5199
5.660,5198
5.668,5197
5.673,5196
5.674,5195
5.675,5194
5.677,5193
5.678,5192
5.680,5191
5.688,5190
5.700,5189
5.700,5188
5.700,5187
5.700,5186
5.770,5185
5.790,5184
5.811,5183
5.811,5182
5.827,5181
5.840,5180
5.841,5179
5.841,5178
5.841,5177
5.841,5176
5.861,5175
5.879,5174
5.882,5173
5.901,5172
5.973,5171
6.014,5170
6.109,5169
6.248,5168
6.522,5167
