4.183,8353
4.183,8352
4.183,8351
4.183,8350
4.183,8349
4.183,8348
4.183,8347
4.184,8346
4.184,8345
4.184,8344
4.184,8343
4.184,8342
4.184,8341
4.184,8340
4.184,8339
4.184,8338
4.184,8337
4.184,8336
4.184,8335
4.184,8334
4.184,8333
4.185,8332
4.185,8331
4.185,8330
4.185,8329
4.185,8328
4.185,8327
4.185,8326
4.185,8325
4.185,8324
4.185,8323
4.185,8322
4.185,8321
4.185,8320
4.185,8319
4.185,8318
4.185,8317
4.185,8316
4.186,8315
4.186,8314
4.186,8313
4.186,8312
4.186,8311
4.186,8310
4.186,8309
4.186,8308
4.186,8307
4.186,8306
4.186,8305
4.186,8304
4.187,8303
4.187,8302
4.187,8301
4.187,8300
4.187,8299
4.187,8298
4.187,8297
4.187,8296
4.188,8295
4.188,8294
4.188,8293
4.188,8292
4.188,8291
4.188,8290
4.188,8289
4.188,8288
4.188,8287
4.188,8286
4.188,8285
4.188,8284
4.188,8283
4.188,8282
4.189,8281
4.189,8280
4.189,8279
4.189,8278
4.189,8277
4.189,8276
4.189,8275
4.189,8274
4.189,8273
4.189,8272
4.189,8271
4.189,8270
4.190,8269
4.190,8268
4.190,8267
4.190,8266
4.190,8265
4.190,8264
4.190,8263
4.190,8262
4.190,8261
4.190,8260
4.191,8259
4.191,8258
4.191,8257
4.191,8256
4.191,8255
4.191,8254
4.191,8253
4.191,8252
4.191,8251
4.191,8250
4.191,8249
4.191,8248
4.191,8247
4.191,8246
4.192,8245
4.192,8244
4.192,8243
4.192,8242
4.192,8241
4.192,8240
4.192,8239
4.192,8238
4.192,8237
4.192,8236
4.192,8235
4.192,8234
4.193,8233
4.193,8232
4.193,8231
4.193,8230
4.193,8229
4.193,8228
4.193,8227
4.193,8226
4.193,8225
4.193,8224
4.193,8223
4.193,8222
4.193,8221
4.193,8220
4.194,8219
4.194,8218
4.194,8217
4.194,8216
4.194,8215
4.194,8214
4.194,8213
4.194,8212
4.194,8211
4.194,8210
4.194,8209
4.194,8208
4.194,8207
4.194,8206
4.195,8205
4.195,8204
4.195,8203
4.195,8202
4.195,8201
4.195,8200
4.195,8199
4.195,8198
4.195,8197
4.195,8196
4.195,8195
4.195,8194
4.196,8193
4.196,8192
4.196,8191
4.196,8190
4.196,8189
4.196,8188
4.196,8187
4.196,8186
4.196,8185
4.196,8184
4.196,8183
4.196,8182
4.196,8181
4.196,8180
4.196,8179
4.197,8178
4.197,8177
4.197,8176
4.197,8175
4.197,8174
4.197,8173
4.197,8172
4.197,8171
4.197,8170
4.197,8169
4.197,8168
4.198,8167
4.198,8166
4.198,8165
4.198,8164
4.198,8163
4.198,8162
4.198,8161
4.198,8160
4.198,8159
4.198,8158
4.198,8157
4.198,8156
4.198,8155
4.199,8154
4.199,8153
4.199,8152
4.199,8151
4.199,8150
4.199,8149
4.199,8148
4.199,8147
4.199,8146
4.199,8145
4.199,8144
4.200,8143
4.200,8142
4.200,8141
4.200,8140
4.200,8139
4.200,8138
4.200,8137
4.200,8136
4.200,8135
4.200,8134
4.200,8133
4.200,8132
4.201,8131
4.201,8130
4.201,8129
4.201,8128
4.201,8127
4.201,8126
4.201,8125
4.201,8124
4.201,8123
4.201,8122
4.202,8121
4.202,8120
4.202,8119
4.202,8118
4.202,8117
4.202,8116
4.202,8115
4.202,8114
4.202,8113
4.202,8112
4.203,8111
4.203,8110
4.203,8109
4.203,8108
4.203,8107
4.203,8106
4.203,8105
4.203,8104
4.203,8103
4.203,8102
4.203,8101
4.203,8100
4.203,8099
4.204,8098
4.204,8097
4.204,8096
4.204,8095
4.204,8094
4.204,8093
4.204,8092
4.204,8091
4.205,8090
4.205,8089
4.205,8088
4.205,8087
4.205,8086
4.205,8085
4.205,8084
4.205,8083
4.205,8082
4.205,8081
4.205,8080
4.205,8079
4.205,8078
4.205,8077
4.205,8076
4.205,8075
4.205,8074
4.205,8073
4.205,8072
4.205,8071
4.205,8070
4.205,8069
4.205,8068
4.205,8067
4.205,8066
4.205,8065
4.205,8064
4.205,8063
4.205,8062
4.205,8061
4.205,8060
4.205,8059
4.205,8058
4.205,8057
4.205,8056
4.205,8055
4.205,8054
4.205,8053
4.205,8052
4.205,8051
4.205,8050
4.205,8049
4.205,8048
4.205,8047
4.205,8046
4.205,8045
4.205,8044
4.205,8043
4.205,8042
4.205,8041
4.205,8040
4.205,8039
4.205,8038
4.205,8037
4.205,8036
4.205,8035
4.205,8034
4.205,8033
4.205,8032
4.205,8031
4.205,8030
4.205,8029
4.205,8028
4.205,8027
4.205,8026
4.205,8025
4.205,8024
4.205,8023
4.205,8022
4.205,8021
4.205,8020
4.205,8019
4.205,8018
4.205,8017
4.205,8016
4.205,8015
4.205,8014
4.205,8013
4.205,8012
4.205,8011
4.205,8010
4.205,8009
4.205,8008
4.205,8007
4.205,8006
4.205,8005
4.205,8004
4.205,8003
4.205,8002
4.205,8001
4.205,8000
4.205,7999
4.205,7998
4.205,7997
4.205,7996
4.205,7995
4.205,7994
4.205,7993
4.205,7992
4.205,7991
4.205,7990
4.205,7989
4.205,7988
4.205,7987
4.205,7986
4.205,7985
4.205,7984
4.205,7983
4.205,7982
4.205,7981
4.205,7980
4.205,7979
4.205,7978
4.205,7977
4.205,7976
4.205,7975
4.205,7974
4.205,7973
4.205,7972
4.205,7971
4.205,7970
4.205,7969
4.205,7968
4.205,7967
4.205,7966
4.205,7965
4.205,7964
4.205,7963
4.205,7962
4.205,7961
4.205,7960
4.205,7959
4.205,7958
4.205,7957
4.205,7956
4.205,7955
4.205,7954
4.205,7953
4.205,7952
4.205,7951
4.205,7950
4.205,7949
4.205,7948
4.205,7947
4.205,7946
4.205,7945
4.205,7944
4.205,7943
4.205,7942
4.205,7941
4.205,7940
4.205,7939
4.205,7938
4.205,7937
4.205,7936
4.205,7935
4.205,7934
4.205,7933
4.205,7932
4.205,7931
4.205,7930
4.205,7929
4.205,7928
4.205,7927
4.205,7926
4.205,7925
4.205,7924
4.205,7923
4.205,7922
4.205,7921
4.205,7920
4.205,7919
4.205,7918
4.205,7917
4.205,7916
4.205,7915
4.205,7914
4.205,7913
4.205,7912
4.205,7911
4.205,7910
4.205,7909
4.205,7908
4.205,7907
4.205,7906
4.205,7905
4.205,7904
4.205,7903
4.205,7902
4.205,7901
4.221,7900
4.221,7899
4.221,7898
4.221,7897
4.221,7896
4.222,7895
4.222,7894
4.222,7893
4.222,7892
4.222,7891
4.222,7890
4.222,7889
4.222,7888
4.222,7887
4.222,7886
4.222,7885
4.222,7884
4.222,7883
4.222,7882
4.222,7881
4.223,7880
4.223,7879
4.223,7878
4.223,7877
4.223,7876
4.223,7875
4.223,7874
4.224,7873
4.224,7872
4.224,7871
4.224,7870
4.224,7869
4.224,7868
4.224,7867
4.224,7866
4.224,7865
4.225,7864
4.225,7863
4.225,7862
4.225,7861
4.225,7860
4.225,7859
4.225,7858
4.225,7857
4.225,7856
4.225,7855
4.225,7854
4.225,7853
4.225,7852
4.225,7851
4.225,7850
4.225,7849
4.225,7848
4.225,7847
4.225,7846
4.225,7845
4.225,7844
4.225,7843
4.225,7842
4.225,7841
4.225,7840
4.225,7839
4.225,7838
4.225,7837
4.225,7836
4.225,7835
4.225,7834
4.225,7833
4.225,7832
4.225,7831
4.225,7830
4.225,7829
4.225,7828
4.225,7827
4.225,7826
4.225,7825
4.225,7824
4.225,7823
4.225,7822
4.225,7821
4.225,7820
4.225,7819
4.225,7818
4.225,7817
4.225,7816
4.225,7815
4.225,7814
4.225,7813
4.225,7812
4.225,7811
4.225,7810
4.225,7809
4.225,7808
4.225,7807
4.225,7806
4.225,7805
4.225,7804
4.225,7803
4.225,7802
4.225,7801
4.225,7800
4.225,7799
4.225,7798
4.225,7797
4.225,7796
4.225,7795
4.225,7794
4.225,7793
4.225,7792
4.225,7791
4.225,7790
4.225,7789
4.225,7788
4.225,7787
4.225,7786
4.225,7785
4.225,7784
4.225,7783
4.225,7782
4.225,7781
4.225,7780
4.225,7779
4.225,7778
4.225,7777
4.225,7776
4.225,7775
4.225,7774
4.225,7773
4.225,7772
4.225,7771
4.225,7770
4.225,7769
4.225,7768
4.225,7767
4.225,7766
4.225,7765
4.225,7764
4.225,7763
4.225,7762
4.225,7761
4.225,7760
4.225,7759
4.225,7758
4.225,7757
4.225,7756
4.225,7755
4.225,7754
4.225,7753
4.225,7752
4.225,7751
4.225,7750
4.225,7749
4.225,7748
4.225,7747
4.225,7746
4.225,7745
4.225,7744
4.225,7743
4.225,7742
4.225,7741
4.225,7740
4.225,7739
4.225,7738
4.225,7737
4.225,7736
4.225,7735
4.225,7734
4.225,7733
4.225,7732
4.225,7731
4.225,7730
4.225,7729
4.225,7728
4.225,7727
4.225,7726
4.225,7725
4.225,7724
4.225,7723
4.225,7722
4.225,7721
4.225,7720
4.225,7719
4.225,7718
4.225,7717
4.225,7716
4.225,7715
4.225,7714
4.225,7713
4.225,7712
4.225,7711
4.225,7710
4.225,7709
4.225,7708
4.225,7707
4.225,7706
4.225,7705
4.225,7704
4.225,7703
4.225,7702
4.225,7701
4.225,7700
4.225,7699
4.225,7698
4.225,7697
4.225,7696
4.225,7695
4.225,7694
4.225,7693
4.225,7692
4.225,7691
4.225,7690
4.241,7689
4.241,7688
4.241,7687
4.241,7686
4.241,7685
4.242,7684
4.242,7683
4.242,7682
4.242,7681
4.242,7680
4.242,7679
4.242,7678
4.242,7677
4.242,7676
4.243,7675
4.243,7674
4.243,7673
4.243,7672
4.243,7671
4.243,7670
4.243,7669
4.243,7668
4.243,7667
4.243,7666
4.244,7665
4.244,7664
4.244,7663
4.244,7662
4.244,7661
4.244,7660
4.244,7659
4.244,7658
4.244,7657
4.244,7656
4.244,7655
4.245,7654
4.245,7653
4.245,7652
4.245,7651
4.245,7650
4.245,7649
4.245,7648
4.245,7647
4.245,7646
4.245,7645
4.245,7644
4.245,7643
4.246,7642
4.246,7641
4.246,7640
4.246,7639
4.246,7638
4.246,7637
4.246,7636
4.246,7635
4.247,7634
4.247,7633
4.247,7632
4.247,7631
4.247,7630
4.247,7629
4.247,7628
4.247,7627
4.247,7626
4.247,7625
4.247,7624
4.248,7623
4.248,7622
4.248,7621
4.248,7620
4.248,7619
4.248,7618
4.248,7617
4.248,7616
4.248,7615
4.248,7614
4.248,7613
4.248,7612
4.249,7611
4.249,7610
4.249,7609
4.249,7608
4.249,7607
4.249,7606
4.249,7605
4.249,7604
4.249,7603
4.249,7602
4.249,7601
4.250,7600
4.250,7599
4.250,7598
4.250,7597
4.250,7596
4.250,7595
4.250,7594
4.250,7593
4.250,7592
4.250,7591
4.251,7590
4.251,7589
4.251,7588
4.251,7587
4.251,7586
4.251,7585
4.251,7584
4.251,7583
4.251,7582
4.251,7581
4.252,7580
4.252,7579
4.252,7578
4.252,7577
4.252,7576
4.252,7575
4.252,7574
4.252,7573
4.252,7572
4.252,7571
4.252,7570
4.253,7569
4.253,7568
4.253,7567
4.253,7566
4.253,7565
4.253,7564
4.253,7563
4.253,7562
4.253,7561
4.253,7560
4.253,7559
4.253,7558
4.254,7557
4.254,7556
4.254,7555
4.254,7554
4.254,7553
4.254,7552
4.254,7551
4.254,7550
4.254,7549
4.254,7548
4.254,7547
4.254,7546
4.254,7545
4.254,7544
4.254,7543
4.255,7542
4.255,7541
4.255,7540
4.255,7539
4.255,7538
4.255,7537
4.255,7536
4.255,7535
4.255,7534
4.255,7533
4.255,7532
4.255,7531
4.255,7530
4.256,7529
4.256,7528
4.256,7527
4.256,7526
4.256,7525
4.256,7524
4.256,7523
4.256,7522
4.256,7521
4.256,7520
4.256,7519
4.257,7518
4.257,7517
4.257,7516
4.257,7515
4.257,7514
4.257,7513
4.257,7512
4.257,7511
4.257,7510
4.257,7509
4.257,7508
4.257,7507
4.258,7506
4.258,7505
4.258,7504
4.258,7503
4.258,7502
4.258,7501
4.258,7500
4.258,7499
4.258,7498
4.258,7497
4.259,7496
4.259,7495
4.259,7494
4.259,7493
4.259,7492
4.259,7491
4.259,7490
4.259,7489
4.259,7488
4.259,7487
4.260,7486
4.260,7485
4.260,7484
4.260,7483
4.260,7482
4.260,7481
4.260,7480
4.260,7479
4.260,7478
4.260,7477
4.260,7476
4.261,7475
4.261,7474
4.261,7473
4.261,7472
4.261,7471
4.261,7470
4.261,7469
4.261,7468
4.262,7467
4.262,7466
4.262,7465
4.262,7464
4.262,7463
4.262,7462
4.262,7461
4.262,7460
4.262,7459
4.263,7458
4.263,7457
4.263,7456
4.263,7455
4.263,7454
4.263,7453
4.263,7452
4.263,7451
4.263,7450
4.263,7449
4.263,7448
4.263,7447
4.263,7446
4.264,7445
4.264,7444
4.264,7443
4.264,7442
4.264,7441
4.264,7440
4.264,7439
4.264,7438
4.264,7437
4.264,7436
4.264,7435
4.264,7434
4.264,7433
4.265,7432
4.265,7431
4.265,7430
4.265,7429
4.265,7428
4.265,7427
4.265,7426
4.265,7425
4.266,7424
4.266,7423
4.266,7422
4.266,7421
4.266,7420
4.266,7419
4.266,7418
4.266,7417
4.266,7416
4.266,7415
4.266,7414
4.266,7413
4.266,7412
4.266,7411
4.266,7410
4.266,7409
4.266,7408
4.266,7407
4.266,7406
4.266,7405
4.266,7404
4.268,7403
4.268,7402
4.269,7401
4.269,7400
4.269,7399
4.269,7398
4.269,7397
4.269,7396
4.269,7395
4.269,7394
4.269,7393
4.269,7392
4.269,7391
4.270,7390
4.270,7389
4.270,7388
4.270,7387
4.270,7386
4.270,7385
4.270,7384
4.270,7383
4.270,7382
4.271,7381
4.271,7380
4.271,7379
4.271,7378
4.271,7377
4.272,7376
4.272,7375
4.272,7374
4.272,7373
4.272,7372
4.272,7371
4.272,7370
4.272,7369
4.272,7368
4.272,7367
4.272,7366
4.272,7365
4.273,7364
4.273,7363
4.273,7362
4.273,7361
4.273,7360
4.273,7359
4.273,7358
4.273,7357
4.273,7356
4.273,7355
4.273,7354
4.274,7353
4.274,7352
4.274,7351
4.274,7350
4.274,7349
4.274,7348
4.274,7347
4.274,7346
4.274,7345
4.274,7344
4.274,7343
4.275,7342
4.275,7341
4.275,7340
4.275,7339
4.275,7338
4.275,7337
4.275,7336
4.275,7335
4.276,7334
4.276,7333
4.276,7332
4.276,7331
4.276,7330
4.276,7329
4.277,7328
4.277,7327
4.277,7326
4.277,7325
4.277,7324
4.277,7323
4.277,7322
4.277,7321
4.277,7320
4.277,7319
4.277,7318
4.277,7317
4.278,7316
4.278,7315
4.278,7314
4.278,7313
4.278,7312
4.279,7311
4.279,7310
4.279,7309
4.279,7308
4.279,7307
4.279,7306
4.279,7305
4.279,7304
4.279,7303
4.279,7302
4.279,7301
4.279,7300
4.280,7299
4.280,7298
4.280,7297
4.280,7296
4.280,7295
4.280,7294
4.280,7293
4.280,7292
4.280,7291
4.280,7290
4.280,7289
4.281,7288
4.281,7287
4.281,7286
4.281,7285
4.282,7284
4.282,7283
4.282,7282
4.282,7281
4.282,7280
4.282,7279
4.282,7278
4.282,7277
4.282,7276
4.282,7275
4.283,7274
4.283,7273
4.283,7272
4.283,7271
4.283,7270
4.283,7269
4.283,7268
4.283,7267
4.283,7266
4.283,7265
4.283,7264
4.283,7263
4.284,7262
4.284,7261
4.284,7260
4.284,7259
4.284,7258
4.284,7257
4.284,7256
4.285,7255
4.285,7254
4.285,7253
4.285,7252
4.285,7251
4.285,7250
4.285,7249
4.285,7248
4.286,7247
4.286,7246
4.286,7245
4.286,7244
4.286,7243
4.286,7242
4.286,7241
4.286,7240
4.286,7239
4.286,7238
4.286,7237
4.286,7236
4.287,7235
4.287,7234
4.287,7233
4.287,7232
4.287,7231
4.287,7230
4.287,7229
4.287,7228
4.287,7227
4.287,7226
4.287,7225
4.287,7224
4.287,7223
4.287,7222
4.287,7221
4.287,7220
4.287,7219
4.287,7218
4.287,7217
4.287,7216
4.287,7215
4.287,7214
4.287,7213
4.287,7212
4.287,7211
4.287,7210
4.287,7209
4.287,7208
4.287,7207
4.287,7206
4.287,7205
4.287,7204
4.287,7203
4.287,7202
4.287,7201
4.287,7200
4.287,7199
4.287,7198
4.287,7197
4.287,7196
4.287,7195
4.287,7194
4.287,7193
4.287,7192
4.287,7191
4.287,7190
4.287,7189
4.287,7188
4.287,7187
4.287,7186
4.287,7185
4.287,7184
4.287,7183
4.287,7182
4.287,7181
4.287,7180
4.287,7179
4.287,7178
4.287,7177
4.287,7176
4.287,7175
4.287,7174
4.287,7173
4.287,7172
4.287,7171
4.287,7170
4.287,7169
4.287,7168
4.287,7167
4.287,7166
4.287,7165
4.287,7164
4.287,7163
4.287,7162
4.287,7161
4.287,7160
4.287,7159
4.287,7158
4.287,7157
4.287,7156
4.287,7155
4.287,7154
4.287,7153
4.287,7152
4.287,7151
4.287,7150
4.287,7149
4.287,7148
4.287,7147
4.287,7146
4.287,7145
4.287,7144
4.287,7143
4.287,7142
4.287,7141
4.287,7140
4.287,7139
4.287,7138
4.287,7137
4.287,7136
4.287,7135
4.287,7134
4.287,7133
4.287,7132
4.287,7131
4.287,7130
4.287,7129
4.287,7128
4.287,7127
4.287,7126
4.287,7125
4.287,7124
4.287,7123
4.287,7122
4.287,7121
4.287,7120
4.287,7119
4.287,7118
4.287,7117
4.287,7116
4.287,7115
4.287,7114
4.287,7113
4.287,7112
4.287,7111
4.287,7110
4.287,7109
4.287,7108
4.287,7107
4.287,7106
4.287,7105
4.287,7104
4.287,7103
4.287,7102
4.287,7101
4.287,7100
4.287,7099
4.287,7098
4.287,7097
4.287,7096
4.287,7095
4.302,7094
4.302,7093
4.302,7092
4.303,7091
4.303,7090
4.303,7089
4.303,7088
4.303,7087
4.303,7086
4.303,7085
4.303,7084
4.303,7083
4.304,7082
4.304,7081
4.304,7080
4.304,7079
4.304,7078
4.304,7077
4.304,7076
4.305,7075
4.305,7074
4.305,7073
4.305,7072
4.305,7071
4.305,7070
4.305,7069
4.305,7068
4.305,7067
4.305,7066
4.306,7065
4.306,7064
4.306,7063
4.306,7062
4.306,7061
4.306,7060
4.306,7059
4.306,7058
4.306,7057
4.306,7056
4.306,7055
4.306,7054
4.306,7053
4.306,7052
4.306,7051
4.306,7050
4.306,7049
4.306,7048
4.306,7047
4.306,7046
4.306,7045
4.306,7044
4.306,7043
4.306,7042
4.306,7041
4.306,7040
4.306,7039
4.306,7038
4.306,7037
4.306,7036
4.306,7035
4.306,7034
4.306,7033
4.306,7032
4.306,7031
4.306,7030
4.306,7029
4.306,7028
4.306,7027
4.306,7026
4.306,7025
4.306,7024
4.306,7023
4.306,7022
4.306,7021
4.306,7020
4.306,7019
4.306,7018
4.306,7017
4.306,7016
4.306,7015
4.306,7014
4.306,7013
4.306,7012
4.306,7011
4.306,7010
4.306,7009
4.306,7008
4.306,7007
4.306,7006
4.306,7005
4.306,7004
4.306,7003
4.306,7002
4.306,7001
4.306,7000
4.306,6999
4.306,6998
4.306,6997
4.306,6996
4.306,6995
4.306,6994
4.306,6993
4.306,6992
4.306,6991
4.306,6990
4.306,6989
4.306,6988
4.306,6987
4.306,6986
4.306,6985
4.306,6984
4.306,6983
4.306,6982
4.306,6981
4.306,6980
4.306,6979
4.306,6978
4.306,6977
4.306,6976
4.306,6975
4.306,6974
4.306,6973
4.306,6972
4.306,6971
4.306,6970
4.306,6969
4.306,6968
4.306,6967
4.306,6966
4.306,6965
4.306,6964
4.306,6963
4.306,6962
4.306,6961
4.306,6960
4.306,6959
4.306,6958
4.306,6957
4.306,6956
4.306,6955
4.306,6954
4.306,6953
4.306,6952
4.306,6951
4.306,6950
4.306,6949
4.306,6948
4.306,6947
4.306,6946
4.306,6945
4.306,6944
4.306,6943
4.306,6942
4.306,6941
4.306,6940
4.306,6939
4.306,6938
4.306,6937
4.306,6936
4.322,6935
4.322,6934
4.322,6933
4.322,6932
4.322,6931
4.322,6930
4.323,6929
4.323,6928
4.323,6927
4.323,6926
4.323,6925
4.323,6924
4.324,6923
4.324,6922
4.324,6921
4.324,6920
4.324,6919
4.324,6918
4.324,6917
4.324,6916
4.324,6915
4.324,6914
4.325,6913
4.325,6912
4.325,6911
4.325,6910
4.325,6909
4.325,6908
4.325,6907
4.326,6906
4.326,6905
4.326,6904
4.326,6903
4.326,6902
4.326,6901
4.326,6900
4.326,6899
4.326,6898
4.327,6897
4.327,6896
4.327,6895
4.327,6894
4.327,6893
4.327,6892
4.327,6891
4.328,6890
4.328,6889
4.328,6888
4.328,6887
4.328,6886
4.328,6885
4.328,6884
4.329,6883
4.329,6882
4.329,6881
4.329,6880
4.329,6879
4.330,6878
4.330,6877
4.330,6876
4.330,6875
4.330,6874
4.330,6873
4.330,6872
4.331,6871
4.331,6870
4.331,6869
4.331,6868
4.331,6867
4.332,6866
4.332,6865
4.332,6864
4.332,6863
4.332,6862
4.333,6861
4.333,6860
4.333,6859
4.333,6858
4.333,6857
4.333,6856
4.333,6855
4.333,6854
4.333,6853
4.333,6852
4.334,6851
4.334,6850
4.334,6849
4.334,6848
4.334,6847
4.334,6846
4.334,6845
4.334,6844
4.334,6843
4.335,6842
4.335,6841
4.335,6840
4.336,6839
4.336,6838
4.337,6837
4.337,6836
4.337,6835
4.337,6834
4.337,6833
4.337,6832
4.337,6831
4.337,6830
4.337,6829
4.337,6828
4.337,6827
4.337,6826
4.337,6825
4.337,6824
4.337,6823
4.337,6822
4.337,6821
4.337,6820
4.337,6819
4.337,6818
4.337,6817
4.337,6816
4.337,6815
4.337,6814
4.337,6813
4.337,6812
4.337,6811
4.337,6810
4.337,6809
4.337,6808
4.337,6807
4.337,6806
4.337,6805
4.337,6804
4.337,6803
4.337,6802
4.337,6801
4.337,6800
4.337,6799
4.337,6798
4.337,6797
4.337,6796
4.337,6795
4.337,6794
4.337,6793
4.337,6792
4.337,6791
4.337,6790
4.337,6789
4.337,6788
4.337,6787
4.337,6786
4.337,6785
4.337,6784
4.337,6783
4.337,6782
4.337,6781
4.337,6780
4.337,6779
4.337,6778
4.337,6777
4.337,6776
4.337,6775
4.337,6774
4.337,6773
4.337,6772
4.337,6771
4.337,6770
4.337,6769
4.337,6768
4.337,6767
4.337,6766
4.337,6765
4.337,6764
4.337,6763
4.337,6762
4.337,6761
4.337,6760
4.337,6759
4.337,6758
4.337,6757
4.337,6756
4.337,6755
4.337,6754
4.337,6753
4.337,6752
4.337,6751
4.337,6750
4.337,6749
4.337,6748
4.337,6747
4.337,6746
4.337,6745
4.337,6744
4.337,6743
4.337,6742
4.337,6741
4.337,6740
4.337,6739
4.337,6738
4.337,6737
4.337,6736
4.337,6735
4.337,6734
4.337,6733
4.337,6732
4.337,6731
4.337,6730
4.337,6729
4.337,6728
4.337,6727
4.337,6726
4.337,6725
4.337,6724
4.337,6723
4.337,6722
4.337,6721
4.337,6720
4.337,6719
4.353,6718
4.353,6717
4.353,6716
4.353,6715
4.353,6714
4.354,6713
4.354,6712
4.354,6711
4.355,6710
4.355,6709
4.355,6708
4.355,6707
4.355,6706
4.355,6705
4.356,6704
4.356,6703
4.356,6702
4.356,6701
4.357,6700
4.357,6699
4.357,6698
4.357,6697
4.357,6696
4.357,6695
4.357,6694
4.357,6693
4.357,6692
4.357,6691
4.357,6690
4.357,6689
4.357,6688
4.357,6687
4.357,6686
4.357,6685
4.357,6684
4.357,6683
4.357,6682
4.357,6681
4.357,6680
4.357,6679
4.357,6678
4.357,6677
4.357,6676
4.357,6675
4.357,6674
4.357,6673
4.357,6672
4.357,6671
4.357,6670
4.357,6669
4.357,6668
4.357,6667
4.357,6666
4.357,6665
4.357,6664
4.357,6663
4.357,6662
4.357,6661
4.357,6660
4.357,6659
4.357,6658
4.357,6657
4.357,6656
4.357,6655
4.357,6654
4.357,6653
4.357,6652
4.357,6651
4.357,6650
4.357,6649
4.357,6648
4.357,6647
4.357,6646
4.357,6645
4.357,6644
4.357,6643
4.357,6642
4.357,6641
4.357,6640
4.357,6639
4.357,6638
4.357,6637
4.357,6636
4.357,6635
4.357,6634
4.357,6633
4.357,6632
4.357,6631
4.357,6630
4.357,6629
4.357,6628
4.357,6627
4.357,6626
4.357,6625
4.357,6624
4.357,6623
4.357,6622
4.357,6621
4.357,6620
4.357,6619
4.357,6618
4.357,6617
4.357,6616
4.357,6615
4.357,6614
4.357,6613
4.357,6612
4.357,6611
4.357,6610
4.357,6609
4.357,6608
4.357,6607
4.357,6606
4.357,6605
4.357,6604
4.357,6603
4.357,6602
4.357,6601
4.357,6600
4.357,6599
4.357,6598
4.357,6597
4.357,6596
4.357,6595
4.357,6594
4.357,6593
4.357,6592
4.357,6591
4.357,6590
4.357,6589
4.357,6588
4.357,6587
4.357,6586
4.357,6585
4.357,6584
4.357,6583
4.357,6582
4.357,6581
4.357,6580
4.357,6579
4.357,6578
4.357,6577
4.357,6576
4.357,6575
4.357,6574
4.357,6573
4.357,6572
4.357,6571
4.357,6570
4.373,6569
4.373,6568
4.373,6567
4.373,6566
4.373,6565
4.373,6564
4.373,6563
4.373,6562
4.374,6561
4.375,6560
4.375,6559
4.375,6558
4.375,6557
4.375,6556
4.375,6555
4.375,6554
4.375,6553
4.375,6552
4.375,6551
4.375,6550
4.376,6549
4.376,6548
4.376,6547
4.376,6546
4.376,6545
4.376,6544
4.377,6543
4.377,6542
4.377,6541
4.378,6540
4.378,6539
4.378,6538
4.378,6537
4.378,6536
4.379,6535
4.379,6534
4.379,6533
4.379,6532
4.379,6531
4.379,6530
4.380,6529
4.380,6528
4.380,6527
4.380,6526
4.380,6525
4.380,6524
4.380,6523
4.380,6522
4.381,6521
4.381,6520
4.381,6519
4.381,6518
4.381,6517
4.381,6516
4.381,6515
4.381,6514
4.382,6513
4.382,6512
4.382,6511
4.382,6510
4.382,6509
4.383,6508
4.383,6507
4.383,6506
4.383,6505
4.383,6504
4.383,6503
4.383,6502
4.384,6501
4.384,6500
4.384,6499
4.384,6498
4.384,6497
4.384,6496
4.385,6495
4.385,6494
4.385,6493
4.385,6492
4.385,6491
4.385,6490
4.385,6489
4.385,6488
4.386,6487
4.386,6486
4.386,6485
4.386,6484
4.386,6483
4.386,6482
4.386,6481
4.387,6480
4.387,6479
4.387,6478
4.387,6477
4.388,6476
4.388,6475
4.388,6474
4.388,6473
4.388,6472
4.388,6471
4.388,6470
4.388,6469
4.388,6468
4.388,6467
4.388,6466
4.388,6465
4.388,6464
4.388,6463
4.388,6462
4.388,6461
4.388,6460
4.388,6459
4.388,6458
4.388,6457
4.388,6456
4.388,6455
4.388,6454
4.388,6453
4.388,6452
4.388,6451
4.388,6450
4.388,6449
4.388,6448
4.388,6447
4.388,6446
4.388,6445
4.388,6444
4.388,6443
4.388,6442
4.388,6441
4.388,6440
4.388,6439
4.388,6438
4.388,6437
4.388,6436
4.388,6435
4.388,6434
4.388,6433
4.388,6432
4.388,6431
4.388,6430
4.388,6429
4.388,6428
4.388,6427
4.388,6426
4.388,6425
4.388,6424
4.388,6423
4.388,6422
4.388,6421
4.388,6420
4.388,6419
4.388,6418
4.388,6417
4.388,6416
4.388,6415
4.388,6414
4.388,6413
4.388,6412
4.388,6411
4.388,6410
4.388,6409
4.388,6408
4.388,6407
4.388,6406
4.388,6405
4.388,6404
4.388,6403
4.388,6402
4.388,6401
4.388,6400
4.388,6399
4.388,6398
4.388,6397
4.388,6396
4.388,6395
4.388,6394
4.388,6393
4.388,6392
4.388,6391
4.388,6390
4.388,6389
4.388,6388
4.388,6387
4.388,6386
4.388,6385
4.388,6384
4.388,6383
4.388,6382
4.388,6381
4.388,6380
4.388,6379
4.388,6378
4.388,6377
4.388,6376
4.388,6375
4.388,6374
4.388,6373
4.388,6372
4.388,6371
4.388,6370
4.388,6369
4.388,6368
4.388,6367
4.388,6366
4.388,6365
4.388,6364
4.388,6363
4.388,6362
4.388,6361
4.388,6360
4.388,6359
4.388,6358
4.388,6357
4.404,6356
4.405,6355
4.405,6354
4.405,6353
4.405,6352
4.405,6351
4.406,6350
4.406,6349
4.406,6348
4.406,6347
4.407,6346
4.407,6345
4.407,6344
4.407,6343
4.407,6342
4.407,6341
4.407,6340
4.407,6339
4.408,6338
4.408,6337
4.408,6336
4.408,6335
4.408,6334
4.408,6333
4.408,6332
4.408,6331
4.408,6330
4.408,6329
4.408,6328
4.408,6327
4.408,6326
4.408,6325
4.408,6324
4.408,6323
4.408,6322
4.408,6321
4.408,6320
4.408,6319
4.408,6318
4.408,6317
4.408,6316
4.408,6315
4.408,6314
4.408,6313
4.408,6312
4.408,6311
4.408,6310
4.408,6309
4.408,6308
4.408,6307
4.408,6306
4.408,6305
4.408,6304
4.408,6303
4.408,6302
4.408,6301
4.408,6300
4.408,6299
4.408,6298
4.408,6297
4.408,6296
4.408,6295
4.408,6294
4.408,6293
4.408,6292
4.408,6291
4.408,6290
4.408,6289
4.408,6288
4.408,6287
4.408,6286
4.408,6285
4.408,6284
4.408,6283
4.408,6282
4.408,6281
4.408,6280
4.408,6279
4.408,6278
4.408,6277
4.408,6276
4.408,6275
4.408,6274
4.408,6273
4.408,6272
4.408,6271
4.408,6270
4.408,6269
4.408,6268
4.408,6267
4.408,6266
4.408,6265
4.408,6264
4.408,6263
4.408,6262
4.408,6261
4.408,6260
4.408,6259
4.408,6258
4.408,6257
4.408,6256
4.408,6255
4.408,6254
4.408,6253
4.408,6252
4.408,6251
4.408,6250
4.424,6249
4.424,6248
4.424,6247
4.424,6246
4.424,6245
4.425,6244
4.425,6243
4.425,6242
4.425,6241
4.425,6240
4.425,6239
4.425,6238
4.425,6237
4.426,6236
4.426,6235
4.426,6234
4.426,6233
4.426,6232
4.426,6231
4.426,6230
4.426,6229
4.427,6228
4.427,6227
4.427,6226
4.428,6225
4.428,6224
4.428,6223
4.428,6222
4.429,6221
4.429,6220
4.429,6219
4.430,6218
4.430,6217
4.430,6216
4.430,6215
4.430,6214
4.430,6213
4.430,6212
4.430,6211
4.431,6210
4.431,6209
4.431,6208
4.431,6207
4.431,6206
4.431,6205
4.431,6204
4.431,6203
4.432,6202
4.432,6201
4.432,6200
4.432,6199
4.432,6198
4.433,6197
4.433,6196
4.434,6195
4.434,6194
4.434,6193
4.434,6192
4.434,6191
4.434,6190
4.434,6189
4.434,6188
4.435,6187
4.435,6186
4.435,6185
4.435,6184
4.435,6183
4.435,6182
4.436,6181
4.436,6180
4.436,6179
4.436,6178
4.437,6177
4.437,6176
4.437,6175
4.438,6174
4.438,6173
4.439,6172
4.439,6171
4.439,6170
4.439,6169
4.440,6168
4.441,6167
4.441,6166
4.441,6165
4.441,6164
4.442,6163
4.442,6162
4.442,6161
4.442,6160
4.442,6159
4.443,6158
4.443,6157
4.443,6156
4.443,6155
4.443,6154
4.443,6153
4.444,6152
4.444,6151
4.444,6150
4.444,6149
4.444,6148
4.445,6147
4.445,6146
4.445,6145
4.445,6144
4.446,6143
4.446,6142
4.446,6141
4.446,6140
4.446,6139
4.447,6138
4.447,6137
4.447,6136
4.447,6135
4.447,6134
4.448,6133
4.448,6132
4.448,6131
4.448,6130
4.448,6129
4.448,6128
4.448,6127
4.449,6126
4.449,6125
4.449,6124
4.449,6123
4.449,6122
4.449,6121
4.449,6120
4.449,6119
4.449,6118
4.449,6117
4.449,6116
4.449,6115
4.449,6114
4.449,6113
4.449,6112
4.449,6111
4.449,6110
4.449,6109
4.449,6108
4.449,6107
4.449,6106
4.449,6105
4.449,6104
4.449,6103
4.449,6102
4.449,6101
4.449,6100
4.449,6099
4.449,6098
4.449,6097
4.449,6096
4.449,6095
4.449,6094
4.449,6093
4.449,6092
4.449,6091
4.449,6090
4.449,6089
4.449,6088
4.449,6087
4.449,6086
4.449,6085
4.449,6084
4.449,6083
4.449,6082
4.449,6081
4.449,6080
4.449,6079
4.449,6078
4.449,6077
4.449,6076
4.449,6075
4.449,6074
4.449,6073
4.449,6072
4.449,6071
4.449,6070
4.449,6069
4.449,6068
4.449,6067
4.449,6066
4.449,6065
4.449,6064
4.449,6063
4.449,6062
4.449,6061
4.449,6060
4.449,6059
4.449,6058
4.449,6057
4.449,6056
4.449,6055
4.449,6054
4.449,6053
4.449,6052
4.449,6051
4.449,6050
4.449,6049
4.449,6048
4.465,6047
4.465,6046
4.465,6045
4.465,6044
4.465,6043
4.465,6042
4.465,6041
4.466,6040
4.466,6039
4.466,6038
4.466,6037
4.467,6036
4.467,6035
4.467,6034
4.467,6033
4.467,6032
4.467,6031
4.468,6030
4.468,6029
4.468,6028
4.468,6027
4.468,6026
4.468,6025
4.469,6024
4.469,6023
4.469,6022
4.469,6021
4.469,6020
4.469,6019
4.469,6018
4.469,6017
4.469,6016
4.469,6015
4.469,6014
4.469,6013
4.469,6012
4.469,6011
4.469,6010
4.469,6009
4.469,6008
4.469,6007
4.469,6006
4.469,6005
4.469,6004
4.469,6003
4.469,6002
4.469,6001
4.469,6000
4.469,5999
4.469,5998
4.469,5997
4.469,5996
4.469,5995
4.469,5994
4.469,5993
4.469,5992
4.469,5991
4.469,5990
4.469,5989
4.469,5988
4.469,5987
4.469,5986
4.469,5985
4.469,5984
4.469,5983
4.469,5982
4.469,5981
4.469,5980
4.469,5979
4.469,5978
4.469,5977
4.469,5976
4.469,5975
4.469,5974
4.469,5973
4.469,5972
4.485,5971
4.485,5970
4.485,5969
4.485,5968
4.485,5967
4.486,5966
4.486,5965
4.486,5964
4.487,5963
4.487,5962
4.488,5961
4.488,5960
4.488,5959
4.488,5958
4.489,5957
4.489,5956
4.489,5955
4.490,5954
4.490,5953
4.490,5952
4.490,5951
4.490,5950
4.490,5949
4.490,5948
4.490,5947
4.490,5946
4.490,5945
4.491,5944
4.491,5943
4.491,5942
4.492,5941
4.492,5940
4.492,5939
4.492,5938
4.492,5937
4.492,5936
4.493,5935
4.493,5934
4.493,5933
4.493,5932
4.494,5931
4.494,5930
4.494,5929
4.494,5928
4.494,5927
4.495,5926
4.495,5925
4.495,5924
4.495,5923
4.496,5922
4.496,5921
4.496,5920
4.496,5919
4.496,5918
4.496,5917
4.497,5916
4.497,5915
4.497,5914
4.497,5913
4.497,5912
4.498,5911
4.498,5910
4.498,5909
4.499,5908
4.499,5907
4.499,5906
4.499,5905
4.499,5904
4.500,5903
4.500,5902
4.500,5901
4.500,5900
4.500,5899
4.500,5898
4.500,5897
4.501,5896
4.502,5895
4.502,5894
4.502,5893
4.503,5892
4.503,5891
4.503,5890
4.504,5889
4.504,5888
4.504,5887
4.505,5886
4.505,5885
4.505,5884
4.505,5883
4.505,5882
4.505,5881
4.505,5880
4.506,5879
4.506,5878
4.507,5877
4.507,5876
4.507,5875
4.507,5874
4.508,5873
4.508,5872
4.508,5871
4.509,5870
4.509,5869
4.510,5868
4.510,5867
4.510,5866
4.510,5865
4.510,5864
4.510,5863
4.510,5862
4.510,5861
4.510,5860
4.511,5859
4.511,5858
4.512,5857
4.512,5856
4.513,5855
4.513,5854
4.513,5853
4.514,5852
4.514,5851
4.514,5850
4.515,5849
4.515,5848
4.515,5847
4.515,5846
4.515,5845
4.515,5844
4.516,5843
4.516,5842
4.516,5841
4.516,5840
4.516,5839
4.516,5838
4.516,5837
4.517,5836
4.517,5835
4.517,5834
4.517,5833
4.517,5832
4.518,5831
4.518,5830
4.518,5829
4.519,5828
4.519,5827
4.519,5826
4.519,5825
4.519,5824
4.519,5823
4.519,5822
4.520,5821
4.520,5820
4.520,5819
4.520,5818
4.521,5817
4.521,5816
4.521,5815
4.521,5814
4.521,5813
4.521,5812
4.522,5811
4.522,5810
4.522,5809
4.523,5808
4.523,5807
4.523,5806
4.524,5805
4.524,5804
4.524,5803
4.524,5802
4.524,5801
4.524,5800
4.524,5799
4.525,5798
4.525,5797
4.526,5796
4.526,5795
4.526,5794
4.527,5793
4.529,5792
4.530,5791
4.530,5790
4.530,5789
4.530,5788
4.531,5787
4.531,5786
4.531,5785
4.531,5784
4.531,5783
4.531,5782
4.532,5781
4.532,5780
4.532,5779
4.532,5778
4.533,5777
4.533,5776
4.534,5775
4.534,5774
4.534,5773
4.534,5772
4.535,5771
4.535,5770
4.535,5769
4.536,5768
4.536,5767
4.536,5766
4.536,5765
4.536,5764
4.537,5763
4.538,5762
4.538,5761
4.538,5760
4.538,5759
4.538,5758
4.538,5757
4.540,5756
4.540,5755
4.540,5754
4.540,5753
4.541,5752
4.541,5751
4.541,5750
4.541,5749
4.542,5748
4.543,5747
4.543,5746
4.543,5745
4.544,5744
4.544,5743
4.544,5742
4.544,5741
4.545,5740
4.545,5739
4.545,5738
4.545,5737
4.546,5736
4.546,5735
4.547,5734
4.547,5733
4.548,5732
4.548,5731
4.548,5730
4.548,5729
4.549,5728
4.549,5727
4.549,5726
4.550,5725
4.550,5724
4.550,5723
4.550,5722
4.550,5721
4.551,5720
4.551,5719
4.551,5718
4.551,5717
4.551,5716
4.551,5715
4.551,5714
4.551,5713
4.551,5712
4.551,5711
4.551,5710
4.551,5709
4.551,5708
4.551,5707
4.551,5706
4.551,5705
4.551,5704
4.551,5703
4.551,5702
4.551,5701
4.551,5700
4.551,5699
4.551,5698
4.551,5697
4.551,5696
4.551,5695
4.551,5694
4.551,5693
4.551,5692
4.551,5691
4.551,5690
4.551,5689
4.551,5688
4.551,5687
4.551,5686
4.551,5685
4.551,5684
4.551,5683
4.551,5682
4.551,5681
4.551,5680
4.551,5679
4.551,5678
4.551,5677
4.566,5676
4.566,5675
4.567,5674
4.567,5673
4.567,5672
4.567,5671
4.569,5670
4.569,5669
4.570,5668
4.570,5667
4.570,5666
4.570,5665
4.570,5664
4.570,5663
4.570,5662
4.570,5661
4.570,5660
4.570,5659
4.570,5658
4.570,5657
4.570,5656
4.570,5655
4.570,5654
4.570,5653
4.570,5652
4.570,5651
4.570,5650
4.570,5649
4.570,5648
4.570,5647
4.570,5646
4.570,5645
4.570,5644
4.570,5643
4.570,5642
4.570,5641
4.570,5640
4.570,5639
4.570,5638
4.570,5637
4.570,5636
4.570,5635
4.570,5634
4.570,5633
4.570,5632
4.570,5631
4.570,5630
4.570,5629
4.570,5628
4.570,5627
4.570,5626
4.570,5625
4.570,5624
4.570,5623
4.587,5622
4.587,5621
4.587,5620
4.587,5619
4.588,5618
4.588,5617
4.590,5616
4.590,5615
4.590,5614
4.590,5613
4.591,5612
4.591,5611
4.593,5610
4.593,5609
4.593,5608
4.595,5607
4.595,5606
4.595,5605
4.595,5604
4.595,5603
4.595,5602
4.595,5601
4.596,5600
4.596,5599
4.596,5598
4.596,5597
4.597,5596
4.599,5595
4.599,5594
4.599,5593
4.599,5592
4.600,5591
4.600,5590
4.601,5589
4.602,5588
4.602,5587
4.602,5586
4.603,5585
4.603,5584
4.604,5583
4.604,5582
4.604,5581
4.606,5580
4.606,5579
4.609,5578
4.610,5577
4.610,5576
4.611,5575
4.612,5574
4.612,5573
4.612,5572
4.613,5571
4.613,5570
4.613,5569
4.614,5568
4.614,5567
4.615,5566
4.617,5565
4.617,5564
4.618,5563
4.618,5562
4.618,5561
4.618,5560
4.619,5559
4.621,5558
4.621,5557
4.622,5556
4.625,5555
4.625,5554
4.625,5553
4.626,5552
4.627,5551
4.629,5550
4.629,5549
4.629,5548
4.630,5547
4.630,5546
4.631,5545
4.631,5544
4.632,5543
4.632,5542
4.632,5541
4.632,5540
4.632,5539
4.632,5538
4.632,5537
4.632,5536
4.632,5535
4.632,5534
4.632,5533
4.632,5532
4.632,5531
4.632,5530
4.632,5529
4.632,5528
4.632,5527
4.632,5526
4.632,5525
4.632,5524
4.632,5523
4.632,5522
4.632,5521
4.632,5520
4.632,5519
4.632,5518
4.632,5517
4.632,5516
4.632,5515
4.632,5514
4.632,5513
4.632,5512
4.632,5511
4.648,5510
4.649,5509
4.650,5508
4.650,5507
4.650,5506
4.651,5505
4.651,5504
4.651,5503
4.651,5502
4.651,5501
4.652,5500
4.652,5499
4.652,5498
4.652,5497
4.652,5496
4.652,5495
4.652,5494
4.652,5493
4.652,5492
4.652,5491
4.652,5490
4.652,5489
4.652,5488
4.652,5487
4.652,5486
4.652,5485
4.652,5484
4.652,5483
4.652,5482
4.652,5481
4.652,5480
4.652,5479
4.652,5478
4.652,5477
4.652,5476
4.652,5475
4.652,5474
4.652,5473
4.652,5472
4.668,5471
4.669,5470
4.669,5469
4.670,5468
4.670,5467
4.671,5466
4.672,5465
4.672,5464
4.672,5463
4.673,5462
4.673,5461
4.673,5460
4.673,5459
4.673,5458
4.673,5457
4.673,5456
4.673,5455
4.673,5454
4.673,5453
4.673,5452
4.673,5451
4.673,5450
4.673,5449
4.673,5448
4.689,5447
4.689,5446
4.689,5445
4.691,5444
4.691,5443
4.694,5442
4.694,5441
4.694,5440
4.695,5439
4.695,5438
4.695,5437
4.696,5436
4.697,5435
4.698,5434
4.698,5433
4.699,5432
4.699,5431
4.699,5430
4.700,5429
4.701,5428
4.701,5427
4.701,5426
4.702,5425
4.702,5424
4.703,5423
4.703,5422
4.703,5421
4.703,5420
4.704,5419
4.705,5418
4.705,5417
4.705,5416
4.706,5415
4.709,5414
4.710,5413
4.710,5412
4.711,5411
4.711,5410
4.712,5409
4.713,5408
4.713,5407
4.714,5406
4.715,5405
4.716,5404
4.716,5403
4.717,5402
4.717,5401
4.718,5400
4.718,5399
4.718,5398
4.719,5397
4.720,5396
4.722,5395
4.723,5394
4.723,5393
4.723,5392
4.723,5391
4.723,5390
4.723,5389
4.723,5388
4.723,5387
4.723,5386
4.723,5385
4.723,5384
4.723,5383
4.723,5382
4.739,5381
4.739,5380
4.740,5379
4.740,5378
4.740,5377
4.741,5376
4.744,5375
4.744,5374
4.744,5373
4.744,5372
4.744,5371
4.744,5370
4.744,5369
4.744,5368
4.744,5367
4.744,5366
4.744,5365
4.744,5364
4.744,5363
4.744,5362
4.744,5361
4.744,5360
4.744,5359
4.744,5358
4.744,5357
4.760,5356
4.760,5355
4.760,5354
4.761,5353
4.762,5352
4.763,5351
4.763,5350
4.764,5349
4.765,5348
4.766,5347
4.768,5346
4.770,5345
4.771,5344
4.773,5343
4.773,5342
4.773,5341
4.773,5340
4.773,5339
4.773,5338
4.773,5337
4.773,5336
4.773,5335
4.773,5334
4.773,5333
4.773,5332
4.773,5331
4.791,5330
4.792,5329
4.792,5328
4.793,5327
4.794,5326
4.795,5325
4.796,5324
4.796,5323
4.796,5322
4.796,5321
4.798,5320
4.799,5319
4.801,5318
4.803,5317
4.804,5316
4.805,5315
4.805,5314
4.805,5313
4.805,5312
4.805,5311
4.805,5310
4.805,5309
4.805,5308
4.805,5307
4.805,5306
4.805,5305
4.805,5304
4.821,5303
4.824,5302
4.824,5301
4.825,5300
4.825,5299
4.825,5298
4.825,5297
4.825,5296
4.825,5295
4.825,5294
4.825,5293
4.825,5292
4.825,5291
4.825,5290
4.825,5289
4.825,5288
4.846,5287
4.846,5286
4.846,5285
4.846,5284
4.846,5283
4.846,5282
4.846,5281
4.846,5280
4.846,5279
4.865,5278
4.866,5277
4.869,5276
4.870,5275
4.870,5274
4.874,5273
4.874,5272
4.875,5271
4.875,5270
4.875,5269
4.875,5268
4.875,5267
4.875,5266
4.875,5265
4.875,5264
4.891,5263
4.896,5262
4.901,5261
4.902,5260
4.902,5259
4.903,5258
4.904,5257
4.905,5256
4.906,5255
4.907,5254
4.907,5253
4.907,5252
4.907,5251
4.907,5250
4.907,5249
4.907,5248
4.907,5247
4.923,5246
4.925,5245
4.928,5244
4.928,5243
4.933,5242
4.933,5241
4.935,5240
4.936,5239
4.937,5238
4.937,5237
4.937,5236
4.937,5235
4.937,5234
4.937,5233
4.954,5232
4.956,5231
4.957,5230
4.957,5229
4.957,5228
4.957,5227
4.957,5226
4.957,5225
4.974,5224
4.975,5223
4.975,5222
4.975,5221
4.986,5220
4.988,5219
4.988,5218
4.989,5217
4.990,5216
4.991,5215
4.993,5214
4.998,5213
4.998,5212
4.998,5211
4.998,5210
5.015,5209
5.016,5208
5.018,5207
5.018,5206
5.039,5205
5.039,5204
5.039,5203
5.057,5202
5.058,5201
5.058,5200
5.058,5199
5.058,5198
5.058,5197
5.058,5196
5.077,5195
5.079,5194
5.079,5193
5.079,5192
5.097,5191
5.109,5190
5.127,5189
5.130,5188
5.150,5187
5.170,5186
5.187,5185
5.194,5184
5.221,5183
5.259,5182
5.262,5181
5.299,5180
5.301,5179
5.434,5178
5.550,5177
5.779,5176
