5.119,8353
5.119,8352
5.119,8351
5.119,8350
5.119,8349
5.119,8348
5.119,8347
5.119,8346
5.119,8345
5.119,8344
5.119,8343
5.119,8342
5.119,8341
5.119,8340
5.119,8339
5.119,8338
5.119,8337
5.119,8336
5.119,8335
5.119,8334
5.119,8333
5.119,8332
5.119,8331
5.119,8330
5.119,8329
5.119,8328
5.119,8327
5.135,8326
5.135,8325
5.135,8324
5.135,8323
5.135,8322
5.136,8321
5.136,8320
5.136,8319
5.136,8318
5.136,8317
5.136,8316
5.136,8315
5.136,8314
5.136,8313
5.136,8312
5.137,8311
5.137,8310
5.137,8309
5.137,8308
5.137,8307
5.137,8306
5.137,8305
5.137,8304
5.137,8303
5.138,8302
5.138,8301
5.138,8300
5.138,8299
5.138,8298
5.138,8297
5.138,8296
5.138,8295
5.138,8294
5.138,8293
5.139,8292
5.139,8291
5.139,8290
5.139,8289
5.139,8288
5.139,8287
5.139,8286
5.139,8285
5.139,8284
5.139,8283
5.139,8282
5.140,8281
5.140,8280
5.140,8279
5.140,8278
5.140,8277
5.140,8276
5.140,8275
5.140,8274
5.140,8273
5.140,8272
5.140,8271
5.140,8270
5.140,8269
5.140,8268
5.140,8267
5.140,8266
5.140,8265
5.140,8264
5.140,8263
5.140,8262
5.140,8261
5.140,8260
5.140,8259
5.140,8258
5.140,8257
5.140,8256
5.140,8255
5.140,8254
5.140,8253
5.140,8252
5.140,8251
5.140,8250
5.140,8249
5.140,8248
5.140,8247
5.140,8246
5.140,8245
5.140,8244
5.140,8243
5.140,8242
5.140,8241
5.140,8240
5.140,8239
5.140,8238
5.140,8237
5.140,8236
5.140,8235
5.140,8234
5.140,8233
5.140,8232
5.140,8231
5.140,8230
5.140,8229
5.140,8228
5.140,8227
5.140,8226
5.140,8225
5.140,8224
5.140,8223
5.140,8222
5.140,8221
5.140,8220
5.140,8219
5.140,8218
5.140,8217
5.140,8216
5.140,8215
5.140,8214
5.140,8213
5.140,8212
5.140,8211
5.140,8210
5.140,8209
5.140,8208
5.140,8207
5.140,8206
5.140,8205
5.140,8204
5.140,8203
5.140,8202
5.140,8201
5.140,8200
5.140,8199
5.140,8198
5.140,8197
5.140,8196
5.140,8195
5.140,8194
5.140,8193
5.140,8192
5.140,8191
5.140,8190
5.140,8189
5.140,8188
5.140,8187
5.140,8186
5.140,8185
5.140,8184
5.140,8183
5.140,8182
5.140,8181
5.140,8180
5.140,8179
5.140,8178
5.140,8177
5.140,8176
5.140,8175
5.140,8174
5.140,8173
5.140,8172
5.140,8171
5.140,8170
5.140,8169
5.140,8168
5.140,8167
5.140,8166
5.140,8165
5.140,8164
5.140,8163
5.140,8162
5.140,8161
5.140,8160
5.140,8159
5.140,8158
5.140,8157
5.140,8156
5.140,8155
5.140,8154
5.140,8153
5.140,8152
5.140,8151
5.140,8150
5.140,8149
5.140,8148
5.140,8147
5.140,8146
5.140,8145
5.140,8144
5.140,8143
5.140,8142
5.156,8141
5.156,8140
5.156,8139
5.156,8138
5.156,8137
5.156,8136
5.156,8135
5.156,8134
5.157,8133
5.157,8132
5.158,8131
5.158,8130
5.158,8129
5.158,8128
5.158,8127
5.158,8126
5.159,8125
5.159,8124
5.159,8123
5.159,8122
5.160,8121
5.160,8120
5.160,8119
5.160,8118
5.160,8117
5.160,8116
5.160,8115
5.160,8114
5.160,8113
5.160,8112
5.160,8111
5.160,8110
5.160,8109
5.160,8108
5.160,8107
5.160,8106
5.160,8105
5.160,8104
5.160,8103
5.160,8102
5.160,8101
5.160,8100
5.160,8099
5.160,8098
5.160,8097
5.160,8096
5.160,8095
5.160,8094
5.160,8093
5.160,8092
5.160,8091
5.160,8090
5.160,8089
5.160,8088
5.160,8087
5.160,8086
5.160,8085
5.160,8084
5.160,8083
5.160,8082
5.160,8081
5.160,8080
5.160,8079
5.160,8078
5.160,8077
5.160,8076
5.160,8075
5.160,8074
5.160,8073
5.160,8072
5.160,8071
5.160,8070
5.160,8069
5.160,8068
5.160,8067
5.160,8066
5.160,8065
5.160,8064
5.160,8063
5.160,8062
5.160,8061
5.160,8060
5.160,8059
5.160,8058
5.160,8057
5.160,8056
5.160,8055
5.160,8054
5.160,8053
5.160,8052
5.160,8051
5.160,8050
5.160,8049
5.160,8048
5.160,8047
5.160,8046
5.160,8045
5.160,8044
5.160,8043
5.160,8042
5.160,8041
5.160,8040
5.160,8039
5.160,8038
5.160,8037
5.160,8036
5.160,8035
5.160,8034
5.160,8033
5.160,8032
5.160,8031
5.160,8030
5.160,8029
5.160,8028
5.160,8027
5.160,8026
5.160,8025
5.160,8024
5.160,8023
5.160,8022
5.160,8021
5.160,8020
5.160,8019
5.160,8018
5.160,8017
5.160,8016
5.160,8015
5.160,8014
5.160,8013
5.160,8012
5.160,8011
5.160,8010
5.160,8009
5.160,8008
5.160,8007
5.160,8006
5.160,8005
5.160,8004
5.160,8003
5.160,8002
5.160,8001
5.160,8000
5.160,7999
5.160,7998
5.160,7997
5.160,7996
5.160,7995
5.160,7994
5.160,7993
5.160,7992
5.160,7991
5.160,7990
5.160,7989
5.160,7988
5.160,7987
5.160,7986
5.160,7985
5.160,7984
5.160,7983
5.160,7982
5.176,7981
5.176,7980
5.177,7979
5.177,7978
5.177,7977
5.177,7976
5.177,7975
5.177,7974
5.178,7973
5.178,7972
5.178,7971
5.178,7970
5.178,7969
5.178,7968
5.179,7967
5.179,7966
5.179,7965
5.179,7964
5.179,7963
5.179,7962
5.179,7961
5.180,7960
5.180,7959
5.180,7958
5.180,7957
5.180,7956
5.180,7955
5.180,7954
5.181,7953
5.181,7952
5.181,7951
5.181,7950
5.182,7949
5.182,7948
5.182,7947
5.182,7946
5.182,7945
5.182,7944
5.182,7943
5.183,7942
5.183,7941
5.183,7940
5.183,7939
5.183,7938
5.183,7937
5.183,7936
5.184,7935
5.184,7934
5.184,7933
5.184,7932
5.184,7931
5.184,7930
5.185,7929
5.185,7928
5.185,7927
5.185,7926
5.185,7925
5.186,7924
5.186,7923
5.186,7922
5.186,7921
5.186,7920
5.187,7919
5.187,7918
5.187,7917
5.187,7916
5.187,7915
5.187,7914
5.188,7913
5.188,7912
5.188,7911
5.188,7910
5.188,7909
5.188,7908
5.188,7907
5.189,7906
5.189,7905
5.189,7904
5.189,7903
5.189,7902
5.189,7901
5.189,7900
5.189,7899
5.189,7898
5.190,7897
5.190,7896
5.190,7895
5.190,7894
5.190,7893
5.190,7892
5.190,7891
5.191,7890
5.191,7889
5.191,7888
5.191,7887
5.191,7886
5.191,7885
5.191,7884
5.191,7883
5.191,7882
5.191,7881
5.191,7880
5.191,7879
5.191,7878
5.191,7877
5.191,7876
5.191,7875
5.191,7874
5.191,7873
5.191,7872
5.191,7871
5.191,7870
5.191,7869
5.191,7868
5.191,7867
5.191,7866
5.191,7865
5.191,7864
5.191,7863
5.191,7862
5.191,7861
5.191,7860
5.191,7859
5.191,7858
5.191,7857
5.191,7856
5.191,7855
5.191,7854
5.191,7853
5.191,7852
5.191,7851
5.191,7850
5.191,7849
5.191,7848
5.191,7847
5.191,7846
5.191,7845
5.191,7844
5.191,7843
5.191,7842
5.191,7841
5.191,7840
5.191,7839
5.191,7838
5.191,7837
5.191,7836
5.191,7835
5.191,7834
5.191,7833
5.191,7832
5.191,7831
5.191,7830
5.191,7829
5.191,7828
5.191,7827
5.191,7826
5.191,7825
5.191,7824
5.191,7823
5.191,7822
5.191,7821
5.191,7820
5.191,7819
5.191,7818
5.191,7817
5.191,7816
5.191,7815
5.191,7814
5.191,7813
5.191,7812
5.191,7811
5.191,7810
5.191,7809
5.191,7808
5.191,7807
5.191,7806
5.191,7805
5.191,7804
5.191,7803
5.191,7802
5.191,7801
5.191,7800
5.191,7799
5.191,7798
5.191,7797
5.191,7796
5.191,7795
5.191,7794
5.191,7793
5.191,7792
5.191,7791
5.191,7790
5.191,7789
5.191,7788
5.191,7787
5.191,7786
5.191,7785
5.191,7784
5.191,7783
5.191,7782
5.191,7781
5.191,7780
5.191,7779
5.191,7778
5.191,7777
5.191,7776
5.191,7775
5.191,7774
5.191,7773
5.191,7772
5.191,7771
5.191,7770
5.191,7769
5.191,7768
5.191,7767
5.191,7766
5.207,7765
5.207,7764
5.207,7763
5.207,7762
5.207,7761
5.207,7760
5.207,7759
5.207,7758
5.208,7757
5.208,7756
5.208,7755
5.208,7754
5.208,7753
5.208,7752
5.208,7751
5.208,7750
5.208,7749
5.209,7748
5.209,7747
5.209,7746
5.209,7745
5.209,7744
5.209,7743
5.209,7742
5.209,7741
5.209,7740
5.210,7739
5.210,7738
5.210,7737
5.210,7736
5.210,7735
5.211,7734
5.211,7733
5.211,7732
5.211,7731
5.211,7730
5.211,7729
5.211,7728
5.211,7727
5.211,7726
5.211,7725
5.211,7724
5.211,7723
5.211,7722
5.211,7721
5.211,7720
5.211,7719
5.211,7718
5.211,7717
5.211,7716
5.211,7715
5.211,7714
5.211,7713
5.211,7712
5.211,7711
5.211,7710
5.211,7709
5.211,7708
5.211,7707
5.211,7706
5.211,7705
5.211,7704
5.211,7703
5.211,7702
5.211,7701
5.211,7700
5.211,7699
5.211,7698
5.211,7697
5.211,7696
5.211,7695
5.211,7694
5.211,7693
5.211,7692
5.211,7691
5.211,7690
5.211,7689
5.211,7688
5.211,7687
5.211,7686
5.211,7685
5.211,7684
5.211,7683
5.211,7682
5.211,7681
5.211,7680
5.211,7679
5.211,7678
5.211,7677
5.211,7676
5.211,7675
5.211,7674
5.211,7673
5.211,7672
5.211,7671
5.211,7670
5.211,7669
5.211,7668
5.211,7667
5.211,7666
5.211,7665
5.211,7664
5.211,7663
5.211,7662
5.211,7661
5.211,7660
5.211,7659
5.211,7658
5.211,7657
5.211,7656
5.211,7655
5.211,7654
5.211,7653
5.211,7652
5.211,7651
5.211,7650
5.211,7649
5.211,7648
5.211,7647
5.211,7646
5.211,7645
5.211,7644
5.211,7643
5.211,7642
5.211,7641
5.211,7640
5.211,7639
5.211,7638
5.211,7637
5.211,7636
5.211,7635
5.211,7634
5.211,7633
5.211,7632
5.211,7631
5.211,7630
5.227,7629
5.227,7628
5.227,7627
5.227,7626
5.228,7625
5.228,7624
5.228,7623
5.228,7622
5.228,7621
5.228,7620
5.229,7619
5.229,7618
5.229,7617
5.229,7616
5.229,7615
5.229,7614
5.229,7613
5.229,7612
5.229,7611
5.230,7610
5.230,7609
5.230,7608
5.230,7607
5.230,7606
5.230,7605
5.230,7604
5.230,7603
5.231,7602
5.231,7601
5.231,7600
5.231,7599
5.231,7598
5.232,7597
5.232,7596
5.232,7595
5.232,7594
5.232,7593
5.232,7592
5.232,7591
5.233,7590
5.233,7589
5.233,7588
5.233,7587
5.233,7586
5.233,7585
5.233,7584
5.233,7583
5.233,7582
5.233,7581
5.233,7580
5.234,7579
5.234,7578
5.234,7577
5.234,7576
5.234,7575
5.234,7574
5.234,7573
5.234,7572
5.235,7571
5.235,7570
5.235,7569
5.235,7568
5.235,7567
5.236,7566
5.236,7565
5.236,7564
5.236,7563
5.236,7562
5.236,7561
5.236,7560
5.236,7559
5.237,7558
5.237,7557
5.237,7556
5.237,7555
5.237,7554
5.237,7553
5.237,7552
5.237,7551
5.237,7550
5.237,7549
5.238,7548
5.238,7547
5.238,7546
5.238,7545
5.238,7544
5.238,7543
5.238,7542
5.238,7541
5.239,7540
5.239,7539
5.239,7538
5.239,7537
5.239,7536
5.239,7535
5.240,7534
5.240,7533
5.240,7532
5.240,7531
5.240,7530
5.240,7529
5.240,7528
5.240,7527
5.240,7526
5.241,7525
5.241,7524
5.241,7523
5.241,7522
5.241,7521
5.241,7520
5.241,7519
5.241,7518
5.241,7517
5.242,7516
5.242,7515
5.242,7514
5.242,7513
5.242,7512
5.242,7511
5.242,7510
5.242,7509
5.242,7508
5.242,7507
5.242,7506
5.242,7505
5.242,7504
5.242,7503
5.242,7502
5.242,7501
5.242,7500
5.242,7499
5.242,7498
5.242,7497
5.242,7496
5.242,7495
5.242,7494
5.242,7493
5.242,7492
5.242,7491
5.242,7490
5.242,7489
5.242,7488
5.242,7487
5.242,7486
5.242,7485
5.242,7484
5.242,7483
5.242,7482
5.242,7481
5.242,7480
5.242,7479
5.242,7478
5.242,7477
5.242,7476
5.242,7475
5.242,7474
5.242,7473
5.242,7472
5.242,7471
5.242,7470
5.242,7469
5.242,7468
5.242,7467
5.242,7466
5.242,7465
5.242,7464
5.242,7463
5.242,7462
5.242,7461
5.242,7460
5.242,7459
5.242,7458
5.242,7457
5.242,7456
5.242,7455
5.242,7454
5.242,7453
5.242,7452
5.242,7451
5.242,7450
5.242,7449
5.242,7448
5.242,7447
5.242,7446
5.242,7445
5.242,7444
5.242,7443
5.242,7442
5.242,7441
5.242,7440
5.242,7439
5.242,7438
5.242,7437
5.242,7436
5.242,7435
5.242,7434
5.242,7433
5.242,7432
5.242,7431
5.242,7430
5.242,7429
5.242,7428
5.242,7427
5.242,7426
5.242,7425
5.242,7424
5.242,7423
5.242,7422
5.242,7421
5.242,7420
5.242,7419
5.242,7418
5.242,7417
5.242,7416
5.242,7415
5.242,7414
5.242,7413
5.242,7412
5.242,7411
5.242,7410
5.242,7409
5.242,7408
5.242,7407
5.242,7406
5.242,7405
5.242,7404
5.242,7403
5.242,7402
5.242,7401
5.242,7400
5.242,7399
5.242,7398
5.242,7397
5.242,7396
5.242,7395
5.242,7394
5.242,7393
5.242,7392
5.242,7391
5.242,7390
5.258,7389
5.258,7388
5.258,7387
5.258,7386
5.258,7385
5.258,7384
5.259,7383
5.259,7382
5.259,7381
5.259,7380
5.259,7379
5.259,7378
5.259,7377
5.259,7376
5.260,7375
5.260,7374
5.260,7373
5.260,7372
5.261,7371
5.261,7370
5.261,7369
5.261,7368
5.261,7367
5.261,7366
5.261,7365
5.261,7364
5.261,7363
5.261,7362
5.262,7361
5.262,7360
5.262,7359
5.262,7358
5.262,7357
5.262,7356
5.263,7355
5.263,7354
5.263,7353
5.263,7352
5.263,7351
5.264,7350
5.264,7349
5.264,7348
5.264,7347
5.264,7346
5.264,7345
5.265,7344
5.265,7343
5.265,7342
5.265,7341
5.265,7340
5.265,7339
5.266,7338
5.266,7337
5.266,7336
5.266,7335
5.266,7334
5.266,7333
5.267,7332
5.267,7331
5.267,7330
5.267,7329
5.267,7328
5.267,7327
5.267,7326
5.268,7325
5.268,7324
5.268,7323
5.268,7322
5.268,7321
5.268,7320
5.268,7319
5.269,7318
5.269,7317
5.269,7316
5.269,7315
5.269,7314
5.269,7313
5.269,7312
5.269,7311
5.269,7310
5.270,7309
5.270,7308
5.270,7307
5.270,7306
5.270,7305
5.270,7304
5.270,7303
5.271,7302
5.271,7301
5.271,7300
5.271,7299
5.271,7298
5.271,7297
5.271,7296
5.271,7295
5.272,7294
5.272,7293
5.272,7292
5.272,7291
5.272,7290
5.272,7289
5.272,7288
5.272,7287
5.273,7286
5.273,7285
5.273,7284
5.273,7283
5.273,7282
5.273,7281
5.273,7280
5.274,7279
5.274,7278
5.276,7277
5.278,7276
5.278,7275
5.278,7274
5.278,7273
5.278,7272
5.278,7271
5.278,7270
5.278,7269
5.278,7268
5.278,7267
5.279,7266
5.279,7265
5.279,7264
5.279,7263
5.279,7262
5.279,7261
5.279,7260
5.280,7259
5.280,7258
5.280,7257
5.280,7256
5.280,7255
5.281,7254
5.281,7253
5.281,7252
5.281,7251
5.281,7250
5.281,7249
5.281,7248
5.282,7247
5.282,7246
5.282,7245
5.282,7244
5.282,7243
5.282,7242
5.282,7241
5.282,7240
5.282,7239
5.282,7238
5.282,7237
5.282,7236
5.282,7235
5.282,7234
5.282,7233
5.282,7232
5.282,7231
5.282,7230
5.282,7229
5.282,7228
5.282,7227
5.282,7226
5.282,7225
5.282,7224
5.282,7223
5.282,7222
5.282,7221
5.282,7220
5.282,7219
5.282,7218
5.282,7217
5.282,7216
5.282,7215
5.282,7214
5.282,7213
5.282,7212
5.282,7211
5.282,7210
5.282,7209
5.282,7208
5.282,7207
5.282,7206
5.282,7205
5.282,7204
5.282,7203
5.282,7202
5.282,7201
5.282,7200
5.282,7199
5.282,7198
5.282,7197
5.282,7196
5.282,7195
5.282,7194
5.282,7193
5.282,7192
5.282,7191
5.282,7190
5.282,7189
5.282,7188
5.282,7187
5.282,7186
5.282,7185
5.282,7184
5.282,7183
5.282,7182
5.282,7181
5.282,7180
5.282,7179
5.282,7178
5.282,7177
5.282,7176
5.282,7175
5.282,7174
5.282,7173
5.282,7172
5.282,7171
5.282,7170
5.282,7169
5.282,7168
5.282,7167
5.282,7166
5.282,7165
5.282,7164
5.282,7163
5.282,7162
5.282,7161
5.282,7160
5.282,7159
5.282,7158
5.282,7157
5.282,7156
5.282,7155
5.298,7154
5.298,7153
5.298,7152
5.298,7151
5.298,7150
5.299,7149
5.299,7148
5.299,7147
5.299,7146
5.299,7145
5.299,7144
5.300,7143
5.300,7142
5.300,7141
5.300,7140
5.300,7139
5.300,7138
5.300,7137
5.300,7136
5.301,7135
5.301,7134
5.301,7133
5.301,7132
5.301,7131
5.301,7130
5.301,7129
5.301,7128
5.302,7127
5.302,7126
5.302,7125
5.302,7124
5.302,7123
5.302,7122
5.302,7121
5.302,7120
5.302,7119
5.303,7118
5.303,7117
5.303,7116
5.303,7115
5.303,7114
5.303,7113
5.303,7112
5.303,7111
5.304,7110
5.304,7109
5.304,7108
5.304,7107
5.304,7106
5.304,7105
5.304,7104
5.304,7103
5.304,7102
5.304,7101
5.305,7100
5.305,7099
5.305,7098
5.306,7097
5.306,7096
5.306,7095
5.306,7094
5.306,7093
5.307,7092
5.307,7091
5.307,7090
5.307,7089
5.307,7088
5.307,7087
5.307,7086
5.308,7085
5.308,7084
5.308,7083
5.308,7082
5.308,7081
5.308,7080
5.308,7079
5.308,7078
5.308,7077
5.309,7076
5.309,7075
5.309,7074
5.309,7073
5.309,7072
5.310,7071
5.310,7070
5.310,7069
5.310,7068
5.311,7067
5.311,7066
5.311,7065
5.311,7064
5.311,7063
5.311,7062
5.311,7061
5.311,7060
5.311,7059
5.312,7058
5.312,7057
5.312,7056
5.312,7055
5.312,7054
5.312,7053
5.312,7052
5.313,7051
5.313,7050
5.313,7049
5.313,7048
5.313,7047
5.314,7046
5.314,7045
5.314,7044
5.314,7043
5.314,7042
5.314,7041
5.315,7040
5.315,7039
5.315,7038
5.315,7037
5.315,7036
5.315,7035
5.315,7034
5.315,7033
5.316,7032
5.316,7031
5.316,7030
5.316,7029
5.316,7028
5.316,7027
5.317,7026
5.317,7025
5.317,7024
5.317,7023
5.317,7022
5.317,7021
5.317,7020
5.317,7019
5.317,7018
5.318,7017
5.318,7016
5.318,7015
5.318,7014
5.318,7013
5.318,7012
5.319,7011
5.319,7010
5.319,7009
5.319,7008
5.319,7007
5.320,7006
5.320,7005
5.320,7004
5.320,7003
5.320,7002
5.320,7001
5.321,7000
5.321,6999
5.321,6998
5.321,6997
5.321,6996
5.322,6995
5.322,6994
5.322,6993
5.322,6992
5.322,6991
5.322,6990
5.322,6989
5.322,6988
5.323,6987
5.323,6986
5.323,6985
5.323,6984
5.323,6983
5.323,6982
5.323,6981
5.324,6980
5.324,6979
5.324,6978
5.324,6977
5.324,6976
5.324,6975
5.324,6974
5.324,6973
5.325,6972
5.325,6971
5.325,6970
5.325,6969
5.325,6968
5.325,6967
5.326,6966
5.326,6965
5.326,6964
5.326,6963
5.326,6962
5.326,6961
5.327,6960
5.327,6959
5.328,6958
5.328,6957
5.329,6956
5.329,6955
5.329,6954
5.329,6953
5.329,6952
5.330,6951
5.330,6950
5.330,6949
5.330,6948
5.331,6947
5.331,6946
5.331,6945
5.331,6944
5.331,6943
5.331,6942
5.331,6941
5.331,6940
5.332,6939
5.332,6938
5.332,6937
5.333,6936
5.333,6935
5.333,6934
5.333,6933
5.333,6932
5.333,6931
5.333,6930
5.334,6929
5.334,6928
5.334,6927
5.334,6926
5.334,6925
5.334,6924
5.334,6923
5.334,6922
5.335,6921
5.335,6920
5.335,6919
5.335,6918
5.335,6917
5.335,6916
5.335,6915
5.336,6914
5.336,6913
5.336,6912
5.336,6911
5.336,6910
5.336,6909
5.337,6908
5.337,6907
5.337,6906
5.337,6905
5.337,6904
5.338,6903
5.338,6902
5.338,6901
5.338,6900
5.339,6899
5.339,6898
5.339,6897
5.339,6896
5.339,6895
5.340,6894
5.340,6893
5.340,6892
5.340,6891
5.340,6890
5.340,6889
5.341,6888
5.341,6887
5.341,6886
5.341,6885
5.341,6884
5.341,6883
5.341,6882
5.342,6881
5.342,6880
5.342,6879
5.342,6878
5.342,6877
5.342,6876
5.342,6875
5.342,6874
5.343,6873
5.343,6872
5.343,6871
5.343,6870
5.343,6869
5.343,6868
5.344,6867
5.344,6866
5.344,6865
5.344,6864
5.344,6863
5.344,6862
5.344,6861
5.344,6860
5.344,6859
5.344,6858
5.344,6857
5.344,6856
5.344,6855
5.344,6854
5.344,6853
5.344,6852
5.344,6851
5.344,6850
5.344,6849
5.344,6848
5.344,6847
5.344,6846
5.344,6845
5.344,6844
5.344,6843
5.344,6842
5.344,6841
5.344,6840
5.344,6839
5.344,6838
5.344,6837
5.344,6836
5.344,6835
5.344,6834
5.344,6833
5.344,6832
5.344,6831
5.344,6830
5.344,6829
5.344,6828
5.344,6827
5.344,6826
5.344,6825
5.344,6824
5.344,6823
5.344,6822
5.344,6821
5.344,6820
5.344,6819
5.344,6818
5.344,6817
5.344,6816
5.344,6815
5.344,6814
5.344,6813
5.344,6812
5.344,6811
5.344,6810
5.344,6809
5.344,6808
5.344,6807
5.344,6806
5.344,6805
5.344,6804
5.344,6803
5.344,6802
5.344,6801
5.344,6800
5.344,6799
5.344,6798
5.344,6797
5.344,6796
5.344,6795
5.344,6794
5.344,6793
5.344,6792
5.344,6791
5.344,6790
5.344,6789
5.344,6788
5.344,6787
5.344,6786
5.344,6785
5.344,6784
5.344,6783
5.344,6782
5.344,6781
5.344,6780
5.359,6779
5.359,6778
5.359,6777
5.360,6776
5.360,6775
5.360,6774
5.360,6773
5.360,6772
5.360,6771
5.360,6770
5.360,6769
5.361,6768
5.361,6767
5.361,6766
5.361,6765
5.362,6764
5.362,6763
5.362,6762
5.362,6761
5.362,6760
5.362,6759
5.363,6758
5.363,6757
5.363,6756
5.363,6755
5.363,6754
5.363,6753
5.364,6752
5.364,6751
5.364,6750
5.364,6749
5.364,6748
5.364,6747
5.364,6746
5.364,6745
5.364,6744
5.364,6743
5.364,6742
5.364,6741
5.364,6740
5.364,6739
5.364,6738
5.364,6737
5.364,6736
5.364,6735
5.364,6734
5.364,6733
5.364,6732
5.364,6731
5.364,6730
5.364,6729
5.364,6728
5.364,6727
5.364,6726
5.364,6725
5.364,6724
5.364,6723
5.364,6722
5.364,6721
5.364,6720
5.364,6719
5.364,6718
5.364,6717
5.364,6716
5.364,6715
5.364,6714
5.364,6713
5.364,6712
5.364,6711
5.364,6710
5.364,6709
5.364,6708
5.364,6707
5.364,6706
5.364,6705
5.364,6704
5.364,6703
5.364,6702
5.364,6701
5.364,6700
5.364,6699
5.364,6698
5.364,6697
5.364,6696
5.364,6695
5.364,6694
5.364,6693
5.364,6692
5.364,6691
5.364,6690
5.364,6689
5.364,6688
5.364,6687
5.364,6686
5.364,6685
5.364,6684
5.364,6683
5.364,6682
5.364,6681
5.364,6680
5.364,6679
5.364,6678
5.364,6677
5.364,6676
5.364,6675
5.364,6674
5.364,6673
5.364,6672
5.364,6671
5.364,6670
5.364,6669
5.364,6668
5.364,6667
5.379,6666
5.380,6665
5.380,6664
5.380,6663
5.380,6662
5.381,6661
5.381,6660
5.381,6659
5.381,6658
5.382,6657
5.382,6656
5.382,6655
5.382,6654
5.382,6653
5.382,6652
5.383,6651
5.383,6650
5.383,6649
5.384,6648
5.384,6647
5.384,6646
5.384,6645
5.385,6644
5.385,6643
5.385,6642
5.386,6641
5.386,6640
5.386,6639
5.387,6638
5.387,6637
5.387,6636
5.387,6635
5.387,6634
5.387,6633
5.387,6632
5.387,6631
5.388,6630
5.388,6629
5.388,6628
5.389,6627
5.389,6626
5.389,6625
5.389,6624
5.390,6623
5.390,6622
5.390,6621
5.390,6620
5.390,6619
5.390,6618
5.390,6617
5.391,6616
5.391,6615
5.391,6614
5.391,6613
5.391,6612
5.391,6611
5.392,6610
5.392,6609
5.392,6608
5.392,6607
5.392,6606
5.393,6605
5.393,6604
5.393,6603
5.394,6602
5.394,6601
5.394,6600
5.394,6599
5.394,6598
5.394,6597
5.394,6596
5.394,6595
5.394,6594
5.394,6593
5.394,6592
5.394,6591
5.394,6590
5.394,6589
5.394,6588
5.394,6587
5.394,6586
5.394,6585
5.394,6584
5.394,6583
5.394,6582
5.394,6581
5.394,6580
5.394,6579
5.394,6578
5.394,6577
5.394,6576
5.394,6575
5.394,6574
5.394,6573
5.394,6572
5.394,6571
5.394,6570
5.394,6569
5.394,6568
5.394,6567
5.394,6566
5.394,6565
5.394,6564
5.394,6563
5.394,6562
5.394,6561
5.394,6560
5.394,6559
5.394,6558
5.394,6557
5.394,6556
5.394,6555
5.394,6554
5.394,6553
5.394,6552
5.394,6551
5.394,6550
5.394,6549
5.394,6548
5.394,6547
5.394,6546
5.394,6545
5.394,6544
5.394,6543
5.394,6542
5.394,6541
5.394,6540
5.394,6539
5.394,6538
5.394,6537
5.394,6536
5.394,6535
5.394,6534
5.394,6533
5.394,6532
5.394,6531
5.394,6530
5.394,6529
5.394,6528
5.394,6527
5.394,6526
5.394,6525
5.394,6524
5.394,6523
5.394,6522
5.394,6521
5.394,6520
5.394,6519
5.394,6518
5.394,6517
5.394,6516
5.394,6515
5.410,6514
5.410,6513
5.411,6512
5.411,6511
5.411,6510
5.411,6509
5.411,6508
5.412,6507
5.413,6506
5.413,6505
5.413,6504
5.413,6503
5.414,6502
5.414,6501
5.414,6500
5.414,6499
5.414,6498
5.414,6497
5.414,6496
5.414,6495
5.414,6494
5.414,6493
5.414,6492
5.414,6491
5.414,6490
5.414,6489
5.414,6488
5.414,6487
5.414,6486
5.414,6485
5.414,6484
5.414,6483
5.414,6482
5.414,6481
5.414,6480
5.414,6479
5.414,6478
5.414,6477
5.414,6476
5.414,6475
5.414,6474
5.414,6473
5.414,6472
5.414,6471
5.414,6470
5.414,6469
5.414,6468
5.414,6467
5.414,6466
5.414,6465
5.414,6464
5.414,6463
5.414,6462
5.414,6461
5.414,6460
5.414,6459
5.414,6458
5.414,6457
5.414,6456
5.414,6455
5.414,6454
5.414,6453
5.414,6452
5.414,6451
5.414,6450
5.414,6449
5.414,6448
5.414,6447
5.414,6446
5.414,6445
5.414,6444
5.414,6443
5.414,6442
5.414,6441
5.414,6440
5.414,6439
5.414,6438
5.414,6437
5.414,6436
5.414,6435
5.414,6434
5.414,6433
5.414,6432
5.414,6431
5.414,6430
5.414,6429
5.430,6428
5.430,6427
5.431,6426
5.431,6425
5.431,6424
5.432,6423
5.432,6422
5.432,6421
5.432,6420
5.433,6419
5.433,6418
5.433,6417
5.434,6416
5.434,6415
5.434,6414
5.434,6413
5.434,6412
5.434,6411
5.434,6410
5.434,6409
5.434,6408
5.434,6407
5.434,6406
5.434,6405
5.434,6404
5.434,6403
5.434,6402
5.434,6401
5.434,6400
5.434,6399
5.434,6398
5.434,6397
5.434,6396
5.434,6395
5.434,6394
5.434,6393
5.434,6392
5.434,6391
5.434,6390
5.434,6389
5.434,6388
5.434,6387
5.434,6386
5.434,6385
5.434,6384
5.434,6383
5.434,6382
5.434,6381
5.434,6380
5.434,6379
5.434,6378
5.434,6377
5.434,6376
5.434,6375
5.434,6374
5.434,6373
5.434,6372
5.434,6371
5.434,6370
5.434,6369
5.434,6368
5.434,6367
5.434,6366
5.434,6365
5.434,6364
5.434,6363
5.434,6362
5.434,6361
5.434,6360
5.434,6359
5.434,6358
5.434,6357
5.434,6356
5.434,6355
5.434,6354
5.434,6353
5.434,6352
5.434,6351
5.434,6350
5.434,6349
5.434,6348
5.434,6347
5.434,6346
5.434,6345
5.434,6344
5.434,6343
5.434,6342
5.434,6341
5.434,6340
5.434,6339
5.434,6338
5.434,6337
5.434,6336
5.434,6335
5.434,6334
5.434,6333
5.450,6332
5.450,6331
5.450,6330
5.450,6329
5.450,6328
5.451,6327
5.451,6326
5.451,6325
5.451,6324
5.451,6323
5.451,6322
5.451,6321
5.451,6320
5.451,6319
5.452,6318
5.452,6317
5.452,6316
5.452,6315
5.452,6314
5.452,6313
5.452,6312
5.452,6311
5.452,6310
5.452,6309
5.452,6308
5.453,6307
5.453,6306
5.453,6305
5.454,6304
5.454,6303
5.454,6302
5.454,6301
5.454,6300
5.454,6299
5.454,6298
5.454,6297
5.455,6296
5.455,6295
5.455,6294
5.455,6293
5.455,6292
5.455,6291
5.455,6290
5.455,6289
5.455,6288
5.455,6287
5.455,6286
5.455,6285
5.455,6284
5.455,6283
5.455,6282
5.455,6281
5.455,6280
5.455,6279
5.455,6278
5.455,6277
5.455,6276
5.455,6275
5.455,6274
5.455,6273
5.455,6272
5.455,6271
5.455,6270
5.455,6269
5.455,6268
5.455,6267
5.455,6266
5.455,6265
5.455,6264
5.455,6263
5.455,6262
5.455,6261
5.455,6260
5.455,6259
5.455,6258
5.455,6257
5.455,6256
5.455,6255
5.455,6254
5.455,6253
5.455,6252
5.455,6251
5.455,6250
5.455,6249
5.455,6248
5.455,6247
5.455,6246
5.455,6245
5.455,6244
5.455,6243
5.455,6242
5.455,6241
5.455,6240
5.455,6239
5.455,6238
5.455,6237
5.455,6236
5.455,6235
5.455,6234
5.455,6233
5.455,6232
5.455,6231
5.455,6230
5.455,6229
5.455,6228
5.455,6227
5.455,6226
5.455,6225
5.455,6224
5.455,6223
5.455,6222
5.455,6221
5.455,6220
5.455,6219
5.455,6218
5.455,6217
5.455,6216
5.455,6215
5.455,6214
5.455,6213
5.455,6212
5.455,6211
5.455,6210
5.455,6209
5.455,6208
5.455,6207
5.455,6206
5.455,6205
5.455,6204
5.455,6203
5.455,6202
5.455,6201
5.455,6200
5.455,6199
5.455,6198
5.455,6197
5.455,6196
5.455,6195
5.455,6194
5.455,6193
5.455,6192
5.455,6191
5.455,6190
5.455,6189
5.455,6188
5.455,6187
5.455,6186
5.471,6185
5.471,6184
5.471,6183
5.471,6182
5.471,6181
5.472,6180
5.472,6179
5.472,6178
5.473,6177
5.473,6176
5.473,6175
5.473,6174
5.473,6173
5.473,6172
5.473,6171
5.473,6170
5.473,6169
5.473,6168
5.474,6167
5.474,6166
5.474,6165
5.474,6164
5.474,6163
5.474,6162
5.474,6161
5.474,6160
5.475,6159
5.475,6158
5.475,6157
5.476,6156
5.476,6155
5.477,6154
5.477,6153
5.477,6152
5.477,6151
5.477,6150
5.477,6149
5.477,6148
5.477,6147
5.477,6146
5.477,6145
5.478,6144
5.478,6143
5.478,6142
5.478,6141
5.478,6140
5.478,6139
5.479,6138
5.479,6137
5.479,6136
5.479,6135
5.479,6134
5.480,6133
5.480,6132
5.480,6131
5.480,6130
5.480,6129
5.481,6128
5.481,6127
5.481,6126
5.481,6125
5.481,6124
5.481,6123
5.482,6122
5.482,6121
5.482,6120
5.482,6119
5.482,6118
5.482,6117
5.483,6116
5.483,6115
5.483,6114
5.484,6113
5.484,6112
5.484,6111
5.484,6110
5.484,6109
5.484,6108
5.484,6107
5.484,6106
5.485,6105
5.485,6104
5.485,6103
5.485,6102
5.485,6101
5.485,6100
5.485,6099
5.485,6098
5.485,6097
5.485,6096
5.485,6095
5.485,6094
5.485,6093
5.485,6092
5.485,6091
5.485,6090
5.485,6089
5.485,6088
5.485,6087
5.485,6086
5.485,6085
5.485,6084
5.485,6083
5.485,6082
5.485,6081
5.485,6080
5.485,6079
5.485,6078
5.485,6077
5.485,6076
5.485,6075
5.485,6074
5.485,6073
5.485,6072
5.485,6071
5.485,6070
5.485,6069
5.485,6068
5.485,6067
5.485,6066
5.485,6065
5.485,6064
5.485,6063
5.485,6062
5.485,6061
5.485,6060
5.485,6059
5.485,6058
5.485,6057
5.485,6056
5.485,6055
5.485,6054
5.485,6053
5.485,6052
5.485,6051
5.485,6050
5.485,6049
5.485,6048
5.485,6047
5.485,6046
5.485,6045
5.485,6044
5.485,6043
5.485,6042
5.485,6041
5.485,6040
5.485,6039
5.485,6038
5.485,6037
5.485,6036
5.485,6035
5.485,6034
5.485,6033
5.485,6032
5.485,6031
5.485,6030
5.485,6029
5.485,6028
5.485,6027
5.485,6026
5.485,6025
5.485,6024
5.485,6023
5.485,6022
5.485,6021
5.485,6020
5.485,6019
5.501,6018
5.501,6017
5.501,6016
5.502,6015
5.502,6014
5.502,6013
5.503,6012
5.503,6011
5.503,6010
5.503,6009
5.504,6008
5.504,6007
5.504,6006
5.505,6005
5.505,6004
5.506,6003
5.506,6002
5.506,6001
5.506,6000
5.507,5999
5.507,5998
5.508,5997
5.509,5996
5.509,5995
5.509,5994
5.510,5993
5.510,5992
5.510,5991
5.511,5990
5.511,5989
5.512,5988
5.512,5987
5.512,5986
5.512,5985
5.512,5984
5.512,5983
5.512,5982
5.513,5981
5.513,5980
5.513,5979
5.513,5978
5.514,5977
5.514,5976
5.514,5975
5.514,5974
5.515,5973
5.515,5972
5.516,5971
5.516,5970
5.516,5969
5.516,5968
5.517,5967
5.517,5966
5.517,5965
5.517,5964
5.517,5963
5.517,5962
5.517,5961
5.517,5960
5.517,5959
5.518,5958
5.518,5957
5.518,5956
5.518,5955
5.519,5954
5.519,5953
5.520,5952
5.520,5951
5.521,5950
5.521,5949
5.521,5948
5.521,5947
5.522,5946
5.522,5945
5.522,5944
5.522,5943
5.523,5942
5.523,5941
5.523,5940
5.523,5939
5.524,5938
5.524,5937
5.525,5936
5.525,5935
5.526,5934
5.526,5933
5.528,5932
5.528,5931
5.528,5930
5.528,5929
5.529,5928
5.529,5927
5.529,5926
5.529,5925
5.530,5924
5.530,5923
5.530,5922
5.530,5921
5.531,5920
5.531,5919
5.531,5918
5.531,5917
5.531,5916
5.531,5915
5.532,5914
5.532,5913
5.532,5912
5.532,5911
5.532,5910
5.533,5909
5.533,5908
5.533,5907
5.533,5906
5.534,5905
5.534,5904
5.535,5903
5.536,5902
5.536,5901
5.536,5900
5.536,5899
5.537,5898
5.537,5897
5.537,5896
5.537,5895
5.537,5894
5.538,5893
5.538,5892
5.538,5891
5.538,5890
5.538,5889
5.539,5888
5.539,5887
5.539,5886
5.539,5885
5.540,5884
5.540,5883
5.540,5882
5.540,5881
5.541,5880
5.541,5879
5.541,5878
5.542,5877
5.542,5876
5.542,5875
5.543,5874
5.543,5873
5.543,5872
5.544,5871
5.544,5870
5.545,5869
5.546,5868
5.546,5867
5.546,5866
5.547,5865
5.547,5864
5.547,5863
5.547,5862
5.547,5861
5.547,5860
5.547,5859
5.547,5858
5.547,5857
5.547,5856
5.547,5855
5.547,5854
5.547,5853
5.547,5852
5.547,5851
5.547,5850
5.547,5849
5.547,5848
5.547,5847
5.547,5846
5.547,5845
5.547,5844
5.547,5843
5.547,5842
5.547,5841
5.547,5840
5.547,5839
5.547,5838
5.547,5837
5.547,5836
5.547,5835
5.547,5834
5.547,5833
5.547,5832
5.547,5831
5.547,5830
5.547,5829
5.547,5828
5.547,5827
5.547,5826
5.547,5825
5.547,5824
5.547,5823
5.547,5822
5.547,5821
5.547,5820
5.547,5819
5.547,5818
5.547,5817
5.563,5816
5.564,5815
5.564,5814
5.564,5813
5.564,5812
5.564,5811
5.565,5810
5.565,5809
5.565,5808
5.565,5807
5.566,5806
5.566,5805
5.566,5804
5.566,5803
5.566,5802
5.566,5801
5.566,5800
5.567,5799
5.567,5798
5.567,5797
5.567,5796
5.567,5795
5.567,5794
5.567,5793
5.567,5792
5.567,5791
5.567,5790
5.567,5789
5.567,5788
5.567,5787
5.567,5786
5.567,5785
5.567,5784
5.567,5783
5.567,5782
5.567,5781
5.567,5780
5.567,5779
5.567,5778
5.567,5777
5.567,5776
5.567,5775
5.567,5774
5.567,5773
5.567,5772
5.567,5771
5.567,5770
5.567,5769
5.567,5768
5.567,5767
5.567,5766
5.567,5765
5.567,5764
5.567,5763
5.567,5762
5.567,5761
5.567,5760
5.567,5759
5.567,5758
5.567,5757
5.567,5756
5.567,5755
5.567,5754
5.567,5753
5.567,5752
5.567,5751
5.567,5750
5.567,5749
5.567,5748
5.567,5747
5.567,5746
5.567,5745
5.583,5744
5.583,5743
5.583,5742
5.583,5741
5.584,5740
5.584,5739
5.584,5738
5.585,5737
5.585,5736
5.585,5735
5.585,5734
5.585,5733
5.586,5732
5.586,5731
5.586,5730
5.586,5729
5.587,5728
5.587,5727
5.587,5726
5.587,5725
5.588,5724
5.588,5723
5.588,5722
5.588,5721
5.588,5720
5.589,5719
5.589,5718
5.589,5717
5.589,5716
5.589,5715
5.590,5714
5.590,5713
5.591,5712
5.591,5711
5.591,5710
5.592,5709
5.592,5708
5.592,5707
5.593,5706
5.593,5705
5.593,5704
5.594,5703
5.594,5702
5.594,5701
5.594,5700
5.594,5699
5.594,5698
5.595,5697
5.595,5696
5.595,5695
5.595,5694
5.595,5693
5.595,5692
5.595,5691
5.596,5690
5.597,5689
5.597,5688
5.597,5687
5.597,5686
5.597,5685
5.597,5684
5.597,5683
5.597,5682
5.597,5681
5.597,5680
5.597,5679
5.597,5678
5.597,5677
5.597,5676
5.597,5675
5.597,5674
5.597,5673
5.597,5672
5.597,5671
5.597,5670
5.597,5669
5.597,5668
5.597,5667
5.597,5666
5.597,5665
5.597,5664
5.597,5663
5.597,5662
5.597,5661
5.597,5660
5.597,5659
5.597,5658
5.597,5657
5.597,5656
5.597,5655
5.597,5654
5.597,5653
5.597,5652
5.597,5651
5.597,5650
5.597,5649
5.597,5648
5.597,5647
5.597,5646
5.597,5645
5.597,5644
5.597,5643
5.597,5642
5.597,5641
5.597,5640
5.597,5639
5.597,5638
5.597,5637
5.597,5636
5.597,5635
5.597,5634
5.597,5633
5.597,5632
5.597,5631
5.597,5630
5.597,5629
5.597,5628
5.597,5627
5.597,5626
5.597,5625
5.597,5624
5.597,5623
5.597,5622
5.597,5621
5.597,5620
5.597,5619
5.597,5618
5.597,5617
5.597,5616
5.597,5615
5.597,5614
5.597,5613
5.597,5612
5.597,5611
5.597,5610
5.597,5609
5.597,5608
5.613,5607
5.613,5606
5.613,5605
5.614,5604
5.614,5603
5.614,5602
5.615,5601
5.616,5600
5.616,5599
5.616,5598
5.616,5597
5.616,5596
5.617,5595
5.617,5594
5.617,5593
5.617,5592
5.618,5591
5.618,5590
5.618,5589
5.618,5588
5.618,5587
5.618,5586
5.618,5585
5.618,5584
5.618,5583
5.618,5582
5.618,5581
5.618,5580
5.618,5579
5.618,5578
5.618,5577
5.618,5576
5.618,5575
5.618,5574
5.618,5573
5.618,5572
5.618,5571
5.618,5570
5.618,5569
5.618,5568
5.618,5567
5.618,5566
5.618,5565
5.618,5564
5.618,5563
5.618,5562
5.618,5561
5.618,5560
5.618,5559
5.618,5558
5.618,5557
5.618,5556
5.618,5555
5.618,5554
5.618,5553
5.618,5552
5.618,5551
5.618,5550
5.618,5549
5.633,5548
5.634,5547
5.635,5546
5.635,5545
5.635,5544
5.635,5543
5.636,5542
5.636,5541
5.636,5540
5.637,5539
5.637,5538
5.637,5537
5.637,5536
5.638,5535
5.638,5534
5.638,5533
5.638,5532
5.638,5531
5.638,5530
5.638,5529
5.638,5528
5.638,5527
5.638,5526
5.638,5525
5.638,5524
5.638,5523
5.638,5522
5.638,5521
5.638,5520
5.638,5519
5.638,5518
5.638,5517
5.638,5516
5.638,5515
5.638,5514
5.638,5513
5.638,5512
5.638,5511
5.638,5510
5.638,5509
5.638,5508
5.638,5507
5.638,5506
5.638,5505
5.638,5504
5.638,5503
5.638,5502
5.638,5501
5.638,5500
5.638,5499
5.638,5498
5.638,5497
5.638,5496
5.638,5495
5.638,5494
5.638,5493
5.638,5492
5.638,5491
5.638,5490
5.654,5489
5.654,5488
5.654,5487
5.655,5486
5.655,5485
5.656,5484
5.656,5483
5.657,5482
5.658,5481
5.659,5480
5.659,5479
5.659,5478
5.660,5477
5.660,5476
5.661,5475
5.662,5474
5.663,5473
5.663,5472
5.664,5471
5.665,5470
5.665,5469
5.665,5468
5.665,5467
5.665,5466
5.666,5465
5.666,5464
5.666,5463
5.666,5462
5.667,5461
5.667,5460
5.667,5459
5.668,5458
5.668,5457
5.669,5456
5.669,5455
5.669,5454
5.669,5453
5.669,5452
5.669,5451
5.669,5450
5.669,5449
5.669,5448
5.669,5447
5.669,5446
5.669,5445
5.669,5444
5.669,5443
5.669,5442
5.669,5441
5.669,5440
5.669,5439
5.669,5438
5.669,5437
5.669,5436
5.669,5435
5.669,5434
5.669,5433
5.669,5432
5.669,5431
5.669,5430
5.669,5429
5.669,5428
5.684,5427
5.684,5426
5.685,5425
5.685,5424
5.685,5423
5.686,5422
5.687,5421
5.688,5420
5.689,5419
5.689,5418
5.689,5417
5.690,5416
5.690,5415
5.690,5414
5.690,5413
5.691,5412
5.692,5411
5.692,5410
5.692,5409
5.693,5408
5.693,5407
5.693,5406
5.693,5405
5.694,5404
5.694,5403
5.695,5402
5.695,5401
5.696,5400
5.697,5399
5.698,5398
5.698,5397
5.699,5396
5.699,5395
5.699,5394
5.699,5393
5.699,5392
5.699,5391
5.699,5390
5.699,5389
5.699,5388
5.699,5387
5.699,5386
5.699,5385
5.699,5384
5.699,5383
5.699,5382
5.699,5381
5.699,5380
5.699,5379
5.699,5378
5.699,5377
5.699,5376
5.699,5375
5.699,5374
5.715,5373
5.715,5372
5.716,5371
5.716,5370
5.716,5369
5.717,5368
5.717,5367
5.717,5366
5.718,5365
5.718,5364
5.718,5363
5.719,5362
5.719,5361
5.719,5360
5.719,5359
5.719,5358
5.719,5357
5.719,5356
5.719,5355
5.719,5354
5.719,5353
5.719,5352
5.719,5351
5.719,5350
5.719,5349
5.719,5348
5.719,5347
5.719,5346
5.719,5345
5.719,5344
5.719,5343
5.719,5342
5.719,5341
5.719,5340
5.719,5339
5.719,5338
5.719,5337
5.719,5336
5.719,5335
5.735,5334
5.735,5333
5.736,5332
5.737,5331
5.739,5330
5.739,5329
5.739,5328
5.739,5327
5.739,5326
5.739,5325
5.739,5324
5.739,5323
5.739,5322
5.739,5321
5.739,5320
5.739,5319
5.739,5318
5.739,5317
5.739,5316
5.739,5315
5.739,5314
5.739,5313
5.739,5312
5.739,5311
5.739,5310
5.739,5309
5.739,5308
5.739,5307
5.739,5306
5.739,5305
5.739,5304
5.739,5303
5.756,5302
5.756,5301
5.756,5300
5.757,5299
5.757,5298
5.757,5297
5.758,5296
5.760,5295
5.760,5294
5.760,5293
5.760,5292
5.760,5291
5.760,5290
5.760,5289
5.760,5288
5.760,5287
5.760,5286
5.760,5285
5.760,5284
5.760,5283
5.760,5282
5.776,5281
5.779,5280
5.784,5279
5.785,5278
5.785,5277
5.787,5276
5.790,5275
5.790,5274
5.791,5273
5.791,5272
5.792,5271
5.794,5270
5.795,5269
5.797,5268
5.798,5267
5.800,5266
5.801,5265
5.803,5264
5.804,5263
5.804,5262
5.805,5261
5.805,5260
5.806,5259
5.806,5258
5.806,5257
5.807,5256
5.808,5255
5.809,5254
5.809,5253
5.810,5252
5.811,5251
5.811,5250
5.811,5249
5.815,5248
5.815,5247
5.816,5246
5.816,5245
5.816,5244
5.816,5243
5.818,5242
5.819,5241
5.820,5240
5.820,5239
5.821,5238
5.821,5237
5.821,5236
5.821,5235
5.821,5234
5.821,5233
5.821,5232
5.821,5231
5.821,5230
5.821,5229
5.821,5228
5.821,5227
5.821,5226
5.837,5225
5.841,5224
5.841,5223
5.841,5222
5.841,5221
5.841,5220
5.841,5219
5.841,5218
5.841,5217
5.859,5216
5.859,5215
5.860,5214
5.860,5213
5.861,5212
5.862,5211
5.866,5210
5.868,5209
5.869,5208
5.870,5207
5.871,5206
5.871,5205
5.871,5204
5.871,5203
5.871,5202
5.871,5201
5.871,5200
5.871,5199
5.871,5198
5.871,5197
5.871,5196
5.871,5195
5.871,5194
5.889,5193
5.893,5192
5.896,5191
5.899,5190
5.900,5189
5.902,5188
5.902,5187
5.902,5186
5.902,5185
5.902,5184
5.902,5183
5.921,5182
5.922,5181
5.923,5180
5.923,5179
5.923,5178
5.923,5177
5.923,5176
5.923,5175
5.939,5174
5.940,5173
5.942,5172
5.943,5171
5.943,5170
5.943,5169
5.943,5168
5.943,5167
5.943,5166
5.943,5165
5.943,5164
5.943,5163
5.943,5162
5.958,5161
5.960,5160
5.961,5159
5.963,5158
5.981,5157
5.987,5156
5.988,5155
5.989,5154
5.993,5153
5.993,5152
5.993,5151
5.993,5150
5.993,5149
5.993,5148
6.010,5147
6.014,5146
6.016,5145
6.018,5144
6.020,5143
6.020,5142
6.021,5141
6.024,5140
6.024,5139
6.024,5138
6.024,5137
6.043,5136
6.043,5135
6.044,5134
6.044,5133
6.044,5132
6.044,5131
6.075,5130
6.075,5129
6.094,5128
6.105,5127
6.126,5126
6.126,5125
6.143,5124
6.145,5123
6.145,5122
6.170,5121
6.186,5120
6.196,5119
6.233,5118
6.237,5117
6.257,5116
6.257,5115
6.276,5114
6.278,5113
6.278,5112
6.278,5111
6.278,5110
6.370,5109
6.420,5108
6.460,5107
6.783,5106
7.009,5105
