4.342,8353
4.342,8352
4.342,8351
4.342,8350
4.342,8349
4.342,8348
4.342,8347
4.342,8346
4.342,8345
4.342,8344
4.342,8343
4.342,8342
4.342,8341
4.342,8340
4.342,8339
4.342,8338
4.342,8337
4.342,8336
4.342,8335
4.342,8334
4.342,8333
4.342,8332
4.342,8331
4.342,8330
4.342,8329
4.342,8328
4.342,8327
4.342,8326
4.342,8325
4.342,8324
4.342,8323
4.342,8322
4.342,8321
4.342,8320
4.342,8319
4.342,8318
4.342,8317
4.342,8316
4.342,8315
4.342,8314
4.342,8313
4.342,8312
4.342,8311
4.342,8310
4.342,8309
4.342,8308
4.342,8307
4.342,8306
4.342,8305
4.342,8304
4.342,8303
4.342,8302
4.342,8301
4.342,8300
4.342,8299
4.342,8298
4.342,8297
4.342,8296
4.342,8295
4.342,8294
4.342,8293
4.342,8292
4.342,8291
4.342,8290
4.342,8289
4.342,8288
4.342,8287
4.342,8286
4.342,8285
4.342,8284
4.342,8283
4.342,8282
4.342,8281
4.342,8280
4.342,8279
4.342,8278
4.342,8277
4.342,8276
4.342,8275
4.342,8274
4.342,8273
4.342,8272
4.342,8271
4.342,8270
4.342,8269
4.342,8268
4.342,8267
4.342,8266
4.342,8265
4.342,8264
4.342,8263
4.342,8262
4.342,8261
4.342,8260
4.342,8259
4.342,8258
4.342,8257
4.342,8256
4.342,8255
4.342,8254
4.342,8253
4.342,8252
4.342,8251
4.342,8250
4.342,8249
4.342,8248
4.342,8247
4.342,8246
4.342,8245
4.342,8244
4.342,8243
4.342,8242
4.342,8241
4.342,8240
4.342,8239
4.342,8238
4.342,8237
4.357,8236
4.357,8235
4.357,8234
4.357,8233
4.357,8232
4.357,8231
4.357,8230
4.358,8229
4.358,8228
4.358,8227
4.358,8226
4.358,8225
4.358,8224
4.358,8223
4.358,8222
4.358,8221
4.358,8220
4.358,8219
4.358,8218
4.359,8217
4.359,8216
4.359,8215
4.359,8214
4.359,8213
4.359,8212
4.359,8211
4.359,8210
4.359,8209
4.359,8208
4.359,8207
4.359,8206
4.359,8205
4.359,8204
4.360,8203
4.360,8202
4.360,8201
4.360,8200
4.360,8199
4.360,8198
4.360,8197
4.360,8196
4.360,8195
4.360,8194
4.360,8193
4.360,8192
4.360,8191
4.360,8190
4.360,8189
4.361,8188
4.361,8187
4.361,8186
4.361,8185
4.361,8184
4.361,8183
4.361,8182
4.361,8181
4.361,8180
4.361,8179
4.361,8178
4.361,8177
4.361,8176
4.361,8175
4.361,8174
4.361,8173
4.361,8172
4.361,8171
4.361,8170
4.361,8169
4.361,8168
4.361,8167
4.361,8166
4.361,8165
4.361,8164
4.361,8163
4.361,8162
4.361,8161
4.361,8160
4.361,8159
4.361,8158
4.361,8157
4.361,8156
4.361,8155
4.361,8154
4.361,8153
4.361,8152
4.361,8151
4.361,8150
4.361,8149
4.361,8148
4.361,8147
4.361,8146
4.361,8145
4.361,8144
4.361,8143
4.361,8142
4.361,8141
4.361,8140
4.361,8139
4.361,8138
4.361,8137
4.361,8136
4.361,8135
4.361,8134
4.361,8133
4.361,8132
4.361,8131
4.361,8130
4.361,8129
4.361,8128
4.361,8127
4.361,8126
4.361,8125
4.361,8124
4.361,8123
4.361,8122
4.361,8121
4.361,8120
4.361,8119
4.361,8118
4.361,8117
4.361,8116
4.361,8115
4.361,8114
4.361,8113
4.361,8112
4.361,8111
4.361,8110
4.361,8109
4.361,8108
4.361,8107
4.361,8106
4.361,8105
4.361,8104
4.361,8103
4.361,8102
4.361,8101
4.361,8100
4.361,8099
4.361,8098
4.361,8097
4.361,8096
4.361,8095
4.361,8094
4.361,8093
4.361,8092
4.361,8091
4.361,8090
4.361,8089
4.361,8088
4.361,8087
4.361,8086
4.361,8085
4.361,8084
4.361,8083
4.361,8082
4.361,8081
4.361,8080
4.361,8079
4.361,8078
4.361,8077
4.361,8076
4.361,8075
4.361,8074
4.361,8073
4.361,8072
4.361,8071
4.361,8070
4.361,8069
4.361,8068
4.361,8067
4.361,8066
4.361,8065
4.361,8064
4.361,8063
4.361,8062
4.361,8061
4.361,8060
4.361,8059
4.361,8058
4.361,8057
4.361,8056
4.361,8055
4.361,8054
4.361,8053
4.361,8052
4.361,8051
4.361,8050
4.361,8049
4.361,8048
4.361,8047
4.361,8046
4.361,8045
4.361,8044
4.361,8043
4.361,8042
4.361,8041
4.361,8040
4.361,8039
4.361,8038
4.361,8037
4.361,8036
4.361,8035
4.361,8034
4.361,8033
4.361,8032
4.361,8031
4.361,8030
4.361,8029
4.361,8028
4.361,8027
4.361,8026
4.361,8025
4.361,8024
4.361,8023
4.361,8022
4.361,8021
4.361,8020
4.361,8019
4.361,8018
4.361,8017
4.361,8016
4.361,8015
4.361,8014
4.361,8013
4.361,8012
4.361,8011
4.361,8010
4.361,8009
4.361,8008
4.361,8007
4.361,8006
4.361,8005
4.361,8004
4.361,8003
4.361,8002
4.361,8001
4.361,8000
4.361,7999
4.361,7998
4.361,7997
4.361,7996
4.361,7995
4.361,7994
4.361,7993
4.361,7992
4.361,7991
4.361,7990
4.361,7989
4.361,7988
4.361,7987
4.361,7986
4.361,7985
4.361,7984
4.361,7983
4.361,7982
4.361,7981
4.361,7980
4.377,7979
4.377,7978
4.377,7977
4.377,7976
4.377,7975
4.378,7974
4.378,7973
4.378,7972
4.378,7971
4.378,7970
4.378,7969
4.378,7968
4.378,7967
4.378,7966
4.378,7965
4.378,7964
4.378,7963
4.378,7962
4.378,7961
4.379,7960
4.379,7959
4.379,7958
4.379,7957
4.379,7956
4.379,7955
4.379,7954
4.379,7953
4.379,7952
4.380,7951
4.380,7950
4.380,7949
4.380,7948
4.380,7947
4.380,7946
4.380,7945
4.380,7944
4.380,7943
4.380,7942
4.380,7941
4.380,7940
4.381,7939
4.381,7938
4.381,7937
4.381,7936
4.381,7935
4.381,7934
4.381,7933
4.381,7932
4.381,7931
4.381,7930
4.382,7929
4.382,7928
4.382,7927
4.382,7926
4.382,7925
4.382,7924
4.382,7923
4.382,7922
4.382,7921
4.382,7920
4.382,7919
4.382,7918
4.382,7917
4.382,7916
4.382,7915
4.382,7914
4.382,7913
4.382,7912
4.382,7911
4.382,7910
4.382,7909
4.382,7908
4.382,7907
4.382,7906
4.382,7905
4.382,7904
4.382,7903
4.382,7902
4.382,7901
4.382,7900
4.382,7899
4.382,7898
4.382,7897
4.382,7896
4.382,7895
4.382,7894
4.382,7893
4.382,7892
4.382,7891
4.382,7890
4.382,7889
4.382,7888
4.382,7887
4.382,7886
4.382,7885
4.382,7884
4.382,7883
4.382,7882
4.382,7881
4.382,7880
4.382,7879
4.382,7878
4.382,7877
4.382,7876
4.382,7875
4.382,7874
4.382,7873
4.382,7872
4.382,7871
4.382,7870
4.382,7869
4.382,7868
4.382,7867
4.382,7866
4.382,7865
4.382,7864
4.382,7863
4.382,7862
4.382,7861
4.382,7860
4.382,7859
4.382,7858
4.382,7857
4.382,7856
4.382,7855
4.382,7854
4.382,7853
4.382,7852
4.382,7851
4.382,7850
4.382,7849
4.382,7848
4.382,7847
4.382,7846
4.382,7845
4.382,7844
4.382,7843
4.382,7842
4.382,7841
4.382,7840
4.382,7839
4.382,7838
4.382,7837
4.382,7836
4.382,7835
4.382,7834
4.382,7833
4.382,7832
4.382,7831
4.382,7830
4.382,7829
4.382,7828
4.382,7827
4.382,7826
4.382,7825
4.382,7824
4.382,7823
4.382,7822
4.382,7821
4.382,7820
4.382,7819
4.382,7818
4.382,7817
4.382,7816
4.382,7815
4.382,7814
4.382,7813
4.382,7812
4.382,7811
4.382,7810
4.382,7809
4.382,7808
4.382,7807
4.382,7806
4.382,7805
4.382,7804
4.382,7803
4.382,7802
4.382,7801
4.382,7800
4.382,7799
4.382,7798
4.382,7797
4.382,7796
4.382,7795
4.382,7794
4.382,7793
4.382,7792
4.382,7791
4.382,7790
4.382,7789
4.382,7788
4.382,7787
4.382,7786
4.382,7785
4.382,7784
4.382,7783
4.382,7782
4.382,7781
4.382,7780
4.382,7779
4.382,7778
4.382,7777
4.382,7776
4.382,7775
4.382,7774
4.382,7773
4.382,7772
4.382,7771
4.382,7770
4.382,7769
4.382,7768
4.382,7767
4.382,7766
4.382,7765
4.382,7764
4.382,7763
4.382,7762
4.382,7761
4.382,7760
4.382,7759
4.382,7758
4.382,7757
4.382,7756
4.382,7755
4.382,7754
4.382,7753
4.382,7752
4.382,7751
4.382,7750
4.382,7749
4.382,7748
4.382,7747
4.382,7746
4.382,7745
4.382,7744
4.382,7743
4.398,7742
4.398,7741
4.398,7740
4.398,7739
4.398,7738
4.398,7737
4.399,7736
4.399,7735
4.399,7734
4.399,7733
4.399,7732
4.399,7731
4.399,7730
4.399,7729
4.399,7728
4.399,7727
4.400,7726
4.400,7725
4.400,7724
4.400,7723
4.400,7722
4.400,7721
4.400,7720
4.400,7719
4.400,7718
4.400,7717
4.400,7716
4.400,7715
4.401,7714
4.401,7713
4.401,7712
4.401,7711
4.401,7710
4.401,7709
4.401,7708
4.401,7707
4.401,7706
4.401,7705
4.401,7704
4.401,7703
4.402,7702
4.402,7701
4.402,7700
4.402,7699
4.402,7698
4.402,7697
4.402,7696
4.402,7695
4.402,7694
4.402,7693
4.402,7692
4.402,7691
4.402,7690
4.403,7689
4.403,7688
4.403,7687
4.403,7686
4.403,7685
4.404,7684
4.404,7683
4.404,7682
4.404,7681
4.404,7680
4.404,7679
4.404,7678
4.404,7677
4.404,7676
4.405,7675
4.405,7674
4.405,7673
4.405,7672
4.405,7671
4.405,7670
4.405,7669
4.405,7668
4.405,7667
4.405,7666
4.405,7665
4.405,7664
4.405,7663
4.405,7662
4.406,7661
4.406,7660
4.406,7659
4.406,7658
4.406,7657
4.406,7656
4.406,7655
4.406,7654
4.406,7653
4.406,7652
4.406,7651
4.406,7650
4.406,7649
4.406,7648
4.407,7647
4.407,7646
4.407,7645
4.407,7644
4.407,7643
4.407,7642
4.407,7641
4.407,7640
4.408,7639
4.408,7638
4.408,7637
4.408,7636
4.408,7635
4.408,7634
4.408,7633
4.408,7632
4.408,7631
4.408,7630
4.409,7629
4.409,7628
4.409,7627
4.409,7626
4.409,7625
4.409,7624
4.409,7623
4.409,7622
4.409,7621
4.409,7620
4.409,7619
4.409,7618
4.410,7617
4.410,7616
4.410,7615
4.410,7614
4.410,7613
4.410,7612
4.410,7611
4.410,7610
4.411,7609
4.411,7608
4.411,7607
4.411,7606
4.411,7605
4.411,7604
4.411,7603
4.411,7602
4.411,7601
4.412,7600
4.412,7599
4.412,7598
4.412,7597
4.412,7596
4.412,7595
4.412,7594
4.412,7593
4.412,7592
4.412,7591
4.412,7590
4.412,7589
4.412,7588
4.413,7587
4.413,7586
4.413,7585
4.413,7584
4.413,7583
4.413,7582
4.413,7581
4.413,7580
4.413,7579
4.413,7578
4.413,7577
4.413,7576
4.413,7575
4.413,7574
4.413,7573
4.413,7572
4.413,7571
4.413,7570
4.413,7569
4.413,7568
4.413,7567
4.413,7566
4.413,7565
4.413,7564
4.413,7563
4.413,7562
4.413,7561
4.413,7560
4.413,7559
4.413,7558
4.413,7557
4.413,7556
4.413,7555
4.413,7554
4.413,7553
4.413,7552
4.413,7551
4.413,7550
4.413,7549
4.413,7548
4.413,7547
4.413,7546
4.413,7545
4.413,7544
4.413,7543
4.413,7542
4.413,7541
4.413,7540
4.413,7539
4.413,7538
4.413,7537
4.413,7536
4.413,7535
4.413,7534
4.413,7533
4.413,7532
4.413,7531
4.413,7530
4.413,7529
4.413,7528
4.413,7527
4.413,7526
4.413,7525
4.413,7524
4.413,7523
4.413,7522
4.413,7521
4.413,7520
4.413,7519
4.413,7518
4.413,7517
4.413,7516
4.413,7515
4.413,7514
4.413,7513
4.413,7512
4.413,7511
4.413,7510
4.413,7509
4.413,7508
4.413,7507
4.413,7506
4.413,7505
4.413,7504
4.413,7503
4.413,7502
4.413,7501
4.413,7500
4.413,7499
4.413,7498
4.413,7497
4.413,7496
4.413,7495
4.413,7494
4.413,7493
4.413,7492
4.413,7491
4.413,7490
4.413,7489
4.413,7488
4.413,7487
4.413,7486
4.413,7485
4.413,7484
4.413,7483
4.413,7482
4.413,7481
4.413,7480
4.413,7479
4.413,7478
4.413,7477
4.413,7476
4.413,7475
4.413,7474
4.413,7473
4.413,7472
4.413,7471
4.413,7470
4.413,7469
4.413,7468
4.413,7467
4.413,7466
4.413,7465
4.413,7464
4.413,7463
4.413,7462
4.413,7461
4.413,7460
4.413,7459
4.413,7458
4.413,7457
4.413,7456
4.413,7455
4.413,7454
4.413,7453
4.413,7452
4.413,7451
4.413,7450
4.413,7449
4.413,7448
4.413,7447
4.413,7446
4.413,7445
4.413,7444
4.413,7443
4.413,7442
4.413,7441
4.413,7440
4.413,7439
4.413,7438
4.413,7437
4.413,7436
4.413,7435
4.413,7434
4.413,7433
4.413,7432
4.413,7431
4.413,7430
4.428,7429
4.428,7428
4.428,7427
4.428,7426
4.428,7425
4.428,7424
4.429,7423
4.429,7422
4.429,7421
4.429,7420
4.429,7419
4.429,7418
4.429,7417
4.429,7416
4.429,7415
4.430,7414
4.430,7413
4.430,7412
4.430,7411
4.430,7410
4.430,7409
4.430,7408
4.430,7407
4.431,7406
4.432,7405
4.433,7404
4.433,7403
4.433,7402
4.433,7401
4.433,7400
4.433,7399
4.433,7398
4.433,7397
4.433,7396
4.433,7395
4.433,7394
4.433,7393
4.433,7392
4.433,7391
4.433,7390
4.433,7389
4.433,7388
4.433,7387
4.433,7386
4.433,7385
4.433,7384
4.433,7383
4.433,7382
4.433,7381
4.433,7380
4.433,7379
4.433,7378
4.433,7377
4.433,7376
4.433,7375
4.433,7374
4.433,7373
4.433,7372
4.433,7371
4.433,7370
4.433,7369
4.433,7368
4.433,7367
4.433,7366
4.433,7365
4.433,7364
4.433,7363
4.433,7362
4.433,7361
4.433,7360
4.433,7359
4.433,7358
4.433,7357
4.433,7356
4.433,7355
4.433,7354
4.433,7353
4.433,7352
4.433,7351
4.433,7350
4.433,7349
4.433,7348
4.433,7347
4.433,7346
4.433,7345
4.433,7344
4.433,7343
4.433,7342
4.433,7341
4.433,7340
4.433,7339
4.433,7338
4.433,7337
4.433,7336
4.433,7335
4.433,7334
4.433,7333
4.433,7332
4.433,7331
4.433,7330
4.433,7329
4.433,7328
4.433,7327
4.433,7326
4.433,7325
4.433,7324
4.433,7323
4.433,7322
4.433,7321
4.433,7320
4.433,7319
4.433,7318
4.433,7317
4.433,7316
4.433,7315
4.433,7314
4.433,7313
4.433,7312
4.433,7311
4.433,7310
4.433,7309
4.433,7308
4.433,7307
4.433,7306
4.433,7305
4.433,7304
4.433,7303
4.433,7302
4.433,7301
4.433,7300
4.433,7299
4.433,7298
4.433,7297
4.433,7296
4.433,7295
4.433,7294
4.433,7293
4.433,7292
4.433,7291
4.433,7290
4.433,7289
4.433,7288
4.433,7287
4.433,7286
4.433,7285
4.433,7284
4.433,7283
4.433,7282
4.433,7281
4.433,7280
4.433,7279
4.433,7278
4.433,7277
4.433,7276
4.433,7275
4.433,7274
4.433,7273
4.433,7272
4.433,7271
4.433,7270
4.433,7269
4.433,7268
4.433,7267
4.433,7266
4.433,7265
4.433,7264
4.433,7263
4.433,7262
4.433,7261
4.433,7260
4.433,7259
4.433,7258
4.433,7257
4.433,7256
4.433,7255
4.433,7254
4.433,7253
4.433,7252
4.433,7251
4.449,7250
4.449,7249
4.449,7248
4.449,7247
4.449,7246
4.449,7245
4.449,7244
4.449,7243
4.449,7242
4.449,7241
4.450,7240
4.450,7239
4.450,7238
4.450,7237
4.450,7236
4.450,7235
4.450,7234
4.451,7233
4.451,7232
4.451,7231
4.451,7230
4.451,7229
4.452,7228
4.452,7227
4.452,7226
4.453,7225
4.453,7224
4.453,7223
4.453,7222
4.453,7221
4.453,7220
4.453,7219
4.453,7218
4.453,7217
4.453,7216
4.453,7215
4.453,7214
4.453,7213
4.453,7212
4.453,7211
4.453,7210
4.453,7209
4.453,7208
4.453,7207
4.453,7206
4.453,7205
4.453,7204
4.453,7203
4.453,7202
4.453,7201
4.453,7200
4.453,7199
4.453,7198
4.453,7197
4.453,7196
4.453,7195
4.453,7194
4.453,7193
4.453,7192
4.453,7191
4.453,7190
4.453,7189
4.453,7188
4.453,7187
4.453,7186
4.453,7185
4.453,7184
4.453,7183
4.453,7182
4.453,7181
4.453,7180
4.453,7179
4.453,7178
4.453,7177
4.453,7176
4.453,7175
4.453,7174
4.453,7173
4.453,7172
4.453,7171
4.453,7170
4.453,7169
4.453,7168
4.453,7167
4.453,7166
4.453,7165
4.453,7164
4.453,7163
4.453,7162
4.453,7161
4.453,7160
4.453,7159
4.453,7158
4.453,7157
4.453,7156
4.453,7155
4.453,7154
4.453,7153
4.453,7152
4.453,7151
4.453,7150
4.453,7149
4.453,7148
4.453,7147
4.453,7146
4.453,7145
4.453,7144
4.453,7143
4.453,7142
4.453,7141
4.453,7140
4.453,7139
4.453,7138
4.453,7137
4.453,7136
4.453,7135
4.453,7134
4.453,7133
4.453,7132
4.453,7131
4.453,7130
4.453,7129
4.453,7128
4.453,7127
4.453,7126
4.453,7125
4.453,7124
4.453,7123
4.453,7122
4.453,7121
4.453,7120
4.453,7119
4.453,7118
4.453,7117
4.453,7116
4.453,7115
4.453,7114
4.453,7113
4.453,7112
4.453,7111
4.453,7110
4.453,7109
4.453,7108
4.453,7107
4.453,7106
4.453,7105
4.453,7104
4.453,7103
4.453,7102
4.453,7101
4.453,7100
4.453,7099
4.453,7098
4.453,7097
4.453,7096
4.453,7095
4.453,7094
4.453,7093
4.453,7092
4.453,7091
4.453,7090
4.453,7089
4.453,7088
4.453,7087
4.453,7086
4.453,7085
4.453,7084
4.453,7083
4.453,7082
4.453,7081
4.453,7080
4.453,7079
4.453,7078
4.453,7077
4.453,7076
4.453,7075
4.453,7074
4.453,7073
4.453,7072
4.453,7071
4.453,7070
4.453,7069
4.453,7068
4.453,7067
4.453,7066
4.453,7065
4.453,7064
4.453,7063
4.453,7062
4.453,7061
4.453,7060
4.453,7059
4.453,7058
4.453,7057
4.453,7056
4.453,7055
4.469,7054
4.469,7053
4.469,7052
4.469,7051
4.469,7050
4.469,7049
4.469,7048
4.469,7047
4.469,7046
4.470,7045
4.470,7044
4.470,7043
4.470,7042
4.470,7041
4.470,7040
4.470,7039
4.470,7038
4.470,7037
4.470,7036
4.471,7035
4.471,7034
4.471,7033
4.471,7032
4.471,7031
4.471,7030
4.471,7029
4.471,7028
4.471,7027
4.471,7026
4.471,7025
4.472,7024
4.472,7023
4.472,7022
4.472,7021
4.472,7020
4.472,7019
4.472,7018
4.472,7017
4.473,7016
4.473,7015
4.473,7014
4.473,7013
4.473,7012
4.474,7011
4.474,7010
4.474,7009
4.474,7008
4.475,7007
4.475,7006
4.475,7005
4.475,7004
4.475,7003
4.475,7002
4.475,7001
4.476,7000
4.476,6999
4.476,6998
4.476,6997
4.476,6996
4.476,6995
4.476,6994
4.476,6993
4.476,6992
4.476,6991
4.476,6990
4.476,6989
4.477,6988
4.477,6987
4.477,6986
4.478,6985
4.478,6984
4.478,6983
4.478,6982
4.478,6981
4.478,6980
4.478,6979
4.478,6978
4.479,6977
4.479,6976
4.479,6975
4.479,6974
4.479,6973
4.479,6972
4.479,6971
4.479,6970
4.480,6969
4.480,6968
4.480,6967
4.480,6966
4.480,6965
4.480,6964
4.480,6963
4.480,6962
4.480,6961
4.481,6960
4.481,6959
4.481,6958
4.482,6957
4.482,6956
4.482,6955
4.482,6954
4.482,6953
4.482,6952
4.483,6951
4.483,6950
4.483,6949
4.483,6948
4.483,6947
4.483,6946
4.483,6945
4.484,6944
4.484,6943
4.484,6942
4.484,6941
4.484,6940
4.484,6939
4.484,6938
4.484,6937
4.484,6936
4.484,6935
4.484,6934
4.484,6933
4.484,6932
4.484,6931
4.484,6930
4.484,6929
4.484,6928
4.484,6927
4.484,6926
4.484,6925
4.484,6924
4.484,6923
4.484,6922
4.484,6921
4.484,6920
4.484,6919
4.484,6918
4.484,6917
4.484,6916
4.484,6915
4.484,6914
4.484,6913
4.484,6912
4.484,6911
4.484,6910
4.484,6909
4.484,6908
4.484,6907
4.484,6906
4.484,6905
4.484,6904
4.484,6903
4.484,6902
4.484,6901
4.484,6900
4.484,6899
4.484,6898
4.484,6897
4.484,6896
4.484,6895
4.484,6894
4.484,6893
4.484,6892
4.484,6891
4.484,6890
4.484,6889
4.484,6888
4.484,6887
4.484,6886
4.484,6885
4.484,6884
4.484,6883
4.484,6882
4.484,6881
4.484,6880
4.484,6879
4.484,6878
4.484,6877
4.484,6876
4.484,6875
4.484,6874
4.484,6873
4.484,6872
4.484,6871
4.484,6870
4.484,6869
4.484,6868
4.484,6867
4.484,6866
4.484,6865
4.484,6864
4.484,6863
4.484,6862
4.484,6861
4.484,6860
4.484,6859
4.484,6858
4.484,6857
4.484,6856
4.484,6855
4.484,6854
4.484,6853
4.484,6852
4.484,6851
4.484,6850
4.484,6849
4.484,6848
4.484,6847
4.484,6846
4.484,6845
4.484,6844
4.484,6843
4.484,6842
4.484,6841
4.484,6840
4.484,6839
4.484,6838
4.484,6837
4.484,6836
4.484,6835
4.484,6834
4.484,6833
4.484,6832
4.484,6831
4.484,6830
4.484,6829
4.484,6828
4.484,6827
4.484,6826
4.484,6825
4.484,6824
4.484,6823
4.484,6822
4.500,6821
4.500,6820
4.500,6819
4.500,6818
4.500,6817
4.500,6816
4.500,6815
4.500,6814
4.500,6813
4.501,6812
4.501,6811
4.501,6810
4.501,6809
4.501,6808
4.501,6807
4.501,6806
4.502,6805
4.502,6804
4.502,6803
4.502,6802
4.502,6801
4.502,6800
4.502,6799
4.502,6798
4.503,6797
4.503,6796
4.503,6795
4.503,6794
4.503,6793
4.503,6792
4.503,6791
4.504,6790
4.504,6789
4.504,6788
4.504,6787
4.504,6786
4.504,6785
4.504,6784
4.504,6783
4.505,6782
4.505,6781
4.505,6780
4.505,6779
4.505,6778
4.505,6777
4.505,6776
4.505,6775
4.505,6774
4.505,6773
4.506,6772
4.506,6771
4.506,6770
4.506,6769
4.506,6768
4.506,6767
4.506,6766
4.506,6765
4.506,6764
4.507,6763
4.507,6762
4.507,6761
4.507,6760
4.507,6759
4.507,6758
4.507,6757
4.508,6756
4.508,6755
4.508,6754
4.508,6753
4.508,6752
4.509,6751
4.509,6750
4.509,6749
4.509,6748
4.509,6747
4.510,6746
4.510,6745
4.510,6744
4.510,6743
4.510,6742
4.510,6741
4.510,6740
4.510,6739
4.510,6738
4.511,6737
4.511,6736
4.511,6735
4.511,6734
4.512,6733
4.512,6732
4.512,6731
4.512,6730
4.512,6729
4.512,6728
4.512,6727
4.513,6726
4.513,6725
4.513,6724
4.513,6723
4.513,6722
4.513,6721
4.513,6720
4.513,6719
4.513,6718
4.514,6717
4.514,6716
4.514,6715
4.514,6714
4.514,6713
4.514,6712
4.514,6711
4.514,6710
4.514,6709
4.514,6708
4.514,6707
4.514,6706
4.514,6705
4.514,6704
4.514,6703
4.514,6702
4.514,6701
4.514,6700
4.514,6699
4.514,6698
4.514,6697
4.514,6696
4.514,6695
4.514,6694
4.514,6693
4.514,6692
4.514,6691
4.514,6690
4.514,6689
4.514,6688
4.514,6687
4.514,6686
4.514,6685
4.514,6684
4.514,6683
4.514,6682
4.514,6681
4.514,6680
4.514,6679
4.514,6678
4.514,6677
4.514,6676
4.514,6675
4.514,6674
4.514,6673
4.514,6672
4.514,6671
4.514,6670
4.514,6669
4.514,6668
4.514,6667
4.514,6666
4.514,6665
4.514,6664
4.514,6663
4.514,6662
4.514,6661
4.514,6660
4.514,6659
4.514,6658
4.514,6657
4.514,6656
4.514,6655
4.514,6654
4.514,6653
4.514,6652
4.514,6651
4.514,6650
4.514,6649
4.514,6648
4.514,6647
4.514,6646
4.514,6645
4.514,6644
4.514,6643
4.514,6642
4.514,6641
4.514,6640
4.514,6639
4.514,6638
4.514,6637
4.514,6636
4.514,6635
4.514,6634
4.514,6633
4.514,6632
4.514,6631
4.514,6630
4.514,6629
4.514,6628
4.514,6627
4.514,6626
4.514,6625
4.514,6624
4.514,6623
4.514,6622
4.514,6621
4.514,6620
4.514,6619
4.514,6618
4.514,6617
4.514,6616
4.514,6615
4.514,6614
4.514,6613
4.514,6612
4.514,6611
4.514,6610
4.514,6609
4.514,6608
4.514,6607
4.514,6606
4.514,6605
4.514,6604
4.514,6603
4.514,6602
4.514,6601
4.514,6600
4.514,6599
4.514,6598
4.514,6597
4.514,6596
4.514,6595
4.514,6594
4.514,6593
4.514,6592
4.514,6591
4.514,6590
4.514,6589
4.530,6588
4.530,6587
4.530,6586
4.530,6585
4.530,6584
4.530,6583
4.530,6582
4.531,6581
4.531,6580
4.531,6579
4.531,6578
4.531,6577
4.531,6576
4.531,6575
4.531,6574
4.531,6573
4.531,6572
4.532,6571
4.532,6570
4.532,6569
4.532,6568
4.532,6567
4.532,6566
4.532,6565
4.533,6564
4.533,6563
4.533,6562
4.533,6561
4.534,6560
4.534,6559
4.534,6558
4.534,6557
4.534,6556
4.534,6555
4.534,6554
4.534,6553
4.534,6552
4.535,6551
4.535,6550
4.535,6549
4.535,6548
4.535,6547
4.535,6546
4.535,6545
4.535,6544
4.535,6543
4.535,6542
4.535,6541
4.535,6540
4.535,6539
4.535,6538
4.535,6537
4.535,6536
4.535,6535
4.535,6534
4.535,6533
4.535,6532
4.535,6531
4.535,6530
4.535,6529
4.535,6528
4.535,6527
4.535,6526
4.535,6525
4.535,6524
4.535,6523
4.535,6522
4.535,6521
4.535,6520
4.535,6519
4.535,6518
4.535,6517
4.535,6516
4.535,6515
4.535,6514
4.535,6513
4.535,6512
4.535,6511
4.535,6510
4.535,6509
4.535,6508
4.535,6507
4.535,6506
4.535,6505
4.535,6504
4.535,6503
4.535,6502
4.535,6501
4.535,6500
4.535,6499
4.535,6498
4.535,6497
4.535,6496
4.535,6495
4.535,6494
4.535,6493
4.535,6492
4.535,6491
4.535,6490
4.535,6489
4.535,6488
4.535,6487
4.535,6486
4.535,6485
4.535,6484
4.535,6483
4.535,6482
4.535,6481
4.535,6480
4.535,6479
4.535,6478
4.535,6477
4.535,6476
4.535,6475
4.535,6474
4.535,6473
4.535,6472
4.535,6471
4.535,6470
4.535,6469
4.535,6468
4.535,6467
4.535,6466
4.535,6465
4.535,6464
4.535,6463
4.535,6462
4.535,6461
4.535,6460
4.535,6459
4.535,6458
4.535,6457
4.535,6456
4.535,6455
4.535,6454
4.535,6453
4.535,6452
4.535,6451
4.535,6450
4.535,6449
4.535,6448
4.535,6447
4.535,6446
4.535,6445
4.535,6444
4.535,6443
4.535,6442
4.535,6441
4.550,6440
4.550,6439
4.550,6438
4.550,6437
4.550,6436
4.551,6435
4.551,6434
4.551,6433
4.551,6432
4.551,6431
4.551,6430
4.551,6429
4.551,6428
4.552,6427
4.552,6426
4.552,6425
4.552,6424
4.552,6423
4.552,6422
4.553,6421
4.553,6420
4.553,6419
4.553,6418
4.553,6417
4.553,6416
4.554,6415
4.554,6414
4.554,6413
4.554,6412
4.554,6411
4.554,6410
4.554,6409
4.554,6408
4.554,6407
4.554,6406
4.554,6405
4.554,6404
4.554,6403
4.554,6402
4.554,6401
4.554,6400
4.554,6399
4.554,6398
4.554,6397
4.554,6396
4.554,6395
4.554,6394
4.554,6393
4.554,6392
4.554,6391
4.554,6390
4.554,6389
4.554,6388
4.554,6387
4.554,6386
4.554,6385
4.554,6384
4.554,6383
4.554,6382
4.554,6381
4.554,6380
4.554,6379
4.554,6378
4.554,6377
4.554,6376
4.554,6375
4.554,6374
4.554,6373
4.554,6372
4.554,6371
4.554,6370
4.554,6369
4.554,6368
4.554,6367
4.554,6366
4.554,6365
4.554,6364
4.554,6363
4.554,6362
4.554,6361
4.554,6360
4.554,6359
4.554,6358
4.554,6357
4.554,6356
4.554,6355
4.554,6354
4.554,6353
4.554,6352
4.554,6351
4.554,6350
4.554,6349
4.554,6348
4.554,6347
4.554,6346
4.554,6345
4.554,6344
4.554,6343
4.554,6342
4.554,6341
4.554,6340
4.554,6339
4.554,6338
4.554,6337
4.554,6336
4.554,6335
4.554,6334
4.554,6333
4.554,6332
4.554,6331
4.554,6330
4.554,6329
4.554,6328
4.554,6327
4.554,6326
4.554,6325
4.554,6324
4.554,6323
4.554,6322
4.554,6321
4.554,6320
4.554,6319
4.554,6318
4.554,6317
4.554,6316
4.554,6315
4.570,6314
4.571,6313
4.571,6312
4.571,6311
4.571,6310
4.571,6309
4.571,6308
4.571,6307
4.572,6306
4.572,6305
4.572,6304
4.573,6303
4.573,6302
4.573,6301
4.573,6300
4.573,6299
4.573,6298
4.573,6297
4.574,6296
4.574,6295
4.574,6294
4.574,6293
4.574,6292
4.574,6291
4.574,6290
4.574,6289
4.574,6288
4.575,6287
4.575,6286
4.575,6285
4.575,6284
4.575,6283
4.575,6282
4.575,6281
4.575,6280
4.575,6279
4.575,6278
4.575,6277
4.575,6276
4.575,6275
4.575,6274
4.575,6273
4.575,6272
4.575,6271
4.575,6270
4.575,6269
4.575,6268
4.575,6267
4.575,6266
4.575,6265
4.575,6264
4.575,6263
4.575,6262
4.575,6261
4.575,6260
4.575,6259
4.575,6258
4.575,6257
4.575,6256
4.575,6255
4.575,6254
4.575,6253
4.575,6252
4.575,6251
4.575,6250
4.575,6249
4.575,6248
4.575,6247
4.575,6246
4.575,6245
4.575,6244
4.575,6243
4.575,6242
4.575,6241
4.575,6240
4.575,6239
4.575,6238
4.575,6237
4.575,6236
4.575,6235
4.575,6234
4.575,6233
4.575,6232
4.575,6231
4.575,6230
4.575,6229
4.575,6228
4.575,6227
4.575,6226
4.575,6225
4.575,6224
4.575,6223
4.575,6222
4.575,6221
4.575,6220
4.575,6219
4.575,6218
4.575,6217
4.575,6216
4.575,6215
4.575,6214
4.575,6213
4.575,6212
4.575,6211
4.575,6210
4.575,6209
4.575,6208
4.575,6207
4.575,6206
4.575,6205
4.575,6204
4.575,6203
4.575,6202
4.575,6201
4.575,6200
4.575,6199
4.575,6198
4.575,6197
4.575,6196
4.575,6195
4.575,6194
4.591,6193
4.591,6192
4.591,6191
4.591,6190
4.591,6189
4.591,6188
4.592,6187
4.592,6186
4.592,6185
4.592,6184
4.592,6183
4.592,6182
4.592,6181
4.592,6180
4.593,6179
4.593,6178
4.593,6177
4.593,6176
4.593,6175
4.593,6174
4.593,6173
4.594,6172
4.594,6171
4.594,6170
4.594,6169
4.594,6168
4.595,6167
4.595,6166
4.595,6165
4.595,6164
4.595,6163
4.596,6162
4.596,6161
4.596,6160
4.597,6159
4.597,6158
4.597,6157
4.598,6156
4.598,6155
4.598,6154
4.598,6153
4.598,6152
4.598,6151
4.599,6150
4.599,6149
4.599,6148
4.600,6147
4.600,6146
4.600,6145
4.600,6144
4.600,6143
4.600,6142
4.601,6141
4.601,6140
4.601,6139
4.602,6138
4.602,6137
4.602,6136
4.602,6135
4.602,6134
4.602,6133
4.602,6132
4.603,6131
4.603,6130
4.603,6129
4.603,6128
4.603,6127
4.604,6126
4.604,6125
4.604,6124
4.605,6123
4.605,6122
4.605,6121
4.605,6120
4.605,6119
4.606,6118
4.606,6117
4.606,6116
4.606,6115
4.606,6114
4.607,6113
4.607,6112
4.607,6111
4.607,6110
4.608,6109
4.608,6108
4.608,6107
4.608,6106
4.609,6105
4.609,6104
4.609,6103
4.609,6102
4.609,6101
4.609,6100
4.609,6099
4.610,6098
4.610,6097
4.611,6096
4.611,6095
4.611,6094
4.611,6093
4.611,6092
4.612,6091
4.612,6090
4.612,6089
4.612,6088
4.612,6087
4.613,6086
4.613,6085
4.613,6084
4.613,6083
4.614,6082
4.614,6081
4.614,6080
4.614,6079
4.614,6078
4.615,6077
4.615,6076
4.615,6075
4.615,6074
4.616,6073
4.616,6072
4.616,6071
4.616,6070
4.616,6069
4.616,6068
4.616,6067
4.616,6066
4.616,6065
4.616,6064
4.616,6063
4.616,6062
4.616,6061
4.616,6060
4.616,6059
4.616,6058
4.616,6057
4.616,6056
4.616,6055
4.616,6054
4.616,6053
4.616,6052
4.616,6051
4.616,6050
4.616,6049
4.616,6048
4.616,6047
4.616,6046
4.616,6045
4.616,6044
4.616,6043
4.616,6042
4.616,6041
4.616,6040
4.616,6039
4.616,6038
4.616,6037
4.616,6036
4.616,6035
4.616,6034
4.616,6033
4.616,6032
4.616,6031
4.616,6030
4.616,6029
4.616,6028
4.616,6027
4.616,6026
4.616,6025
4.616,6024
4.616,6023
4.616,6022
4.616,6021
4.616,6020
4.616,6019
4.616,6018
4.616,6017
4.616,6016
4.616,6015
4.616,6014
4.616,6013
4.616,6012
4.616,6011
4.616,6010
4.616,6009
4.616,6008
4.616,6007
4.616,6006
4.616,6005
4.616,6004
4.616,6003
4.616,6002
4.616,6001
4.616,6000
4.616,5999
4.616,5998
4.616,5997
4.616,5996
4.616,5995
4.616,5994
4.616,5993
4.616,5992
4.616,5991
4.631,5990
4.631,5989
4.631,5988
4.631,5987
4.632,5986
4.632,5985
4.632,5984
4.633,5983
4.633,5982
4.633,5981
4.634,5980
4.634,5979
4.634,5978
4.634,5977
4.635,5976
4.636,5975
4.636,5974
4.636,5973
4.636,5972
4.636,5971
4.637,5970
4.637,5969
4.637,5968
4.637,5967
4.637,5966
4.637,5965
4.637,5964
4.638,5963
4.638,5962
4.638,5961
4.638,5960
4.638,5959
4.639,5958
4.639,5957
4.639,5956
4.639,5955
4.639,5954
4.639,5953
4.639,5952
4.640,5951
4.640,5950
4.640,5949
4.641,5948
4.642,5947
4.642,5946
4.642,5945
4.642,5944
4.642,5943
4.642,5942
4.642,5941
4.643,5940
4.643,5939
4.643,5938
4.643,5937
4.643,5936
4.643,5935
4.644,5934
4.644,5933
4.644,5932
4.644,5931
4.644,5930
4.644,5929
4.645,5928
4.645,5927
4.645,5926
4.645,5925
4.646,5924
4.646,5923
4.646,5922
4.647,5921
4.647,5920
4.647,5919
4.647,5918
4.648,5917
4.648,5916
4.649,5915
4.649,5914
4.649,5913
4.649,5912
4.650,5911
4.650,5910
4.650,5909
4.650,5908
4.650,5907
4.650,5906
4.650,5905
4.650,5904
4.651,5903
4.651,5902
4.651,5901
4.651,5900
4.652,5899
4.652,5898
4.652,5897
4.652,5896
4.653,5895
4.653,5894
4.653,5893
4.654,5892
4.654,5891
4.654,5890
4.654,5889
4.655,5888
4.655,5887
4.655,5886
4.656,5885
4.656,5884
4.656,5883
4.657,5882
4.657,5881
4.657,5880
4.657,5879
4.658,5878
4.658,5877
4.658,5876
4.658,5875
4.658,5874
4.658,5873
4.658,5872
4.659,5871
4.659,5870
4.659,5869
4.659,5868
4.659,5867
4.660,5866
4.660,5865
4.660,5864
4.661,5863
4.661,5862
4.661,5861
4.661,5860
4.661,5859
4.661,5858
4.661,5857
4.662,5856
4.662,5855
4.662,5854
4.663,5853
4.663,5852
4.663,5851
4.664,5850
4.664,5849
4.664,5848
4.664,5847
4.664,5846
4.665,5845
4.665,5844
4.665,5843
4.665,5842
4.666,5841
4.666,5840
4.666,5839
4.666,5838
4.666,5837
4.666,5836
4.666,5835
4.666,5834
4.666,5833
4.666,5832
4.666,5831
4.666,5830
4.666,5829
4.666,5828
4.666,5827
4.666,5826
4.666,5825
4.666,5824
4.666,5823
4.666,5822
4.666,5821
4.666,5820
4.666,5819
4.666,5818
4.666,5817
4.666,5816
4.666,5815
4.666,5814
4.666,5813
4.666,5812
4.666,5811
4.666,5810
4.666,5809
4.666,5808
4.666,5807
4.666,5806
4.666,5805
4.666,5804
4.666,5803
4.666,5802
4.666,5801
4.666,5800
4.666,5799
4.666,5798
4.666,5797
4.666,5796
4.666,5795
4.666,5794
4.666,5793
4.666,5792
4.666,5791
4.666,5790
4.666,5789
4.666,5788
4.666,5787
4.666,5786
4.666,5785
4.666,5784
4.666,5783
4.666,5782
4.682,5781
4.684,5780
4.685,5779
4.685,5778
4.686,5777
4.686,5776
4.686,5775
4.686,5774
4.686,5773
4.686,5772
4.686,5771
4.686,5770
4.687,5769
4.687,5768
4.687,5767
4.687,5766
4.687,5765
4.687,5764
4.687,5763
4.687,5762
4.687,5761
4.687,5760
4.687,5759
4.687,5758
4.687,5757
4.687,5756
4.687,5755
4.687,5754
4.687,5753
4.687,5752
4.687,5751
4.687,5750
4.687,5749
4.687,5748
4.687,5747
4.687,5746
4.687,5745
4.687,5744
4.687,5743
4.687,5742
4.687,5741
4.687,5740
4.687,5739
4.687,5738
4.687,5737
4.687,5736
4.687,5735
4.687,5734
4.687,5733
4.687,5732
4.687,5731
4.687,5730
4.687,5729
4.687,5728
4.687,5727
4.687,5726
4.687,5725
4.687,5724
4.687,5723
4.687,5722
4.687,5721
4.687,5720
4.687,5719
4.687,5718
4.687,5717
4.687,5716
4.687,5715
4.703,5714
4.703,5713
4.704,5712
4.704,5711
4.704,5710
4.704,5709
4.704,5708
4.704,5707
4.705,5706
4.705,5705
4.705,5704
4.705,5703
4.706,5702
4.707,5701
4.707,5700
4.707,5699
4.707,5698
4.707,5697
4.707,5696
4.707,5695
4.708,5694
4.708,5693
4.708,5692
4.708,5691
4.708,5690
4.709,5689
4.709,5688
4.709,5687
4.710,5686
4.710,5685
4.710,5684
4.711,5683
4.711,5682
4.711,5681
4.711,5680
4.712,5679
4.712,5678
4.712,5677
4.712,5676
4.713,5675
4.713,5674
4.713,5673
4.714,5672
4.714,5671
4.714,5670
4.714,5669
4.714,5668
4.715,5667
4.715,5666
4.715,5665
4.716,5664
4.716,5663
4.717,5662
4.717,5661
4.717,5660
4.717,5659
4.717,5658
4.717,5657
4.717,5656
4.717,5655
4.717,5654
4.717,5653
4.717,5652
4.717,5651
4.717,5650
4.717,5649
4.717,5648
4.717,5647
4.717,5646
4.717,5645
4.717,5644
4.717,5643
4.717,5642
4.717,5641
4.717,5640
4.717,5639
4.717,5638
4.717,5637
4.717,5636
4.717,5635
4.717,5634
4.717,5633
4.717,5632
4.717,5631
4.717,5630
4.717,5629
4.717,5628
4.717,5627
4.717,5626
4.717,5625
4.717,5624
4.717,5623
4.733,5622
4.733,5621
4.734,5620
4.734,5619
4.735,5618
4.735,5617
4.735,5616
4.735,5615
4.736,5614
4.737,5613
4.737,5612
4.738,5611
4.738,5610
4.738,5609
4.738,5608
4.738,5607
4.738,5606
4.738,5605
4.738,5604
4.738,5603
4.738,5602
4.738,5601
4.738,5600
4.738,5599
4.738,5598
4.738,5597
4.738,5596
4.738,5595
4.738,5594
4.738,5593
4.738,5592
4.738,5591
4.738,5590
4.738,5589
4.738,5588
4.738,5587
4.738,5586
4.738,5585
4.738,5584
4.738,5583
4.738,5582
4.738,5581
4.738,5580
4.738,5579
4.738,5578
4.738,5577
4.738,5576
4.754,5575
4.754,5574
4.754,5573
4.754,5572
4.755,5571
4.755,5570
4.756,5569
4.756,5568
4.756,5567
4.757,5566
4.757,5565
4.757,5564
4.757,5563
4.757,5562
4.757,5561
4.758,5560
4.758,5559
4.758,5558
4.758,5557
4.758,5556
4.758,5555
4.758,5554
4.758,5553
4.758,5552
4.758,5551
4.758,5550
4.758,5549
4.758,5548
4.758,5547
4.758,5546
4.758,5545
4.758,5544
4.758,5543
4.758,5542
4.758,5541
4.758,5540
4.758,5539
4.758,5538
4.758,5537
4.758,5536
4.758,5535
4.758,5534
4.758,5533
4.774,5532
4.774,5531
4.774,5530
4.774,5529
4.775,5528
4.775,5527
4.775,5526
4.776,5525
4.776,5524
4.776,5523
4.777,5522
4.777,5521
4.778,5520
4.778,5519
4.778,5518
4.778,5517
4.778,5516
4.778,5515
4.778,5514
4.778,5513
4.778,5512
4.778,5511
4.778,5510
4.778,5509
4.778,5508
4.778,5507
4.778,5506
4.778,5505
4.778,5504
4.778,5503
4.778,5502
4.778,5501
4.778,5500
4.778,5499
4.778,5498
4.778,5497
4.778,5496
4.778,5495
4.778,5494
4.778,5493
4.778,5492
4.778,5491
4.778,5490
4.778,5489
4.778,5488
4.778,5487
4.778,5486
4.778,5485
4.794,5484
4.794,5483
4.794,5482
4.794,5481
4.795,5480
4.796,5479
4.797,5478
4.798,5477
4.799,5476
4.800,5475
4.800,5474
4.800,5473
4.800,5472
4.801,5471
4.802,5470
4.803,5469
4.804,5468
4.804,5467
4.805,5466
4.805,5465
4.805,5464
4.805,5463
4.805,5462
4.807,5461
4.807,5460
4.807,5459
4.807,5458
4.807,5457
4.809,5456
4.809,5455
4.810,5454
4.810,5453
4.811,5452
4.811,5451
4.812,5450
4.814,5449
4.814,5448
4.814,5447
4.814,5446
4.815,5445
4.815,5444
4.816,5443
4.816,5442
4.818,5441
4.818,5440
4.819,5439
4.821,5438
4.823,5437
4.823,5436
4.824,5435
4.824,5434
4.825,5433
4.825,5432
4.825,5431
4.825,5430
4.828,5429
4.829,5428
4.829,5427
4.829,5426
4.829,5425
4.829,5424
4.829,5423
4.829,5422
4.829,5421
4.829,5420
4.829,5419
4.829,5418
4.829,5417
4.829,5416
4.829,5415
4.829,5414
4.829,5413
4.829,5412
4.829,5411
4.829,5410
4.829,5409
4.829,5408
4.829,5407
4.829,5406
4.829,5405
4.829,5404
4.829,5403
4.829,5402
4.829,5401
4.829,5400
4.829,5399
4.829,5398
4.829,5397
4.829,5396
4.829,5395
4.829,5394
4.845,5393
4.845,5392
4.845,5391
4.846,5390
4.847,5389
4.847,5388
4.848,5387
4.848,5386
4.848,5385
4.849,5384
4.849,5383
4.849,5382
4.849,5381
4.849,5380
4.849,5379
4.849,5378
4.849,5377
4.849,5376
4.849,5375
4.849,5374
4.849,5373
4.849,5372
4.849,5371
4.849,5370
4.849,5369
4.849,5368
4.849,5367
4.849,5366
4.849,5365
4.849,5364
4.849,5363
4.849,5362
4.849,5361
4.849,5360
4.867,5359
4.867,5358
4.868,5357
4.870,5356
4.870,5355
4.870,5354
4.870,5353
4.870,5352
4.870,5351
4.870,5350
4.870,5349
4.870,5348
4.870,5347
4.870,5346
4.870,5345
4.870,5344
4.870,5343
4.870,5342
4.870,5341
4.870,5340
4.870,5339
4.870,5338
4.870,5337
4.870,5336
4.870,5335
4.870,5334
4.870,5333
4.870,5332
4.885,5331
4.886,5330
4.887,5329
4.887,5328
4.890,5327
4.890,5326
4.890,5325
4.890,5324
4.890,5323
4.890,5322
4.890,5321
4.890,5320
4.890,5319
4.890,5318
4.890,5317
4.890,5316
4.890,5315
4.890,5314
4.890,5313
4.890,5312
4.890,5311
4.890,5310
4.890,5309
4.890,5308
4.890,5307
4.890,5306
4.890,5305
4.906,5304
4.906,5303
4.906,5302
4.907,5301
4.909,5300
4.910,5299
4.910,5298
4.912,5297
4.914,5296
4.916,5295
4.917,5294
4.917,5293
4.918,5292
4.920,5291
4.920,5290
4.920,5289
4.920,5288
4.920,5287
4.920,5286
4.920,5285
4.920,5284
4.920,5283
4.920,5282
4.920,5281
4.920,5280
4.920,5279
4.920,5278
4.920,5277
4.920,5276
4.920,5275
4.937,5274
4.938,5273
4.941,5272
4.941,5271
4.941,5270
4.941,5269
4.941,5268
4.941,5267
4.941,5266
4.941,5265
4.941,5264
4.958,5263
4.959,5262
4.961,5261
4.961,5260
4.961,5259
4.961,5258
4.961,5257
4.961,5256
4.961,5255
4.961,5254
4.961,5253
4.961,5252
4.961,5251
4.961,5250
4.961,5249
4.978,5248
4.980,5247
4.980,5246
4.980,5245
4.981,5244
4.982,5243
4.983,5242
4.984,5241
4.985,5240
4.990,5239
4.991,5238
4.991,5237
4.992,5236
4.992,5235
4.992,5234
4.992,5233
4.992,5232
4.992,5231
4.992,5230
5.008,5229
5.008,5228
5.009,5227
5.009,5226
5.011,5225
5.013,5224
5.014,5223
5.017,5222
5.017,5221
5.019,5220
5.021,5219
5.022,5218
5.022,5217
5.022,5216
5.022,5215
5.022,5214
5.022,5213
5.022,5212
5.038,5211
5.039,5210
5.043,5209
5.043,5208
5.044,5207
5.046,5206
5.047,5205
5.047,5204
5.050,5203
5.052,5202
5.052,5201
5.052,5200
5.052,5199
5.052,5198
5.052,5197
5.052,5196
5.068,5195
5.069,5194
5.070,5193
5.072,5192
5.072,5191
5.072,5190
5.072,5189
5.072,5188
5.072,5187
5.089,5186
5.093,5185
5.093,5184
5.093,5183
5.093,5182
5.093,5181
5.093,5180
5.093,5179
5.110,5178
5.112,5177
5.117,5176
5.118,5175
5.119,5174
5.121,5173
5.123,5172
5.124,5171
5.124,5170
5.124,5169
5.143,5168
5.144,5167
5.144,5166
5.144,5165
5.144,5164
5.144,5163
5.144,5162
5.144,5161
5.144,5160
5.160,5159
5.162,5158
5.164,5157
5.180,5156
5.186,5155
5.187,5154
5.195,5153
5.195,5152
5.195,5151
5.195,5150
5.195,5149
5.195,5148
5.195,5147
5.195,5146
5.218,5145
5.223,5144
5.223,5143
5.224,5142
5.225,5141
5.225,5140
5.242,5139
5.246,5138
5.246,5137
5.246,5136
5.270,5135
5.276,5134
5.276,5133
5.297,5132
5.322,5131
5.326,5130
5.327,5129
5.347,5128
5.347,5127
5.367,5126
5.378,5125
5.378,5124
5.378,5123
5.414,5122
5.428,5121
5.428,5120
5.479,5119
5.499,5118
5.499,5117
5.561,5116
5.733,5115
