4.162,8353
4.162,8352
4.162,8351
4.162,8350
4.163,8349
4.163,8348
4.163,8347
4.163,8346
4.163,8345
4.163,8344
4.163,8343
4.163,8342
4.163,8341
4.163,8340
4.163,8339
4.163,8338
4.164,8337
4.164,8336
4.164,8335
4.164,8334
4.164,8333
4.164,8332
4.164,8331
4.164,8330
4.164,8329
4.164,8328
4.164,8327
4.164,8326
4.164,8325
4.164,8324
4.165,8323
4.165,8322
4.165,8321
4.165,8320
4.165,8319
4.165,8318
4.165,8317
4.165,8316
4.165,8315
4.165,8314
4.165,8313
4.166,8312
4.166,8311
4.166,8310
4.166,8309
4.166,8308
4.166,8307
4.166,8306
4.166,8305
4.166,8304
4.166,8303
4.166,8302
4.166,8301
4.166,8300
4.166,8299
4.166,8298
4.166,8297
4.167,8296
4.167,8295
4.167,8294
4.167,8293
4.167,8292
4.167,8291
4.167,8290
4.167,8289
4.167,8288
4.167,8287
4.167,8286
4.167,8285
4.167,8284
4.167,8283
4.167,8282
4.168,8281
4.168,8280
4.168,8279
4.168,8278
4.168,8277
4.168,8276
4.168,8275
4.168,8274
4.169,8273
4.169,8272
4.169,8271
4.169,8270
4.169,8269
4.169,8268
4.170,8267
4.170,8266
4.170,8265
4.170,8264
4.170,8263
4.170,8262
4.170,8261
4.170,8260
4.170,8259
4.171,8258
4.171,8257
4.171,8256
4.171,8255
4.171,8254
4.171,8253
4.171,8252
4.172,8251
4.172,8250
4.172,8249
4.172,8248
4.172,8247
4.172,8246
4.172,8245
4.172,8244
4.172,8243
4.172,8242
4.173,8241
4.173,8240
4.173,8239
4.173,8238
4.173,8237
4.173,8236
4.173,8235
4.173,8234
4.174,8233
4.174,8232
4.174,8231
4.174,8230
4.174,8229
4.174,8228
4.174,8227
4.174,8226
4.174,8225
4.175,8224
4.175,8223
4.175,8222
4.175,8221
4.175,8220
4.175,8219
4.175,8218
4.175,8217
4.175,8216
4.175,8215
4.175,8214
4.175,8213
4.175,8212
4.175,8211
4.175,8210
4.175,8209
4.175,8208
4.175,8207
4.175,8206
4.175,8205
4.175,8204
4.175,8203
4.175,8202
4.175,8201
4.175,8200
4.175,8199
4.175,8198
4.175,8197
4.175,8196
4.175,8195
4.175,8194
4.175,8193
4.175,8192
4.175,8191
4.175,8190
4.175,8189
4.175,8188
4.175,8187
4.175,8186
4.175,8185
4.175,8184
4.175,8183
4.175,8182
4.175,8181
4.175,8180
4.175,8179
4.175,8178
4.175,8177
4.175,8176
4.175,8175
4.175,8174
4.175,8173
4.175,8172
4.175,8171
4.175,8170
4.175,8169
4.175,8168
4.175,8167
4.175,8166
4.175,8165
4.175,8164
4.175,8163
4.175,8162
4.175,8161
4.175,8160
4.175,8159
4.175,8158
4.175,8157
4.175,8156
4.175,8155
4.175,8154
4.175,8153
4.175,8152
4.175,8151
4.175,8150
4.175,8149
4.175,8148
4.175,8147
4.175,8146
4.175,8145
4.175,8144
4.175,8143
4.175,8142
4.175,8141
4.175,8140
4.175,8139
4.175,8138
4.175,8137
4.175,8136
4.175,8135
4.175,8134
4.175,8133
4.175,8132
4.175,8131
4.175,8130
4.175,8129
4.175,8128
4.175,8127
4.175,8126
4.175,8125
4.175,8124
4.175,8123
4.175,8122
4.175,8121
4.175,8120
4.175,8119
4.175,8118
4.175,8117
4.175,8116
4.175,8115
4.175,8114
4.175,8113
4.175,8112
4.175,8111
4.175,8110
4.175,8109
4.175,8108
4.175,8107
4.175,8106
4.175,8105
4.175,8104
4.175,8103
4.175,8102
4.175,8101
4.175,8100
4.175,8099
4.175,8098
4.175,8097
4.175,8096
4.175,8095
4.175,8094
4.175,8093
4.175,8092
4.175,8091
4.175,8090
4.175,8089
4.175,8088
4.175,8087
4.175,8086
4.175,8085
4.175,8084
4.175,8083
4.175,8082
4.175,8081
4.175,8080
4.175,8079
4.175,8078
4.175,8077
4.175,8076
4.175,8075
4.175,8074
4.175,8073
4.175,8072
4.175,8071
4.175,8070
4.175,8069
4.175,8068
4.175,8067
4.175,8066
4.175,8065
4.175,8064
4.191,8063
4.191,8062
4.191,8061
4.191,8060
4.191,8059
4.191,8058
4.191,8057
4.191,8056
4.191,8055
4.191,8054
4.191,8053
4.191,8052
4.191,8051
4.191,8050
4.192,8049
4.192,8048
4.192,8047
4.192,8046
4.192,8045
4.192,8044
4.192,8043
4.192,8042
4.192,8041
4.192,8040
4.192,8039
4.192,8038
4.193,8037
4.193,8036
4.193,8035
4.193,8034
4.193,8033
4.193,8032
4.193,8031
4.193,8030
4.193,8029
4.193,8028
4.193,8027
4.193,8026
4.193,8025
4.193,8024
4.193,8023
4.193,8022
4.194,8021
4.194,8020
4.194,8019
4.194,8018
4.194,8017
4.194,8016
4.194,8015
4.194,8014
4.194,8013
4.194,8012
4.194,8011
4.194,8010
4.194,8009
4.195,8008
4.195,8007
4.195,8006
4.195,8005
4.195,8004
4.195,8003
4.195,8002
4.195,8001
4.195,8000
4.195,7999
4.195,7998
4.195,7997
4.195,7996
4.195,7995
4.195,7994
4.195,7993
4.195,7992
4.195,7991
4.195,7990
4.195,7989
4.195,7988
4.195,7987
4.195,7986
4.195,7985
4.195,7984
4.195,7983
4.195,7982
4.195,7981
4.195,7980
4.195,7979
4.195,7978
4.195,7977
4.195,7976
4.195,7975
4.195,7974
4.195,7973
4.195,7972
4.195,7971
4.195,7970
4.195,7969
4.195,7968
4.195,7967
4.195,7966
4.195,7965
4.195,7964
4.195,7963
4.195,7962
4.195,7961
4.195,7960
4.195,7959
4.195,7958
4.195,7957
4.195,7956
4.195,7955
4.195,7954
4.195,7953
4.195,7952
4.195,7951
4.195,7950
4.195,7949
4.195,7948
4.195,7947
4.195,7946
4.195,7945
4.195,7944
4.195,7943
4.195,7942
4.195,7941
4.195,7940
4.195,7939
4.195,7938
4.195,7937
4.195,7936
4.195,7935
4.195,7934
4.195,7933
4.195,7932
4.195,7931
4.195,7930
4.195,7929
4.195,7928
4.195,7927
4.195,7926
4.195,7925
4.195,7924
4.195,7923
4.195,7922
4.195,7921
4.195,7920
4.195,7919
4.195,7918
4.195,7917
4.195,7916
4.195,7915
4.195,7914
4.195,7913
4.195,7912
4.195,7911
4.195,7910
4.195,7909
4.195,7908
4.195,7907
4.195,7906
4.195,7905
4.195,7904
4.195,7903
4.195,7902
4.195,7901
4.195,7900
4.195,7899
4.195,7898
4.195,7897
4.195,7896
4.195,7895
4.195,7894
4.195,7893
4.195,7892
4.195,7891
4.195,7890
4.195,7889
4.195,7888
4.195,7887
4.195,7886
4.195,7885
4.195,7884
4.195,7883
4.195,7882
4.195,7881
4.195,7880
4.195,7879
4.195,7878
4.195,7877
4.195,7876
4.195,7875
4.195,7874
4.195,7873
4.195,7872
4.195,7871
4.195,7870
4.195,7869
4.195,7868
4.195,7867
4.195,7866
4.195,7865
4.195,7864
4.195,7863
4.195,7862
4.195,7861
4.195,7860
4.195,7859
4.195,7858
4.195,7857
4.195,7856
4.195,7855
4.195,7854
4.195,7853
4.195,7852
4.195,7851
4.195,7850
4.195,7849
4.195,7848
4.195,7847
4.195,7846
4.195,7845
4.195,7844
4.195,7843
4.195,7842
4.195,7841
4.195,7840
4.195,7839
4.195,7838
4.195,7837
4.195,7836
4.195,7835
4.195,7834
4.195,7833
4.195,7832
4.195,7831
4.195,7830
4.195,7829
4.195,7828
4.195,7827
4.195,7826
4.195,7825
4.195,7824
4.195,7823
4.195,7822
4.195,7821
4.195,7820
4.195,7819
4.195,7818
4.195,7817
4.195,7816
4.195,7815
4.195,7814
4.195,7813
4.211,7812
4.211,7811
4.211,7810
4.211,7809
4.211,7808
4.211,7807
4.211,7806
4.211,7805
4.211,7804
4.211,7803
4.211,7802
4.212,7801
4.212,7800
4.212,7799
4.212,7798
4.212,7797
4.212,7796
4.212,7795
4.212,7794
4.212,7793
4.212,7792
4.212,7791
4.212,7790
4.213,7789
4.213,7788
4.213,7787
4.213,7786
4.213,7785
4.213,7784
4.213,7783
4.213,7782
4.213,7781
4.213,7780
4.213,7779
4.214,7778
4.214,7777
4.214,7776
4.214,7775
4.214,7774
4.214,7773
4.214,7772
4.214,7771
4.214,7770
4.214,7769
4.214,7768
4.214,7767
4.214,7766
4.214,7765
4.215,7764
4.215,7763
4.215,7762
4.215,7761
4.215,7760
4.215,7759
4.215,7758
4.215,7757
4.215,7756
4.215,7755
4.215,7754
4.216,7753
4.216,7752
4.216,7751
4.216,7750
4.216,7749
4.216,7748
4.216,7747
4.216,7746
4.216,7745
4.216,7744
4.216,7743
4.216,7742
4.216,7741
4.216,7740
4.216,7739
4.216,7738
4.216,7737
4.216,7736
4.216,7735
4.216,7734
4.216,7733
4.216,7732
4.216,7731
4.216,7730
4.216,7729
4.216,7728
4.216,7727
4.216,7726
4.216,7725
4.216,7724
4.216,7723
4.216,7722
4.216,7721
4.216,7720
4.216,7719
4.216,7718
4.216,7717
4.216,7716
4.216,7715
4.216,7714
4.216,7713
4.216,7712
4.216,7711
4.216,7710
4.216,7709
4.216,7708
4.216,7707
4.216,7706
4.216,7705
4.216,7704
4.216,7703
4.216,7702
4.216,7701
4.216,7700
4.216,7699
4.216,7698
4.216,7697
4.216,7696
4.216,7695
4.216,7694
4.216,7693
4.216,7692
4.216,7691
4.216,7690
4.216,7689
4.216,7688
4.216,7687
4.216,7686
4.216,7685
4.216,7684
4.216,7683
4.216,7682
4.216,7681
4.216,7680
4.216,7679
4.216,7678
4.216,7677
4.216,7676
4.216,7675
4.216,7674
4.216,7673
4.216,7672
4.216,7671
4.216,7670
4.216,7669
4.216,7668
4.216,7667
4.216,7666
4.216,7665
4.216,7664
4.216,7663
4.216,7662
4.216,7661
4.216,7660
4.216,7659
4.216,7658
4.216,7657
4.216,7656
4.216,7655
4.216,7654
4.216,7653
4.216,7652
4.216,7651
4.216,7650
4.216,7649
4.216,7648
4.216,7647
4.216,7646
4.216,7645
4.216,7644
4.216,7643
4.216,7642
4.216,7641
4.216,7640
4.216,7639
4.216,7638
4.216,7637
4.216,7636
4.216,7635
4.216,7634
4.216,7633
4.216,7632
4.216,7631
4.216,7630
4.216,7629
4.216,7628
4.216,7627
4.216,7626
4.216,7625
4.216,7624
4.216,7623
4.216,7622
4.216,7621
4.216,7620
4.216,7619
4.216,7618
4.216,7617
4.216,7616
4.216,7615
4.216,7614
4.216,7613
4.216,7612
4.216,7611
4.216,7610
4.216,7609
4.216,7608
4.216,7607
4.216,7606
4.216,7605
4.216,7604
4.216,7603
4.216,7602
4.216,7601
4.216,7600
4.216,7599
4.216,7598
4.216,7597
4.216,7596
4.216,7595
4.216,7594
4.216,7593
4.216,7592
4.216,7591
4.216,7590
4.216,7589
4.216,7588
4.216,7587
4.216,7586
4.216,7585
4.216,7584
4.216,7583
4.216,7582
4.216,7581
4.216,7580
4.216,7579
4.216,7578
4.216,7577
4.216,7576
4.216,7575
4.216,7574
4.216,7573
4.216,7572
4.232,7571
4.232,7570
4.232,7569
4.232,7568
4.232,7567
4.232,7566
4.232,7565
4.232,7564
4.232,7563
4.232,7562
4.232,7561
4.233,7560
4.233,7559
4.233,7558
4.233,7557
4.233,7556
4.233,7555
4.233,7554
4.233,7553
4.233,7552
4.233,7551
4.233,7550
4.233,7549
4.233,7548
4.234,7547
4.234,7546
4.234,7545
4.234,7544
4.234,7543
4.234,7542
4.234,7541
4.234,7540
4.234,7539
4.234,7538
4.234,7537
4.234,7536
4.234,7535
4.234,7534
4.234,7533
4.234,7532
4.235,7531
4.235,7530
4.235,7529
4.235,7528
4.235,7527
4.235,7526
4.235,7525
4.235,7524
4.235,7523
4.235,7522
4.235,7521
4.235,7520
4.235,7519
4.236,7518
4.236,7517
4.236,7516
4.236,7515
4.236,7514
4.236,7513
4.236,7512
4.236,7511
4.236,7510
4.236,7509
4.236,7508
4.236,7507
4.236,7506
4.236,7505
4.236,7504
4.236,7503
4.236,7502
4.236,7501
4.236,7500
4.236,7499
4.236,7498
4.236,7497
4.236,7496
4.236,7495
4.236,7494
4.236,7493
4.236,7492
4.236,7491
4.236,7490
4.236,7489
4.236,7488
4.236,7487
4.236,7486
4.236,7485
4.236,7484
4.236,7483
4.236,7482
4.236,7481
4.236,7480
4.236,7479
4.236,7478
4.236,7477
4.236,7476
4.236,7475
4.236,7474
4.236,7473
4.236,7472
4.236,7471
4.236,7470
4.236,7469
4.236,7468
4.236,7467
4.236,7466
4.236,7465
4.236,7464
4.236,7463
4.236,7462
4.236,7461
4.236,7460
4.236,7459
4.236,7458
4.236,7457
4.236,7456
4.236,7455
4.236,7454
4.236,7453
4.236,7452
4.236,7451
4.236,7450
4.236,7449
4.236,7448
4.236,7447
4.236,7446
4.236,7445
4.236,7444
4.236,7443
4.236,7442
4.236,7441
4.236,7440
4.236,7439
4.236,7438
4.236,7437
4.236,7436
4.236,7435
4.236,7434
4.236,7433
4.236,7432
4.236,7431
4.236,7430
4.236,7429
4.236,7428
4.236,7427
4.236,7426
4.236,7425
4.236,7424
4.236,7423
4.236,7422
4.236,7421
4.236,7420
4.236,7419
4.236,7418
4.236,7417
4.236,7416
4.236,7415
4.236,7414
4.236,7413
4.236,7412
4.236,7411
4.236,7410
4.236,7409
4.236,7408
4.236,7407
4.236,7406
4.236,7405
4.236,7404
4.236,7403
4.236,7402
4.236,7401
4.236,7400
4.236,7399
4.236,7398
4.236,7397
4.236,7396
4.236,7395
4.236,7394
4.236,7393
4.236,7392
4.236,7391
4.236,7390
4.236,7389
4.236,7388
4.236,7387
4.236,7386
4.236,7385
4.236,7384
4.236,7383
4.236,7382
4.236,7381
4.236,7380
4.236,7379
4.236,7378
4.236,7377
4.236,7376
4.236,7375
4.236,7374
4.236,7373
4.236,7372
4.236,7371
4.236,7370
4.236,7369
4.252,7368
4.252,7367
4.252,7366
4.252,7365
4.252,7364
4.252,7363
4.252,7362
4.252,7361
4.252,7360
4.252,7359
4.253,7358
4.253,7357
4.253,7356
4.253,7355
4.253,7354
4.253,7353
4.253,7352
4.253,7351
4.253,7350
4.253,7349
4.253,7348
4.253,7347
4.253,7346
4.253,7345
4.253,7344
4.254,7343
4.254,7342
4.254,7341
4.254,7340
4.254,7339
4.254,7338
4.254,7337
4.254,7336
4.254,7335
4.255,7334
4.255,7333
4.255,7332
4.255,7331
4.255,7330
4.255,7329
4.255,7328
4.256,7327
4.256,7326
4.256,7325
4.256,7324
4.256,7323
4.256,7322
4.256,7321
4.256,7320
4.257,7319
4.257,7318
4.257,7317
4.257,7316
4.257,7315
4.257,7314
4.257,7313
4.257,7312
4.258,7311
4.258,7310
4.258,7309
4.258,7308
4.258,7307
4.258,7306
4.258,7305
4.259,7304
4.259,7303
4.259,7302
4.259,7301
4.259,7300
4.260,7299
4.260,7298
4.260,7297
4.260,7296
4.260,7295
4.260,7294
4.260,7293
4.260,7292
4.260,7291
4.260,7290
4.260,7289
4.260,7288
4.261,7287
4.261,7286
4.261,7285
4.261,7284
4.261,7283
4.261,7282
4.261,7281
4.261,7280
4.261,7279
4.261,7278
4.262,7277
4.262,7276
4.262,7275
4.262,7274
4.262,7273
4.262,7272
4.263,7271
4.263,7270
4.263,7269
4.263,7268
4.263,7267
4.263,7266
4.263,7265
4.263,7264
4.264,7263
4.264,7262
4.264,7261
4.264,7260
4.264,7259
4.264,7258
4.264,7257
4.264,7256
4.264,7255
4.264,7254
4.265,7253
4.265,7252
4.265,7251
4.265,7250
4.265,7249
4.265,7248
4.265,7247
4.265,7246
4.265,7245
4.265,7244
4.265,7243
4.266,7242
4.266,7241
4.266,7240
4.266,7239
4.266,7238
4.267,7237
4.267,7236
4.267,7235
4.267,7234
4.267,7233
4.267,7232
4.267,7231
4.267,7230
4.267,7229
4.267,7228
4.267,7227
4.268,7226
4.268,7225
4.268,7224
4.268,7223
4.268,7222
4.268,7221
4.268,7220
4.268,7219
4.268,7218
4.268,7217
4.268,7216
4.268,7215
4.268,7214
4.268,7213
4.269,7212
4.269,7211
4.269,7210
4.269,7209
4.269,7208
4.269,7207
4.269,7206
4.269,7205
4.269,7204
4.270,7203
4.270,7202
4.270,7201
4.270,7200
4.270,7199
4.270,7198
4.270,7197
4.270,7196
4.270,7195
4.270,7194
4.270,7193
4.271,7192
4.271,7191
4.271,7190
4.271,7189
4.271,7188
4.271,7187
4.271,7186
4.271,7185
4.271,7184
4.271,7183
4.271,7182
4.271,7181
4.271,7180
4.271,7179
4.271,7178
4.272,7177
4.272,7176
4.272,7175
4.272,7174
4.272,7173
4.272,7172
4.272,7171
4.272,7170
4.272,7169
4.272,7168
4.273,7167
4.273,7166
4.273,7165
4.273,7164
4.273,7163
4.273,7162
4.273,7161
4.273,7160
4.273,7159
4.273,7158
4.274,7157
4.274,7156
4.274,7155
4.274,7154
4.274,7153
4.274,7152
4.274,7151
4.274,7150
4.274,7149
4.274,7148
4.274,7147
4.275,7146
4.275,7145
4.275,7144
4.275,7143
4.275,7142
4.275,7141
4.275,7140
4.275,7139
4.275,7138
4.275,7137
4.275,7136
4.276,7135
4.276,7134
4.276,7133
4.276,7132
4.276,7131
4.276,7130
4.276,7129
4.276,7128
4.277,7127
4.277,7126
4.277,7125
4.277,7124
4.277,7123
4.277,7122
4.277,7121
4.277,7120
4.277,7119
4.277,7118
4.277,7117
4.278,7116
4.278,7115
4.278,7114
4.278,7113
4.278,7112
4.278,7111
4.278,7110
4.278,7109
4.278,7108
4.278,7107
4.278,7106
4.278,7105
4.279,7104
4.279,7103
4.279,7102
4.279,7101
4.279,7100
4.279,7099
4.279,7098
4.279,7097
4.279,7096
4.279,7095
4.279,7094
4.280,7093
4.280,7092
4.280,7091
4.280,7090
4.280,7089
4.280,7088
4.280,7087
4.280,7086
4.280,7085
4.280,7084
4.280,7083
4.280,7082
4.280,7081
4.281,7080
4.281,7079
4.281,7078
4.281,7077
4.281,7076
4.281,7075
4.281,7074
4.281,7073
4.281,7072
4.281,7071
4.281,7070
4.281,7069
4.281,7068
4.281,7067
4.282,7066
4.282,7065
4.282,7064
4.282,7063
4.282,7062
4.282,7061
4.282,7060
4.282,7059
4.283,7058
4.283,7057
4.283,7056
4.283,7055
4.283,7054
4.283,7053
4.283,7052
4.283,7051
4.284,7050
4.284,7049
4.284,7048
4.284,7047
4.284,7046
4.284,7045
4.284,7044
4.284,7043
4.284,7042
4.284,7041
4.284,7040
4.284,7039
4.285,7038
4.285,7037
4.285,7036
4.285,7035
4.285,7034
4.285,7033
4.285,7032
4.285,7031
4.285,7030
4.286,7029
4.286,7028
4.286,7027
4.286,7026
4.286,7025
4.286,7024
4.286,7023
4.286,7022
4.286,7021
4.286,7020
4.287,7019
4.287,7018
4.287,7017
4.287,7016
4.287,7015
4.287,7014
4.287,7013
4.287,7012
4.287,7011
4.288,7010
4.288,7009
4.288,7008
4.288,7007
4.288,7006
4.288,7005
4.288,7004
4.288,7003
4.289,7002
4.289,7001
4.289,7000
4.289,6999
4.289,6998
4.289,6997
4.289,6996
4.289,6995
4.289,6994
4.289,6993
4.289,6992
4.289,6991
4.290,6990
4.290,6989
4.290,6988
4.290,6987
4.290,6986
4.290,6985
4.290,6984
4.291,6983
4.291,6982
4.291,6981
4.291,6980
4.291,6979
4.291,6978
4.291,6977
4.291,6976
4.292,6975
4.292,6974
4.292,6973
4.292,6972
4.292,6971
4.292,6970
4.292,6969
4.292,6968
4.292,6967
4.292,6966
4.292,6965
4.293,6964
4.293,6963
4.293,6962
4.293,6961
4.293,6960
4.293,6959
4.293,6958
4.293,6957
4.293,6956
4.294,6955
4.294,6954
4.294,6953
4.294,6952
4.294,6951
4.294,6950
4.294,6949
4.294,6948
4.294,6947
4.295,6946
4.295,6945
4.295,6944
4.295,6943
4.295,6942
4.295,6941
4.295,6940
4.296,6939
4.296,6938
4.296,6937
4.296,6936
4.296,6935
4.296,6934
4.296,6933
4.296,6932
4.296,6931
4.296,6930
4.297,6929
4.297,6928
4.297,6927
4.297,6926
4.297,6925
4.297,6924
4.297,6923
4.297,6922
4.297,6921
4.297,6920
4.298,6919
4.298,6918
4.298,6917
4.298,6916
4.298,6915
4.298,6914
4.298,6913
4.299,6912
4.299,6911
4.299,6910
4.299,6909
4.299,6908
4.300,6907
4.300,6906
4.300,6905
4.300,6904
4.300,6903
4.300,6902
4.300,6901
4.301,6900
4.301,6899
4.301,6898
4.301,6897
4.301,6896
4.301,6895
4.301,6894
4.301,6893
4.301,6892
4.301,6891
4.301,6890
4.301,6889
4.301,6888
4.301,6887
4.302,6886
4.302,6885
4.302,6884
4.302,6883
4.302,6882
4.302,6881
4.302,6880
4.302,6879
4.302,6878
4.302,6877
4.303,6876
4.303,6875
4.303,6874
4.303,6873
4.303,6872
4.303,6871
4.303,6870
4.303,6869
4.303,6868
4.304,6867
4.304,6866
4.304,6865
4.304,6864
4.304,6863
4.304,6862
4.304,6861
4.304,6860
4.305,6859
4.305,6858
4.305,6857
4.305,6856
4.305,6855
4.305,6854
4.305,6853
4.305,6852
4.305,6851
4.305,6850
4.306,6849
4.306,6848
4.306,6847
4.306,6846
4.306,6845
4.306,6844
4.306,6843
4.306,6842
4.306,6841
4.306,6840
4.306,6839
4.306,6838
4.306,6837
4.307,6836
4.307,6835
4.307,6834
4.307,6833
4.307,6832
4.307,6831
4.307,6830
4.307,6829
4.307,6828
4.308,6827
4.308,6826
4.308,6825
4.308,6824
4.308,6823
4.308,6822
4.308,6821
4.308,6820
4.308,6819
4.309,6818
4.309,6817
4.309,6816
4.309,6815
4.309,6814
4.310,6813
4.310,6812
4.310,6811
4.310,6810
4.310,6809
4.310,6808
4.310,6807
4.310,6806
4.310,6805
4.310,6804
4.311,6803
4.311,6802
4.311,6801
4.311,6800
4.311,6799
4.311,6798
4.311,6797
4.311,6796
4.311,6795
4.311,6794
4.311,6793
4.311,6792
4.312,6791
4.312,6790
4.312,6789
4.312,6788
4.312,6787
4.312,6786
4.312,6785
4.312,6784
4.312,6783
4.312,6782
4.313,6781
4.313,6780
4.313,6779
4.313,6778
4.313,6777
4.313,6776
4.313,6775
4.314,6774
4.314,6773
4.314,6772
4.314,6771
4.314,6770
4.314,6769
4.314,6768
4.314,6767
4.314,6766
4.315,6765
4.315,6764
4.315,6763
4.315,6762
4.315,6761
4.315,6760
4.315,6759
4.316,6758
4.316,6757
4.316,6756
4.316,6755
4.316,6754
4.316,6753
4.316,6752
4.316,6751
4.316,6750
4.316,6749
4.317,6748
4.317,6747
4.317,6746
4.317,6745
4.317,6744
4.317,6743
4.317,6742
4.317,6741
4.317,6740
4.317,6739
4.317,6738
4.317,6737
4.318,6736
4.318,6735
4.318,6734
4.318,6733
4.318,6732
4.318,6731
4.318,6730
4.318,6729
4.318,6728
4.318,6727
4.318,6726
4.318,6725
4.318,6724
4.318,6723
4.318,6722
4.318,6721
4.318,6720
4.318,6719
4.318,6718
4.318,6717
4.318,6716
4.318,6715
4.318,6714
4.318,6713
4.318,6712
4.318,6711
4.318,6710
4.318,6709
4.318,6708
4.318,6707
4.318,6706
4.318,6705
4.318,6704
4.318,6703
4.318,6702
4.318,6701
4.318,6700
4.318,6699
4.318,6698
4.318,6697
4.318,6696
4.318,6695
4.318,6694
4.318,6693
4.318,6692
4.318,6691
4.318,6690
4.318,6689
4.318,6688
4.318,6687
4.318,6686
4.318,6685
4.318,6684
4.318,6683
4.318,6682
4.318,6681
4.318,6680
4.318,6679
4.318,6678
4.318,6677
4.318,6676
4.318,6675
4.318,6674
4.318,6673
4.318,6672
4.318,6671
4.318,6670
4.318,6669
4.318,6668
4.318,6667
4.318,6666
4.318,6665
4.318,6664
4.318,6663
4.318,6662
4.318,6661
4.318,6660
4.318,6659
4.318,6658
4.318,6657
4.318,6656
4.318,6655
4.318,6654
4.318,6653
4.318,6652
4.318,6651
4.318,6650
4.318,6649
4.318,6648
4.318,6647
4.318,6646
4.318,6645
4.318,6644
4.318,6643
4.318,6642
4.318,6641
4.318,6640
4.318,6639
4.318,6638
4.318,6637
4.318,6636
4.318,6635
4.318,6634
4.318,6633
4.318,6632
4.318,6631
4.318,6630
4.318,6629
4.318,6628
4.318,6627
4.318,6626
4.318,6625
4.318,6624
4.318,6623
4.318,6622
4.318,6621
4.318,6620
4.318,6619
4.318,6618
4.318,6617
4.318,6616
4.318,6615
4.318,6614
4.318,6613
4.333,6612
4.334,6611
4.334,6610
4.334,6609
4.334,6608
4.334,6607
4.335,6606
4.335,6605
4.335,6604
4.335,6603
4.335,6602
4.335,6601
4.335,6600
4.335,6599
4.336,6598
4.336,6597
4.336,6596
4.336,6595
4.336,6594
4.336,6593
4.336,6592
4.336,6591
4.337,6590
4.337,6589
4.337,6588
4.337,6587
4.337,6586
4.337,6585
4.337,6584
4.338,6583
4.338,6582
4.338,6581
4.338,6580
4.338,6579
4.338,6578
4.338,6577
4.338,6576
4.338,6575
4.338,6574
4.338,6573
4.338,6572
4.338,6571
4.338,6570
4.338,6569
4.338,6568
4.338,6567
4.338,6566
4.338,6565
4.338,6564
4.338,6563
4.338,6562
4.338,6561
4.338,6560
4.338,6559
4.338,6558
4.338,6557
4.338,6556
4.338,6555
4.338,6554
4.338,6553
4.338,6552
4.338,6551
4.338,6550
4.338,6549
4.338,6548
4.338,6547
4.338,6546
4.338,6545
4.338,6544
4.338,6543
4.338,6542
4.338,6541
4.338,6540
4.338,6539
4.338,6538
4.338,6537
4.338,6536
4.338,6535
4.338,6534
4.338,6533
4.338,6532
4.338,6531
4.338,6530
4.338,6529
4.338,6528
4.338,6527
4.338,6526
4.338,6525
4.338,6524
4.338,6523
4.338,6522
4.338,6521
4.338,6520
4.338,6519
4.338,6518
4.338,6517
4.338,6516
4.338,6515
4.338,6514
4.338,6513
4.338,6512
4.338,6511
4.338,6510
4.338,6509
4.338,6508
4.338,6507
4.338,6506
4.338,6505
4.338,6504
4.338,6503
4.338,6502
4.338,6501
4.338,6500
4.338,6499
4.338,6498
4.338,6497
4.338,6496
4.338,6495
4.338,6494
4.338,6493
4.338,6492
4.338,6491
4.338,6490
4.338,6489
4.338,6488
4.338,6487
4.338,6486
4.338,6485
4.338,6484
4.338,6483
4.338,6482
4.338,6481
4.338,6480
4.338,6479
4.338,6478
4.338,6477
4.338,6476
4.338,6475
4.338,6474
4.338,6473
4.338,6472
4.338,6471
4.338,6470
4.338,6469
4.338,6468
4.338,6467
4.338,6466
4.338,6465
4.338,6464
4.338,6463
4.354,6462
4.354,6461
4.354,6460
4.354,6459
4.355,6458
4.355,6457
4.355,6456
4.356,6455
4.356,6454
4.356,6453
4.356,6452
4.356,6451
4.356,6450
4.357,6449
4.357,6448
4.357,6447
4.357,6446
4.357,6445
4.357,6444
4.357,6443
4.358,6442
4.358,6441
4.358,6440
4.358,6439
4.358,6438
4.358,6437
4.358,6436
4.358,6435
4.359,6434
4.359,6433
4.359,6432
4.359,6431
4.359,6430
4.360,6429
4.360,6428
4.360,6427
4.360,6426
4.361,6425
4.361,6424
4.361,6423
4.361,6422
4.361,6421
4.361,6420
4.362,6419
4.362,6418
4.362,6417
4.362,6416
4.362,6415
4.362,6414
4.363,6413
4.363,6412
4.363,6411
4.363,6410
4.363,6409
4.363,6408
4.364,6407
4.364,6406
4.364,6405
4.364,6404
4.364,6403
4.364,6402
4.364,6401
4.365,6400
4.365,6399
4.365,6398
4.365,6397
4.365,6396
4.365,6395
4.365,6394
4.366,6393
4.366,6392
4.366,6391
4.366,6390
4.366,6389
4.366,6388
4.367,6387
4.367,6386
4.367,6385
4.367,6384
4.367,6383
4.367,6382
4.367,6381
4.367,6380
4.367,6379
4.367,6378
4.367,6377
4.367,6376
4.368,6375
4.368,6374
4.368,6373
4.368,6372
4.368,6371
4.368,6370
4.368,6369
4.368,6368
4.368,6367
4.368,6366
4.368,6365
4.369,6364
4.369,6363
4.369,6362
4.369,6361
4.369,6360
4.369,6359
4.369,6358
4.369,6357
4.369,6356
4.369,6355
4.369,6354
4.369,6353
4.369,6352
4.369,6351
4.369,6350
4.369,6349
4.369,6348
4.369,6347
4.369,6346
4.369,6345
4.369,6344
4.369,6343
4.369,6342
4.369,6341
4.369,6340
4.369,6339
4.369,6338
4.369,6337
4.369,6336
4.369,6335
4.369,6334
4.369,6333
4.369,6332
4.369,6331
4.369,6330
4.369,6329
4.369,6328
4.369,6327
4.369,6326
4.369,6325
4.369,6324
4.369,6323
4.369,6322
4.369,6321
4.369,6320
4.369,6319
4.369,6318
4.369,6317
4.369,6316
4.369,6315
4.369,6314
4.369,6313
4.369,6312
4.369,6311
4.369,6310
4.369,6309
4.369,6308
4.369,6307
4.369,6306
4.369,6305
4.369,6304
4.369,6303
4.369,6302
4.369,6301
4.369,6300
4.369,6299
4.369,6298
4.369,6297
4.369,6296
4.369,6295
4.369,6294
4.369,6293
4.369,6292
4.369,6291
4.369,6290
4.369,6289
4.369,6288
4.369,6287
4.369,6286
4.369,6285
4.369,6284
4.369,6283
4.369,6282
4.369,6281
4.369,6280
4.369,6279
4.369,6278
4.369,6277
4.369,6276
4.369,6275
4.369,6274
4.384,6273
4.384,6272
4.384,6271
4.384,6270
4.384,6269
4.384,6268
4.385,6267
4.385,6266
4.385,6265
4.385,6264
4.385,6263
4.385,6262
4.386,6261
4.386,6260
4.386,6259
4.387,6258
4.387,6257
4.387,6256
4.387,6255
4.388,6254
4.388,6253
4.388,6252
4.388,6251
4.388,6250
4.388,6249
4.389,6248
4.389,6247
4.389,6246
4.389,6245
4.389,6244
4.389,6243
4.389,6242
4.389,6241
4.389,6240
4.389,6239
4.389,6238
4.389,6237
4.389,6236
4.389,6235
4.389,6234
4.389,6233
4.389,6232
4.389,6231
4.389,6230
4.389,6229
4.389,6228
4.389,6227
4.389,6226
4.389,6225
4.389,6224
4.389,6223
4.389,6222
4.389,6221
4.389,6220
4.389,6219
4.389,6218
4.389,6217
4.389,6216
4.389,6215
4.389,6214
4.389,6213
4.389,6212
4.389,6211
4.389,6210
4.389,6209
4.389,6208
4.389,6207
4.389,6206
4.389,6205
4.389,6204
4.389,6203
4.389,6202
4.389,6201
4.389,6200
4.389,6199
4.389,6198
4.389,6197
4.389,6196
4.389,6195
4.389,6194
4.389,6193
4.389,6192
4.389,6191
4.389,6190
4.389,6189
4.389,6188
4.389,6187
4.389,6186
4.389,6185
4.389,6184
4.389,6183
4.389,6182
4.389,6181
4.389,6180
4.389,6179
4.389,6178
4.389,6177
4.389,6176
4.389,6175
4.389,6174
4.389,6173
4.389,6172
4.389,6171
4.389,6170
4.389,6169
4.389,6168
4.389,6167
4.389,6166
4.389,6165
4.389,6164
4.389,6163
4.389,6162
4.389,6161
4.389,6160
4.389,6159
4.404,6158
4.406,6157
4.407,6156
4.408,6155
4.408,6154
4.408,6153
4.408,6152
4.408,6151
4.408,6150
4.409,6149
4.409,6148
4.409,6147
4.409,6146
4.409,6145
4.409,6144
4.409,6143
4.410,6142
4.410,6141
4.410,6140
4.410,6139
4.410,6138
4.410,6137
4.411,6136
4.411,6135
4.411,6134
4.411,6133
4.412,6132
4.412,6131
4.412,6130
4.413,6129
4.413,6128
4.413,6127
4.413,6126
4.413,6125
4.413,6124
4.414,6123
4.414,6122
4.414,6121
4.414,6120
4.414,6119
4.415,6118
4.415,6117
4.415,6116
4.415,6115
4.416,6114
4.416,6113
4.416,6112
4.416,6111
4.416,6110
4.416,6109
4.416,6108
4.416,6107
4.416,6106
4.417,6105
4.417,6104
4.417,6103
4.417,6102
4.417,6101
4.417,6100
4.417,6099
4.418,6098
4.418,6097
4.418,6096
4.419,6095
4.419,6094
4.419,6093
4.419,6092
4.419,6091
4.419,6090
4.419,6089
4.419,6088
4.419,6087
4.419,6086
4.419,6085
4.419,6084
4.419,6083
4.419,6082
4.419,6081
4.419,6080
4.419,6079
4.419,6078
4.419,6077
4.419,6076
4.419,6075
4.419,6074
4.419,6073
4.419,6072
4.419,6071
4.419,6070
4.419,6069
4.419,6068
4.419,6067
4.419,6066
4.419,6065
4.419,6064
4.419,6063
4.419,6062
4.419,6061
4.419,6060
4.419,6059
4.419,6058
4.419,6057
4.419,6056
4.419,6055
4.419,6054
4.419,6053
4.419,6052
4.419,6051
4.419,6050
4.419,6049
4.419,6048
4.419,6047
4.419,6046
4.419,6045
4.419,6044
4.419,6043
4.419,6042
4.419,6041
4.419,6040
4.419,6039
4.419,6038
4.419,6037
4.419,6036
4.419,6035
4.419,6034
4.419,6033
4.419,6032
4.419,6031
4.419,6030
4.419,6029
4.419,6028
4.419,6027
4.419,6026
4.419,6025
4.419,6024
4.419,6023
4.419,6022
4.419,6021
4.419,6020
4.419,6019
4.419,6018
4.419,6017
4.419,6016
4.419,6015
4.419,6014
4.435,6013
4.435,6012
4.435,6011
4.435,6010
4.435,6009
4.435,6008
4.435,6007
4.435,6006
4.436,6005
4.436,6004
4.436,6003
4.436,6002
4.437,6001
4.437,6000
4.437,5999
4.438,5998
4.438,5997
4.438,5996
4.438,5995
4.438,5994
4.438,5993
4.438,5992
4.439,5991
4.439,5990
4.439,5989
4.439,5988
4.439,5987
4.439,5986
4.439,5985
4.439,5984
4.439,5983
4.439,5982
4.439,5981
4.439,5980
4.439,5979
4.439,5978
4.439,5977
4.439,5976
4.439,5975
4.439,5974
4.439,5973
4.439,5972
4.439,5971
4.439,5970
4.439,5969
4.439,5968
4.439,5967
4.439,5966
4.439,5965
4.439,5964
4.439,5963
4.439,5962
4.439,5961
4.439,5960
4.439,5959
4.439,5958
4.439,5957
4.439,5956
4.439,5955
4.439,5954
4.439,5953
4.439,5952
4.439,5951
4.439,5950
4.439,5949
4.439,5948
4.439,5947
4.439,5946
4.439,5945
4.439,5944
4.439,5943
4.439,5942
4.439,5941
4.439,5940
4.439,5939
4.439,5938
4.439,5937
4.439,5936
4.439,5935
4.439,5934
4.439,5933
4.439,5932
4.439,5931
4.439,5930
4.439,5929
4.439,5928
4.439,5927
4.439,5926
4.439,5925
4.439,5924
4.439,5923
4.439,5922
4.439,5921
4.439,5920
4.439,5919
4.439,5918
4.439,5917
4.439,5916
4.439,5915
4.439,5914
4.455,5913
4.455,5912
4.455,5911
4.455,5910
4.455,5909
4.455,5908
4.456,5907
4.456,5906
4.456,5905
4.456,5904
4.456,5903
4.457,5902
4.457,5901
4.457,5900
4.457,5899
4.458,5898
4.458,5897
4.458,5896
4.458,5895
4.459,5894
4.459,5893
4.459,5892
4.459,5891
4.460,5890
4.460,5889
4.460,5888
4.460,5887
4.460,5886
4.460,5885
4.460,5884
4.460,5883
4.461,5882
4.461,5881
4.461,5880
4.462,5879
4.462,5878
4.462,5877
4.463,5876
4.463,5875
4.463,5874
4.463,5873
4.463,5872
4.463,5871
4.464,5870
4.464,5869
4.464,5868
4.464,5867
4.464,5866
4.464,5865
4.465,5864
4.465,5863
4.465,5862
4.466,5861
4.466,5860
4.466,5859
4.466,5858
4.466,5857
4.467,5856
4.467,5855
4.467,5854
4.467,5853
4.467,5852
4.467,5851
4.467,5850
4.467,5849
4.468,5848
4.468,5847
4.468,5846
4.468,5845
4.468,5844
4.469,5843
4.469,5842
4.469,5841
4.469,5840
4.469,5839
4.470,5838
4.470,5837
4.470,5836
4.470,5835
4.470,5834
4.471,5833
4.471,5832
4.471,5831
4.471,5830
4.471,5829
4.472,5828
4.472,5827
4.472,5826
4.472,5825
4.472,5824
4.472,5823
4.473,5822
4.473,5821
4.473,5820
4.473,5819
4.473,5818
4.473,5817
4.473,5816
4.473,5815
4.474,5814
4.474,5813
4.474,5812
4.475,5811
4.475,5810
4.475,5809
4.475,5808
4.476,5807
4.476,5806
4.477,5805
4.477,5804
4.477,5803
4.478,5802
4.478,5801
4.478,5800
4.478,5799
4.478,5798
4.478,5797
4.479,5796
4.479,5795
4.479,5794
4.479,5793
4.479,5792
4.480,5791
4.480,5790
4.480,5789
4.480,5788
4.480,5787
4.480,5786
4.480,5785
4.480,5784
4.480,5783
4.480,5782
4.480,5781
4.480,5780
4.480,5779
4.480,5778
4.480,5777
4.480,5776
4.480,5775
4.480,5774
4.480,5773
4.480,5772
4.480,5771
4.480,5770
4.480,5769
4.480,5768
4.480,5767
4.480,5766
4.480,5765
4.480,5764
4.480,5763
4.480,5762
4.480,5761
4.480,5760
4.480,5759
4.480,5758
4.480,5757
4.480,5756
4.480,5755
4.480,5754
4.480,5753
4.480,5752
4.480,5751
4.480,5750
4.480,5749
4.480,5748
4.480,5747
4.480,5746
4.480,5745
4.480,5744
4.480,5743
4.480,5742
4.480,5741
4.480,5740
4.480,5739
4.480,5738
4.480,5737
4.480,5736
4.480,5735
4.480,5734
4.480,5733
4.480,5732
4.496,5731
4.496,5730
4.496,5729
4.496,5728
4.497,5727
4.497,5726
4.498,5725
4.499,5724
4.499,5723
4.499,5722
4.499,5721
4.500,5720
4.500,5719
4.500,5718
4.500,5717
4.500,5716
4.500,5715
4.500,5714
4.500,5713
4.500,5712
4.500,5711
4.500,5710
4.500,5709
4.500,5708
4.500,5707
4.500,5706
4.500,5705
4.500,5704
4.500,5703
4.500,5702
4.500,5701
4.500,5700
4.500,5699
4.500,5698
4.500,5697
4.500,5696
4.500,5695
4.500,5694
4.500,5693
4.500,5692
4.500,5691
4.500,5690
4.500,5689
4.500,5688
4.500,5687
4.500,5686
4.500,5685
4.500,5684
4.500,5683
4.500,5682
4.500,5681
4.500,5680
4.500,5679
4.500,5678
4.500,5677
4.500,5676
4.500,5675
4.500,5674
4.500,5673
4.500,5672
4.500,5671
4.516,5670
4.517,5669
4.517,5668
4.517,5667
4.517,5666
4.517,5665
4.517,5664
4.518,5663
4.518,5662
4.518,5661
4.519,5660
4.519,5659
4.520,5658
4.520,5657
4.520,5656
4.520,5655
4.521,5654
4.521,5653
4.521,5652
4.521,5651
4.521,5650
4.521,5649
4.521,5648
4.521,5647
4.521,5646
4.521,5645
4.521,5644
4.521,5643
4.521,5642
4.521,5641
4.521,5640
4.521,5639
4.521,5638
4.521,5637
4.521,5636
4.521,5635
4.521,5634
4.521,5633
4.521,5632
4.521,5631
4.521,5630
4.521,5629
4.521,5628
4.521,5627
4.521,5626
4.521,5625
4.521,5624
4.521,5623
4.521,5622
4.521,5621
4.521,5620
4.521,5619
4.521,5618
4.521,5617
4.521,5616
4.521,5615
4.521,5614
4.521,5613
4.521,5612
4.521,5611
4.521,5610
4.521,5609
4.521,5608
4.521,5607
4.521,5606
4.539,5605
4.539,5604
4.539,5603
4.539,5602
4.539,5601
4.540,5600
4.540,5599
4.540,5598
4.541,5597
4.541,5596
4.541,5595
4.541,5594
4.541,5593
4.541,5592
4.541,5591
4.541,5590
4.541,5589
4.541,5588
4.541,5587
4.541,5586
4.541,5585
4.541,5584
4.541,5583
4.541,5582
4.541,5581
4.541,5580
4.541,5579
4.541,5578
4.541,5577
4.541,5576
4.541,5575
4.541,5574
4.541,5573
4.541,5572
4.541,5571
4.541,5570
4.541,5569
4.541,5568
4.541,5567
4.541,5566
4.541,5565
4.541,5564
4.541,5563
4.541,5562
4.557,5561
4.557,5560
4.557,5559
4.558,5558
4.558,5557
4.558,5556
4.559,5555
4.559,5554
4.559,5553
4.561,5552
4.561,5551
4.561,5550
4.561,5549
4.562,5548
4.562,5547
4.562,5546
4.564,5545
4.564,5544
4.564,5543
4.564,5542
4.564,5541
4.564,5540
4.565,5539
4.567,5538
4.568,5537
4.568,5536
4.568,5535
4.568,5534
4.568,5533
4.568,5532
4.569,5531
4.569,5530
4.569,5529
4.569,5528
4.569,5527
4.570,5526
4.570,5525
4.571,5524
4.571,5523
4.571,5522
4.571,5521
4.571,5520
4.571,5519
4.571,5518
4.571,5517
4.571,5516
4.571,5515
4.571,5514
4.571,5513
4.571,5512
4.571,5511
4.571,5510
4.571,5509
4.571,5508
4.571,5507
4.571,5506
4.571,5505
4.571,5504
4.571,5503
4.571,5502
4.571,5501
4.571,5500
4.571,5499
4.571,5498
4.571,5497
4.571,5496
4.571,5495
4.571,5494
4.571,5493
4.587,5492
4.587,5491
4.587,5490
4.587,5489
4.587,5488
4.587,5487
4.588,5486
4.588,5485
4.589,5484
4.589,5483
4.589,5482
4.589,5481
4.590,5480
4.590,5479
4.590,5478
4.590,5477
4.591,5476
4.591,5475
4.591,5474
4.592,5473
4.592,5472
4.592,5471
4.592,5470
4.592,5469
4.592,5468
4.592,5467
4.592,5466
4.592,5465
4.592,5464
4.592,5463
4.592,5462
4.592,5461
4.592,5460
4.592,5459
4.592,5458
4.592,5457
4.592,5456
4.592,5455
4.592,5454
4.592,5453
4.592,5452
4.592,5451
4.592,5450
4.592,5449
4.592,5448
4.592,5447
4.592,5446
4.592,5445
4.592,5444
4.592,5443
4.592,5442
4.592,5441
4.592,5440
4.592,5439
4.608,5438
4.608,5437
4.609,5436
4.611,5435
4.611,5434
4.611,5433
4.611,5432
4.612,5431
4.612,5430
4.612,5429
4.612,5428
4.612,5427
4.612,5426
4.612,5425
4.612,5424
4.612,5423
4.612,5422
4.612,5421
4.612,5420
4.612,5419
4.612,5418
4.612,5417
4.612,5416
4.612,5415
4.612,5414
4.612,5413
4.612,5412
4.612,5411
4.612,5410
4.612,5409
4.612,5408
4.612,5407
4.612,5406
4.612,5405
4.612,5404
4.612,5403
4.612,5402
4.612,5401
4.612,5400
4.612,5399
4.628,5398
4.628,5397
4.629,5396
4.629,5395
4.629,5394
4.630,5393
4.630,5392
4.631,5391
4.631,5390
4.631,5389
4.631,5388
4.632,5387
4.632,5386
4.633,5385
4.633,5384
4.633,5383
4.633,5382
4.633,5381
4.633,5380
4.633,5379
4.633,5378
4.633,5377
4.633,5376
4.633,5375
4.633,5374
4.633,5373
4.633,5372
4.633,5371
4.633,5370
4.633,5369
4.633,5368
4.633,5367
4.633,5366
4.633,5365
4.648,5364
4.650,5363
4.651,5362
4.651,5361
4.652,5360
4.652,5359
4.652,5358
4.652,5357
4.653,5356
4.653,5355
4.653,5354
4.655,5353
4.656,5352
4.656,5351
4.657,5350
4.657,5349
4.658,5348
4.663,5347
4.663,5346
4.663,5345
4.663,5344
4.663,5343
4.663,5342
4.663,5341
4.663,5340
4.663,5339
4.663,5338
4.663,5337
4.663,5336
4.663,5335
4.680,5334
4.680,5333
4.682,5332
4.683,5331
4.683,5330
4.683,5329
4.683,5328
4.683,5327
4.683,5326
4.683,5325
4.683,5324
4.683,5323
4.683,5322
4.683,5321
4.683,5320
4.683,5319
4.700,5318
4.700,5317
4.701,5316
4.701,5315
4.702,5314
4.702,5313
4.702,5312
4.704,5311
4.704,5310
4.704,5309
4.704,5308
4.704,5307
4.704,5306
4.704,5305
4.704,5304
4.704,5303
4.704,5302
4.704,5301
4.704,5300
4.704,5299
4.704,5298
4.704,5297
4.704,5296
4.704,5295
4.704,5294
4.704,5293
4.704,5292
4.704,5291
4.719,5290
4.720,5289
4.720,5288
4.721,5287
4.721,5286
4.724,5285
4.724,5284
4.724,5283
4.724,5282
4.724,5281
4.724,5280
4.724,5279
4.741,5278
4.741,5277
4.742,5276
4.743,5275
4.744,5274
4.744,5273
4.744,5272
4.744,5271
4.744,5270
4.744,5269
4.744,5268
4.744,5267
4.744,5266
4.744,5265
4.744,5264
4.744,5263
4.744,5262
4.744,5261
4.744,5260
4.744,5259
4.762,5258
4.764,5257
4.768,5256
4.770,5255
4.772,5254
4.773,5253
4.774,5252
4.774,5251
4.774,5250
4.774,5249
4.774,5248
4.774,5247
4.774,5246
4.774,5245
4.774,5244
4.774,5243
4.774,5242
4.790,5241
4.791,5240
4.795,5239
4.795,5238
4.795,5237
4.795,5236
4.795,5235
4.811,5234
4.813,5233
4.814,5232
4.815,5231
4.815,5230
4.815,5229
4.815,5228
4.815,5227
4.815,5226
4.815,5225
4.815,5224
4.815,5223
4.815,5222
4.815,5221
4.832,5220
4.836,5219
4.837,5218
4.840,5217
4.842,5216
4.846,5215
4.846,5214
4.846,5213
4.846,5212
4.846,5211
4.862,5210
4.863,5209
4.866,5208
4.867,5207
4.868,5206
4.871,5205
4.872,5204
4.873,5203
4.875,5202
4.876,5201
4.876,5200
4.876,5199
4.876,5198
4.876,5197
4.876,5196
4.876,5195
4.876,5194
4.876,5193
4.876,5192
4.876,5191
4.876,5190
4.876,5189
4.876,5188
4.876,5187
4.896,5186
4.897,5185
4.897,5184
4.897,5183
4.897,5182
4.897,5181
4.897,5180
4.917,5179
4.917,5178
4.917,5177
4.917,5176
4.917,5175
4.917,5174
4.917,5173
4.917,5172
4.917,5171
4.933,5170
4.934,5169
4.944,5168
4.945,5167
4.947,5166
4.947,5165
4.947,5164
4.947,5163
4.964,5162
4.965,5161
4.968,5160
4.972,5159
4.978,5158
4.978,5157
4.997,5156
5.000,5155
5.001,5154
5.002,5153
5.007,5152
5.008,5151
5.008,5150
5.008,5149
5.028,5148
5.028,5147
5.028,5146
5.047,5145
5.049,5144
5.058,5143
5.068,5142
5.069,5141
5.071,5140
5.076,5139
5.110,5138
5.110,5137
5.110,5136
5.110,5135
5.171,5134
5.211,5133
5.211,5132
5.252,5131
5.252,5130
5.289,5129
5.292,5128
5.333,5127
5.364,5126
5.469,5125
5.495,5124
5.597,5123
5.648,5122
5.689,5121
5.750,5120
