3.788,8353
3.789,8352
3.789,8351
3.789,8350
3.789,8349
3.789,8348
3.789,8347
3.789,8346
3.789,8345
3.789,8344
3.790,8343
3.790,8342
3.790,8341
3.790,8340
3.790,8339
3.790,8338
3.790,8337
3.790,8336
3.790,8335
3.790,8334
3.790,8333
3.790,8332
3.790,8331
3.791,8330
3.791,8329
3.791,8328
3.791,8327
3.791,8326
3.791,8325
3.791,8324
3.791,8323
3.791,8322
3.791,8321
3.791,8320
3.791,8319
3.791,8318
3.791,8317
3.791,8316
3.791,8315
3.791,8314
3.791,8313
3.791,8312
3.791,8311
3.791,8310
3.791,8309
3.791,8308
3.791,8307
3.791,8306
3.791,8305
3.791,8304
3.791,8303
3.791,8302
3.791,8301
3.791,8300
3.791,8299
3.791,8298
3.791,8297
3.791,8296
3.791,8295
3.791,8294
3.791,8293
3.791,8292
3.791,8291
3.791,8290
3.791,8289
3.791,8288
3.791,8287
3.791,8286
3.791,8285
3.791,8284
3.791,8283
3.791,8282
3.791,8281
3.791,8280
3.791,8279
3.791,8278
3.791,8277
3.791,8276
3.791,8275
3.791,8274
3.791,8273
3.791,8272
3.791,8271
3.791,8270
3.791,8269
3.791,8268
3.791,8267
3.791,8266
3.791,8265
3.791,8264
3.791,8263
3.791,8262
3.791,8261
3.791,8260
3.791,8259
3.791,8258
3.791,8257
3.791,8256
3.791,8255
3.791,8254
3.791,8253
3.791,8252
3.791,8251
3.791,8250
3.791,8249
3.791,8248
3.791,8247
3.791,8246
3.791,8245
3.791,8244
3.791,8243
3.791,8242
3.791,8241
3.791,8240
3.791,8239
3.791,8238
3.791,8237
3.791,8236
3.791,8235
3.791,8234
3.791,8233
3.791,8232
3.791,8231
3.791,8230
3.791,8229
3.791,8228
3.791,8227
3.791,8226
3.791,8225
3.791,8224
3.791,8223
3.791,8222
3.791,8221
3.791,8220
3.791,8219
3.791,8218
3.791,8217
3.791,8216
3.791,8215
3.791,8214
3.791,8213
3.791,8212
3.791,8211
3.791,8210
3.791,8209
3.791,8208
3.791,8207
3.791,8206
3.791,8205
3.791,8204
3.791,8203
3.791,8202
3.791,8201
3.807,8200
3.807,8199
3.807,8198
3.807,8197
3.807,8196
3.808,8195
3.808,8194
3.808,8193
3.808,8192
3.808,8191
3.808,8190
3.808,8189
3.808,8188
3.808,8187
3.808,8186
3.808,8185
3.809,8184
3.809,8183
3.809,8182
3.809,8181
3.809,8180
3.809,8179
3.809,8178
3.809,8177
3.809,8176
3.809,8175
3.809,8174
3.809,8173
3.809,8172
3.809,8171
3.810,8170
3.810,8169
3.810,8168
3.810,8167
3.810,8166
3.810,8165
3.810,8164
3.810,8163
3.810,8162
3.810,8161
3.810,8160
3.810,8159
3.811,8158
3.811,8157
3.811,8156
3.811,8155
3.811,8154
3.811,8153
3.811,8152
3.811,8151
3.811,8150
3.811,8149
3.811,8148
3.811,8147
3.811,8146
3.812,8145
3.812,8144
3.812,8143
3.812,8142
3.812,8141
3.812,8140
3.812,8139
3.812,8138
3.812,8137
3.812,8136
3.812,8135
3.812,8134
3.812,8133
3.812,8132
3.812,8131
3.812,8130
3.812,8129
3.812,8128
3.812,8127
3.812,8126
3.812,8125
3.812,8124
3.812,8123
3.812,8122
3.812,8121
3.812,8120
3.812,8119
3.812,8118
3.812,8117
3.812,8116
3.812,8115
3.812,8114
3.812,8113
3.812,8112
3.812,8111
3.812,8110
3.812,8109
3.812,8108
3.812,8107
3.812,8106
3.812,8105
3.812,8104
3.812,8103
3.812,8102
3.812,8101
3.812,8100
3.812,8099
3.812,8098
3.812,8097
3.812,8096
3.812,8095
3.812,8094
3.812,8093
3.812,8092
3.812,8091
3.812,8090
3.812,8089
3.812,8088
3.812,8087
3.812,8086
3.812,8085
3.812,8084
3.812,8083
3.812,8082
3.812,8081
3.812,8080
3.812,8079
3.812,8078
3.812,8077
3.812,8076
3.812,8075
3.812,8074
3.812,8073
3.812,8072
3.812,8071
3.812,8070
3.812,8069
3.812,8068
3.812,8067
3.812,8066
3.812,8065
3.812,8064
3.812,8063
3.812,8062
3.812,8061
3.812,8060
3.812,8059
3.812,8058
3.812,8057
3.812,8056
3.812,8055
3.812,8054
3.812,8053
3.812,8052
3.812,8051
3.812,8050
3.812,8049
3.812,8048
3.812,8047
3.812,8046
3.812,8045
3.812,8044
3.812,8043
3.812,8042
3.812,8041
3.812,8040
3.812,8039
3.812,8038
3.812,8037
3.812,8036
3.812,8035
3.812,8034
3.812,8033
3.812,8032
3.812,8031
3.812,8030
3.812,8029
3.812,8028
3.812,8027
3.812,8026
3.812,8025
3.812,8024
3.812,8023
3.812,8022
3.812,8021
3.812,8020
3.812,8019
3.812,8018
3.812,8017
3.812,8016
3.812,8015
3.812,8014
3.812,8013
3.812,8012
3.812,8011
3.812,8010
3.812,8009
3.812,8008
3.812,8007
3.812,8006
3.812,8005
3.812,8004
3.812,8003
3.812,8002
3.812,8001
3.812,8000
3.812,7999
3.812,7998
3.812,7997
3.812,7996
3.812,7995
3.812,7994
3.812,7993
3.812,7992
3.812,7991
3.812,7990
3.812,7989
3.812,7988
3.812,7987
3.812,7986
3.812,7985
3.812,7984
3.828,7983
3.828,7982
3.828,7981
3.828,7980
3.828,7979
3.828,7978
3.828,7977
3.829,7976
3.829,7975
3.829,7974
3.829,7973
3.829,7972
3.829,7971
3.829,7970
3.830,7969
3.830,7968
3.830,7967
3.830,7966
3.830,7965
3.830,7964
3.830,7963
3.830,7962
3.831,7961
3.831,7960
3.831,7959
3.831,7958
3.832,7957
3.832,7956
3.832,7955
3.832,7954
3.832,7953
3.832,7952
3.832,7951
3.832,7950
3.832,7949
3.832,7948
3.832,7947
3.832,7946
3.832,7945
3.832,7944
3.832,7943
3.832,7942
3.832,7941
3.832,7940
3.832,7939
3.832,7938
3.832,7937
3.832,7936
3.832,7935
3.832,7934
3.832,7933
3.832,7932
3.832,7931
3.832,7930
3.832,7929
3.832,7928
3.832,7927
3.832,7926
3.832,7925
3.832,7924
3.832,7923
3.832,7922
3.832,7921
3.832,7920
3.832,7919
3.832,7918
3.832,7917
3.832,7916
3.832,7915
3.832,7914
3.832,7913
3.832,7912
3.832,7911
3.832,7910
3.832,7909
3.832,7908
3.832,7907
3.832,7906
3.832,7905
3.832,7904
3.832,7903
3.832,7902
3.832,7901
3.832,7900
3.832,7899
3.832,7898
3.832,7897
3.832,7896
3.832,7895
3.832,7894
3.832,7893
3.832,7892
3.832,7891
3.832,7890
3.832,7889
3.832,7888
3.832,7887
3.832,7886
3.832,7885
3.832,7884
3.832,7883
3.832,7882
3.832,7881
3.832,7880
3.832,7879
3.832,7878
3.832,7877
3.832,7876
3.832,7875
3.832,7874
3.832,7873
3.832,7872
3.832,7871
3.832,7870
3.832,7869
3.832,7868
3.832,7867
3.832,7866
3.832,7865
3.832,7864
3.832,7863
3.832,7862
3.832,7861
3.832,7860
3.832,7859
3.832,7858
3.832,7857
3.832,7856
3.832,7855
3.832,7854
3.832,7853
3.832,7852
3.832,7851
3.832,7850
3.832,7849
3.832,7848
3.832,7847
3.832,7846
3.832,7845
3.832,7844
3.832,7843
3.832,7842
3.832,7841
3.832,7840
3.832,7839
3.832,7838
3.832,7837
3.832,7836
3.832,7835
3.832,7834
3.832,7833
3.832,7832
3.832,7831
3.832,7830
3.832,7829
3.832,7828
3.832,7827
3.832,7826
3.832,7825
3.832,7824
3.832,7823
3.832,7822
3.832,7821
3.832,7820
3.832,7819
3.832,7818
3.832,7817
3.832,7816
3.832,7815
3.832,7814
3.832,7813
3.832,7812
3.848,7811
3.848,7810
3.848,7809
3.848,7808
3.849,7807
3.849,7806
3.849,7805
3.849,7804
3.849,7803
3.849,7802
3.850,7801
3.850,7800
3.850,7799
3.850,7798
3.850,7797
3.851,7796
3.851,7795
3.851,7794
3.851,7793
3.851,7792
3.851,7791
3.851,7790
3.852,7789
3.852,7788
3.852,7787
3.852,7786
3.853,7785
3.853,7784
3.853,7783
3.853,7782
3.853,7781
3.853,7780
3.853,7779
3.853,7778
3.853,7777
3.853,7776
3.854,7775
3.854,7774
3.854,7773
3.854,7772
3.855,7771
3.855,7770
3.855,7769
3.855,7768
3.855,7767
3.855,7766
3.856,7765
3.856,7764
3.856,7763
3.856,7762
3.856,7761
3.857,7760
3.857,7759
3.857,7758
3.857,7757
3.857,7756
3.857,7755
3.857,7754
3.857,7753
3.857,7752
3.857,7751
3.857,7750
3.858,7749
3.858,7748
3.858,7747
3.858,7746
3.858,7745
3.859,7744
3.859,7743
3.859,7742
3.859,7741
3.859,7740
3.859,7739
3.859,7738
3.859,7737
3.859,7736
3.859,7735
3.859,7734
3.860,7733
3.860,7732
3.860,7731
3.860,7730
3.860,7729
3.860,7728
3.860,7727
3.860,7726
3.860,7725
3.861,7724
3.861,7723
3.861,7722
3.861,7721
3.861,7720
3.861,7719
3.861,7718
3.861,7717
3.861,7716
3.862,7715
3.862,7714
3.862,7713
3.862,7712
3.862,7711
3.862,7710
3.863,7709
3.863,7708
3.863,7707
3.863,7706
3.863,7705
3.863,7704
3.863,7703
3.863,7702
3.863,7701
3.863,7700
3.863,7699
3.863,7698
3.863,7697
3.863,7696
3.863,7695
3.863,7694
3.863,7693
3.863,7692
3.863,7691
3.863,7690
3.863,7689
3.863,7688
3.863,7687
3.863,7686
3.863,7685
3.863,7684
3.863,7683
3.863,7682
3.863,7681
3.863,7680
3.863,7679
3.863,7678
3.863,7677
3.863,7676
3.863,7675
3.863,7674
3.863,7673
3.863,7672
3.863,7671
3.863,7670
3.863,7669
3.863,7668
3.863,7667
3.863,7666
3.863,7665
3.863,7664
3.863,7663
3.863,7662
3.863,7661
3.863,7660
3.863,7659
3.863,7658
3.863,7657
3.863,7656
3.863,7655
3.863,7654
3.863,7653
3.863,7652
3.863,7651
3.863,7650
3.863,7649
3.863,7648
3.863,7647
3.863,7646
3.863,7645
3.863,7644
3.863,7643
3.863,7642
3.863,7641
3.863,7640
3.863,7639
3.863,7638
3.863,7637
3.863,7636
3.863,7635
3.863,7634
3.863,7633
3.863,7632
3.863,7631
3.863,7630
3.863,7629
3.863,7628
3.863,7627
3.863,7626
3.863,7625
3.863,7624
3.863,7623
3.863,7622
3.863,7621
3.863,7620
3.863,7619
3.863,7618
3.863,7617
3.863,7616
3.863,7615
3.863,7614
3.863,7613
3.863,7612
3.863,7611
3.863,7610
3.863,7609
3.863,7608
3.863,7607
3.863,7606
3.863,7605
3.863,7604
3.863,7603
3.863,7602
3.863,7601
3.863,7600
3.863,7599
3.863,7598
3.863,7597
3.863,7596
3.863,7595
3.863,7594
3.863,7593
3.863,7592
3.863,7591
3.863,7590
3.863,7589
3.863,7588
3.863,7587
3.863,7586
3.863,7585
3.863,7584
3.863,7583
3.863,7582
3.863,7581
3.863,7580
3.863,7579
3.863,7578
3.863,7577
3.863,7576
3.863,7575
3.863,7574
3.863,7573
3.863,7572
3.863,7571
3.863,7570
3.863,7569
3.863,7568
3.863,7567
3.863,7566
3.863,7565
3.863,7564
3.863,7563
3.863,7562
3.863,7561
3.863,7560
3.863,7559
3.863,7558
3.863,7557
3.863,7556
3.863,7555
3.863,7554
3.863,7553
3.863,7552
3.878,7551
3.878,7550
3.878,7549
3.879,7548
3.879,7547
3.879,7546
3.879,7545
3.879,7544
3.879,7543
3.879,7542
3.879,7541
3.879,7540
3.879,7539
3.879,7538
3.880,7537
3.880,7536
3.880,7535
3.880,7534
3.880,7533
3.880,7532
3.880,7531
3.880,7530
3.880,7529
3.881,7528
3.881,7527
3.881,7526
3.881,7525
3.881,7524
3.882,7523
3.882,7522
3.882,7521
3.882,7520
3.882,7519
3.883,7518
3.883,7517
3.883,7516
3.883,7515
3.883,7514
3.883,7513
3.883,7512
3.883,7511
3.883,7510
3.883,7509
3.883,7508
3.883,7507
3.883,7506
3.883,7505
3.883,7504
3.883,7503
3.883,7502
3.883,7501
3.883,7500
3.883,7499
3.883,7498
3.883,7497
3.883,7496
3.883,7495
3.883,7494
3.883,7493
3.883,7492
3.883,7491
3.883,7490
3.883,7489
3.883,7488
3.883,7487
3.883,7486
3.883,7485
3.883,7484
3.883,7483
3.883,7482
3.883,7481
3.883,7480
3.883,7479
3.883,7478
3.883,7477
3.883,7476
3.883,7475
3.883,7474
3.883,7473
3.883,7472
3.883,7471
3.883,7470
3.883,7469
3.883,7468
3.883,7467
3.883,7466
3.883,7465
3.883,7464
3.883,7463
3.883,7462
3.883,7461
3.883,7460
3.883,7459
3.883,7458
3.883,7457
3.883,7456
3.883,7455
3.883,7454
3.883,7453
3.883,7452
3.883,7451
3.883,7450
3.883,7449
3.883,7448
3.883,7447
3.883,7446
3.883,7445
3.883,7444
3.883,7443
3.883,7442
3.883,7441
3.883,7440
3.883,7439
3.883,7438
3.883,7437
3.883,7436
3.883,7435
3.883,7434
3.883,7433
3.883,7432
3.883,7431
3.883,7430
3.883,7429
3.883,7428
3.883,7427
3.883,7426
3.883,7425
3.883,7424
3.883,7423
3.883,7422
3.883,7421
3.883,7420
3.883,7419
3.883,7418
3.883,7417
3.883,7416
3.883,7415
3.883,7414
3.883,7413
3.883,7412
3.883,7411
3.883,7410
3.883,7409
3.883,7408
3.883,7407
3.883,7406
3.883,7405
3.883,7404
3.883,7403
3.883,7402
3.883,7401
3.883,7400
3.883,7399
3.883,7398
3.883,7397
3.883,7396
3.883,7395
3.883,7394
3.883,7393
3.883,7392
3.883,7391
3.883,7390
3.883,7389
3.883,7388
3.883,7387
3.883,7386
3.883,7385
3.883,7384
3.883,7383
3.883,7382
3.883,7381
3.883,7380
3.883,7379
3.883,7378
3.883,7377
3.883,7376
3.883,7375
3.899,7374
3.899,7373
3.899,7372
3.899,7371
3.899,7370
3.899,7369
3.900,7368
3.900,7367
3.900,7366
3.900,7365
3.900,7364
3.900,7363
3.900,7362
3.900,7361
3.901,7360
3.901,7359
3.901,7358
3.901,7357
3.901,7356
3.901,7355
3.901,7354
3.902,7353
3.902,7352
3.902,7351
3.902,7350
3.902,7349
3.902,7348
3.902,7347
3.902,7346
3.902,7345
3.902,7344
3.903,7343
3.903,7342
3.903,7341
3.903,7340
3.903,7339
3.904,7338
3.904,7337
3.904,7336
3.904,7335
3.904,7334
3.904,7333
3.905,7332
3.905,7331
3.905,7330
3.905,7329
3.905,7328
3.905,7327
3.905,7326
3.905,7325
3.905,7324
3.905,7323
3.905,7322
3.905,7321
3.905,7320
3.905,7319
3.906,7318
3.906,7317
3.906,7316
3.906,7315
3.906,7314
3.906,7313
3.906,7312
3.906,7311
3.906,7310
3.906,7309
3.907,7308
3.907,7307
3.907,7306
3.907,7305
3.907,7304
3.907,7303
3.907,7302
3.907,7301
3.907,7300
3.908,7299
3.908,7298
3.908,7297
3.908,7296
3.908,7295
3.908,7294
3.909,7293
3.909,7292
3.909,7291
3.909,7290
3.909,7289
3.909,7288
3.909,7287
3.910,7286
3.910,7285
3.910,7284
3.910,7283
3.910,7282
3.910,7281
3.910,7280
3.910,7279
3.910,7278
3.911,7277
3.911,7276
3.911,7275
3.911,7274
3.911,7273
3.911,7272
3.911,7271
3.911,7270
3.912,7269
3.912,7268
3.912,7267
3.912,7266
3.912,7265
3.912,7264
3.912,7263
3.912,7262
3.913,7261
3.913,7260
3.913,7259
3.913,7258
3.913,7257
3.913,7256
3.914,7255
3.914,7254
3.914,7253
3.914,7252
3.914,7251
3.914,7250
3.914,7249
3.914,7248
3.914,7247
3.914,7246
3.914,7245
3.914,7244
3.914,7243
3.914,7242
3.914,7241
3.914,7240
3.914,7239
3.914,7238
3.914,7237
3.914,7236
3.914,7235
3.914,7234
3.914,7233
3.914,7232
3.914,7231
3.914,7230
3.914,7229
3.914,7228
3.914,7227
3.914,7226
3.914,7225
3.914,7224
3.914,7223
3.914,7222
3.914,7221
3.914,7220
3.914,7219
3.914,7218
3.914,7217
3.914,7216
3.914,7215
3.914,7214
3.914,7213
3.914,7212
3.914,7211
3.914,7210
3.914,7209
3.914,7208
3.914,7207
3.914,7206
3.914,7205
3.914,7204
3.914,7203
3.914,7202
3.914,7201
3.914,7200
3.914,7199
3.914,7198
3.914,7197
3.914,7196
3.914,7195
3.914,7194
3.914,7193
3.914,7192
3.914,7191
3.914,7190
3.914,7189
3.914,7188
3.914,7187
3.914,7186
3.914,7185
3.914,7184
3.914,7183
3.914,7182
3.914,7181
3.914,7180
3.914,7179
3.914,7178
3.914,7177
3.914,7176
3.914,7175
3.914,7174
3.914,7173
3.914,7172
3.914,7171
3.914,7170
3.914,7169
3.914,7168
3.914,7167
3.914,7166
3.914,7165
3.914,7164
3.914,7163
3.914,7162
3.914,7161
3.914,7160
3.914,7159
3.914,7158
3.914,7157
3.914,7156
3.914,7155
3.914,7154
3.914,7153
3.914,7152
3.914,7151
3.914,7150
3.914,7149
3.914,7148
3.914,7147
3.914,7146
3.914,7145
3.914,7144
3.914,7143
3.914,7142
3.914,7141
3.914,7140
3.914,7139
3.914,7138
3.914,7137
3.914,7136
3.914,7135
3.914,7134
3.914,7133
3.914,7132
3.914,7131
3.914,7130
3.914,7129
3.914,7128
3.929,7127
3.929,7126
3.929,7125
3.930,7124
3.930,7123
3.930,7122
3.930,7121
3.930,7120
3.930,7119
3.930,7118
3.930,7117
3.930,7116
3.931,7115
3.931,7114
3.931,7113
3.931,7112
3.931,7111
3.931,7110
3.931,7109
3.931,7108
3.931,7107
3.931,7106
3.932,7105
3.932,7104
3.932,7103
3.932,7102
3.932,7101
3.932,7100
3.932,7099
3.932,7098
3.932,7097
3.932,7096
3.933,7095
3.933,7094
3.933,7093
3.933,7092
3.933,7091
3.933,7090
3.934,7089
3.934,7088
3.934,7087
3.934,7086
3.934,7085
3.934,7084
3.934,7083
3.934,7082
3.934,7081
3.934,7080
3.934,7079
3.934,7078
3.934,7077
3.934,7076
3.934,7075
3.934,7074
3.934,7073
3.934,7072
3.934,7071
3.934,7070
3.934,7069
3.934,7068
3.934,7067
3.934,7066
3.934,7065
3.934,7064
3.934,7063
3.934,7062
3.934,7061
3.934,7060
3.934,7059
3.934,7058
3.934,7057
3.934,7056
3.934,7055
3.934,7054
3.934,7053
3.934,7052
3.934,7051
3.934,7050
3.934,7049
3.934,7048
3.934,7047
3.934,7046
3.934,7045
3.934,7044
3.934,7043
3.934,7042
3.934,7041
3.934,7040
3.934,7039
3.934,7038
3.934,7037
3.934,7036
3.934,7035
3.934,7034
3.934,7033
3.934,7032
3.934,7031
3.934,7030
3.934,7029
3.934,7028
3.934,7027
3.934,7026
3.934,7025
3.934,7024
3.934,7023
3.934,7022
3.934,7021
3.934,7020
3.934,7019
3.934,7018
3.934,7017
3.934,7016
3.934,7015
3.934,7014
3.934,7013
3.934,7012
3.934,7011
3.934,7010
3.934,7009
3.934,7008
3.934,7007
3.934,7006
3.934,7005
3.934,7004
3.934,7003
3.934,7002
3.934,7001
3.934,7000
3.934,6999
3.934,6998
3.934,6997
3.934,6996
3.934,6995
3.934,6994
3.934,6993
3.934,6992
3.934,6991
3.934,6990
3.934,6989
3.934,6988
3.934,6987
3.934,6986
3.934,6985
3.934,6984
3.934,6983
3.934,6982
3.934,6981
3.934,6980
3.934,6979
3.934,6978
3.934,6977
3.934,6976
3.934,6975
3.934,6974
3.934,6973
3.934,6972
3.934,6971
3.934,6970
3.934,6969
3.934,6968
3.934,6967
3.934,6966
3.950,6965
3.950,6964
3.950,6963
3.950,6962
3.950,6961
3.950,6960
3.950,6959
3.951,6958
3.951,6957
3.951,6956
3.951,6955
3.951,6954
3.951,6953
3.951,6952
3.951,6951
3.951,6950
3.952,6949
3.952,6948
3.952,6947
3.952,6946
3.952,6945
3.952,6944
3.952,6943
3.953,6942
3.953,6941
3.953,6940
3.954,6939
3.954,6938
3.954,6937
3.954,6936
3.954,6935
3.954,6934
3.954,6933
3.955,6932
3.955,6931
3.955,6930
3.955,6929
3.955,6928
3.955,6927
3.955,6926
3.956,6925
3.956,6924
3.956,6923
3.956,6922
3.956,6921
3.956,6920
3.956,6919
3.956,6918
3.956,6917
3.956,6916
3.956,6915
3.956,6914
3.956,6913
3.957,6912
3.957,6911
3.957,6910
3.958,6909
3.958,6908
3.958,6907
3.958,6906
3.958,6905
3.958,6904
3.958,6903
3.958,6902
3.959,6901
3.959,6900
3.959,6899
3.959,6898
3.959,6897
3.959,6896
3.959,6895
3.959,6894
3.959,6893
3.960,6892
3.960,6891
3.960,6890
3.960,6889
3.960,6888
3.960,6887
3.960,6886
3.960,6885
3.960,6884
3.960,6883
3.960,6882
3.960,6881
3.960,6880
3.961,6879
3.961,6878
3.961,6877
3.961,6876
3.961,6875
3.962,6874
3.962,6873
3.962,6872
3.962,6871
3.962,6870
3.962,6869
3.962,6868
3.962,6867
3.962,6866
3.962,6865
3.963,6864
3.963,6863
3.963,6862
3.963,6861
3.963,6860
3.963,6859
3.963,6858
3.963,6857
3.964,6856
3.964,6855
3.964,6854
3.964,6853
3.964,6852
3.964,6851
3.964,6850
3.964,6849
3.964,6848
3.964,6847
3.964,6846
3.965,6845
3.965,6844
3.965,6843
3.966,6842
3.967,6841
3.967,6840
3.967,6839
3.967,6838
3.967,6837
3.967,6836
3.968,6835
3.968,6834
3.968,6833
3.968,6832
3.968,6831
3.968,6830
3.968,6829
3.968,6828
3.968,6827
3.969,6826
3.969,6825
3.969,6824
3.969,6823
3.969,6822
3.969,6821
3.969,6820
3.969,6819
3.970,6818
3.970,6817
3.970,6816
3.970,6815
3.970,6814
3.970,6813
3.970,6812
3.970,6811
3.970,6810
3.970,6809
3.971,6808
3.971,6807
3.971,6806
3.971,6805
3.971,6804
3.971,6803
3.972,6802
3.972,6801
3.972,6800
3.972,6799
3.972,6798
3.972,6797
3.972,6796
3.973,6795
3.973,6794
3.973,6793
3.973,6792
3.973,6791
3.973,6790
3.974,6789
3.974,6788
3.974,6787
3.974,6786
3.974,6785
3.974,6784
3.974,6783
3.974,6782
3.974,6781
3.974,6780
3.974,6779
3.975,6778
3.975,6777
3.975,6776
3.976,6775
3.976,6774
3.976,6773
3.976,6772
3.976,6771
3.976,6770
3.976,6769
3.976,6768
3.976,6767
3.977,6766
3.977,6765
3.977,6764
3.977,6763
3.977,6762
3.977,6761
3.977,6760
3.977,6759
3.977,6758
3.978,6757
3.978,6756
3.978,6755
3.978,6754
3.978,6753
3.978,6752
3.978,6751
3.979,6750
3.979,6749
3.979,6748
3.979,6747
3.979,6746
3.979,6745
3.980,6744
3.980,6743
3.980,6742
3.980,6741
3.980,6740
3.980,6739
3.980,6738
3.980,6737
3.981,6736
3.981,6735
3.981,6734
3.981,6733
3.981,6732
3.981,6731
3.982,6730
3.982,6729
3.982,6728
3.983,6727
3.983,6726
3.983,6725
3.983,6724
3.984,6723
3.984,6722
3.984,6721
3.984,6720
3.984,6719
3.984,6718
3.984,6717
3.984,6716
3.984,6715
3.984,6714
3.984,6713
3.984,6712
3.984,6711
3.984,6710
3.984,6709
3.984,6708
3.984,6707
3.984,6706
3.984,6705
3.984,6704
3.984,6703
3.984,6702
3.984,6701
3.984,6700
3.984,6699
3.984,6698
3.984,6697
3.984,6696
3.984,6695
3.984,6694
3.984,6693
3.984,6692
3.984,6691
3.984,6690
3.984,6689
3.984,6688
3.984,6687
3.984,6686
3.984,6685
3.984,6684
3.984,6683
3.984,6682
3.984,6681
3.984,6680
3.984,6679
3.984,6678
3.984,6677
3.984,6676
3.984,6675
3.984,6674
3.984,6673
3.984,6672
3.984,6671
3.984,6670
3.984,6669
3.984,6668
3.984,6667
3.984,6666
3.984,6665
3.984,6664
3.984,6663
3.984,6662
3.984,6661
3.984,6660
3.984,6659
3.984,6658
3.984,6657
3.984,6656
3.984,6655
3.984,6654
3.984,6653
3.984,6652
3.984,6651
3.984,6650
3.984,6649
3.984,6648
3.984,6647
3.984,6646
3.984,6645
3.984,6644
3.984,6643
3.984,6642
3.984,6641
3.984,6640
3.984,6639
3.984,6638
3.984,6637
3.984,6636
3.984,6635
3.984,6634
3.984,6633
3.984,6632
3.984,6631
3.984,6630
3.984,6629
3.984,6628
3.984,6627
4.001,6626
4.002,6625
4.003,6624
4.004,6623
4.004,6622
4.004,6621
4.004,6620
4.004,6619
4.004,6618
4.004,6617
4.004,6616
4.004,6615
4.004,6614
4.004,6613
4.004,6612
4.004,6611
4.004,6610
4.004,6609
4.004,6608
4.004,6607
4.004,6606
4.004,6605
4.004,6604
4.004,6603
4.004,6602
4.004,6601
4.004,6600
4.004,6599
4.004,6598
4.004,6597
4.004,6596
4.004,6595
4.004,6594
4.004,6593
4.004,6592
4.004,6591
4.004,6590
4.004,6589
4.004,6588
4.004,6587
4.004,6586
4.004,6585
4.004,6584
4.004,6583
4.004,6582
4.004,6581
4.004,6580
4.004,6579
4.004,6578
4.004,6577
4.004,6576
4.004,6575
4.004,6574
4.004,6573
4.004,6572
4.004,6571
4.004,6570
4.004,6569
4.004,6568
4.004,6567
4.004,6566
4.004,6565
4.004,6564
4.004,6563
4.004,6562
4.004,6561
4.004,6560
4.004,6559
4.004,6558
4.004,6557
4.004,6556
4.004,6555
4.004,6554
4.004,6553
4.004,6552
4.004,6551
4.004,6550
4.004,6549
4.004,6548
4.004,6547
4.004,6546
4.004,6545
4.004,6544
4.004,6543
4.004,6542
4.004,6541
4.004,6540
4.004,6539
4.004,6538
4.004,6537
4.004,6536
4.004,6535
4.004,6534
4.004,6533
4.004,6532
4.004,6531
4.020,6530
4.020,6529
4.020,6528
4.021,6527
4.021,6526
4.021,6525
4.021,6524
4.021,6523
4.021,6522
4.021,6521
4.021,6520
4.022,6519
4.022,6518
4.022,6517
4.022,6516
4.023,6515
4.023,6514
4.023,6513
4.023,6512
4.023,6511
4.023,6510
4.024,6509
4.024,6508
4.024,6507
4.024,6506
4.024,6505
4.025,6504
4.025,6503
4.025,6502
4.025,6501
4.025,6500
4.025,6499
4.025,6498
4.025,6497
4.025,6496
4.025,6495
4.025,6494
4.025,6493
4.025,6492
4.025,6491
4.025,6490
4.025,6489
4.025,6488
4.025,6487
4.025,6486
4.025,6485
4.025,6484
4.025,6483
4.025,6482
4.025,6481
4.025,6480
4.025,6479
4.025,6478
4.025,6477
4.025,6476
4.025,6475
4.025,6474
4.025,6473
4.025,6472
4.025,6471
4.025,6470
4.025,6469
4.025,6468
4.025,6467
4.025,6466
4.025,6465
4.025,6464
4.025,6463
4.025,6462
4.025,6461
4.025,6460
4.025,6459
4.025,6458
4.025,6457
4.025,6456
4.025,6455
4.025,6454
4.025,6453
4.025,6452
4.025,6451
4.025,6450
4.025,6449
4.025,6448
4.025,6447
4.025,6446
4.025,6445
4.025,6444
4.025,6443
4.025,6442
4.025,6441
4.025,6440
4.025,6439
4.025,6438
4.025,6437
4.025,6436
4.025,6435
4.025,6434
4.025,6433
4.025,6432
4.025,6431
4.025,6430
4.025,6429
4.025,6428
4.025,6427
4.025,6426
4.025,6425
4.025,6424
4.025,6423
4.025,6422
4.025,6421
4.025,6420
4.025,6419
4.025,6418
4.025,6417
4.025,6416
4.041,6415
4.041,6414
4.041,6413
4.041,6412
4.042,6411
4.042,6410
4.042,6409
4.042,6408
4.042,6407
4.042,6406
4.042,6405
4.043,6404
4.043,6403
4.043,6402
4.043,6401
4.043,6400
4.043,6399
4.043,6398
4.043,6397
4.044,6396
4.044,6395
4.044,6394
4.044,6393
4.044,6392
4.045,6391
4.045,6390
4.045,6389
4.045,6388
4.046,6387
4.046,6386
4.046,6385
4.046,6384
4.047,6383
4.047,6382
4.047,6381
4.047,6380
4.047,6379
4.047,6378
4.047,6377
4.047,6376
4.048,6375
4.048,6374
4.048,6373
4.048,6372
4.048,6371
4.048,6370
4.049,6369
4.049,6368
4.049,6367
4.049,6366
4.050,6365
4.050,6364
4.051,6363
4.051,6362
4.051,6361
4.051,6360
4.051,6359
4.051,6358
4.051,6357
4.052,6356
4.052,6355
4.052,6354
4.052,6353
4.052,6352
4.052,6351
4.052,6350
4.052,6349
4.052,6348
4.053,6347
4.053,6346
4.053,6345
4.053,6344
4.053,6343
4.053,6342
4.053,6341
4.054,6340
4.054,6339
4.054,6338
4.054,6337
4.054,6336
4.054,6335
4.055,6334
4.055,6333
4.055,6332
4.055,6331
4.055,6330
4.055,6329
4.055,6328
4.055,6327
4.055,6326
4.055,6325
4.055,6324
4.055,6323
4.055,6322
4.055,6321
4.055,6320
4.055,6319
4.055,6318
4.055,6317
4.055,6316
4.055,6315
4.055,6314
4.055,6313
4.055,6312
4.055,6311
4.055,6310
4.055,6309
4.055,6308
4.055,6307
4.055,6306
4.055,6305
4.055,6304
4.055,6303
4.055,6302
4.055,6301
4.055,6300
4.055,6299
4.055,6298
4.055,6297
4.055,6296
4.055,6295
4.055,6294
4.055,6293
4.055,6292
4.055,6291
4.055,6290
4.055,6289
4.055,6288
4.055,6287
4.055,6286
4.055,6285
4.055,6284
4.055,6283
4.055,6282
4.055,6281
4.055,6280
4.055,6279
4.055,6278
4.055,6277
4.055,6276
4.055,6275
4.055,6274
4.055,6273
4.055,6272
4.055,6271
4.055,6270
4.055,6269
4.055,6268
4.071,6267
4.071,6266
4.072,6265
4.072,6264
4.072,6263
4.072,6262
4.072,6261
4.073,6260
4.073,6259
4.073,6258
4.073,6257
4.073,6256
4.074,6255
4.074,6254
4.074,6253
4.074,6252
4.074,6251
4.075,6250
4.075,6249
4.075,6248
4.075,6247
4.075,6246
4.075,6245
4.075,6244
4.075,6243
4.075,6242
4.075,6241
4.075,6240
4.075,6239
4.075,6238
4.075,6237
4.075,6236
4.075,6235
4.075,6234
4.075,6233
4.075,6232
4.075,6231
4.075,6230
4.075,6229
4.075,6228
4.075,6227
4.075,6226
4.075,6225
4.075,6224
4.075,6223
4.081,6222
4.082,6221
4.082,6220
4.082,6219
4.082,6218
4.082,6217
4.082,6216
4.083,6215
4.084,6214
4.084,6213
4.084,6212
4.084,6211
4.084,6210
4.084,6209
4.084,6208
4.085,6207
4.085,6206
4.085,6205
4.086,6204
4.086,6203
4.086,6202
4.086,6201
4.086,6200
4.086,6199
4.086,6198
4.086,6197
4.086,6196
4.086,6195
4.087,6194
4.087,6193
4.087,6192
4.087,6191
4.087,6190
4.087,6189
4.088,6188
4.088,6187
4.088,6186
4.088,6185
4.089,6184
4.089,6183
4.089,6182
4.090,6181
4.090,6180
4.091,6179
4.091,6178
4.091,6177
4.091,6176
4.091,6175
4.092,6174
4.092,6173
4.092,6172
4.092,6171
4.092,6170
4.093,6169
4.093,6168
4.093,6167
4.093,6166
4.093,6165
4.093,6164
4.093,6163
4.093,6162
4.093,6161
4.094,6160
4.094,6159
4.094,6158
4.094,6157
4.094,6156
4.094,6155
4.094,6154
4.094,6153
4.095,6152
4.095,6151
4.095,6150
4.095,6149
4.095,6148
4.095,6147
4.096,6146
4.096,6145
4.096,6144
4.096,6143
4.096,6142
4.096,6141
4.096,6140
4.096,6139
4.097,6138
4.097,6137
4.097,6136
4.097,6135
4.097,6134
4.097,6133
4.098,6132
4.098,6131
4.098,6130
4.098,6129
4.098,6128
4.098,6127
4.099,6126
4.100,6125
4.101,6124
4.101,6123
4.101,6122
4.101,6121
4.101,6120
4.101,6119
4.101,6118
4.101,6117
4.101,6116
4.102,6115
4.102,6114
4.102,6113
4.102,6112
4.102,6111
4.102,6110
4.102,6109
4.103,6108
4.103,6107
4.103,6106
4.103,6105
4.104,6104
4.104,6103
4.104,6102
4.104,6101
4.105,6100
4.105,6099
4.106,6098
4.106,6097
4.107,6096
4.107,6095
4.107,6094
4.107,6093
4.107,6092
4.108,6091
4.108,6090
4.108,6089
4.109,6088
4.109,6087
4.109,6086
4.109,6085
4.109,6084
4.109,6083
4.109,6082
4.110,6081
4.110,6080
4.110,6079
4.110,6078
4.110,6077
4.110,6076
4.111,6075
4.111,6074
4.112,6073
4.112,6072
4.112,6071
4.112,6070
4.113,6069
4.113,6068
4.113,6067
4.114,6066
4.114,6065
4.114,6064
4.114,6063
4.114,6062
4.115,6061
4.115,6060
4.115,6059
4.115,6058
4.115,6057
4.115,6056
4.115,6055
4.116,6054
4.116,6053
4.117,6052
4.117,6051
4.118,6050
4.118,6049
4.118,6048
4.118,6047
4.119,6046
4.119,6045
4.119,6044
4.119,6043
4.120,6042
4.120,6041
4.120,6040
4.120,6039
4.120,6038
4.121,6037
4.121,6036
4.121,6035
4.121,6034
4.121,6033
4.121,6032
4.122,6031
4.122,6030
4.122,6029
4.122,6028
4.123,6027
4.123,6026
4.123,6025
4.124,6024
4.124,6023
4.124,6022
4.124,6021
4.124,6020
4.124,6019
4.125,6018
4.125,6017
4.125,6017
4.125,6016
4.125,6015
4.125,6014
4.125,6013
4.125,6012
4.126,6011
4.126,6010
4.126,6009
4.126,6008
4.128,6007
4.128,6006
4.128,6005
4.129,6004
4.129,6003
4.129,6002
4.129,6001
4.129,6000
4.129,5999
4.130,5998
4.130,5997
4.131,5996
4.132,5995
4.132,5994
4.132,5993
4.132,5992
4.132,5991
4.133,5990
4.133,5989
4.134,5988
4.134,5987
4.134,5986
4.134,5985
4.135,5984
4.135,5983
4.135,5982
4.135,5981
4.135,5980
4.136,5979
4.136,5978
4.136,5977
4.136,5976
4.136,5975
4.136,5974
4.138,5973
4.138,5972
4.138,5971
4.139,5970
4.139,5969
4.139,5968
4.139,5967
4.139,5966
4.139,5965
4.140,5964
4.140,5963
4.140,5962
4.141,5961
4.141,5960
4.141,5959
4.141,5958
4.142,5957
4.142,5956
4.142,5955
4.143,5954
4.143,5953
4.144,5952
4.144,5951
4.144,5950
4.144,5949
4.144,5948
4.144,5947
4.145,5946
4.145,5945
4.145,5944
4.145,5943
4.145,5942
4.145,5941
4.146,5940
4.147,5939
4.148,5938
4.148,5937
4.148,5936
4.149,5935
4.149,5934
4.149,5933
4.149,5932
4.150,5931
4.151,5930
4.151,5929
4.151,5928
4.152,5927
4.152,5926
4.153,5925
4.153,5924
4.153,5923
4.154,5922
4.154,5921
4.154,5920
4.154,5919
4.154,5918
4.155,5917
4.155,5916
4.156,5915
4.156,5914
4.156,5913
4.156,5912
4.157,5911
4.157,5910
4.157,5909
4.157,5908
4.158,5907
4.158,5906
4.158,5905
4.158,5904
4.158,5903
4.159,5902
4.159,5901
4.159,5900
4.159,5899
4.160,5898
4.160,5897
4.160,5896
4.160,5895
4.161,5894
4.161,5893
4.161,5892
4.162,5891
4.162,5890
4.162,5889
4.162,5888
4.163,5887
4.163,5886
4.164,5885
4.164,5884
4.164,5883
4.165,5882
4.165,5881
4.165,5880
4.165,5879
4.166,5878
4.166,5877
4.166,5876
4.167,5875
4.167,5874
4.168,5873
4.168,5872
4.169,5871
4.169,5870
4.169,5869
4.169,5868
4.171,5867
4.171,5866
4.171,5865
4.171,5864
4.171,5863
4.171,5862
4.171,5861
4.172,5860
4.172,5859
4.172,5858
4.173,5857
4.173,5856
4.174,5855
4.174,5854
4.174,5853
4.174,5852
4.175,5851
4.175,5850
4.176,5849
4.176,5848
4.176,5847
4.177,5846
4.177,5845
4.177,5844
4.177,5843
4.177,5842
4.177,5841
4.177,5840
4.177,5839
4.177,5838
4.179,5837
4.179,5836
4.179,5835
4.179,5834
4.179,5833
4.179,5832
4.180,5831
4.180,5830
4.180,5829
4.180,5828
4.180,5827
4.180,5826
4.180,5825
4.181,5824
4.182,5823
4.182,5822
4.183,5821
4.184,5820
4.185,5819
4.185,5818
4.186,5817
4.186,5816
4.186,5815
4.186,5814
4.186,5813
4.187,5812
4.187,5811
4.188,5810
4.188,5809
4.188,5808
4.188,5807
4.189,5806
4.189,5805
4.189,5804
4.189,5803
4.190,5802
4.190,5801
4.193,5800
4.193,5799
4.193,5798
4.193,5797
4.194,5796
4.194,5795
4.195,5794
4.195,5793
4.195,5792
4.195,5791
4.196,5790
4.196,5789
4.196,5788
4.196,5787
4.196,5786
4.197,5785
4.197,5784
4.197,5783
4.197,5782
4.197,5781
4.197,5780
4.197,5779
4.198,5778
4.200,5777
4.200,5776
4.200,5775
4.200,5774
4.201,5773
4.201,5772
4.201,5771
4.201,5770
4.202,5769
4.202,5768
4.203,5767
4.203,5766
4.203,5765
4.203,5764
4.203,5763
4.204,5762
4.204,5761
4.204,5760
4.204,5759
4.204,5758
4.205,5757
4.205,5756
4.205,5755
4.206,5754
4.206,5753
4.207,5752
4.207,5751
4.207,5750
4.207,5749
4.207,5748
4.208,5747
4.208,5746
4.209,5745
4.209,5744
4.209,5743
4.210,5742
4.210,5741
4.211,5740
4.211,5739
4.211,5738
4.211,5737
4.212,5736
4.212,5735
4.213,5734
4.213,5733
4.214,5732
4.214,5731
4.214,5730
4.215,5729
4.215,5728
4.215,5727
4.216,5726
4.216,5725
4.217,5724
4.217,5723
4.217,5722
4.217,5721
4.218,5720
4.218,5719
4.218,5718
4.219,5717
4.219,5716
4.221,5715
4.221,5714
4.221,5713
4.222,5712
4.223,5711
4.223,5710
4.223,5709
4.223,5708
4.223,5707
4.223,5706
4.224,5705
4.224,5704
4.224,5703
4.224,5702
4.225,5701
4.225,5700
4.225,5699
4.226,5698
4.226,5697
4.226,5696
4.227,5695
4.227,5694
4.227,5693
4.227,5692
4.227,5691
4.227,5690
4.228,5689
4.228,5688
4.228,5687
4.228,5686
4.230,5685
4.230,5684
4.230,5683
4.231,5682
4.231,5681
4.232,5680
4.232,5679
4.232,5678
4.233,5677
4.233,5676
4.233,5675
4.233,5674
4.234,5673
4.235,5672
4.236,5671
4.236,5670
4.236,5669
4.236,5668
4.236,5667
4.237,5666
4.237,5665
4.237,5664
4.237,5663
4.237,5662
4.237,5661
4.237,5660
4.238,5659
4.238,5658
4.238,5657
4.240,5656
4.240,5655
4.240,5654
4.242,5653
4.242,5652
4.242,5651
4.244,5650
4.244,5649
4.245,5648
4.245,5647
4.246,5646
4.246,5645
4.247,5644
4.247,5643
4.247,5642
4.247,5641
4.248,5640
4.248,5639
4.250,5638
4.251,5637
4.252,5636
4.253,5635
4.253,5634
4.254,5633
4.256,5632
4.256,5631
4.256,5630
4.257,5629
4.258,5628
4.258,5627
4.258,5626
4.258,5625
4.260,5624
4.260,5623
4.260,5622
4.261,5621
4.263,5620
4.263,5619
4.263,5618
4.263,5617
4.264,5616
4.264,5615
4.265,5614
4.265,5613
4.265,5612
4.265,5611
4.265,5610
4.265,5609
4.265,5608
4.265,5607
4.266,5606
4.266,5605
4.267,5604
4.267,5603
4.268,5602
4.268,5601
4.268,5600
4.268,5599
4.269,5598
4.269,5597
4.270,5596
4.271,5595
4.271,5594
4.271,5593
4.271,5592
4.271,5591
4.272,5590
4.273,5589
4.273,5588
4.273,5587
4.274,5586
4.274,5585
4.275,5584
4.275,5583
4.275,5582
4.276,5581
4.277,5580
4.277,5579
4.277,5578
4.277,5577
4.278,5576
4.278,5575
4.278,5574
4.279,5573
4.279,5572
4.280,5571
4.281,5570
4.281,5569
4.282,5568
4.282,5567
4.283,5566
4.283,5565
4.284,5564
4.284,5563
4.284,5562
4.285,5561
4.285,5560
4.286,5559
4.286,5558
4.287,5557
4.287,5556
4.287,5555
4.289,5554
4.289,5553
4.289,5552
4.289,5551
4.289,5550
4.289,5549
4.289,5548
4.289,5547
4.289,5546
4.289,5545
4.289,5544
4.289,5543
4.289,5542
4.289,5541
4.289,5540
4.289,5539
4.289,5538
4.289,5537
4.289,5536
4.289,5535
4.289,5534
4.289,5533
4.289,5532
4.289,5531
4.289,5530
4.289,5529
4.289,5528
4.289,5527
4.289,5526
4.289,5525
4.289,5524
4.305,5523
4.306,5522
4.306,5521
4.308,5520
4.309,5519
4.309,5518
4.309,5517
4.309,5516
4.309,5515
4.309,5514
4.309,5513
4.309,5512
4.309,5511
4.309,5510
4.309,5509
4.309,5508
4.309,5507
4.309,5506
4.309,5505
4.309,5504
4.309,5503
4.309,5502
4.309,5501
4.309,5500
4.309,5499
4.309,5498
4.309,5497
4.309,5496
4.309,5495
4.309,5494
4.309,5493
4.309,5492
4.309,5491
4.326,5490
4.326,5489
4.327,5488
4.327,5487
4.328,5486
4.328,5485
4.329,5484
4.329,5483
4.330,5482
4.330,5481
4.330,5480
4.330,5479
4.330,5478
4.330,5477
4.330,5476
4.330,5475
4.330,5474
4.330,5473
4.330,5472
4.330,5471
4.330,5470
4.330,5469
4.330,5468
4.330,5467
4.330,5466
4.330,5465
4.330,5464
4.330,5463
4.330,5462
4.330,5461
4.330,5460
4.330,5459
4.330,5458
4.330,5457
4.330,5456
4.330,5455
4.330,5454
4.330,5453
4.346,5452
4.346,5451
4.347,5450
4.347,5449
4.347,5448
4.349,5447
4.350,5446
4.350,5445
4.350,5444
4.351,5443
4.352,5442
4.354,5441
4.355,5440
4.357,5439
4.357,5438
4.359,5437
4.360,5436
4.360,5435
4.360,5434
4.360,5433
4.360,5432
4.360,5431
4.360,5430
4.360,5429
4.360,5428
4.360,5427
4.360,5426
4.360,5425
4.360,5424
4.360,5423
4.360,5422
4.360,5421
4.360,5420
4.360,5419
4.360,5418
4.360,5417
4.360,5416
4.360,5415
4.360,5414
4.360,5413
4.360,5412
4.360,5411
4.360,5410
4.360,5409
4.360,5408
4.360,5407
4.360,5406
4.376,5405
4.379,5404
4.380,5403
4.380,5402
4.381,5401
4.382,5400
4.382,5399
4.383,5398
4.384,5397
4.384,5396
4.384,5395
4.385,5394
4.385,5393
4.386,5392
4.386,5391
4.386,5390
4.386,5389
4.387,5388
4.388,5387
4.388,5386
4.389,5385
4.389,5384
4.389,5383
4.390,5382
4.390,5381
4.391,5380
4.392,5379
4.394,5378
4.394,5377
4.394,5376
4.395,5375
4.395,5374
4.396,5373
4.397,5372
4.397,5371
4.397,5370
4.397,5369
4.398,5368
4.398,5367
4.399,5366
4.399,5365
4.399,5364
4.400,5363
4.400,5362
4.401,5361
4.402,5360
4.402,5359
4.402,5358
4.403,5357
4.403,5356
4.405,5355
4.406,5354
4.407,5353
4.407,5352
4.407,5351
4.408,5350
4.408,5349
4.408,5348
4.411,5347
4.411,5346
4.411,5345
4.411,5344
4.411,5343
4.411,5342
4.411,5341
4.411,5340
4.411,5339
4.411,5338
4.411,5337
4.411,5336
4.411,5335
4.411,5334
4.428,5333
4.428,5332
4.429,5331
4.429,5330
4.430,5329
4.430,5328
4.430,5327
4.433,5326
4.434,5325
4.435,5324
4.436,5323
4.437,5322
4.440,5321
4.440,5320
4.441,5319
4.442,5318
4.447,5317
4.448,5316
4.448,5315
4.455,5314
4.455,5313
4.455,5312
4.456,5311
4.457,5310
4.461,5309
4.461,5308
4.462,5307
4.462,5306
4.462,5305
4.462,5304
4.462,5303
4.462,5302
4.462,5301
4.462,5300
4.462,5299
4.462,5298
4.462,5297
4.462,5296
4.462,5295
4.477,5294
4.479,5293
4.479,5292
4.481,5291
4.481,5290
4.481,5289
4.481,5288
4.481,5287
4.481,5286
4.481,5285
4.481,5284
4.481,5283
4.497,5282
4.501,5281
4.504,5280
4.505,5279
4.505,5278
4.506,5277
4.507,5276
4.508,5275
4.511,5274
4.512,5273
4.512,5272
4.512,5271
4.512,5270
4.512,5269
4.512,5268
4.512,5267
4.512,5266
4.512,5265
4.529,5264
4.533,5263
4.533,5262
4.533,5261
4.533,5260
4.533,5259
4.533,5258
4.533,5257
4.533,5256
4.549,5255
4.551,5254
4.552,5253
4.559,5252
4.563,5251
4.563,5250
4.563,5249
4.563,5248
4.579,5247
4.581,5246
4.581,5245
4.582,5244
4.584,5243
4.584,5242
4.584,5241
4.584,5240
4.584,5239
4.584,5238
4.584,5237
4.601,5236
4.604,5235
4.604,5234
4.604,5233
4.604,5232
4.622,5231
4.622,5230
4.623,5229
4.624,5228
4.625,5227
4.625,5226
4.625,5225
4.625,5224
4.625,5223
4.625,5222
4.641,5221
4.642,5220
4.643,5219
4.645,5218
4.650,5217
4.653,5216
4.653,5215
4.657,5214
4.658,5213
4.661,5212
4.662,5211
4.663,5210
4.667,5209
4.670,5208
4.671,5207
4.672,5206
4.678,5205
4.685,5204
4.685,5203
4.685,5202
4.685,5201
4.685,5200
4.685,5199
4.685,5198
4.685,5197
4.685,5196
4.704,5195
4.705,5194
4.705,5193
4.723,5192
4.725,5191
4.728,5190
4.733,5189
4.734,5188
4.735,5187
4.741,5186
4.745,5185
4.745,5184
4.749,5183
4.755,5182
4.756,5181
4.761,5180
4.768,5179
4.772,5178
4.777,5177
4.777,5176
4.795,5175
4.798,5174
4.801,5173
4.804,5172
4.808,5171
4.835,5170
4.838,5169
4.838,5168
4.857,5167
4.868,5166
4.868,5165
4.868,5164
4.886,5163
4.890,5162
4.893,5161
4.894,5160
4.919,5159
4.919,5158
4.962,5157
4.963,5156
4.972,5155
4.979,5154
4.996,5153
4.997,5152
5.030,5151
5.030,5150
5.049,5149
5.055,5148
5.081,5147
5.102,5146
5.172,5145
5.213,5144
5.437,5143
5.538,5142
5.605,5141
