3.316,8353
3.316,8352
3.316,8351
3.316,8350
3.317,8349
3.317,8348
3.318,8347
3.318,8346
3.318,8345
3.318,8344
3.318,8343
3.318,8342
3.318,8341
3.318,8340
3.319,8339
3.319,8338
3.319,8337
3.319,8336
3.319,8335
3.319,8334
3.319,8333
3.319,8332
3.319,8331
3.320,8330
3.320,8329
3.320,8328
3.320,8327
3.320,8326
3.320,8325
3.321,8324
3.321,8323
3.321,8322
3.321,8321
3.321,8320
3.321,8319
3.321,8318
3.321,8317
3.321,8316
3.321,8315
3.321,8314
3.321,8313
3.321,8312
3.321,8311
3.321,8310
3.321,8309
3.321,8308
3.321,8307
3.321,8306
3.321,8305
3.321,8304
3.321,8303
3.321,8302
3.321,8301
3.321,8300
3.321,8299
3.321,8298
3.321,8297
3.321,8296
3.321,8295
3.321,8294
3.321,8293
3.321,8292
3.321,8291
3.321,8290
3.321,8289
3.321,8288
3.321,8287
3.321,8286
3.321,8285
3.321,8284
3.321,8283
3.321,8282
3.321,8281
3.321,8280
3.321,8279
3.321,8278
3.321,8277
3.321,8276
3.321,8275
3.321,8274
3.321,8273
3.321,8272
3.321,8271
3.321,8270
3.321,8269
3.321,8268
3.321,8267
3.321,8266
3.321,8265
3.321,8264
3.321,8263
3.321,8262
3.321,8261
3.321,8260
3.321,8259
3.321,8258
3.321,8257
3.321,8256
3.321,8255
3.321,8254
3.321,8253
3.321,8252
3.321,8251
3.321,8250
3.321,8249
3.321,8248
3.321,8247
3.321,8246
3.321,8245
3.321,8244
3.321,8243
3.321,8242
3.321,8241
3.321,8240
3.321,8239
3.321,8238
3.321,8237
3.321,8236
3.321,8235
3.321,8234
3.321,8233
3.321,8232
3.321,8231
3.321,8230
3.321,8229
3.321,8228
3.321,8227
3.321,8226
3.321,8225
3.321,8224
3.321,8223
3.321,8222
3.321,8221
3.321,8220
3.321,8219
3.321,8218
3.321,8217
3.321,8216
3.321,8215
3.321,8214
3.321,8213
3.321,8212
3.321,8211
3.321,8210
3.321,8209
3.321,8208
3.321,8207
3.321,8206
3.321,8205
3.321,8204
3.321,8203
3.321,8202
3.321,8201
3.321,8200
3.321,8199
3.321,8198
3.337,8197
3.337,8196
3.337,8195
3.337,8194
3.337,8193
3.337,8192
3.337,8191
3.338,8190
3.338,8189
3.338,8188
3.338,8187
3.338,8186
3.338,8185
3.338,8184
3.338,8183
3.339,8182
3.339,8181
3.339,8180
3.339,8179
3.339,8178
3.339,8177
3.340,8176
3.340,8175
3.340,8174
3.340,8173
3.340,8172
3.340,8171
3.341,8170
3.341,8169
3.341,8168
3.341,8167
3.341,8166
3.341,8165
3.341,8164
3.341,8163
3.341,8162
3.341,8161
3.341,8160
3.341,8159
3.341,8158
3.341,8157
3.341,8156
3.341,8155
3.341,8154
3.341,8153
3.341,8152
3.341,8151
3.341,8150
3.341,8149
3.341,8148
3.341,8147
3.341,8146
3.341,8145
3.341,8144
3.341,8143
3.341,8142
3.341,8141
3.341,8140
3.341,8139
3.341,8138
3.341,8137
3.341,8136
3.341,8135
3.341,8134
3.341,8133
3.341,8132
3.341,8131
3.341,8130
3.341,8129
3.341,8128
3.341,8127
3.341,8126
3.341,8125
3.341,8124
3.341,8123
3.341,8122
3.341,8121
3.341,8120
3.341,8119
3.341,8118
3.341,8117
3.341,8116
3.341,8115
3.341,8114
3.341,8113
3.341,8112
3.341,8111
3.341,8110
3.341,8109
3.341,8108
3.341,8107
3.341,8106
3.341,8105
3.341,8104
3.341,8103
3.341,8102
3.341,8101
3.341,8100
3.341,8099
3.341,8098
3.341,8097
3.341,8096
3.341,8095
3.341,8094
3.341,8093
3.341,8092
3.341,8091
3.341,8090
3.341,8089
3.341,8088
3.341,8087
3.341,8086
3.341,8085
3.341,8084
3.341,8083
3.341,8082
3.341,8081
3.341,8080
3.341,8079
3.341,8078
3.341,8077
3.341,8076
3.341,8075
3.341,8074
3.341,8073
3.341,8072
3.341,8071
3.341,8070
3.341,8069
3.341,8068
3.341,8067
3.341,8066
3.341,8065
3.341,8064
3.341,8063
3.341,8062
3.341,8061
3.341,8060
3.341,8059
3.341,8058
3.341,8057
3.341,8056
3.341,8055
3.341,8054
3.341,8053
3.341,8052
3.341,8051
3.341,8050
3.341,8049
3.341,8048
3.341,8047
3.341,8046
3.341,8045
3.341,8044
3.341,8043
3.341,8042
3.341,8041
3.341,8040
3.341,8039
3.341,8038
3.341,8037
3.341,8036
3.341,8035
3.341,8034
3.341,8033
3.341,8032
3.341,8031
3.341,8030
3.341,8029
3.341,8028
3.341,8027
3.341,8026
3.341,8025
3.341,8024
3.341,8023
3.341,8022
3.341,8021
3.341,8020
3.341,8019
3.341,8018
3.357,8017
3.357,8016
3.357,8015
3.357,8014
3.357,8013
3.357,8012
3.357,8011
3.357,8010
3.357,8009
3.358,8008
3.358,8007
3.358,8006
3.358,8005
3.358,8004
3.358,8003
3.358,8002
3.358,8001
3.358,8000
3.358,7999
3.358,7998
3.359,7997
3.359,7996
3.359,7995
3.359,7994
3.359,7993
3.359,7992
3.359,7991
3.359,7990
3.359,7989
3.359,7988
3.359,7987
3.360,7986
3.360,7985
3.360,7984
3.360,7983
3.360,7982
3.360,7981
3.360,7980
3.361,7979
3.361,7978
3.361,7977
3.361,7976
3.361,7975
3.361,7974
3.361,7973
3.361,7972
3.361,7971
3.362,7970
3.362,7969
3.362,7968
3.362,7967
3.362,7966
3.362,7965
3.362,7964
3.362,7963
3.362,7962
3.363,7961
3.363,7960
3.363,7959
3.363,7958
3.363,7957
3.363,7956
3.363,7955
3.363,7954
3.363,7953
3.364,7952
3.364,7951
3.364,7950
3.364,7949
3.364,7948
3.364,7947
3.364,7946
3.364,7945
3.364,7944
3.364,7943
3.365,7942
3.365,7941
3.365,7940
3.365,7939
3.365,7938
3.365,7937
3.365,7936
3.366,7935
3.366,7934
3.366,7933
3.366,7932
3.366,7931
3.366,7930
3.366,7929
3.366,7928
3.366,7927
3.366,7926
3.366,7925
3.367,7924
3.367,7923
3.367,7922
3.367,7921
3.367,7920
3.367,7919
3.367,7918
3.368,7917
3.368,7916
3.368,7915
3.368,7914
3.368,7913
3.368,7912
3.368,7911
3.368,7910
3.368,7909
3.368,7908
3.368,7907
3.369,7906
3.369,7905
3.369,7904
3.369,7903
3.369,7902
3.370,7901
3.370,7900
3.370,7899
3.370,7898
3.370,7897
3.370,7896
3.370,7895
3.371,7894
3.371,7893
3.371,7892
3.371,7891
3.371,7890
3.371,7889
3.371,7888
3.371,7887
3.371,7886
3.372,7885
3.372,7884
3.372,7883
3.372,7882
3.372,7881
3.372,7880
3.372,7879
3.372,7878
3.372,7877
3.372,7876
3.373,7875
3.373,7874
3.373,7873
3.373,7872
3.373,7871
3.374,7870
3.374,7869
3.374,7868
3.374,7867
3.374,7866
3.374,7865
3.374,7864
3.374,7863
3.375,7862
3.375,7861
3.375,7860
3.375,7859
3.375,7858
3.375,7857
3.375,7856
3.375,7855
3.376,7854
3.376,7853
3.376,7852
3.376,7851
3.376,7850
3.376,7849
3.376,7848
3.376,7847
3.377,7846
3.377,7845
3.377,7844
3.377,7843
3.377,7842
3.377,7841
3.377,7840
3.378,7839
3.378,7838
3.378,7837
3.378,7836
3.378,7835
3.378,7834
3.379,7833
3.379,7832
3.379,7831
3.379,7830
3.379,7829
3.379,7828
3.379,7827
3.379,7826
3.379,7825
3.379,7824
3.380,7823
3.380,7822
3.380,7821
3.380,7820
3.380,7819
3.380,7818
3.380,7817
3.380,7816
3.380,7815
3.380,7814
3.380,7813
3.381,7812
3.381,7811
3.381,7810
3.381,7809
3.381,7808
3.381,7807
3.381,7806
3.382,7805
3.382,7804
3.382,7803
3.382,7802
3.382,7801
3.382,7800
3.382,7799
3.382,7798
3.382,7797
3.382,7796
3.382,7795
3.382,7794
3.382,7793
3.382,7792
3.382,7791
3.382,7790
3.382,7789
3.382,7788
3.382,7787
3.382,7786
3.382,7785
3.382,7784
3.382,7783
3.382,7782
3.382,7781
3.382,7780
3.382,7779
3.382,7778
3.382,7777
3.382,7776
3.382,7775
3.382,7774
3.382,7773
3.382,7772
3.382,7771
3.382,7770
3.382,7769
3.382,7768
3.382,7767
3.382,7766
3.382,7765
3.382,7764
3.382,7763
3.382,7762
3.382,7761
3.382,7760
3.382,7759
3.382,7758
3.382,7757
3.382,7756
3.382,7755
3.382,7754
3.382,7753
3.382,7752
3.382,7751
3.382,7750
3.382,7749
3.382,7748
3.382,7747
3.382,7746
3.382,7745
3.382,7744
3.382,7743
3.382,7742
3.382,7741
3.382,7740
3.382,7739
3.382,7738
3.382,7737
3.382,7736
3.382,7735
3.382,7734
3.382,7733
3.382,7732
3.382,7731
3.382,7730
3.382,7729
3.382,7728
3.382,7727
3.382,7726
3.382,7725
3.382,7724
3.382,7723
3.382,7722
3.382,7721
3.382,7720
3.382,7719
3.382,7718
3.382,7717
3.382,7716
3.382,7715
3.382,7714
3.382,7713
3.382,7712
3.382,7711
3.382,7710
3.382,7709
3.382,7708
3.382,7707
3.382,7706
3.382,7705
3.382,7704
3.382,7703
3.382,7702
3.382,7701
3.382,7700
3.382,7699
3.382,7698
3.382,7697
3.382,7696
3.382,7695
3.382,7694
3.382,7693
3.382,7692
3.382,7691
3.382,7690
3.382,7689
3.382,7688
3.382,7687
3.382,7686
3.382,7685
3.382,7684
3.382,7683
3.382,7682
3.382,7681
3.382,7680
3.382,7679
3.382,7678
3.398,7677
3.398,7676
3.398,7675
3.398,7674
3.398,7673
3.398,7672
3.398,7671
3.399,7670
3.399,7669
3.399,7668
3.399,7667
3.399,7666
3.399,7665
3.399,7664
3.399,7663
3.399,7662
3.400,7661
3.400,7660
3.400,7659
3.400,7658
3.400,7657
3.400,7656
3.401,7655
3.401,7654
3.402,7653
3.402,7652
3.402,7651
3.402,7650
3.403,7649
3.403,7648
3.403,7647
3.403,7646
3.404,7645
3.404,7644
3.404,7643
3.404,7642
3.404,7641
3.405,7640
3.405,7639
3.405,7638
3.405,7637
3.405,7636
3.406,7635
3.406,7634
3.406,7633
3.406,7632
3.406,7631
3.407,7630
3.407,7629
3.407,7628
3.407,7627
3.408,7626
3.408,7625
3.408,7624
3.408,7623
3.408,7622
3.408,7621
3.408,7620
3.408,7619
3.409,7618
3.409,7617
3.409,7616
3.409,7615
3.410,7614
3.410,7613
3.410,7612
3.411,7611
3.411,7610
3.411,7609
3.411,7608
3.411,7607
3.412,7606
3.412,7605
3.412,7604
3.412,7603
3.412,7602
3.413,7601
3.413,7600
3.413,7599
3.413,7598
3.414,7597
3.414,7596
3.414,7595
3.414,7594
3.414,7593
3.414,7592
3.414,7591
3.415,7590
3.415,7589
3.415,7588
3.415,7587
3.416,7586
3.416,7585
3.416,7584
3.416,7583
3.416,7582
3.416,7581
3.417,7580
3.417,7579
3.417,7578
3.417,7577
3.417,7576
3.417,7575
3.417,7574
3.418,7573
3.418,7572
3.418,7571
3.418,7570
3.418,7569
3.418,7568
3.418,7567
3.418,7566
3.418,7565
3.418,7564
3.419,7563
3.419,7562
3.419,7561
3.419,7560
3.419,7559
3.419,7558
3.419,7557
3.419,7556
3.419,7555
3.420,7554
3.420,7553
3.420,7552
3.420,7551
3.420,7550
3.421,7549
3.421,7548
3.421,7547
3.421,7546
3.421,7545
3.421,7544
3.421,7543
3.421,7542
3.421,7541
3.422,7540
3.422,7539
3.422,7538
3.422,7537
3.422,7536
3.422,7535
3.422,7534
3.422,7533
3.422,7532
3.423,7531
3.423,7530
3.423,7529
3.423,7528
3.423,7527
3.423,7526
3.423,7525
3.423,7524
3.423,7523
3.423,7522
3.423,7521
3.423,7520
3.423,7519
3.423,7518
3.423,7517
3.423,7516
3.423,7515
3.423,7514
3.423,7513
3.423,7512
3.423,7511
3.423,7510
3.423,7509
3.423,7508
3.423,7507
3.423,7506
3.423,7505
3.423,7504
3.423,7503
3.423,7502
3.423,7501
3.423,7500
3.423,7499
3.423,7498
3.423,7497
3.423,7496
3.423,7495
3.423,7494
3.423,7493
3.423,7492
3.423,7491
3.423,7490
3.423,7489
3.423,7488
3.423,7487
3.423,7486
3.423,7485
3.423,7484
3.423,7483
3.423,7482
3.423,7481
3.423,7480
3.423,7479
3.423,7478
3.423,7477
3.423,7476
3.423,7475
3.423,7474
3.423,7473
3.423,7472
3.423,7471
3.423,7470
3.423,7469
3.423,7468
3.423,7467
3.423,7466
3.423,7465
3.423,7464
3.423,7463
3.423,7462
3.423,7461
3.423,7460
3.423,7459
3.423,7458
3.423,7457
3.423,7456
3.423,7455
3.423,7454
3.423,7453
3.423,7452
3.423,7451
3.423,7450
3.423,7449
3.423,7448
3.423,7447
3.423,7446
3.423,7445
3.423,7444
3.423,7443
3.423,7442
3.423,7441
3.423,7440
3.423,7439
3.423,7438
3.423,7437
3.423,7436
3.423,7435
3.423,7434
3.423,7433
3.423,7432
3.423,7431
3.423,7430
3.423,7429
3.423,7428
3.423,7427
3.423,7426
3.423,7425
3.423,7424
3.423,7423
3.423,7422
3.423,7421
3.423,7420
3.423,7419
3.423,7418
3.423,7417
3.423,7416
3.438,7415
3.439,7414
3.440,7413
3.442,7412
3.442,7411
3.442,7410
3.442,7409
3.442,7408
3.442,7407
3.442,7406
3.442,7405
3.442,7404
3.442,7403
3.442,7402
3.442,7401
3.442,7400
3.442,7399
3.442,7398
3.442,7397
3.442,7396
3.442,7395
3.442,7394
3.442,7393
3.442,7392
3.442,7391
3.442,7390
3.442,7389
3.442,7388
3.442,7387
3.442,7386
3.442,7385
3.442,7384
3.442,7383
3.442,7382
3.442,7381
3.442,7380
3.442,7379
3.442,7378
3.442,7377
3.442,7376
3.442,7375
3.442,7374
3.442,7373
3.442,7372
3.442,7371
3.442,7370
3.442,7369
3.442,7368
3.442,7367
3.442,7366
3.442,7365
3.442,7364
3.442,7363
3.442,7362
3.442,7361
3.442,7360
3.442,7359
3.442,7358
3.442,7357
3.442,7356
3.442,7355
3.442,7354
3.442,7353
3.442,7352
3.442,7351
3.442,7350
3.442,7349
3.442,7348
3.442,7347
3.442,7346
3.442,7345
3.442,7344
3.442,7343
3.442,7342
3.442,7341
3.442,7340
3.442,7339
3.442,7338
3.442,7337
3.442,7336
3.442,7335
3.442,7334
3.442,7333
3.442,7332
3.442,7331
3.442,7330
3.442,7329
3.442,7328
3.442,7327
3.442,7326
3.442,7325
3.442,7324
3.442,7323
3.442,7322
3.442,7321
3.442,7320
3.442,7319
3.442,7318
3.442,7317
3.442,7316
3.442,7315
3.442,7314
3.442,7313
3.442,7312
3.442,7311
3.442,7310
3.442,7309
3.442,7308
3.442,7307
3.442,7306
3.442,7305
3.442,7304
3.442,7303
3.442,7302
3.442,7301
3.442,7300
3.442,7299
3.442,7298
3.442,7297
3.442,7296
3.442,7295
3.442,7294
3.442,7293
3.442,7292
3.442,7291
3.442,7290
3.442,7289
3.442,7288
3.442,7287
3.442,7286
3.442,7285
3.442,7284
3.442,7283
3.458,7282
3.458,7281
3.458,7280
3.459,7279
3.459,7278
3.459,7277
3.459,7276
3.459,7275
3.459,7274
3.459,7273
3.460,7272
3.460,7271
3.460,7270
3.460,7269
3.460,7268
3.460,7267
3.460,7266
3.460,7265
3.461,7264
3.461,7263
3.461,7262
3.461,7261
3.461,7260
3.461,7259
3.462,7258
3.462,7257
3.462,7256
3.462,7255
3.462,7254
3.462,7253
3.463,7252
3.463,7251
3.463,7250
3.463,7249
3.463,7248
3.463,7247
3.463,7246
3.463,7245
3.463,7244
3.463,7243
3.463,7242
3.463,7241
3.463,7240
3.463,7239
3.463,7238
3.463,7237
3.463,7236
3.463,7235
3.463,7234
3.463,7233
3.463,7232
3.463,7231
3.463,7230
3.463,7229
3.463,7228
3.463,7227
3.463,7226
3.463,7225
3.463,7224
3.463,7223
3.463,7222
3.463,7221
3.463,7220
3.463,7219
3.463,7218
3.463,7217
3.463,7216
3.463,7215
3.463,7214
3.463,7213
3.463,7212
3.463,7211
3.463,7210
3.463,7209
3.463,7208
3.463,7207
3.463,7206
3.463,7205
3.463,7204
3.463,7203
3.463,7202
3.463,7201
3.463,7200
3.463,7199
3.463,7198
3.463,7197
3.463,7196
3.463,7195
3.463,7194
3.463,7193
3.463,7192
3.463,7191
3.463,7190
3.463,7189
3.463,7188
3.463,7187
3.463,7186
3.463,7185
3.463,7184
3.463,7183
3.463,7182
3.463,7181
3.463,7180
3.463,7179
3.463,7178
3.463,7177
3.463,7176
3.463,7175
3.463,7174
3.463,7173
3.463,7172
3.463,7171
3.463,7170
3.463,7169
3.463,7168
3.463,7167
3.463,7166
3.463,7165
3.463,7164
3.463,7163
3.463,7162
3.463,7161
3.463,7160
3.463,7159
3.463,7158
3.463,7157
3.463,7156
3.463,7155
3.463,7154
3.463,7153
3.463,7152
3.463,7151
3.463,7150
3.463,7149
3.463,7148
3.463,7147
3.463,7146
3.463,7145
3.463,7144
3.463,7143
3.463,7142
3.463,7141
3.463,7140
3.463,7139
3.463,7138
3.463,7137
3.463,7136
3.463,7135
3.463,7134
3.463,7133
3.463,7132
3.463,7131
3.463,7130
3.479,7129
3.479,7128
3.480,7127
3.480,7126
3.481,7125
3.481,7124
3.481,7123
3.481,7122
3.481,7121
3.481,7120
3.481,7119
3.481,7118
3.482,7117
3.482,7116
3.482,7115
3.482,7114
3.483,7113
3.483,7112
3.483,7111
3.483,7110
3.483,7109
3.483,7108
3.484,7107
3.484,7106
3.484,7105
3.484,7104
3.484,7103
3.484,7102
3.484,7101
3.484,7100
3.484,7099
3.484,7098
3.484,7097
3.484,7096
3.484,7095
3.484,7094
3.484,7093
3.484,7092
3.484,7091
3.484,7090
3.484,7089
3.484,7088
3.484,7087
3.484,7086
3.484,7085
3.484,7084
3.484,7083
3.484,7082
3.484,7081
3.484,7080
3.484,7079
3.484,7078
3.484,7077
3.484,7076
3.484,7075
3.484,7074
3.484,7073
3.484,7072
3.484,7071
3.484,7070
3.484,7069
3.484,7068
3.484,7067
3.484,7066
3.484,7065
3.484,7064
3.484,7063
3.484,7062
3.484,7061
3.484,7060
3.484,7059
3.484,7058
3.484,7057
3.484,7056
3.484,7055
3.484,7054
3.484,7053
3.484,7052
3.484,7051
3.484,7050
3.484,7049
3.484,7048
3.484,7047
3.484,7046
3.484,7045
3.484,7044
3.484,7043
3.484,7042
3.484,7041
3.484,7040
3.484,7039
3.484,7038
3.484,7037
3.484,7036
3.484,7035
3.484,7034
3.484,7033
3.484,7032
3.484,7031
3.484,7030
3.484,7029
3.484,7028
3.484,7027
3.484,7026
3.484,7025
3.484,7024
3.484,7023
3.484,7022
3.484,7021
3.484,7020
3.484,7019
3.484,7018
3.484,7017
3.484,7016
3.484,7015
3.484,7014
3.484,7013
3.484,7012
3.484,7011
3.484,7010
3.484,7009
3.484,7008
3.484,7007
3.484,7006
3.484,7005
3.484,7004
3.484,7003
3.499,7002
3.499,7001
3.500,7000
3.500,6999
3.500,6998
3.500,6997
3.500,6996
3.500,6995
3.500,6994
3.500,6993
3.500,6992
3.500,6991
3.501,6990
3.501,6989
3.501,6988
3.501,6987
3.501,6986
3.502,6985
3.502,6984
3.502,6983
3.503,6982
3.503,6981
3.503,6980
3.503,6979
3.503,6978
3.503,6977
3.504,6976
3.504,6975
3.504,6974
3.504,6973
3.504,6972
3.504,6971
3.504,6970
3.504,6969
3.505,6968
3.505,6967
3.505,6966
3.505,6965
3.505,6964
3.505,6963
3.506,6962
3.506,6961
3.506,6960
3.506,6959
3.506,6958
3.507,6957
3.507,6956
3.507,6955
3.507,6954
3.507,6953
3.507,6952
3.507,6951
3.508,6950
3.508,6949
3.508,6948
3.508,6947
3.508,6946
3.508,6945
3.508,6944
3.509,6943
3.509,6942
3.509,6941
3.509,6940
3.509,6939
3.509,6938
3.509,6937
3.509,6936
3.509,6935
3.509,6934
3.509,6933
3.510,6932
3.510,6931
3.510,6930
3.510,6929
3.510,6928
3.510,6927
3.510,6926
3.510,6925
3.511,6924
3.511,6923
3.511,6922
3.511,6921
3.511,6920
3.511,6919
3.511,6918
3.511,6917
3.512,6916
3.512,6915
3.512,6914
3.512,6913
3.512,6912
3.512,6911
3.512,6910
3.513,6909
3.513,6908
3.513,6907
3.513,6906
3.513,6905
3.513,6904
3.513,6903
3.513,6902
3.513,6901
3.514,6900
3.514,6899
3.514,6898
3.514,6897
3.514,6896
3.514,6895
3.514,6894
3.514,6893
3.514,6892
3.514,6891
3.514,6890
3.515,6889
3.515,6888
3.515,6887
3.515,6886
3.515,6885
3.516,6884
3.516,6883
3.516,6882
3.516,6881
3.516,6880
3.516,6879
3.516,6878
3.516,6877
3.516,6876
3.516,6875
3.516,6874
3.517,6873
3.517,6872
3.517,6871
3.517,6870
3.517,6869
3.517,6868
3.517,6867
3.517,6866
3.518,6865
3.518,6864
3.518,6863
3.518,6862
3.518,6861
3.519,6860
3.519,6859
3.519,6858
3.519,6857
3.519,6856
3.519,6855
3.520,6854
3.520,6853
3.520,6852
3.520,6851
3.520,6850
3.521,6849
3.521,6848
3.521,6847
3.521,6846
3.522,6845
3.522,6844
3.522,6843
3.522,6842
3.522,6841
3.522,6840
3.522,6839
3.522,6838
3.523,6837
3.523,6836
3.523,6835
3.523,6834
3.523,6833
3.523,6832
3.524,6831
3.524,6830
3.524,6829
3.524,6828
3.524,6827
3.524,6826
3.524,6825
3.524,6824
3.524,6823
3.524,6822
3.524,6821
3.524,6820
3.524,6819
3.524,6818
3.524,6817
3.524,6816
3.524,6815
3.524,6814
3.524,6813
3.524,6812
3.524,6811
3.524,6810
3.524,6809
3.524,6808
3.524,6807
3.524,6806
3.524,6805
3.524,6804
3.524,6803
3.524,6802
3.524,6801
3.524,6800
3.524,6799
3.524,6798
3.524,6797
3.524,6796
3.524,6795
3.530,6794
3.530,6793
3.530,6792
3.530,6791
3.530,6790
3.530,6789
3.530,6788
3.531,6787
3.531,6786
3.531,6785
3.531,6784
3.531,6783
3.532,6782
3.532,6781
3.532,6780
3.532,6779
3.532,6778
3.532,6777
3.532,6776
3.532,6775
3.532,6774
3.533,6773
3.533,6772
3.533,6771
3.533,6770
3.533,6769
3.533,6768
3.534,6767
3.534,6766
3.534,6765
3.534,6764
3.534,6763
3.535,6762
3.535,6761
3.535,6760
3.535,6759
3.535,6758
3.535,6757
3.535,6756
3.536,6755
3.536,6754
3.536,6753
3.536,6752
3.536,6751
3.536,6750
3.536,6749
3.537,6748
3.537,6747
3.537,6746
3.537,6745
3.538,6744
3.538,6743
3.538,6742
3.538,6741
3.538,6740
3.538,6739
3.539,6738
3.539,6737
3.539,6736
3.539,6735
3.539,6734
3.539,6733
3.539,6732
3.539,6731
3.540,6730
3.540,6729
3.540,6728
3.540,6727
3.540,6726
3.540,6725
3.540,6724
3.541,6723
3.541,6722
3.541,6721
3.541,6720
3.541,6719
3.541,6718
3.542,6717
3.542,6716
3.542,6715
3.542,6714
3.542,6713
3.542,6712
3.542,6711
3.543,6710
3.543,6709
3.543,6708
3.544,6707
3.544,6706
3.544,6705
3.544,6704
3.544,6703
3.544,6702
3.544,6701
3.544,6700
3.544,6699
3.544,6698
3.544,6697
3.545,6696
3.545,6695
3.545,6694
3.545,6693
3.546,6692
3.546,6691
3.546,6690
3.546,6689
3.546,6688
3.546,6687
3.546,6686
3.547,6685
3.547,6684
3.547,6683
3.547,6682
3.547,6681
3.547,6680
3.548,6679
3.548,6678
3.548,6677
3.548,6676
3.548,6675
3.549,6674
3.549,6673
3.549,6672
3.549,6671
3.550,6670
3.550,6669
3.550,6668
3.550,6667
3.550,6666
3.551,6665
3.551,6664
3.551,6663
3.551,6662
3.552,6661
3.552,6660
3.552,6659
3.552,6658
3.553,6657
3.553,6656
3.553,6655
3.553,6654
3.553,6653
3.553,6652
3.553,6651
3.554,6650
3.554,6649
3.554,6648
3.554,6647
3.554,6646
3.554,6645
3.554,6644
3.554,6643
3.554,6642
3.554,6641
3.554,6640
3.554,6639
3.555,6638
3.555,6637
3.555,6636
3.556,6635
3.556,6634
3.556,6633
3.556,6632
3.556,6631
3.556,6630
3.557,6629
3.557,6628
3.557,6627
3.557,6626
3.557,6625
3.557,6624
3.557,6623
3.557,6622
3.557,6621
3.558,6620
3.558,6619
3.558,6618
3.558,6617
3.558,6616
3.558,6615
3.558,6614
3.559,6613
3.559,6612
3.559,6611
3.559,6610
3.559,6609
3.559,6608
3.560,6607
3.560,6606
3.560,6605
3.560,6604
3.560,6603
3.561,6602
3.561,6601
3.561,6600
3.561,6599
3.561,6598
3.561,6597
3.561,6596
3.561,6595
3.561,6594
3.562,6593
3.562,6592
3.562,6591
3.562,6590
3.562,6589
3.562,6588
3.562,6587
3.563,6586
3.563,6585
3.563,6584
3.563,6583
3.563,6582
3.563,6581
3.563,6580
3.563,6579
3.564,6578
3.564,6577
3.564,6576
3.564,6575
3.564,6574
3.564,6573
3.564,6572
3.564,6571
3.564,6570
3.565,6569
3.565,6568
3.565,6567
3.565,6566
3.565,6565
3.566,6564
3.566,6563
3.566,6562
3.567,6561
3.567,6560
3.567,6559
3.567,6558
3.567,6557
3.567,6556
3.567,6555
3.568,6554
3.568,6553
3.568,6552
3.568,6551
3.569,6550
3.569,6549
3.569,6548
3.569,6547
3.569,6546
3.570,6545
3.570,6544
3.570,6543
3.570,6542
3.570,6541
3.571,6540
3.571,6539
3.571,6538
3.571,6537
3.571,6536
3.572,6535
3.572,6534
3.572,6533
3.573,6532
3.573,6531
3.573,6530
3.573,6529
3.573,6528
3.574,6527
3.574,6526
3.574,6525
3.574,6524
3.574,6523
3.574,6522
3.574,6521
3.575,6520
3.575,6519
3.575,6518
3.575,6517
3.575,6516
3.576,6515
3.576,6514
3.576,6513
3.576,6512
3.577,6511
3.577,6510
3.577,6509
3.577,6508
3.577,6507
3.577,6506
3.578,6505
3.578,6504
3.579,6503
3.579,6502
3.579,6501
3.579,6500
3.579,6499
3.580,6498
3.580,6497
3.580,6496
3.580,6495
3.580,6494
3.581,6493
3.581,6492
3.582,6491
3.582,6490
3.582,6489
3.582,6488
3.582,6487
3.582,6486
3.583,6485
3.583,6484
3.583,6483
3.583,6482
3.583,6481
3.584,6480
3.584,6479
3.584,6478
3.584,6477
3.584,6476
3.584,6475
3.585,6474
3.585,6473
3.585,6472
3.585,6471
3.585,6470
3.585,6469
3.585,6468
3.586,6467
3.586,6466
3.587,6465
3.587,6464
3.587,6463
3.587,6462
3.588,6461
3.588,6460
3.588,6459
3.588,6458
3.588,6457
3.588,6456
3.588,6455
3.589,6454
3.589,6453
3.589,6452
3.589,6451
3.590,6450
3.590,6449
3.590,6448
3.590,6447
3.591,6446
3.591,6445
3.591,6444
3.591,6443
3.591,6442
3.592,6441
3.592,6440
3.592,6439
3.592,6438
3.592,6437
3.592,6436
3.592,6435
3.592,6434
3.592,6433
3.593,6432
3.593,6431
3.593,6430
3.593,6429
3.593,6428
3.593,6427
3.593,6426
3.594,6425
3.594,6424
3.594,6423
3.594,6422
3.595,6421
3.595,6420
3.595,6419
3.595,6418
3.595,6417
3.595,6416
3.595,6415
3.595,6414
3.595,6413
3.595,6412
3.595,6411
3.595,6410
3.595,6409
3.596,6408
3.596,6407
3.596,6406
3.596,6405
3.597,6404
3.597,6403
3.597,6402
3.597,6401
3.597,6400
3.597,6399
3.598,6398
3.598,6397
3.598,6396
3.598,6395
3.598,6394
3.598,6393
3.599,6392
3.599,6391
3.599,6390
3.599,6389
3.599,6388
3.600,6387
3.600,6386
3.600,6385
3.600,6384
3.600,6383
3.600,6382
3.600,6381
3.601,6380
3.601,6379
3.601,6378
3.601,6377
3.602,6376
3.602,6375
3.602,6374
3.602,6373
3.603,6372
3.603,6371
3.603,6370
3.604,6369
3.604,6368
3.605,6367
3.606,6366
3.606,6365
3.606,6364
3.607,6363
3.607,6362
3.607,6361
3.607,6360
3.608,6359
3.608,6358
3.608,6357
3.609,6356
3.609,6355
3.609,6354
3.611,6353
3.611,6352
3.611,6351
3.611,6350
3.611,6349
3.612,6348
3.612,6347
3.612,6346
3.612,6345
3.612,6344
3.612,6343
3.613,6342
3.613,6341
3.613,6340
3.613,6339
3.614,6338
3.614,6337
3.614,6336
3.614,6335
3.614,6334
3.614,6333
3.615,6332
3.615,6331
3.615,6330
3.615,6329
3.615,6328
3.616,6327
3.616,6326
3.616,6325
3.616,6324
3.617,6323
3.617,6322
3.617,6321
3.617,6320
3.617,6319
3.618,6318
3.618,6317
3.618,6316
3.618,6315
3.618,6314
3.619,6313
3.619,6312
3.619,6311
3.619,6310
3.619,6309
3.620,6308
3.620,6307
3.620,6306
3.620,6305
3.621,6304
3.621,6303
3.621,6302
3.621,6301
3.622,6300
3.622,6299
3.622,6298
3.623,6297
3.623,6296
3.623,6295
3.623,6294
3.623,6293
3.623,6292
3.624,6291
3.624,6290
3.624,6289
3.625,6288
3.625,6287
3.625,6286
3.625,6285
3.626,6284
3.626,6283
3.626,6282
3.626,6281
3.626,6280
3.627,6279
3.627,6278
3.627,6277
3.628,6276
3.628,6275
3.629,6274
3.629,6273
3.629,6272
3.629,6271
3.629,6270
3.629,6269
3.629,6268
3.630,6267
3.630,6266
3.630,6265
3.630,6264
3.631,6263
3.631,6262
3.631,6261
3.631,6260
3.631,6259
3.631,6258
3.632,6257
3.632,6256
3.632,6255
3.632,6254
3.632,6253
3.632,6252
3.633,6251
3.633,6250
3.634,6249
3.634,6248
3.634,6247
3.634,6246
3.634,6245
3.635,6244
3.635,6243
3.635,6242
3.635,6241
3.635,6240
3.635,6239
3.636,6238
3.636,6237
3.636,6236
3.636,6235
3.636,6234
3.636,6233
3.637,6232
3.638,6231
3.638,6230
3.639,6229
3.639,6228
3.640,6227
3.640,6226
3.640,6225
3.641,6224
3.641,6223
3.641,6222
3.641,6221
3.641,6220
3.641,6219
3.642,6218
3.642,6217
3.642,6216
3.643,6215
3.643,6214
3.643,6213
3.644,6212
3.644,6211
3.644,6210
3.644,6209
3.645,6208
3.645,6207
3.645,6206
3.645,6205
3.646,6204
3.646,6203
3.646,6202
3.646,6201
3.646,6200
3.646,6199
3.646,6198
3.646,6197
3.646,6196
3.647,6195
3.647,6194
3.647,6194
3.647,6193
3.647,6192
3.648,6191
3.648,6190
3.648,6189
3.648,6188
3.648,6187
3.649,6186
3.649,6185
3.649,6184
3.649,6183
3.649,6182
3.650,6181
3.650,6180
3.650,6179
3.650,6178
3.651,6177
3.651,6176
3.651,6175
3.651,6174
3.651,6173
3.652,6172
3.652,6171
3.652,6170
3.652,6169
3.653,6168
3.653,6167
3.654,6166
3.654,6165
3.654,6164
3.654,6163
3.654,6162
3.654,6161
3.655,6160
3.655,6159
3.655,6158
3.655,6157
3.655,6156
3.655,6155
3.655,6154
3.656,6153
3.656,6152
3.656,6151
3.656,6150
3.656,6149
3.656,6148
3.657,6147
3.657,6146
3.658,6145
3.658,6144
3.658,6143
3.659,6142
3.659,6141
3.659,6140
3.659,6139
3.659,6138
3.660,6137
3.660,6136
3.660,6135
3.660,6134
3.660,6133
3.660,6132
3.660,6131
3.661,6130
3.661,6129
3.661,6128
3.662,6127
3.662,6126
3.662,6125
3.662,6124
3.663,6123
3.663,6122
3.663,6121
3.663,6120
3.663,6119
3.663,6118
3.664,6117
3.664,6116
3.664,6115
3.664,6114
3.665,6113
3.665,6112
3.665,6111
3.665,6110
3.665,6109
3.666,6108
3.667,6107
3.668,6106
3.668,6105
3.669,6104
3.669,6103
3.669,6102
3.669,6101
3.670,6100
3.670,6099
3.670,6098
3.670,6097
3.671,6096
3.671,6095
3.671,6094
3.671,6093
3.671,6092
3.672,6091
3.672,6090
3.672,6089
3.672,6088
3.673,6087
3.673,6086
3.673,6085
3.673,6084
3.673,6083
3.674,6082
3.674,6081
3.674,6080
3.674,6079
3.674,6078
3.674,6077
3.675,6076
3.675,6075
3.675,6074
3.676,6073
3.676,6072
3.676,6071
3.676,6070
3.677,6069
3.677,6068
3.677,6067
3.677,6066
3.677,6065
3.677,6064
3.677,6063
3.678,6062
3.678,6061
3.678,6060
3.678,6059
3.679,6058
3.679,6057
3.679,6056
3.680,6055
3.680,6054
3.680,6053
3.680,6052
3.680,6051
3.680,6050
3.680,6049
3.681,6048
3.681,6047
3.681,6046
3.682,6045
3.682,6044
3.682,6043
3.682,6042
3.682,6041
3.683,6040
3.683,6039
3.683,6038
3.684,6037
3.685,6036
3.685,6035
3.685,6034
3.685,6033
3.686,6032
3.686,6031
3.686,6030
3.687,6029
3.687,6028
3.687,6027
3.687,6026
3.687,6025
3.687,6024
3.687,6023
3.687,6022
3.688,6021
3.691,6020
3.692,6019
3.693,6018
3.693,6017
3.693,6016
3.693,6015
3.693,6014
3.693,6013
3.694,6012
3.694,6011
3.694,6010
3.695,6009
3.695,6008
3.695,6007
3.696,6006
3.696,6005
3.697,6004
3.697,6003
3.697,6002
3.697,6001
3.697,6000
3.697,5999
3.697,5998
3.698,5997
3.699,5996
3.699,5995
3.699,5994
3.699,5993
3.699,5992
3.699,5991
3.700,5990
3.700,5989
3.701,5988
3.701,5987
3.701,5986
3.701,5985
3.701,5984
3.701,5983
3.702,5982
3.703,5981
3.703,5980
3.703,5979
3.703,5978
3.703,5977
3.704,5976
3.704,5975
3.706,5974
3.706,5973
3.706,5972
3.706,5971
3.706,5970
3.706,5969
3.707,5968
3.707,5967
3.707,5966
3.708,5965
3.709,5964
3.709,5963
3.709,5962
3.709,5961
3.709,5960
3.709,5959
3.709,5958
3.710,5957
3.710,5956
3.710,5955
3.711,5954
3.711,5953
3.711,5952
3.711,5951
3.712,5950
3.712,5949
3.712,5948
3.712,5947
3.712,5946
3.712,5945
3.713,5944
3.714,5943
3.714,5942
3.714,5941
3.714,5940
3.714,5939
3.714,5938
3.714,5937
3.714,5936
3.716,5935
3.716,5934
3.716,5933
3.717,5932
3.717,5931
3.717,5930
3.718,5929
3.718,5928
3.718,5927
3.718,5926
3.719,5925
3.719,5924
3.719,5923
3.719,5922
3.719,5921
3.719,5920
3.719,5919
3.720,5918
3.720,5917
3.721,5916
3.721,5915
3.722,5914
3.722,5913
3.723,5912
3.723,5911
3.723,5910
3.723,5909
3.724,5908
3.725,5907
3.726,5906
3.726,5905
3.727,5904
3.727,5903
3.727,5902
3.728,5901
3.728,5900
3.728,5899
3.728,5898
3.728,5897
3.728,5896
3.729,5895
3.729,5894
3.729,5893
3.730,5892
3.730,5891
3.730,5890
3.731,5889
3.731,5888
3.731,5887
3.732,5886
3.732,5885
3.732,5884
3.732,5883
3.732,5882
3.732,5881
3.733,5880
3.733,5879
3.733,5878
3.733,5877
3.734,5876
3.734,5875
3.734,5874
3.734,5873
3.735,5872
3.735,5871
3.736,5870
3.736,5869
3.736,5868
3.736,5867
3.737,5866
3.737,5865
3.738,5864
3.738,5863
3.738,5862
3.738,5861
3.738,5860
3.738,5859
3.738,5858
3.738,5857
3.738,5856
3.738,5855
3.738,5854
3.738,5853
3.738,5852
3.738,5851
3.738,5850
3.738,5849
3.738,5848
3.738,5847
3.738,5846
3.738,5845
3.738,5844
3.738,5843
3.738,5842
3.738,5841
3.738,5840
3.738,5839
3.738,5838
3.738,5837
3.738,5836
3.738,5835
3.738,5834
3.738,5833
3.738,5832
3.738,5831
3.738,5830
3.738,5829
3.738,5828
3.738,5827
3.738,5826
3.738,5825
3.738,5824
3.754,5823
3.754,5822
3.754,5821
3.754,5820
3.754,5819
3.755,5818
3.755,5817
3.755,5816
3.755,5815
3.756,5814
3.756,5813
3.756,5812
3.757,5811
3.758,5810
3.758,5809
3.758,5808
3.758,5807
3.758,5806
3.758,5805
3.758,5804
3.758,5803
3.758,5802
3.758,5801
3.758,5800
3.758,5799
3.758,5798
3.758,5797
3.758,5796
3.758,5795
3.758,5794
3.758,5793
3.758,5792
3.758,5791
3.758,5790
3.758,5789
3.758,5788
3.758,5787
3.758,5786
3.758,5785
3.758,5784
3.758,5783
3.758,5782
3.758,5781
3.758,5780
3.758,5779
3.758,5778
3.758,5777
3.758,5776
3.758,5775
3.758,5774
3.758,5773
3.758,5772
3.758,5771
3.758,5770
3.758,5769
3.758,5768
3.758,5767
3.758,5766
3.758,5765
3.758,5764
3.758,5763
3.758,5762
3.758,5761
3.758,5760
3.758,5759
3.774,5758
3.774,5757
3.774,5756
3.774,5755
3.777,5754
3.777,5753
3.777,5752
3.778,5751
3.778,5750
3.778,5749
3.778,5748
3.778,5747
3.778,5746
3.778,5745
3.778,5744
3.778,5743
3.778,5742
3.778,5741
3.778,5740
3.778,5739
3.778,5738
3.778,5737
3.778,5736
3.778,5735
3.778,5734
3.778,5733
3.778,5732
3.778,5731
3.778,5730
3.778,5729
3.778,5728
3.778,5727
3.778,5726
3.778,5725
3.778,5724
3.778,5723
3.778,5722
3.778,5721
3.778,5720
3.778,5719
3.778,5718
3.778,5717
3.778,5716
3.778,5715
3.778,5714
3.778,5713
3.778,5712
3.778,5711
3.778,5710
3.778,5709
3.778,5708
3.778,5707
3.795,5706
3.795,5705
3.796,5704
3.796,5703
3.796,5702
3.796,5701
3.797,5700
3.797,5699
3.798,5698
3.798,5697
3.798,5696
3.799,5695
3.799,5694
3.799,5693
3.799,5692
3.799,5691
3.799,5690
3.799,5689
3.799,5688
3.799,5687
3.799,5686
3.799,5685
3.799,5684
3.799,5683
3.799,5682
3.799,5681
3.799,5680
3.799,5679
3.799,5678
3.799,5677
3.799,5676
3.799,5675
3.799,5674
3.799,5673
3.799,5672
3.799,5671
3.799,5670
3.799,5669
3.799,5668
3.799,5667
3.799,5666
3.799,5665
3.799,5664
3.799,5663
3.799,5662
3.799,5661
3.799,5660
3.799,5659
3.799,5658
3.799,5657
3.799,5656
3.799,5655
3.799,5654
3.799,5653
3.799,5652
3.814,5651
3.814,5650
3.815,5649
3.817,5648
3.817,5647
3.818,5646
3.818,5645
3.818,5644
3.819,5643
3.819,5642
3.820,5641
3.821,5640
3.821,5639
3.821,5638
3.822,5637
3.822,5636
3.822,5635
3.823,5634
3.823,5633
3.823,5632
3.824,5631
3.824,5630
3.825,5629
3.825,5628
3.825,5627
3.826,5626
3.827,5625
3.827,5624
3.827,5623
3.828,5622
3.828,5621
3.828,5620
3.828,5619
3.829,5618
3.829,5617
3.829,5616
3.829,5615
3.829,5614
3.829,5613
3.829,5612
3.829,5611
3.829,5610
3.829,5609
3.829,5608
3.829,5607
3.829,5606
3.829,5605
3.829,5604
3.829,5603
3.829,5602
3.829,5601
3.829,5600
3.829,5599
3.829,5598
3.829,5597
3.829,5596
3.829,5595
3.829,5594
3.829,5593
3.829,5592
3.829,5591
3.829,5590
3.829,5589
3.829,5588
3.829,5587
3.829,5586
3.829,5585
3.829,5584
3.829,5583
3.829,5582
3.829,5581
3.829,5580
3.829,5579
3.829,5578
3.829,5577
3.829,5576
3.829,5575
3.829,5574
3.829,5573
3.829,5572
3.844,5571
3.844,5570
3.846,5569
3.846,5568
3.846,5567
3.848,5566
3.848,5565
3.849,5564
3.849,5563
3.849,5562
3.849,5561
3.849,5560
3.849,5559
3.849,5558
3.849,5557
3.849,5556
3.849,5555
3.849,5554
3.849,5553
3.849,5552
3.849,5551
3.849,5550
3.849,5549
3.849,5548
3.849,5547
3.849,5546
3.849,5545
3.849,5544
3.849,5543
3.849,5542
3.849,5541
3.849,5540
3.865,5539
3.865,5538
3.866,5537
3.866,5536
3.867,5535
3.868,5534
3.869,5533
3.869,5532
3.869,5531
3.869,5530
3.869,5529
3.869,5528
3.869,5527
3.869,5526
3.869,5525
3.869,5524
3.869,5523
3.869,5522
3.869,5521
3.869,5520
3.869,5519
3.869,5518
3.869,5517
3.869,5516
3.869,5515
3.869,5514
3.886,5513
3.886,5512
3.886,5511
3.887,5510
3.889,5509
3.890,5508
3.890,5507
3.890,5506
3.890,5505
3.891,5504
3.891,5503
3.891,5502
3.891,5501
3.891,5500
3.891,5499
3.891,5498
3.891,5497
3.891,5496
3.891,5495
3.891,5494
3.891,5493
3.891,5492
3.891,5491
3.891,5490
3.891,5489
3.891,5488
3.891,5487
3.891,5486
3.891,5485
3.891,5484
3.891,5483
3.891,5482
3.891,5481
3.891,5480
3.891,5479
3.891,5478
3.891,5477
3.891,5476
3.891,5475
3.891,5474
3.891,5473
3.907,5472
3.908,5471
3.908,5470
3.908,5469
3.910,5468
3.911,5467
3.911,5466
3.911,5465
3.912,5464
3.913,5463
3.913,5462
3.914,5461
3.914,5460
3.914,5459
3.914,5458
3.914,5457
3.915,5456
3.916,5455
3.918,5454
3.919,5453
3.920,5452
3.920,5451
3.920,5450
3.920,5449
3.921,5448
3.921,5447
3.922,5446
3.922,5445
3.923,5444
3.926,5443
3.927,5442
3.928,5441
3.928,5440
3.928,5439
3.929,5438
3.929,5437
3.930,5436
3.930,5435
3.930,5434
3.930,5433
3.930,5432
3.930,5431
3.930,5430
3.930,5429
3.930,5428
3.930,5427
3.930,5426
3.930,5425
3.930,5424
3.930,5423
3.930,5422
3.930,5421
3.930,5420
3.930,5419
3.930,5418
3.930,5417
3.930,5416
3.930,5415
3.930,5414
3.930,5413
3.930,5412
3.930,5411
3.930,5410
3.930,5409
3.930,5408
3.930,5407
3.930,5406
3.930,5405
3.930,5404
3.930,5403
3.930,5402
3.930,5401
3.930,5400
3.930,5399
3.930,5398
3.950,5397
3.950,5396
3.951,5395
3.951,5394
3.955,5393
3.955,5392
3.956,5391
3.956,5390
3.956,5389
3.957,5388
3.958,5387
3.958,5386
3.959,5385
3.959,5384
3.959,5383
3.959,5382
3.960,5381
3.960,5380
3.961,5379
3.962,5378
3.963,5377
3.964,5376
3.964,5375
3.965,5374
3.968,5373
3.970,5372
3.970,5371
3.971,5370
3.971,5369
3.972,5368
3.972,5367
3.974,5366
3.975,5365
3.976,5364
3.977,5363
3.977,5362
3.977,5361
3.978,5360
3.978,5359
3.979,5358
3.979,5357
3.980,5356
3.981,5355
3.982,5354
3.982,5353
3.983,5352
3.983,5351
3.983,5350
3.985,5349
3.985,5348
3.985,5347
3.986,5346
3.989,5345
3.991,5344
3.991,5343
3.991,5342
3.991,5341
3.991,5340
3.991,5339
3.991,5338
3.991,5337
3.991,5336
3.991,5335
3.991,5334
3.991,5333
3.991,5332
3.991,5331
3.991,5330
3.991,5329
3.991,5328
4.010,5327
4.011,5326
4.011,5325
4.011,5324
4.012,5323
4.013,5322
4.014,5321
4.016,5320
4.017,5319
4.017,5318
4.017,5317
4.018,5316
4.019,5315
4.019,5314
4.020,5313
4.020,5312
4.022,5311
4.022,5310
4.022,5309
4.022,5308
4.022,5307
4.022,5306
4.022,5305
4.022,5304
4.022,5303
4.022,5302
4.022,5301
4.022,5300
4.022,5299
4.022,5298
4.022,5297
4.038,5296
4.041,5295
4.043,5294
4.043,5293
4.043,5292
4.043,5291
4.043,5290
4.043,5289
4.043,5288
4.043,5287
4.061,5286
4.061,5285
4.063,5284
4.063,5283
4.063,5282
4.063,5281
4.063,5280
4.063,5279
4.063,5278
4.063,5277
4.063,5276
4.063,5275
4.063,5274
4.063,5273
4.063,5272
4.063,5271
4.063,5270
4.079,5269
4.080,5268
4.080,5267
4.081,5266
4.081,5265
4.082,5264
4.086,5263
4.089,5262
4.090,5261
4.091,5260
4.092,5259
4.093,5258
4.093,5257
4.093,5256
4.093,5255
4.093,5254
4.093,5253
4.093,5252
4.093,5251
4.093,5250
4.093,5249
4.110,5248
4.112,5247
4.112,5246
4.113,5245
4.115,5244
4.119,5243
4.120,5242
4.122,5241
4.122,5240
4.123,5239
4.127,5238
4.127,5237
4.129,5236
4.130,5235
4.138,5234
4.139,5233
4.142,5232
4.144,5231
4.144,5230
4.144,5229
4.144,5228
4.144,5227
4.144,5226
4.160,5225
4.162,5224
4.164,5223
4.164,5222
4.164,5221
4.164,5220
4.164,5219
4.164,5218
4.180,5217
4.182,5216
4.187,5215
4.195,5214
4.195,5213
4.195,5212
4.195,5211
4.211,5210
4.216,5209
4.216,5208
4.217,5207
4.218,5206
4.222,5205
4.223,5204
4.225,5203
4.225,5202
4.225,5201
4.225,5200
4.225,5199
4.225,5198
4.248,5197
4.248,5196
4.248,5195
4.256,5194
4.256,5193
4.256,5192
4.256,5191
4.275,5190
4.276,5189
4.276,5188
4.293,5187
4.295,5186
4.295,5185
4.297,5184
4.304,5183
4.306,5182
4.308,5181
4.314,5180
4.318,5179
4.318,5178
4.327,5177
4.327,5176
4.347,5175
4.347,5174
4.347,5173
4.347,5172
4.347,5171
4.364,5170
4.364,5169
4.366,5168
4.371,5167
4.380,5166
4.385,5165
4.388,5164
4.388,5163
4.390,5162
4.398,5161
4.398,5160
4.398,5159
4.398,5158
4.428,5157
4.449,5156
4.449,5155
4.449,5154
4.489,5153
4.499,5152
4.540,5151
4.543,5150
4.549,5149
4.561,5148
4.561,5147
4.561,5146
4.577,5145
4.604,5144
4.614,5143
4.632,5142
4.652,5141
4.652,5140
4.672,5139
4.693,5138
4.693,5137
4.723,5136
4.814,5135
5.109,5134
5.170,5133
5.682,5132
