3.901,8353
3.901,8352
3.901,8351
3.901,8350
3.901,8349
3.901,8348
3.901,8347
3.901,8346
3.901,8345
3.901,8344
3.917,8343
3.917,8342
3.917,8341
3.917,8340
3.917,8339
3.917,8338
3.917,8337
3.917,8336
3.918,8335
3.918,8334
3.918,8333
3.918,8332
3.918,8331
3.918,8330
3.918,8329
3.919,8328
3.919,8327
3.919,8326
3.919,8325
3.919,8324
3.919,8323
3.919,8322
3.920,8321
3.920,8320
3.920,8319
3.920,8318
3.920,8317
3.920,8316
3.920,8315
3.920,8314
3.921,8313
3.921,8312
3.921,8311
3.921,8310
3.921,8309
3.921,8308
3.921,8307
3.921,8306
3.922,8305
3.922,8304
3.922,8303
3.922,8302
3.922,8301
3.922,8300
3.923,8299
3.923,8298
3.923,8297
3.923,8296
3.923,8295
3.923,8294
3.923,8293
3.923,8292
3.923,8291
3.924,8290
3.924,8289
3.924,8288
3.924,8287
3.924,8286
3.924,8285
3.924,8284
3.924,8283
3.925,8282
3.925,8281
3.925,8280
3.925,8279
3.925,8278
3.925,8277
3.925,8276
3.926,8275
3.926,8274
3.926,8273
3.926,8272
3.927,8271
3.927,8270
3.927,8269
3.927,8268
3.927,8267
3.927,8266
3.927,8265
3.928,8264
3.928,8263
3.928,8262
3.928,8261
3.928,8260
3.928,8259
3.928,8258
3.929,8257
3.929,8256
3.929,8255
3.929,8254
3.929,8253
3.929,8252
3.929,8251
3.929,8250
3.929,8249
3.930,8248
3.930,8247
3.930,8246
3.930,8245
3.930,8244
3.930,8243
3.930,8242
3.930,8241
3.931,8240
3.931,8239
3.931,8238
3.931,8237
3.931,8236
3.931,8235
3.931,8234
3.932,8233
3.932,8232
3.932,8231
3.932,8230
3.932,8229
3.932,8228
3.932,8227
3.932,8226
3.932,8225
3.932,8224
3.932,8223
3.932,8222
3.932,8221
3.932,8220
3.932,8219
3.932,8218
3.932,8217
3.932,8216
3.932,8215
3.932,8214
3.932,8213
3.932,8212
3.932,8211
3.932,8210
3.932,8209
3.932,8208
3.932,8207
3.932,8206
3.932,8205
3.932,8204
3.932,8203
3.932,8202
3.932,8201
3.932,8200
3.932,8199
3.932,8198
3.932,8197
3.932,8196
3.932,8195
3.932,8194
3.932,8193
3.932,8192
3.932,8191
3.932,8190
3.932,8189
3.932,8188
3.932,8187
3.932,8186
3.932,8185
3.932,8184
3.932,8183
3.932,8182
3.932,8181
3.932,8180
3.932,8179
3.932,8178
3.932,8177
3.932,8176
3.932,8175
3.932,8174
3.932,8173
3.932,8172
3.932,8171
3.932,8170
3.932,8169
3.932,8168
3.932,8167
3.932,8166
3.932,8165
3.932,8164
3.932,8163
3.932,8162
3.932,8161
3.932,8160
3.932,8159
3.932,8158
3.932,8157
3.932,8156
3.932,8155
3.932,8154
3.932,8153
3.932,8152
3.932,8151
3.932,8150
3.932,8149
3.932,8148
3.932,8147
3.932,8146
3.932,8145
3.932,8144
3.932,8143
3.932,8142
3.932,8141
3.932,8140
3.932,8139
3.932,8138
3.932,8137
3.932,8136
3.932,8135
3.932,8134
3.932,8133
3.932,8132
3.932,8131
3.932,8130
3.932,8129
3.932,8128
3.932,8127
3.932,8126
3.932,8125
3.932,8124
3.932,8123
3.932,8122
3.932,8121
3.932,8120
3.932,8119
3.932,8118
3.932,8117
3.932,8116
3.932,8115
3.932,8114
3.932,8113
3.932,8112
3.947,8111
3.947,8110
3.947,8109
3.947,8108
3.947,8107
3.947,8106
3.948,8105
3.948,8104
3.948,8103
3.948,8102
3.948,8101
3.948,8100
3.948,8099
3.948,8098
3.948,8097
3.948,8096
3.948,8095
3.949,8094
3.949,8093
3.949,8092
3.949,8091
3.949,8090
3.949,8089
3.949,8088
3.949,8087
3.950,8086
3.950,8085
3.950,8084
3.950,8083
3.950,8082
3.950,8081
3.950,8080
3.950,8079
3.950,8078
3.950,8077
3.950,8076
3.951,8075
3.951,8074
3.951,8073
3.951,8072
3.951,8071
3.951,8070
3.951,8069
3.951,8068
3.951,8067
3.951,8066
3.951,8065
3.952,8064
3.952,8063
3.952,8062
3.952,8061
3.952,8060
3.952,8059
3.952,8058
3.952,8057
3.952,8056
3.952,8055
3.953,8054
3.953,8053
3.953,8052
3.953,8051
3.953,8050
3.953,8049
3.953,8048
3.953,8047
3.953,8046
3.954,8045
3.954,8044
3.954,8043
3.954,8042
3.954,8041
3.954,8040
3.954,8039
3.954,8038
3.955,8037
3.955,8036
3.955,8035
3.955,8034
3.955,8033
3.955,8032
3.955,8031
3.955,8030
3.955,8029
3.955,8028
3.956,8027
3.956,8026
3.956,8025
3.956,8024
3.956,8023
3.956,8022
3.956,8021
3.956,8020
3.956,8019
3.957,8018
3.957,8017
3.957,8016
3.957,8015
3.957,8014
3.957,8013
3.958,8012
3.958,8011
3.958,8010
3.958,8009
3.958,8008
3.958,8007
3.958,8006
3.958,8005
3.958,8004
3.958,8003
3.959,8003
3.959,8002
3.959,8001
3.959,8000
3.959,7999
3.959,7998
3.959,7997
3.959,7996
3.959,7995
3.959,7994
3.959,7993
3.959,7992
3.960,7991
3.960,7990
3.960,7989
3.960,7988
3.960,7987
3.960,7986
3.960,7985
3.960,7984
3.960,7983
3.960,7982
3.961,7981
3.961,7980
3.961,7979
3.961,7978
3.961,7977
3.961,7976
3.961,7975
3.961,7974
3.961,7973
3.962,7972
3.962,7971
3.962,7970
3.962,7969
3.962,7968
3.962,7967
3.962,7966
3.962,7965
3.962,7964
3.962,7963
3.962,7962
3.962,7961
3.962,7960
3.962,7959
3.962,7958
3.962,7957
3.962,7956
3.962,7955
3.962,7954
3.962,7953
3.962,7952
3.962,7951
3.962,7950
3.962,7949
3.962,7948
3.962,7947
3.962,7946
3.962,7945
3.962,7944
3.962,7943
3.962,7942
3.962,7941
3.962,7940
3.962,7939
3.962,7938
3.962,7937
3.962,7936
3.962,7935
3.962,7934
3.962,7933
3.962,7932
3.962,7931
3.962,7930
3.962,7929
3.962,7928
3.962,7927
3.962,7926
3.962,7925
3.962,7924
3.962,7923
3.962,7922
3.962,7921
3.962,7920
3.962,7919
3.962,7918
3.962,7917
3.962,7916
3.962,7915
3.962,7914
3.962,7913
3.962,7912
3.962,7911
3.962,7910
3.962,7909
3.962,7908
3.962,7907
3.962,7906
3.962,7905
3.962,7904
3.962,7903
3.962,7902
3.962,7901
3.962,7900
3.962,7899
3.962,7898
3.962,7897
3.962,7896
3.962,7895
3.962,7894
3.962,7893
3.962,7892
3.962,7891
3.962,7890
3.962,7889
3.962,7888
3.962,7887
3.962,7886
3.962,7885
3.962,7884
3.962,7883
3.962,7882
3.962,7881
3.962,7880
3.962,7879
3.962,7878
3.962,7877
3.962,7876
3.962,7875
3.962,7874
3.962,7873
3.962,7872
3.962,7871
3.962,7870
3.962,7869
3.962,7868
3.962,7867
3.962,7866
3.962,7865
3.962,7864
3.962,7863
3.962,7862
3.962,7861
3.962,7860
3.962,7859
3.962,7858
3.962,7857
3.962,7856
3.962,7855
3.962,7854
3.962,7853
3.962,7852
3.962,7851
3.962,7850
3.962,7849
3.962,7848
3.962,7847
3.962,7846
3.962,7845
3.962,7844
3.962,7843
3.962,7842
3.962,7841
3.962,7840
3.962,7839
3.962,7838
3.962,7837
3.962,7836
3.962,7835
3.962,7834
3.962,7833
3.962,7832
3.962,7831
3.962,7830
3.962,7829
3.962,7828
3.962,7827
3.962,7826
3.962,7825
3.962,7824
3.962,7823
3.962,7822
3.962,7821
3.962,7820
3.962,7819
3.962,7818
3.962,7817
3.962,7816
3.962,7815
3.962,7814
3.962,7813
3.962,7812
3.962,7811
3.962,7810
3.977,7809
3.977,7808
3.977,7807
3.978,7806
3.978,7805
3.978,7804
3.978,7803
3.978,7802
3.978,7801
3.978,7800
3.979,7799
3.979,7798
3.979,7797
3.979,7796
3.979,7795
3.979,7794
3.979,7793
3.979,7792
3.979,7791
3.979,7790
3.979,7789
3.979,7788
3.979,7787
3.980,7786
3.980,7785
3.980,7784
3.980,7783
3.980,7782
3.980,7781
3.980,7780
3.980,7779
3.980,7778
3.980,7777
3.980,7776
3.981,7775
3.981,7774
3.981,7773
3.981,7772
3.981,7771
3.981,7770
3.981,7769
3.981,7768
3.981,7767
3.982,7766
3.982,7765
3.982,7764
3.982,7763
3.982,7762
3.982,7761
3.982,7760
3.982,7759
3.982,7758
3.982,7757
3.983,7756
3.983,7755
3.983,7754
3.983,7753
3.983,7752
3.983,7751
3.983,7750
3.983,7749
3.983,7748
3.983,7747
3.983,7746
3.983,7745
3.983,7744
3.983,7743
3.983,7742
3.983,7741
3.983,7740
3.983,7739
3.983,7738
3.983,7737
3.983,7736
3.983,7735
3.983,7734
3.983,7733
3.983,7732
3.983,7731
3.983,7730
3.983,7729
3.983,7728
3.983,7727
3.983,7726
3.983,7725
3.983,7724
3.983,7723
3.983,7722
3.983,7721
3.983,7720
3.983,7719
3.983,7718
3.983,7717
3.983,7716
3.983,7715
3.983,7714
3.983,7713
3.983,7712
3.983,7711
3.983,7710
3.983,7709
3.983,7708
3.983,7707
3.983,7706
3.983,7705
3.983,7704
3.983,7703
3.983,7702
3.983,7701
3.983,7700
3.983,7699
3.983,7698
3.983,7697
3.983,7696
3.983,7695
3.983,7694
3.983,7693
3.983,7692
3.983,7691
3.983,7690
3.983,7689
3.983,7688
3.983,7687
3.983,7686
3.983,7685
3.983,7684
3.983,7683
3.983,7682
3.983,7681
3.983,7680
3.983,7679
3.983,7678
3.983,7677
3.983,7676
3.983,7675
3.983,7674
3.983,7673
3.983,7672
3.983,7671
3.983,7670
3.983,7669
3.983,7668
3.983,7667
3.983,7666
3.983,7665
3.983,7664
3.983,7663
3.983,7662
3.983,7661
3.983,7660
3.983,7659
3.983,7658
3.983,7657
3.983,7656
3.983,7655
3.983,7654
3.983,7653
3.983,7652
3.983,7651
3.983,7650
3.983,7649
3.983,7648
3.983,7647
3.983,7646
3.983,7645
3.983,7644
3.983,7643
3.983,7642
3.983,7641
3.983,7640
3.983,7639
3.983,7638
3.983,7637
3.983,7636
3.983,7635
3.983,7634
3.983,7633
3.983,7632
3.983,7631
3.983,7630
3.983,7629
3.983,7628
3.983,7627
3.983,7626
3.983,7625
3.983,7624
3.983,7623
3.983,7622
3.983,7621
3.983,7620
3.983,7619
3.983,7618
3.983,7617
3.983,7616
3.983,7615
3.983,7614
3.983,7613
3.998,7612
3.998,7611
3.998,7610
3.998,7609
3.999,7608
3.999,7607
3.999,7606
3.999,7605
3.999,7604
3.999,7603
3.999,7602
4.000,7601
4.000,7600
4.000,7599
4.000,7598
4.000,7597
4.000,7596
4.000,7595
4.000,7594
4.000,7593
4.001,7592
4.001,7591
4.001,7590
4.001,7589
4.001,7588
4.001,7587
4.002,7586
4.002,7585
4.002,7584
4.002,7583
4.002,7582
4.002,7581
4.002,7580
4.002,7579
4.002,7578
4.002,7577
4.002,7576
4.002,7575
4.002,7574
4.002,7573
4.002,7572
4.002,7571
4.002,7570
4.002,7569
4.002,7568
4.002,7567
4.002,7566
4.002,7565
4.002,7564
4.002,7563
4.002,7562
4.002,7561
4.002,7560
4.002,7559
4.002,7558
4.002,7557
4.002,7556
4.002,7555
4.002,7554
4.002,7553
4.002,7552
4.002,7551
4.002,7550
4.002,7549
4.002,7548
4.002,7547
4.002,7546
4.002,7545
4.002,7544
4.002,7543
4.002,7542
4.002,7541
4.002,7540
4.002,7539
4.002,7538
4.002,7537
4.002,7536
4.002,7535
4.002,7534
4.002,7533
4.002,7532
4.002,7531
4.002,7530
4.002,7529
4.002,7528
4.002,7527
4.002,7526
4.002,7525
4.002,7524
4.002,7523
4.002,7522
4.002,7521
4.002,7520
4.002,7519
4.002,7518
4.002,7517
4.002,7516
4.002,7515
4.002,7514
4.002,7513
4.002,7512
4.002,7511
4.002,7510
4.002,7509
4.002,7508
4.002,7507
4.002,7506
4.002,7505
4.002,7504
4.002,7503
4.002,7502
4.002,7501
4.002,7500
4.002,7499
4.002,7498
4.002,7497
4.002,7496
4.002,7495
4.002,7494
4.002,7493
4.002,7492
4.002,7491
4.002,7490
4.002,7489
4.002,7488
4.002,7487
4.002,7486
4.002,7485
4.002,7484
4.002,7483
4.002,7482
4.002,7481
4.002,7480
4.002,7479
4.018,7478
4.018,7477
4.018,7476
4.019,7475
4.019,7474
4.019,7473
4.019,7472
4.019,7471
4.019,7470
4.019,7469
4.019,7468
4.020,7467
4.020,7466
4.020,7465
4.020,7464
4.020,7463
4.020,7462
4.020,7461
4.020,7460
4.020,7459
4.020,7458
4.020,7457
4.021,7456
4.021,7455
4.021,7454
4.021,7453
4.021,7452
4.021,7451
4.021,7450
4.021,7449
4.021,7448
4.021,7447
4.021,7446
4.021,7445
4.022,7444
4.022,7443
4.022,7442
4.022,7441
4.022,7440
4.022,7439
4.022,7438
4.022,7437
4.022,7436
4.022,7435
4.022,7434
4.022,7433
4.022,7432
4.022,7431
4.022,7430
4.022,7429
4.022,7428
4.022,7427
4.022,7426
4.022,7425
4.022,7424
4.022,7423
4.022,7422
4.022,7421
4.022,7420
4.022,7419
4.022,7418
4.022,7417
4.022,7416
4.022,7415
4.022,7414
4.022,7413
4.022,7412
4.022,7411
4.022,7410
4.022,7409
4.022,7408
4.022,7407
4.022,7406
4.022,7405
4.022,7404
4.022,7403
4.022,7402
4.022,7401
4.022,7400
4.022,7399
4.022,7398
4.022,7397
4.022,7396
4.022,7395
4.022,7394
4.022,7393
4.022,7392
4.022,7391
4.022,7390
4.022,7389
4.022,7388
4.022,7387
4.022,7386
4.022,7385
4.022,7384
4.022,7383
4.022,7382
4.022,7381
4.022,7380
4.022,7379
4.022,7378
4.022,7377
4.022,7376
4.022,7375
4.022,7374
4.022,7373
4.022,7372
4.022,7371
4.022,7370
4.022,7369
4.022,7368
4.022,7367
4.022,7366
4.022,7365
4.022,7364
4.022,7363
4.022,7362
4.022,7361
4.022,7360
4.022,7359
4.022,7358
4.022,7357
4.022,7356
4.022,7355
4.022,7354
4.022,7353
4.022,7352
4.022,7351
4.022,7350
4.022,7349
4.022,7348
4.022,7347
4.022,7346
4.022,7345
4.022,7344
4.022,7343
4.022,7342
4.022,7341
4.022,7340
4.022,7339
4.022,7338
4.022,7337
4.022,7336
4.022,7335
4.022,7334
4.022,7333
4.022,7332
4.022,7331
4.022,7330
4.022,7329
4.022,7328
4.022,7327
4.022,7326
4.022,7325
4.022,7324
4.022,7323
4.022,7322
4.022,7321
4.022,7320
4.022,7319
4.022,7318
4.022,7317
4.022,7316
4.022,7315
4.022,7314
4.022,7313
4.022,7312
4.022,7311
4.022,7310
4.022,7309
4.022,7308
4.022,7307
4.022,7306
4.022,7305
4.022,7304
4.022,7303
4.022,7302
4.022,7301
4.022,7300
4.022,7299
4.022,7298
4.022,7297
4.022,7296
4.038,7295
4.039,7294
4.039,7293
4.039,7292
4.039,7291
4.039,7290
4.039,7289
4.040,7288
4.040,7287
4.040,7286
4.040,7285
4.040,7284
4.040,7283
4.040,7282
4.041,7281
4.041,7280
4.041,7279
4.041,7278
4.041,7277
4.041,7276
4.041,7275
4.041,7274
4.042,7273
4.042,7272
4.042,7271
4.042,7270
4.042,7269
4.042,7268
4.043,7267
4.043,7266
4.043,7265
4.043,7264
4.043,7263
4.043,7262
4.043,7261
4.043,7260
4.044,7259
4.044,7258
4.044,7257
4.044,7256
4.044,7255
4.045,7254
4.045,7253
4.045,7252
4.045,7251
4.045,7250
4.046,7249
4.046,7248
4.046,7247
4.046,7246
4.048,7245
4.049,7244
4.049,7243
4.049,7242
4.050,7241
4.050,7240
4.050,7239
4.050,7238
4.051,7237
4.051,7236
4.052,7235
4.052,7234
4.052,7233
4.052,7232
4.052,7231
4.052,7230
4.052,7229
4.053,7228
4.053,7227
4.053,7226
4.053,7225
4.053,7224
4.054,7223
4.054,7222
4.054,7221
4.054,7220
4.054,7219
4.054,7218
4.055,7217
4.055,7216
4.055,7215
4.055,7214
4.055,7213
4.055,7212
4.056,7211
4.056,7210
4.056,7209
4.056,7208
4.056,7207
4.056,7206
4.056,7205
4.056,7204
4.057,7203
4.057,7202
4.057,7201
4.057,7200
4.057,7199
4.057,7198
4.058,7197
4.058,7196
4.058,7195
4.058,7194
4.058,7193
4.058,7192
4.058,7191
4.059,7190
4.059,7189
4.059,7188
4.059,7187
4.060,7186
4.060,7185
4.060,7184
4.060,7183
4.060,7182
4.060,7181
4.061,7180
4.061,7179
4.061,7178
4.061,7177
4.061,7176
4.062,7175
4.063,7174
4.063,7173
4.063,7172
4.063,7171
4.063,7170
4.063,7169
4.063,7168
4.063,7167
4.063,7166
4.063,7165
4.063,7164
4.063,7163
4.063,7162
4.063,7161
4.063,7160
4.063,7159
4.063,7158
4.063,7157
4.063,7156
4.063,7155
4.063,7154
4.063,7153
4.063,7152
4.063,7151
4.063,7150
4.063,7149
4.063,7148
4.063,7147
4.063,7146
4.063,7145
4.063,7144
4.063,7143
4.063,7142
4.063,7141
4.063,7140
4.063,7139
4.063,7138
4.063,7137
4.063,7136
4.063,7135
4.063,7134
4.063,7133
4.063,7132
4.063,7131
4.063,7130
4.063,7129
4.063,7128
4.063,7127
4.063,7126
4.063,7125
4.063,7124
4.063,7123
4.063,7122
4.063,7121
4.063,7120
4.063,7119
4.063,7118
4.063,7117
4.063,7116
4.063,7115
4.063,7114
4.063,7113
4.063,7112
4.063,7111
4.063,7110
4.063,7109
4.063,7108
4.063,7107
4.063,7106
4.063,7105
4.063,7104
4.063,7103
4.063,7102
4.063,7101
4.063,7100
4.063,7099
4.063,7098
4.063,7097
4.063,7096
4.063,7095
4.063,7094
4.063,7093
4.063,7092
4.063,7091
4.063,7090
4.063,7089
4.063,7088
4.063,7087
4.063,7086
4.063,7085
4.063,7084
4.063,7083
4.063,7082
4.063,7081
4.063,7080
4.063,7079
4.063,7078
4.063,7077
4.063,7076
4.063,7075
4.063,7074
4.063,7073
4.063,7072
4.063,7071
4.063,7070
4.063,7069
4.063,7068
4.063,7067
4.063,7066
4.063,7065
4.063,7064
4.063,7063
4.063,7062
4.079,7061
4.079,7060
4.079,7059
4.079,7058
4.079,7057
4.080,7056
4.080,7055
4.080,7054
4.081,7053
4.081,7052
4.081,7051
4.081,7050
4.081,7049
4.082,7048
4.082,7047
4.082,7046
4.083,7045
4.083,7044
4.083,7043
4.083,7042
4.083,7041
4.083,7040
4.083,7039
4.084,7038
4.084,7037
4.084,7036
4.084,7035
4.084,7034
4.084,7033
4.084,7032
4.084,7031
4.084,7030
4.084,7029
4.084,7028
4.084,7027
4.084,7026
4.084,7025
4.084,7024
4.084,7023
4.084,7022
4.084,7021
4.084,7020
4.084,7019
4.084,7018
4.084,7017
4.084,7016
4.084,7015
4.084,7014
4.084,7013
4.084,7012
4.084,7011
4.084,7010
4.084,7009
4.084,7008
4.084,7007
4.084,7006
4.084,7005
4.084,7004
4.084,7003
4.084,7002
4.084,7001
4.084,7000
4.084,6999
4.084,6998
4.084,6997
4.084,6996
4.084,6995
4.084,6994
4.084,6993
4.084,6992
4.084,6991
4.084,6990
4.084,6989
4.084,6988
4.084,6987
4.084,6986
4.084,6985
4.084,6984
4.084,6983
4.084,6982
4.084,6981
4.084,6980
4.084,6979
4.084,6978
4.084,6977
4.084,6976
4.084,6975
4.084,6974
4.084,6973
4.084,6972
4.084,6971
4.084,6970
4.084,6969
4.084,6968
4.084,6967
4.084,6966
4.084,6965
4.084,6964
4.084,6963
4.084,6962
4.084,6961
4.084,6960
4.084,6959
4.084,6958
4.084,6957
4.084,6956
4.084,6955
4.084,6954
4.084,6953
4.084,6952
4.084,6951
4.084,6950
4.084,6949
4.084,6948
4.084,6947
4.084,6946
4.084,6945
4.084,6944
4.084,6943
4.084,6942
4.084,6941
4.084,6940
4.084,6939
4.084,6938
4.084,6937
4.084,6936
4.100,6935
4.100,6934
4.100,6933
4.100,6932
4.100,6931
4.100,6930
4.101,6929
4.101,6928
4.101,6927
4.101,6926
4.101,6925
4.101,6924
4.102,6923
4.102,6922
4.102,6921
4.102,6920
4.103,6919
4.103,6918
4.103,6917
4.103,6916
4.103,6915
4.103,6914
4.103,6913
4.103,6912
4.104,6911
4.104,6910
4.104,6909
4.104,6908
4.104,6907
4.104,6906
4.104,6905
4.104,6904
4.104,6903
4.104,6902
4.104,6901
4.104,6900
4.104,6899
4.104,6898
4.104,6897
4.104,6896
4.104,6895
4.104,6894
4.104,6893
4.104,6892
4.104,6891
4.104,6890
4.104,6889
4.104,6888
4.104,6887
4.104,6886
4.104,6885
4.104,6884
4.104,6883
4.104,6882
4.104,6881
4.104,6880
4.104,6879
4.104,6878
4.104,6877
4.104,6876
4.104,6875
4.104,6874
4.104,6873
4.104,6872
4.104,6871
4.104,6870
4.104,6869
4.104,6868
4.104,6867
4.104,6866
4.104,6865
4.104,6864
4.104,6863
4.104,6862
4.104,6861
4.104,6860
4.104,6859
4.104,6858
4.104,6857
4.104,6856
4.104,6855
4.104,6854
4.104,6853
4.104,6852
4.104,6851
4.104,6850
4.104,6849
4.104,6848
4.104,6847
4.104,6846
4.104,6845
4.104,6844
4.104,6843
4.104,6842
4.104,6841
4.104,6840
4.104,6839
4.104,6838
4.104,6837
4.104,6836
4.104,6835
4.104,6834
4.104,6833
4.104,6832
4.104,6831
4.104,6830
4.104,6829
4.104,6828
4.104,6827
4.104,6826
4.104,6825
4.104,6824
4.104,6823
4.104,6822
4.104,6821
4.104,6820
4.104,6819
4.104,6818
4.104,6817
4.104,6816
4.104,6815
4.104,6814
4.104,6813
4.104,6812
4.104,6811
4.104,6810
4.104,6809
4.104,6808
4.104,6807
4.104,6806
4.104,6805
4.104,6804
4.104,6803
4.104,6802
4.104,6801
4.104,6800
4.104,6799
4.104,6798
4.104,6797
4.120,6796
4.120,6795
4.120,6794
4.120,6793
4.121,6792
4.121,6791
4.121,6790
4.121,6789
4.121,6788
4.121,6787
4.121,6786
4.121,6785
4.121,6784
4.122,6783
4.122,6782
4.122,6781
4.122,6780
4.122,6779
4.122,6778
4.122,6777
4.123,6776
4.123,6775
4.123,6774
4.124,6773
4.124,6772
4.124,6771
4.124,6770
4.124,6769
4.124,6768
4.124,6767
4.124,6766
4.124,6765
4.124,6764
4.124,6763
4.124,6762
4.124,6761
4.124,6760
4.124,6759
4.124,6758
4.124,6757
4.124,6756
4.124,6755
4.124,6754
4.124,6753
4.124,6752
4.124,6751
4.124,6750
4.124,6749
4.124,6748
4.124,6747
4.124,6746
4.124,6745
4.124,6744
4.124,6743
4.124,6742
4.124,6741
4.124,6740
4.124,6739
4.124,6738
4.124,6737
4.124,6736
4.124,6735
4.124,6734
4.124,6733
4.124,6732
4.124,6731
4.124,6730
4.124,6729
4.124,6728
4.124,6727
4.124,6726
4.124,6725
4.124,6724
4.124,6723
4.124,6722
4.124,6721
4.124,6720
4.124,6719
4.124,6718
4.124,6717
4.124,6716
4.124,6715
4.124,6714
4.124,6713
4.124,6712
4.124,6711
4.124,6710
4.124,6709
4.124,6708
4.124,6707
4.124,6706
4.124,6705
4.124,6704
4.124,6703
4.124,6702
4.124,6701
4.124,6700
4.124,6699
4.124,6698
4.124,6697
4.124,6696
4.124,6695
4.124,6694
4.124,6693
4.124,6692
4.124,6691
4.124,6690
4.124,6689
4.124,6688
4.124,6687
4.124,6686
4.124,6685
4.124,6684
4.124,6683
4.124,6682
4.124,6681
4.124,6680
4.124,6679
4.124,6678
4.124,6677
4.124,6676
4.124,6675
4.124,6674
4.124,6673
4.124,6672
4.124,6671
4.124,6670
4.124,6669
4.124,6668
4.124,6667
4.124,6666
4.124,6665
4.124,6664
4.124,6663
4.124,6662
4.124,6661
4.124,6660
4.124,6659
4.124,6658
4.124,6657
4.140,6656
4.140,6655
4.140,6654
4.140,6653
4.140,6652
4.140,6651
4.140,6650
4.141,6649
4.141,6648
4.141,6647
4.141,6646
4.141,6645
4.141,6644
4.141,6643
4.142,6642
4.142,6641
4.142,6640
4.142,6639
4.142,6638
4.142,6637
4.142,6636
4.142,6635
4.142,6634
4.142,6633
4.143,6632
4.143,6631
4.143,6630
4.143,6629
4.143,6628
4.143,6627
4.143,6626
4.143,6625
4.143,6624
4.143,6623
4.143,6622
4.144,6621
4.144,6620
4.144,6619
4.144,6618
4.144,6617
4.145,6616
4.145,6615
4.145,6614
4.145,6613
4.146,6612
4.146,6611
4.146,6610
4.146,6609
4.147,6608
4.147,6607
4.147,6606
4.147,6605
4.147,6604
4.148,6603
4.148,6602
4.148,6601
4.148,6600
4.148,6599
4.148,6598
4.149,6597
4.149,6596
4.149,6595
4.149,6594
4.150,6593
4.150,6592
4.150,6591
4.150,6590
4.150,6589
4.150,6588
4.150,6587
4.150,6586
4.151,6585
4.151,6584
4.151,6583
4.151,6582
4.151,6581
4.151,6580
4.151,6579
4.151,6578
4.152,6577
4.152,6576
4.152,6575
4.152,6574
4.152,6573
4.152,6572
4.153,6571
4.153,6570
4.153,6569
4.153,6568
4.153,6567
4.153,6566
4.153,6565
4.153,6564
4.153,6563
4.154,6562
4.154,6561
4.154,6560
4.154,6559
4.154,6558
4.154,6557
4.154,6556
4.154,6555
4.154,6554
4.155,6553
4.155,6552
4.155,6551
4.155,6550
4.155,6549
4.155,6548
4.155,6547
4.155,6546
4.155,6545
4.155,6544
4.155,6543
4.155,6542
4.155,6541
4.155,6540
4.155,6539
4.155,6538
4.155,6537
4.155,6536
4.155,6535
4.155,6534
4.155,6533
4.155,6532
4.155,6531
4.155,6530
4.155,6529
4.155,6528
4.155,6527
4.155,6526
4.155,6525
4.155,6524
4.155,6523
4.155,6522
4.155,6521
4.155,6520
4.155,6519
4.155,6518
4.155,6517
4.155,6516
4.155,6515
4.155,6514
4.155,6513
4.155,6512
4.155,6511
4.155,6510
4.155,6509
4.155,6508
4.155,6507
4.155,6506
4.155,6505
4.155,6504
4.155,6503
4.155,6502
4.155,6501
4.155,6500
4.155,6499
4.155,6498
4.155,6497
4.155,6496
4.155,6495
4.155,6494
4.155,6493
4.155,6492
4.155,6491
4.155,6490
4.155,6489
4.155,6488
4.155,6487
4.155,6486
4.155,6485
4.155,6484
4.155,6483
4.155,6482
4.155,6481
4.155,6480
4.155,6479
4.155,6478
4.155,6477
4.155,6476
4.155,6475
4.155,6474
4.155,6473
4.155,6472
4.155,6471
4.155,6470
4.155,6469
4.155,6468
4.155,6467
4.155,6466
4.155,6465
4.155,6464
4.170,6463
4.171,6462
4.171,6461
4.171,6460
4.171,6459
4.171,6458
4.171,6457
4.171,6456
4.172,6455
4.172,6454
4.172,6453
4.172,6452
4.172,6451
4.172,6450
4.172,6449
4.173,6448
4.173,6447
4.174,6446
4.174,6445
4.174,6444
4.174,6443
4.175,6442
4.175,6441
4.175,6440
4.175,6439
4.175,6438
4.175,6437
4.175,6436
4.175,6435
4.175,6434
4.176,6433
4.176,6432
4.176,6431
4.176,6430
4.176,6429
4.177,6428
4.177,6427
4.177,6426
4.177,6425
4.177,6424
4.177,6423
4.178,6422
4.178,6421
4.178,6420
4.178,6419
4.178,6418
4.178,6417
4.178,6416
4.178,6415
4.178,6414
4.179,6413
4.179,6412
4.179,6411
4.179,6410
4.179,6409
4.180,6408
4.180,6407
4.180,6406
4.181,6405
4.181,6404
4.181,6403
4.181,6402
4.181,6401
4.182,6400
4.183,6399
4.183,6398
4.183,6397
4.183,6396
4.183,6395
4.184,6394
4.184,6393
4.184,6392
4.184,6391
4.184,6390
4.184,6389
4.185,6388
4.185,6387
4.185,6386
4.186,6385
4.186,6384
4.186,6383
4.186,6382
4.186,6381
4.186,6380
4.186,6379
4.186,6378
4.187,6377
4.187,6376
4.187,6375
4.187,6374
4.187,6373
4.188,6372
4.188,6371
4.188,6370
4.188,6369
4.188,6368
4.189,6367
4.189,6366
4.189,6365
4.189,6364
4.190,6363
4.190,6362
4.190,6361
4.190,6360
4.191,6359
4.191,6358
4.191,6357
4.191,6356
4.192,6355
4.192,6354
4.192,6353
4.192,6352
4.192,6351
4.192,6350
4.192,6349
4.192,6348
4.192,6347
4.192,6346
4.192,6345
4.192,6344
4.192,6343
4.193,6342
4.193,6341
4.193,6340
4.193,6339
4.193,6338
4.193,6337
4.194,6336
4.194,6335
4.194,6334
4.194,6333
4.194,6332
4.194,6331
4.195,6330
4.195,6329
4.195,6328
4.195,6327
4.195,6326
4.195,6325
4.196,6324
4.196,6323
4.196,6322
4.196,6321
4.196,6320
4.196,6319
4.196,6318
4.196,6317
4.196,6316
4.196,6315
4.196,6314
4.196,6313
4.196,6312
4.196,6311
4.196,6310
4.196,6309
4.196,6308
4.196,6307
4.196,6306
4.196,6305
4.196,6304
4.196,6303
4.196,6302
4.196,6301
4.196,6300
4.196,6299
4.196,6298
4.196,6297
4.196,6296
4.196,6295
4.196,6294
4.196,6293
4.196,6292
4.196,6291
4.196,6290
4.196,6289
4.196,6288
4.196,6287
4.196,6286
4.196,6285
4.196,6284
4.196,6283
4.196,6282
4.196,6281
4.196,6280
4.196,6279
4.196,6278
4.196,6277
4.211,6276
4.212,6275
4.212,6274
4.213,6273
4.214,6272
4.214,6271
4.215,6270
4.215,6269
4.215,6268
4.215,6267
4.216,6266
4.216,6265
4.216,6264
4.216,6263
4.216,6262
4.216,6261
4.216,6260
4.216,6259
4.216,6258
4.216,6257
4.216,6256
4.216,6255
4.216,6254
4.216,6253
4.216,6252
4.216,6251
4.216,6250
4.216,6249
4.216,6248
4.216,6247
4.216,6246
4.216,6245
4.216,6244
4.216,6243
4.216,6242
4.216,6241
4.216,6240
4.216,6239
4.216,6238
4.216,6237
4.216,6236
4.216,6235
4.216,6234
4.216,6233
4.216,6232
4.216,6231
4.216,6230
4.216,6229
4.216,6228
4.216,6227
4.216,6226
4.216,6225
4.216,6224
4.216,6223
4.216,6222
4.216,6221
4.216,6220
4.216,6219
4.216,6218
4.216,6217
4.216,6216
4.216,6215
4.216,6214
4.216,6213
4.216,6212
4.216,6211
4.216,6210
4.216,6209
4.216,6208
4.216,6207
4.216,6206
4.216,6205
4.216,6204
4.216,6203
4.216,6202
4.216,6201
4.216,6200
4.216,6199
4.216,6198
4.216,6197
4.216,6196
4.216,6195
4.216,6194
4.216,6193
4.233,6192
4.233,6191
4.234,6190
4.234,6189
4.234,6188
4.234,6187
4.234,6186
4.234,6185
4.234,6184
4.235,6183
4.235,6182
4.235,6181
4.235,6180
4.235,6179
4.236,6178
4.236,6177
4.236,6176
4.236,6175
4.236,6174
4.237,6173
4.237,6172
4.237,6171
4.237,6170
4.237,6169
4.237,6168
4.238,6167
4.238,6166
4.238,6165
4.239,6164
4.239,6163
4.239,6162
4.239,6161
4.239,6160
4.239,6159
4.239,6158
4.239,6157
4.240,6156
4.240,6155
4.240,6154
4.240,6153
4.240,6152
4.240,6151
4.241,6150
4.241,6149
4.242,6148
4.242,6147
4.242,6146
4.242,6145
4.243,6144
4.243,6143
4.243,6142
4.243,6141
4.243,6140
4.244,6139
4.244,6138
4.244,6137
4.244,6136
4.244,6135
4.245,6134
4.246,6133
4.246,6132
4.247,6131
4.247,6130
4.247,6129
4.247,6128
4.248,6127
4.248,6126
4.248,6125
4.249,6124
4.249,6123
4.249,6122
4.249,6121
4.250,6120
4.250,6119
4.250,6118
4.250,6117
4.250,6116
4.250,6115
4.250,6114
4.251,6113
4.251,6112
4.251,6111
4.251,6110
4.251,6109
4.251,6108
4.252,6107
4.252,6106
4.252,6105
4.252,6104
4.252,6103
4.253,6102
4.253,6101
4.253,6100
4.253,6099
4.254,6098
4.254,6097
4.254,6096
4.254,6095
4.254,6094
4.254,6093
4.254,6092
4.254,6091
4.255,6090
4.255,6089
4.255,6088
4.255,6087
4.255,6086
4.255,6085
4.255,6084
4.256,6083
4.256,6082
4.256,6081
4.256,6080
4.256,6079
4.256,6078
4.256,6077
4.256,6076
4.256,6075
4.256,6074
4.256,6073
4.256,6072
4.256,6071
4.256,6070
4.256,6069
4.256,6068
4.256,6067
4.256,6066
4.256,6065
4.256,6064
4.256,6063
4.256,6062
4.256,6061
4.256,6060
4.256,6059
4.256,6058
4.256,6057
4.256,6056
4.256,6055
4.256,6054
4.256,6053
4.256,6052
4.256,6051
4.256,6050
4.256,6049
4.256,6048
4.256,6047
4.256,6046
4.256,6045
4.256,6044
4.256,6043
4.256,6042
4.256,6041
4.256,6040
4.256,6039
4.256,6038
4.256,6037
4.256,6036
4.256,6035
4.256,6034
4.256,6033
4.256,6032
4.256,6031
4.256,6030
4.256,6029
4.256,6028
4.256,6027
4.256,6026
4.256,6025
4.273,6024
4.273,6023
4.274,6022
4.274,6021
4.274,6020
4.274,6019
4.274,6018
4.274,6017
4.275,6016
4.275,6015
4.275,6014
4.275,6013
4.276,6012
4.276,6011
4.277,6010
4.277,6009
4.277,6008
4.278,6007
4.278,6006
4.279,6005
4.279,6004
4.279,6003
4.279,6002
4.280,6001
4.281,6000
4.281,5999
4.281,5998
4.281,5997
4.282,5996
4.283,5995
4.283,5994
4.283,5993
4.283,5992
4.283,5991
4.283,5990
4.284,5989
4.284,5988
4.284,5987
4.284,5986
4.285,5985
4.285,5984
4.285,5983
4.286,5982
4.286,5981
4.286,5980
4.286,5979
4.286,5978
4.286,5977
4.286,5976
4.287,5975
4.287,5974
4.287,5973
4.287,5972
4.287,5971
4.287,5970
4.287,5969
4.287,5968
4.287,5967
4.287,5966
4.287,5965
4.287,5964
4.287,5963
4.287,5962
4.287,5961
4.287,5960
4.287,5959
4.287,5958
4.287,5957
4.287,5956
4.287,5955
4.287,5954
4.287,5953
4.287,5952
4.287,5951
4.287,5950
4.287,5949
4.287,5948
4.287,5947
4.287,5946
4.287,5945
4.287,5944
4.287,5943
4.287,5942
4.287,5941
4.287,5940
4.287,5939
4.287,5938
4.287,5937
4.287,5936
4.287,5935
4.287,5934
4.287,5933
4.287,5932
4.287,5931
4.304,5930
4.306,5929
4.307,5928
4.307,5927
4.307,5926
4.307,5925
4.307,5924
4.307,5923
4.307,5922
4.307,5921
4.307,5920
4.307,5919
4.307,5918
4.307,5917
4.307,5916
4.307,5915
4.307,5914
4.307,5913
4.307,5912
4.307,5911
4.307,5910
4.307,5909
4.307,5908
4.307,5907
4.307,5906
4.307,5905
4.307,5904
4.307,5903
4.307,5902
4.307,5901
4.307,5900
4.307,5899
4.307,5898
4.307,5897
4.307,5896
4.307,5895
4.307,5894
4.307,5893
4.307,5892
4.307,5891
4.307,5890
4.307,5889
4.307,5888
4.323,5887
4.323,5886
4.324,5885
4.324,5884
4.325,5883
4.325,5882
4.325,5881
4.325,5880
4.326,5879
4.326,5878
4.327,5877
4.327,5876
4.327,5875
4.327,5874
4.327,5873
4.327,5872
4.327,5871
4.328,5870
4.328,5869
4.328,5868
4.328,5867
4.328,5866
4.329,5865
4.330,5864
4.331,5863
4.332,5862
4.332,5861
4.333,5860
4.334,5859
4.334,5858
4.335,5857
4.335,5856
4.335,5855
4.335,5854
4.335,5853
4.335,5852
4.336,5851
4.336,5850
4.336,5849
4.337,5848
4.337,5847
4.337,5846
4.337,5845
4.337,5844
4.337,5843
4.338,5842
4.338,5841
4.338,5840
4.339,5839
4.339,5838
4.340,5837
4.340,5836
4.340,5835
4.340,5834
4.341,5833
4.341,5832
4.341,5831
4.342,5830
4.342,5829
4.343,5828
4.344,5827
4.344,5826
4.344,5825
4.344,5824
4.344,5823
4.345,5822
4.345,5821
4.345,5820
4.346,5819
4.346,5818
4.346,5817
4.346,5816
4.346,5815
4.346,5814
4.346,5813
4.348,5812
4.349,5811
4.349,5810
4.350,5809
4.350,5808
4.351,5807
4.351,5806
4.351,5805
4.351,5804
4.351,5803
4.352,5802
4.352,5801
4.353,5800
4.353,5799
4.353,5798
4.354,5797
4.354,5796
4.355,5795
4.355,5794
4.356,5793
4.356,5792
4.356,5791
4.356,5790
4.356,5789
4.357,5788
4.357,5787
4.358,5786
4.358,5785
4.358,5784
4.358,5783
4.358,5782
4.358,5781
4.358,5780
4.358,5779
4.358,5778
4.358,5777
4.358,5776
4.358,5775
4.358,5774
4.358,5773
4.358,5772
4.358,5771
4.358,5770
4.358,5769
4.358,5768
4.358,5767
4.358,5766
4.358,5765
4.358,5764
4.358,5763
4.358,5762
4.358,5761
4.358,5760
4.358,5759
4.358,5758
4.358,5757
4.358,5756
4.358,5755
4.358,5754
4.358,5753
4.358,5752
4.358,5751
4.358,5750
4.358,5749
4.358,5748
4.358,5747
4.358,5746
4.358,5745
4.358,5744
4.358,5743
4.358,5742
4.358,5741
4.358,5740
4.358,5739
4.358,5738
4.358,5737
4.358,5736
4.358,5735
4.358,5734
4.358,5733
4.374,5732
4.374,5731
4.374,5730
4.374,5729
4.374,5728
4.375,5727
4.375,5726
4.375,5725
4.376,5724
4.376,5723
4.377,5722
4.377,5721
4.377,5720
4.378,5719
4.378,5718
4.378,5717
4.378,5716
4.378,5715
4.378,5714
4.378,5713
4.378,5712
4.378,5711
4.378,5710
4.378,5709
4.378,5708
4.378,5707
4.378,5706
4.378,5705
4.378,5704
4.378,5703
4.378,5702
4.378,5701
4.378,5700
4.378,5699
4.378,5698
4.378,5697
4.378,5696
4.378,5695
4.378,5694
4.378,5693
4.378,5692
4.378,5691
4.378,5690
4.378,5689
4.378,5688
4.378,5687
4.378,5686
4.378,5685
4.378,5684
4.378,5683
4.378,5682
4.378,5681
4.378,5680
4.378,5679
4.378,5678
4.378,5677
4.378,5676
4.378,5675
4.378,5674
4.378,5673
4.378,5672
4.378,5671
4.378,5670
4.394,5669
4.394,5668
4.394,5667
4.394,5666
4.394,5665
4.394,5664
4.395,5663
4.395,5662
4.396,5661
4.396,5660
4.396,5659
4.396,5658
4.396,5657
4.396,5656
4.396,5655
4.396,5654
4.397,5653
4.398,5652
4.398,5651
4.398,5650
4.398,5649
4.399,5648
4.399,5647
4.399,5646
4.399,5645
4.399,5644
4.399,5643
4.399,5642
4.399,5641
4.399,5640
4.399,5639
4.399,5638
4.399,5637
4.399,5636
4.399,5635
4.399,5634
4.399,5633
4.399,5632
4.399,5631
4.399,5630
4.399,5629
4.399,5628
4.399,5627
4.399,5626
4.399,5625
4.399,5624
4.399,5623
4.399,5622
4.399,5621
4.399,5620
4.399,5619
4.399,5618
4.399,5617
4.399,5616
4.399,5615
4.399,5614
4.399,5613
4.399,5612
4.399,5611
4.399,5610
4.399,5609
4.399,5608
4.414,5607
4.415,5606
4.416,5605
4.416,5604
4.416,5603
4.416,5602
4.416,5601
4.417,5600
4.417,5599
4.418,5598
4.419,5597
4.419,5596
4.419,5595
4.419,5594
4.419,5593
4.419,5592
4.419,5591
4.419,5590
4.419,5589
4.419,5588
4.419,5587
4.419,5586
4.419,5585
4.419,5584
4.419,5583
4.419,5582
4.419,5581
4.419,5580
4.419,5579
4.419,5578
4.419,5577
4.419,5576
4.419,5575
4.419,5574
4.419,5573
4.419,5572
4.419,5571
4.419,5570
4.419,5569
4.435,5568
4.435,5567
4.435,5566
4.436,5565
4.436,5564
4.436,5563
4.436,5562
4.436,5561
4.436,5560
4.437,5559
4.437,5558
4.437,5557
4.438,5556
4.438,5555
4.438,5554
4.438,5553
4.439,5552
4.440,5551
4.440,5550
4.440,5549
4.440,5548
4.441,5547
4.441,5546
4.441,5545
4.442,5544
4.442,5543
4.443,5542
4.443,5541
4.443,5540
4.444,5539
4.444,5538
4.444,5537
4.446,5536
4.447,5535
4.447,5534
4.447,5533
4.447,5532
4.447,5531
4.448,5530
4.448,5529
4.448,5528
4.448,5527
4.448,5526
4.448,5525
4.449,5524
4.449,5523
4.450,5522
4.450,5521
4.451,5520
4.451,5519
4.452,5518
4.452,5517
4.452,5516
4.453,5515
4.453,5514
4.453,5513
4.453,5512
4.453,5511
4.454,5510
4.455,5509
4.455,5508
4.457,5507
4.457,5506
4.458,5505
4.458,5504
4.459,5503
4.459,5502
4.460,5501
4.460,5500
4.460,5499
4.460,5498
4.460,5497
4.460,5496
4.460,5495
4.460,5494
4.460,5493
4.460,5492
4.460,5491
4.460,5490
4.460,5489
4.460,5488
4.460,5487
4.460,5486
4.460,5485
4.460,5484
4.460,5483
4.460,5482
4.460,5481
4.460,5480
4.460,5479
4.460,5478
4.475,5477
4.476,5476
4.476,5475
4.476,5474
4.478,5473
4.479,5472
4.479,5471
4.479,5470
4.480,5469
4.480,5468
4.480,5467
4.481,5466
4.481,5465
4.481,5464
4.482,5463
4.482,5462
4.483,5461
4.484,5460
4.484,5459
4.484,5458
4.486,5457
4.487,5456
4.487,5455
4.489,5454
4.489,5453
4.489,5452
4.490,5451
4.490,5450
4.490,5449
4.491,5448
4.491,5447
4.492,5446
4.494,5445
4.495,5444
4.495,5443
4.495,5442
4.496,5441
4.496,5440
4.497,5439
4.497,5438
4.498,5437
4.498,5436
4.498,5435
4.498,5434
4.498,5433
4.500,5432
4.500,5431
4.500,5430
4.500,5429
4.501,5428
4.501,5427
4.501,5426
4.502,5425
4.502,5424
4.503,5423
4.503,5422
4.504,5421
4.505,5420
4.505,5419
4.505,5418
4.507,5417
4.507,5416
4.508,5415
4.508,5414
4.508,5413
4.509,5412
4.512,5411
4.512,5410
4.512,5409
4.513,5408
4.514,5407
4.516,5406
4.516,5405
4.517,5404
4.517,5403
4.518,5402
4.518,5401
4.519,5400
4.519,5399
4.519,5398
4.519,5397
4.519,5396
4.520,5395
4.521,5394
4.522,5393
4.522,5392
4.523,5391
4.524,5390
4.525,5389
4.525,5388
4.526,5387
4.528,5386
4.529,5385
4.529,5384
4.530,5383
4.531,5382
4.531,5381
4.532,5380
4.532,5379
4.532,5378
4.532,5377
4.534,5376
4.534,5375
4.535,5374
4.536,5373
4.537,5372
4.537,5371
4.538,5370
4.539,5369
4.540,5368
4.541,5367
4.541,5366
4.542,5365
4.542,5364
4.544,5363
4.545,5362
4.547,5361
4.549,5360
4.549,5359
4.549,5358
4.549,5357
4.550,5356
4.551,5355
4.552,5354
4.552,5353
4.560,5352
4.562,5351
4.563,5350
4.563,5349
4.564,5348
4.564,5347
4.564,5346
4.566,5345
4.567,5344
4.569,5343
4.569,5342
4.570,5341
4.570,5340
4.571,5339
4.571,5338
4.571,5337
4.571,5336
4.571,5335
4.571,5334
4.571,5333
4.571,5332
4.571,5331
4.571,5330
4.571,5329
4.571,5328
4.587,5327
4.588,5326
4.589,5325
4.590,5324
4.593,5323
4.595,5322
4.598,5321
4.602,5320
4.602,5319
4.608,5318
4.609,5317
4.610,5316
4.612,5315
4.612,5314
4.612,5313
4.612,5312
4.612,5311
4.612,5310
4.612,5309
4.612,5308
4.612,5307
4.612,5306
4.612,5305
4.612,5304
4.612,5303
4.612,5302
4.628,5301
4.630,5300
4.632,5299
4.632,5298
4.632,5297
4.632,5296
4.632,5295
4.632,5294
4.632,5293
4.632,5292
4.632,5291
4.632,5290
4.632,5289
4.649,5288
4.649,5287
4.651,5286
4.651,5285
4.652,5284
4.653,5283
4.654,5282
4.655,5281
4.657,5280
4.661,5279
4.662,5278
4.662,5277
4.662,5276
4.662,5275
4.663,5274
4.663,5273
4.663,5272
4.663,5271
4.663,5270
4.663,5269
4.663,5268
4.663,5267
4.663,5266
4.663,5265
4.663,5264
4.663,5263
4.678,5262
4.679,5261
4.679,5260
4.681,5259
4.685,5258
4.688,5257
4.694,5256
4.694,5255
4.694,5254
4.698,5253
4.703,5252
4.703,5251
4.705,5250
4.706,5249
4.710,5248
4.711,5247
4.713,5246
4.713,5245
4.713,5244
4.713,5243
4.713,5242
4.713,5241
4.713,5240
4.713,5239
4.713,5238
4.713,5237
4.731,5236
4.734,5235
4.734,5234
4.734,5233
4.734,5232
4.757,5231
4.758,5230
4.758,5229
4.758,5228
4.766,5227
4.768,5226
4.770,5225
4.777,5224
4.779,5223
4.779,5222
4.780,5221
4.785,5220
4.794,5219
4.794,5218
4.794,5217
4.794,5216
4.794,5215
4.815,5214
4.815,5213
4.815,5212
4.815,5211
4.815,5210
4.815,5209
4.815,5208
4.815,5207
4.815,5206
4.815,5205
4.831,5204
4.833,5203
4.833,5202
4.839,5201
4.839,5200
4.853,5199
4.855,5198
4.856,5197
4.856,5196
4.856,5195
4.856,5194
4.873,5193
4.875,5192
4.876,5191
4.876,5190
4.896,5189
4.896,5188
4.917,5187
4.917,5186
4.934,5185
4.952,5184
4.957,5183
4.957,5182
4.957,5181
4.957,5180
4.957,5179
4.977,5178
4.977,5177
4.997,5176
4.998,5175
4.998,5174
4.998,5173
4.998,5172
4.998,5171
5.018,5170
5.018,5169
5.039,5168
5.039,5167
5.039,5166
5.039,5165
5.055,5164
5.059,5163
5.060,5162
5.060,5161
5.068,5160
5.075,5159
5.089,5158
5.110,5157
5.110,5156
5.110,5155
5.128,5154
5.130,5153
5.161,5152
5.161,5151
5.161,5150
5.181,5149
5.242,5148
5.242,5147
5.268,5146
5.282,5145
5.355,5144
5.485,5143
5.624,5142
