0.149,1588
0.149,1587
0.149,1586
0.149,1585
0.149,1584
0.149,1583
0.149,1582
0.149,1581
0.149,1580
0.149,1579
0.149,1578
0.149,1577
0.149,1576
0.149,1575
0.149,1574
0.149,1573
0.149,1572
0.149,1571
0.150,1570
0.150,1569
0.150,1568
0.150,1567
0.150,1566
0.150,1565
0.150,1564
0.150,1563
0.150,1562
0.150,1561
0.150,1560
0.150,1559
0.150,1558
0.150,1557
0.150,1556
0.150,1555
0.150,1554
0.150,1553
0.150,1552
0.150,1551
0.150,1550
0.150,1549
0.150,1548
0.150,1547
0.150,1546
0.150,1545
0.150,1544
0.150,1543
0.150,1542
0.150,1541
0.150,1540
0.150,1539
0.150,1538
0.150,1537
0.150,1536
0.150,1535
0.150,1534
0.150,1533
0.150,1532
0.150,1531
0.150,1530
0.150,1529
0.151,1528
0.151,1527
0.151,1526
0.151,1525
0.151,1524
0.151,1523
0.151,1522
0.151,1521
0.151,1520
0.151,1519
0.151,1518
0.151,1517
0.151,1516
0.151,1515
0.151,1514
0.151,1513
0.151,1512
0.151,1511
0.151,1510
0.151,1509
0.151,1508
0.151,1507
0.151,1506
0.151,1505
0.151,1504
0.151,1503
0.151,1502
0.151,1501
0.151,1500
0.151,1499
0.151,1498
0.151,1497
0.151,1496
0.151,1495
0.151,1494
0.151,1493
0.151,1492
0.151,1491
0.151,1490
0.151,1489
0.152,1488
0.152,1487
0.152,1486
0.152,1485
0.152,1484
0.152,1483
0.152,1482
0.152,1481
0.152,1480
0.152,1479
0.152,1478
0.152,1477
0.152,1476
0.152,1475
0.152,1474
0.152,1473
0.152,1472
0.152,1471
0.152,1470
0.152,1469
0.152,1468
0.152,1467
0.152,1466
0.152,1465
0.152,1464
0.152,1463
0.152,1462
0.152,1461
0.152,1460
0.152,1460
0.152,1459
0.152,1458
0.153,1457
0.153,1456
0.153,1455
0.153,1454
0.153,1453
0.153,1452
0.153,1451
0.153,1450
0.153,1449
0.153,1448
0.153,1447
0.153,1446
0.153,1445
0.153,1444
0.153,1443
0.153,1442
0.153,1441
0.153,1440
0.153,1439
0.153,1438
0.153,1437
0.153,1436
0.153,1435
0.154,1434
0.154,1433
0.154,1432
0.154,1431
0.154,1430
0.154,1429
0.154,1428
0.154,1427
0.154,1426
0.154,1425
0.154,1424
0.154,1423
0.154,1422
0.154,1421
0.154,1420
0.154,1419
0.154,1418
0.154,1417
0.154,1416
0.154,1415
0.154,1414
0.154,1413
0.154,1412
0.154,1411
0.154,1410
0.154,1409
0.154,1408
0.154,1407
0.154,1406
0.154,1405
0.154,1404
0.154,1403
0.155,1402
0.155,1401
0.155,1400
0.155,1399
0.155,1398
0.155,1397
0.155,1396
0.155,1395
0.155,1394
0.155,1393
0.155,1392
0.155,1391
0.155,1390
0.155,1389
0.155,1388
0.155,1387
0.155,1386
0.155,1385
0.155,1384
0.155,1383
0.155,1382
0.155,1381
0.155,1380
0.155,1379
0.155,1378
0.155,1377
0.155,1376
0.155,1375
0.155,1374
0.155,1373
0.155,1372
0.156,1371
0.156,1370
0.156,1369
0.156,1368
0.156,1367
0.156,1366
0.156,1365
0.156,1364
0.156,1363
0.156,1362
0.156,1361
0.156,1360
0.156,1359
0.156,1358
0.156,1357
0.156,1356
0.156,1355
0.156,1354
0.156,1353
0.156,1352
0.156,1351
0.156,1350
0.156,1349
0.156,1348
0.156,1347
0.156,1346
0.156,1345
0.156,1344
0.156,1343
0.156,1342
0.157,1341
0.157,1340
0.157,1339
0.157,1338
0.157,1337
0.157,1336
0.157,1335
0.157,1334
0.157,1333
0.157,1332
0.157,1331
0.157,1330
0.158,1329
0.158,1328
0.158,1327
0.158,1326
0.158,1325
0.158,1324
0.158,1323
0.158,1322
0.158,1321
0.158,1320
0.158,1319
0.158,1318
0.158,1317
0.158,1316
0.158,1315
0.158,1314
0.159,1313
0.159,1312
0.159,1311
0.159,1310
0.159,1309
0.159,1308
0.159,1307
0.159,1306
0.159,1305
0.159,1304
0.160,1303
0.160,1302
0.160,1301
0.160,1300
0.160,1299
0.160,1298
0.160,1297
0.160,1296
0.160,1295
0.160,1294
0.160,1293
0.160,1292
0.160,1291
0.160,1290
0.160,1289
0.160,1288
0.160,1287
0.160,1286
0.160,1285
0.160,1284
0.160,1283
0.160,1282
0.161,1281
0.161,1280
0.161,1279
0.161,1278
0.161,1277
0.161,1276
0.161,1275
0.161,1274
0.161,1273
0.161,1272
0.161,1271
0.161,1270
0.161,1269
0.161,1268
0.161,1267
0.161,1266
0.161,1265
0.161,1264
0.162,1263
0.162,1262
0.162,1261
0.162,1260
0.162,1259
0.162,1258
0.162,1257
0.162,1256
0.162,1255
0.162,1254
0.162,1253
0.162,1252
0.162,1251
0.162,1250
0.162,1249
0.162,1248
0.162,1247
0.163,1246
0.163,1245
0.163,1244
0.163,1243
0.163,1242
0.163,1241
0.163,1240
0.163,1239
0.163,1238
0.163,1237
0.163,1236
0.163,1235
0.163,1234
0.163,1233
0.163,1232
0.163,1231
0.163,1230
0.163,1229
0.163,1228
0.163,1227
0.163,1226
0.163,1225
0.164,1224
0.164,1223
0.164,1222
0.164,1221
0.164,1220
0.164,1219
0.164,1218
0.164,1217
0.164,1216
0.164,1215
0.164,1214
0.164,1213
0.164,1212
0.164,1211
0.164,1210
0.164,1209
0.164,1208
0.164,1207
0.164,1206
0.164,1205
0.164,1204
0.165,1203
0.165,1202
0.165,1201
0.165,1200
0.165,1199
0.165,1198
0.165,1197
0.165,1196
0.165,1195
0.165,1194
0.165,1193
0.165,1192
0.165,1191
0.165,1190
0.165,1189
0.165,1188
0.165,1187
0.166,1186
0.166,1185
0.166,1184
0.166,1183
0.166,1182
0.166,1181
0.166,1180
0.166,1179
0.166,1178
0.166,1177
0.166,1176
0.166,1175
0.167,1174
0.167,1173
0.167,1172
0.167,1171
0.167,1170
0.167,1169
0.167,1168
0.167,1167
0.167,1166
0.167,1165
0.167,1164
0.167,1163
0.167,1162
0.167,1161
0.167,1160
0.167,1159
0.168,1158
0.168,1157
0.168,1156
0.168,1155
0.168,1154
0.168,1153
0.168,1152
0.168,1151
0.168,1150
0.168,1149
0.168,1148
0.168,1147
0.169,1146
0.169,1145
0.169,1144
0.169,1143
0.169,1142
0.169,1141
0.169,1140
0.169,1139
0.169,1138
0.170,1137
0.170,1136
0.170,1135
0.170,1134
0.170,1133
0.170,1132
0.170,1131
0.170,1130
0.171,1129
0.171,1128
0.171,1127
0.171,1126
0.171,1125
0.172,1124
0.172,1123
0.172,1122
0.172,1121
0.172,1120
0.172,1119
0.172,1118
0.172,1117
0.172,1116
0.172,1115
0.173,1114
0.173,1113
0.173,1112
0.173,1111
0.173,1110
0.173,1109
0.174,1108
0.174,1107
0.174,1106
0.174,1105
0.174,1104
0.174,1103
0.175,1102
0.176,1101
0.176,1100
0.176,1099
0.176,1098
0.177,1097
0.177,1096
0.177,1095
0.177,1094
0.177,1093
0.177,1092
0.178,1091
0.178,1090
0.178,1089
0.178,1088
0.178,1087
0.179,1086
0.179,1085
0.179,1084
0.179,1083
0.180,1082
0.181,1081
0.181,1080
0.181,1079
0.182,1078
0.182,1077
0.182,1076
0.183,1075
0.184,1074
0.184,1073
0.186,1072
0.186,1071
0.187,1070
0.188,1069
0.189,1068
0.190,1067
0.191,1066
0.191,1065
0.192,1064
0.194,1063
0.197,1062
0.197,1061
0.200,1060
0.205,1059
0.210,1058
