0.115,1588
0.115,1587
0.115,1586
0.115,1585
0.115,1584
0.115,1583
0.115,1582
0.115,1581
0.115,1580
0.115,1579
0.115,1578
0.115,1577
0.115,1576
0.115,1575
0.115,1574
0.115,1573
0.115,1572
0.115,1571
0.115,1570
0.115,1569
0.115,1568
0.115,1567
0.115,1566
0.115,1565
0.115,1564
0.115,1563
0.115,1562
0.115,1561
0.115,1560
0.115,1559
0.115,1558
0.115,1557
0.115,1556
0.115,1555
0.115,1554
0.115,1553
0.115,1552
0.115,1551
0.115,1550
0.115,1549
0.115,1548
0.115,1547
0.115,1546
0.115,1545
0.115,1544
0.115,1543
0.115,1542
0.115,1541
0.115,1540
0.115,1539
0.115,1538
0.115,1537
0.115,1536
0.115,1535
0.115,1534
0.115,1533
0.115,1532
0.115,1531
0.115,1530
0.115,1529
0.115,1528
0.115,1527
0.115,1526
0.115,1525
0.115,1524
0.115,1523
0.115,1522
0.115,1521
0.115,1520
0.115,1519
0.115,1518
0.115,1517
0.115,1516
0.115,1515
0.115,1514
0.119,1513
0.119,1512
0.119,1511
0.119,1510
0.119,1509
0.119,1508
0.119,1507
0.119,1506
0.119,1505
0.119,1504
0.119,1503
0.119,1502
0.119,1501
0.119,1500
0.119,1499
0.119,1498
0.119,1497
0.119,1496
0.119,1495
0.119,1494
0.119,1493
0.119,1492
0.119,1491
0.119,1490
0.119,1489
0.119,1488
0.119,1487
0.119,1486
0.119,1485
0.119,1484
0.119,1483
0.119,1482
0.119,1481
0.119,1480
0.119,1479
0.119,1478
0.119,1477
0.119,1476
0.119,1475
0.119,1474
0.119,1473
0.119,1472
0.119,1471
0.119,1470
0.119,1469
0.119,1468
0.119,1467
0.119,1466
0.119,1465
0.119,1464
0.119,1463
0.119,1462
0.119,1461
0.119,1460
0.119,1459
0.119,1458
0.119,1457
0.119,1456
0.119,1455
0.119,1454
0.119,1453
0.119,1452
0.119,1451
0.119,1450
0.119,1449
0.119,1448
0.119,1447
0.119,1446
0.119,1445
0.119,1444
0.119,1443
0.119,1442
0.119,1441
0.119,1440
0.119,1439
0.119,1438
0.119,1437
0.119,1436
0.119,1435
0.119,1434
0.119,1433
0.119,1432
0.119,1431
0.119,1430
0.119,1429
0.119,1428
0.119,1427
0.119,1426
0.119,1425
0.119,1424
0.119,1423
0.119,1422
0.119,1421
0.119,1420
0.119,1419
0.119,1418
0.119,1417
0.119,1416
0.119,1415
0.119,1414
0.119,1413
0.119,1412
0.119,1411
0.119,1410
0.119,1409
0.119,1408
0.119,1407
0.119,1406
0.119,1405
0.119,1404
0.119,1403
0.119,1402
0.119,1401
0.119,1400
0.119,1399
0.119,1398
0.119,1397
0.119,1396
0.119,1395
0.119,1394
0.119,1393
0.119,1392
0.119,1391
0.119,1390
0.119,1389
0.119,1388
0.119,1387
0.119,1386
0.119,1385
0.119,1384
0.119,1383
0.119,1382
0.119,1381
0.119,1380
0.119,1379
0.119,1378
0.119,1377
0.119,1376
0.119,1375
0.119,1374
0.119,1373
0.119,1372
0.119,1371
0.119,1370
0.119,1369
0.119,1368
0.119,1367
0.119,1366
0.119,1365
0.119,1364
0.119,1363
0.119,1362
0.119,1361
0.119,1360
0.119,1359
0.119,1358
0.119,1357
0.119,1356
0.119,1355
0.119,1354
0.119,1353
0.119,1352
0.119,1351
0.119,1350
0.119,1349
0.119,1348
0.119,1347
0.119,1346
0.119,1345
0.119,1344
0.119,1343
0.119,1342
0.119,1341
0.119,1340
0.119,1339
0.123,1338
0.123,1337
0.123,1336
0.123,1335
0.123,1334
0.123,1333
0.123,1332
0.123,1331
0.123,1330
0.123,1329
0.123,1328
0.123,1327
0.123,1326
0.123,1325
0.123,1324
0.123,1323
0.123,1322
0.123,1321
0.123,1320
0.123,1319
0.123,1318
0.123,1317
0.123,1316
0.123,1315
0.123,1314
0.123,1313
0.123,1312
0.123,1311
0.123,1310
0.123,1309
0.123,1308
0.123,1307
0.123,1306
0.123,1305
0.123,1304
0.123,1303
0.123,1302
0.123,1301
0.123,1300
0.123,1299
0.123,1298
0.123,1297
0.123,1296
0.123,1295
0.123,1294
0.123,1293
0.123,1292
0.123,1291
0.123,1290
0.123,1289
0.123,1288
0.123,1287
0.123,1286
0.123,1285
0.123,1284
0.123,1283
0.123,1282
0.123,1281
0.123,1280
0.123,1279
0.123,1278
0.123,1277
0.123,1276
0.123,1275
0.123,1274
0.123,1273
0.123,1272
0.123,1271
0.123,1270
0.123,1269
0.123,1268
0.123,1267
0.123,1266
0.123,1265
0.123,1264
0.123,1263
0.123,1262
0.123,1261
0.123,1260
0.123,1259
0.123,1258
0.123,1257
0.123,1256
0.123,1255
0.123,1254
0.123,1253
0.123,1252
0.123,1251
0.123,1250
0.123,1249
0.123,1248
0.123,1247
0.123,1246
0.123,1245
0.123,1244
0.123,1243
0.123,1242
0.123,1241
0.123,1240
0.123,1239
0.123,1238
0.123,1237
0.123,1236
0.123,1235
0.123,1234
0.123,1233
0.123,1232
0.123,1231
0.123,1230
0.123,1229
0.123,1228
0.123,1227
0.123,1226
0.123,1225
0.123,1224
0.123,1223
0.123,1222
0.123,1221
0.127,1220
0.127,1219
0.127,1218
0.127,1217
0.127,1216
0.127,1215
0.127,1214
0.127,1213
0.127,1212
0.127,1211
0.127,1210
0.127,1209
0.127,1208
0.127,1207
0.127,1206
0.127,1205
0.127,1204
0.127,1203
0.127,1202
0.127,1201
0.127,1200
0.127,1199
0.127,1198
0.127,1197
0.127,1196
0.127,1195
0.127,1194
0.127,1193
0.127,1192
0.127,1191
0.127,1190
0.127,1189
0.127,1188
0.127,1187
0.127,1186
0.127,1185
0.127,1184
0.127,1183
0.127,1182
0.127,1181
0.127,1180
0.127,1179
0.127,1178
0.127,1177
0.127,1176
0.127,1175
0.127,1174
0.127,1173
0.127,1172
0.127,1171
0.127,1170
0.127,1169
0.127,1168
0.127,1167
0.127,1166
0.127,1165
0.127,1164
0.127,1163
0.127,1162
0.127,1161
0.127,1160
0.127,1159
0.127,1158
0.127,1157
0.127,1156
0.127,1155
0.131,1154
0.131,1153
0.131,1152
0.131,1151
0.132,1150
0.132,1149
0.132,1148
0.132,1147
0.132,1146
0.132,1145
0.132,1144
0.132,1143
0.133,1142
0.133,1141
0.133,1140
0.133,1139
0.133,1138
0.133,1137
0.133,1136
0.133,1135
0.133,1134
0.134,1133
0.134,1132
0.134,1131
0.134,1130
0.134,1129
0.134,1128
0.134,1127
0.134,1126
0.135,1125
0.135,1124
0.135,1123
0.135,1122
0.135,1121
0.136,1120
0.136,1119
0.136,1118
0.136,1117
0.136,1116
0.136,1115
0.136,1114
0.136,1113
0.137,1112
0.137,1111
0.137,1110
0.137,1109
0.137,1108
0.137,1107
0.137,1106
0.137,1105
0.137,1104
0.138,1103
0.138,1102
0.138,1101
0.138,1100
0.138,1099
0.138,1098
0.139,1097
0.139,1096
0.139,1095
0.140,1094
0.140,1093
0.140,1092
0.141,1091
0.142,1090
0.142,1089
0.143,1088
0.143,1087
0.143,1086
0.143,1085
0.144,1084
0.144,1083
0.144,1082
0.147,1081
0.147,1080
0.155,1079
0.155,1078
0.175,1077
