0.115,1588
0.115,1587
0.115,1586
0.115,1585
0.115,1584
0.115,1583
0.115,1582
0.115,1581
0.115,1580
0.115,1579
0.115,1578
0.115,1577
0.115,1576
0.115,1575
0.115,1574
0.115,1573
0.115,1572
0.115,1571
0.115,1570
0.115,1569
0.115,1568
0.115,1567
0.115,1566
0.115,1565
0.115,1564
0.115,1563
0.115,1562
0.115,1561
0.115,1560
0.115,1559
0.115,1558
0.115,1557
0.115,1556
0.115,1555
0.115,1554
0.115,1553
0.115,1552
0.115,1551
0.115,1550
0.115,1549
0.115,1548
0.115,1547
0.115,1546
0.115,1545
0.115,1544
0.115,1543
0.115,1542
0.115,1541
0.115,1540
0.115,1539
0.115,1538
0.115,1537
0.115,1536
0.115,1535
0.115,1534
0.115,1533
0.115,1532
0.115,1531
0.115,1530
0.115,1529
0.115,1528
0.115,1527
0.115,1526
0.115,1525
0.115,1524
0.115,1523
0.115,1522
0.115,1521
0.115,1520
0.115,1519
0.115,1518
0.115,1517
0.115,1516
0.115,1515
0.115,1514
0.115,1513
0.115,1512
0.115,1511
0.115,1510
0.115,1509
0.115,1508
0.115,1507
0.115,1506
0.115,1505
0.115,1504
0.115,1503
0.115,1502
0.115,1501
0.115,1500
0.115,1499
0.115,1498
0.115,1497
0.115,1496
0.115,1495
0.115,1494
0.115,1493
0.115,1492
0.115,1491
0.115,1490
0.115,1489
0.115,1488
0.115,1487
0.115,1486
0.115,1485
0.115,1484
0.115,1483
0.115,1482
0.115,1481
0.115,1480
0.115,1479
0.115,1478
0.115,1477
0.115,1476
0.115,1475
0.115,1474
0.115,1473
0.115,1472
0.115,1471
0.115,1470
0.115,1469
0.115,1468
0.115,1467
0.115,1466
0.115,1465
0.115,1464
0.115,1463
0.115,1462
0.115,1461
0.115,1460
0.115,1459
0.115,1458
0.115,1457
0.115,1456
0.115,1455
0.115,1454
0.115,1453
0.115,1452
0.115,1451
0.115,1450
0.115,1449
0.115,1448
0.115,1447
0.115,1446
0.115,1445
0.115,1444
0.115,1443
0.115,1442
0.115,1441
0.115,1440
0.115,1439
0.115,1438
0.115,1437
0.115,1436
0.115,1435
0.115,1434
0.115,1433
0.115,1432
0.115,1431
0.115,1430
0.115,1429
0.115,1428
0.115,1427
0.115,1426
0.115,1425
0.115,1424
0.115,1423
0.115,1422
0.115,1421
0.115,1420
0.115,1419
0.115,1418
0.115,1417
0.115,1416
0.115,1415
0.115,1414
0.115,1413
0.115,1412
0.115,1411
0.115,1410
0.115,1409
0.115,1408
0.115,1407
0.115,1406
0.115,1405
0.115,1404
0.115,1403
0.115,1402
0.115,1401
0.115,1400
0.115,1399
0.115,1398
0.115,1397
0.115,1396
0.115,1395
0.115,1394
0.115,1393
0.115,1392
0.115,1391
0.115,1390
0.115,1389
0.115,1388
0.115,1387
0.115,1386
0.115,1385
0.115,1384
0.115,1383
0.115,1382
0.115,1381
0.115,1380
0.115,1379
0.115,1378
0.115,1377
0.115,1376
0.115,1375
0.115,1374
0.115,1373
0.115,1372
0.115,1371
0.115,1370
0.115,1369
0.115,1368
0.115,1367
0.115,1366
0.115,1365
0.115,1364
0.115,1363
0.115,1362
0.115,1361
0.115,1360
0.115,1359
0.115,1358
0.115,1357
0.115,1356
0.115,1355
0.115,1354
0.115,1353
0.115,1352
0.115,1351
0.115,1350
0.115,1349
0.115,1348
0.115,1347
0.115,1346
0.115,1345
0.115,1344
0.115,1343
0.115,1342
0.115,1341
0.115,1340
0.115,1339
0.115,1338
0.115,1337
0.115,1336
0.115,1335
0.115,1334
0.115,1333
0.115,1332
0.115,1331
0.115,1330
0.115,1329
0.115,1328
0.115,1327
0.115,1326
0.115,1325
0.115,1324
0.115,1323
0.115,1322
0.115,1321
0.115,1320
0.115,1319
0.115,1318
0.115,1317
0.115,1316
0.115,1315
0.115,1314
0.115,1313
0.115,1312
0.115,1311
0.115,1310
0.115,1309
0.115,1308
0.115,1307
0.115,1306
0.115,1305
0.115,1304
0.115,1303
0.115,1302
0.115,1301
0.115,1300
0.115,1299
0.115,1298
0.115,1297
0.115,1296
0.115,1295
0.115,1294
0.115,1293
0.115,1292
0.115,1291
0.115,1290
0.115,1289
0.115,1288
0.115,1287
0.115,1286
0.115,1285
0.115,1284
0.115,1283
0.115,1282
0.115,1281
0.115,1280
0.115,1279
0.115,1278
0.115,1277
0.115,1276
0.115,1275
0.115,1274
0.115,1273
0.115,1272
0.115,1271
0.115,1270
0.115,1269
0.115,1268
0.115,1267
0.115,1266
0.115,1265
0.115,1264
0.115,1263
0.115,1262
0.115,1261
0.115,1260
0.115,1259
0.115,1258
0.115,1257
0.115,1256
0.115,1255
0.115,1254
0.115,1253
0.115,1252
0.115,1251
0.115,1250
0.115,1249
0.115,1248
0.115,1247
0.115,1246
0.115,1245
0.115,1244
0.115,1243
0.115,1242
0.115,1241
0.115,1240
0.115,1239
0.115,1238
0.115,1237
0.115,1236
0.115,1235
0.115,1234
0.115,1233
0.115,1232
0.115,1231
0.115,1230
0.115,1229
0.115,1228
0.115,1227
0.115,1226
0.115,1225
0.115,1224
0.115,1223
0.115,1222
0.115,1221
0.115,1220
0.115,1219
0.115,1218
0.115,1217
0.115,1216
0.115,1215
0.115,1214
0.115,1213
0.115,1212
0.115,1211
0.115,1210
0.115,1209
0.115,1208
0.115,1207
0.115,1206
0.115,1205
0.115,1204
0.115,1203
0.115,1202
0.115,1201
0.115,1200
0.115,1199
0.115,1198
0.115,1197
0.115,1196
0.115,1195
0.115,1194
0.115,1193
0.115,1192
0.115,1191
0.115,1190
0.115,1189
0.115,1188
0.115,1187
0.115,1186
0.131,1185
0.131,1184
0.131,1183
0.131,1182
0.131,1181
0.131,1180
0.131,1179
0.131,1178
0.131,1177
0.131,1176
0.131,1175
0.131,1174
0.131,1173
0.131,1172
0.131,1171
0.131,1170
0.131,1169
0.131,1168
0.131,1167
0.131,1166
0.131,1165
0.131,1164
0.131,1163
0.131,1162
0.131,1161
0.131,1160
0.131,1159
0.131,1158
0.131,1157
0.131,1156
0.131,1155
0.131,1154
0.131,1153
0.131,1152
0.131,1151
0.131,1150
0.131,1149
0.131,1148
0.131,1147
0.131,1146
0.131,1145
0.131,1144
0.131,1143
0.131,1142
0.131,1141
0.131,1140
0.131,1139
0.131,1138
0.131,1137
0.131,1136
0.131,1135
0.131,1134
0.131,1133
0.131,1132
0.131,1131
0.131,1130
0.131,1129
0.131,1128
0.131,1127
0.131,1126
0.131,1125
0.131,1124
0.131,1123
0.131,1122
0.131,1121
0.131,1120
0.131,1119
0.131,1118
0.131,1117
0.131,1116
0.131,1115
0.131,1114
0.131,1113
0.131,1112
0.131,1111
0.131,1110
0.131,1109
0.131,1108
0.131,1107
0.131,1106
0.131,1105
0.131,1104
0.131,1103
0.131,1102
0.131,1101
0.131,1100
0.131,1099
0.131,1098
0.131,1097
0.131,1096
0.131,1095
0.131,1094
0.131,1093
0.131,1092
0.131,1091
0.131,1090
0.131,1089
0.131,1088
0.131,1087
0.131,1086
0.147,1085
0.147,1084
0.147,1083
0.147,1082
0.147,1081
0.147,1080
0.147,1079
0.147,1078
0.147,1077
0.147,1076
0.164,1075
