0.100,1588
0.100,1587
0.100,1586
0.100,1585
0.100,1584
0.100,1583
0.100,1582
0.100,1581
0.100,1580
0.100,1579
0.100,1578
0.100,1577
0.100,1576
0.100,1575
0.100,1574
0.100,1573
0.100,1572
0.100,1571
0.100,1570
0.100,1569
0.100,1568
0.100,1567
0.100,1566
0.100,1565
0.100,1564
0.100,1563
0.100,1562
0.100,1561
0.100,1560
0.100,1559
0.100,1558
0.100,1557
0.100,1556
0.100,1555
0.100,1554
0.100,1553
0.100,1552
0.100,1551
0.100,1550
0.100,1549
0.100,1548
0.100,1547
0.100,1546
0.100,1545
0.100,1544
0.100,1543
0.100,1542
0.100,1541
0.100,1540
0.100,1539
0.100,1538
0.100,1537
0.100,1536
0.100,1535
0.100,1534
0.100,1533
0.100,1532
0.100,1531
0.100,1530
0.100,1529
0.100,1528
0.100,1527
0.100,1526
0.100,1525
0.100,1524
0.100,1523
0.100,1522
0.100,1521
0.100,1520
0.100,1519
0.100,1518
0.100,1517
0.100,1516
0.100,1515
0.100,1514
0.100,1513
0.100,1512
0.100,1511
0.100,1510
0.100,1509
0.100,1508
0.100,1507
0.100,1506
0.100,1505
0.100,1504
0.100,1503
0.100,1502
0.100,1501
0.100,1500
0.100,1499
0.100,1498
0.100,1497
0.100,1496
0.100,1495
0.100,1494
0.100,1493
0.100,1492
0.100,1491
0.100,1490
0.100,1489
0.100,1488
0.100,1487
0.100,1486
0.100,1485
0.100,1484
0.100,1483
0.100,1482
0.100,1481
0.100,1480
0.100,1479
0.100,1478
0.100,1477
0.100,1476
0.100,1475
0.100,1474
0.100,1473
0.100,1472
0.100,1471
0.100,1470
0.100,1469
0.100,1468
0.100,1467
0.100,1466
0.100,1465
0.100,1464
0.100,1463
0.100,1462
0.100,1461
0.100,1460
0.100,1459
0.100,1458
0.100,1457
0.100,1456
0.100,1455
0.100,1454
0.100,1453
0.100,1452
0.100,1451
0.100,1450
0.100,1449
0.100,1448
0.100,1447
0.100,1446
0.100,1445
0.100,1444
0.100,1443
0.100,1442
0.100,1441
0.100,1440
0.100,1439
0.100,1438
0.100,1437
0.100,1436
0.100,1435
0.100,1434
0.100,1433
0.100,1432
0.100,1431
0.100,1430
0.100,1429
0.100,1428
0.100,1427
0.100,1426
0.100,1425
0.100,1424
0.100,1423
0.100,1422
0.100,1421
0.100,1420
0.100,1419
0.100,1418
0.100,1417
0.100,1416
0.100,1415
0.100,1414
0.100,1413
0.100,1412
0.100,1411
0.100,1410
0.100,1409
0.100,1408
0.100,1407
0.100,1406
0.100,1405
0.100,1404
0.100,1403
0.100,1402
0.100,1401
0.100,1400
0.100,1399
0.100,1398
0.100,1397
0.100,1396
0.100,1395
0.100,1394
0.100,1393
0.100,1392
0.100,1391
0.100,1390
0.100,1389
0.100,1388
0.100,1387
0.100,1386
0.100,1385
0.100,1384
0.100,1383
0.100,1382
0.100,1381
0.100,1380
0.100,1379
0.100,1378
0.100,1377
0.100,1376
0.100,1375
0.100,1374
0.100,1373
0.100,1372
0.100,1371
0.100,1370
0.100,1369
0.100,1368
0.100,1367
0.100,1366
0.100,1365
0.100,1364
0.100,1363
0.100,1362
0.100,1361
0.100,1360
0.100,1359
0.100,1358
0.100,1357
0.100,1356
0.100,1355
0.100,1354
0.100,1353
0.100,1352
0.100,1351
0.100,1350
0.100,1349
0.100,1348
0.100,1347
0.100,1346
0.100,1345
0.100,1344
0.100,1343
0.100,1342
0.100,1341
0.100,1340
0.100,1339
0.100,1338
0.100,1337
0.100,1336
0.100,1335
0.100,1334
0.100,1333
0.100,1332
0.100,1331
0.100,1330
0.100,1329
0.100,1328
0.100,1327
0.100,1326
0.100,1325
0.100,1324
0.100,1323
0.100,1322
0.100,1321
0.100,1320
0.100,1319
0.100,1318
0.100,1317
0.100,1316
0.100,1315
0.100,1314
0.100,1313
0.100,1312
0.100,1311
0.100,1310
0.100,1309
0.100,1308
0.100,1307
0.100,1306
0.100,1305
0.100,1304
0.100,1303
0.100,1302
0.100,1301
0.100,1300
0.100,1299
0.100,1298
0.100,1297
0.100,1296
0.100,1295
0.100,1294
0.100,1293
0.100,1292
0.100,1291
0.100,1290
0.100,1289
0.100,1288
0.100,1287
0.100,1286
0.100,1285
0.100,1284
0.100,1283
0.100,1282
0.100,1281
0.100,1280
0.100,1279
0.100,1278
0.100,1277
0.100,1276
0.100,1275
0.100,1274
0.100,1273
0.100,1272
0.100,1271
0.100,1270
0.100,1269
0.100,1268
0.100,1267
0.100,1266
0.100,1265
0.100,1264
0.100,1263
0.100,1262
0.100,1261
0.100,1260
0.100,1259
0.100,1258
0.100,1257
0.100,1256
0.100,1255
0.100,1254
0.100,1253
0.100,1252
0.100,1251
0.100,1250
0.100,1249
0.100,1248
0.100,1247
0.100,1246
0.100,1245
0.100,1244
0.100,1243
0.100,1242
0.100,1241
0.100,1240
0.100,1239
0.100,1238
0.100,1237
0.100,1236
0.100,1235
0.100,1234
0.100,1233
0.100,1232
0.100,1231
0.100,1230
0.100,1229
0.100,1228
0.100,1227
0.100,1226
0.100,1225
0.100,1224
0.100,1223
0.100,1222
0.100,1221
0.100,1220
0.100,1219
0.100,1218
0.100,1217
0.115,1216
0.115,1215
0.115,1214
0.115,1213
0.115,1212
0.115,1211
0.115,1210
0.115,1209
0.115,1208
0.115,1207
0.116,1206
0.116,1205
0.116,1204
0.116,1203
0.116,1202
0.116,1201
0.116,1200
0.116,1199
0.116,1198
0.116,1197
0.116,1196
0.116,1195
0.116,1194
0.117,1193
0.117,1192
0.117,1191
0.117,1190
0.117,1189
0.117,1188
0.117,1187
0.117,1186
0.117,1185
0.117,1184
0.117,1183
0.117,1182
0.117,1181
0.117,1180
0.117,1179
0.117,1178
0.117,1177
0.117,1176
0.117,1175
0.117,1174
0.118,1173
0.118,1172
0.118,1171
0.118,1170
0.118,1169
0.118,1168
0.118,1167
0.118,1166
0.118,1165
0.118,1164
0.118,1163
0.118,1162
0.118,1161
0.118,1160
0.118,1159
0.118,1158
0.118,1157
0.118,1156
0.119,1155
0.119,1154
0.119,1153
0.119,1152
0.119,1151
0.119,1150
0.119,1149
0.119,1148
0.119,1147
0.119,1146
0.119,1145
0.119,1144
0.119,1143
0.119,1142
0.120,1141
0.120,1140
0.120,1139
0.120,1138
0.120,1137
0.120,1136
0.120,1135
0.120,1134
0.121,1133
0.121,1132
0.121,1131
0.121,1130
0.121,1129
0.121,1128
0.121,1127
0.122,1126
0.122,1125
0.122,1124
0.122,1123
0.122,1122
0.122,1121
0.122,1120
0.122,1119
0.122,1118
0.122,1117
0.122,1116
0.122,1115
0.122,1114
0.122,1113
0.122,1112
0.122,1111
0.122,1110
0.122,1109
0.122,1108
0.122,1107
0.122,1106
0.122,1105
0.122,1104
0.122,1103
0.122,1102
0.122,1101
0.122,1100
0.122,1099
0.122,1098
0.122,1097
0.122,1096
0.122,1095
0.122,1094
0.122,1093
0.122,1092
0.122,1091
0.122,1090
0.122,1089
0.122,1088
0.122,1087
0.122,1086
0.122,1085
0.122,1084
0.122,1083
0.122,1082
0.122,1081
0.138,1080
