0.108,1588
0.108,1587
0.108,1586
0.108,1585
0.108,1584
0.108,1583
0.108,1582
0.108,1581
0.108,1580
0.108,1579
0.108,1578
0.108,1577
0.108,1576
0.108,1575
0.108,1574
0.108,1573
0.108,1572
0.108,1571
0.108,1570
0.108,1569
0.108,1568
0.108,1567
0.108,1566
0.108,1565
0.108,1564
0.108,1563
0.108,1562
0.108,1561
0.108,1560
0.108,1559
0.108,1558
0.108,1557
0.108,1556
0.108,1555
0.108,1554
0.108,1553
0.108,1552
0.108,1551
0.108,1550
0.108,1549
0.108,1548
0.108,1547
0.108,1546
0.108,1545
0.108,1544
0.108,1543
0.108,1542
0.108,1541
0.108,1540
0.108,1539
0.108,1538
0.108,1537
0.108,1536
0.108,1535
0.108,1534
0.108,1533
0.108,1532
0.108,1531
0.108,1530
0.108,1529
0.108,1528
0.108,1527
0.108,1526
0.108,1525
0.108,1524
0.108,1523
0.108,1522
0.108,1521
0.108,1520
0.108,1519
0.108,1518
0.108,1517
0.108,1516
0.108,1515
0.108,1514
0.108,1513
0.108,1512
0.108,1511
0.108,1510
0.108,1509
0.108,1508
0.108,1507
0.108,1506
0.108,1505
0.108,1504
0.108,1503
0.108,1502
0.108,1501
0.108,1500
0.108,1499
0.108,1498
0.108,1497
0.108,1496
0.108,1495
0.108,1494
0.108,1493
0.108,1492
0.108,1491
0.108,1490
0.108,1489
0.108,1488
0.108,1487
0.108,1486
0.108,1485
0.108,1484
0.108,1483
0.108,1482
0.108,1481
0.108,1480
0.108,1479
0.108,1478
0.108,1477
0.108,1476
0.108,1475
0.108,1474
0.108,1473
0.108,1472
0.108,1471
0.108,1470
0.108,1469
0.108,1468
0.108,1467
0.108,1466
0.108,1465
0.108,1464
0.108,1463
0.108,1462
0.108,1461
0.108,1460
0.108,1459
0.108,1458
0.108,1457
0.108,1456
0.108,1455
0.108,1454
0.108,1453
0.108,1452
0.108,1451
0.108,1450
0.108,1449
0.108,1448
0.108,1447
0.108,1446
0.108,1445
0.108,1444
0.108,1443
0.108,1442
0.108,1441
0.108,1440
0.108,1439
0.108,1438
0.108,1437
0.108,1436
0.108,1435
0.108,1434
0.112,1433
0.112,1432
0.112,1431
0.112,1430
0.112,1429
0.112,1428
0.112,1427
0.112,1426
0.112,1425
0.112,1424
0.112,1423
0.112,1422
0.112,1421
0.112,1420
0.112,1419
0.112,1418
0.112,1417
0.112,1416
0.112,1415
0.112,1414
0.112,1413
0.112,1412
0.112,1411
0.112,1410
0.112,1409
0.112,1408
0.112,1407
0.112,1406
0.112,1405
0.112,1404
0.112,1403
0.112,1402
0.112,1401
0.112,1400
0.112,1399
0.112,1398
0.112,1397
0.112,1396
0.112,1395
0.112,1394
0.112,1393
0.112,1392
0.112,1391
0.112,1390
0.112,1389
0.112,1388
0.112,1387
0.112,1386
0.112,1385
0.112,1384
0.112,1383
0.112,1382
0.112,1381
0.112,1380
0.112,1379
0.112,1378
0.112,1377
0.112,1376
0.112,1375
0.112,1374
0.112,1373
0.112,1372
0.112,1371
0.112,1370
0.112,1369
0.112,1368
0.112,1367
0.112,1366
0.112,1365
0.112,1364
0.112,1363
0.112,1362
0.112,1361
0.112,1360
0.112,1359
0.112,1358
0.112,1357
0.112,1356
0.112,1355
0.112,1354
0.112,1353
0.112,1352
0.112,1351
0.112,1350
0.112,1349
0.112,1348
0.112,1347
0.112,1346
0.112,1345
0.112,1344
0.112,1343
0.112,1342
0.112,1341
0.112,1340
0.112,1339
0.112,1338
0.112,1337
0.112,1336
0.112,1335
0.112,1334
0.112,1333
0.112,1332
0.112,1331
0.112,1330
0.112,1329
0.112,1328
0.112,1327
0.112,1326
0.112,1325
0.112,1324
0.112,1323
0.112,1322
0.112,1321
0.112,1320
0.112,1319
0.112,1318
0.112,1317
0.112,1316
0.112,1315
0.112,1314
0.112,1313
0.112,1312
0.112,1311
0.112,1310
0.112,1309
0.112,1308
0.112,1307
0.112,1306
0.112,1305
0.112,1304
0.112,1303
0.112,1302
0.112,1301
0.112,1300
0.112,1299
0.112,1298
0.112,1297
0.112,1296
0.112,1295
0.112,1294
0.112,1293
0.112,1292
0.112,1291
0.112,1290
0.112,1289
0.112,1288
0.112,1287
0.112,1286
0.112,1285
0.112,1284
0.112,1283
0.112,1282
0.112,1281
0.112,1280
0.112,1279
0.112,1278
0.112,1277
0.112,1276
0.112,1275
0.112,1274
0.112,1273
0.112,1272
0.112,1271
0.112,1270
0.112,1269
0.112,1268
0.112,1267
0.112,1266
0.112,1265
0.112,1264
0.112,1263
0.112,1262
0.112,1261
0.116,1260
0.116,1259
0.116,1258
0.116,1257
0.116,1256
0.116,1255
0.116,1254
0.116,1253
0.116,1252
0.116,1251
0.116,1250
0.116,1249
0.116,1248
0.116,1247
0.116,1246
0.116,1245
0.116,1244
0.116,1243
0.116,1242
0.116,1241
0.116,1240
0.116,1239
0.116,1238
0.116,1237
0.116,1236
0.116,1235
0.116,1234
0.116,1233
0.116,1232
0.116,1231
0.116,1230
0.116,1229
0.116,1228
0.116,1227
0.116,1226
0.116,1225
0.116,1224
0.116,1223
0.116,1222
0.116,1221
0.116,1220
0.116,1219
0.116,1218
0.116,1217
0.116,1216
0.116,1215
0.116,1214
0.116,1213
0.116,1212
0.116,1211
0.116,1210
0.116,1209
0.116,1208
0.116,1207
0.116,1206
0.116,1205
0.116,1204
0.116,1203
0.116,1202
0.116,1201
0.116,1200
0.116,1199
0.116,1198
0.116,1197
0.116,1196
0.116,1195
0.116,1194
0.116,1193
0.116,1192
0.116,1191
0.116,1190
0.116,1189
0.116,1188
0.116,1187
0.116,1186
0.120,1185
0.120,1184
0.120,1183
0.120,1182
0.120,1181
0.120,1180
0.120,1179
0.120,1178
0.120,1177
0.120,1176
0.120,1175
0.120,1174
0.120,1173
0.120,1172
0.120,1171
0.120,1170
0.120,1169
0.120,1168
0.120,1167
0.120,1166
0.120,1165
0.120,1164
0.120,1163
0.120,1162
0.120,1161
0.120,1160
0.120,1159
0.120,1158
0.120,1157
0.120,1156
0.120,1155
0.120,1154
0.120,1153
0.120,1152
0.120,1151
0.120,1150
0.120,1149
0.120,1148
0.120,1147
0.120,1146
0.120,1145
0.120,1144
0.120,1143
0.120,1142
0.120,1141
0.120,1140
0.120,1139
0.120,1138
0.120,1137
0.120,1136
0.120,1135
0.120,1134
0.120,1133
0.120,1132
0.120,1131
0.124,1130
0.124,1129
0.124,1128
0.124,1127
0.124,1126
0.124,1125
0.124,1124
0.124,1123
0.124,1122
0.124,1121
0.124,1120
0.124,1119
0.124,1118
0.124,1117
0.124,1116
0.124,1115
0.124,1114
0.124,1113
0.124,1112
0.124,1111
0.124,1110
0.128,1109
0.128,1108
0.128,1107
0.128,1106
0.128,1105
0.128,1104
0.128,1103
0.128,1102
0.128,1101
0.128,1100
0.132,1099
0.132,1098
0.132,1097
0.132,1096
0.132,1095
0.136,1094
0.136,1093
0.136,1092
