0.195,1588
0.195,1587
0.195,1586
0.195,1585
0.195,1584
0.195,1583
0.195,1582
0.195,1581
0.195,1580
0.195,1579
0.195,1578
0.195,1577
0.195,1576
0.195,1575
0.195,1574
0.195,1573
0.195,1572
0.195,1571
0.195,1570
0.195,1569
0.195,1568
0.195,1567
0.195,1566
0.195,1565
0.195,1564
0.195,1563
0.195,1562
0.211,1561
0.211,1560
0.211,1559
0.212,1558
0.212,1557
0.212,1556
0.213,1555
0.213,1554
0.213,1553
0.213,1552
0.213,1551
0.214,1550
0.214,1549
0.214,1548
0.214,1547
0.215,1546
0.215,1545
0.215,1544
0.215,1543
0.216,1542
0.216,1541
0.216,1540
0.216,1539
0.216,1538
0.217,1537
0.217,1536
0.217,1535
0.217,1534
0.218,1533
0.218,1532
0.218,1531
0.218,1530
0.219,1529
0.219,1528
0.219,1527
0.219,1526
0.220,1525
0.220,1524
0.220,1523
0.220,1522
0.221,1521
0.221,1520
0.221,1519
0.221,1518
0.222,1517
0.222,1516
0.222,1515
0.223,1514
0.223,1513
0.223,1512
0.223,1511
0.223,1510
0.223,1509
0.223,1508
0.223,1507
0.223,1506
0.223,1505
0.223,1504
0.223,1503
0.223,1502
0.223,1501
0.223,1500
0.223,1499
0.223,1498
0.223,1497
0.227,1496
0.227,1495
0.227,1494
0.227,1493
0.227,1492
0.227,1491
0.227,1490
0.227,1489
0.227,1488
0.227,1487
0.231,1486
0.231,1485
0.231,1484
0.231,1483
0.231,1482
0.231,1481
0.231,1480
0.231,1479
0.231,1478
0.231,1477
0.231,1476
0.231,1475
0.231,1474
0.231,1473
0.231,1472
0.231,1471
0.231,1470
0.231,1469
0.231,1468
0.231,1467
0.231,1466
0.231,1465
0.231,1464
0.231,1463
0.231,1462
0.235,1461
0.235,1460
0.235,1459
0.235,1458
0.235,1457
0.235,1456
0.235,1455
0.235,1454
0.235,1453
0.235,1452
0.235,1451
0.235,1450
0.235,1449
0.235,1448
0.235,1447
0.235,1446
0.235,1445
0.235,1444
0.235,1443
0.235,1442
0.235,1441
0.235,1440
0.235,1439
0.235,1438
0.235,1437
0.235,1436
0.235,1435
0.235,1434
0.235,1433
0.235,1432
0.235,1431
0.235,1430
0.235,1429
0.235,1428
0.235,1427
0.235,1426
0.235,1425
0.235,1424
0.235,1423
0.235,1422
0.235,1421
0.235,1420
0.235,1419
0.235,1418
0.235,1417
0.235,1416
0.235,1415
0.235,1414
0.235,1413
0.235,1412
0.235,1411
0.235,1410
0.235,1409
0.235,1408
0.235,1407
0.235,1406
0.235,1405
0.235,1404
0.235,1403
0.235,1402
0.235,1401
0.235,1400
0.235,1399
0.235,1398
0.235,1397
0.235,1396
0.235,1395
0.235,1394
0.235,1393
0.235,1392
0.235,1391
0.235,1390
0.235,1389
0.235,1388
0.235,1387
0.235,1386
0.235,1385
0.235,1384
0.235,1383
0.235,1382
0.235,1381
0.235,1380
0.235,1379
0.235,1378
0.235,1377
0.235,1376
0.235,1375
0.235,1374
0.235,1373
0.235,1372
0.235,1371
0.235,1370
0.235,1369
0.235,1368
0.235,1367
0.235,1366
0.235,1365
0.235,1364
0.235,1363
0.235,1362
0.235,1361
0.235,1360
0.235,1359
0.235,1358
0.235,1357
0.235,1356
0.235,1355
0.235,1354
0.235,1353
0.235,1352
0.235,1351
0.235,1350
0.235,1349
0.235,1348
0.235,1347
0.235,1346
0.235,1345
0.235,1344
0.235,1343
0.235,1342
0.235,1341
0.235,1340
0.235,1339
0.235,1338
0.235,1337
0.235,1336
0.235,1335
0.251,1334
0.251,1333
0.251,1332
0.251,1331
0.251,1330
0.251,1329
0.251,1328
0.251,1327
0.251,1326
0.251,1325
0.251,1324
0.251,1323
0.251,1322
0.251,1321
0.251,1320
0.251,1319
0.251,1318
0.251,1317
0.251,1316
0.251,1315
0.251,1314
0.251,1313
0.251,1312
0.251,1311
0.251,1310
0.251,1309
0.251,1308
0.251,1307
0.251,1306
0.251,1305
0.251,1304
0.251,1303
0.251,1302
0.251,1301
0.251,1300
0.251,1299
0.251,1298
0.251,1297
0.251,1296
0.251,1295
0.251,1294
0.251,1293
0.251,1292
0.251,1291
0.251,1290
0.251,1289
0.251,1288
0.251,1287
0.251,1286
0.251,1285
0.251,1284
0.251,1283
0.251,1282
0.251,1281
0.251,1280
0.251,1279
0.251,1278
0.251,1277
0.251,1276
0.251,1275
0.251,1274
0.251,1273
0.251,1272
0.251,1271
0.251,1270
0.251,1269
0.251,1268
0.251,1267
0.251,1266
0.251,1265
0.251,1264
0.251,1263
0.251,1262
0.251,1261
0.251,1260
0.251,1259
0.251,1258
0.251,1257
0.251,1256
0.251,1255
0.251,1254
0.251,1253
0.251,1252
0.251,1251
0.251,1250
0.251,1249
0.251,1248
0.251,1247
0.251,1246
0.251,1245
0.251,1244
0.251,1243
0.251,1242
0.251,1241
0.251,1240
0.251,1239
0.251,1238
0.251,1237
0.251,1236
0.251,1235
0.251,1234
0.251,1233
0.251,1232
0.251,1231
0.251,1230
0.251,1229
0.251,1228
0.251,1227
0.251,1226
0.251,1225
0.251,1224
0.251,1223
0.251,1222
0.251,1221
0.251,1220
0.251,1219
0.251,1218
0.251,1217
0.251,1216
0.251,1215
0.251,1214
0.266,1213
0.266,1212
0.266,1211
0.266,1210
0.266,1209
0.266,1208
0.266,1207
0.266,1206
0.266,1205
0.266,1204
0.266,1203
0.266,1202
0.266,1201
0.266,1200
0.266,1199
0.266,1198
0.266,1197
0.266,1196
0.266,1195
0.266,1194
0.266,1193
0.266,1192
0.266,1191
0.266,1190
0.266,1189
0.266,1188
0.266,1187
0.266,1186
0.266,1185
0.266,1184
0.266,1183
0.266,1182
0.266,1181
0.266,1180
0.266,1179
0.266,1178
0.266,1177
0.266,1176
0.266,1175
0.266,1174
0.266,1173
0.266,1172
0.266,1171
0.266,1170
0.266,1169
0.266,1168
0.266,1167
0.266,1166
0.266,1165
0.266,1164
0.266,1163
0.266,1162
0.266,1161
0.266,1160
0.266,1159
0.266,1158
0.266,1157
0.266,1156
0.266,1155
0.266,1154
0.266,1153
0.266,1152
0.266,1151
0.266,1150
0.266,1149
0.266,1148
0.266,1147
0.266,1146
0.266,1145
0.266,1144
0.266,1143
0.266,1142
0.266,1141
0.266,1140
0.266,1139
0.266,1138
0.266,1137
0.266,1136
0.266,1135
0.266,1134
0.266,1133
0.266,1132
0.266,1131
0.266,1130
0.266,1129
0.266,1128
0.266,1127
0.266,1126
0.266,1125
0.266,1124
0.266,1123
0.266,1122
0.266,1121
0.266,1120
0.266,1119
0.266,1118
0.266,1117
0.266,1116
0.266,1115
0.266,1114
0.266,1113
0.266,1112
0.266,1111
0.266,1110
0.266,1109
0.266,1108
0.266,1107
0.266,1106
0.266,1105
0.266,1104
0.266,1103
0.266,1102
0.266,1101
0.266,1100
0.266,1099
0.266,1098
0.266,1097
0.266,1096
0.282,1095
0.282,1094
0.282,1093
0.282,1092
0.282,1091
0.282,1090
0.282,1089
0.282,1088
0.282,1087
0.282,1086
0.282,1085
0.282,1084
0.282,1083
0.282,1082
0.282,1081
0.282,1080
0.282,1079
0.282,1078
0.282,1077
0.282,1076
0.282,1075
0.282,1074
0.282,1073
0.282,1072
0.282,1071
0.282,1070
0.282,1069
0.282,1068
0.282,1067
0.282,1066
0.282,1065
0.282,1064
0.282,1063
0.282,1062
0.298,1061
0.298,1060
0.298,1059
0.298,1058
0.298,1057
0.320,1056
0.323,1055
