0.152,1588
0.152,1587
0.152,1586
0.152,1585
0.152,1584
0.152,1583
0.152,1582
0.152,1581
0.152,1580
0.152,1579
0.152,1578
0.152,1577
0.152,1576
0.152,1575
0.152,1574
0.152,1573
0.152,1572
0.152,1571
0.152,1570
0.153,1569
0.153,1568
0.153,1567
0.153,1566
0.153,1565
0.153,1564
0.153,1563
0.153,1562
0.153,1561
0.153,1560
0.153,1559
0.153,1558
0.153,1557
0.153,1556
0.153,1555
0.153,1554
0.153,1553
0.153,1552
0.153,1551
0.153,1550
0.153,1549
0.153,1548
0.153,1547
0.153,1546
0.154,1545
0.154,1544
0.154,1543
0.154,1542
0.154,1541
0.154,1540
0.154,1539
0.154,1538
0.154,1537
0.154,1536
0.154,1535
0.154,1534
0.154,1533
0.154,1532
0.154,1531
0.154,1530
0.154,1529
0.154,1528
0.154,1527
0.154,1526
0.154,1525
0.154,1524
0.154,1523
0.154,1522
0.154,1521
0.154,1520
0.154,1519
0.154,1518
0.154,1517
0.154,1516
0.154,1515
0.154,1514
0.154,1513
0.154,1512
0.154,1511
0.154,1510
0.154,1509
0.154,1508
0.154,1507
0.154,1506
0.154,1505
0.154,1504
0.154,1503
0.154,1502
0.154,1501
0.154,1500
0.154,1499
0.154,1498
0.154,1497
0.154,1496
0.154,1495
0.154,1494
0.154,1493
0.154,1492
0.154,1491
0.154,1490
0.154,1489
0.154,1488
0.154,1487
0.154,1486
0.154,1485
0.154,1484
0.154,1483
0.154,1482
0.154,1481
0.154,1480
0.154,1479
0.154,1478
0.154,1477
0.154,1476
0.154,1475
0.154,1474
0.154,1473
0.154,1472
0.154,1471
0.154,1470
0.154,1469
0.154,1468
0.154,1467
0.154,1466
0.154,1465
0.154,1464
0.154,1463
0.154,1462
0.154,1461
0.154,1460
0.154,1459
0.154,1458
0.154,1457
0.154,1456
0.154,1455
0.154,1454
0.154,1453
0.154,1452
0.154,1451
0.154,1450
0.154,1449
0.154,1448
0.154,1447
0.154,1446
0.154,1445
0.154,1444
0.154,1443
0.154,1442
0.154,1441
0.154,1440
0.154,1439
0.154,1438
0.154,1437
0.154,1436
0.154,1435
0.154,1434
0.154,1433
0.154,1432
0.154,1431
0.154,1430
0.154,1429
0.154,1428
0.154,1427
0.154,1426
0.154,1425
0.154,1424
0.154,1423
0.154,1422
0.154,1421
0.154,1420
0.154,1419
0.154,1418
0.154,1417
0.154,1416
0.154,1415
0.154,1414
0.154,1413
0.154,1412
0.154,1411
0.154,1410
0.154,1409
0.154,1408
0.154,1407
0.154,1406
0.154,1405
0.154,1404
0.154,1403
0.154,1402
0.154,1401
0.154,1400
0.154,1399
0.154,1398
0.154,1397
0.154,1396
0.154,1395
0.154,1394
0.154,1393
0.154,1392
0.154,1391
0.154,1390
0.154,1389
0.154,1388
0.154,1387
0.154,1386
0.154,1385
0.154,1384
0.154,1383
0.154,1382
0.154,1381
0.154,1380
0.154,1379
0.154,1378
0.154,1377
0.154,1376
0.154,1375
0.154,1374
0.154,1373
0.154,1372
0.154,1371
0.154,1370
0.154,1369
0.154,1368
0.154,1367
0.154,1366
0.154,1365
0.154,1364
0.154,1363
0.154,1362
0.154,1361
0.154,1360
0.154,1359
0.154,1358
0.154,1357
0.154,1356
0.154,1355
0.154,1354
0.154,1353
0.154,1352
0.154,1351
0.154,1350
0.154,1349
0.154,1348
0.154,1347
0.154,1346
0.154,1345
0.154,1344
0.154,1343
0.154,1342
0.154,1341
0.154,1340
0.154,1339
0.154,1338
0.154,1337
0.154,1336
0.154,1335
0.154,1334
0.154,1333
0.154,1332
0.154,1331
0.154,1330
0.154,1329
0.154,1328
0.154,1327
0.154,1326
0.154,1325
0.154,1324
0.154,1323
0.154,1322
0.154,1321
0.154,1320
0.154,1319
0.154,1318
0.154,1317
0.154,1316
0.154,1315
0.154,1314
0.154,1313
0.154,1312
0.154,1311
0.154,1310
0.154,1309
0.154,1308
0.154,1307
0.154,1306
0.154,1305
0.154,1304
0.154,1303
0.154,1302
0.154,1301
0.154,1300
0.154,1299
0.154,1298
0.154,1297
0.154,1296
0.154,1295
0.154,1294
0.154,1293
0.154,1292
0.154,1291
0.154,1290
0.154,1289
0.154,1288
0.154,1287
0.154,1286
0.154,1285
0.154,1284
0.154,1283
0.154,1282
0.154,1281
0.154,1280
0.154,1279
0.154,1278
0.154,1277
0.154,1276
0.154,1275
0.154,1274
0.154,1273
0.154,1272
0.154,1271
0.154,1270
0.154,1269
0.154,1268
0.154,1267
0.154,1266
0.154,1265
0.154,1264
0.154,1263
0.154,1262
0.154,1261
0.154,1260
0.154,1259
0.154,1258
0.154,1257
0.154,1256
0.154,1255
0.154,1254
0.154,1253
0.154,1252
0.154,1251
0.154,1250
0.154,1249
0.154,1248
0.154,1247
0.154,1246
0.154,1245
0.154,1244
0.154,1243
0.154,1242
0.154,1241
0.154,1240
0.154,1239
0.154,1238
0.170,1237
0.170,1236
0.170,1235
0.170,1234
0.170,1233
0.170,1232
0.170,1231
0.170,1230
0.170,1229
0.170,1228
0.170,1227
0.170,1226
0.170,1225
0.170,1224
0.170,1223
0.170,1222
0.170,1221
0.170,1220
0.170,1219
0.170,1218
0.170,1217
0.170,1216
0.170,1215
0.170,1214
0.170,1213
0.170,1212
0.170,1211
0.170,1210
0.170,1209
0.170,1208
0.170,1207
0.170,1206
0.170,1205
0.170,1204
0.170,1203
0.170,1202
0.170,1201
0.170,1200
0.170,1199
0.170,1198
0.170,1197
0.170,1196
0.170,1195
0.170,1194
0.170,1193
0.170,1192
0.170,1191
0.170,1190
0.170,1189
0.170,1188
0.170,1187
0.170,1186
0.170,1185
0.170,1184
0.170,1183
0.170,1182
0.170,1181
0.170,1180
0.170,1179
0.170,1178
0.170,1177
0.170,1176
0.170,1175
0.170,1174
0.170,1173
0.170,1172
0.170,1171
0.170,1170
0.170,1169
0.170,1168
0.170,1167
0.170,1166
0.170,1165
0.170,1164
0.170,1163
0.170,1162
0.170,1161
0.170,1160
0.170,1159
0.170,1158
0.170,1157
0.170,1156
0.170,1155
0.170,1154
0.170,1153
0.170,1152
0.170,1151
0.170,1150
0.170,1149
0.170,1148
0.170,1147
0.170,1146
0.170,1145
0.170,1144
0.170,1143
0.170,1142
0.170,1141
0.170,1140
0.170,1139
0.170,1138
0.170,1137
0.170,1136
0.170,1135
0.170,1134
0.170,1133
0.170,1132
0.170,1131
0.170,1130
0.170,1129
0.170,1128
0.170,1127
0.170,1126
0.170,1125
0.170,1124
0.170,1123
0.170,1122
0.170,1121
0.170,1120
0.170,1119
0.170,1118
0.170,1117
0.170,1116
0.170,1115
0.170,1114
0.170,1113
0.170,1112
0.170,1111
0.170,1110
0.170,1109
0.170,1108
0.170,1107
0.170,1106
0.185,1105
0.185,1104
0.185,1103
0.185,1102
0.185,1101
0.185,1100
0.185,1099
0.185,1098
0.185,1097
0.185,1096
0.185,1095
0.185,1094
0.185,1093
0.185,1092
0.185,1091
0.201,1090
0.201,1089
0.201,1088
0.201,1087
