0.147,1588
0.147,1587
0.147,1586
0.147,1585
0.147,1584
0.147,1583
0.147,1582
0.147,1581
0.147,1580
0.147,1579
0.147,1578
0.147,1577
0.147,1576
0.147,1575
0.147,1574
0.147,1573
0.147,1572
0.147,1571
0.147,1570
0.147,1569
0.147,1568
0.147,1567
0.147,1566
0.147,1565
0.147,1564
0.147,1563
0.147,1562
0.147,1561
0.147,1560
0.147,1559
0.147,1558
0.147,1557
0.147,1556
0.147,1555
0.147,1554
0.147,1553
0.147,1552
0.147,1551
0.147,1550
0.147,1549
0.147,1548
0.147,1547
0.147,1546
0.147,1545
0.147,1544
0.147,1543
0.147,1542
0.163,1541
0.163,1540
0.163,1539
0.163,1538
0.163,1537
0.163,1536
0.163,1535
0.163,1534
0.163,1533
0.163,1532
0.163,1531
0.163,1530
0.163,1529
0.163,1528
0.163,1527
0.163,1526
0.163,1525
0.163,1524
0.163,1523
0.163,1522
0.163,1521
0.163,1520
0.163,1519
0.163,1518
0.163,1517
0.163,1516
0.163,1515
0.163,1514
0.163,1513
0.163,1512
0.163,1511
0.163,1510
0.163,1509
0.163,1508
0.163,1507
0.163,1506
0.163,1505
0.163,1504
0.163,1503
0.163,1502
0.163,1501
0.163,1500
0.163,1499
0.163,1498
0.163,1497
0.163,1496
0.163,1495
0.163,1494
0.163,1493
0.163,1492
0.163,1491
0.163,1490
0.163,1489
0.163,1488
0.163,1487
0.163,1486
0.163,1485
0.163,1484
0.163,1483
0.163,1482
0.163,1481
0.163,1480
0.163,1479
0.163,1478
0.163,1477
0.163,1476
0.163,1475
0.163,1474
0.163,1473
0.163,1472
0.163,1471
0.163,1470
0.163,1469
0.163,1468
0.163,1467
0.163,1466
0.163,1465
0.163,1464
0.163,1463
0.163,1462
0.163,1461
0.163,1460
0.163,1459
0.163,1458
0.163,1457
0.163,1456
0.163,1455
0.163,1454
0.163,1453
0.163,1452
0.163,1451
0.163,1450
0.163,1449
0.163,1448
0.163,1447
0.163,1446
0.163,1445
0.163,1444
0.163,1443
0.163,1442
0.163,1441
0.163,1440
0.163,1439
0.163,1438
0.163,1437
0.163,1436
0.163,1435
0.163,1434
0.163,1433
0.163,1432
0.163,1431
0.163,1430
0.163,1429
0.163,1428
0.163,1427
0.163,1426
0.163,1425
0.163,1424
0.163,1423
0.163,1422
0.163,1421
0.163,1420
0.163,1419
0.163,1418
0.163,1417
0.163,1416
0.163,1415
0.163,1414
0.163,1413
0.163,1412
0.163,1411
0.163,1410
0.163,1409
0.163,1408
0.163,1407
0.163,1406
0.163,1405
0.163,1404
0.163,1403
0.163,1402
0.163,1401
0.163,1400
0.163,1399
0.163,1398
0.163,1397
0.163,1396
0.163,1395
0.163,1394
0.163,1393
0.163,1392
0.163,1391
0.163,1390
0.163,1389
0.163,1388
0.163,1387
0.163,1386
0.163,1385
0.163,1384
0.163,1383
0.163,1382
0.163,1381
0.163,1380
0.163,1379
0.163,1378
0.163,1377
0.163,1376
0.163,1375
0.163,1374
0.163,1373
0.163,1372
0.163,1371
0.163,1370
0.163,1369
0.163,1368
0.163,1367
0.163,1366
0.163,1365
0.163,1364
0.163,1363
0.163,1362
0.163,1361
0.163,1360
0.163,1359
0.163,1358
0.163,1357
0.163,1356
0.163,1355
0.163,1354
0.163,1353
0.163,1352
0.163,1351
0.163,1350
0.163,1349
0.163,1348
0.163,1347
0.163,1346
0.163,1345
0.163,1344
0.163,1343
0.163,1342
0.163,1341
0.163,1340
0.163,1339
0.163,1338
0.163,1337
0.163,1336
0.163,1335
0.163,1334
0.163,1333
0.163,1332
0.163,1331
0.163,1330
0.163,1329
0.163,1328
0.163,1327
0.163,1326
0.163,1325
0.163,1324
0.163,1323
0.163,1322
0.163,1321
0.163,1320
0.163,1319
0.163,1318
0.163,1317
0.163,1316
0.163,1315
0.163,1314
0.163,1313
0.163,1312
0.163,1311
0.163,1310
0.163,1309
0.163,1308
0.163,1307
0.163,1306
0.163,1305
0.163,1304
0.163,1303
0.163,1302
0.163,1301
0.163,1300
0.163,1299
0.163,1298
0.163,1297
0.163,1296
0.163,1295
0.163,1294
0.163,1293
0.163,1292
0.163,1291
0.163,1290
0.163,1289
0.163,1288
0.163,1287
0.163,1286
0.163,1285
0.163,1284
0.163,1283
0.163,1282
0.163,1281
0.163,1280
0.163,1279
0.163,1278
0.163,1277
0.163,1276
0.163,1275
0.163,1274
0.163,1273
0.163,1272
0.163,1271
0.163,1270
0.163,1269
0.163,1268
0.163,1267
0.163,1266
0.163,1265
0.163,1264
0.163,1263
0.163,1262
0.163,1261
0.163,1260
0.163,1259
0.163,1258
0.163,1257
0.163,1256
0.163,1255
0.163,1254
0.163,1253
0.163,1252
0.163,1251
0.163,1250
0.163,1249
0.163,1248
0.163,1247
0.163,1246
0.163,1245
0.163,1244
0.163,1243
0.163,1242
0.163,1241
0.163,1240
0.163,1239
0.163,1238
0.163,1237
0.163,1236
0.163,1235
0.163,1234
0.163,1233
0.163,1232
0.163,1231
0.163,1230
0.163,1229
0.163,1228
0.163,1227
0.163,1226
0.163,1225
0.163,1224
0.163,1223
0.163,1222
0.163,1221
0.163,1220
0.163,1219
0.163,1218
0.163,1217
0.163,1216
0.163,1215
0.163,1214
0.163,1213
0.163,1212
0.163,1211
0.163,1210
0.163,1209
0.163,1208
0.163,1207
0.163,1206
0.163,1205
0.163,1204
0.163,1203
0.163,1202
0.163,1201
0.163,1200
0.163,1199
0.163,1198
0.163,1197
0.163,1196
0.163,1195
0.163,1194
0.163,1193
0.163,1192
0.163,1191
0.163,1190
0.163,1189
0.163,1188
0.163,1187
0.163,1186
0.163,1185
0.163,1184
0.163,1183
0.163,1182
0.163,1181
0.163,1180
0.163,1179
0.163,1178
0.163,1177
0.163,1176
0.163,1175
0.163,1174
0.163,1173
0.163,1172
0.163,1171
0.163,1170
0.163,1169
0.163,1168
0.163,1167
0.163,1166
0.163,1165
0.163,1164
0.163,1163
0.163,1162
0.163,1161
0.163,1160
0.163,1159
0.163,1158
0.163,1157
0.163,1156
0.163,1155
0.163,1154
0.163,1153
0.163,1152
0.163,1151
0.163,1150
0.163,1149
0.163,1148
0.163,1147
0.163,1146
0.163,1145
0.163,1144
0.163,1143
0.163,1142
0.163,1141
0.163,1140
0.163,1139
0.163,1138
0.163,1137
0.163,1136
0.163,1135
0.163,1134
0.163,1133
0.163,1132
0.163,1131
0.163,1130
0.163,1129
0.163,1128
0.163,1127
0.163,1126
0.163,1125
0.163,1124
0.163,1123
0.163,1122
0.163,1121
0.163,1120
0.163,1119
0.163,1118
0.163,1117
0.163,1116
0.163,1115
0.163,1114
0.163,1113
0.163,1112
0.163,1111
0.163,1110
0.163,1109
0.163,1108
0.163,1107
0.163,1106
0.163,1105
0.163,1104
0.163,1103
0.163,1102
0.163,1101
0.163,1100
0.163,1099
0.163,1098
0.163,1097
0.163,1096
0.163,1095
0.179,1094
0.179,1093
0.180,1092
0.180,1091
0.180,1090
0.180,1089
0.180,1088
0.181,1087
0.181,1086
0.181,1085
0.182,1084
0.182,1083
0.182,1082
0.182,1081
0.183,1080
0.183,1079
0.184,1078
0.185,1077
0.185,1076
0.185,1075
0.185,1074
0.185,1073
0.185,1072
0.185,1071
0.185,1070
0.185,1069
0.200,1068
