0.120,1588
0.120,1587
0.120,1586
0.135,1585
0.135,1584
0.135,1583
0.135,1582
0.135,1581
0.135,1580
0.135,1579
0.135,1578
0.135,1577
0.135,1576
0.135,1575
0.135,1574
0.135,1573
0.135,1572
0.136,1571
0.136,1570
0.136,1569
0.136,1568
0.136,1567
0.136,1566
0.136,1565
0.136,1564
0.136,1563
0.136,1562
0.136,1561
0.136,1560
0.136,1559
0.136,1558
0.136,1557
0.136,1556
0.136,1555
0.136,1554
0.136,1553
0.136,1552
0.136,1551
0.136,1550
0.137,1549
0.137,1548
0.137,1547
0.137,1546
0.137,1545
0.137,1544
0.137,1543
0.137,1542
0.138,1541
0.138,1540
0.138,1539
0.138,1538
0.138,1537
0.138,1536
0.138,1535
0.138,1534
0.138,1533
0.138,1532
0.138,1531
0.138,1530
0.138,1529
0.138,1528
0.138,1527
0.138,1526
0.138,1525
0.138,1524
0.138,1523
0.138,1522
0.138,1521
0.138,1520
0.138,1519
0.138,1518
0.138,1517
0.138,1516
0.138,1515
0.138,1514
0.138,1513
0.138,1512
0.138,1511
0.138,1510
0.138,1509
0.138,1508
0.138,1507
0.138,1506
0.138,1505
0.138,1504
0.138,1503
0.138,1502
0.138,1501
0.138,1500
0.138,1499
0.138,1498
0.138,1497
0.138,1496
0.138,1495
0.138,1494
0.138,1493
0.138,1492
0.138,1491
0.138,1490
0.138,1489
0.138,1488
0.138,1487
0.138,1486
0.138,1485
0.138,1484
0.138,1483
0.138,1482
0.138,1481
0.138,1480
0.138,1479
0.138,1478
0.138,1477
0.138,1476
0.138,1475
0.138,1474
0.138,1473
0.138,1472
0.138,1471
0.138,1470
0.138,1469
0.138,1468
0.138,1467
0.138,1466
0.138,1465
0.138,1464
0.138,1463
0.138,1462
0.138,1461
0.138,1460
0.138,1459
0.138,1458
0.138,1457
0.138,1456
0.138,1455
0.138,1454
0.138,1453
0.138,1452
0.138,1451
0.138,1450
0.138,1449
0.138,1448
0.138,1447
0.138,1446
0.138,1445
0.138,1444
0.138,1443
0.138,1442
0.138,1441
0.138,1440
0.138,1439
0.138,1438
0.138,1437
0.138,1436
0.138,1435
0.138,1434
0.138,1433
0.138,1432
0.138,1431
0.138,1430
0.138,1429
0.138,1428
0.138,1427
0.138,1426
0.138,1425
0.138,1424
0.138,1423
0.138,1422
0.138,1421
0.138,1420
0.138,1419
0.138,1418
0.138,1417
0.138,1416
0.138,1415
0.138,1414
0.138,1413
0.138,1412
0.138,1411
0.138,1410
0.138,1409
0.138,1408
0.138,1407
0.138,1406
0.138,1405
0.138,1404
0.138,1403
0.138,1402
0.138,1401
0.138,1400
0.138,1399
0.138,1398
0.138,1397
0.138,1396
0.138,1395
0.138,1394
0.138,1393
0.138,1392
0.138,1391
0.138,1390
0.138,1389
0.138,1388
0.138,1387
0.138,1386
0.138,1385
0.138,1384
0.138,1383
0.138,1382
0.138,1381
0.138,1380
0.138,1379
0.138,1378
0.138,1377
0.138,1376
0.138,1375
0.138,1374
0.138,1373
0.138,1372
0.138,1371
0.138,1370
0.138,1369
0.138,1368
0.138,1367
0.138,1366
0.138,1365
0.138,1364
0.138,1363
0.138,1362
0.138,1361
0.138,1360
0.138,1359
0.138,1358
0.138,1357
0.138,1356
0.138,1355
0.138,1354
0.138,1353
0.138,1352
0.138,1351
0.138,1350
0.138,1349
0.138,1348
0.138,1347
0.138,1346
0.138,1345
0.138,1344
0.138,1343
0.138,1342
0.138,1341
0.138,1340
0.138,1339
0.138,1338
0.138,1337
0.138,1336
0.138,1335
0.138,1334
0.138,1333
0.138,1332
0.138,1331
0.138,1330
0.138,1329
0.138,1328
0.138,1327
0.138,1326
0.138,1325
0.138,1324
0.138,1323
0.138,1322
0.138,1321
0.138,1320
0.138,1319
0.138,1318
0.138,1317
0.138,1316
0.138,1315
0.138,1314
0.138,1313
0.138,1312
0.138,1311
0.138,1310
0.138,1309
0.138,1308
0.138,1307
0.138,1306
0.138,1305
0.138,1304
0.138,1303
0.138,1302
0.138,1301
0.138,1300
0.138,1299
0.138,1298
0.138,1297
0.138,1296
0.138,1295
0.138,1294
0.138,1293
0.138,1292
0.138,1291
0.138,1290
0.138,1289
0.138,1288
0.138,1287
0.138,1286
0.138,1285
0.138,1284
0.138,1283
0.138,1282
0.138,1281
0.138,1280
0.138,1279
0.138,1278
0.138,1277
0.138,1276
0.138,1275
0.138,1274
0.138,1273
0.138,1272
0.138,1271
0.138,1270
0.138,1269
0.138,1268
0.138,1267
0.138,1266
0.138,1265
0.138,1264
0.138,1263
0.138,1262
0.138,1261
0.138,1260
0.138,1259
0.138,1258
0.138,1257
0.138,1256
0.138,1255
0.138,1254
0.138,1253
0.138,1252
0.138,1251
0.138,1250
0.138,1249
0.138,1248
0.138,1247
0.138,1246
0.138,1245
0.138,1244
0.138,1243
0.138,1242
0.138,1241
0.138,1240
0.138,1239
0.138,1238
0.138,1237
0.138,1236
0.138,1235
0.138,1234
0.138,1233
0.138,1232
0.138,1231
0.138,1230
0.138,1229
0.138,1228
0.138,1227
0.138,1226
0.138,1225
0.138,1224
0.138,1223
0.138,1222
0.138,1221
0.138,1220
0.138,1219
0.138,1218
0.138,1217
0.138,1216
0.138,1215
0.138,1214
0.138,1213
0.138,1212
0.138,1211
0.138,1210
0.138,1209
0.138,1208
0.138,1207
0.138,1206
0.138,1205
0.138,1204
0.138,1203
0.138,1202
0.138,1201
0.138,1200
0.138,1199
0.138,1198
0.138,1197
0.138,1196
0.138,1195
0.138,1194
0.138,1193
0.138,1192
0.138,1191
0.138,1190
0.138,1189
0.138,1188
0.138,1187
0.138,1186
0.138,1185
0.138,1184
0.138,1183
0.138,1182
0.138,1181
0.138,1180
0.138,1179
0.138,1178
0.138,1177
0.138,1176
0.138,1175
0.138,1174
0.138,1173
0.154,1172
0.154,1171
0.154,1170
0.154,1169
0.154,1168
0.154,1167
0.154,1166
0.154,1165
0.154,1164
0.154,1163
0.154,1162
0.154,1161
0.154,1160
0.154,1159
0.154,1158
0.154,1157
0.154,1156
0.154,1155
0.154,1154
0.154,1153
0.154,1152
0.154,1151
0.154,1150
0.154,1149
0.154,1148
0.154,1147
0.154,1146
0.154,1145
0.154,1144
0.154,1143
0.154,1142
0.154,1141
0.154,1140
0.154,1139
0.154,1138
0.154,1137
0.154,1136
0.154,1135
0.154,1134
0.154,1133
0.154,1132
0.154,1131
0.154,1130
0.154,1129
0.154,1128
0.154,1127
0.154,1126
0.154,1125
0.154,1124
0.154,1123
0.154,1122
0.154,1121
0.154,1120
0.154,1119
0.154,1118
0.154,1117
0.154,1116
0.154,1115
0.154,1114
0.154,1113
0.154,1112
0.154,1111
0.154,1110
0.154,1109
0.154,1108
0.154,1107
0.154,1106
0.154,1105
0.154,1104
0.169,1103
0.169,1102
0.169,1101
0.169,1100
0.169,1099
0.169,1098
0.169,1097
0.169,1096
0.169,1095
0.169,1094
0.169,1093
0.169,1092
0.169,1091
0.169,1090
0.169,1089
0.185,1088
0.185,1087
0.185,1086
0.185,1085
0.185,1084
