0.606,3709
0.606,3708
0.606,3707
0.606,3706
0.606,3705
0.606,3704
0.606,3703
0.606,3702
0.606,3701
0.606,3700
0.606,3699
0.606,3698
0.606,3697
0.606,3696
0.606,3695
0.606,3694
0.606,3693
0.606,3692
0.606,3691
0.606,3690
0.606,3689
0.606,3688
0.606,3687
0.606,3686
0.606,3685
0.606,3684
0.606,3683
0.606,3682
0.606,3681
0.606,3680
0.606,3679
0.606,3678
0.606,3677
0.606,3676
0.606,3675
0.606,3674
0.606,3673
0.606,3672
0.606,3671
0.606,3670
0.606,3669
0.606,3668
0.606,3667
0.606,3666
0.606,3665
0.606,3664
0.606,3663
0.606,3662
0.606,3661
0.606,3660
0.606,3659
0.606,3658
0.606,3657
0.606,3656
0.606,3655
0.611,3654
0.611,3653
0.611,3652
0.611,3651
0.611,3650
0.611,3649
0.611,3648
0.611,3647
0.611,3646
0.611,3645
0.611,3644
0.611,3643
0.611,3642
0.611,3641
0.611,3640
0.611,3639
0.611,3638
0.611,3637
0.611,3636
0.611,3635
0.611,3634
0.612,3633
0.612,3632
0.612,3631
0.612,3630
0.612,3629
0.612,3628
0.612,3627
0.612,3626
0.612,3625
0.612,3624
0.612,3623
0.612,3622
0.612,3621
0.612,3620
0.612,3619
0.612,3618
0.612,3617
0.612,3616
0.612,3615
0.612,3614
0.613,3613
0.613,3612
0.613,3611
0.613,3610
0.613,3609
0.613,3608
0.613,3607
0.613,3606
0.613,3605
0.613,3604
0.613,3603
0.613,3602
0.613,3601
0.613,3600
0.613,3599
0.613,3598
0.613,3597
0.613,3596
0.613,3595
0.613,3594
0.614,3593
0.614,3592
0.614,3591
0.614,3590
0.614,3589
0.614,3588
0.614,3587
0.614,3586
0.614,3585
0.614,3584
0.614,3583
0.614,3582
0.614,3581
0.614,3580
0.614,3579
0.614,3578
0.614,3577
0.614,3576
0.614,3575
0.614,3574
0.614,3573
0.614,3572
0.614,3571
0.614,3570
0.615,3569
0.615,3568
0.615,3567
0.615,3566
0.615,3565
0.615,3564
0.615,3563
0.615,3562
0.615,3561
0.615,3560
0.615,3559
0.615,3558
0.615,3557
0.615,3556
0.615,3555
0.615,3554
0.615,3553
0.615,3552
0.615,3551
0.615,3550
0.615,3549
0.615,3548
0.616,3547
0.616,3546
0.616,3545
0.616,3544
0.616,3543
0.616,3542
0.616,3541
0.616,3540
0.616,3539
0.616,3538
0.616,3537
0.616,3536
0.616,3535
0.616,3534
0.616,3533
0.616,3532
0.616,3531
0.616,3530
0.616,3529
0.616,3528
0.616,3527
0.616,3526
0.616,3525
0.616,3524
0.616,3523
0.616,3522
0.616,3521
0.616,3520
0.616,3519
0.616,3518
0.616,3517
0.616,3516
0.616,3515
0.616,3514
0.616,3513
0.616,3512
0.616,3511
0.616,3510
0.616,3509
0.616,3508
0.616,3507
0.616,3506
0.616,3505
0.616,3504
0.616,3503
0.616,3502
0.616,3501
0.616,3500
0.616,3499
0.616,3498
0.616,3497
0.616,3496
0.616,3495
0.616,3494
0.616,3493
0.616,3492
0.616,3491
0.616,3490
0.616,3489
0.616,3488
0.616,3487
0.616,3486
0.616,3485
0.616,3484
0.616,3483
0.616,3482
0.616,3481
0.616,3480
0.616,3479
0.616,3478
0.616,3477
0.616,3476
0.616,3475
0.616,3474
0.616,3473
0.616,3472
0.616,3471
0.616,3470
0.616,3469
0.616,3468
0.616,3467
0.616,3466
0.616,3465
0.616,3464
0.616,3463
0.616,3462
0.616,3461
0.616,3460
0.616,3459
0.616,3458
0.616,3457
0.616,3456
0.616,3455
0.616,3454
0.616,3453
0.616,3452
0.621,3451
0.621,3450
0.621,3449
0.621,3448
0.621,3447
0.621,3446
0.621,3445
0.621,3444
0.621,3443
0.621,3442
0.622,3441
0.622,3440
0.622,3439
0.622,3438
0.622,3437
0.622,3436
0.622,3435
0.622,3434
0.622,3433
0.622,3432
0.622,3431
0.622,3430
0.622,3429
0.622,3428
0.622,3427
0.622,3426
0.622,3425
0.622,3424
0.622,3423
0.622,3422
0.622,3421
0.622,3420
0.622,3419
0.622,3418
0.622,3417
0.623,3416
0.623,3415
0.623,3414
0.623,3413
0.623,3412
0.623,3411
0.623,3410
0.623,3409
0.623,3408
0.623,3407
0.623,3406
0.623,3405
0.623,3404
0.623,3403
0.623,3402
0.623,3401
0.623,3400
0.623,3399
0.623,3398
0.623,3397
0.623,3396
0.623,3395
0.623,3394
0.623,3393
0.623,3392
0.624,3391
0.624,3390
0.624,3389
0.624,3388
0.624,3387
0.624,3386
0.624,3385
0.624,3384
0.624,3383
0.624,3382
0.624,3381
0.624,3380
0.624,3379
0.624,3378
0.624,3377
0.624,3376
0.624,3375
0.624,3374
0.625,3373
0.625,3372
0.625,3371
0.625,3370
0.625,3369
0.625,3368
0.625,3367
0.625,3366
0.625,3365
0.625,3364
0.625,3363
0.625,3362
0.625,3361
0.625,3360
0.625,3359
0.625,3358
0.625,3357
0.625,3356
0.625,3355
0.625,3354
0.625,3353
0.626,3352
0.626,3351
0.626,3350
0.626,3349
0.626,3348
0.626,3347
0.626,3346
0.626,3345
0.626,3344
0.626,3343
0.626,3342
0.626,3341
0.626,3340
0.626,3339
0.626,3338
0.626,3337
0.626,3336
0.626,3335
0.626,3334
0.626,3333
0.626,3332
0.626,3331
0.626,3330
0.626,3329
0.626,3328
0.626,3327
0.626,3326
0.626,3325
0.626,3324
0.626,3323
0.626,3322
0.626,3321
0.626,3320
0.626,3319
0.626,3318
0.626,3317
0.626,3316
0.626,3315
0.626,3314
0.626,3313
0.626,3312
0.626,3311
0.626,3310
0.626,3309
0.626,3308
0.626,3307
0.626,3306
0.626,3305
0.626,3304
0.626,3303
0.626,3302
0.626,3301
0.626,3300
0.626,3299
0.626,3298
0.626,3297
0.626,3296
0.626,3295
0.626,3294
0.626,3293
0.626,3292
0.626,3291
0.626,3290
0.626,3289
0.626,3288
0.626,3287
0.626,3286
0.626,3285
0.626,3284
0.626,3283
0.626,3282
0.626,3281
0.626,3280
0.626,3279
0.626,3278
0.626,3277
0.626,3276
0.626,3275
0.626,3274
0.626,3273
0.626,3272
0.626,3271
0.626,3270
0.626,3269
0.626,3268
0.626,3267
0.626,3266
0.626,3265
0.626,3264
0.626,3263
0.626,3262
0.626,3261
0.626,3260
0.626,3259
0.626,3258
0.626,3257
0.626,3256
0.626,3255
0.626,3254
0.626,3253
0.631,3252
0.631,3251
0.631,3250
0.631,3249
0.631,3248
0.631,3247
0.631,3246
0.632,3245
0.632,3244
0.632,3243
0.632,3242
0.632,3241
0.632,3240
0.632,3239
0.632,3238
0.632,3237
0.632,3236
0.632,3235
0.632,3234
0.632,3233
0.632,3232
0.632,3231
0.632,3230
0.632,3229
0.632,3228
0.633,3227
0.633,3226
0.633,3225
0.633,3224
0.633,3223
0.633,3222
0.633,3221
0.633,3220
0.633,3219
0.633,3218
0.633,3217
0.633,3216
0.633,3215
0.633,3214
0.633,3213
0.633,3212
0.634,3211
0.634,3210
0.634,3209
0.634,3208
0.634,3207
0.634,3206
0.634,3205
0.634,3204
0.634,3203
0.634,3202
0.634,3201
0.634,3200
0.634,3199
0.634,3198
0.635,3197
0.635,3196
0.635,3195
0.635,3194
0.635,3193
0.635,3192
0.635,3191
0.635,3190
0.635,3189
0.635,3188
0.635,3187
0.635,3186
0.635,3185
0.635,3184
0.635,3183
0.636,3182
0.636,3181
0.636,3180
0.636,3179
0.636,3178
0.636,3177
0.636,3176
0.636,3175
0.636,3174
0.636,3173
0.636,3172
0.636,3171
0.636,3170
0.636,3169
0.636,3168
0.636,3167
0.636,3166
0.636,3165
0.636,3164
0.636,3163
0.636,3162
0.636,3161
0.636,3160
0.636,3159
0.636,3158
0.636,3157
0.636,3156
0.636,3155
0.636,3154
0.636,3153
0.636,3152
0.636,3151
0.636,3150
0.636,3149
0.636,3148
0.636,3147
0.636,3146
0.636,3145
0.636,3144
0.636,3143
0.636,3142
0.636,3141
0.636,3140
0.636,3139
0.636,3138
0.636,3137
0.636,3136
0.636,3135
0.636,3134
0.636,3133
0.636,3132
0.636,3131
0.636,3130
0.636,3129
0.636,3128
0.636,3127
0.636,3126
0.636,3125
0.636,3124
0.636,3123
0.636,3122
0.636,3121
0.636,3120
0.636,3119
0.636,3118
0.636,3117
0.636,3116
0.636,3115
0.636,3114
0.636,3113
0.636,3112
0.636,3111
0.636,3110
0.636,3109
0.636,3108
0.636,3107
0.636,3106
0.636,3105
0.636,3104
0.636,3103
0.636,3102
0.636,3101
0.641,3100
0.641,3099
0.641,3098
0.641,3097
0.641,3096
0.641,3095
0.641,3094
0.641,3093
0.642,3092
0.643,3091
0.643,3090
0.643,3089
0.643,3088
0.643,3087
0.643,3086
0.643,3085
0.643,3084
0.643,3083
0.643,3082
0.643,3081
0.644,3080
0.644,3079
0.644,3078
0.644,3077
0.644,3076
0.644,3075
0.644,3074
0.644,3073
0.644,3072
0.644,3071
0.644,3070
0.644,3069
0.644,3068
0.644,3067
0.644,3066
0.645,3065
0.645,3064
0.645,3063
0.645,3062
0.645,3061
0.645,3060
0.645,3059
0.645,3058
0.645,3057
0.645,3056
0.645,3055
0.646,3054
0.646,3053
0.646,3052
0.646,3051
0.646,3050
0.646,3049
0.646,3048
0.646,3047
0.646,3046
0.646,3045
0.646,3044
0.646,3043
0.646,3042
0.646,3041
0.646,3040
0.646,3039
0.647,3038
0.647,3037
0.647,3036
0.647,3035
0.647,3034
0.647,3033
0.647,3032
0.647,3031
0.647,3030
0.647,3029
0.647,3028
0.647,3027
0.648,3026
0.648,3025
0.648,3024
0.648,3023
0.648,3022
0.648,3021
0.648,3020
0.648,3019
0.648,3018
0.648,3017
0.648,3016
0.648,3015
0.648,3014
0.649,3013
0.649,3012
0.649,3011
0.649,3010
0.649,3009
0.649,3008
0.649,3007
0.649,3006
0.649,3005
0.649,3004
0.649,3003
0.649,3002
0.649,3001
0.649,3000
0.650,2999
0.650,2998
0.650,2997
0.650,2996
0.650,2995
0.650,2994
0.650,2993
0.650,2992
0.650,2991
0.650,2990
0.650,2989
0.651,2988
0.651,2987
0.651,2986
0.651,2985
0.651,2984
0.651,2983
0.651,2982
0.651,2981
0.652,2980
0.652,2979
0.652,2978
0.652,2977
0.652,2976
0.652,2975
0.652,2974
0.652,2973
0.652,2972
0.652,2971
0.652,2970
0.652,2969
0.652,2968
0.652,2967
0.652,2966
0.652,2965
0.652,2964
0.653,2963
0.653,2962
0.653,2961
0.653,2960
0.653,2959
0.653,2958
0.653,2957
0.653,2956
0.653,2955
0.653,2954
0.653,2953
0.653,2952
0.653,2951
0.654,2950
0.654,2949
0.654,2948
0.654,2947
0.654,2946
0.654,2945
0.654,2944
0.654,2943
0.654,2942
0.654,2941
0.654,2940
0.654,2939
0.654,2938
0.654,2937
0.654,2936
0.655,2935
0.655,2934
0.655,2933
0.655,2932
0.655,2931
0.655,2930
0.655,2929
0.656,2928
0.656,2927
0.656,2926
0.656,2925
0.656,2924
0.656,2923
0.656,2922
0.656,2921
0.656,2920
0.657,2919
0.657,2918
0.657,2917
0.657,2916
0.657,2915
0.657,2914
0.657,2913
0.657,2912
0.657,2911
0.658,2910
0.658,2909
0.658,2908
0.658,2907
0.658,2906
0.658,2905
0.658,2904
0.658,2903
0.658,2902
0.658,2901
0.658,2900
0.658,2899
0.659,2898
0.659,2897
0.659,2896
0.659,2895
0.659,2894
0.659,2893
0.659,2892
0.659,2891
0.659,2890
0.660,2889
0.660,2888
0.660,2887
0.660,2886
0.660,2885
0.660,2884
0.660,2883
0.660,2882
0.660,2881
0.660,2880
0.661,2879
0.661,2878
0.661,2877
0.661,2876
0.661,2875
0.661,2874
0.661,2873
0.661,2872
0.661,2871
0.661,2870
0.661,2869
0.661,2868
0.662,2867
0.662,2866
0.662,2865
0.662,2864
0.662,2863
0.662,2862
0.662,2861
0.662,2860
0.662,2859
0.662,2858
0.662,2857
0.662,2856
0.663,2855
0.663,2854
0.663,2853
0.663,2852
0.663,2851
0.663,2850
0.664,2849
0.664,2848
0.664,2847
0.664,2846
0.664,2845
0.664,2844
0.664,2843
0.664,2842
0.664,2841
0.664,2840
0.665,2839
0.665,2838
0.665,2837
0.665,2836
0.665,2835
0.665,2834
0.665,2833
0.665,2832
0.665,2831
0.665,2830
0.665,2829
0.666,2828
0.666,2827
0.666,2826
0.666,2825
0.667,2824
0.667,2823
0.667,2822
0.667,2821
0.667,2820
0.667,2819
0.667,2818
0.667,2817
0.667,2816
0.668,2815
0.668,2814
0.668,2813
0.668,2812
0.668,2811
0.668,2810
0.668,2809
0.668,2808
0.668,2807
0.668,2806
0.668,2805
0.668,2804
0.669,2803
0.669,2802
0.669,2801
0.669,2800
0.669,2799
0.669,2798
0.669,2797
0.669,2796
0.669,2795
0.669,2794
0.669,2793
0.669,2792
0.670,2791
0.670,2790
0.670,2789
0.670,2788
0.670,2787
0.670,2786
0.670,2785
0.670,2784
0.671,2783
0.671,2782
0.671,2781
0.671,2780
0.671,2779
0.672,2778
0.672,2777
0.672,2776
0.672,2775
0.672,2774
0.672,2773
0.672,2772
0.673,2771
0.673,2770
0.673,2769
0.673,2768
0.673,2767
0.673,2766
0.673,2765
0.673,2764
0.673,2763
0.673,2762
0.674,2761
0.674,2760
0.674,2759
0.674,2758
0.674,2757
0.674,2756
0.674,2755
0.674,2754
0.674,2753
0.675,2752
0.675,2751
0.675,2750
0.675,2749
0.675,2748
0.675,2747
0.675,2746
0.675,2745
0.675,2744
0.676,2743
0.676,2742
0.676,2741
0.676,2740
0.676,2739
0.676,2738
0.676,2737
0.676,2736
0.677,2735
0.677,2734
0.677,2733
0.677,2732
0.677,2731
0.677,2730
0.677,2729
0.678,2728
0.678,2727
0.678,2726
0.678,2725
0.678,2724
0.678,2723
0.678,2722
0.679,2721
0.679,2720
0.679,2719
0.679,2718
0.679,2717
0.679,2716
0.679,2715
0.679,2714
0.679,2713
0.679,2712
0.680,2711
0.680,2710
0.680,2709
0.680,2708
0.680,2707
0.680,2706
0.680,2705
0.680,2704
0.680,2703
0.681,2702
0.681,2701
0.681,2700
0.681,2699
0.681,2698
0.681,2697
0.682,2696
0.682,2695
0.682,2694
0.682,2693
0.682,2692
0.683,2691
0.683,2690
0.683,2689
0.683,2688
0.684,2687
0.684,2686
0.684,2685
0.684,2684
0.684,2683
0.685,2682
0.685,2681
0.685,2680
0.685,2679
0.685,2678
0.685,2677
0.686,2676
0.686,2675
0.686,2674
0.686,2673
0.687,2672
0.687,2671
0.687,2670
0.687,2669
0.688,2668
0.688,2667
0.688,2666
0.688,2665
0.688,2664
0.688,2663
0.688,2662
0.688,2661
0.689,2660
0.689,2659
0.689,2658
0.689,2657
0.689,2656
0.689,2655
0.689,2654
0.689,2653
0.690,2652
0.690,2651
0.690,2650
0.691,2649
0.691,2648
0.691,2647
0.691,2646
0.692,2645
0.692,2644
0.692,2643
0.692,2642
0.692,2641
0.692,2640
0.692,2639
0.693,2638
0.693,2637
0.693,2636
0.693,2635
0.693,2634
0.693,2633
0.693,2632
0.693,2631
0.693,2630
0.694,2629
0.694,2628
0.694,2627
0.695,2626
0.695,2625
0.695,2624
0.696,2623
0.696,2622
0.697,2621
0.697,2620
0.697,2619
0.697,2618
0.697,2617
0.698,2616
0.698,2615
0.698,2614
0.698,2613
0.698,2612
0.698,2611
0.698,2610
0.698,2609
0.698,2608
0.698,2607
0.698,2606
0.698,2605
0.698,2604
0.698,2603
0.698,2602
0.698,2601
0.698,2600
0.698,2599
0.698,2598
0.698,2597
0.698,2596
0.698,2595
0.698,2594
0.698,2593
0.703,2592
0.703,2591
0.703,2590
0.703,2589
0.704,2588
0.704,2587
0.704,2586
0.704,2585
0.705,2584
0.705,2583
0.705,2582
0.705,2581
0.705,2580
0.706,2579
0.706,2578
0.706,2577
0.707,2576
0.707,2575
0.707,2574
0.707,2573
0.707,2572
0.707,2571
0.707,2570
0.707,2569
0.708,2568
0.708,2567
0.708,2566
0.708,2565
0.708,2564
0.708,2563
0.708,2562
0.708,2561
0.708,2560
0.708,2559
0.708,2558
0.708,2557
0.708,2556
0.708,2555
0.708,2554
0.708,2553
0.708,2552
0.708,2551
0.708,2550
0.708,2549
0.708,2548
0.708,2547
0.708,2546
0.708,2545
0.713,2544
0.714,2543
0.714,2542
0.715,2541
0.715,2540
0.715,2539
0.715,2538
0.715,2537
0.716,2536
0.716,2535
0.716,2534
0.716,2533
0.717,2532
0.717,2531
0.717,2530
0.717,2529
0.717,2528
0.718,2527
0.718,2526
0.718,2525
0.718,2524
0.718,2523
0.718,2522
0.718,2521
0.718,2520
0.718,2519
0.718,2518
0.718,2517
0.718,2516
0.718,2515
0.718,2514
0.718,2513
0.718,2512
0.723,2511
0.723,2510
0.723,2509
0.723,2508
0.723,2507
0.723,2506
0.724,2505
0.724,2504
0.724,2503
0.724,2502
0.725,2501
0.725,2500
0.725,2499
0.726,2498
0.726,2497
0.726,2496
0.727,2495
0.727,2494
0.727,2493
0.728,2492
0.728,2491
0.728,2490
0.728,2489
0.728,2488
0.728,2487
0.728,2486
0.728,2485
0.728,2484
0.728,2483
0.733,2482
0.733,2481
0.733,2480
0.733,2479
0.733,2478
0.734,2477
0.734,2476
0.734,2475
0.734,2474
0.735,2473
0.735,2472
0.735,2471
0.736,2470
0.736,2469
0.737,2468
0.737,2467
0.737,2466
0.737,2465
0.737,2464
0.738,2463
0.738,2462
0.738,2461
0.738,2460
0.738,2459
0.738,2458
0.738,2457
0.738,2456
0.738,2455
0.743,2454
0.744,2453
0.744,2452
0.744,2451
0.745,2450
0.745,2449
0.745,2448
0.747,2447
0.747,2446
0.747,2445
0.748,2444
0.749,2443
0.751,2442
0.752,2441
0.752,2440
0.752,2439
0.753,2438
0.753,2437
0.754,2436
0.755,2435
0.755,2434
0.755,2433
0.756,2432
0.757,2431
0.759,2430
0.759,2429
0.760,2428
0.761,2427
0.762,2426
0.762,2425
0.762,2424
0.764,2423
0.765,2422
0.765,2421
0.766,2420
0.767,2419
0.769,2418
0.771,2417
0.773,2416
0.774,2415
0.775,2414
0.776,2413
0.779,2412
0.788,2411
0.788,2410
0.788,2409
0.790,2408
0.791,2407
0.796,2406
0.797,2405
0.798,2404
0.798,2403
0.799,2402
0.799,2401
0.805,2400
0.808,2399
0.816,2398
0.816,2397
0.818,2396
0.819,2395
0.825,2394
0.826,2393
0.828,2392
0.839,2391
0.919,2390
