0.593,3709
0.593,3708
0.593,3707
0.593,3706
0.593,3705
0.593,3704
0.593,3703
0.593,3702
0.593,3701
0.594,3700
0.594,3699
0.594,3698
0.594,3697
0.594,3696
0.594,3695
0.594,3694
0.594,3693
0.594,3692
0.594,3691
0.594,3690
0.594,3689
0.594,3688
0.594,3687
0.594,3686
0.594,3685
0.594,3684
0.594,3683
0.594,3682
0.594,3681
0.594,3680
0.595,3679
0.595,3678
0.595,3677
0.595,3676
0.595,3675
0.595,3674
0.595,3673
0.595,3672
0.595,3671
0.595,3670
0.595,3669
0.595,3668
0.595,3667
0.595,3666
0.595,3665
0.595,3664
0.595,3663
0.595,3662
0.595,3661
0.596,3660
0.596,3659
0.596,3658
0.596,3657
0.596,3656
0.596,3655
0.596,3654
0.596,3653
0.596,3652
0.596,3651
0.596,3650
0.596,3649
0.596,3648
0.596,3647
0.596,3646
0.596,3645
0.596,3644
0.596,3643
0.596,3642
0.596,3641
0.596,3640
0.596,3639
0.596,3638
0.597,3637
0.597,3636
0.597,3635
0.597,3634
0.597,3633
0.597,3632
0.597,3631
0.597,3630
0.597,3629
0.597,3628
0.597,3627
0.597,3626
0.597,3625
0.597,3624
0.597,3623
0.597,3622
0.597,3621
0.597,3620
0.597,3619
0.597,3618
0.597,3617
0.598,3616
0.598,3615
0.598,3614
0.598,3613
0.598,3612
0.598,3611
0.598,3610
0.598,3609
0.598,3608
0.598,3607
0.598,3606
0.598,3605
0.598,3604
0.598,3603
0.598,3602
0.598,3601
0.598,3600
0.598,3599
0.599,3598
0.599,3597
0.599,3596
0.599,3595
0.599,3594
0.599,3593
0.599,3592
0.599,3591
0.599,3590
0.599,3589
0.599,3588
0.599,3587
0.599,3586
0.599,3585
0.599,3584
0.599,3583
0.599,3582
0.599,3581
0.599,3580
0.599,3579
0.599,3578
0.600,3577
0.600,3576
0.600,3575
0.600,3574
0.600,3573
0.600,3572
0.600,3571
0.600,3570
0.600,3569
0.600,3568
0.600,3567
0.600,3566
0.600,3565
0.600,3564
0.600,3563
0.600,3562
0.600,3561
0.600,3560
0.600,3559
0.601,3558
0.601,3557
0.601,3556
0.601,3555
0.601,3554
0.601,3553
0.601,3552
0.601,3551
0.601,3550
0.601,3549
0.601,3548
0.601,3547
0.601,3546
0.601,3545
0.601,3544
0.601,3543
0.602,3542
0.602,3541
0.602,3540
0.602,3539
0.602,3538
0.602,3537
0.602,3536
0.602,3535
0.602,3534
0.602,3533
0.602,3532
0.602,3531
0.602,3530
0.602,3529
0.602,3528
0.602,3527
0.602,3526
0.602,3525
0.602,3524
0.602,3523
0.602,3522
0.602,3521
0.602,3520
0.602,3519
0.603,3518
0.603,3517
0.603,3516
0.603,3515
0.603,3514
0.603,3513
0.603,3512
0.603,3511
0.603,3510
0.603,3509
0.603,3508
0.603,3507
0.603,3506
0.603,3505
0.603,3504
0.603,3503
0.603,3502
0.603,3501
0.603,3500
0.603,3499
0.603,3498
0.603,3497
0.603,3496
0.604,3495
0.604,3494
0.604,3493
0.604,3492
0.604,3491
0.604,3490
0.604,3489
0.604,3488
0.604,3487
0.604,3486
0.604,3485
0.604,3484
0.604,3483
0.604,3482
0.604,3481
0.604,3480
0.604,3479
0.604,3478
0.604,3477
0.604,3476
0.604,3475
0.604,3474
0.604,3473
0.605,3472
0.605,3471
0.605,3470
0.605,3469
0.605,3468
0.605,3467
0.605,3466
0.605,3465
0.605,3464
0.605,3463
0.605,3462
0.606,3461
0.606,3460
0.606,3459
0.606,3458
0.606,3457
0.606,3456
0.606,3455
0.606,3454
0.606,3453
0.606,3452
0.606,3451
0.606,3450
0.606,3449
0.606,3448
0.606,3447
0.606,3446
0.606,3445
0.606,3444
0.607,3443
0.607,3442
0.607,3441
0.607,3440
0.607,3439
0.607,3438
0.607,3437
0.607,3436
0.607,3435
0.607,3434
0.607,3433
0.607,3432
0.607,3431
0.607,3430
0.607,3429
0.607,3428
0.607,3427
0.607,3426
0.607,3425
0.607,3424
0.608,3423
0.608,3422
0.608,3421
0.608,3420
0.608,3419
0.608,3418
0.608,3417
0.608,3416
0.608,3415
0.608,3414
0.608,3413
0.608,3412
0.608,3411
0.608,3410
0.608,3409
0.608,3408
0.608,3407
0.608,3406
0.608,3405
0.608,3404
0.608,3403
0.608,3402
0.608,3401
0.608,3400
0.608,3399
0.608,3398
0.608,3397
0.608,3396
0.608,3395
0.609,3394
0.609,3393
0.609,3392
0.609,3391
0.609,3390
0.609,3389
0.609,3388
0.609,3387
0.609,3386
0.609,3385
0.609,3384
0.609,3383
0.609,3382
0.609,3381
0.609,3380
0.609,3379
0.609,3378
0.610,3377
0.610,3376
0.610,3375
0.610,3374
0.610,3373
0.610,3372
0.610,3371
0.610,3370
0.610,3369
0.610,3368
0.610,3367
0.610,3366
0.610,3365
0.610,3364
0.610,3363
0.610,3362
0.610,3361
0.610,3360
0.610,3359
0.610,3358
0.610,3357
0.610,3356
0.611,3355
0.611,3354
0.611,3353
0.611,3352
0.611,3351
0.611,3350
0.611,3349
0.611,3348
0.611,3347
0.611,3346
0.611,3345
0.611,3344
0.611,3343
0.611,3342
0.611,3341
0.611,3340
0.611,3339
0.611,3338
0.611,3337
0.611,3336
0.612,3335
0.612,3334
0.612,3333
0.612,3332
0.612,3331
0.612,3330
0.612,3329
0.612,3328
0.612,3327
0.612,3326
0.612,3325
0.612,3324
0.612,3323
0.612,3322
0.612,3321
0.612,3320
0.612,3319
0.613,3318
0.613,3317
0.613,3316
0.613,3315
0.613,3314
0.613,3313
0.613,3312
0.613,3311
0.613,3310
0.613,3309
0.613,3308
0.613,3307
0.613,3306
0.613,3305
0.613,3304
0.613,3303
0.613,3302
0.614,3301
0.614,3300
0.614,3299
0.614,3298
0.614,3297
0.614,3296
0.615,3295
0.615,3294
0.615,3293
0.615,3292
0.615,3291
0.615,3290
0.616,3289
0.616,3288
0.616,3287
0.616,3286
0.616,3285
0.616,3284
0.616,3283
0.616,3282
0.616,3281
0.616,3280
0.616,3279
0.616,3278
0.616,3277
0.617,3276
0.617,3275
0.617,3274
0.617,3273
0.617,3272
0.617,3271
0.617,3270
0.617,3269
0.617,3268
0.617,3267
0.617,3266
0.617,3265
0.617,3264
0.617,3263
0.617,3262
0.618,3261
0.618,3260
0.618,3259
0.618,3258
0.618,3257
0.618,3256
0.618,3255
0.618,3254
0.618,3253
0.618,3252
0.618,3251
0.618,3250
0.618,3249
0.618,3248
0.618,3247
0.618,3246
0.619,3245
0.619,3244
0.619,3243
0.619,3242
0.619,3241
0.619,3240
0.619,3239
0.619,3238
0.619,3237
0.619,3236
0.619,3235
0.619,3234
0.619,3233
0.619,3232
0.619,3231
0.619,3230
0.619,3229
0.619,3228
0.619,3227
0.620,3226
0.620,3225
0.620,3224
0.620,3223
0.620,3222
0.620,3221
0.620,3220
0.620,3219
0.620,3218
0.620,3217
0.620,3216
0.620,3215
0.620,3214
0.620,3213
0.620,3212
0.621,3211
0.621,3210
0.621,3209
0.621,3208
0.621,3207
0.621,3206
0.621,3205
0.621,3204
0.621,3203
0.621,3202
0.621,3201
0.621,3200
0.621,3199
0.621,3198
0.621,3197
0.621,3196
0.622,3195
0.622,3194
0.622,3193
0.622,3192
0.622,3191
0.622,3190
0.622,3189
0.622,3188
0.622,3187
0.622,3186
0.622,3185
0.622,3184
0.622,3183
0.622,3182
0.622,3181
0.623,3180
0.623,3179
0.623,3178
0.623,3177
0.623,3176
0.623,3175
0.623,3174
0.623,3173
0.623,3172
0.623,3171
0.623,3170
0.623,3169
0.623,3168
0.623,3167
0.623,3166
0.623,3165
0.623,3164
0.624,3163
0.624,3162
0.624,3161
0.624,3160
0.624,3159
0.624,3158
0.624,3157
0.624,3156
0.624,3155
0.624,3154
0.624,3153
0.624,3152
0.624,3151
0.624,3150
0.625,3149
0.625,3148
0.625,3147
0.625,3146
0.625,3145
0.625,3144
0.625,3143
0.625,3142
0.625,3141
0.625,3140
0.625,3139
0.625,3138
0.625,3137
0.625,3136
0.625,3135
0.625,3134
0.625,3133
0.626,3132
0.626,3131
0.626,3130
0.626,3129
0.626,3128
0.626,3127
0.626,3126
0.626,3125
0.626,3124
0.626,3123
0.626,3122
0.626,3121
0.626,3120
0.626,3119
0.626,3118
0.626,3117
0.627,3116
0.627,3115
0.627,3114
0.627,3113
0.627,3112
0.627,3111
0.627,3110
0.627,3109
0.627,3108
0.627,3107
0.627,3106
0.627,3105
0.627,3104
0.627,3103
0.628,3102
0.628,3101
0.628,3100
0.628,3099
0.628,3098
0.628,3097
0.628,3096
0.628,3095
0.628,3094
0.628,3093
0.628,3092
0.628,3091
0.628,3090
0.628,3089
0.628,3088
0.629,3087
0.629,3086
0.629,3085
0.629,3084
0.629,3083
0.629,3082
0.629,3081
0.629,3080
0.629,3079
0.629,3078
0.629,3077
0.629,3076
0.629,3075
0.630,3074
0.630,3073
0.630,3072
0.630,3071
0.630,3070
0.630,3069
0.630,3068
0.630,3067
0.630,3066
0.630,3065
0.630,3064
0.630,3063
0.631,3062
0.631,3061
0.631,3060
0.631,3059
0.631,3058
0.631,3057
0.631,3056
0.631,3055
0.631,3054
0.631,3053
0.631,3052
0.631,3051
0.632,3050
0.632,3049
0.632,3048
0.632,3047
0.632,3046
0.632,3045
0.632,3044
0.632,3043
0.632,3042
0.632,3041
0.632,3040
0.632,3039
0.632,3038
0.632,3037
0.632,3036
0.633,3035
0.633,3034
0.633,3033
0.633,3032
0.633,3031
0.633,3030
0.633,3029
0.633,3028
0.633,3027
0.633,3026
0.633,3025
0.633,3024
0.633,3023
0.634,3022
0.634,3021
0.634,3020
0.634,3019
0.634,3018
0.634,3017
0.634,3016
0.634,3015
0.634,3014
0.634,3013
0.634,3012
0.634,3011
0.635,3010
0.635,3009
0.635,3008
0.635,3007
0.635,3006
0.635,3005
0.635,3004
0.635,3003
0.635,3002
0.635,3001
0.635,3000
0.636,2999
0.636,2998
0.636,2997
0.636,2996
0.636,2995
0.636,2994
0.636,2993
0.636,2992
0.636,2991
0.636,2990
0.636,2989
0.636,2988
0.636,2987
0.636,2986
0.636,2985
0.637,2984
0.637,2983
0.637,2982
0.637,2981
0.637,2980
0.637,2979
0.637,2978
0.637,2977
0.637,2976
0.637,2975
0.637,2974
0.638,2973
0.638,2972
0.638,2971
0.638,2970
0.638,2969
0.638,2968
0.638,2967
0.638,2966
0.638,2965
0.638,2964
0.638,2963
0.638,2962
0.638,2961
0.639,2960
0.639,2959
0.639,2958
0.639,2957
0.639,2956
0.639,2955
0.639,2954
0.640,2953
0.640,2952
0.640,2951
0.640,2950
0.640,2949
0.640,2948
0.640,2947
0.640,2946
0.640,2945
0.640,2944
0.641,2943
0.641,2942
0.641,2941
0.641,2940
0.641,2939
0.641,2938
0.641,2937
0.641,2936
0.641,2935
0.641,2934
0.641,2933
0.641,2932
0.641,2931
0.641,2930
0.642,2929
0.642,2928
0.642,2927
0.642,2926
0.642,2925
0.642,2924
0.642,2923
0.642,2922
0.642,2921
0.643,2920
0.643,2919
0.643,2918
0.643,2917
0.643,2916
0.643,2915
0.643,2914
0.643,2913
0.643,2912
0.644,2911
0.644,2910
0.644,2909
0.644,2908
0.644,2907
0.644,2906
0.644,2905
0.644,2904
0.644,2903
0.644,2902
0.644,2901
0.644,2900
0.644,2899
0.644,2898
0.644,2897
0.644,2896
0.644,2895
0.645,2894
0.645,2893
0.645,2892
0.645,2891
0.645,2890
0.645,2889
0.645,2888
0.645,2887
0.645,2886
0.646,2885
0.646,2884
0.646,2883
0.646,2882
0.646,2881
0.646,2880
0.646,2879
0.646,2878
0.646,2877
0.646,2876
0.646,2875
0.646,2874
0.646,2873
0.646,2872
0.647,2871
0.647,2870
0.647,2869
0.647,2868
0.647,2867
0.647,2866
0.647,2865
0.647,2864
0.647,2863
0.647,2862
0.647,2861
0.647,2860
0.647,2859
0.648,2858
0.648,2857
0.648,2856
0.648,2855
0.648,2854
0.648,2853
0.648,2852
0.648,2851
0.648,2850
0.648,2849
0.648,2848
0.648,2847
0.648,2846
0.648,2845
0.648,2844
0.648,2843
0.649,2842
0.649,2841
0.649,2840
0.649,2839
0.649,2838
0.649,2837
0.649,2836
0.649,2835
0.649,2834
0.650,2833
0.650,2832
0.650,2831
0.650,2830
0.650,2829
0.650,2828
0.650,2827
0.650,2826
0.650,2825
0.650,2824
0.650,2823
0.650,2822
0.650,2821
0.651,2820
0.651,2819
0.651,2818
0.651,2817
0.651,2816
0.651,2815
0.651,2814
0.651,2813
0.651,2812
0.651,2811
0.651,2810
0.651,2809
0.651,2808
0.651,2807
0.651,2806
0.652,2805
0.652,2804
0.652,2803
0.652,2802
0.652,2801
0.652,2800
0.652,2799
0.652,2798
0.652,2797
0.653,2796
0.653,2795
0.653,2794
0.653,2793
0.653,2792
0.653,2791
0.653,2790
0.654,2789
0.654,2788
0.654,2787
0.654,2786
0.654,2785
0.654,2784
0.654,2783
0.654,2782
0.654,2781
0.655,2780
0.655,2779
0.655,2778
0.655,2777
0.655,2776
0.655,2775
0.655,2774
0.655,2773
0.655,2772
0.656,2771
0.656,2770
0.656,2769
0.656,2768
0.656,2767
0.656,2766
0.656,2765
0.656,2764
0.656,2763
0.656,2762
0.656,2761
0.656,2760
0.657,2759
0.657,2758
0.657,2757
0.657,2756
0.657,2755
0.657,2754
0.657,2753
0.657,2752
0.657,2751
0.657,2750
0.658,2749
0.658,2748
0.658,2747
0.658,2746
0.658,2745
0.658,2744
0.658,2743
0.658,2742
0.658,2741
0.658,2740
0.659,2739
0.659,2738
0.660,2737
0.660,2736
0.660,2735
0.660,2734
0.660,2733
0.660,2732
0.660,2731
0.660,2730
0.660,2729
0.661,2728
0.661,2727
0.661,2726
0.661,2725
0.661,2724
0.661,2723
0.661,2722
0.661,2721
0.661,2720
0.661,2719
0.662,2718
0.662,2717
0.662,2716
0.662,2715
0.662,2714
0.662,2713
0.662,2712
0.663,2711
0.663,2710
0.663,2709
0.663,2708
0.663,2707
0.663,2706
0.663,2705
0.664,2704
0.664,2703
0.664,2702
0.664,2701
0.664,2700
0.665,2699
0.665,2698
0.665,2697
0.665,2696
0.665,2695
0.665,2694
0.666,2693
0.666,2692
0.666,2691
0.666,2690
0.666,2689
0.666,2688
0.667,2687
0.667,2686
0.667,2685
0.667,2684
0.667,2683
0.667,2682
0.667,2681
0.667,2680
0.667,2679
0.667,2678
0.667,2677
0.668,2676
0.668,2675
0.668,2674
0.668,2673
0.668,2672
0.668,2671
0.668,2670
0.668,2669
0.668,2668
0.668,2667
0.669,2666
0.669,2665
0.669,2664
0.669,2663
0.670,2662
0.670,2661
0.670,2660
0.670,2659
0.670,2658
0.670,2657
0.670,2656
0.670,2655
0.670,2654
0.670,2653
0.670,2652
0.670,2651
0.670,2650
0.670,2649
0.670,2648
0.670,2647
0.670,2646
0.670,2645
0.670,2644
0.670,2643
0.670,2642
0.670,2641
0.670,2640
0.670,2639
0.670,2638
0.670,2637
0.670,2636
0.670,2635
0.670,2634
0.670,2633
0.670,2632
0.670,2631
0.670,2630
0.670,2629
0.670,2628
0.670,2627
0.670,2626
0.670,2625
0.670,2624
0.670,2623
0.670,2622
0.670,2621
0.675,2620
0.675,2619
0.675,2618
0.675,2617
0.675,2616
0.675,2615
0.675,2614
0.675,2613
0.675,2612
0.675,2611
0.675,2610
0.675,2609
0.675,2608
0.675,2607
0.675,2606
0.675,2605
0.675,2604
0.675,2603
0.675,2602
0.675,2601
0.675,2600
0.675,2599
0.680,2598
0.680,2597
0.680,2596
0.680,2595
0.680,2594
0.680,2593
0.680,2592
0.680,2591
0.680,2590
0.680,2589
0.680,2588
0.680,2587
0.680,2586
0.680,2585
0.680,2584
0.680,2583
0.680,2582
0.680,2581
0.680,2580
0.680,2579
0.680,2578
0.680,2577
0.680,2576
0.680,2575
0.680,2574
0.680,2573
0.680,2572
0.680,2571
0.680,2570
0.680,2569
0.680,2568
0.680,2567
0.680,2566
0.680,2565
0.685,2564
0.685,2563
0.685,2562
0.685,2561
0.685,2560
0.685,2559
0.685,2558
0.685,2557
0.685,2556
0.685,2555
0.685,2554
0.685,2553
0.685,2552
0.685,2551
0.685,2550
0.685,2549
0.685,2548
0.685,2547
0.685,2546
0.685,2545
0.685,2544
0.685,2543
0.685,2542
0.690,2541
0.690,2540
0.690,2539
0.690,2538
0.690,2537
0.690,2536
0.690,2535
0.690,2534
0.690,2533
0.690,2532
0.690,2531
0.690,2530
0.690,2529
0.690,2528
0.690,2527
0.690,2526
0.690,2525
0.690,2524
0.690,2523
0.690,2522
0.690,2521
0.695,2520
0.695,2519
0.695,2518
0.695,2517
0.695,2516
0.695,2515
0.695,2514
0.695,2513
0.695,2512
0.695,2511
0.695,2510
0.695,2509
0.695,2508
0.695,2507
0.695,2506
0.695,2505
0.695,2504
0.695,2503
0.695,2502
0.695,2501
0.695,2500
0.695,2499
0.695,2498
0.700,2497
0.700,2496
0.700,2495
0.700,2494
0.700,2493
0.700,2492
0.700,2491
0.700,2490
0.700,2489
0.700,2488
0.700,2487
0.700,2486
0.700,2485
0.700,2484
0.700,2483
0.700,2482
0.700,2481
0.705,2480
0.705,2479
0.705,2478
0.705,2477
0.705,2476
0.705,2475
0.705,2474
0.705,2473
0.705,2472
0.705,2471
0.705,2470
0.705,2469
0.705,2468
0.705,2467
0.705,2466
0.710,2465
0.710,2464
0.710,2463
0.710,2462
0.710,2461
0.710,2460
0.710,2459
0.710,2458
0.710,2457
0.710,2456
0.710,2455
0.710,2454
0.710,2453
0.710,2452
0.715,2451
0.715,2450
0.715,2449
0.715,2448
0.715,2447
0.715,2446
0.715,2445
0.715,2444
0.715,2443
0.715,2442
0.715,2441
0.715,2440
0.715,2439
0.720,2438
0.720,2437
0.720,2436
0.720,2435
0.725,2434
0.725,2433
0.725,2432
0.725,2431
0.725,2430
0.725,2429
0.725,2428
0.725,2427
0.730,2426
0.730,2425
0.730,2424
0.730,2423
0.730,2422
0.735,2421
0.735,2420
0.735,2419
0.735,2418
0.740,2417
0.740,2416
0.740,2415
0.745,2414
0.745,2413
0.745,2412
0.750,2411
0.750,2410
0.750,2409
0.755,2408
0.755,2407
0.757,2406
0.757,2405
0.758,2404
0.759,2403
0.764,2402
0.766,2401
0.767,2400
0.767,2399
0.767,2398
0.768,2397
0.770,2396
0.770,2395
0.770,2394
0.770,2393
0.775,2392
0.775,2391
0.775,2390
0.775,2389
0.780,2388
0.785,2387
0.785,2386
0.790,2385
0.795,2384
0.823,2383
