0.802,3709
0.802,3708
0.802,3707
0.802,3706
0.802,3705
0.802,3704
0.802,3703
0.802,3702
0.802,3701
0.802,3700
0.802,3699
0.802,3698
0.802,3697
0.802,3696
0.802,3695
0.802,3694
0.802,3693
0.802,3692
0.802,3691
0.802,3690
0.802,3689
0.802,3688
0.802,3687
0.802,3686
0.802,3685
0.802,3684
0.802,3683
0.802,3682
0.802,3681
0.802,3680
0.802,3679
0.802,3678
0.802,3677
0.802,3676
0.802,3675
0.802,3674
0.802,3673
0.802,3672
0.802,3671
0.802,3670
0.802,3669
0.802,3668
0.802,3667
0.802,3666
0.802,3665
0.802,3664
0.802,3663
0.802,3662
0.802,3661
0.802,3660
0.802,3659
0.802,3658
0.802,3657
0.802,3656
0.802,3655
0.802,3654
0.802,3653
0.802,3652
0.802,3651
0.802,3650
0.802,3649
0.802,3648
0.802,3647
0.802,3646
0.802,3645
0.802,3644
0.802,3643
0.802,3642
0.802,3641
0.802,3640
0.802,3639
0.817,3638
0.817,3637
0.817,3636
0.817,3635
0.817,3634
0.817,3633
0.818,3632
0.818,3631
0.818,3630
0.818,3629
0.818,3628
0.818,3627
0.818,3626
0.818,3625
0.818,3624
0.818,3623
0.818,3622
0.818,3621
0.818,3620
0.819,3619
0.819,3618
0.819,3617
0.819,3616
0.819,3615
0.819,3614
0.819,3613
0.819,3612
0.819,3611
0.819,3610
0.819,3609
0.819,3608
0.820,3607
0.820,3606
0.820,3605
0.820,3604
0.820,3603
0.820,3602
0.820,3601
0.820,3600
0.820,3599
0.820,3598
0.820,3597
0.820,3596
0.820,3595
0.820,3594
0.820,3593
0.820,3592
0.820,3591
0.820,3590
0.820,3589
0.820,3588
0.821,3587
0.821,3586
0.821,3585
0.821,3584
0.821,3583
0.821,3582
0.821,3581
0.821,3580
0.821,3579
0.821,3578
0.821,3577
0.821,3576
0.821,3575
0.821,3574
0.821,3573
0.821,3572
0.822,3571
0.822,3570
0.822,3569
0.822,3568
0.822,3567
0.822,3566
0.822,3565
0.822,3564
0.822,3563
0.822,3562
0.823,3561
0.823,3560
0.823,3559
0.823,3558
0.823,3557
0.823,3556
0.823,3555
0.823,3554
0.823,3553
0.823,3552
0.823,3551
0.824,3550
0.824,3549
0.824,3548
0.824,3547
0.824,3546
0.824,3545
0.824,3544
0.824,3543
0.824,3542
0.824,3541
0.824,3540
0.824,3539
0.825,3538
0.825,3537
0.825,3536
0.825,3535
0.825,3534
0.825,3533
0.825,3532
0.826,3531
0.826,3530
0.826,3529
0.826,3528
0.826,3527
0.826,3526
0.826,3525
0.826,3524
0.826,3523
0.826,3522
0.826,3521
0.827,3520
0.827,3519
0.827,3518
0.827,3517
0.827,3516
0.827,3515
0.827,3514
0.827,3513
0.827,3512
0.827,3511
0.827,3510
0.827,3509
0.828,3508
0.828,3507
0.828,3506
0.828,3505
0.828,3504
0.828,3503
0.828,3502
0.829,3501
0.829,3500
0.829,3499
0.829,3498
0.829,3497
0.829,3496
0.829,3495
0.829,3494
0.829,3493
0.829,3492
0.829,3491
0.829,3490
0.830,3489
0.830,3488
0.830,3487
0.830,3486
0.830,3485
0.830,3484
0.830,3483
0.830,3482
0.830,3481
0.830,3480
0.830,3479
0.831,3478
0.831,3477
0.831,3476
0.831,3475
0.831,3474
0.831,3473
0.831,3472
0.832,3471
0.832,3470
0.832,3469
0.832,3468
0.832,3467
0.832,3466
0.832,3465
0.832,3464
0.832,3463
0.832,3462
0.832,3461
0.832,3460
0.832,3459
0.832,3458
0.833,3457
0.833,3456
0.833,3455
0.833,3454
0.833,3453
0.833,3452
0.833,3451
0.833,3450
0.833,3449
0.833,3448
0.833,3447
0.833,3446
0.833,3445
0.833,3444
0.833,3443
0.834,3442
0.834,3441
0.834,3440
0.834,3439
0.834,3438
0.834,3437
0.834,3436
0.834,3435
0.834,3434
0.834,3433
0.834,3432
0.835,3431
0.835,3430
0.835,3429
0.835,3428
0.835,3427
0.835,3426
0.835,3425
0.835,3424
0.835,3423
0.835,3422
0.835,3421
0.835,3420
0.835,3419
0.835,3418
0.835,3417
0.835,3416
0.835,3415
0.835,3414
0.836,3413
0.836,3412
0.836,3411
0.836,3410
0.836,3409
0.836,3408
0.836,3407
0.836,3406
0.836,3405
0.836,3404
0.837,3403
0.837,3402
0.837,3401
0.837,3400
0.837,3399
0.837,3398
0.837,3397
0.837,3396
0.837,3395
0.837,3394
0.837,3393
0.838,3392
0.838,3391
0.838,3390
0.838,3389
0.838,3388
0.838,3387
0.838,3386
0.838,3385
0.838,3384
0.838,3383
0.838,3382
0.838,3381
0.838,3380
0.838,3379
0.838,3378
0.838,3377
0.838,3376
0.838,3375
0.838,3374
0.839,3373
0.839,3372
0.839,3371
0.839,3370
0.839,3369
0.839,3368
0.839,3367
0.839,3366
0.839,3365
0.839,3364
0.839,3363
0.839,3362
0.839,3361
0.839,3360
0.839,3359
0.839,3358
0.839,3357
0.839,3356
0.840,3355
0.840,3354
0.840,3353
0.840,3352
0.840,3351
0.840,3350
0.840,3349
0.840,3348
0.840,3347
0.840,3346
0.840,3345
0.840,3344
0.841,3343
0.841,3342
0.841,3341
0.841,3340
0.841,3339
0.841,3338
0.841,3337
0.841,3336
0.841,3335
0.841,3334
0.841,3333
0.841,3332
0.842,3331
0.842,3330
0.842,3329
0.842,3328
0.842,3327
0.842,3326
0.842,3325
0.842,3324
0.842,3323
0.842,3322
0.842,3321
0.842,3320
0.842,3319
0.842,3318
0.842,3317
0.842,3316
0.842,3315
0.842,3314
0.842,3313
0.842,3312
0.842,3311
0.842,3310
0.842,3309
0.842,3308
0.842,3307
0.842,3306
0.842,3305
0.842,3304
0.842,3303
0.842,3302
0.842,3301
0.842,3300
0.842,3299
0.842,3298
0.842,3297
0.842,3296
0.842,3295
0.842,3294
0.842,3293
0.842,3292
0.842,3291
0.842,3290
0.842,3289
0.842,3288
0.842,3287
0.842,3286
0.842,3285
0.842,3284
0.842,3283
0.842,3282
0.842,3281
0.842,3280
0.842,3279
0.842,3278
0.842,3277
0.842,3276
0.842,3275
0.842,3274
0.842,3273
0.842,3272
0.842,3271
0.842,3270
0.842,3269
0.842,3268
0.842,3267
0.842,3266
0.842,3265
0.842,3264
0.842,3263
0.842,3262
0.842,3261
0.842,3260
0.842,3259
0.842,3258
0.842,3257
0.842,3256
0.842,3255
0.842,3254
0.842,3253
0.842,3252
0.842,3251
0.842,3250
0.842,3249
0.842,3248
0.842,3247
0.842,3246
0.842,3245
0.842,3244
0.842,3243
0.842,3242
0.842,3241
0.842,3240
0.842,3239
0.842,3238
0.842,3237
0.842,3236
0.842,3235
0.842,3234
0.842,3233
0.842,3232
0.842,3231
0.842,3230
0.842,3229
0.842,3228
0.842,3227
0.842,3226
0.842,3225
0.842,3224
0.842,3223
0.842,3222
0.842,3221
0.842,3220
0.842,3219
0.842,3218
0.842,3217
0.842,3216
0.842,3215
0.842,3214
0.842,3213
0.842,3212
0.842,3211
0.842,3210
0.842,3209
0.842,3208
0.842,3207
0.842,3206
0.842,3205
0.842,3204
0.842,3203
0.842,3202
0.842,3201
0.842,3200
0.842,3199
0.842,3198
0.842,3197
0.842,3196
0.842,3195
0.842,3194
0.842,3193
0.842,3192
0.842,3191
0.842,3190
0.842,3189
0.842,3188
0.842,3187
0.842,3186
0.842,3185
0.842,3184
0.842,3183
0.842,3182
0.842,3181
0.842,3180
0.842,3179
0.842,3178
0.842,3177
0.842,3176
0.842,3175
0.842,3174
0.842,3173
0.842,3172
0.842,3171
0.842,3170
0.842,3169
0.842,3168
0.842,3167
0.842,3166
0.842,3165
0.842,3164
0.842,3163
0.842,3162
0.842,3161
0.842,3160
0.858,3159
0.858,3158
0.858,3157
0.858,3156
0.858,3155
0.858,3154
0.858,3153
0.858,3152
0.858,3151
0.858,3150
0.858,3149
0.859,3148
0.859,3147
0.859,3146
0.859,3145
0.859,3144
0.859,3143
0.859,3142
0.859,3141
0.859,3140
0.859,3139
0.859,3138
0.859,3137
0.859,3136
0.859,3135
0.859,3134
0.860,3133
0.860,3132
0.860,3131
0.860,3130
0.860,3129
0.860,3128
0.860,3127
0.860,3126
0.860,3125
0.860,3124
0.860,3123
0.860,3122
0.860,3121
0.860,3120
0.860,3119
0.860,3118
0.860,3117
0.860,3116
0.861,3115
0.861,3114
0.861,3113
0.861,3112
0.861,3111
0.861,3110
0.861,3109
0.861,3108
0.861,3107
0.861,3106
0.861,3105
0.861,3104
0.861,3103
0.861,3102
0.862,3101
0.862,3100
0.862,3099
0.862,3098
0.862,3097
0.862,3096
0.862,3095
0.862,3094
0.862,3093
0.862,3092
0.862,3091
0.862,3090
0.863,3089
0.863,3088
0.863,3087
0.863,3086
0.863,3085
0.863,3084
0.863,3083
0.863,3082
0.863,3081
0.863,3080
0.863,3079
0.863,3078
0.863,3077
0.863,3076
0.864,3075
0.864,3074
0.864,3073
0.864,3072
0.864,3071
0.864,3070
0.864,3069
0.864,3068
0.864,3067
0.864,3066
0.864,3065
0.864,3064
0.864,3063
0.864,3062
0.864,3061
0.865,3060
0.865,3059
0.865,3058
0.865,3057
0.865,3056
0.865,3055
0.865,3054
0.865,3053
0.865,3052
0.866,3051
0.866,3050
0.866,3049
0.866,3048
0.866,3047
0.866,3046
0.866,3045
0.866,3044
0.866,3043
0.866,3042
0.866,3041
0.866,3040
0.867,3039
0.867,3038
0.867,3037
0.867,3036
0.867,3035
0.867,3034
0.867,3033
0.867,3032
0.867,3031
0.867,3030
0.867,3029
0.867,3028
0.867,3027
0.868,3026
0.868,3025
0.868,3024
0.868,3023
0.868,3022
0.868,3021
0.868,3020
0.868,3019
0.868,3018
0.869,3017
0.869,3016
0.869,3015
0.869,3014
0.869,3013
0.869,3012
0.869,3011
0.869,3010
0.869,3009
0.869,3008
0.869,3007
0.869,3006
0.869,3005
0.869,3004
0.869,3003
0.869,3002
0.870,3001
0.870,3000
0.870,2999
0.870,2998
0.870,2997
0.870,2996
0.870,2995
0.870,2994
0.870,2993
0.870,2992
0.870,2991
0.871,2990
0.871,2989
0.871,2988
0.871,2987
0.871,2986
0.871,2985
0.871,2984
0.871,2983
0.871,2982
0.871,2981
0.871,2980
0.871,2979
0.872,2978
0.872,2977
0.872,2976
0.872,2975
0.872,2974
0.872,2973
0.872,2972
0.872,2971
0.873,2970
0.873,2969
0.873,2968
0.873,2967
0.873,2966
0.873,2965
0.873,2964
0.873,2963
0.873,2962
0.873,2961
0.873,2960
0.873,2959
0.874,2958
0.874,2957
0.874,2956
0.874,2955
0.874,2954
0.874,2953
0.874,2952
0.874,2951
0.875,2950
0.875,2949
0.875,2948
0.875,2947
0.875,2946
0.875,2945
0.875,2944
0.876,2943
0.876,2942
0.876,2941
0.876,2940
0.876,2939
0.876,2938
0.876,2937
0.876,2936
0.876,2935
0.876,2934
0.876,2933
0.876,2932
0.876,2931
0.876,2930
0.877,2929
0.877,2928
0.877,2927
0.877,2926
0.877,2925
0.877,2924
0.877,2923
0.877,2922
0.877,2921
0.877,2920
0.877,2919
0.877,2918
0.878,2917
0.878,2916
0.878,2915
0.878,2914
0.878,2913
0.878,2912
0.878,2911
0.878,2910
0.878,2909
0.878,2908
0.878,2907
0.879,2906
0.879,2905
0.879,2904
0.879,2903
0.879,2902
0.879,2901
0.879,2900
0.879,2899
0.879,2898
0.879,2897
0.879,2896
0.880,2895
0.880,2894
0.880,2893
0.880,2892
0.880,2891
0.880,2890
0.880,2889
0.880,2888
0.880,2887
0.880,2886
0.880,2885
0.880,2884
0.881,2883
0.881,2882
0.881,2881
0.881,2880
0.881,2879
0.881,2878
0.881,2877
0.881,2876
0.881,2875
0.881,2874
0.882,2873
0.882,2872
0.882,2871
0.882,2870
0.882,2869
0.882,2868
0.882,2867
0.882,2866
0.882,2865
0.882,2864
0.882,2863
0.882,2862
0.882,2861
0.883,2860
0.883,2859
0.883,2858
0.883,2857
0.883,2856
0.883,2855
0.883,2854
0.883,2853
0.883,2852
0.883,2851
0.883,2850
0.883,2849
0.883,2848
0.883,2847
0.883,2846
0.883,2845
0.883,2844
0.883,2843
0.883,2842
0.883,2841
0.883,2840
0.883,2839
0.883,2838
0.883,2837
0.883,2836
0.883,2835
0.883,2834
0.883,2833
0.883,2832
0.883,2831
0.883,2830
0.883,2829
0.883,2828
0.883,2827
0.883,2826
0.883,2825
0.883,2824
0.883,2823
0.883,2822
0.883,2821
0.883,2820
0.883,2819
0.883,2818
0.883,2817
0.883,2816
0.883,2815
0.883,2814
0.883,2813
0.883,2812
0.883,2811
0.883,2810
0.883,2809
0.883,2808
0.883,2807
0.883,2806
0.883,2805
0.883,2804
0.883,2803
0.883,2802
0.883,2801
0.883,2800
0.883,2799
0.883,2798
0.883,2797
0.883,2796
0.883,2795
0.883,2794
0.883,2793
0.883,2792
0.883,2791
0.883,2790
0.883,2789
0.883,2788
0.883,2787
0.883,2786
0.883,2785
0.883,2784
0.883,2783
0.883,2782
0.883,2781
0.883,2780
0.883,2779
0.883,2778
0.883,2777
0.883,2776
0.883,2775
0.883,2774
0.883,2773
0.883,2772
0.883,2771
0.883,2770
0.883,2769
0.883,2768
0.883,2767
0.883,2766
0.883,2765
0.883,2764
0.883,2763
0.883,2762
0.883,2761
0.883,2760
0.883,2759
0.883,2758
0.883,2757
0.883,2756
0.883,2755
0.883,2754
0.883,2753
0.883,2752
0.883,2751
0.883,2750
0.883,2749
0.883,2748
0.883,2747
0.883,2746
0.883,2745
0.883,2744
0.883,2743
0.883,2742
0.883,2741
0.883,2740
0.883,2739
0.883,2738
0.883,2737
0.883,2736
0.883,2735
0.883,2734
0.883,2733
0.883,2732
0.883,2731
0.883,2730
0.883,2729
0.883,2728
0.883,2727
0.883,2726
0.883,2725
0.883,2724
0.883,2723
0.883,2722
0.883,2721
0.883,2720
0.899,2719
0.899,2718
0.899,2717
0.900,2716
0.900,2715
0.900,2714
0.900,2713
0.900,2712
0.900,2711
0.900,2710
0.900,2709
0.901,2708
0.901,2707
0.901,2706
0.901,2705
0.901,2704
0.901,2703
0.901,2702
0.901,2701
0.901,2700
0.901,2699
0.901,2698
0.901,2697
0.901,2696
0.902,2695
0.902,2694
0.902,2693
0.902,2692
0.903,2691
0.903,2690
0.903,2689
0.903,2688
0.903,2687
0.903,2686
0.903,2685
0.903,2684
0.903,2683
0.903,2682
0.903,2681
0.903,2680
0.903,2679
0.903,2678
0.903,2677
0.903,2676
0.903,2675
0.903,2674
0.903,2673
0.903,2672
0.903,2671
0.903,2670
0.903,2669
0.903,2668
0.903,2667
0.903,2666
0.903,2665
0.903,2664
0.903,2663
0.903,2662
0.903,2661
0.903,2660
0.903,2659
0.903,2658
0.903,2657
0.903,2656
0.903,2655
0.903,2654
0.903,2653
0.903,2652
0.903,2651
0.903,2650
0.903,2649
0.903,2648
0.903,2647
0.903,2646
0.903,2645
0.903,2644
0.903,2643
0.903,2642
0.903,2641
0.903,2640
0.903,2639
0.903,2638
0.903,2637
0.903,2636
0.903,2635
0.903,2634
0.903,2633
0.903,2632
0.903,2631
0.903,2630
0.903,2629
0.903,2628
0.903,2627
0.903,2626
0.903,2625
0.903,2624
0.903,2623
0.903,2622
0.903,2621
0.903,2620
0.903,2619
0.903,2618
0.903,2617
0.903,2616
0.903,2615
0.903,2614
0.903,2613
0.903,2612
0.903,2611
0.903,2610
0.903,2609
0.903,2608
0.903,2607
0.903,2606
0.903,2605
0.903,2604
0.903,2603
0.903,2602
0.903,2601
0.903,2600
0.903,2599
0.919,2598
0.919,2597
0.920,2596
0.920,2595
0.920,2594
0.921,2593
0.921,2592
0.921,2591
0.922,2590
0.922,2589
0.922,2588
0.923,2587
0.923,2586
0.923,2585
0.923,2584
0.924,2583
0.924,2582
0.924,2581
0.924,2580
0.924,2579
0.924,2578
0.924,2577
0.924,2576
0.924,2575
0.924,2574
0.924,2573
0.924,2572
0.924,2571
0.924,2570
0.924,2569
0.924,2568
0.924,2567
0.924,2566
0.924,2565
0.924,2564
0.924,2563
0.924,2562
0.924,2561
0.924,2560
0.924,2559
0.924,2558
0.924,2557
0.924,2556
0.924,2555
0.924,2554
0.924,2553
0.924,2552
0.924,2551
0.924,2550
0.924,2549
0.924,2548
0.924,2547
0.924,2546
0.924,2545
0.924,2544
0.924,2543
0.924,2542
0.924,2541
0.924,2540
0.924,2539
0.924,2538
0.924,2537
0.924,2536
0.924,2535
0.924,2534
0.924,2533
0.924,2532
0.924,2531
0.924,2530
0.924,2529
0.924,2528
0.924,2527
0.924,2526
0.924,2525
0.940,2524
0.940,2523
0.940,2522
0.940,2521
0.941,2520
0.941,2519
0.941,2518
0.941,2517
0.942,2516
0.942,2515
0.942,2514
0.943,2513
0.943,2512
0.943,2511
0.943,2510
0.943,2509
0.943,2508
0.943,2507
0.943,2506
0.944,2505
0.944,2504
0.944,2503
0.945,2502
0.945,2501
0.945,2500
0.945,2499
0.945,2498
0.947,2497
0.947,2496
0.947,2495
0.947,2494
0.948,2493
0.948,2492
0.950,2491
0.950,2490
0.950,2489
0.950,2488
0.951,2487
0.951,2486
0.951,2485
0.951,2484
0.952,2483
0.954,2482
0.954,2481
0.954,2480
0.954,2479
0.954,2478
0.954,2477
0.954,2476
0.954,2475
0.954,2474
0.954,2473
0.954,2472
0.954,2471
0.954,2470
0.954,2469
0.954,2468
0.954,2467
0.954,2466
0.954,2465
0.954,2464
0.954,2463
0.954,2462
0.954,2461
0.954,2460
0.954,2459
0.954,2458
0.954,2457
0.954,2456
0.971,2455
0.972,2454
0.972,2453
0.973,2452
0.974,2451
0.980,2450
0.983,2449
0.985,2448
0.985,2447
0.985,2446
0.985,2445
0.985,2444
0.985,2443
0.985,2442
0.985,2441
0.985,2440
0.985,2439
1.002,2438
1.003,2437
1.005,2436
1.005,2435
1.005,2434
1.005,2433
1.005,2432
1.005,2431
1.023,2430
1.025,2429
1.025,2428
1.025,2427
1.025,2426
1.025,2425
1.025,2424
1.054,2423
1.055,2422
1.055,2421
1.058,2420
1.058,2419
1.058,2418
1.058,2417
1.060,2416
1.061,2415
1.063,2414
1.065,2413
1.070,2412
1.072,2411
1.076,2410
1.079,2409
1.083,2408
1.085,2407
1.106,2406
1.106,2405
1.127,2404
1.127,2403
1.169,2402
1.235,2401
