0.609,3709
0.609,3708
0.609,3707
0.609,3706
0.609,3705
0.609,3704
0.609,3703
0.609,3702
0.609,3701
0.609,3700
0.609,3699
0.609,3698
0.609,3697
0.609,3696
0.609,3695
0.609,3694
0.609,3693
0.609,3692
0.609,3691
0.609,3690
0.609,3689
0.609,3688
0.609,3687
0.609,3686
0.609,3685
0.609,3684
0.609,3683
0.609,3682
0.609,3681
0.609,3680
0.609,3679
0.609,3678
0.609,3677
0.609,3676
0.609,3675
0.609,3674
0.609,3673
0.609,3672
0.609,3671
0.609,3670
0.609,3669
0.609,3668
0.609,3667
0.609,3666
0.609,3665
0.609,3664
0.609,3663
0.609,3662
0.609,3661
0.609,3660
0.609,3659
0.609,3658
0.609,3657
0.609,3656
0.609,3655
0.609,3654
0.609,3653
0.609,3652
0.609,3651
0.609,3650
0.609,3649
0.609,3648
0.609,3647
0.609,3646
0.609,3645
0.609,3644
0.609,3643
0.609,3642
0.609,3641
0.609,3640
0.609,3639
0.609,3638
0.609,3637
0.609,3636
0.609,3635
0.609,3634
0.609,3633
0.609,3632
0.609,3631
0.609,3630
0.609,3629
0.609,3628
0.609,3627
0.609,3626
0.609,3625
0.609,3624
0.609,3623
0.609,3622
0.609,3621
0.609,3620
0.609,3619
0.609,3618
0.609,3617
0.609,3616
0.609,3615
0.609,3614
0.609,3613
0.609,3612
0.609,3611
0.609,3610
0.609,3609
0.609,3608
0.609,3607
0.609,3606
0.609,3605
0.609,3604
0.609,3603
0.609,3602
0.609,3601
0.609,3600
0.609,3599
0.609,3598
0.609,3597
0.609,3596
0.609,3595
0.609,3594
0.609,3593
0.609,3592
0.609,3591
0.609,3590
0.609,3589
0.609,3588
0.609,3587
0.609,3586
0.625,3585
0.625,3584
0.625,3583
0.625,3582
0.625,3581
0.625,3580
0.625,3579
0.625,3578
0.625,3577
0.625,3576
0.625,3575
0.625,3574
0.625,3573
0.625,3572
0.625,3571
0.625,3570
0.625,3569
0.626,3568
0.626,3567
0.626,3566
0.626,3565
0.626,3564
0.626,3563
0.626,3562
0.626,3561
0.626,3560
0.626,3559
0.626,3558
0.626,3557
0.626,3556
0.626,3555
0.626,3554
0.626,3553
0.626,3552
0.626,3551
0.626,3550
0.626,3549
0.626,3548
0.626,3547
0.626,3546
0.627,3545
0.627,3544
0.627,3543
0.627,3542
0.627,3541
0.627,3540
0.627,3539
0.627,3538
0.627,3537
0.627,3536
0.627,3535
0.627,3534
0.627,3533
0.627,3532
0.627,3531
0.627,3530
0.627,3529
0.627,3528
0.627,3527
0.627,3526
0.627,3525
0.627,3524
0.627,3523
0.627,3522
0.627,3521
0.627,3520
0.628,3519
0.628,3518
0.628,3517
0.628,3516
0.628,3515
0.628,3514
0.628,3513
0.628,3512
0.628,3511
0.628,3510
0.628,3509
0.628,3508
0.628,3507
0.628,3506
0.628,3505
0.628,3504
0.628,3503
0.628,3502
0.628,3501
0.628,3500
0.628,3499
0.628,3498
0.628,3497
0.628,3496
0.628,3495
0.628,3494
0.628,3493
0.628,3492
0.628,3491
0.629,3490
0.629,3489
0.629,3488
0.629,3487
0.629,3486
0.629,3485
0.629,3484
0.629,3483
0.629,3482
0.629,3481
0.629,3480
0.629,3479
0.629,3478
0.629,3477
0.629,3476
0.629,3475
0.629,3474
0.629,3473
0.629,3472
0.629,3471
0.629,3470
0.629,3469
0.629,3468
0.629,3467
0.629,3466
0.629,3465
0.629,3464
0.629,3463
0.629,3462
0.629,3461
0.629,3460
0.629,3459
0.629,3458
0.629,3457
0.629,3456
0.629,3455
0.629,3454
0.629,3453
0.629,3452
0.629,3451
0.629,3450
0.629,3449
0.629,3448
0.629,3447
0.629,3446
0.629,3445
0.629,3444
0.629,3443
0.629,3442
0.629,3441
0.629,3440
0.629,3439
0.629,3438
0.629,3437
0.629,3436
0.629,3435
0.629,3434
0.629,3433
0.629,3432
0.629,3431
0.629,3430
0.629,3429
0.629,3428
0.629,3427
0.629,3426
0.629,3425
0.629,3424
0.629,3423
0.629,3422
0.629,3421
0.629,3420
0.629,3419
0.629,3418
0.629,3417
0.629,3416
0.629,3415
0.629,3414
0.629,3413
0.629,3412
0.629,3411
0.629,3410
0.629,3409
0.629,3408
0.629,3407
0.629,3406
0.629,3405
0.629,3404
0.629,3403
0.629,3402
0.629,3401
0.629,3400
0.629,3399
0.629,3398
0.629,3397
0.629,3396
0.629,3395
0.629,3394
0.629,3393
0.629,3392
0.629,3391
0.629,3390
0.629,3389
0.629,3388
0.629,3387
0.629,3386
0.629,3385
0.629,3384
0.629,3383
0.629,3382
0.629,3381
0.629,3380
0.629,3379
0.629,3378
0.629,3377
0.629,3376
0.629,3375
0.629,3374
0.629,3373
0.629,3372
0.629,3371
0.629,3370
0.629,3369
0.629,3368
0.629,3367
0.629,3366
0.629,3365
0.629,3364
0.629,3363
0.629,3362
0.629,3361
0.629,3360
0.629,3359
0.629,3358
0.629,3357
0.629,3356
0.629,3355
0.629,3354
0.629,3353
0.629,3352
0.629,3351
0.629,3350
0.629,3349
0.629,3348
0.629,3347
0.629,3346
0.629,3345
0.629,3344
0.629,3343
0.629,3342
0.629,3341
0.629,3340
0.629,3339
0.629,3338
0.629,3337
0.629,3336
0.629,3335
0.629,3334
0.629,3333
0.629,3332
0.629,3331
0.629,3330
0.629,3329
0.629,3328
0.629,3327
0.629,3326
0.629,3325
0.629,3324
0.629,3323
0.629,3322
0.629,3321
0.629,3320
0.629,3319
0.629,3318
0.629,3317
0.629,3316
0.629,3315
0.629,3314
0.629,3313
0.629,3312
0.629,3311
0.629,3310
0.629,3309
0.629,3308
0.629,3307
0.629,3306
0.629,3305
0.629,3304
0.629,3303
0.629,3302
0.629,3301
0.629,3300
0.629,3299
0.629,3298
0.629,3297
0.629,3296
0.629,3295
0.629,3294
0.629,3293
0.629,3292
0.629,3291
0.629,3290
0.629,3289
0.629,3288
0.629,3287
0.629,3286
0.629,3285
0.629,3284
0.629,3283
0.629,3282
0.629,3281
0.629,3280
0.629,3279
0.629,3278
0.629,3277
0.629,3276
0.629,3275
0.629,3274
0.629,3273
0.645,3272
0.645,3271
0.645,3270
0.645,3269
0.647,3268
0.647,3267
0.649,3266
0.649,3265
0.649,3264
0.649,3263
0.649,3262
0.649,3261
0.649,3260
0.649,3259
0.649,3258
0.649,3257
0.649,3256
0.649,3255
0.649,3254
0.650,3253
0.650,3252
0.650,3251
0.650,3250
0.650,3249
0.650,3248
0.650,3247
0.650,3246
0.650,3245
0.650,3244
0.650,3243
0.650,3242
0.650,3241
0.650,3240
0.650,3239
0.650,3238
0.650,3237
0.650,3236
0.650,3235
0.650,3234
0.650,3233
0.650,3232
0.650,3231
0.650,3230
0.650,3229
0.650,3228
0.650,3227
0.650,3226
0.650,3225
0.650,3224
0.650,3223
0.650,3222
0.650,3221
0.650,3220
0.650,3219
0.650,3218
0.650,3217
0.650,3216
0.650,3215
0.650,3214
0.650,3213
0.650,3212
0.650,3211
0.650,3210
0.650,3209
0.650,3208
0.650,3207
0.650,3206
0.650,3205
0.650,3204
0.650,3203
0.650,3202
0.650,3201
0.650,3200
0.650,3199
0.650,3198
0.650,3197
0.650,3196
0.650,3195
0.650,3194
0.650,3193
0.650,3192
0.650,3191
0.650,3190
0.650,3189
0.650,3188
0.650,3187
0.650,3186
0.650,3185
0.650,3184
0.650,3183
0.650,3182
0.650,3181
0.650,3180
0.650,3179
0.650,3178
0.650,3177
0.650,3176
0.650,3175
0.650,3174
0.650,3173
0.650,3172
0.650,3171
0.650,3170
0.650,3169
0.650,3168
0.650,3167
0.650,3166
0.650,3165
0.650,3164
0.650,3163
0.650,3162
0.650,3161
0.650,3160
0.650,3159
0.650,3158
0.650,3157
0.650,3156
0.650,3155
0.650,3154
0.650,3153
0.650,3152
0.650,3151
0.650,3150
0.650,3149
0.650,3148
0.650,3147
0.650,3146
0.650,3145
0.650,3144
0.650,3143
0.650,3142
0.650,3141
0.650,3140
0.650,3139
0.650,3138
0.650,3137
0.650,3136
0.650,3135
0.650,3134
0.650,3133
0.650,3132
0.650,3131
0.650,3130
0.650,3129
0.650,3128
0.650,3127
0.650,3126
0.650,3125
0.650,3124
0.650,3123
0.650,3122
0.650,3121
0.650,3120
0.650,3119
0.650,3118
0.650,3117
0.650,3116
0.650,3115
0.650,3114
0.650,3113
0.650,3112
0.650,3111
0.650,3110
0.650,3109
0.650,3108
0.650,3107
0.650,3106
0.650,3105
0.650,3104
0.650,3103
0.650,3102
0.650,3101
0.650,3100
0.650,3099
0.650,3098
0.650,3097
0.650,3096
0.650,3095
0.650,3094
0.650,3093
0.650,3092
0.650,3091
0.666,3090
0.666,3089
0.666,3088
0.666,3087
0.666,3086
0.666,3085
0.666,3084
0.666,3083
0.666,3082
0.666,3081
0.666,3080
0.666,3079
0.666,3079
0.667,3078
0.667,3077
0.667,3076
0.667,3075
0.667,3074
0.667,3073
0.667,3072
0.667,3071
0.667,3070
0.667,3069
0.667,3068
0.667,3067
0.667,3066
0.668,3065
0.668,3064
0.668,3063
0.668,3062
0.668,3061
0.668,3060
0.668,3059
0.668,3058
0.668,3057
0.668,3056
0.668,3055
0.668,3054
0.668,3053
0.668,3052
0.669,3051
0.669,3050
0.669,3049
0.669,3048
0.669,3047
0.669,3046
0.669,3045
0.669,3044
0.669,3043
0.669,3042
0.669,3041
0.669,3040
0.669,3039
0.669,3038
0.670,3037
0.670,3036
0.670,3035
0.670,3034
0.670,3033
0.670,3032
0.670,3031
0.670,3030
0.670,3029
0.670,3028
0.670,3027
0.670,3026
0.670,3025
0.670,3024
0.670,3023
0.670,3022
0.670,3021
0.670,3020
0.670,3019
0.670,3018
0.670,3017
0.670,3016
0.670,3015
0.670,3014
0.670,3013
0.670,3012
0.670,3011
0.670,3010
0.670,3009
0.670,3008
0.670,3007
0.670,3006
0.670,3005
0.670,3004
0.670,3003
0.670,3002
0.670,3001
0.670,3000
0.670,2999
0.670,2998
0.670,2997
0.670,2996
0.670,2995
0.670,2994
0.670,2993
0.670,2992
0.670,2991
0.670,2990
0.670,2989
0.670,2988
0.670,2987
0.670,2986
0.670,2985
0.670,2984
0.670,2983
0.670,2982
0.670,2981
0.670,2980
0.670,2979
0.670,2978
0.670,2977
0.670,2976
0.670,2975
0.670,2974
0.670,2973
0.670,2972
0.670,2971
0.670,2970
0.670,2969
0.670,2968
0.670,2967
0.670,2966
0.670,2965
0.670,2964
0.670,2963
0.670,2962
0.670,2961
0.670,2960
0.670,2959
0.670,2958
0.670,2957
0.670,2956
0.670,2955
0.670,2954
0.670,2953
0.670,2952
0.670,2951
0.670,2950
0.670,2949
0.670,2948
0.670,2947
0.670,2946
0.670,2945
0.670,2944
0.670,2943
0.670,2942
0.670,2941
0.670,2940
0.670,2939
0.670,2938
0.670,2937
0.670,2936
0.670,2935
0.670,2934
0.670,2933
0.670,2932
0.670,2931
0.670,2930
0.670,2929
0.670,2928
0.670,2927
0.670,2926
0.670,2925
0.670,2924
0.670,2923
0.670,2922
0.670,2921
0.670,2920
0.670,2919
0.670,2918
0.670,2917
0.670,2916
0.670,2915
0.670,2914
0.670,2913
0.670,2912
0.670,2911
0.670,2910
0.670,2909
0.670,2908
0.670,2907
0.670,2906
0.670,2905
0.670,2904
0.670,2903
0.670,2902
0.670,2901
0.670,2900
0.670,2899
0.670,2898
0.670,2897
0.670,2896
0.670,2895
0.670,2894
0.670,2893
0.670,2892
0.670,2891
0.670,2890
0.670,2889
0.670,2888
0.670,2887
0.670,2886
0.670,2885
0.670,2884
0.670,2883
0.670,2882
0.670,2881
0.686,2880
0.686,2879
0.686,2878
0.686,2877
0.686,2876
0.686,2875
0.686,2874
0.686,2873
0.686,2872
0.686,2871
0.686,2870
0.687,2869
0.687,2868
0.687,2867
0.687,2866
0.687,2865
0.687,2864
0.687,2863
0.687,2862
0.687,2861
0.687,2860
0.687,2859
0.687,2858
0.687,2857
0.688,2856
0.688,2855
0.688,2854
0.688,2853
0.688,2852
0.688,2851
0.688,2850
0.689,2849
0.689,2848
0.689,2847
0.689,2846
0.689,2845
0.689,2844
0.689,2843
0.689,2842
0.690,2841
0.690,2840
0.690,2839
0.690,2838
0.690,2837
0.690,2836
0.690,2835
0.690,2834
0.690,2833
0.691,2832
0.691,2831
0.691,2830
0.691,2829
0.691,2828
0.691,2827
0.691,2826
0.691,2825
0.691,2824
0.691,2823
0.691,2822
0.691,2821
0.691,2820
0.691,2819
0.691,2818
0.691,2817
0.691,2816
0.691,2815
0.691,2814
0.691,2813
0.691,2812
0.691,2811
0.691,2810
0.691,2809
0.691,2808
0.691,2807
0.691,2806
0.691,2805
0.691,2804
0.691,2803
0.691,2802
0.691,2801
0.691,2800
0.691,2799
0.691,2798
0.691,2797
0.691,2796
0.691,2795
0.691,2794
0.691,2793
0.691,2792
0.691,2791
0.691,2790
0.691,2789
0.691,2788
0.691,2787
0.691,2786
0.691,2785
0.691,2784
0.691,2783
0.691,2782
0.691,2781
0.691,2780
0.691,2779
0.691,2778
0.691,2777
0.691,2776
0.691,2775
0.691,2774
0.691,2773
0.691,2772
0.691,2771
0.691,2770
0.691,2769
0.691,2768
0.691,2767
0.691,2766
0.691,2765
0.691,2764
0.691,2763
0.691,2762
0.691,2761
0.691,2760
0.691,2759
0.691,2758
0.691,2757
0.691,2756
0.691,2755
0.691,2754
0.691,2753
0.691,2752
0.691,2751
0.691,2750
0.691,2749
0.691,2748
0.691,2747
0.691,2746
0.691,2745
0.691,2744
0.691,2743
0.691,2742
0.691,2741
0.691,2740
0.691,2739
0.691,2738
0.691,2737
0.691,2736
0.691,2735
0.691,2734
0.691,2733
0.691,2732
0.691,2731
0.691,2730
0.691,2729
0.691,2728
0.691,2727
0.691,2726
0.691,2725
0.691,2724
0.691,2723
0.691,2722
0.691,2721
0.691,2720
0.691,2719
0.691,2718
0.691,2717
0.691,2716
0.691,2715
0.691,2714
0.691,2713
0.691,2712
0.691,2711
0.691,2710
0.691,2709
0.691,2708
0.691,2707
0.691,2706
0.691,2705
0.691,2704
0.691,2703
0.691,2702
0.691,2701
0.691,2700
0.691,2699
0.691,2698
0.691,2697
0.691,2696
0.691,2695
0.691,2694
0.691,2693
0.691,2692
0.691,2691
0.691,2690
0.691,2689
0.691,2688
0.691,2687
0.691,2686
0.691,2685
0.691,2684
0.691,2683
0.691,2682
0.691,2681
0.691,2680
0.691,2679
0.691,2678
0.691,2677
0.706,2676
0.706,2675
0.706,2674
0.706,2673
0.706,2672
0.707,2671
0.707,2670
0.707,2669
0.707,2668
0.707,2667
0.707,2666
0.707,2665
0.707,2664
0.707,2663
0.707,2662
0.707,2661
0.708,2660
0.708,2659
0.708,2658
0.708,2657
0.708,2656
0.708,2655
0.709,2654
0.709,2653
0.709,2652
0.709,2651
0.709,2650
0.709,2649
0.709,2648
0.709,2647
0.709,2646
0.709,2645
0.710,2644
0.710,2643
0.710,2642
0.710,2641
0.710,2640
0.710,2639
0.710,2638
0.711,2637
0.711,2636
0.711,2635
0.711,2634
0.711,2633
0.711,2632
0.711,2631
0.711,2630
0.711,2629
0.711,2628
0.712,2627
0.712,2626
0.712,2625
0.712,2624
0.712,2623
0.712,2622
0.712,2621
0.713,2620
0.713,2619
0.713,2618
0.713,2617
0.714,2616
0.714,2615
0.714,2614
0.714,2613
0.715,2612
0.715,2611
0.715,2610
0.715,2609
0.715,2608
0.715,2607
0.716,2606
0.716,2605
0.716,2604
0.717,2603
0.717,2602
0.717,2601
0.717,2600
0.717,2599
0.717,2598
0.717,2597
0.717,2596
0.717,2595
0.717,2594
0.718,2593
0.718,2592
0.718,2591
0.718,2590
0.718,2589
0.718,2588
0.719,2587
0.719,2586
0.719,2585
0.719,2584
0.719,2583
0.719,2582
0.720,2581
0.721,2580
0.721,2579
0.721,2578
0.721,2577
0.721,2576
0.721,2575
0.721,2574
0.721,2573
0.721,2572
0.721,2571
0.721,2570
0.721,2569
0.721,2568
0.721,2567
0.721,2566
0.721,2565
0.721,2564
0.721,2563
0.721,2562
0.721,2561
0.721,2560
0.721,2559
0.721,2558
0.721,2557
0.721,2556
0.721,2555
0.721,2554
0.721,2553
0.721,2552
0.721,2551
0.721,2550
0.721,2549
0.721,2548
0.721,2547
0.721,2546
0.721,2545
0.721,2544
0.721,2543
0.721,2542
0.721,2541
0.721,2540
0.721,2539
0.721,2538
0.721,2537
0.721,2536
0.721,2535
0.721,2534
0.721,2533
0.721,2532
0.721,2531
0.721,2530
0.721,2529
0.721,2528
0.721,2527
0.721,2526
0.721,2525
0.721,2524
0.721,2523
0.721,2522
0.721,2521
0.721,2520
0.721,2519
0.721,2518
0.721,2517
0.721,2516
0.721,2515
0.721,2514
0.721,2513
0.721,2512
0.721,2511
0.721,2510
0.721,2509
0.721,2508
0.721,2507
0.721,2506
0.721,2505
0.721,2504
0.721,2503
0.721,2502
0.721,2501
0.721,2500
0.736,2499
0.736,2498
0.737,2497
0.737,2496
0.737,2495
0.737,2494
0.738,2493
0.738,2492
0.739,2491
0.739,2490
0.739,2489
0.741,2488
0.741,2487
0.741,2486
0.741,2485
0.741,2484
0.741,2483
0.741,2482
0.741,2481
0.741,2480
0.741,2479
0.741,2478
0.741,2477
0.741,2476
0.741,2475
0.741,2474
0.741,2473
0.741,2472
0.741,2471
0.741,2470
0.741,2469
0.741,2468
0.741,2467
0.741,2466
0.741,2465
0.741,2464
0.741,2463
0.741,2462
0.741,2461
0.741,2460
0.741,2459
0.741,2458
0.741,2457
0.741,2456
0.741,2455
0.741,2454
0.741,2453
0.741,2452
0.741,2451
0.741,2450
0.741,2449
0.741,2448
0.741,2447
0.741,2446
0.741,2445
0.741,2444
0.741,2443
0.741,2442
0.741,2441
0.757,2440
0.758,2439
0.758,2438
0.759,2437
0.759,2436
0.759,2435
0.760,2434
0.761,2433
0.761,2432
0.761,2431
0.761,2430
0.761,2429
0.761,2428
0.761,2427
0.761,2426
0.761,2425
0.761,2424
0.761,2423
0.761,2422
0.761,2421
0.761,2420
0.761,2419
0.761,2418
0.761,2417
0.761,2416
0.761,2415
0.761,2414
0.761,2413
0.761,2412
0.761,2411
0.778,2410
0.778,2409
0.780,2408
0.781,2407
0.781,2406
0.781,2405
0.781,2404
0.781,2403
0.781,2402
0.781,2401
0.781,2400
0.781,2399
0.781,2398
0.781,2397
0.797,2396
0.799,2395
0.801,2394
0.801,2393
0.802,2392
0.804,2391
0.805,2390
0.806,2389
0.809,2388
0.810,2387
0.812,2386
0.812,2385
0.812,2384
0.812,2383
0.812,2382
0.829,2381
0.830,2380
0.832,2379
0.832,2378
0.832,2377
0.832,2376
0.832,2375
0.832,2374
0.854,2373
0.859,2372
0.870,2371
