0.594,3709
0.594,3708
0.594,3707
0.594,3706
0.594,3705
0.594,3704
0.594,3703
0.594,3702
0.594,3701
0.594,3700
0.594,3699
0.595,3698
0.595,3697
0.595,3696
0.595,3695
0.595,3694
0.595,3693
0.595,3692
0.595,3691
0.595,3690
0.595,3689
0.595,3688
0.595,3687
0.595,3686
0.595,3685
0.595,3684
0.595,3683
0.595,3682
0.595,3681
0.595,3680
0.595,3679
0.595,3678
0.595,3677
0.595,3676
0.595,3675
0.596,3674
0.596,3673
0.596,3672
0.596,3671
0.596,3670
0.596,3669
0.596,3668
0.596,3667
0.596,3666
0.596,3665
0.596,3664
0.596,3663
0.596,3662
0.596,3661
0.596,3660
0.596,3659
0.596,3658
0.596,3657
0.597,3656
0.597,3655
0.597,3654
0.597,3653
0.597,3652
0.597,3651
0.597,3650
0.597,3649
0.597,3648
0.597,3647
0.597,3646
0.597,3645
0.597,3644
0.597,3643
0.597,3642
0.597,3641
0.597,3640
0.598,3639
0.598,3638
0.598,3637
0.598,3636
0.598,3635
0.598,3634
0.598,3633
0.598,3632
0.598,3631
0.598,3630
0.598,3629
0.598,3628
0.598,3627
0.598,3626
0.598,3625
0.598,3624
0.598,3623
0.598,3622
0.598,3621
0.598,3620
0.599,3619
0.599,3618
0.599,3617
0.599,3616
0.599,3615
0.599,3614
0.599,3613
0.599,3612
0.599,3611
0.599,3610
0.599,3609
0.599,3608
0.599,3607
0.599,3606
0.599,3605
0.599,3604
0.599,3603
0.599,3602
0.599,3601
0.599,3600
0.600,3599
0.600,3598
0.600,3597
0.600,3596
0.600,3595
0.600,3594
0.600,3593
0.600,3592
0.600,3591
0.600,3590
0.600,3589
0.600,3588
0.600,3587
0.600,3586
0.600,3585
0.600,3584
0.600,3583
0.600,3582
0.601,3581
0.601,3580
0.601,3579
0.601,3578
0.601,3577
0.601,3576
0.601,3575
0.601,3574
0.601,3573
0.601,3572
0.601,3571
0.601,3570
0.601,3569
0.601,3568
0.601,3567
0.601,3566
0.601,3565
0.601,3564
0.602,3563
0.602,3562
0.602,3561
0.602,3560
0.602,3559
0.602,3558
0.602,3557
0.602,3556
0.604,3555
0.604,3554
0.604,3553
0.604,3552
0.604,3551
0.605,3550
0.605,3549
0.605,3548
0.605,3547
0.605,3546
0.605,3545
0.605,3544
0.605,3543
0.605,3542
0.605,3541
0.605,3540
0.605,3539
0.605,3538
0.605,3537
0.605,3536
0.605,3535
0.606,3534
0.606,3533
0.606,3532
0.606,3531
0.606,3530
0.606,3529
0.606,3528
0.606,3527
0.606,3526
0.606,3525
0.606,3524
0.606,3523
0.606,3522
0.606,3521
0.606,3520
0.606,3519
0.606,3518
0.606,3517
0.606,3516
0.607,3515
0.607,3514
0.607,3513
0.607,3512
0.607,3511
0.607,3510
0.607,3509
0.607,3508
0.607,3507
0.607,3506
0.607,3505
0.607,3504
0.607,3503
0.607,3502
0.607,3501
0.607,3500
0.607,3499
0.607,3498
0.607,3497
0.607,3496
0.607,3495
0.607,3494
0.608,3493
0.608,3492
0.608,3491
0.608,3490
0.608,3489
0.608,3488
0.608,3487
0.608,3486
0.608,3485
0.608,3484
0.608,3483
0.608,3482
0.608,3481
0.608,3480
0.608,3479
0.608,3478
0.608,3477
0.608,3476
0.608,3475
0.608,3474
0.608,3473
0.608,3472
0.608,3471
0.609,3470
0.609,3469
0.609,3468
0.609,3467
0.609,3466
0.609,3465
0.609,3464
0.609,3463
0.609,3462
0.609,3461
0.609,3460
0.609,3459
0.609,3458
0.609,3457
0.609,3456
0.609,3455
0.609,3454
0.609,3453
0.609,3452
0.609,3451
0.609,3450
0.609,3449
0.610,3448
0.610,3447
0.610,3446
0.610,3445
0.610,3444
0.610,3443
0.610,3442
0.610,3441
0.610,3440
0.610,3439
0.610,3438
0.610,3437
0.611,3436
0.611,3435
0.611,3434
0.611,3433
0.611,3432
0.611,3431
0.611,3430
0.611,3429
0.611,3428
0.611,3427
0.611,3426
0.611,3425
0.611,3424
0.612,3423
0.612,3422
0.612,3421
0.612,3420
0.612,3419
0.612,3418
0.612,3417
0.612,3416
0.612,3415
0.612,3414
0.612,3413
0.612,3412
0.612,3411
0.612,3410
0.612,3409
0.612,3408
0.612,3407
0.612,3406
0.612,3405
0.612,3404
0.613,3403
0.613,3402
0.613,3401
0.613,3400
0.613,3399
0.613,3398
0.613,3397
0.613,3396
0.613,3395
0.613,3394
0.613,3393
0.613,3392
0.613,3391
0.613,3390
0.613,3389
0.613,3388
0.613,3387
0.613,3386
0.613,3385
0.614,3384
0.614,3383
0.614,3382
0.614,3381
0.614,3380
0.614,3379
0.614,3378
0.614,3377
0.614,3376
0.614,3375
0.614,3374
0.614,3373
0.614,3372
0.614,3371
0.614,3370
0.614,3369
0.614,3368
0.614,3367
0.614,3366
0.614,3365
0.615,3364
0.615,3363
0.615,3362
0.615,3361
0.615,3360
0.615,3359
0.615,3358
0.615,3357
0.615,3356
0.615,3355
0.615,3354
0.615,3353
0.615,3352
0.615,3351
0.615,3350
0.615,3349
0.615,3348
0.616,3347
0.616,3346
0.616,3345
0.616,3344
0.616,3343
0.616,3342
0.616,3341
0.616,3340
0.616,3339
0.616,3338
0.616,3337
0.616,3336
0.616,3335
0.616,3334
0.616,3333
0.616,3332
0.616,3331
0.616,3330
0.616,3329
0.616,3328
0.616,3327
0.617,3326
0.617,3325
0.617,3324
0.617,3323
0.617,3322
0.617,3321
0.617,3320
0.617,3319
0.617,3318
0.617,3317
0.617,3316
0.617,3315
0.617,3314
0.617,3313
0.617,3312
0.617,3311
0.617,3310
0.617,3309
0.617,3308
0.617,3307
0.618,3306
0.618,3305
0.618,3304
0.618,3303
0.618,3302
0.618,3301
0.618,3300
0.618,3299
0.618,3298
0.618,3297
0.618,3296
0.618,3295
0.618,3294
0.618,3293
0.618,3292
0.618,3291
0.618,3290
0.619,3289
0.619,3288
0.619,3287
0.619,3286
0.619,3285
0.619,3284
0.619,3283
0.619,3282
0.619,3281
0.619,3280
0.619,3279
0.619,3278
0.619,3277
0.619,3276
0.619,3275
0.619,3274
0.619,3273
0.619,3272
0.620,3271
0.620,3270
0.620,3269
0.620,3268
0.620,3267
0.620,3266
0.620,3265
0.620,3264
0.620,3263
0.620,3262
0.620,3261
0.620,3260
0.620,3259
0.620,3258
0.620,3257
0.620,3256
0.620,3255
0.620,3254
0.621,3253
0.621,3252
0.621,3251
0.621,3250
0.621,3249
0.621,3248
0.621,3247
0.621,3246
0.621,3245
0.621,3244
0.621,3243
0.621,3242
0.621,3241
0.621,3240
0.621,3239
0.621,3238
0.621,3237
0.621,3236
0.621,3235
0.621,3234
0.621,3233
0.621,3232
0.622,3231
0.622,3230
0.622,3229
0.622,3228
0.622,3227
0.622,3226
0.622,3225
0.622,3224
0.622,3223
0.622,3222
0.622,3221
0.622,3220
0.622,3219
0.622,3218
0.622,3217
0.622,3216
0.622,3215
0.622,3214
0.623,3213
0.623,3212
0.623,3211
0.623,3210
0.623,3209
0.623,3208
0.623,3207
0.623,3206
0.623,3205
0.623,3204
0.623,3203
0.623,3202
0.623,3201
0.623,3200
0.623,3199
0.623,3198
0.623,3197
0.623,3196
0.623,3195
0.623,3194
0.623,3193
0.624,3192
0.624,3191
0.624,3190
0.624,3189
0.624,3188
0.624,3187
0.624,3186
0.624,3185
0.624,3184
0.624,3183
0.624,3182
0.624,3181
0.624,3180
0.624,3179
0.624,3178
0.624,3177
0.624,3176
0.625,3175
0.625,3174
0.625,3173
0.625,3172
0.625,3171
0.625,3170
0.625,3169
0.625,3168
0.625,3167
0.625,3166
0.625,3165
0.625,3164
0.625,3163
0.625,3162
0.625,3161
0.625,3160
0.626,3159
0.626,3158
0.626,3157
0.626,3156
0.626,3155
0.626,3154
0.626,3153
0.626,3152
0.626,3151
0.626,3150
0.626,3149
0.626,3148
0.626,3147
0.626,3146
0.626,3145
0.626,3144
0.626,3143
0.626,3142
0.626,3141
0.627,3140
0.627,3139
0.627,3138
0.627,3137
0.627,3136
0.627,3135
0.627,3134
0.627,3133
0.627,3132
0.627,3131
0.627,3130
0.627,3129
0.627,3128
0.627,3127
0.627,3126
0.627,3125
0.627,3124
0.627,3123
0.627,3122
0.628,3121
0.628,3120
0.628,3119
0.628,3118
0.628,3117
0.628,3116
0.628,3115
0.628,3114
0.628,3113
0.628,3112
0.628,3111
0.628,3110
0.628,3109
0.629,3108
0.629,3107
0.629,3106
0.629,3105
0.629,3104
0.629,3103
0.629,3102
0.629,3101
0.629,3100
0.629,3099
0.629,3098
0.629,3097
0.629,3096
0.629,3095
0.629,3094
0.629,3093
0.629,3092
0.630,3091
0.630,3090
0.630,3089
0.630,3088
0.630,3087
0.630,3086
0.630,3085
0.630,3084
0.630,3083
0.630,3082
0.630,3081
0.630,3080
0.630,3079
0.630,3078
0.630,3077
0.630,3076
0.631,3075
0.631,3074
0.631,3073
0.631,3072
0.631,3071
0.631,3070
0.631,3069
0.631,3068
0.631,3067
0.631,3066
0.631,3065
0.632,3064
0.632,3063
0.632,3062
0.632,3061
0.632,3060
0.632,3059
0.632,3058
0.632,3057
0.632,3056
0.632,3055
0.632,3054
0.632,3053
0.632,3052
0.633,3051
0.633,3050
0.633,3049
0.633,3048
0.633,3047
0.633,3046
0.633,3045
0.633,3044
0.633,3043
0.633,3042
0.633,3041
0.633,3040
0.633,3039
0.633,3038
0.633,3037
0.633,3036
0.633,3035
0.633,3034
0.634,3033
0.634,3032
0.634,3031
0.634,3030
0.634,3029
0.634,3028
0.634,3027
0.634,3026
0.634,3025
0.634,3024
0.634,3023
0.634,3022
0.634,3021
0.635,3020
0.635,3019
0.635,3018
0.635,3017
0.635,3016
0.635,3015
0.635,3014
0.635,3013
0.635,3012
0.635,3011
0.635,3010
0.635,3009
0.635,3008
0.635,3007
0.635,3006
0.635,3005
0.635,3004
0.636,3003
0.636,3002
0.636,3001
0.636,3000
0.636,2999
0.636,2998
0.636,2997
0.636,2996
0.636,2995
0.636,2994
0.636,2993
0.636,2992
0.636,2991
0.636,2990
0.636,2989
0.637,2988
0.637,2987
0.637,2986
0.637,2985
0.637,2984
0.637,2983
0.637,2982
0.637,2981
0.638,2980
0.638,2979
0.638,2978
0.638,2977
0.638,2976
0.638,2975
0.638,2974
0.638,2973
0.638,2972
0.638,2971
0.638,2970
0.638,2969
0.638,2968
0.638,2967
0.638,2966
0.638,2965
0.638,2964
0.638,2963
0.639,2962
0.639,2961
0.639,2960
0.639,2959
0.639,2958
0.639,2957
0.639,2956
0.639,2955
0.639,2954
0.639,2953
0.639,2952
0.639,2951
0.639,2950
0.639,2949
0.639,2948
0.639,2947
0.639,2946
0.639,2945
0.639,2944
0.639,2943
0.639,2942
0.639,2941
0.639,2940
0.639,2939
0.639,2938
0.639,2937
0.639,2936
0.639,2935
0.639,2934
0.639,2933
0.639,2932
0.639,2931
0.639,2930
0.639,2929
0.639,2928
0.639,2927
0.639,2926
0.639,2925
0.639,2924
0.639,2923
0.639,2922
0.639,2921
0.639,2920
0.639,2919
0.639,2918
0.639,2917
0.639,2916
0.639,2915
0.639,2914
0.639,2913
0.639,2912
0.639,2911
0.639,2910
0.639,2909
0.639,2908
0.639,2907
0.639,2906
0.639,2905
0.639,2904
0.639,2903
0.639,2902
0.639,2901
0.639,2900
0.639,2899
0.639,2898
0.639,2897
0.639,2896
0.639,2895
0.639,2894
0.639,2893
0.639,2892
0.639,2891
0.639,2890
0.639,2889
0.639,2888
0.639,2887
0.639,2886
0.639,2885
0.639,2884
0.639,2883
0.639,2882
0.639,2881
0.639,2880
0.639,2879
0.639,2878
0.639,2877
0.644,2876
0.644,2875
0.644,2874
0.644,2873
0.644,2872
0.644,2871
0.644,2870
0.645,2869
0.645,2868
0.645,2867
0.645,2866
0.645,2865
0.645,2864
0.645,2863
0.645,2862
0.645,2861
0.645,2860
0.645,2859
0.645,2858
0.645,2857
0.645,2856
0.646,2855
0.646,2854
0.646,2853
0.646,2852
0.646,2851
0.646,2850
0.646,2849
0.646,2848
0.647,2847
0.647,2846
0.647,2845
0.647,2844
0.647,2843
0.647,2842
0.647,2841
0.647,2840
0.647,2839
0.647,2838
0.647,2837
0.648,2836
0.648,2835
0.648,2834
0.648,2833
0.648,2832
0.648,2831
0.648,2830
0.648,2829
0.648,2828
0.648,2827
0.648,2826
0.648,2825
0.648,2824
0.649,2823
0.649,2822
0.649,2821
0.649,2820
0.649,2819
0.649,2818
0.649,2817
0.649,2816
0.649,2815
0.649,2814
0.649,2813
0.649,2812
0.649,2811
0.649,2810
0.650,2809
0.650,2808
0.650,2807
0.650,2806
0.650,2805
0.650,2804
0.650,2803
0.650,2802
0.650,2801
0.650,2800
0.650,2799
0.650,2798
0.650,2797
0.650,2796
0.650,2795
0.650,2794
0.650,2793
0.650,2792
0.650,2791
0.650,2790
0.650,2789
0.650,2788
0.650,2787
0.650,2786
0.650,2785
0.650,2784
0.650,2783
0.650,2782
0.650,2781
0.650,2780
0.650,2779
0.650,2778
0.650,2777
0.650,2776
0.650,2775
0.650,2774
0.650,2773
0.650,2772
0.650,2771
0.650,2770
0.650,2769
0.650,2768
0.650,2767
0.650,2766
0.650,2765
0.650,2764
0.650,2763
0.650,2762
0.650,2761
0.650,2760
0.650,2759
0.650,2758
0.650,2757
0.650,2756
0.650,2755
0.650,2754
0.650,2753
0.650,2752
0.650,2751
0.650,2750
0.650,2749
0.650,2748
0.650,2747
0.650,2746
0.655,2745
0.655,2744
0.655,2743
0.655,2742
0.656,2741
0.656,2740
0.656,2739
0.656,2738
0.656,2737
0.656,2736
0.656,2735
0.656,2734
0.656,2733
0.656,2732
0.656,2731
0.656,2730
0.657,2729
0.657,2728
0.657,2727
0.657,2726
0.657,2725
0.657,2724
0.658,2723
0.659,2722
0.659,2721
0.659,2720
0.659,2719
0.659,2718
0.660,2717
0.660,2716
0.660,2715
0.660,2714
0.660,2713
0.660,2712
0.660,2711
0.660,2710
0.660,2709
0.660,2708
0.660,2707
0.660,2706
0.660,2705
0.660,2704
0.660,2703
0.660,2702
0.660,2701
0.660,2700
0.660,2699
0.660,2698
0.660,2697
0.660,2696
0.660,2695
0.660,2694
0.660,2693
0.660,2692
0.660,2691
0.660,2690
0.660,2689
0.660,2688
0.660,2687
0.660,2686
0.660,2685
0.660,2684
0.660,2683
0.660,2682
0.660,2681
0.660,2680
0.660,2679
0.660,2678
0.660,2677
0.660,2676
0.660,2675
0.660,2674
0.660,2673
0.660,2672
0.665,2671
0.665,2670
0.665,2669
0.665,2668
0.665,2667
0.665,2666
0.666,2665
0.666,2664
0.666,2663
0.667,2662
0.667,2661
0.667,2660
0.667,2659
0.667,2658
0.667,2657
0.667,2656
0.667,2655
0.667,2654
0.668,2653
0.668,2652
0.668,2651
0.668,2650
0.668,2649
0.668,2648
0.669,2647
0.669,2646
0.669,2645
0.669,2644
0.669,2643
0.669,2642
0.670,2641
0.670,2640
0.670,2639
0.670,2638
0.670,2637
0.670,2636
0.670,2635
0.670,2634
0.670,2633
0.670,2632
0.670,2631
0.671,2630
0.671,2629
0.671,2628
0.671,2627
0.671,2626
0.671,2625
0.671,2624
0.671,2623
0.671,2622
0.671,2621
0.671,2620
0.671,2619
0.671,2618
0.671,2617
0.671,2616
0.671,2615
0.671,2614
0.671,2613
0.671,2612
0.671,2611
0.671,2610
0.671,2609
0.671,2608
0.671,2607
0.671,2606
0.671,2605
0.671,2604
0.671,2603
0.671,2602
0.676,2601
0.676,2600
0.676,2599
0.676,2598
0.676,2597
0.676,2596
0.676,2595
0.676,2594
0.676,2593
0.677,2592
0.677,2591
0.677,2590
0.677,2589
0.677,2588
0.677,2587
0.677,2586
0.677,2585
0.677,2584
0.678,2583
0.678,2582
0.678,2581
0.678,2580
0.678,2579
0.678,2578
0.678,2577
0.678,2576
0.679,2575
0.679,2574
0.679,2573
0.679,2572
0.680,2571
0.680,2570
0.680,2569
0.680,2568
0.680,2567
0.680,2566
0.681,2565
0.681,2564
0.681,2563
0.681,2562
0.681,2561
0.681,2560
0.681,2559
0.681,2558
0.681,2557
0.681,2556
0.681,2555
0.681,2554
0.681,2553
0.681,2552
0.681,2551
0.681,2550
0.681,2549
0.681,2548
0.681,2547
0.681,2546
0.686,2545
0.686,2544
0.686,2543
0.686,2542
0.687,2541
0.687,2540
0.688,2539
0.688,2538
0.688,2537
0.688,2536
0.688,2535
0.688,2534
0.688,2533
0.689,2532
0.689,2531
0.689,2530
0.689,2529
0.689,2528
0.689,2527
0.689,2526
0.689,2525
0.690,2524
0.690,2523
0.691,2522
0.691,2521
0.691,2520
0.691,2519
0.691,2518
0.691,2517
0.691,2516
0.691,2515
0.691,2514
0.691,2513
0.691,2512
0.691,2511
0.691,2510
0.691,2509
0.691,2508
0.691,2507
0.691,2506
0.691,2505
0.691,2504
0.691,2503
0.696,2502
0.696,2501
0.696,2500
0.696,2499
0.697,2498
0.697,2497
0.697,2496
0.697,2495
0.697,2494
0.698,2493
0.698,2492
0.699,2491
0.699,2490
0.700,2489
0.700,2488
0.700,2487
0.701,2486
0.701,2485
0.701,2484
0.702,2483
0.702,2482
0.702,2481
0.702,2480
0.702,2479
0.702,2478
0.702,2477
0.703,2476
0.703,2475
0.703,2474
0.704,2473
0.704,2472
0.705,2471
0.705,2470
0.706,2469
0.706,2468
0.706,2467
0.707,2466
0.707,2465
0.707,2464
0.708,2463
0.708,2462
0.708,2461
0.708,2460
0.710,2459
0.710,2458
0.711,2457
0.711,2456
0.711,2455
0.712,2454
0.712,2453
0.712,2452
0.712,2451
0.712,2450
0.712,2449
0.712,2448
0.712,2447
0.713,2446
0.713,2445
0.714,2444
0.715,2443
0.716,2442
0.716,2441
0.717,2440
0.718,2439
0.718,2438
0.718,2437
0.718,2436
0.718,2435
0.719,2434
0.720,2433
0.720,2432
0.720,2431
0.720,2430
0.721,2429
0.722,2428
0.723,2427
0.724,2426
0.724,2425
0.726,2424
0.726,2423
0.728,2422
0.729,2421
0.729,2420
0.729,2419
0.730,2418
0.730,2417
0.731,2416
0.731,2415
0.731,2414
0.731,2413
0.731,2412
0.736,2411
0.737,2410
0.737,2409
0.739,2408
0.739,2407
0.739,2406
0.741,2405
0.741,2404
0.741,2403
0.741,2402
0.741,2401
0.752,2400
0.752,2399
0.752,2398
0.752,2397
0.758,2396
0.758,2395
0.762,2394
0.771,2393
0.771,2392
0.772,2391
0.772,2390
0.772,2389
0.772,2388
0.779,2387
0.782,2386
0.782,2385
0.789,2384
0.792,2383
0.801,2382
0.814,2381
0.823,2380
0.833,2379
0.861,2378
0.861,2377
0.862,2376
