1.241,3709
1.241,3708
1.241,3707
1.241,3706
1.241,3705
1.242,3704
1.242,3703
1.242,3702
1.242,3701
1.242,3700
1.242,3699
1.242,3698
1.242,3697
1.242,3696
1.242,3695
1.242,3694
1.242,3693
1.242,3692
1.242,3691
1.242,3690
1.242,3689
1.242,3688
1.243,3687
1.243,3686
1.243,3685
1.243,3684
1.243,3683
1.243,3682
1.243,3681
1.243,3680
1.243,3679
1.243,3678
1.243,3677
1.243,3676
1.243,3675
1.244,3674
1.244,3673
1.244,3672
1.244,3671
1.244,3670
1.244,3669
1.244,3668
1.245,3667
1.247,3666
1.247,3665
1.247,3664
1.247,3663
1.247,3662
1.248,3661
1.248,3660
1.248,3659
1.248,3658
1.248,3657
1.248,3656
1.248,3655
1.248,3654
1.248,3653
1.248,3652
1.248,3651
1.248,3650
1.249,3649
1.249,3648
1.249,3647
1.249,3646
1.249,3645
1.249,3644
1.249,3643
1.250,3642
1.250,3641
1.250,3640
1.250,3639
1.250,3638
1.250,3637
1.250,3636
1.250,3635
1.250,3634
1.250,3633
1.250,3632
1.251,3631
1.251,3630
1.251,3629
1.251,3628
1.251,3627
1.251,3626
1.251,3625
1.251,3624
1.251,3623
1.252,3622
1.252,3621
1.252,3620
1.252,3619
1.252,3618
1.252,3617
1.252,3616
1.252,3615
1.252,3614
1.252,3613
1.253,3612
1.253,3611
1.253,3610
1.253,3609
1.253,3608
1.253,3607
1.253,3606
1.253,3605
1.253,3604
1.253,3603
1.253,3602
1.253,3601
1.253,3600
1.253,3599
1.253,3598
1.254,3597
1.254,3596
1.254,3595
1.254,3594
1.254,3593
1.254,3592
1.254,3591
1.254,3590
1.254,3589
1.254,3588
1.254,3587
1.255,3586
1.255,3585
1.255,3584
1.255,3583
1.255,3582
1.255,3581
1.257,3580
1.257,3579
1.257,3578
1.257,3577
1.258,3576
1.258,3575
1.258,3574
1.258,3573
1.258,3572
1.258,3571
1.258,3570
1.258,3569
1.258,3568
1.258,3567
1.258,3566
1.258,3565
1.258,3564
1.258,3563
1.259,3562
1.259,3561
1.259,3560
1.259,3559
1.259,3558
1.259,3557
1.259,3556
1.259,3555
1.259,3554
1.259,3553
1.259,3552
1.259,3551
1.259,3550
1.259,3549
1.259,3548
1.260,3547
1.260,3546
1.260,3545
1.260,3544
1.260,3543
1.260,3542
1.260,3541
1.260,3540
1.260,3539
1.260,3538
1.260,3537
1.260,3536
1.260,3535
1.260,3534
1.260,3533
1.261,3532
1.261,3531
1.261,3530
1.261,3529
1.261,3528
1.261,3527
1.261,3526
1.261,3525
1.261,3524
1.261,3523
1.261,3522
1.261,3521
1.261,3520
1.261,3519
1.261,3518
1.262,3517
1.262,3516
1.262,3515
1.262,3514
1.262,3513
1.262,3512
1.262,3511
1.263,3510
1.263,3509
1.263,3508
1.263,3507
1.263,3506
1.263,3505
1.263,3504
1.263,3503
1.263,3502
1.264,3501
1.264,3500
1.264,3499
1.264,3498
1.264,3497
1.264,3496
1.264,3495
1.264,3494
1.264,3493
1.264,3492
1.264,3491
1.265,3490
1.265,3489
1.265,3488
1.265,3487
1.265,3486
1.265,3485
1.265,3484
1.265,3483
1.265,3482
1.266,3481
1.266,3480
1.266,3479
1.266,3478
1.268,3477
1.268,3476
1.268,3475
1.268,3474
1.268,3473
1.269,3472
1.269,3471
1.269,3470
1.269,3469
1.269,3468
1.269,3467
1.269,3466
1.270,3465
1.270,3464
1.270,3463
1.270,3462
1.270,3461
1.270,3460
1.270,3459
1.270,3458
1.270,3457
1.271,3456
1.271,3455
1.271,3454
1.271,3453
1.271,3452
1.271,3451
1.271,3450
1.272,3449
1.272,3448
1.272,3447
1.272,3446
1.272,3445
1.272,3444
1.272,3443
1.272,3442
1.272,3441
1.272,3440
1.273,3439
1.273,3438
1.273,3437
1.273,3436
1.273,3435
1.273,3434
1.273,3433
1.273,3432
1.273,3431
1.273,3430
1.273,3429
1.273,3428
1.273,3427
1.274,3426
1.274,3425
1.274,3424
1.274,3423
1.274,3422
1.274,3421
1.274,3420
1.275,3419
1.275,3418
1.275,3417
1.275,3416
1.275,3415
1.275,3414
1.275,3413
1.275,3412
1.275,3411
1.275,3410
1.275,3409
1.275,3408
1.275,3407
1.275,3406
1.275,3405
1.275,3404
1.276,3403
1.276,3402
1.276,3401
1.276,3400
1.276,3399
1.276,3398
1.276,3397
1.276,3396
1.276,3395
1.276,3394
1.276,3393
1.276,3392
1.276,3391
1.276,3390
1.276,3389
1.276,3388
1.276,3387
1.276,3386
1.276,3385
1.276,3384
1.276,3383
1.276,3382
1.276,3381
1.277,3380
1.277,3379
1.277,3378
1.277,3377
1.277,3376
1.277,3375
1.277,3374
1.277,3373
1.277,3372
1.277,3371
1.277,3370
1.277,3369
1.277,3368
1.277,3367
1.277,3366
1.277,3365
1.278,3364
1.278,3363
1.278,3362
1.278,3361
1.278,3360
1.278,3359
1.278,3358
1.278,3357
1.278,3356
1.278,3355
1.278,3354
1.279,3353
1.279,3352
1.279,3351
1.279,3350
1.279,3349
1.279,3348
1.279,3347
1.280,3346
1.280,3345
1.280,3344
1.280,3343
1.280,3342
1.281,3341
1.281,3340
1.281,3339
1.281,3338
1.281,3337
1.281,3336
1.281,3335
1.281,3334
1.281,3333
1.282,3332
1.282,3331
1.282,3330
1.282,3329
1.282,3328
1.282,3327
1.282,3326
1.282,3325
1.282,3324
1.282,3323
1.282,3322
1.282,3321
1.282,3320
1.282,3319
1.282,3318
1.282,3317
1.283,3316
1.283,3315
1.283,3314
1.283,3313
1.283,3312
1.283,3311
1.283,3310
1.283,3309
1.283,3308
1.283,3307
1.283,3306
1.283,3305
1.283,3304
1.283,3303
1.283,3302
1.284,3301
1.284,3300
1.284,3299
1.284,3298
1.284,3297
1.284,3296
1.284,3295
1.284,3294
1.284,3293
1.284,3292
1.284,3291
1.285,3290
1.285,3289
1.285,3288
1.285,3287
1.285,3286
1.285,3285
1.285,3284
1.285,3283
1.285,3282
1.285,3281
1.285,3280
1.285,3279
1.285,3278
1.285,3277
1.285,3276
1.286,3275
1.286,3274
1.286,3273
1.286,3272
1.286,3271
1.286,3270
1.286,3269
1.286,3268
1.286,3267
1.286,3266
1.286,3265
1.287,3264
1.287,3263
1.287,3262
1.287,3261
1.287,3260
1.287,3259
1.287,3258
1.287,3257
1.287,3256
1.287,3255
1.288,3254
1.288,3253
1.288,3252
1.288,3251
1.288,3250
1.288,3249
1.288,3248
1.288,3247
1.289,3246
1.289,3245
1.289,3244
1.289,3243
1.289,3242
1.289,3241
1.289,3240
1.289,3239
1.289,3238
1.289,3237
1.290,3236
1.290,3235
1.290,3234
1.290,3233
1.290,3232
1.290,3231
1.290,3230
1.290,3229
1.291,3228
1.291,3227
1.291,3226
1.292,3225
1.292,3224
1.292,3223
1.292,3222
1.292,3221
1.293,3220
1.293,3219
1.293,3218
1.293,3217
1.293,3216
1.294,3215
1.294,3214
1.294,3213
1.294,3212
1.294,3211
1.294,3210
1.294,3209
1.294,3208
1.294,3207
1.294,3206
1.295,3205
1.295,3204
1.295,3203
1.295,3202
1.295,3201
1.296,3200
1.297,3199
1.297,3198
1.298,3197
1.298,3196
1.298,3195
1.298,3194
1.298,3193
1.298,3192
1.298,3191
1.298,3190
1.298,3189
1.298,3188
1.298,3187
1.298,3186
1.298,3185
1.298,3184
1.298,3183
1.298,3182
1.298,3181
1.298,3180
1.298,3179
1.298,3178
1.298,3177
1.303,3176
1.303,3175
1.303,3174
1.303,3173
1.303,3172
1.303,3171
1.303,3170
1.303,3169
1.303,3168
1.303,3167
1.303,3166
1.303,3165
1.303,3164
1.303,3163
1.303,3162
1.303,3161
1.303,3160
1.303,3159
1.304,3158
1.304,3157
1.304,3156
1.304,3155
1.304,3154
1.304,3153
1.304,3152
1.304,3151
1.304,3150
1.304,3149
1.304,3148
1.304,3147
1.304,3146
1.304,3145
1.305,3144
1.305,3143
1.305,3142
1.305,3141
1.305,3140
1.305,3139
1.306,3138
1.306,3137
1.306,3136
1.306,3135
1.306,3134
1.306,3133
1.306,3132
1.307,3131
1.307,3130
1.307,3129
1.307,3128
1.307,3127
1.307,3126
1.307,3125
1.307,3124
1.307,3123
1.308,3122
1.308,3121
1.308,3120
1.308,3119
1.308,3118
1.308,3117
1.308,3116
1.308,3115
1.308,3114
1.308,3113
1.308,3112
1.308,3111
1.309,3110
1.309,3109
1.309,3108
1.309,3107
1.309,3106
1.309,3105
1.309,3104
1.309,3103
1.309,3102
1.309,3101
1.309,3100
1.309,3099
1.309,3098
1.309,3097
1.309,3096
1.309,3095
1.309,3094
1.309,3093
1.309,3092
1.309,3091
1.309,3090
1.309,3089
1.309,3088
1.309,3087
1.309,3086
1.309,3085
1.309,3084
1.309,3083
1.309,3082
1.309,3081
1.309,3080
1.309,3079
1.309,3078
1.309,3077
1.309,3076
1.309,3075
1.309,3074
1.309,3073
1.309,3072
1.309,3071
1.309,3070
1.309,3069
1.309,3068
1.309,3067
1.314,3066
1.314,3065
1.314,3064
1.314,3063
1.314,3062
1.314,3061
1.315,3060
1.315,3059
1.315,3058
1.315,3057
1.315,3056
1.315,3055
1.316,3054
1.316,3053
1.316,3052
1.316,3051
1.316,3050
1.316,3049
1.316,3048
1.316,3047
1.316,3046
1.317,3045
1.317,3044
1.317,3043
1.317,3042
1.317,3041
1.317,3040
1.317,3039
1.317,3038
1.317,3037
1.318,3036
1.318,3035
1.318,3034
1.318,3033
1.318,3032
1.318,3031
1.318,3030
1.319,3029
1.319,3028
1.319,3027
1.319,3026
1.319,3025
1.319,3024
1.319,3023
1.319,3022
1.319,3021
1.319,3020
1.319,3019
1.319,3018
1.319,3017
1.319,3016
1.319,3015
1.319,3014
1.319,3013
1.319,3012
1.319,3011
1.319,3010
1.319,3009
1.319,3008
1.319,3007
1.319,3006
1.319,3005
1.319,3004
1.319,3003
1.319,3002
1.319,3001
1.319,3000
1.319,2999
1.319,2998
1.319,2997
1.319,2996
1.324,2995
1.324,2994
1.324,2993
1.324,2992
1.324,2991
1.324,2990
1.324,2989
1.325,2988
1.325,2987
1.325,2986
1.325,2985
1.325,2984
1.325,2983
1.325,2982
1.326,2981
1.326,2980
1.326,2979
1.326,2978
1.326,2977
1.327,2976
1.327,2975
1.327,2974
1.327,2973
1.327,2972
1.327,2971
1.327,2970
1.328,2969
1.328,2968
1.328,2967
1.328,2966
1.328,2965
1.328,2964
1.328,2963
1.328,2962
1.328,2961
1.329,2960
1.329,2959
1.329,2958
1.329,2957
1.329,2956
1.329,2955
1.329,2954
1.329,2953
1.329,2952
1.329,2951
1.329,2950
1.329,2949
1.329,2948
1.329,2947
1.329,2946
1.329,2945
1.329,2944
1.329,2943
1.329,2942
1.329,2941
1.329,2940
1.329,2939
1.329,2938
1.329,2937
1.329,2936
1.329,2935
1.329,2934
1.329,2933
1.329,2932
1.329,2931
1.329,2930
1.329,2929
1.329,2928
1.329,2927
1.329,2926
1.329,2925
1.329,2924
1.329,2923
1.329,2922
1.329,2921
1.329,2920
1.329,2919
1.329,2918
1.329,2917
1.329,2916
1.329,2915
1.329,2914
1.329,2913
1.334,2912
1.334,2911
1.334,2910
1.334,2909
1.334,2908
1.334,2907
1.334,2906
1.334,2905
1.335,2904
1.335,2903
1.335,2902
1.335,2901
1.335,2900
1.335,2899
1.335,2898
1.336,2897
1.336,2896
1.336,2895
1.336,2894
1.336,2893
1.337,2892
1.337,2891
1.337,2890
1.337,2889
1.337,2888
1.337,2887
1.337,2886
1.337,2885
1.337,2884
1.337,2883
1.337,2882
1.338,2881
1.338,2880
1.338,2879
1.338,2878
1.338,2877
1.338,2876
1.338,2875
1.338,2874
1.339,2873
1.339,2872
1.339,2871
1.339,2870
1.339,2869
1.339,2868
1.339,2867
1.339,2866
1.339,2865
1.339,2864
1.339,2863
1.339,2862
1.339,2861
1.339,2860
1.339,2859
1.339,2858
1.339,2857
1.339,2856
1.339,2855
1.339,2854
1.339,2853
1.339,2852
1.339,2851
1.339,2850
1.339,2849
1.339,2848
1.339,2847
1.339,2846
1.339,2845
1.344,2844
1.344,2843
1.344,2842
1.344,2841
1.344,2840
1.344,2839
1.345,2838
1.345,2837
1.345,2836
1.345,2835
1.345,2834
1.345,2833
1.345,2832
1.345,2831
1.346,2830
1.346,2829
1.346,2828
1.346,2827
1.347,2826
1.347,2825
1.347,2824
1.347,2823
1.347,2822
1.347,2821
1.347,2820
1.347,2819
1.348,2818
1.348,2817
1.348,2816
1.348,2815
1.348,2814
1.348,2813
1.348,2812
1.348,2811
1.348,2810
1.348,2809
1.348,2808
1.348,2807
1.348,2806
1.348,2805
1.348,2804
1.348,2803
1.348,2802
1.354,2801
1.354,2800
1.354,2799
1.354,2798
1.354,2797
1.355,2796
1.355,2795
1.355,2794
1.355,2793
1.355,2792
1.355,2791
1.355,2790
1.355,2789
1.356,2788
1.356,2787
1.356,2786
1.356,2785
1.356,2784
1.356,2783
1.356,2782
1.356,2781
1.357,2780
1.357,2779
1.357,2778
1.357,2777
1.357,2776
1.357,2775
1.358,2774
1.358,2773
1.358,2772
1.358,2771
1.358,2770
1.358,2769
1.358,2768
1.359,2767
1.359,2766
1.359,2765
1.359,2764
1.360,2763
1.360,2762
1.360,2761
1.360,2760
1.360,2759
1.360,2758
1.360,2757
1.360,2756
1.360,2755
1.360,2754
1.360,2753
1.360,2752
1.360,2751
1.360,2750
1.360,2749
1.360,2748
1.360,2747
1.360,2746
1.360,2745
1.360,2744
1.360,2743
1.360,2742
1.360,2741
1.360,2740
1.360,2739
1.360,2738
1.360,2737
1.360,2736
1.360,2735
1.360,2734
1.360,2733
1.360,2732
1.360,2731
1.360,2730
1.360,2729
1.360,2728
1.365,2727
1.365,2726
1.365,2725
1.366,2724
1.366,2723
1.366,2722
1.366,2721
1.366,2720
1.366,2719
1.367,2718
1.368,2717
1.368,2716
1.368,2715
1.369,2714
1.369,2713
1.369,2712
1.369,2711
1.369,2710
1.370,2709
1.370,2708
1.370,2707
1.371,2706
1.371,2705
1.371,2704
1.371,2703
1.371,2702
1.371,2701
1.372,2700
1.372,2699
1.372,2698
1.372,2697
1.373,2696
1.373,2695
1.374,2694
1.374,2693
1.374,2692
1.374,2691
1.374,2690
1.374,2689
1.374,2688
1.375,2687
1.375,2686
1.375,2685
1.375,2684
1.375,2683
1.375,2682
1.375,2681
1.375,2680
1.375,2679
1.375,2678
1.376,2677
1.376,2676
1.376,2675
1.376,2674
1.376,2673
1.376,2672
1.376,2671
1.376,2670
1.377,2669
1.377,2668
1.377,2667
1.377,2666
1.377,2665
1.378,2664
1.378,2663
1.378,2662
1.378,2661
1.378,2660
1.378,2659
1.378,2658
1.379,2657
1.379,2656
1.379,2655
1.379,2654
1.380,2653
1.380,2652
1.380,2651
1.381,2650
1.381,2649
1.381,2648
1.381,2647
1.381,2646
1.381,2645
1.382,2644
1.382,2643
1.382,2642
1.383,2641
1.383,2640
1.383,2639
1.383,2638
1.383,2637
1.384,2636
1.384,2635
1.384,2634
1.384,2633
1.384,2632
1.385,2631
1.385,2630
1.386,2629
1.386,2628
1.387,2627
1.387,2626
1.387,2625
1.388,2624
1.388,2623
1.388,2622
1.388,2621
1.388,2620
1.388,2619
1.388,2618
1.389,2617
1.389,2616
1.389,2615
1.390,2614
1.390,2613
1.390,2612
1.390,2611
1.390,2610
1.390,2609
1.391,2608
1.391,2607
1.391,2606
1.391,2605
1.392,2604
1.392,2603
1.392,2602
1.392,2601
1.393,2600
1.393,2599
1.393,2598
1.393,2597
1.393,2596
1.394,2595
1.394,2594
1.394,2593
1.394,2592
1.394,2591
1.394,2590
1.395,2589
1.395,2588
1.395,2587
1.395,2586
1.395,2585
1.395,2584
1.395,2583
1.395,2582
1.395,2581
1.395,2580
1.397,2579
1.397,2578
1.397,2577
1.398,2576
1.398,2575
1.398,2574
1.398,2573
1.399,2572
1.399,2571
1.399,2570
1.399,2569
1.399,2568
1.399,2567
1.399,2566
1.399,2565
1.406,2564
1.406,2563
1.406,2562
1.406,2561
1.407,2560
1.408,2559
1.408,2558
1.408,2557
1.408,2556
1.408,2555
1.410,2554
1.410,2553
1.410,2552
1.410,2551
1.411,2550
1.411,2549
1.412,2548
1.412,2547
1.412,2546
1.412,2545
1.413,2544
1.413,2543
1.414,2542
1.415,2541
1.416,2540
1.417,2539
1.417,2538
1.418,2537
1.418,2536
1.418,2535
1.418,2534
1.419,2533
1.419,2532
1.419,2531
1.419,2530
1.419,2529
1.419,2528
1.420,2527
1.420,2526
1.421,2525
1.421,2524
1.422,2523
1.422,2522
1.423,2521
1.424,2520
1.424,2519
1.425,2518
1.426,2517
1.426,2516
1.426,2515
1.427,2514
1.428,2513
1.428,2512
1.428,2511
1.428,2510
1.428,2509
1.429,2508
1.429,2507
1.429,2506
1.430,2505
1.430,2504
1.430,2503
1.430,2502
1.430,2501
1.430,2500
1.430,2499
1.430,2498
1.430,2497
1.430,2496
1.430,2495
1.430,2494
1.430,2493
1.430,2492
1.435,2491
1.436,2490
1.436,2489
1.437,2488
1.440,2487
1.440,2486
1.440,2485
1.440,2484
1.440,2483
1.440,2482
1.440,2481
1.440,2480
1.440,2479
1.440,2478
1.440,2477
1.440,2476
1.445,2475
1.448,2474
1.448,2473
1.449,2472
1.449,2471
1.450,2470
1.450,2469
1.450,2468
1.450,2467
1.450,2466
1.450,2465
1.450,2464
1.450,2463
1.456,2462
1.456,2461
1.458,2460
1.458,2459
1.459,2458
1.459,2457
1.461,2456
1.464,2455
1.468,2454
1.469,2453
1.470,2452
1.471,2451
1.471,2450
1.471,2449
1.471,2448
1.482,2447
1.482,2446
1.483,2445
1.483,2444
1.483,2443
1.485,2442
1.485,2441
1.485,2440
1.485,2439
1.486,2438
1.486,2437
1.486,2436
1.487,2435
1.487,2434
1.489,2433
1.490,2432
1.490,2431
1.492,2430
1.493,2429
1.493,2428
1.494,2427
1.495,2426
1.495,2425
1.496,2424
1.497,2423
1.498,2422
1.498,2421
1.499,2420
1.499,2419
1.500,2418
1.507,2417
1.507,2416
1.511,2415
1.511,2414
1.512,2413
1.520,2412
1.522,2411
1.532,2410
1.540,2409
1.542,2408
1.542,2407
1.549,2406
1.557,2405
1.559,2404
1.563,2403
1.573,2402
1.598,2401
1.603,2400
1.604,2399
1.639,2398
1.665,2397
1.665,2396
1.713,2395
