0.656,3709
0.656,3708
0.656,3707
0.656,3706
0.656,3705
0.656,3704
0.656,3703
0.656,3702
0.656,3701
0.656,3700
0.657,3699
0.657,3698
0.657,3697
0.657,3696
0.657,3695
0.657,3694
0.657,3693
0.657,3692
0.657,3691
0.657,3690
0.657,3689
0.657,3688
0.657,3687
0.657,3686
0.657,3685
0.657,3684
0.657,3683
0.657,3682
0.657,3681
0.657,3680
0.658,3679
0.658,3678
0.658,3677
0.658,3676
0.658,3675
0.658,3674
0.658,3673
0.658,3672
0.658,3671
0.658,3670
0.658,3669
0.658,3668
0.658,3667
0.658,3666
0.658,3665
0.658,3664
0.658,3663
0.658,3662
0.658,3661
0.658,3660
0.658,3659
0.658,3658
0.658,3657
0.658,3656
0.659,3655
0.659,3654
0.659,3653
0.659,3652
0.659,3651
0.659,3650
0.659,3649
0.659,3648
0.659,3647
0.659,3646
0.659,3645
0.659,3644
0.659,3643
0.659,3642
0.659,3641
0.659,3640
0.659,3639
0.659,3638
0.659,3637
0.659,3636
0.659,3635
0.659,3634
0.659,3633
0.659,3632
0.660,3631
0.660,3630
0.660,3629
0.660,3628
0.660,3627
0.660,3626
0.660,3625
0.660,3624
0.660,3623
0.660,3622
0.660,3621
0.660,3620
0.660,3619
0.661,3618
0.661,3617
0.661,3616
0.661,3615
0.661,3614
0.661,3613
0.661,3612
0.661,3611
0.661,3610
0.661,3609
0.661,3608
0.661,3607
0.661,3606
0.661,3605
0.661,3604
0.661,3603
0.662,3602
0.662,3601
0.662,3600
0.662,3599
0.662,3598
0.662,3597
0.662,3596
0.662,3595
0.662,3594
0.662,3593
0.662,3592
0.662,3591
0.662,3590
0.662,3589
0.662,3588
0.662,3587
0.662,3586
0.662,3585
0.662,3584
0.662,3583
0.662,3582
0.663,3581
0.663,3580
0.663,3579
0.663,3578
0.663,3577
0.663,3576
0.663,3575
0.663,3574
0.663,3573
0.663,3572
0.663,3571
0.663,3570
0.663,3569
0.663,3568
0.663,3567
0.663,3566
0.664,3565
0.664,3564
0.664,3563
0.664,3562
0.664,3561
0.664,3560
0.664,3559
0.664,3558
0.664,3557
0.664,3556
0.664,3555
0.664,3554
0.664,3553
0.664,3552
0.664,3551
0.664,3550
0.664,3549
0.664,3548
0.664,3547
0.664,3546
0.665,3545
0.665,3544
0.665,3543
0.665,3542
0.665,3541
0.665,3540
0.665,3539
0.665,3538
0.665,3537
0.665,3536
0.665,3535
0.665,3534
0.665,3533
0.665,3532
0.665,3531
0.665,3530
0.666,3529
0.666,3528
0.666,3527
0.666,3526
0.666,3525
0.666,3524
0.666,3523
0.666,3522
0.666,3521
0.666,3520
0.666,3519
0.666,3518
0.666,3517
0.666,3516
0.666,3515
0.666,3514
0.667,3513
0.667,3512
0.667,3511
0.667,3510
0.667,3509
0.667,3508
0.667,3507
0.667,3506
0.667,3505
0.667,3504
0.667,3503
0.667,3502
0.667,3501
0.667,3500
0.667,3499
0.668,3498
0.668,3497
0.668,3496
0.668,3495
0.668,3494
0.668,3493
0.668,3492
0.668,3491
0.668,3490
0.668,3489
0.669,3488
0.669,3487
0.669,3486
0.669,3485
0.669,3484
0.669,3483
0.669,3482
0.669,3481
0.669,3480
0.669,3479
0.669,3478
0.669,3477
0.669,3476
0.669,3475
0.669,3474
0.669,3473
0.670,3472
0.670,3471
0.670,3470
0.670,3469
0.670,3468
0.670,3467
0.670,3466
0.670,3465
0.670,3464
0.670,3463
0.670,3462
0.670,3461
0.670,3460
0.670,3459
0.670,3458
0.670,3457
0.670,3456
0.670,3455
0.671,3454
0.671,3453
0.671,3452
0.671,3451
0.671,3450
0.671,3449
0.671,3448
0.671,3447
0.671,3446
0.671,3445
0.671,3444
0.671,3443
0.671,3442
0.671,3441
0.671,3440
0.672,3439
0.672,3438
0.672,3437
0.672,3436
0.672,3435
0.672,3434
0.672,3433
0.672,3432
0.672,3431
0.672,3430
0.672,3429
0.672,3428
0.672,3427
0.672,3426
0.672,3425
0.672,3424
0.672,3423
0.673,3422
0.673,3421
0.673,3420
0.673,3419
0.673,3418
0.673,3417
0.673,3416
0.673,3415
0.673,3414
0.673,3413
0.673,3412
0.673,3411
0.673,3410
0.673,3409
0.673,3408
0.673,3407
0.673,3406
0.674,3405
0.674,3404
0.674,3403
0.674,3402
0.674,3401
0.674,3400
0.674,3399
0.674,3398
0.674,3397
0.674,3396
0.674,3395
0.674,3394
0.674,3393
0.674,3392
0.674,3391
0.674,3390
0.674,3389
0.674,3388
0.674,3387
0.674,3386
0.675,3385
0.675,3384
0.675,3383
0.675,3382
0.675,3381
0.675,3380
0.675,3379
0.675,3378
0.675,3377
0.675,3376
0.675,3375
0.675,3374
0.675,3373
0.675,3372
0.675,3371
0.675,3370
0.675,3369
0.675,3368
0.676,3367
0.676,3366
0.676,3365
0.676,3364
0.676,3363
0.676,3362
0.676,3361
0.676,3360
0.676,3359
0.676,3358
0.676,3357
0.676,3356
0.676,3355
0.676,3354
0.676,3353
0.676,3352
0.676,3351
0.677,3350
0.677,3349
0.677,3348
0.677,3347
0.677,3346
0.677,3345
0.677,3344
0.677,3343
0.677,3342
0.677,3341
0.677,3340
0.677,3339
0.677,3338
0.677,3337
0.677,3336
0.677,3335
0.677,3334
0.677,3333
0.677,3332
0.677,3331
0.677,3330
0.678,3329
0.678,3328
0.678,3327
0.678,3326
0.678,3325
0.678,3324
0.678,3323
0.678,3322
0.678,3321
0.678,3320
0.678,3319
0.678,3318
0.678,3317
0.678,3316
0.678,3315
0.678,3314
0.679,3313
0.679,3312
0.679,3311
0.679,3310
0.679,3309
0.679,3308
0.679,3307
0.679,3306
0.679,3305
0.679,3304
0.679,3303
0.679,3302
0.679,3301
0.679,3300
0.679,3299
0.679,3298
0.679,3297
0.679,3296
0.679,3295
0.679,3294
0.680,3293
0.680,3292
0.680,3291
0.680,3290
0.680,3289
0.680,3288
0.680,3287
0.680,3286
0.680,3285
0.680,3284
0.680,3283
0.680,3282
0.680,3281
0.680,3280
0.680,3279
0.681,3278
0.681,3277
0.681,3276
0.681,3275
0.681,3274
0.681,3273
0.681,3272
0.681,3271
0.681,3270
0.681,3269
0.681,3268
0.681,3267
0.681,3266
0.681,3265
0.681,3264
0.681,3263
0.681,3262
0.681,3261
0.681,3260
0.681,3259
0.682,3258
0.682,3257
0.682,3256
0.682,3255
0.682,3254
0.682,3253
0.682,3252
0.682,3251
0.682,3250
0.682,3249
0.682,3248
0.682,3247
0.682,3246
0.682,3245
0.682,3244
0.683,3243
0.683,3242
0.683,3241
0.683,3240
0.683,3239
0.683,3238
0.683,3237
0.684,3236
0.684,3235
0.684,3234
0.684,3233
0.684,3232
0.685,3231
0.685,3230
0.685,3229
0.685,3228
0.685,3227
0.685,3226
0.685,3225
0.685,3224
0.685,3223
0.685,3222
0.686,3221
0.686,3220
0.686,3219
0.686,3218
0.686,3217
0.686,3216
0.686,3215
0.686,3214
0.686,3213
0.687,3212
0.687,3211
0.687,3210
0.687,3209
0.687,3208
0.687,3207
0.687,3206
0.687,3205
0.687,3204
0.688,3203
0.688,3202
0.688,3201
0.688,3200
0.688,3199
0.688,3198
0.688,3197
0.688,3196
0.688,3195
0.688,3194
0.688,3193
0.689,3192
0.689,3191
0.689,3190
0.689,3189
0.689,3188
0.689,3187
0.689,3186
0.689,3185
0.689,3184
0.689,3183
0.689,3182
0.690,3181
0.690,3180
0.691,3179
0.691,3178
0.691,3177
0.691,3176
0.691,3175
0.691,3174
0.691,3173
0.691,3172
0.691,3171
0.691,3170
0.691,3169
0.691,3168
0.691,3167
0.691,3166
0.692,3165
0.692,3164
0.692,3163
0.692,3162
0.692,3161
0.692,3160
0.692,3159
0.692,3158
0.692,3157
0.692,3156
0.692,3155
0.692,3154
0.692,3153
0.693,3152
0.693,3151
0.693,3150
0.693,3149
0.693,3148
0.693,3147
0.693,3146
0.693,3145
0.693,3144
0.693,3143
0.693,3142
0.693,3141
0.693,3140
0.693,3139
0.693,3138
0.693,3137
0.693,3136
0.693,3135
0.693,3134
0.694,3133
0.694,3132
0.694,3131
0.694,3130
0.694,3129
0.694,3128
0.694,3127
0.694,3126
0.694,3125
0.694,3124
0.694,3123
0.695,3122
0.695,3121
0.695,3120
0.695,3119
0.695,3118
0.695,3117
0.695,3116
0.695,3115
0.695,3114
0.695,3113
0.695,3112
0.695,3111
0.695,3110
0.696,3109
0.696,3108
0.696,3107
0.696,3106
0.696,3105
0.696,3104
0.696,3103
0.696,3102
0.696,3101
0.696,3100
0.696,3099
0.696,3098
0.696,3097
0.696,3096
0.697,3095
0.697,3094
0.697,3093
0.697,3092
0.697,3091
0.697,3090
0.697,3089
0.697,3088
0.697,3087
0.697,3086
0.697,3085
0.697,3084
0.698,3083
0.698,3082
0.698,3081
0.698,3080
0.698,3079
0.698,3078
0.698,3077
0.698,3076
0.698,3075
0.698,3074
0.699,3073
0.699,3072
0.699,3071
0.699,3070
0.699,3069
0.699,3068
0.699,3067
0.699,3066
0.699,3065
0.699,3064
0.700,3063
0.700,3062
0.700,3061
0.700,3060
0.700,3059
0.700,3058
0.700,3057
0.700,3056
0.700,3055
0.700,3054
0.700,3053
0.700,3052
0.700,3051
0.701,3050
0.701,3049
0.701,3048
0.701,3047
0.701,3046
0.701,3045
0.701,3044
0.701,3043
0.701,3042
0.702,3041
0.702,3040
0.702,3039
0.702,3038
0.702,3037
0.702,3036
0.702,3035
0.702,3034
0.703,3033
0.703,3032
0.703,3031
0.703,3030
0.703,3029
0.703,3028
0.703,3027
0.703,3026
0.703,3025
0.703,3024
0.703,3023
0.703,3022
0.704,3021
0.704,3020
0.704,3019
0.704,3018
0.704,3017
0.704,3016
0.704,3015
0.704,3014
0.704,3013
0.704,3012
0.704,3011
0.704,3010
0.704,3009
0.705,3008
0.705,3007
0.705,3006
0.705,3005
0.705,3004
0.705,3003
0.705,3002
0.705,3001
0.705,3000
0.705,2999
0.705,2998
0.705,2997
0.705,2996
0.705,2995
0.706,2994
0.706,2993
0.706,2992
0.706,2991
0.706,2990
0.706,2989
0.706,2988
0.707,2987
0.707,2986
0.707,2985
0.707,2984
0.707,2983
0.707,2982
0.707,2981
0.707,2980
0.707,2979
0.707,2978
0.707,2977
0.707,2976
0.707,2975
0.707,2974
0.707,2973
0.707,2972
0.708,2971
0.708,2970
0.708,2969
0.708,2968
0.708,2967
0.708,2966
0.708,2965
0.708,2964
0.708,2963
0.708,2962
0.708,2961
0.708,2960
0.708,2959
0.708,2958
0.708,2957
0.709,2956
0.709,2955
0.709,2954
0.709,2953
0.709,2952
0.709,2951
0.709,2950
0.709,2949
0.709,2948
0.710,2947
0.710,2946
0.710,2945
0.710,2944
0.710,2943
0.710,2942
0.710,2941
0.710,2940
0.710,2939
0.710,2938
0.710,2937
0.710,2936
0.710,2935
0.711,2934
0.711,2933
0.711,2932
0.711,2931
0.711,2930
0.711,2929
0.711,2928
0.711,2927
0.711,2926
0.712,2925
0.712,2924
0.712,2923
0.713,2922
0.713,2921
0.713,2920
0.713,2919
0.713,2918
0.713,2917
0.713,2916
0.713,2915
0.713,2914
0.713,2913
0.714,2912
0.714,2911
0.714,2910
0.714,2909
0.714,2908
0.714,2907
0.714,2906
0.714,2905
0.714,2904
0.715,2903
0.715,2902
0.715,2901
0.715,2900
0.715,2899
0.715,2898
0.715,2897
0.715,2896
0.715,2895
0.715,2894
0.715,2893
0.715,2892
0.715,2891
0.715,2890
0.716,2889
0.716,2888
0.716,2887
0.716,2886
0.716,2885
0.716,2884
0.716,2883
0.716,2882
0.716,2881
0.717,2880
0.717,2879
0.717,2878
0.717,2877
0.717,2876
0.717,2875
0.717,2874
0.717,2873
0.717,2872
0.718,2871
0.718,2870
0.718,2869
0.718,2868
0.718,2867
0.718,2866
0.718,2865
0.719,2864
0.719,2863
0.719,2862
0.719,2861
0.719,2860
0.719,2859
0.719,2858
0.720,2857
0.720,2856
0.720,2855
0.720,2854
0.720,2853
0.720,2852
0.720,2851
0.720,2850
0.721,2849
0.721,2848
0.721,2847
0.721,2846
0.721,2845
0.721,2844
0.721,2843
0.721,2842
0.721,2841
0.722,2840
0.722,2839
0.722,2838
0.722,2837
0.722,2836
0.722,2835
0.722,2834
0.722,2833
0.722,2832
0.723,2831
0.723,2830
0.723,2829
0.723,2828
0.723,2827
0.723,2826
0.723,2825
0.723,2824
0.723,2823
0.723,2822
0.724,2821
0.724,2820
0.724,2819
0.724,2818
0.724,2817
0.724,2816
0.724,2815
0.724,2814
0.724,2813
0.724,2812
0.724,2811
0.724,2810
0.724,2809
0.725,2808
0.725,2807
0.725,2806
0.725,2805
0.725,2804
0.725,2803
0.725,2802
0.725,2801
0.726,2800
0.726,2799
0.726,2798
0.726,2797
0.726,2796
0.726,2795
0.726,2794
0.726,2793
0.726,2792
0.727,2791
0.727,2790
0.727,2789
0.727,2788
0.727,2787
0.727,2786
0.727,2785
0.727,2784
0.727,2783
0.727,2782
0.727,2781
0.728,2780
0.728,2779
0.728,2778
0.728,2777
0.728,2776
0.728,2775
0.728,2774
0.728,2773
0.729,2772
0.729,2771
0.729,2770
0.729,2769
0.729,2768
0.729,2767
0.729,2766
0.729,2765
0.729,2764
0.730,2763
0.730,2762
0.730,2761
0.730,2760
0.730,2759
0.730,2758
0.730,2757
0.731,2756
0.731,2755
0.731,2754
0.731,2753
0.731,2752
0.731,2751
0.731,2750
0.731,2749
0.731,2748
0.731,2747
0.731,2746
0.731,2745
0.732,2744
0.732,2743
0.732,2742
0.732,2741
0.732,2740
0.732,2739
0.732,2738
0.733,2737
0.733,2736
0.733,2735
0.733,2734
0.733,2733
0.733,2732
0.734,2731
0.734,2730
0.734,2729
0.734,2728
0.735,2727
0.735,2726
0.735,2725
0.735,2724
0.735,2723
0.735,2722
0.736,2721
0.736,2720
0.736,2719
0.736,2718
0.736,2717
0.736,2716
0.736,2715
0.736,2714
0.736,2713
0.737,2712
0.737,2711
0.737,2710
0.737,2709
0.737,2708
0.737,2707
0.737,2706
0.737,2705
0.738,2704
0.738,2703
0.738,2702
0.738,2701
0.738,2700
0.738,2699
0.739,2698
0.739,2697
0.739,2696
0.739,2695
0.739,2694
0.739,2693
0.740,2692
0.740,2691
0.740,2690
0.740,2689
0.740,2688
0.740,2687
0.740,2686
0.740,2685
0.741,2684
0.741,2683
0.741,2682
0.741,2681
0.741,2680
0.741,2679
0.741,2678
0.741,2677
0.741,2676
0.741,2675
0.741,2674
0.742,2673
0.742,2672
0.742,2671
0.742,2670
0.742,2669
0.742,2668
0.742,2667
0.742,2666
0.743,2665
0.743,2664
0.743,2663
0.743,2662
0.744,2661
0.744,2660
0.744,2659
0.744,2658
0.744,2657
0.744,2656
0.744,2655
0.744,2654
0.745,2653
0.745,2652
0.746,2651
0.746,2650
0.746,2649
0.746,2648
0.746,2647
0.746,2646
0.747,2645
0.747,2644
0.747,2643
0.747,2642
0.747,2641
0.747,2640
0.748,2639
0.748,2638
0.748,2637
0.748,2636
0.748,2635
0.749,2634
0.749,2633
0.749,2632
0.749,2631
0.749,2630
0.749,2629
0.749,2628
0.749,2627
0.750,2626
0.750,2625
0.750,2624
0.750,2623
0.750,2622
0.750,2621
0.751,2620
0.751,2619
0.751,2618
0.751,2617
0.751,2616
0.751,2615
0.752,2614
0.753,2613
0.753,2612
0.754,2611
0.754,2610
0.754,2609
0.754,2608
0.755,2607
0.755,2606
0.755,2605
0.755,2604
0.755,2603
0.756,2602
0.756,2601
0.756,2600
0.756,2599
0.756,2598
0.757,2597
0.757,2596
0.757,2595
0.757,2594
0.758,2593
0.758,2592
0.758,2591
0.758,2590
0.759,2589
0.759,2588
0.759,2587
0.759,2586
0.759,2585
0.760,2584
0.760,2583
0.760,2582
0.760,2581
0.761,2580
0.761,2579
0.761,2578
0.761,2577
0.761,2576
0.761,2575
0.761,2574
0.761,2573
0.763,2572
0.763,2571
0.763,2570
0.763,2569
0.764,2568
0.764,2567
0.764,2566
0.764,2565
0.765,2564
0.765,2563
0.765,2562
0.765,2561
0.765,2560
0.766,2559
0.766,2558
0.767,2557
0.767,2556
0.768,2555
0.768,2554
0.768,2553
0.769,2552
0.769,2551
0.770,2550
0.771,2549
0.771,2548
0.772,2547
0.773,2546
0.773,2545
0.773,2544
0.773,2543
0.773,2542
0.773,2541
0.773,2540
0.773,2539
0.774,2538
0.774,2537
0.775,2536
0.775,2535
0.775,2534
0.775,2533
0.775,2532
0.776,2531
0.776,2530
0.778,2529
0.779,2528
0.779,2527
0.779,2526
0.779,2525
0.780,2524
0.780,2523
0.780,2522
0.780,2521
0.780,2520
0.781,2519
0.781,2518
0.782,2517
0.782,2516
0.782,2515
0.782,2514
0.782,2513
0.782,2512
0.783,2511
0.783,2510
0.784,2509
0.784,2508
0.784,2507
0.784,2506
0.785,2505
0.785,2504
0.785,2503
0.785,2502
0.785,2501
0.785,2500
0.786,2499
0.786,2498
0.786,2497
0.787,2496
0.787,2495
0.787,2494
0.787,2493
0.787,2492
0.787,2491
0.788,2490
0.788,2489
0.789,2488
0.789,2487
0.789,2486
0.790,2485
0.790,2484
0.792,2483
0.792,2482
0.792,2481
0.793,2480
0.793,2479
0.793,2478
0.794,2477
0.794,2476
0.794,2475
0.794,2474
0.794,2473
0.795,2472
0.796,2471
0.797,2470
0.797,2469
0.797,2468
0.798,2467
0.798,2466
0.799,2465
0.801,2464
0.801,2463
0.804,2462
0.805,2461
0.805,2460
0.807,2459
0.808,2458
0.809,2457
0.809,2456
0.811,2455
0.812,2454
0.812,2453
0.815,2452
0.815,2451
0.815,2450
0.815,2449
0.815,2448
0.817,2447
0.819,2446
0.823,2445
0.824,2444
0.824,2443
0.824,2442
0.824,2441
0.826,2440
0.826,2439
0.827,2438
0.830,2437
0.830,2436
0.831,2435
0.831,2434
0.832,2433
0.832,2432
0.835,2431
0.835,2430
0.838,2429
0.839,2428
0.842,2427
0.842,2426
0.843,2425
0.843,2424
0.844,2423
0.848,2422
0.851,2421
0.854,2420
0.857,2419
0.858,2418
0.858,2417
0.861,2416
0.863,2415
0.863,2414
0.866,2413
0.866,2412
0.866,2411
0.869,2410
0.874,2409
0.875,2408
0.875,2407
0.880,2406
0.882,2405
0.884,2404
0.891,2403
0.894,2402
0.896,2401
0.896,2400
0.897,2399
0.897,2398
0.899,2397
0.906,2396
0.907,2395
0.907,2394
0.907,2393
0.911,2392
0.918,2391
0.937,2390
0.939,2389
0.945,2388
0.952,2387
0.957,2386
0.966,2385
0.972,2384
0.976,2383
0.981,2382
1.001,2381
1.007,2380
