0.599,3709
0.599,3708
0.599,3707
0.599,3706
0.599,3705
0.599,3704
0.599,3703
0.599,3702
0.599,3701
0.599,3700
0.599,3699
0.599,3698
0.599,3697
0.599,3696
0.599,3695
0.599,3694
0.599,3693
0.599,3692
0.599,3691
0.600,3690
0.600,3689
0.600,3688
0.600,3687
0.600,3686
0.600,3685
0.600,3684
0.600,3683
0.600,3682
0.600,3681
0.600,3680
0.600,3679
0.600,3678
0.600,3677
0.600,3676
0.600,3675
0.600,3674
0.600,3673
0.600,3672
0.600,3671
0.600,3670
0.600,3669
0.600,3668
0.601,3667
0.601,3666
0.601,3665
0.601,3664
0.601,3663
0.601,3662
0.601,3661
0.601,3660
0.601,3659
0.601,3658
0.601,3657
0.601,3656
0.601,3655
0.601,3654
0.601,3653
0.601,3652
0.601,3651
0.601,3650
0.602,3649
0.602,3648
0.602,3647
0.602,3646
0.602,3645
0.602,3644
0.602,3643
0.602,3642
0.602,3641
0.602,3640
0.602,3639
0.602,3638
0.602,3637
0.602,3636
0.602,3635
0.602,3634
0.602,3633
0.602,3632
0.603,3631
0.603,3630
0.603,3629
0.603,3628
0.603,3627
0.603,3626
0.603,3625
0.603,3624
0.603,3623
0.603,3622
0.603,3621
0.603,3620
0.604,3619
0.604,3618
0.604,3617
0.604,3616
0.604,3615
0.604,3614
0.604,3613
0.604,3612
0.604,3611
0.604,3610
0.604,3609
0.604,3608
0.604,3607
0.604,3606
0.604,3605
0.604,3604
0.604,3603
0.604,3602
0.604,3601
0.604,3600
0.605,3599
0.605,3598
0.605,3597
0.605,3596
0.605,3595
0.605,3594
0.605,3593
0.605,3592
0.605,3591
0.605,3590
0.605,3589
0.606,3588
0.606,3587
0.606,3586
0.607,3585
0.607,3584
0.607,3583
0.607,3582
0.607,3581
0.607,3580
0.607,3579
0.607,3578
0.607,3577
0.607,3576
0.608,3575
0.608,3574
0.608,3573
0.608,3572
0.608,3571
0.608,3570
0.608,3569
0.608,3568
0.608,3567
0.608,3566
0.608,3565
0.608,3564
0.608,3563
0.608,3562
0.608,3561
0.608,3560
0.608,3559
0.608,3558
0.609,3557
0.609,3556
0.609,3555
0.609,3554
0.609,3553
0.609,3552
0.609,3551
0.609,3550
0.609,3549
0.609,3548
0.609,3547
0.609,3546
0.609,3545
0.609,3544
0.609,3543
0.609,3542
0.609,3541
0.609,3540
0.609,3539
0.609,3538
0.609,3537
0.610,3536
0.610,3535
0.610,3534
0.610,3533
0.610,3532
0.610,3531
0.610,3530
0.610,3529
0.610,3528
0.610,3527
0.610,3526
0.610,3525
0.610,3524
0.610,3523
0.610,3522
0.610,3521
0.610,3520
0.610,3519
0.610,3518
0.611,3517
0.611,3516
0.611,3515
0.611,3514
0.611,3513
0.611,3512
0.611,3511
0.611,3510
0.611,3509
0.611,3508
0.611,3507
0.611,3506
0.611,3505
0.611,3504
0.611,3503
0.611,3502
0.611,3501
0.611,3500
0.611,3499
0.612,3498
0.612,3497
0.612,3496
0.612,3495
0.612,3494
0.612,3493
0.612,3492
0.612,3491
0.612,3490
0.612,3489
0.612,3488
0.612,3487
0.612,3486
0.612,3485
0.612,3484
0.612,3483
0.612,3482
0.612,3481
0.613,3480
0.613,3479
0.613,3478
0.613,3477
0.613,3476
0.613,3475
0.613,3474
0.613,3473
0.613,3472
0.613,3471
0.613,3470
0.613,3469
0.613,3468
0.613,3467
0.613,3466
0.613,3465
0.613,3464
0.613,3463
0.613,3462
0.613,3461
0.614,3460
0.614,3459
0.614,3458
0.614,3457
0.614,3456
0.614,3455
0.614,3454
0.614,3453
0.614,3452
0.614,3451
0.614,3450
0.614,3449
0.614,3448
0.614,3447
0.614,3446
0.614,3445
0.614,3444
0.614,3443
0.614,3442
0.614,3441
0.614,3440
0.615,3439
0.615,3438
0.615,3437
0.615,3436
0.615,3435
0.615,3434
0.615,3433
0.615,3432
0.615,3431
0.615,3430
0.615,3429
0.615,3428
0.615,3427
0.615,3426
0.615,3425
0.615,3424
0.615,3423
0.615,3422
0.615,3421
0.615,3420
0.615,3419
0.616,3418
0.616,3417
0.616,3416
0.616,3415
0.616,3414
0.616,3413
0.616,3412
0.616,3411
0.616,3410
0.616,3409
0.616,3408
0.616,3407
0.616,3406
0.617,3405
0.617,3404
0.617,3403
0.617,3402
0.617,3401
0.617,3400
0.617,3399
0.617,3398
0.617,3397
0.617,3396
0.617,3395
0.617,3394
0.617,3393
0.617,3392
0.617,3391
0.617,3390
0.618,3389
0.618,3388
0.618,3387
0.618,3386
0.618,3385
0.618,3384
0.618,3383
0.618,3382
0.618,3381
0.618,3380
0.618,3379
0.618,3378
0.618,3377
0.618,3376
0.618,3375
0.618,3374
0.619,3373
0.619,3372
0.619,3371
0.619,3370
0.619,3369
0.619,3368
0.619,3367
0.619,3366
0.619,3365
0.619,3364
0.619,3363
0.619,3362
0.619,3361
0.619,3360
0.619,3359
0.619,3358
0.619,3357
0.619,3356
0.619,3355
0.620,3354
0.620,3353
0.620,3352
0.620,3351
0.620,3350
0.620,3349
0.620,3348
0.620,3347
0.620,3346
0.620,3345
0.620,3344
0.620,3343
0.620,3342
0.620,3341
0.620,3340
0.620,3339
0.620,3338
0.620,3337
0.620,3336
0.620,3335
0.621,3334
0.621,3333
0.621,3332
0.621,3331
0.621,3330
0.621,3329
0.621,3328
0.621,3327
0.621,3326
0.621,3325
0.621,3324
0.621,3323
0.621,3322
0.621,3321
0.621,3320
0.621,3319
0.621,3318
0.621,3317
0.621,3316
0.621,3315
0.622,3314
0.622,3313
0.622,3312
0.622,3311
0.622,3310
0.622,3309
0.622,3308
0.622,3307
0.622,3306
0.622,3305
0.622,3304
0.622,3303
0.622,3302
0.622,3301
0.622,3300
0.622,3299
0.622,3298
0.622,3297
0.622,3296
0.623,3295
0.623,3294
0.623,3293
0.623,3292
0.623,3291
0.623,3290
0.623,3289
0.623,3288
0.623,3287
0.623,3286
0.623,3285
0.623,3284
0.623,3283
0.623,3282
0.623,3281
0.623,3280
0.624,3279
0.624,3278
0.624,3277
0.624,3276
0.624,3275
0.624,3274
0.624,3273
0.624,3272
0.624,3271
0.624,3270
0.624,3269
0.624,3268
0.624,3267
0.624,3266
0.624,3265
0.624,3264
0.624,3263
0.624,3262
0.624,3261
0.624,3260
0.624,3259
0.624,3258
0.624,3257
0.624,3256
0.624,3255
0.624,3254
0.624,3253
0.624,3252
0.624,3251
0.624,3250
0.624,3249
0.624,3248
0.624,3247
0.624,3246
0.624,3245
0.624,3244
0.624,3243
0.624,3242
0.624,3241
0.624,3240
0.624,3239
0.624,3238
0.624,3237
0.624,3236
0.624,3235
0.624,3234
0.624,3233
0.624,3232
0.624,3231
0.624,3230
0.624,3229
0.624,3228
0.624,3227
0.624,3226
0.624,3225
0.624,3224
0.624,3223
0.624,3222
0.624,3221
0.624,3220
0.624,3219
0.624,3218
0.624,3217
0.624,3216
0.624,3215
0.624,3214
0.624,3213
0.624,3212
0.624,3211
0.624,3210
0.624,3209
0.624,3208
0.624,3207
0.624,3206
0.624,3205
0.624,3204
0.624,3203
0.624,3202
0.624,3201
0.624,3200
0.624,3199
0.624,3198
0.624,3197
0.624,3196
0.624,3195
0.624,3194
0.624,3193
0.624,3192
0.624,3191
0.624,3190
0.624,3189
0.624,3188
0.624,3187
0.624,3186
0.624,3185
0.624,3184
0.624,3183
0.624,3182
0.624,3181
0.624,3180
0.624,3179
0.624,3178
0.624,3177
0.624,3176
0.624,3175
0.624,3174
0.624,3173
0.624,3172
0.624,3171
0.624,3170
0.624,3169
0.624,3168
0.624,3167
0.624,3166
0.624,3165
0.624,3164
0.624,3163
0.624,3162
0.624,3161
0.624,3160
0.624,3159
0.624,3158
0.624,3157
0.624,3156
0.624,3155
0.624,3154
0.624,3153
0.624,3152
0.624,3151
0.624,3150
0.624,3149
0.624,3148
0.624,3147
0.624,3146
0.624,3145
0.624,3144
0.624,3143
0.624,3142
0.624,3141
0.624,3140
0.624,3139
0.624,3138
0.624,3137
0.624,3136
0.624,3135
0.624,3134
0.624,3133
0.624,3132
0.624,3131
0.624,3130
0.624,3129
0.624,3128
0.624,3127
0.624,3126
0.624,3125
0.624,3124
0.624,3123
0.624,3122
0.624,3121
0.624,3120
0.624,3119
0.624,3118
0.624,3117
0.624,3116
0.624,3115
0.624,3114
0.624,3113
0.624,3112
0.624,3111
0.624,3110
0.624,3109
0.624,3108
0.624,3107
0.624,3106
0.624,3105
0.624,3104
0.624,3103
0.624,3102
0.624,3101
0.624,3100
0.624,3099
0.624,3098
0.624,3097
0.624,3096
0.624,3095
0.624,3094
0.624,3093
0.624,3092
0.624,3091
0.624,3090
0.624,3089
0.624,3088
0.624,3087
0.624,3086
0.624,3085
0.624,3084
0.624,3083
0.624,3082
0.624,3081
0.624,3080
0.624,3079
0.624,3078
0.624,3077
0.624,3076
0.624,3075
0.624,3074
0.624,3073
0.624,3072
0.624,3071
0.624,3070
0.624,3069
0.624,3068
0.624,3067
0.624,3066
0.624,3065
0.624,3064
0.624,3063
0.624,3062
0.624,3061
0.624,3060
0.624,3059
0.624,3058
0.624,3057
0.624,3056
0.624,3055
0.624,3054
0.640,3053
0.640,3052
0.640,3051
0.640,3050
0.641,3049
0.641,3048
0.641,3047
0.641,3046
0.641,3045
0.641,3044
0.641,3043
0.641,3042
0.641,3041
0.641,3040
0.641,3039
0.641,3038
0.641,3037
0.641,3036
0.642,3035
0.642,3034
0.642,3033
0.642,3032
0.642,3031
0.642,3030
0.642,3029
0.642,3028
0.642,3027
0.643,3026
0.643,3025
0.643,3024
0.643,3023
0.643,3022
0.644,3021
0.644,3020
0.644,3019
0.644,3018
0.644,3017
0.644,3016
0.645,3015
0.645,3014
0.645,3013
0.645,3012
0.645,3011
0.645,3010
0.645,3009
0.645,3008
0.645,3007
0.645,3006
0.645,3005
0.645,3004
0.645,3003
0.645,3002
0.645,3001
0.645,3000
0.645,2999
0.645,2998
0.645,2997
0.645,2996
0.645,2995
0.645,2994
0.645,2993
0.645,2992
0.645,2991
0.645,2990
0.645,2989
0.645,2988
0.645,2987
0.645,2986
0.645,2985
0.645,2984
0.645,2983
0.645,2982
0.645,2981
0.645,2980
0.645,2979
0.645,2978
0.645,2977
0.645,2976
0.645,2975
0.645,2974
0.645,2973
0.645,2972
0.645,2971
0.645,2970
0.645,2969
0.645,2968
0.645,2967
0.645,2966
0.645,2965
0.645,2964
0.645,2963
0.645,2962
0.645,2961
0.645,2960
0.645,2959
0.645,2958
0.645,2957
0.645,2956
0.645,2955
0.645,2954
0.645,2953
0.645,2952
0.645,2951
0.645,2950
0.645,2949
0.645,2948
0.645,2947
0.645,2946
0.645,2945
0.645,2944
0.645,2943
0.645,2942
0.645,2941
0.645,2940
0.645,2939
0.645,2938
0.645,2937
0.645,2936
0.645,2935
0.645,2934
0.645,2933
0.645,2932
0.645,2931
0.645,2930
0.645,2929
0.645,2928
0.645,2927
0.645,2926
0.645,2925
0.645,2924
0.645,2923
0.645,2922
0.645,2921
0.645,2920
0.645,2919
0.645,2918
0.645,2917
0.645,2916
0.645,2915
0.645,2914
0.645,2913
0.645,2912
0.645,2911
0.645,2910
0.645,2909
0.645,2908
0.645,2907
0.645,2906
0.645,2905
0.645,2904
0.645,2903
0.645,2902
0.645,2901
0.645,2900
0.645,2899
0.645,2898
0.645,2897
0.645,2896
0.645,2895
0.645,2894
0.645,2893
0.645,2892
0.645,2891
0.645,2890
0.645,2889
0.645,2888
0.645,2887
0.645,2886
0.645,2885
0.645,2884
0.645,2883
0.645,2882
0.645,2881
0.645,2880
0.645,2879
0.645,2878
0.645,2877
0.645,2876
0.645,2875
0.645,2874
0.645,2873
0.645,2872
0.645,2871
0.645,2870
0.645,2869
0.645,2868
0.645,2867
0.645,2866
0.645,2865
0.645,2864
0.645,2863
0.645,2862
0.645,2861
0.645,2860
0.645,2859
0.645,2858
0.645,2857
0.645,2856
0.645,2855
0.645,2854
0.645,2853
0.645,2852
0.645,2851
0.645,2850
0.645,2849
0.645,2848
0.645,2847
0.645,2846
0.645,2845
0.645,2844
0.660,2843
0.660,2842
0.660,2841
0.660,2840
0.660,2839
0.660,2838
0.660,2837
0.661,2836
0.661,2835
0.661,2834
0.661,2833
0.661,2832
0.661,2831
0.661,2830
0.661,2829
0.661,2828
0.661,2827
0.661,2826
0.661,2825
0.661,2824
0.661,2823
0.662,2822
0.662,2821
0.662,2820
0.662,2819
0.662,2818
0.662,2817
0.662,2816
0.662,2815
0.662,2814
0.662,2813
0.663,2812
0.663,2811
0.663,2810
0.663,2809
0.663,2808
0.663,2807
0.663,2806
0.663,2805
0.663,2804
0.663,2803
0.663,2802
0.664,2801
0.664,2800
0.664,2799
0.664,2798
0.664,2797
0.664,2796
0.664,2795
0.664,2794
0.664,2793
0.664,2792
0.664,2791
0.664,2790
0.664,2789
0.664,2788
0.664,2787
0.664,2786
0.664,2785
0.664,2784
0.664,2783
0.664,2782
0.664,2781
0.664,2780
0.664,2779
0.664,2778
0.664,2777
0.664,2776
0.664,2775
0.664,2774
0.664,2773
0.664,2772
0.664,2771
0.664,2770
0.664,2769
0.664,2768
0.664,2767
0.664,2766
0.664,2765
0.664,2764
0.664,2763
0.664,2762
0.664,2761
0.664,2760
0.664,2759
0.664,2758
0.664,2757
0.664,2756
0.664,2755
0.664,2754
0.664,2753
0.664,2752
0.664,2751
0.664,2750
0.664,2749
0.664,2748
0.664,2747
0.664,2746
0.664,2745
0.664,2744
0.664,2743
0.664,2742
0.664,2741
0.664,2740
0.664,2739
0.664,2738
0.664,2737
0.664,2736
0.664,2735
0.664,2734
0.664,2733
0.664,2732
0.664,2731
0.664,2730
0.664,2729
0.664,2728
0.664,2727
0.664,2726
0.664,2725
0.664,2724
0.664,2723
0.664,2722
0.664,2721
0.664,2720
0.664,2719
0.664,2718
0.664,2717
0.664,2716
0.664,2715
0.664,2714
0.664,2713
0.664,2712
0.664,2711
0.664,2710
0.664,2709
0.664,2708
0.664,2707
0.664,2706
0.664,2705
0.664,2704
0.664,2703
0.664,2702
0.664,2701
0.664,2700
0.664,2699
0.664,2698
0.664,2697
0.664,2696
0.664,2695
0.664,2694
0.664,2693
0.664,2692
0.664,2691
0.664,2690
0.664,2689
0.664,2688
0.664,2687
0.664,2686
0.664,2685
0.664,2684
0.664,2683
0.664,2682
0.664,2681
0.664,2680
0.664,2679
0.664,2678
0.664,2677
0.664,2676
0.664,2675
0.664,2674
0.664,2673
0.664,2672
0.664,2671
0.664,2670
0.664,2669
0.664,2668
0.664,2667
0.680,2666
0.680,2665
0.680,2664
0.680,2663
0.680,2662
0.680,2661
0.681,2660
0.681,2659
0.681,2658
0.681,2657
0.681,2656
0.682,2655
0.682,2654
0.682,2653
0.682,2652
0.682,2651
0.682,2650
0.683,2649
0.683,2648
0.683,2647
0.683,2646
0.683,2645
0.683,2644
0.683,2643
0.684,2642
0.684,2641
0.684,2640
0.685,2639
0.685,2638
0.685,2637
0.685,2636
0.685,2635
0.685,2634
0.686,2633
0.686,2632
0.686,2631
0.686,2630
0.686,2629
0.686,2628
0.687,2627
0.687,2626
0.687,2625
0.687,2624
0.687,2623
0.688,2622
0.688,2621
0.688,2620
0.688,2619
0.688,2618
0.688,2617
0.689,2616
0.689,2615
0.689,2614
0.689,2613
0.689,2612
0.690,2611
0.690,2610
0.690,2609
0.691,2608
0.691,2607
0.691,2606
0.691,2605
0.691,2604
0.691,2603
0.692,2602
0.692,2601
0.692,2600
0.692,2599
0.692,2598
0.692,2597
0.692,2596
0.692,2595
0.692,2594
0.693,2593
0.693,2592
0.693,2591
0.693,2590
0.693,2589
0.693,2588
0.693,2587
0.693,2586
0.694,2585
0.694,2584
0.694,2583
0.694,2582
0.694,2581
0.694,2580
0.694,2579
0.694,2578
0.695,2577
0.695,2576
0.695,2575
0.695,2574
0.695,2573
0.695,2572
0.695,2571
0.695,2570
0.695,2569
0.695,2568
0.695,2567
0.696,2566
0.696,2565
0.696,2564
0.696,2563
0.696,2562
0.697,2561
0.697,2560
0.697,2559
0.697,2558
0.697,2557
0.698,2556
0.698,2555
0.698,2554
0.698,2553
0.699,2552
0.699,2551
0.699,2550
0.699,2549
0.699,2548
0.699,2547
0.700,2546
0.700,2545
0.700,2544
0.700,2543
0.700,2542
0.700,2541
0.700,2540
0.701,2539
0.701,2538
0.701,2537
0.702,2536
0.702,2535
0.702,2534
0.702,2533
0.702,2532
0.702,2531
0.703,2530
0.703,2529
0.703,2528
0.703,2527
0.703,2526
0.703,2525
0.704,2524
0.704,2523
0.704,2522
0.704,2521
0.705,2520
0.706,2519
0.706,2518
0.706,2517
0.706,2516
0.706,2515
0.708,2514
0.708,2513
0.708,2512
0.708,2511
0.709,2510
0.709,2509
0.710,2508
0.710,2507
0.710,2506
0.710,2505
0.711,2504
0.711,2503
0.711,2502
0.712,2501
0.712,2500
0.712,2499
0.712,2498
0.712,2497
0.713,2496
0.713,2495
0.713,2494
0.714,2493
0.714,2492
0.714,2491
0.714,2490
0.715,2489
0.715,2488
0.715,2487
0.715,2486
0.716,2485
0.716,2484
0.716,2483
0.716,2482
0.716,2481
0.716,2480
0.716,2479
0.717,2478
0.717,2477
0.717,2476
0.718,2475
0.718,2474
0.718,2473
0.719,2472
0.719,2471
0.721,2470
0.721,2469
0.722,2468
0.722,2467
0.722,2466
0.722,2465
0.722,2464
0.723,2463
0.723,2462
0.723,2461
0.724,2460
0.725,2459
0.725,2458
0.726,2457
0.726,2456
0.726,2455
0.726,2454
0.726,2453
0.726,2452
0.726,2451
0.726,2450
0.726,2449
0.726,2448
0.726,2447
0.726,2446
0.726,2445
0.726,2444
0.726,2443
0.726,2442
0.726,2441
0.726,2440
0.726,2439
0.726,2438
0.726,2437
0.726,2436
0.726,2435
0.726,2434
0.726,2433
0.726,2432
0.726,2431
0.742,2430
0.742,2429
0.743,2428
0.744,2427
0.744,2426
0.744,2425
0.744,2424
0.745,2423
0.745,2422
0.746,2421
0.746,2420
0.746,2419
0.746,2418
0.746,2417
0.746,2416
0.746,2415
0.746,2414
0.746,2413
0.746,2412
0.746,2411
0.746,2410
0.746,2409
0.746,2408
0.746,2407
0.746,2406
0.746,2405
0.746,2404
0.746,2403
0.746,2402
0.763,2401
0.763,2400
0.763,2399
0.764,2398
0.764,2397
0.766,2396
0.766,2395
0.766,2394
0.766,2393
0.766,2392
0.766,2391
0.766,2390
0.766,2389
0.766,2388
0.766,2387
0.766,2386
0.784,2385
0.790,2384
0.791,2383
0.793,2382
0.797,2381
0.797,2380
0.797,2379
0.817,2378
0.817,2377
0.833,2376
0.837,2375
0.837,2374
0.855,2373
0.858,2372
