0.752,3709
0.752,3708
0.752,3707
0.752,3706
0.752,3705
0.752,3704
0.752,3703
0.752,3702
0.752,3701
0.752,3700
0.752,3699
0.752,3698
0.768,3697
0.768,3696
0.770,3695
0.770,3694
0.771,3693
0.771,3692
0.772,3691
0.772,3690
0.772,3689
0.772,3688
0.772,3687
0.772,3686
0.772,3685
0.772,3684
0.772,3683
0.772,3682
0.772,3681
0.772,3680
0.772,3679
0.772,3678
0.772,3677
0.772,3676
0.772,3675
0.772,3674
0.772,3673
0.772,3672
0.772,3671
0.772,3670
0.772,3669
0.772,3668
0.772,3667
0.772,3666
0.772,3665
0.772,3664
0.772,3663
0.772,3662
0.772,3661
0.772,3660
0.788,3659
0.788,3658
0.789,3657
0.789,3656
0.789,3655
0.790,3654
0.790,3653
0.791,3652
0.791,3651
0.791,3650
0.792,3649
0.792,3648
0.792,3647
0.792,3646
0.792,3645
0.793,3644
0.793,3643
0.793,3642
0.793,3641
0.793,3640
0.794,3639
0.794,3638
0.794,3637
0.794,3636
0.794,3635
0.794,3634
0.794,3633
0.795,3632
0.795,3631
0.795,3630
0.795,3629
0.795,3628
0.795,3627
0.795,3626
0.796,3625
0.796,3624
0.796,3623
0.796,3622
0.796,3621
0.796,3620
0.796,3619
0.797,3618
0.797,3617
0.797,3616
0.797,3615
0.797,3614
0.797,3613
0.797,3612
0.798,3611
0.798,3610
0.798,3609
0.798,3608
0.799,3607
0.799,3606
0.799,3605
0.799,3604
0.799,3603
0.799,3602
0.800,3601
0.800,3600
0.800,3599
0.800,3598
0.800,3597
0.801,3596
0.801,3595
0.801,3594
0.801,3593
0.802,3592
0.802,3591
0.802,3590
0.802,3589
0.803,3588
0.803,3587
0.803,3586
0.803,3585
0.803,3584
0.803,3583
0.803,3582
0.803,3581
0.803,3580
0.803,3579
0.803,3578
0.803,3577
0.803,3576
0.803,3575
0.803,3574
0.803,3573
0.803,3572
0.803,3571
0.803,3570
0.803,3569
0.803,3568
0.803,3567
0.803,3566
0.803,3565
0.803,3564
0.803,3563
0.803,3562
0.803,3561
0.803,3560
0.803,3559
0.803,3558
0.803,3557
0.803,3556
0.803,3555
0.803,3554
0.803,3553
0.803,3552
0.803,3551
0.803,3550
0.803,3549
0.803,3548
0.803,3547
0.803,3546
0.803,3545
0.803,3544
0.803,3543
0.803,3542
0.803,3541
0.803,3540
0.803,3539
0.803,3538
0.803,3537
0.803,3536
0.803,3535
0.803,3534
0.803,3533
0.803,3532
0.803,3531
0.803,3530
0.803,3529
0.803,3528
0.803,3527
0.803,3526
0.803,3525
0.803,3524
0.803,3523
0.803,3522
0.803,3521
0.803,3520
0.803,3519
0.803,3518
0.803,3517
0.803,3516
0.803,3515
0.803,3514
0.803,3513
0.803,3512
0.803,3511
0.818,3510
0.818,3509
0.818,3508
0.818,3507
0.819,3506
0.819,3505
0.819,3504
0.819,3503
0.819,3502
0.819,3501
0.819,3500
0.819,3499
0.819,3498
0.819,3497
0.819,3496
0.820,3495
0.820,3494
0.820,3493
0.820,3492
0.820,3491
0.820,3490
0.820,3489
0.821,3488
0.821,3487
0.821,3486
0.821,3485
0.821,3484
0.821,3483
0.821,3482
0.821,3481
0.821,3480
0.821,3479
0.822,3478
0.822,3477
0.822,3476
0.822,3475
0.822,3474
0.822,3473
0.822,3472
0.822,3471
0.822,3470
0.822,3469
0.822,3468
0.822,3467
0.822,3466
0.822,3465
0.822,3464
0.822,3463
0.822,3462
0.822,3461
0.822,3460
0.822,3459
0.822,3458
0.822,3457
0.822,3456
0.822,3455
0.822,3454
0.822,3453
0.822,3452
0.822,3451
0.822,3450
0.822,3449
0.822,3448
0.822,3447
0.822,3446
0.822,3445
0.822,3444
0.822,3443
0.822,3442
0.822,3441
0.822,3440
0.822,3439
0.822,3438
0.822,3437
0.822,3436
0.822,3435
0.822,3434
0.822,3433
0.822,3432
0.822,3431
0.822,3430
0.822,3429
0.822,3428
0.822,3427
0.822,3426
0.822,3425
0.822,3424
0.822,3423
0.822,3422
0.822,3421
0.822,3420
0.822,3419
0.822,3418
0.822,3417
0.822,3416
0.822,3415
0.822,3414
0.822,3413
0.822,3412
0.822,3411
0.822,3410
0.822,3409
0.822,3408
0.822,3407
0.822,3406
0.822,3405
0.822,3404
0.822,3403
0.822,3402
0.822,3401
0.822,3400
0.822,3399
0.822,3398
0.822,3397
0.822,3396
0.822,3395
0.822,3394
0.822,3393
0.822,3392
0.822,3391
0.822,3390
0.822,3389
0.822,3388
0.822,3387
0.822,3386
0.822,3385
0.822,3384
0.822,3383
0.822,3382
0.822,3381
0.822,3380
0.822,3379
0.822,3378
0.822,3377
0.822,3376
0.822,3375
0.822,3374
0.822,3373
0.822,3372
0.822,3371
0.822,3370
0.822,3369
0.822,3368
0.822,3367
0.822,3366
0.822,3365
0.822,3364
0.822,3363
0.822,3362
0.822,3361
0.822,3360
0.822,3359
0.822,3358
0.822,3357
0.822,3356
0.822,3355
0.822,3354
0.822,3353
0.822,3352
0.822,3351
0.822,3350
0.822,3349
0.822,3348
0.822,3347
0.822,3346
0.822,3345
0.822,3344
0.822,3343
0.838,3342
0.838,3341
0.839,3340
0.839,3339
0.839,3338
0.839,3337
0.839,3336
0.839,3335
0.839,3334
0.839,3333
0.840,3332
0.840,3331
0.840,3330
0.840,3329
0.840,3328
0.840,3327
0.840,3326
0.840,3325
0.840,3324
0.841,3323
0.841,3322
0.841,3321
0.841,3320
0.841,3319
0.841,3318
0.841,3317
0.842,3316
0.842,3315
0.842,3314
0.842,3313
0.842,3312
0.842,3311
0.842,3310
0.843,3309
0.843,3308
0.843,3307
0.843,3306
0.843,3305
0.843,3304
0.844,3303
0.844,3302
0.844,3301
0.844,3300
0.844,3299
0.844,3298
0.844,3297
0.844,3296
0.844,3295
0.845,3294
0.845,3293
0.845,3292
0.845,3291
0.845,3290
0.845,3289
0.845,3288
0.846,3287
0.846,3286
0.846,3285
0.846,3284
0.846,3283
0.846,3282
0.846,3281
0.846,3280
0.847,3279
0.847,3278
0.847,3277
0.847,3276
0.847,3275
0.847,3274
0.847,3273
0.848,3272
0.848,3271
0.848,3270
0.848,3269
0.848,3268
0.848,3267
0.848,3266
0.848,3265
0.848,3264
0.849,3263
0.849,3262
0.849,3261
0.849,3260
0.849,3259
0.849,3258
0.849,3257
0.849,3256
0.849,3255
0.850,3254
0.850,3253
0.850,3252
0.850,3251
0.850,3250
0.850,3249
0.850,3248
0.850,3247
0.850,3246
0.850,3245
0.850,3244
0.850,3243
0.851,3242
0.851,3241
0.851,3240
0.851,3239
0.851,3238
0.851,3237
0.851,3236
0.851,3235
0.851,3234
0.851,3233
0.852,3232
0.852,3231
0.852,3230
0.852,3229
0.852,3228
0.852,3227
0.852,3226
0.852,3225
0.852,3224
0.852,3223
0.852,3222
0.853,3221
0.853,3220
0.853,3219
0.853,3218
0.853,3217
0.853,3216
0.853,3215
0.853,3214
0.853,3213
0.853,3212
0.853,3211
0.853,3210
0.854,3209
0.854,3208
0.854,3207
0.854,3206
0.854,3205
0.854,3204
0.854,3203
0.854,3202
0.854,3201
0.854,3200
0.855,3199
0.855,3198
0.855,3197
0.855,3196
0.855,3195
0.855,3194
0.855,3193
0.855,3192
0.856,3191
0.856,3190
0.856,3189
0.856,3188
0.856,3187
0.856,3186
0.856,3185
0.856,3184
0.857,3183
0.857,3182
0.857,3181
0.857,3180
0.857,3179
0.857,3178
0.858,3177
0.858,3176
0.858,3175
0.858,3174
0.858,3173
0.858,3172
0.858,3171
0.859,3170
0.859,3169
0.859,3168
0.859,3167
0.859,3166
0.859,3165
0.859,3164
0.859,3163
0.860,3162
0.860,3161
0.860,3160
0.861,3159
0.861,3158
0.861,3157
0.861,3156
0.861,3155
0.861,3154
0.861,3153
0.862,3152
0.862,3151
0.862,3150
0.862,3149
0.862,3148
0.862,3147
0.862,3146
0.862,3145
0.862,3144
0.863,3143
0.863,3142
0.863,3141
0.863,3140
0.863,3139
0.863,3138
0.863,3137
0.864,3136
0.864,3135
0.864,3134
0.864,3133
0.864,3132
0.864,3131
0.864,3130
0.864,3129
0.865,3128
0.865,3127
0.865,3126
0.865,3125
0.865,3124
0.865,3123
0.866,3122
0.866,3121
0.866,3120
0.866,3119
0.866,3118
0.866,3117
0.866,3116
0.866,3115
0.867,3114
0.867,3113
0.867,3112
0.867,3111
0.867,3110
0.867,3109
0.867,3108
0.867,3107
0.868,3106
0.868,3105
0.868,3104
0.868,3103
0.868,3102
0.868,3101
0.868,3100
0.868,3099
0.868,3098
0.868,3097
0.868,3096
0.869,3095
0.869,3094
0.869,3093
0.869,3092
0.869,3091
0.869,3090
0.869,3089
0.869,3088
0.870,3087
0.870,3086
0.871,3085
0.871,3084
0.871,3083
0.871,3082
0.871,3081
0.871,3080
0.871,3079
0.871,3078
0.871,3077
0.871,3076
0.872,3075
0.872,3074
0.872,3073
0.872,3072
0.873,3071
0.873,3070
0.873,3069
0.873,3068
0.873,3067
0.874,3066
0.874,3065
0.874,3064
0.874,3063
0.874,3062
0.874,3061
0.874,3060
0.874,3059
0.874,3058
0.875,3057
0.875,3056
0.875,3055
0.875,3054
0.875,3053
0.875,3052
0.875,3051
0.876,3050
0.876,3049
0.876,3048
0.876,3047
0.876,3046
0.876,3045
0.876,3044
0.877,3043
0.877,3042
0.877,3041
0.877,3040
0.877,3039
0.878,3038
0.878,3037
0.878,3036
0.879,3035
0.879,3034
0.879,3033
0.879,3032
0.879,3031
0.879,3030
0.879,3029
0.879,3028
0.879,3027
0.880,3026
0.880,3025
0.880,3024
0.881,3023
0.881,3022
0.881,3021
0.881,3020
0.881,3019
0.881,3018
0.881,3017
0.881,3016
0.881,3015
0.882,3014
0.882,3013
0.882,3012
0.882,3011
0.883,3010
0.883,3009
0.883,3008
0.883,3007
0.883,3006
0.883,3005
0.883,3004
0.883,3003
0.884,3002
0.884,3001
0.884,3000
0.884,2999
0.884,2998
0.884,2997
0.884,2996
0.885,2995
0.885,2994
0.885,2993
0.885,2992
0.885,2991
0.885,2990
0.886,2989
0.886,2988
0.886,2987
0.886,2986
0.886,2985
0.886,2984
0.886,2983
0.886,2982
0.886,2981
0.887,2980
0.887,2979
0.887,2978
0.887,2977
0.887,2976
0.887,2975
0.887,2974
0.887,2973
0.887,2972
0.887,2971
0.887,2970
0.887,2969
0.887,2968
0.887,2967
0.888,2966
0.888,2965
0.888,2964
0.888,2963
0.888,2962
0.888,2961
0.888,2960
0.888,2959
0.888,2958
0.889,2957
0.889,2956
0.889,2955
0.889,2954
0.889,2953
0.889,2952
0.889,2951
0.889,2950
0.889,2949
0.889,2948
0.889,2947
0.890,2946
0.890,2945
0.890,2944
0.890,2943
0.890,2942
0.890,2941
0.890,2940
0.890,2939
0.890,2938
0.890,2937
0.891,2936
0.891,2935
0.891,2934
0.891,2933
0.891,2932
0.891,2931
0.891,2930
0.891,2929
0.891,2928
0.892,2927
0.892,2926
0.892,2925
0.892,2924
0.892,2923
0.892,2922
0.892,2921
0.892,2920
0.893,2919
0.893,2918
0.893,2917
0.893,2916
0.893,2915
0.893,2914
0.893,2913
0.893,2912
0.893,2911
0.893,2910
0.894,2909
0.894,2908
0.894,2907
0.894,2906
0.894,2905
0.894,2904
0.894,2903
0.894,2902
0.894,2901
0.894,2900
0.894,2899
0.894,2898
0.894,2897
0.894,2896
0.894,2895
0.894,2894
0.894,2893
0.894,2892
0.894,2891
0.894,2890
0.894,2889
0.894,2888
0.894,2887
0.894,2886
0.894,2885
0.894,2884
0.894,2883
0.894,2882
0.894,2881
0.894,2880
0.894,2879
0.894,2878
0.894,2877
0.894,2876
0.894,2875
0.894,2874
0.894,2873
0.894,2872
0.894,2871
0.894,2870
0.894,2869
0.894,2868
0.894,2867
0.894,2866
0.894,2865
0.894,2864
0.894,2863
0.894,2862
0.894,2861
0.894,2860
0.894,2859
0.894,2858
0.894,2857
0.894,2856
0.894,2855
0.894,2854
0.894,2853
0.894,2852
0.894,2851
0.894,2850
0.894,2849
0.894,2848
0.894,2847
0.894,2846
0.894,2845
0.894,2844
0.894,2843
0.894,2842
0.894,2841
0.894,2840
0.894,2839
0.894,2838
0.894,2837
0.894,2836
0.894,2835
0.894,2834
0.894,2833
0.894,2832
0.894,2831
0.894,2830
0.894,2829
0.894,2828
0.894,2827
0.894,2826
0.894,2825
0.894,2824
0.894,2823
0.894,2822
0.894,2821
0.894,2820
0.894,2819
0.894,2818
0.894,2817
0.894,2816
0.894,2815
0.894,2814
0.894,2813
0.894,2812
0.894,2811
0.894,2810
0.894,2809
0.894,2808
0.894,2807
0.894,2806
0.894,2805
0.894,2804
0.894,2803
0.894,2802
0.894,2801
0.894,2800
0.894,2799
0.894,2798
0.894,2797
0.894,2796
0.894,2795
0.894,2794
0.894,2793
0.894,2792
0.894,2791
0.894,2790
0.894,2789
0.894,2788
0.894,2787
0.894,2786
0.894,2785
0.894,2784
0.894,2783
0.894,2782
0.894,2781
0.894,2780
0.894,2779
0.894,2778
0.894,2777
0.894,2776
0.894,2775
0.894,2774
0.894,2773
0.894,2772
0.894,2771
0.894,2770
0.894,2769
0.894,2768
0.894,2767
0.894,2766
0.894,2765
0.894,2764
0.894,2763
0.894,2762
0.894,2761
0.910,2760
0.910,2759
0.910,2758
0.910,2757
0.911,2756
0.911,2755
0.911,2754
0.911,2753
0.911,2752
0.911,2751
0.911,2750
0.911,2749
0.911,2748
0.911,2747
0.912,2746
0.912,2745
0.912,2744
0.912,2743
0.912,2742
0.912,2741
0.912,2740
0.912,2739
0.913,2738
0.913,2737
0.913,2736
0.913,2735
0.913,2734
0.913,2733
0.913,2732
0.913,2731
0.914,2730
0.914,2729
0.914,2728
0.914,2727
0.914,2726
0.914,2725
0.914,2724
0.914,2723
0.914,2722
0.915,2721
0.915,2720
0.915,2719
0.915,2718
0.915,2717
0.915,2716
0.915,2715
0.915,2714
0.915,2713
0.915,2712
0.915,2711
0.915,2710
0.915,2709
0.915,2708
0.915,2707
0.915,2706
0.915,2705
0.915,2704
0.915,2703
0.915,2702
0.915,2701
0.915,2700
0.915,2699
0.915,2698
0.915,2697
0.915,2696
0.915,2695
0.915,2694
0.915,2693
0.915,2692
0.915,2691
0.915,2690
0.915,2689
0.915,2688
0.915,2687
0.915,2686
0.915,2685
0.915,2684
0.915,2683
0.915,2682
0.915,2681
0.915,2680
0.915,2679
0.915,2678
0.915,2677
0.915,2676
0.915,2675
0.915,2674
0.915,2673
0.915,2672
0.915,2671
0.915,2670
0.915,2669
0.915,2668
0.915,2667
0.915,2666
0.915,2665
0.915,2664
0.915,2663
0.915,2662
0.915,2661
0.915,2660
0.915,2659
0.915,2658
0.915,2657
0.915,2656
0.915,2655
0.915,2654
0.915,2653
0.915,2652
0.915,2651
0.915,2650
0.915,2649
0.915,2648
0.915,2647
0.915,2646
0.915,2645
0.930,2644
0.930,2643
0.930,2642
0.931,2641
0.931,2640
0.931,2639
0.931,2638
0.932,2637
0.932,2636
0.932,2635
0.932,2634
0.932,2633
0.933,2632
0.933,2631
0.933,2630
0.934,2629
0.934,2628
0.934,2627
0.934,2626
0.934,2625
0.934,2624
0.934,2623
0.934,2622
0.934,2621
0.935,2620
0.935,2619
0.935,2618
0.935,2617
0.935,2616
0.935,2615
0.935,2614
0.935,2613
0.935,2612
0.935,2611
0.935,2610
0.935,2609
0.935,2608
0.935,2607
0.935,2606
0.935,2605
0.935,2604
0.935,2603
0.935,2602
0.935,2601
0.935,2600
0.935,2599
0.935,2598
0.935,2597
0.935,2596
0.935,2595
0.935,2594
0.935,2593
0.935,2592
0.935,2591
0.935,2590
0.935,2589
0.935,2588
0.935,2587
0.935,2586
0.935,2585
0.935,2584
0.935,2583
0.935,2582
0.935,2581
0.935,2580
0.935,2579
0.935,2578
0.935,2577
0.935,2576
0.935,2575
0.935,2574
0.935,2573
0.935,2572
0.935,2571
0.935,2570
0.935,2569
0.935,2568
0.935,2567
0.935,2566
0.935,2565
0.935,2564
0.935,2563
0.935,2562
0.935,2561
0.935,2560
0.935,2559
0.935,2558
0.935,2557
0.935,2556
0.935,2555
0.935,2554
0.935,2553
0.935,2552
0.935,2551
0.935,2550
0.935,2549
0.935,2548
0.935,2547
0.935,2546
0.935,2545
0.935,2544
0.935,2543
0.951,2542
0.951,2541
0.951,2540
0.952,2539
0.952,2538
0.952,2537
0.953,2536
0.953,2535
0.954,2534
0.954,2533
0.954,2532
0.955,2531
0.955,2530
0.955,2529
0.955,2528
0.955,2527
0.955,2526
0.955,2525
0.955,2524
0.955,2523
0.955,2522
0.955,2521
0.955,2520
0.955,2519
0.955,2518
0.955,2517
0.955,2516
0.955,2515
0.955,2514
0.955,2513
0.955,2512
0.955,2511
0.955,2510
0.955,2509
0.955,2508
0.972,2507
0.973,2506
0.973,2505
0.974,2504
0.974,2503
0.975,2502
0.976,2501
0.976,2500
0.977,2499
0.978,2498
0.978,2497
0.978,2496
0.979,2495
0.979,2494
0.981,2493
0.981,2492
0.981,2491
0.982,2490
0.982,2489
0.982,2488
0.983,2487
0.983,2486
0.983,2485
0.983,2484
0.984,2483
0.984,2482
0.991,2481
0.991,2480
0.992,2479
0.992,2478
0.992,2477
0.994,2476
0.995,2475
0.996,2474
0.996,2473
0.996,2472
0.996,2471
0.996,2470
0.996,2469
0.996,2468
0.996,2467
0.996,2466
0.996,2465
0.996,2464
0.996,2463
0.996,2462
0.996,2461
0.996,2460
1.012,2459
1.015,2458
1.016,2457
1.016,2456
1.016,2455
1.016,2454
1.016,2453
1.016,2452
1.016,2451
1.016,2450
1.016,2449
1.016,2448
1.033,2447
1.033,2446
1.036,2445
1.037,2444
1.037,2443
1.037,2442
1.037,2441
1.037,2440
1.037,2439
1.037,2438
1.037,2437
1.037,2436
1.053,2435
1.053,2434
1.056,2433
1.057,2432
1.057,2431
1.057,2430
1.057,2429
1.057,2428
1.057,2427
1.057,2426
1.057,2425
1.075,2424
1.092,2423
1.098,2422
1.107,2421
1.107,2420
1.107,2419
1.128,2418
1.200,2417
1.209,2416
1.260,2415
