0.629,3709
0.629,3708
0.629,3707
0.629,3706
0.629,3705
0.629,3704
0.629,3703
0.629,3702
0.629,3701
0.629,3700
0.629,3699
0.629,3698
0.629,3697
0.629,3696
0.629,3695
0.629,3694
0.629,3693
0.629,3692
0.629,3691
0.629,3690
0.629,3689
0.630,3688
0.630,3687
0.630,3686
0.630,3685
0.630,3684
0.630,3683
0.630,3682
0.630,3681
0.630,3680
0.630,3679
0.630,3678
0.630,3677
0.630,3676
0.630,3675
0.630,3674
0.630,3673
0.630,3672
0.630,3671
0.630,3670
0.630,3669
0.630,3668
0.630,3667
0.630,3666
0.631,3665
0.631,3664
0.631,3663
0.631,3662
0.631,3661
0.631,3660
0.631,3659
0.631,3658
0.631,3657
0.631,3656
0.631,3655
0.631,3654
0.631,3653
0.631,3652
0.631,3651
0.631,3650
0.631,3649
0.631,3648
0.631,3647
0.631,3646
0.631,3645
0.631,3644
0.631,3643
0.632,3642
0.632,3641
0.632,3640
0.632,3639
0.632,3638
0.632,3637
0.632,3636
0.632,3635
0.632,3634
0.632,3633
0.632,3632
0.632,3631
0.632,3630
0.632,3629
0.632,3628
0.632,3627
0.632,3626
0.632,3625
0.632,3624
0.632,3623
0.632,3622
0.632,3621
0.632,3620
0.632,3619
0.632,3618
0.632,3617
0.633,3616
0.633,3615
0.633,3614
0.633,3613
0.633,3612
0.633,3611
0.633,3610
0.633,3609
0.633,3608
0.633,3607
0.633,3606
0.634,3605
0.634,3604
0.634,3603
0.634,3602
0.634,3601
0.634,3600
0.634,3599
0.634,3598
0.634,3597
0.634,3596
0.634,3595
0.634,3594
0.634,3593
0.634,3592
0.635,3591
0.635,3590
0.635,3589
0.635,3588
0.635,3587
0.635,3586
0.635,3585
0.635,3584
0.635,3583
0.635,3582
0.636,3581
0.636,3580
0.636,3579
0.636,3578
0.636,3577
0.636,3576
0.636,3575
0.636,3574
0.636,3573
0.636,3572
0.636,3571
0.636,3570
0.636,3569
0.636,3568
0.636,3567
0.636,3566
0.637,3565
0.637,3564
0.637,3563
0.637,3562
0.637,3561
0.637,3560
0.637,3559
0.637,3558
0.637,3557
0.637,3556
0.637,3555
0.637,3554
0.637,3553
0.637,3552
0.637,3551
0.637,3550
0.637,3549
0.637,3548
0.637,3547
0.637,3546
0.637,3545
0.638,3544
0.638,3543
0.638,3542
0.638,3541
0.638,3540
0.638,3539
0.638,3538
0.638,3537
0.638,3536
0.638,3535
0.638,3534
0.638,3533
0.638,3532
0.638,3531
0.638,3530
0.638,3529
0.638,3528
0.638,3527
0.638,3526
0.638,3525
0.638,3524
0.638,3523
0.639,3522
0.639,3521
0.639,3520
0.639,3519
0.639,3518
0.639,3517
0.639,3516
0.639,3515
0.639,3514
0.639,3513
0.639,3512
0.639,3511
0.639,3510
0.639,3509
0.639,3508
0.639,3507
0.639,3506
0.639,3505
0.639,3504
0.640,3503
0.640,3502
0.640,3501
0.640,3500
0.640,3499
0.640,3498
0.640,3497
0.640,3496
0.640,3495
0.640,3494
0.640,3493
0.640,3492
0.640,3491
0.640,3490
0.640,3489
0.640,3488
0.640,3487
0.640,3486
0.640,3485
0.640,3484
0.640,3483
0.640,3482
0.640,3481
0.641,3480
0.641,3479
0.641,3478
0.641,3477
0.641,3476
0.641,3475
0.641,3474
0.641,3473
0.641,3472
0.641,3471
0.641,3470
0.641,3469
0.641,3468
0.641,3467
0.641,3466
0.641,3465
0.642,3464
0.642,3463
0.642,3462
0.642,3461
0.642,3460
0.642,3459
0.642,3458
0.642,3457
0.642,3456
0.642,3455
0.642,3454
0.642,3453
0.642,3452
0.642,3451
0.642,3450
0.642,3449
0.642,3448
0.642,3447
0.642,3446
0.642,3445
0.642,3444
0.643,3443
0.643,3442
0.643,3441
0.643,3440
0.643,3439
0.643,3438
0.643,3437
0.643,3436
0.643,3435
0.643,3434
0.643,3433
0.643,3432
0.643,3431
0.643,3430
0.643,3429
0.643,3428
0.643,3427
0.643,3426
0.643,3425
0.643,3424
0.643,3423
0.643,3422
0.644,3421
0.644,3420
0.644,3419
0.644,3418
0.644,3417
0.644,3416
0.644,3415
0.644,3414
0.644,3413
0.644,3412
0.644,3411
0.644,3410
0.644,3409
0.644,3408
0.644,3407
0.644,3406
0.644,3405
0.644,3404
0.644,3403
0.644,3402
0.644,3401
0.644,3400
0.645,3399
0.645,3398
0.645,3397
0.645,3396
0.645,3395
0.645,3394
0.645,3393
0.645,3392
0.645,3391
0.645,3390
0.645,3389
0.645,3388
0.645,3387
0.645,3386
0.645,3385
0.645,3384
0.645,3383
0.645,3382
0.646,3381
0.646,3380
0.646,3379
0.646,3378
0.646,3377
0.646,3376
0.646,3375
0.646,3374
0.646,3373
0.646,3372
0.646,3371
0.646,3370
0.646,3369
0.646,3368
0.646,3367
0.646,3366
0.646,3365
0.646,3364
0.646,3363
0.646,3362
0.646,3361
0.646,3360
0.647,3359
0.647,3358
0.647,3357
0.647,3356
0.647,3355
0.647,3354
0.647,3353
0.647,3352
0.647,3351
0.647,3350
0.647,3349
0.647,3348
0.647,3347
0.647,3346
0.648,3345
0.648,3344
0.648,3343
0.648,3342
0.648,3341
0.648,3340
0.648,3339
0.648,3338
0.648,3337
0.648,3336
0.648,3335
0.648,3334
0.648,3333
0.648,3332
0.648,3331
0.648,3330
0.648,3329
0.648,3328
0.649,3327
0.649,3326
0.649,3325
0.649,3324
0.649,3323
0.649,3322
0.649,3321
0.649,3320
0.649,3319
0.649,3318
0.649,3317
0.649,3316
0.649,3315
0.649,3314
0.649,3313
0.649,3312
0.650,3311
0.650,3310
0.650,3309
0.650,3308
0.650,3307
0.650,3306
0.650,3305
0.650,3304
0.650,3303
0.650,3302
0.650,3301
0.650,3300
0.650,3299
0.650,3298
0.650,3297
0.650,3296
0.650,3295
0.650,3294
0.650,3293
0.650,3292
0.650,3291
0.651,3290
0.651,3289
0.651,3288
0.651,3287
0.651,3286
0.651,3285
0.651,3284
0.651,3283
0.651,3282
0.651,3281
0.651,3280
0.651,3279
0.651,3278
0.651,3277
0.651,3276
0.651,3275
0.651,3274
0.651,3273
0.651,3272
0.652,3271
0.652,3270
0.652,3269
0.652,3268
0.652,3267
0.652,3266
0.652,3265
0.652,3264
0.652,3263
0.652,3262
0.652,3261
0.652,3260
0.652,3259
0.653,3258
0.653,3257
0.653,3256
0.653,3255
0.653,3254
0.653,3253
0.653,3252
0.653,3251
0.653,3250
0.653,3249
0.653,3248
0.653,3247
0.653,3246
0.653,3245
0.653,3244
0.653,3243
0.654,3242
0.655,3241
0.655,3240
0.655,3239
0.655,3238
0.655,3237
0.655,3236
0.655,3235
0.655,3234
0.655,3233
0.655,3232
0.655,3231
0.656,3230
0.656,3229
0.656,3228
0.656,3227
0.656,3226
0.656,3225
0.656,3224
0.656,3223
0.656,3222
0.656,3221
0.656,3220
0.656,3219
0.656,3218
0.656,3217
0.657,3216
0.657,3215
0.657,3214
0.657,3213
0.657,3212
0.657,3211
0.657,3210
0.657,3209
0.657,3208
0.657,3207
0.657,3206
0.657,3205
0.657,3204
0.657,3203
0.657,3202
0.657,3201
0.658,3200
0.658,3199
0.658,3198
0.658,3197
0.658,3196
0.658,3195
0.658,3194
0.658,3193
0.658,3192
0.658,3191
0.658,3190
0.658,3189
0.658,3188
0.658,3187
0.658,3186
0.658,3185
0.659,3184
0.659,3183
0.659,3182
0.659,3181
0.659,3180
0.659,3179
0.659,3178
0.659,3177
0.659,3176
0.659,3175
0.659,3174
0.659,3173
0.659,3172
0.659,3171
0.659,3170
0.659,3169
0.659,3168
0.659,3167
0.660,3166
0.660,3165
0.660,3164
0.660,3163
0.660,3162
0.660,3161
0.660,3160
0.660,3159
0.660,3158
0.660,3157
0.660,3156
0.660,3155
0.660,3154
0.660,3153
0.661,3152
0.661,3151
0.661,3150
0.661,3149
0.661,3148
0.661,3147
0.661,3146
0.661,3145
0.661,3144
0.661,3143
0.661,3142
0.661,3141
0.661,3140
0.662,3139
0.662,3138
0.662,3137
0.662,3136
0.662,3135
0.662,3134
0.662,3133
0.662,3132
0.662,3131
0.662,3130
0.663,3129
0.663,3128
0.663,3127
0.663,3126
0.663,3125
0.663,3124
0.663,3123
0.663,3122
0.663,3121
0.663,3120
0.663,3119
0.663,3118
0.663,3117
0.663,3116
0.664,3115
0.664,3114
0.664,3113
0.664,3112
0.664,3111
0.664,3110
0.664,3109
0.664,3108
0.664,3107
0.664,3106
0.664,3105
0.664,3104
0.664,3103
0.664,3102
0.664,3101
0.664,3100
0.664,3099
0.664,3098
0.665,3097
0.665,3096
0.665,3095
0.665,3094
0.665,3093
0.665,3092
0.665,3091
0.665,3090
0.665,3089
0.665,3088
0.665,3087
0.665,3086
0.666,3085
0.666,3084
0.666,3083
0.666,3082
0.666,3081
0.666,3080
0.666,3079
0.666,3078
0.666,3077
0.666,3076
0.667,3075
0.667,3074
0.667,3073
0.667,3072
0.667,3071
0.667,3070
0.667,3069
0.667,3068
0.667,3067
0.667,3066
0.667,3065
0.667,3064
0.667,3063
0.667,3062
0.667,3061
0.667,3060
0.668,3059
0.668,3058
0.668,3057
0.668,3056
0.668,3055
0.668,3054
0.668,3053
0.668,3052
0.668,3051
0.668,3050
0.668,3049
0.668,3048
0.668,3047
0.669,3046
0.669,3045
0.669,3044
0.669,3043
0.669,3042
0.669,3041
0.669,3040
0.669,3039
0.669,3038
0.669,3037
0.669,3036
0.670,3035
0.670,3034
0.670,3033
0.670,3032
0.670,3031
0.670,3030
0.670,3029
0.670,3028
0.670,3027
0.670,3026
0.670,3025
0.670,3024
0.671,3023
0.671,3022
0.671,3021
0.671,3020
0.671,3019
0.671,3018
0.671,3017
0.671,3016
0.671,3015
0.671,3014
0.671,3013
0.671,3012
0.672,3011
0.672,3010
0.672,3009
0.672,3008
0.672,3007
0.672,3006
0.672,3005
0.672,3004
0.672,3003
0.672,3002
0.672,3001
0.672,3000
0.673,2999
0.673,2998
0.673,2997
0.673,2996
0.673,2995
0.673,2994
0.673,2993
0.673,2992
0.673,2991
0.673,2990
0.673,2989
0.673,2988
0.674,2987
0.674,2986
0.674,2985
0.674,2984
0.674,2983
0.674,2982
0.674,2981
0.674,2980
0.674,2979
0.674,2978
0.674,2977
0.675,2976
0.675,2975
0.675,2974
0.675,2973
0.675,2972
0.675,2971
0.675,2970
0.675,2969
0.675,2968
0.675,2967
0.675,2966
0.675,2965
0.676,2964
0.676,2963
0.676,2962
0.676,2961
0.676,2960
0.676,2959
0.676,2958
0.676,2957
0.676,2956
0.676,2955
0.676,2954
0.676,2953
0.676,2952
0.676,2951
0.676,2950
0.676,2949
0.677,2948
0.677,2947
0.677,2946
0.677,2945
0.677,2944
0.677,2943
0.677,2942
0.677,2941
0.677,2940
0.678,2939
0.678,2938
0.678,2937
0.678,2936
0.678,2935
0.678,2934
0.678,2933
0.678,2932
0.678,2931
0.678,2930
0.678,2929
0.679,2928
0.679,2927
0.679,2926
0.679,2925
0.679,2924
0.679,2923
0.679,2922
0.679,2921
0.679,2920
0.679,2919
0.679,2918
0.679,2917
0.680,2916
0.680,2915
0.680,2914
0.680,2913
0.680,2912
0.680,2911
0.680,2910
0.680,2909
0.680,2908
0.681,2907
0.681,2906
0.681,2905
0.681,2904
0.681,2903
0.681,2902
0.681,2901
0.682,2900
0.682,2899
0.682,2898
0.682,2897
0.682,2896
0.682,2895
0.682,2894
0.682,2893
0.682,2892
0.682,2891
0.682,2890
0.682,2889
0.683,2888
0.683,2887
0.683,2886
0.683,2885
0.683,2884
0.683,2883
0.683,2882
0.683,2881
0.683,2880
0.683,2879
0.683,2878
0.683,2877
0.684,2876
0.684,2875
0.684,2874
0.684,2873
0.684,2872
0.684,2871
0.684,2870
0.684,2869
0.684,2868
0.684,2867
0.684,2866
0.684,2865
0.685,2864
0.685,2863
0.685,2862
0.685,2861
0.686,2860
0.686,2859
0.686,2858
0.686,2857
0.686,2856
0.686,2855
0.686,2854
0.686,2853
0.687,2852
0.687,2851
0.687,2850
0.687,2849
0.687,2848
0.687,2847
0.687,2846
0.688,2845
0.688,2844
0.688,2843
0.688,2842
0.688,2841
0.688,2840
0.688,2839
0.688,2838
0.688,2837
0.688,2836
0.688,2835
0.688,2834
0.688,2833
0.689,2832
0.689,2831
0.689,2830
0.689,2829
0.689,2828
0.690,2827
0.690,2826
0.690,2825
0.690,2824
0.690,2823
0.690,2822
0.690,2821
0.690,2820
0.691,2819
0.691,2818
0.691,2817
0.691,2816
0.691,2815
0.691,2814
0.691,2813
0.691,2812
0.691,2811
0.692,2810
0.692,2809
0.692,2808
0.692,2807
0.692,2806
0.692,2805
0.692,2804
0.692,2803
0.692,2802
0.692,2801
0.692,2800
0.692,2799
0.692,2798
0.693,2797
0.693,2796
0.693,2795
0.693,2794
0.693,2793
0.693,2792
0.693,2791
0.693,2790
0.693,2789
0.694,2788
0.694,2787
0.694,2786
0.694,2785
0.694,2784
0.694,2783
0.695,2782
0.695,2781
0.695,2780
0.695,2779
0.695,2778
0.695,2777
0.695,2776
0.695,2775
0.695,2774
0.696,2773
0.696,2772
0.696,2771
0.696,2770
0.696,2769
0.696,2768
0.696,2767
0.696,2766
0.696,2765
0.696,2764
0.696,2763
0.697,2762
0.697,2761
0.697,2760
0.697,2759
0.698,2758
0.698,2757
0.698,2756
0.698,2755
0.698,2754
0.698,2753
0.698,2752
0.698,2751
0.698,2750
0.698,2749
0.698,2748
0.698,2747
0.698,2746
0.699,2745
0.699,2744
0.699,2743
0.699,2742
0.699,2741
0.699,2740
0.699,2739
0.700,2738
0.700,2737
0.700,2736
0.700,2735
0.700,2734
0.700,2733
0.700,2732
0.700,2731
0.701,2730
0.701,2729
0.701,2728
0.701,2727
0.701,2726
0.701,2725
0.702,2724
0.702,2723
0.702,2722
0.702,2721
0.702,2720
0.702,2719
0.702,2718
0.702,2717
0.702,2716
0.703,2715
0.703,2714
0.703,2713
0.703,2712
0.703,2711
0.704,2710
0.704,2709
0.704,2708
0.704,2707
0.704,2706
0.704,2705
0.704,2704
0.704,2703
0.704,2702
0.705,2701
0.705,2700
0.705,2699
0.705,2698
0.706,2697
0.706,2696
0.706,2695
0.706,2694
0.706,2693
0.706,2692
0.706,2691
0.706,2690
0.706,2689
0.706,2688
0.706,2687
0.707,2686
0.707,2685
0.707,2684
0.708,2683
0.708,2682
0.708,2681
0.709,2680
0.709,2679
0.709,2678
0.709,2677
0.710,2676
0.710,2675
0.710,2674
0.710,2673
0.710,2672
0.710,2671
0.710,2670
0.710,2669
0.710,2668
0.711,2667
0.711,2666
0.712,2665
0.712,2664
0.712,2663
0.713,2662
0.713,2661
0.714,2660
0.714,2659
0.714,2658
0.714,2657
0.714,2656
0.715,2655
0.715,2654
0.715,2653
0.715,2652
0.715,2651
0.715,2650
0.716,2649
0.716,2648
0.716,2647
0.716,2646
0.717,2645
0.717,2644
0.717,2643
0.717,2642
0.717,2641
0.718,2640
0.718,2639
0.718,2638
0.718,2637
0.718,2636
0.719,2635
0.719,2634
0.719,2633
0.719,2632
0.719,2631
0.719,2630
0.719,2629
0.719,2628
0.720,2627
0.720,2626
0.720,2625
0.721,2624
0.721,2623
0.721,2622
0.721,2621
0.721,2620
0.722,2619
0.722,2618
0.722,2617
0.722,2616
0.723,2615
0.723,2614
0.723,2613
0.723,2612
0.723,2611
0.723,2610
0.723,2609
0.724,2608
0.724,2607
0.724,2606
0.724,2605
0.724,2604
0.725,2603
0.725,2602
0.725,2601
0.725,2600
0.725,2599
0.726,2598
0.726,2597
0.726,2596
0.726,2595
0.726,2594
0.726,2593
0.727,2592
0.727,2591
0.727,2590
0.727,2589
0.727,2588
0.728,2587
0.728,2586
0.728,2585
0.728,2584
0.729,2583
0.729,2582
0.729,2581
0.729,2580
0.729,2579
0.730,2578
0.730,2577
0.730,2576
0.731,2575
0.731,2574
0.731,2573
0.732,2572
0.732,2571
0.733,2570
0.733,2569
0.733,2568
0.733,2567
0.733,2566
0.733,2565
0.734,2564
0.734,2563
0.734,2562
0.734,2561
0.734,2560
0.734,2559
0.735,2558
0.735,2557
0.735,2556
0.735,2555
0.735,2554
0.736,2553
0.736,2552
0.737,2551
0.737,2550
0.737,2549
0.737,2548
0.737,2547
0.738,2546
0.738,2545
0.738,2544
0.738,2543
0.738,2542
0.738,2541
0.739,2540
0.740,2539
0.740,2538
0.740,2537
0.740,2536
0.741,2535
0.741,2534
0.742,2533
0.742,2532
0.742,2531
0.742,2530
0.742,2529
0.743,2528
0.743,2527
0.744,2526
0.744,2525
0.744,2524
0.744,2523
0.745,2522
0.745,2521
0.745,2520
0.745,2519
0.745,2518
0.746,2517
0.746,2516
0.746,2515
0.748,2514
0.748,2513
0.749,2512
0.749,2511
0.750,2510
0.750,2509
0.750,2508
0.750,2507
0.750,2506
0.750,2505
0.751,2504
0.751,2503
0.751,2502
0.751,2501
0.753,2500
0.753,2499
0.754,2498
0.754,2497
0.754,2496
0.754,2495
0.755,2494
0.756,2493
0.756,2492
0.756,2491
0.756,2490
0.756,2489
0.756,2488
0.757,2487
0.757,2486
0.757,2485
0.758,2484
0.758,2483
0.758,2482
0.758,2481
0.759,2480
0.759,2479
0.759,2478
0.759,2477
0.760,2476
0.761,2475
0.761,2474
0.762,2473
0.763,2472
0.763,2471
0.763,2470
0.764,2469
0.764,2468
0.764,2467
0.765,2466
0.766,2465
0.767,2464
0.767,2463
0.768,2462
0.768,2461
0.769,2460
0.769,2459
0.770,2458
0.770,2457
0.771,2456
0.771,2455
0.772,2454
0.773,2453
0.773,2452
0.773,2451
0.773,2450
0.773,2449
0.774,2448
0.774,2447
0.774,2446
0.775,2445
0.775,2444
0.776,2443
0.777,2442
0.777,2441
0.777,2440
0.777,2439
0.777,2438
0.778,2437
0.778,2436
0.781,2435
0.783,2434
0.783,2433
0.783,2432
0.784,2431
0.786,2430
0.787,2429
0.787,2428
0.789,2427
0.792,2426
0.792,2425
0.793,2424
0.793,2423
0.793,2422
0.798,2421
0.803,2420
0.804,2419
0.807,2418
0.809,2417
0.810,2416
0.810,2415
0.813,2414
0.820,2413
0.820,2412
0.821,2411
0.827,2410
0.830,2409
0.831,2408
0.838,2407
0.840,2406
0.851,2405
0.861,2404
0.863,2403
0.864,2402
0.865,2401
0.879,2400
0.881,2399
0.891,2398
0.915,2397
0.930,2396
