60.524,8625
60.524,8624
60.524,8623
60.524,8622
60.524,8621
60.529,8620
60.529,8619
60.529,8618
60.530,8617
60.530,8616
60.531,8615
60.531,8614
60.531,8613
60.532,8612
60.532,8611
60.532,8610
60.533,8609
60.533,8608
60.534,8607
60.534,8606
60.534,8605
60.535,8604
60.535,8603
60.535,8602
60.535,8601
60.535,8600
60.535,8599
60.535,8598
60.535,8597
60.535,8596
60.535,8595
60.535,8594
60.558,8593
60.558,8592
60.559,8591
60.559,8590
60.559,8589
60.560,8588
60.560,8587
60.560,8586
60.561,8585
60.561,8584
60.561,8583
60.561,8582
60.561,8581
60.562,8580
60.562,8579
60.562,8578
60.562,8577
60.563,8576
60.563,8575
60.563,8574
60.564,8573
60.564,8572
60.564,8571
60.565,8570
60.565,8569
60.565,8568
60.566,8567
60.566,8566
60.566,8565
60.566,8564
60.567,8563
60.567,8562
60.567,8561
60.568,8560
60.568,8559
60.568,8558
60.568,8557
60.569,8556
60.569,8555
60.569,8554
60.569,8553
60.570,8552
60.571,8551
60.571,8550
60.571,8549
60.571,8548
60.572,8547
60.572,8546
60.572,8545
60.573,8544
60.573,8543
60.573,8542
60.574,8541
60.574,8540
60.574,8539
60.574,8538
60.574,8537
60.575,8536
60.575,8535
60.576,8534
60.576,8533
60.576,8532
60.576,8531
60.576,8530
60.576,8529
60.576,8528
60.576,8527
60.576,8526
60.576,8525
60.576,8524
60.576,8523
60.576,8522
60.576,8521
60.576,8520
60.576,8519
60.576,8518
60.576,8517
60.576,8516
60.576,8515
60.576,8514
60.576,8513
60.576,8512
60.576,8511
60.576,8510
60.576,8509
60.576,8508
60.576,8507
60.576,8506
60.576,8505
60.576,8504
60.576,8503
60.576,8502
60.576,8501
60.576,8500
60.576,8499
60.576,8498
60.576,8497
60.576,8496
60.576,8495
60.576,8494
60.576,8493
60.576,8492
60.576,8491
60.576,8490
60.576,8489
60.576,8488
60.576,8487
60.576,8486
60.576,8485
60.576,8484
60.576,8483
60.576,8482
60.576,8481
60.576,8480
60.576,8479
60.591,8478
60.592,8477
60.592,8476
60.592,8475
60.593,8474
60.594,8473
60.594,8472
60.594,8471
60.595,8470
60.596,8469
60.596,8468
60.596,8467
60.596,8466
60.596,8465
60.596,8464
60.596,8463
60.596,8462
60.596,8461
60.596,8460
60.596,8459
60.596,8458
60.596,8457
60.596,8456
60.596,8455
60.596,8454
60.596,8453
60.596,8452
60.596,8451
60.596,8450
60.596,8449
60.596,8448
60.596,8447
60.596,8446
60.596,8445
60.596,8444
60.596,8443
60.596,8442
60.596,8441
60.596,8440
60.596,8439
60.596,8438
60.596,8437
60.596,8436
60.596,8435
60.596,8434
60.596,8433
60.596,8432
60.596,8431
60.596,8430
60.596,8429
60.596,8428
60.596,8427
60.596,8426
60.596,8425
60.596,8424
60.596,8423
60.596,8422
60.596,8421
60.596,8420
60.596,8419
60.596,8418
60.596,8417
60.596,8416
60.596,8415
60.596,8414
60.596,8413
60.612,8412
60.613,8411
60.613,8410
60.613,8409
60.613,8408
60.613,8407
60.614,8406
60.614,8405
60.614,8404
60.615,8403
60.615,8402
60.616,8401
60.616,8400
60.616,8399
60.616,8398
60.617,8397
60.617,8396
60.617,8395
60.617,8394
60.617,8393
60.617,8392
60.617,8391
60.617,8390
60.617,8389
60.617,8388
60.617,8387
60.617,8386
60.617,8385
60.617,8384
60.617,8383
60.617,8382
60.617,8381
60.617,8380
60.617,8379
60.617,8378
60.617,8377
60.617,8376
60.617,8375
60.617,8374
60.617,8373
60.617,8372
60.617,8371
60.617,8370
60.617,8369
60.617,8368
60.617,8367
60.617,8366
60.617,8365
60.617,8364
60.617,8363
60.617,8362
60.617,8361
60.617,8360
60.617,8359
60.617,8358
60.617,8357
60.632,8356
60.633,8355
60.633,8354
60.633,8353
60.634,8352
60.634,8351
60.634,8350
60.635,8349
60.635,8348
60.635,8347
60.636,8346
60.636,8345
60.637,8344
60.637,8343
60.637,8342
60.637,8341
60.637,8340
60.637,8339
60.637,8338
60.637,8337
60.637,8336
60.637,8335
60.637,8334
60.637,8333
60.637,8332
60.637,8331
60.637,8330
60.637,8329
60.637,8328
60.637,8327
60.637,8326
60.637,8325
60.637,8324
60.637,8323
60.637,8322
60.637,8321
60.637,8320
60.637,8319
60.637,8318
60.637,8317
60.637,8316
60.637,8315
60.637,8314
60.637,8313
60.637,8312
60.637,8311
60.637,8310
60.637,8309
60.637,8308
60.637,8307
60.637,8306
60.637,8305
60.637,8304
60.652,8303
60.652,8302
60.653,8301
60.653,8300
60.653,8299
60.654,8298
60.654,8297
60.655,8296
60.656,8295
60.656,8294
60.656,8293
60.656,8292
60.657,8291
60.657,8290
60.661,8290
60.662,8289
60.662,8288
60.662,8287
60.663,8286
60.663,8285
60.663,8284
60.664,8283
60.664,8282
60.665,8281
60.666,8280
60.666,8279
60.667,8278
60.667,8277
60.668,8276
60.668,8275
60.668,8274
60.669,8273
60.669,8272
60.669,8271
60.670,8270
60.670,8269
60.670,8268
60.670,8267
60.671,8266
60.671,8265
60.671,8264
60.672,8263
60.672,8262
60.673,8261
60.673,8260
60.674,8259
60.675,8258
60.675,8257
60.675,8256
60.676,8255
60.676,8254
60.676,8253
60.676,8252
60.677,8251
60.677,8250
60.677,8249
60.677,8248
60.677,8247
60.677,8246
60.677,8245
60.677,8244
60.677,8243
60.677,8242
60.677,8241
60.677,8240
60.677,8239
60.677,8238
60.677,8237
60.677,8236
60.677,8235
60.677,8234
60.677,8233
60.677,8232
60.677,8231
60.677,8230
60.677,8229
60.677,8228
60.677,8227
60.677,8226
60.677,8225
60.677,8224
60.677,8223
60.677,8222
60.677,8221
60.677,8220
60.677,8219
60.677,8218
60.693,8217
60.694,8216
60.694,8215
60.695,8214
60.695,8213
60.696,8212
60.696,8211
60.696,8210
60.696,8209
60.697,8208
60.697,8207
60.698,8206
60.698,8205
60.698,8204
60.698,8203
60.698,8202
60.699,8201
60.700,8200
60.700,8199
60.701,8198
60.701,8197
60.701,8196
60.702,8195
60.702,8194
60.703,8193
60.703,8192
60.704,8191
60.705,8190
60.705,8189
60.706,8188
60.706,8187
60.706,8186
60.707,8185
60.707,8184
60.708,8183
60.708,8182
60.708,8181
60.708,8180
60.708,8179
60.708,8178
60.708,8177
60.708,8176
60.708,8175
60.708,8174
60.708,8173
60.708,8172
60.708,8171
60.708,8170
60.708,8169
60.708,8168
60.708,8167
60.708,8166
60.708,8165
60.708,8164
60.708,8163
60.708,8162
60.708,8161
60.708,8160
60.708,8159
60.708,8158
60.708,8157
60.708,8156
60.708,8155
60.708,8154
60.708,8153
60.708,8152
60.708,8151
60.708,8150
60.708,8149
60.708,8148
60.708,8147
60.708,8146
60.708,8145
60.708,8144
60.725,8143
60.726,8142
60.727,8141
60.728,8140
60.728,8139
60.728,8138
60.728,8137
60.728,8136
60.728,8135
60.728,8134
60.728,8133
60.728,8132
60.728,8131
60.728,8130
60.728,8129
60.728,8128
60.728,8127
60.728,8126
60.728,8125
60.728,8124
60.728,8123
60.728,8122
60.728,8121
60.728,8120
60.728,8119
60.728,8118
60.728,8117
60.728,8116
60.728,8115
60.728,8114
60.766,8113
60.766,8112
60.766,8111
60.766,8110
60.767,8109
60.767,8108
60.768,8107
60.768,8106
60.769,8105
60.769,8104
60.770,8103
60.770,8102
60.771,8101
60.773,8100
60.773,8099
60.773,8098
60.774,8097
60.775,8096
60.775,8095
60.775,8094
60.776,8093
60.776,8092
60.776,8091
60.777,8090
60.778,8089
60.778,8088
60.779,8087
60.779,8086
60.779,8085
60.779,8084
60.779,8083
60.779,8082
60.779,8081
60.779,8080
60.779,8079
60.799,8078
60.799,8077
60.799,8076
60.799,8075
60.799,8074
60.799,8073
60.799,8072
60.799,8071
60.799,8070
60.799,8069
60.799,8068
60.799,8067
60.799,8066
60.799,8065
60.799,8064
60.799,8063
60.799,8062
60.799,8061
60.799,8060
60.799,8059
60.799,8058
60.799,8057
60.799,8056
60.799,8055
60.799,8054
60.799,8053
60.799,8052
60.799,8051
60.799,8050
60.799,8049
60.799,8048
60.799,8047
60.814,8046
60.815,8045
60.815,8044
60.815,8043
60.816,8042
60.816,8041
60.816,8040
60.817,8039
60.820,8038
60.820,8037
60.820,8036
60.820,8035
60.820,8034
60.820,8033
60.820,8032
60.820,8031
60.820,8030
60.836,8029
60.838,8028
60.839,8027
60.840,8026
60.843,8025
60.843,8024
60.846,8023
60.848,8022
60.850,8021
60.850,8020
60.850,8019
60.850,8018
60.850,8017
60.850,8016
60.850,8015
60.868,8014
60.869,8013
60.872,8012
60.873,8011
60.877,8010
60.880,8009
60.883,8008
60.885,8007
60.886,8006
60.890,8005
60.890,8004
60.890,8003
60.890,8002
60.890,8001
60.890,8000
60.890,7999
60.890,7998
60.890,7997
60.890,7996
60.890,7995
60.890,7994
60.906,7993
60.908,7992
60.911,7991
60.911,7990
60.911,7989
60.911,7988
60.911,7987
60.911,7986
60.911,7985
60.911,7984
60.911,7983
60.911,7982
60.911,7981
60.928,7980
60.931,7979
60.931,7978
60.931,7977
60.931,7976
60.931,7975
60.931,7974
60.931,7973
60.931,7972
60.931,7971
60.947,7970
60.948,7969
60.950,7968
60.952,7967
60.952,7966
60.952,7965
60.952,7964
60.952,7963
60.952,7962
60.952,7961
60.952,7960
60.952,7959
60.968,7958
60.971,7957
60.974,7956
60.979,7955
60.983,7954
60.987,7953
60.989,7952
60.990,7951
60.992,7950
60.993,7949
60.993,7948
60.993,7947
60.993,7946
60.993,7945
60.993,7944
60.993,7943
60.993,7942
60.993,7941
60.993,7940
60.993,7939
60.993,7938
60.993,7937
61.009,7936
61.011,7935
61.012,7934
61.012,7933
61.012,7932
61.012,7931
61.012,7930
61.012,7929
61.012,7928
61.012,7927
61.012,7926
61.028,7925
61.029,7924
61.032,7923
61.032,7922
61.032,7921
61.032,7920
61.032,7919
61.032,7918
61.049,7917
61.051,7916
61.053,7915
61.053,7914
61.053,7913
61.053,7912
61.053,7911
61.053,7910
61.053,7909
61.053,7908
61.053,7907
61.053,7906
61.053,7905
61.053,7904
61.073,7903
61.075,7902
61.076,7901
61.081,7900
61.082,7899
61.083,7898
61.087,7897
61.091,7896
61.092,7895
61.093,7894
61.094,7893
61.094,7892
61.094,7891
61.094,7890
61.094,7889
61.094,7888
61.094,7887
61.114,7886
61.114,7885
61.131,7884
61.132,7883
61.133,7882
61.134,7881
61.134,7880
61.134,7879
61.134,7878
61.134,7877
61.134,7876
61.134,7875
61.152,7874
61.154,7873
61.204,7872
61.208,7871
61.210,7870
61.215,7869
61.216,7868
61.216,7867
61.216,7866
61.216,7865
61.216,7864
61.253,7863
61.257,7862
61.257,7861
61.257,7860
61.257,7859
61.257,7858
61.257,7857
61.273,7856
61.275,7855
61.277,7854
61.278,7853
61.279,7852
61.282,7851
61.287,7850
61.287,7849
61.287,7848
61.287,7847
61.287,7846
61.287,7845
61.287,7844
61.287,7843
61.287,7842
61.287,7841
61.287,7840
61.304,7839
61.304,7838
61.305,7837
61.306,7836
61.307,7835
61.307,7834
61.307,7833
61.307,7832
61.307,7831
61.307,7830
61.307,7829
61.307,7828
61.307,7827
61.307,7826
61.307,7825
61.307,7824
61.328,7823
61.328,7822
61.328,7821
61.328,7820
61.328,7819
61.328,7818
61.328,7817
61.328,7816
61.343,7815
61.344,7814
61.345,7813
61.348,7812
61.363,7811
61.368,7810
61.372,7809
61.377,7808
61.384,7807
61.386,7806
61.388,7805
61.389,7804
61.396,7803
61.398,7802
61.403,7801
61.404,7800
61.405,7799
61.406,7798
61.408,7797
61.411,7796
61.413,7795
61.415,7794
61.415,7793
61.418,7792
61.419,7791
61.426,7790
61.434,7789
61.439,7788
61.445,7787
61.446,7786
61.449,7785
61.450,7784
61.455,7783
61.456,7782
61.457,7781
61.459,7780
61.461,7779
61.464,7778
61.465,7777
61.465,7776
61.466,7775
61.473,7774
61.476,7773
61.480,7772
61.481,7771
61.482,7770
61.484,7769
61.491,7768
61.493,7767
61.495,7766
61.506,7765
61.509,7764
61.510,7763
61.511,7762
61.511,7761
61.512,7760
61.513,7759
61.514,7758
61.515,7757
61.516,7756
61.516,7755
61.517,7754
61.521,7753
61.521,7752
61.521,7751
61.522,7750
61.523,7749
61.524,7748
61.525,7747
61.525,7746
61.526,7745
61.529,7744
61.532,7743
61.537,7742
61.537,7741
61.542,7740
61.542,7739
61.545,7738
61.546,7737
61.551,7736
61.551,7735
61.551,7734
61.551,7733
61.551,7732
61.551,7731
61.551,7730
61.551,7729
61.551,7728
61.551,7727
61.551,7726
61.567,7725
61.570,7724
61.572,7723
61.573,7722
61.576,7721
61.577,7720
61.578,7719
61.578,7718
61.582,7717
61.583,7716
61.583,7715
61.584,7714
61.585,7713
61.592,7712
61.592,7711
61.592,7710
61.592,7709
61.592,7708
61.592,7707
61.592,7706
61.592,7705
61.607,7704
61.612,7703
61.612,7702
61.612,7701
61.612,7700
61.612,7699
61.612,7698
61.612,7697
61.612,7696
61.632,7695
61.633,7694
61.633,7693
61.633,7692
61.633,7691
61.633,7690
61.633,7689
61.633,7688
61.649,7687
61.651,7686
61.652,7685
61.654,7684
61.655,7683
61.655,7682
61.657,7681
61.659,7680
61.660,7679
61.661,7678
61.663,7677
61.669,7676
61.671,7675
61.671,7674
61.673,7673
61.674,7672
61.676,7671
61.679,7670
61.679,7669
61.680,7668
61.680,7667
61.682,7666
61.685,7665
61.687,7664
61.688,7663
61.689,7662
61.690,7661
61.690,7660
61.690,7659
61.691,7658
61.692,7657
61.694,7656
61.697,7655
61.698,7654
61.698,7653
61.698,7652
61.701,7651
61.702,7650
61.703,7649
61.703,7648
61.703,7647
61.723,7646
61.723,7645
61.723,7644
61.723,7643
61.742,7642
61.754,7641
61.754,7640
61.754,7639
61.754,7638
61.754,7637
61.754,7636
61.754,7635
61.754,7634
61.754,7633
61.754,7632
61.770,7631
61.771,7630
61.772,7629
61.773,7628
61.773,7627
61.775,7626
61.778,7625
61.783,7624
61.783,7623
61.786,7622
61.787,7621
61.789,7620
61.789,7619
61.805,7618
61.805,7617
61.821,7616
61.822,7615
61.822,7614
61.824,7613
61.825,7612
61.825,7611
61.825,7610
61.825,7609
61.825,7608
61.825,7607
61.825,7606
61.846,7605
61.846,7604
61.846,7603
61.846,7602
61.846,7601
61.846,7600
61.846,7599
61.846,7598
61.846,7597
61.846,7596
61.846,7595
61.846,7594
61.865,7593
61.868,7592
61.871,7591
61.875,7590
61.878,7589
61.880,7588
61.884,7587
61.886,7586
61.886,7585
61.905,7584
61.909,7583
61.910,7582
61.911,7581
61.912,7580
61.916,7579
61.916,7578
61.918,7577
61.919,7576
61.919,7575
61.920,7574
61.922,7573
61.923,7572
61.924,7571
61.927,7570
61.927,7569
61.927,7568
61.927,7567
61.927,7566
61.927,7565
61.927,7564
61.927,7563
61.927,7562
61.944,7561
61.948,7560
61.948,7559
61.948,7558
61.948,7557
61.948,7556
61.966,7555
61.969,7554
61.974,7553
61.979,7552
61.985,7551
61.988,7550
61.995,7549
61.996,7548
61.998,7547
61.998,7546
61.998,7545
61.998,7544
61.998,7543
62.016,7542
62.018,7541
62.018,7540
62.018,7539
62.018,7538
62.018,7537
62.018,7536
62.018,7535
62.038,7534
62.038,7533
62.038,7532
62.060,7531
62.064,7530
62.065,7529
62.069,7528
62.075,7527
62.078,7526
62.079,7525
62.082,7524
62.087,7523
62.090,7522
62.094,7521
62.095,7520
62.097,7519
62.099,7518
62.100,7517
62.100,7516
62.100,7515
62.120,7514
62.120,7513
62.140,7512
62.141,7511
62.145,7510
62.145,7509
62.150,7508
62.150,7507
62.150,7506
62.150,7505
62.150,7504
62.166,7503
62.170,7502
62.170,7501
62.171,7500
62.174,7499
62.174,7498
62.177,7497
62.179,7496
62.179,7495
62.181,7494
62.181,7493
62.181,7492
62.181,7491
62.181,7490
62.181,7489
62.210,7488
62.211,7487
62.220,7486
62.221,7485
62.221,7484
62.221,7483
62.238,7482
62.239,7481
62.242,7480
62.242,7479
62.242,7478
62.242,7477
62.242,7476
62.258,7475
62.262,7474
62.262,7473
62.262,7472
62.262,7471
62.279,7470
62.284,7469
62.284,7468
62.288,7467
62.290,7466
62.303,7465
62.303,7464
62.321,7463
62.329,7462
62.332,7461
62.332,7460
62.333,7459
62.350,7458
62.353,7457
62.353,7456
62.353,7455
62.353,7454
62.353,7453
62.353,7452
62.381,7451
62.392,7450
62.394,7449
62.424,7448
62.435,7447
62.450,7446
62.451,7445
62.455,7444
62.455,7443
62.474,7442
62.476,7441
62.485,7440
62.486,7439
62.486,7438
62.504,7437
62.506,7436
62.506,7435
62.506,7434
62.522,7433
62.524,7432
62.526,7431
62.564,7430
62.567,7429
62.591,7428
62.597,7427
62.597,7426
62.618,7425
62.618,7424
62.638,7423
62.638,7422
62.638,7421
62.654,7420
62.654,7419
62.656,7418
62.658,7417
62.658,7416
62.658,7415
62.675,7414
62.684,7413
62.685,7412
62.692,7411
62.708,7410
62.729,7409
62.734,7408
62.739,7407
62.760,7406
62.760,7405
62.760,7405
62.760,7404
62.760,7403
62.800,7402
62.822,7401
62.831,7400
62.844,7399
62.847,7398
62.858,7397
62.878,7396
62.895,7395
62.902,7394
62.902,7393
62.932,7392
63.004,7391
63.004,7390
63.045,7389
63.045,7389
63.045,7388
63.116,7387
63.146,7386
63.146,7385
63.146,7384
63.176,7383
63.176,7382
63.244,7381
63.248,7380
63.299,7379
63.316,7378
63.318,7377
63.319,7376
63.319,7375
63.369,7374
63.370,7373
63.370,7372
63.420,7371
63.444,7370
63.468,7369
63.581,7368
63.593,7367
63.804,7366
63.928,7365
63.928,7364
63.965,7363
64.005,7362
64.010,7361
64.010,7360
64.131,7359
64.172,7358
64.243,7357
64.412,7356
64.558,7355
64.640,7354
64.709,7353
65.243,7352
