63.860,8625
63.868,8624
63.871,8623
63.873,8622
63.876,8621
63.878,8620
63.880,8619
63.881,8618
63.883,8617
63.885,8616
63.887,8615
63.888,8614
63.890,8613
63.892,8612
63.894,8611
63.894,8610
63.895,8609
63.896,8608
63.896,8607
63.897,8606
63.898,8605
63.898,8604
63.899,8603
63.899,8602
63.899,8601
63.900,8600
63.900,8599
63.900,8598
63.901,8597
63.901,8596
63.901,8595
63.901,8594
63.901,8593
63.901,8592
63.901,8591
63.901,8590
63.901,8589
63.901,8588
63.901,8587
63.901,8586
63.901,8585
63.901,8584
63.901,8583
63.901,8582
63.901,8581
63.901,8580
63.901,8579
63.901,8578
63.901,8577
63.901,8576
63.901,8575
63.901,8574
63.901,8573
63.901,8572
63.901,8571
63.901,8570
63.901,8569
63.901,8568
63.901,8567
63.901,8566
63.901,8565
63.901,8564
63.901,8563
63.901,8562
63.901,8561
63.901,8560
63.901,8559
63.901,8558
63.901,8557
63.901,8556
63.901,8555
63.901,8554
63.901,8553
63.901,8552
63.901,8551
63.901,8550
63.917,8549
63.918,8548
63.918,8547
63.918,8546
63.919,8545
63.919,8544
63.919,8543
63.920,8542
63.920,8541
63.920,8540
63.920,8539
63.921,8538
63.921,8537
63.922,8536
63.922,8535
63.922,8534
63.922,8533
63.922,8532
63.922,8531
63.922,8530
63.922,8529
63.922,8528
63.922,8527
63.922,8526
63.922,8525
63.922,8524
63.922,8523
63.922,8522
63.922,8521
63.922,8520
63.922,8519
63.922,8518
63.922,8517
63.922,8516
63.922,8515
63.922,8514
63.922,8513
63.922,8512
63.922,8511
63.922,8510
63.922,8509
63.922,8508
63.922,8507
63.922,8506
63.922,8505
63.922,8504
63.922,8503
63.922,8502
63.922,8501
63.922,8500
63.922,8499
63.922,8498
63.922,8497
63.922,8496
63.922,8495
63.922,8494
63.922,8493
63.922,8492
63.922,8491
63.922,8490
63.922,8489
63.922,8488
63.922,8487
63.922,8486
63.938,8485
63.939,8484
63.940,8483
63.940,8482
63.941,8481
63.942,8480
63.942,8479
63.943,8478
63.943,8477
63.943,8476
63.944,8475
63.944,8474
63.944,8473
63.945,8472
63.945,8471
63.945,8470
63.946,8469
63.946,8468
63.946,8467
63.946,8466
63.947,8465
63.947,8464
63.947,8463
63.947,8462
63.948,8461
63.948,8460
63.948,8459
63.948,8458
63.949,8457
63.949,8456
63.949,8455
63.950,8454
63.950,8453
63.951,8452
63.951,8451
63.952,8450
63.952,8449
63.952,8448
63.952,8447
63.952,8446
63.952,8445
63.952,8444
63.952,8443
63.952,8442
63.952,8441
63.952,8440
63.952,8439
63.952,8438
63.952,8437
63.952,8436
63.952,8435
63.952,8434
63.952,8433
63.952,8432
63.952,8431
63.952,8430
63.952,8429
63.952,8428
63.952,8427
63.952,8426
63.952,8425
63.952,8424
63.952,8423
63.952,8422
63.952,8421
63.952,8420
63.952,8419
63.952,8418
63.952,8417
63.952,8416
63.952,8415
63.952,8414
63.952,8413
63.952,8412
63.952,8411
63.952,8410
63.952,8409
63.952,8408
63.952,8407
63.952,8406
63.968,8405
63.969,8404
63.969,8403
63.970,8402
63.970,8401
63.970,8400
63.971,8399
63.971,8398
63.972,8397
63.972,8396
63.972,8395
63.973,8394
63.973,8393
63.973,8392
63.973,8391
63.974,8390
63.974,8389
63.974,8388
63.975,8387
63.975,8386
63.975,8385
63.975,8384
63.975,8383
63.976,8382
63.976,8381
63.977,8380
63.977,8379
63.978,8378
63.978,8377
63.978,8376
63.979,8375
63.979,8374
63.979,8373
63.980,8372
63.981,8371
63.981,8370
63.982,8369
63.982,8368
63.983,8367
63.983,8366
63.983,8365
63.983,8364
63.983,8363
63.983,8362
63.983,8361
63.983,8360
63.983,8359
63.983,8358
63.983,8357
63.983,8356
63.983,8355
63.983,8354
63.983,8353
63.983,8352
63.983,8351
63.983,8350
63.983,8349
63.983,8348
63.983,8347
63.983,8346
63.983,8345
63.983,8344
63.983,8343
63.983,8342
63.983,8341
63.983,8340
63.983,8339
63.983,8338
63.983,8337
63.983,8336
63.983,8335
63.983,8334
63.983,8333
63.983,8332
63.983,8331
63.983,8330
63.983,8329
63.983,8328
63.983,8327
63.999,8326
63.999,8325
64.000,8324
64.000,8323
64.001,8322
64.001,8321
64.002,8320
64.002,8319
64.002,8318
64.003,8317
64.003,8316
64.003,8315
64.003,8314
64.003,8313
64.003,8312
64.003,8311
64.003,8310
64.003,8309
64.003,8308
64.003,8307
64.003,8306
64.003,8305
64.003,8304
64.003,8303
64.003,8302
64.003,8301
64.003,8300
64.003,8299
64.003,8298
64.003,8297
64.003,8296
64.003,8295
64.003,8294
64.003,8293
64.003,8292
64.003,8291
64.003,8290
64.003,8289
64.003,8288
64.003,8287
64.003,8286
64.003,8285
64.003,8284
64.003,8283
64.003,8282
64.003,8281
64.003,8280
64.003,8279
64.003,8278
64.003,8277
64.018,8276
64.019,8275
64.020,8274
64.020,8273
64.021,8272
64.021,8271
64.021,8270
64.021,8269
64.022,8268
64.022,8267
64.023,8266
64.023,8265
64.024,8264
64.024,8263
64.024,8262
64.024,8261
64.024,8260
64.024,8259
64.024,8258
64.024,8257
64.024,8256
64.024,8255
64.024,8254
64.024,8253
64.024,8252
64.024,8251
64.024,8250
64.024,8249
64.024,8248
64.024,8247
64.024,8246
64.024,8245
64.024,8244
64.024,8243
64.024,8242
64.024,8241
64.024,8240
64.024,8239
64.024,8238
64.024,8237
64.024,8236
64.024,8235
64.024,8234
64.024,8233
64.024,8232
64.024,8231
64.024,8230
64.024,8229
64.024,8228
64.024,8227
64.024,8226
64.024,8225
64.024,8224
64.040,8223
64.041,8222
64.041,8221
64.043,8220
64.043,8219
64.044,8218
64.044,8217
64.045,8216
64.046,8215
64.046,8214
64.047,8213
64.047,8212
64.047,8211
64.049,8210
64.050,8209
64.051,8208
64.051,8207
64.052,8206
64.052,8205
64.053,8204
64.054,8203
64.054,8202
64.054,8201
64.054,8200
64.054,8199
64.054,8198
64.054,8197
64.054,8196
64.054,8195
64.054,8194
64.054,8193
64.054,8192
64.054,8191
64.054,8190
64.054,8189
64.054,8188
64.054,8187
64.054,8186
64.054,8185
64.054,8184
64.054,8183
64.054,8182
64.054,8181
64.054,8180
64.054,8179
64.054,8178
64.054,8177
64.054,8176
64.054,8175
64.054,8174
64.054,8173
64.069,8172
64.070,8171
64.070,8170
64.071,8169
64.071,8168
64.072,8167
64.073,8166
64.073,8165
64.074,8164
64.074,8163
64.074,8162
64.074,8161
64.074,8160
64.074,8159
64.074,8158
64.074,8157
64.074,8156
64.074,8155
64.074,8154
64.074,8153
64.074,8152
64.074,8151
64.074,8150
64.074,8149
64.074,8148
64.074,8147
64.074,8146
64.074,8145
64.074,8144
64.074,8143
64.074,8142
64.074,8141
64.074,8140
64.074,8139
64.074,8138
64.074,8137
64.074,8136
64.074,8135
64.074,8134
64.074,8133
64.074,8132
64.074,8131
64.090,8130
64.091,8129
64.092,8128
64.093,8127
64.093,8126
64.094,8125
64.094,8124
64.094,8123
64.094,8122
64.094,8121
64.095,8120
64.095,8119
64.095,8118
64.095,8117
64.095,8116
64.095,8115
64.095,8114
64.095,8113
64.095,8112
64.095,8111
64.095,8110
64.095,8109
64.095,8108
64.095,8107
64.095,8106
64.095,8105
64.095,8104
64.095,8103
64.095,8102
64.095,8101
64.095,8100
64.095,8099
64.095,8098
64.095,8097
64.095,8096
64.095,8095
64.095,8094
64.110,8093
64.112,8092
64.113,8091
64.113,8090
64.114,8089
64.114,8088
64.114,8087
64.114,8086
64.114,8085
64.114,8084
64.114,8083
64.114,8082
64.114,8081
64.114,8080
64.114,8079
64.114,8078
64.114,8077
64.114,8076
64.114,8075
64.114,8074
64.114,8073
64.114,8072
64.114,8071
64.114,8070
64.114,8069
64.114,8068
64.130,8067
64.131,8066
64.133,8065
64.133,8064
64.133,8063
64.134,8062
64.135,8061
64.135,8060
64.136,8059
64.136,8058
64.137,8057
64.137,8056
64.137,8055
64.137,8054
64.138,8053
64.138,8052
64.138,8051
64.139,8050
64.139,8049
64.139,8048
64.140,8047
64.141,8046
64.141,8045
64.141,8044
64.142,8043
64.142,8042
64.142,8041
64.144,8040
64.145,8039
64.149,8038
64.150,8037
64.151,8036
64.152,8035
64.153,8034
64.153,8033
64.153,8032
64.154,8031
64.155,8030
64.155,8029
64.155,8028
64.155,8027
64.155,8026
64.155,8025
64.155,8024
64.155,8023
64.155,8022
64.155,8021
64.155,8020
64.155,8019
64.155,8018
64.155,8017
64.155,8016
64.155,8015
64.155,8014
64.155,8013
64.155,8012
64.155,8011
64.155,8010
64.155,8009
64.155,8008
64.155,8007
64.155,8006
64.155,8005
64.171,8004
64.171,8003
64.172,8002
64.172,8001
64.172,8000
64.173,7999
64.173,7998
64.174,7997
64.174,7996
64.175,7995
64.176,7994
64.176,7993
64.176,7992
64.176,7991
64.176,7990
64.176,7989
64.176,7988
64.176,7987
64.176,7986
64.176,7985
64.176,7984
64.176,7983
64.176,7982
64.176,7981
64.176,7980
64.176,7979
64.176,7978
64.176,7977
64.176,7976
64.176,7975
64.176,7974
64.176,7973
64.176,7972
64.176,7971
64.176,7970
64.176,7969
64.176,7968
64.192,7967
64.192,7966
64.193,7965
64.193,7964
64.193,7963
64.193,7962
64.194,7961
64.194,7960
64.195,7959
64.195,7958
64.196,7957
64.196,7956
64.196,7955
64.196,7954
64.196,7953
64.196,7952
64.196,7951
64.196,7950
64.196,7949
64.196,7948
64.196,7947
64.196,7946
64.196,7945
64.196,7944
64.196,7943
64.196,7942
64.196,7941
64.196,7940
64.196,7939
64.196,7938
64.196,7937
64.196,7936
64.196,7935
64.196,7934
64.196,7933
64.196,7932
64.196,7931
64.212,7930
64.212,7929
64.213,7928
64.213,7927
64.214,7926
64.215,7925
64.216,7924
64.216,7923
64.216,7922
64.216,7921
64.216,7920
64.216,7919
64.216,7918
64.216,7917
64.216,7916
64.216,7915
64.216,7914
64.216,7913
64.216,7912
64.216,7911
64.216,7910
64.216,7909
64.216,7908
64.216,7907
64.216,7906
64.216,7905
64.216,7904
64.216,7903
64.216,7902
64.216,7901
64.216,7900
64.233,7899
64.240,7898
64.241,7897
64.241,7896
64.242,7895
64.243,7894
64.243,7893
64.245,7892
64.246,7891
64.247,7890
64.247,7889
64.248,7888
64.249,7887
64.251,7886
64.251,7885
64.252,7884
64.253,7883
64.254,7882
64.255,7881
64.255,7880
64.256,7879
64.256,7878
64.257,7877
64.257,7876
64.257,7875
64.257,7874
64.257,7873
64.257,7872
64.257,7871
64.257,7870
64.257,7869
64.257,7868
64.257,7867
64.257,7866
64.257,7865
64.257,7864
64.257,7863
64.257,7862
64.257,7861
64.257,7860
64.257,7859
64.272,7858
64.273,7857
64.274,7856
64.275,7855
64.276,7854
64.277,7853
64.277,7852
64.277,7851
64.277,7850
64.277,7849
64.277,7848
64.277,7847
64.277,7846
64.277,7845
64.277,7844
64.277,7843
64.277,7842
64.277,7841
64.277,7840
64.277,7839
64.277,7838
64.277,7837
64.277,7836
64.277,7835
64.277,7834
64.293,7833
64.294,7832
64.297,7831
64.298,7830
64.298,7829
64.298,7828
64.298,7827
64.298,7826
64.298,7825
64.298,7824
64.298,7823
64.298,7822
64.298,7821
64.298,7820
64.313,7819
64.314,7818
64.315,7817
64.316,7816
64.316,7815
64.317,7814
64.318,7813
64.318,7812
64.318,7811
64.318,7810
64.318,7809
64.318,7808
64.318,7807
64.318,7806
64.318,7805
64.318,7804
64.318,7803
64.318,7802
64.318,7801
64.318,7800
64.336,7799
64.338,7798
64.338,7797
64.340,7796
64.340,7795
64.342,7794
64.342,7793
64.343,7792
64.343,7791
64.344,7790
64.345,7789
64.347,7788
64.347,7787
64.348,7786
64.351,7785
64.352,7784
64.357,7783
64.357,7782
64.358,7781
64.359,7780
64.360,7779
64.360,7778
64.361,7777
64.361,7776
64.362,7775
64.362,7774
64.363,7773
64.364,7772
64.365,7771
64.366,7770
64.370,7769
64.373,7768
64.375,7767
64.375,7766
64.376,7765
64.379,7764
64.379,7763
64.379,7762
64.379,7761
64.379,7760
64.379,7759
64.379,7758
64.379,7757
64.379,7756
64.379,7755
64.379,7754
64.379,7753
64.379,7752
64.379,7751
64.379,7750
64.379,7749
64.395,7748
64.398,7747
64.398,7746
64.399,7745
64.399,7744
64.399,7743
64.399,7742
64.399,7741
64.399,7740
64.399,7739
64.399,7738
64.399,7737
64.399,7736
64.399,7735
64.399,7734
64.399,7733
64.399,7732
64.399,7731
64.399,7730
64.399,7729
64.399,7728
64.399,7727
64.415,7726
64.416,7725
64.419,7724
64.419,7723
64.419,7722
64.419,7721
64.419,7720
64.419,7719
64.419,7718
64.419,7717
64.419,7716
64.419,7715
64.419,7714
64.419,7713
64.419,7712
64.419,7711
64.419,7710
64.419,7709
64.419,7708
64.419,7707
64.419,7706
64.419,7705
64.437,7704
64.438,7703
64.440,7702
64.440,7701
64.440,7700
64.442,7699
64.443,7698
64.443,7697
64.444,7696
64.445,7695
64.445,7694
64.446,7693
64.447,7692
64.449,7691
64.449,7690
64.449,7689
64.452,7688
64.455,7687
64.460,7686
64.460,7685
64.460,7684
64.460,7683
64.460,7682
64.460,7681
64.460,7680
64.460,7679
64.476,7678
64.477,7677
64.478,7676
64.479,7675
64.481,7674
64.482,7673
64.482,7672
64.483,7671
64.484,7670
64.484,7669
64.486,7668
64.486,7667
64.487,7666
64.488,7665
64.489,7664
64.490,7663
64.490,7662
64.491,7661
64.491,7660
64.491,7659
64.491,7658
64.491,7657
64.491,7656
64.491,7655
64.491,7654
64.511,7653
64.511,7653
64.511,7652
64.511,7651
64.511,7650
64.511,7649
64.511,7648
64.511,7647
64.511,7646
64.511,7645
64.511,7644
64.511,7643
64.511,7642
64.511,7641
64.527,7640
64.531,7639
64.531,7638
64.531,7637
64.531,7636
64.531,7635
64.531,7634
64.531,7633
64.531,7632
64.531,7631
64.531,7630
64.531,7629
64.554,7628
64.557,7627
64.557,7626
64.562,7625
64.562,7624
64.562,7623
64.562,7622
64.562,7621
64.562,7620
64.562,7619
64.562,7618
64.562,7617
64.580,7616
64.581,7615
64.582,7614
64.582,7613
64.582,7612
64.582,7611
64.582,7610
64.582,7609
64.582,7608
64.582,7607
64.582,7606
64.582,7605
64.582,7604
64.582,7603
64.600,7602
64.601,7601
64.602,7600
64.603,7599
64.603,7598
64.622,7597
64.623,7596
64.623,7595
64.623,7594
64.623,7593
64.623,7592
64.623,7591
64.623,7590
64.623,7589
64.623,7588
64.639,7587
64.641,7586
64.641,7585
64.643,7584
64.643,7583
64.645,7582
64.645,7581
64.646,7580
64.651,7579
64.653,7578
64.654,7577
64.658,7576
64.662,7575
64.664,7574
64.664,7573
64.664,7572
64.664,7571
64.664,7570
64.664,7569
64.664,7568
64.664,7567
64.664,7566
64.664,7565
64.664,7564
64.682,7563
64.685,7562
64.686,7561
64.688,7560
64.691,7559
64.692,7558
64.697,7557
64.699,7556
64.708,7555
64.709,7554
64.711,7553
64.714,7552
64.714,7551
64.714,7550
64.714,7549
64.714,7548
64.733,7547
64.735,7546
64.735,7545
64.735,7544
64.735,7543
64.735,7542
64.751,7541
64.755,7540
64.760,7539
64.762,7538
64.763,7537
64.765,7536
64.765,7535
64.765,7534
64.765,7533
64.765,7532
64.765,7531
64.784,7530
64.785,7529
64.785,7528
64.785,7527
64.785,7526
64.785,7525
64.785,7524
64.785,7523
64.806,7522
64.806,7521
64.806,7520
64.806,7519
64.806,7518
64.806,7517
64.806,7516
64.806,7515
64.806,7514
64.806,7513
64.806,7512
64.822,7511
64.826,7510
64.826,7509
64.826,7508
64.844,7507
64.850,7506
64.852,7505
64.854,7504
64.857,7503
64.857,7502
64.857,7501
64.857,7500
64.874,7499
64.877,7498
64.877,7497
64.877,7496
64.877,7495
64.877,7494
64.877,7493
64.877,7492
64.893,7491
64.893,7490
64.896,7489
64.897,7488
64.897,7487
64.897,7486
64.897,7485
64.897,7484
64.914,7483
64.915,7482
64.916,7481
64.917,7480
64.917,7479
64.917,7478
64.917,7477
64.933,7476
64.938,7475
64.938,7474
64.938,7473
64.959,7472
64.961,7471
64.966,7470
64.968,7469
64.968,7468
64.968,7467
64.968,7466
64.968,7465
64.968,7464
64.968,7463
64.984,7462
64.984,7461
64.987,7460
64.988,7459
64.989,7458
64.989,7457
64.989,7456
65.008,7455
65.008,7454
65.008,7453
65.008,7452
65.008,7451
65.008,7450
65.028,7449
65.028,7448
65.029,7447
65.029,7446
65.029,7445
65.029,7444
65.029,7443
65.029,7442
65.029,7441
65.048,7440
65.059,7439
65.062,7438
65.070,7437
65.070,7436
65.070,7435
65.070,7434
65.088,7433
65.090,7432
65.106,7431
65.108,7430
65.110,7429
65.110,7428
65.110,7427
65.110,7426
65.110,7425
65.110,7424
65.110,7423
65.131,7422
65.131,7421
65.131,7420
65.150,7419
65.157,7418
65.161,7417
65.161,7416
65.161,7415
65.182,7414
65.202,7413
65.219,7412
65.233,7411
65.233,7410
65.250,7409
65.255,7408
65.263,7407
65.263,7406
65.283,7405
65.284,7404
65.284,7403
65.284,7402
65.284,7401
65.303,7400
65.321,7399
65.325,7398
65.329,7397
65.332,7396
65.334,7395
65.334,7394
65.351,7393
65.364,7392
65.380,7391
65.381,7390
65.415,7389
65.436,7388
65.466,7387
65.466,7386
65.545,7385
65.556,7384
65.561,7383
65.700,7382
65.723,7381
65.729,7380
65.741,7379
65.761,7378
65.771,7377
65.801,7376
65.858,7375
65.866,7374
65.870,7373
65.892,7372
65.892,7371
65.933,7370
65.954,7369
65.983,7368
66.005,7367
66.052,7366
66.184,7365
66.207,7364
66.248,7363
66.279,7362
66.295,7361
66.298,7360
66.299,7359
66.390,7358
66.410,7357
66.431,7356
66.560,7355
66.566,7354
66.635,7353
66.635,7352
66.732,7351
67.030,7350
67.223,7349
67.487,7348
67.579,7347
