53.667,8625
53.667,8624
53.667,8623
53.667,8622
53.667,8621
53.667,8620
53.667,8619
53.667,8618
53.667,8617
53.667,8616
53.667,8615
53.667,8614
53.667,8613
53.667,8612
53.667,8611
53.667,8610
53.667,8609
53.667,8608
53.667,8607
53.667,8606
53.683,8605
53.683,8604
53.683,8603
53.684,8602
53.684,8601
53.684,8600
53.684,8599
53.685,8598
53.685,8597
53.685,8596
53.686,8595
53.686,8594
53.687,8593
53.687,8592
53.687,8591
53.688,8590
53.688,8589
53.689,8588
53.689,8587
53.689,8586
53.690,8585
53.690,8584
53.690,8583
53.691,8582
53.691,8581
53.691,8580
53.692,8579
53.692,8578
53.692,8577
53.692,8576
53.693,8575
53.693,8574
53.693,8573
53.694,8572
53.694,8571
53.695,8570
53.695,8569
53.695,8568
53.695,8567
53.696,8566
53.696,8565
53.697,8564
53.697,8563
53.698,8562
53.698,8561
53.698,8560
53.698,8559
53.698,8558
53.698,8557
53.698,8556
53.698,8555
53.698,8554
53.698,8553
53.698,8552
53.698,8551
53.698,8550
53.698,8549
53.698,8548
53.698,8547
53.698,8546
53.698,8545
53.698,8544
53.698,8543
53.698,8542
53.698,8541
53.698,8540
53.698,8539
53.698,8538
53.698,8537
53.698,8536
53.698,8535
53.698,8534
53.698,8533
53.698,8532
53.698,8531
53.698,8530
53.698,8529
53.698,8528
53.698,8527
53.698,8526
53.698,8525
53.698,8524
53.698,8523
53.698,8522
53.698,8521
53.698,8520
53.698,8519
53.714,8518
53.714,8517
53.714,8516
53.714,8515
53.715,8514
53.715,8513
53.716,8512
53.716,8511
53.717,8510
53.717,8509
53.717,8508
53.717,8507
53.717,8506
53.717,8505
53.717,8504
53.717,8503
53.717,8502
53.717,8501
53.717,8500
53.717,8499
53.717,8498
53.717,8497
53.717,8496
53.717,8495
53.717,8494
53.717,8493
53.717,8492
53.717,8491
53.717,8490
53.743,8489
53.744,8488
53.745,8487
53.745,8486
53.746,8485
53.746,8484
53.746,8483
53.747,8482
53.747,8481
53.747,8480
53.748,8479
53.748,8478
53.748,8477
53.748,8476
53.748,8475
53.748,8474
53.748,8473
53.748,8472
53.748,8471
53.748,8470
53.748,8469
53.748,8468
53.748,8467
53.748,8466
53.748,8465
53.748,8464
53.748,8463
53.748,8462
53.748,8461
53.748,8460
53.748,8459
53.748,8458
53.748,8457
53.748,8456
53.748,8455
53.748,8454
53.748,8453
53.748,8452
53.748,8451
53.748,8450
53.748,8449
53.748,8448
53.748,8447
53.748,8446
53.748,8445
53.748,8444
53.748,8443
53.748,8442
53.748,8441
53.748,8440
53.748,8439
53.764,8438
53.764,8437
53.765,8436
53.767,8435
53.767,8434
53.768,8433
53.768,8432
53.768,8431
53.768,8430
53.768,8429
53.768,8428
53.768,8427
53.768,8426
53.768,8425
53.768,8424
53.768,8423
53.768,8422
53.768,8421
53.768,8420
53.768,8419
53.768,8418
53.768,8417
53.768,8416
53.768,8415
53.768,8414
53.768,8413
53.768,8412
53.768,8411
53.768,8410
53.768,8409
53.768,8408
53.768,8407
53.768,8406
53.768,8405
53.768,8404
53.768,8403
53.768,8402
53.768,8401
53.768,8400
53.768,8399
53.768,8398
53.785,8397
53.785,8396
53.785,8395
53.786,8394
53.786,8393
53.787,8392
53.787,8391
53.787,8390
53.788,8389
53.788,8388
53.788,8387
53.789,8386
53.789,8385
53.789,8384
53.789,8383
53.789,8382
53.789,8381
53.789,8380
53.789,8379
53.789,8378
53.789,8377
53.789,8376
53.789,8375
53.789,8374
53.789,8373
53.789,8372
53.789,8371
53.789,8370
53.789,8369
53.789,8368
53.789,8367
53.789,8366
53.789,8365
53.789,8364
53.789,8363
53.789,8362
53.789,8362
53.789,8361
53.789,8360
53.789,8359
53.789,8358
53.789,8357
53.789,8356
53.789,8355
53.806,8354
53.808,8353
53.808,8352
53.809,8351
53.809,8350
53.809,8349
53.810,8348
53.810,8347
53.810,8346
53.810,8345
53.810,8344
53.810,8343
53.810,8342
53.810,8341
53.810,8340
53.810,8339
53.810,8338
53.810,8337
53.810,8336
53.810,8335
53.810,8334
53.810,8333
53.810,8332
53.810,8331
53.810,8330
53.810,8329
53.810,8328
53.810,8327
53.810,8326
53.810,8325
53.810,8324
53.810,8323
53.810,8322
53.810,8321
53.810,8320
53.810,8319
53.810,8318
53.810,8317
53.810,8316
53.810,8315
53.825,8314
53.826,8313
53.827,8312
53.827,8311
53.828,8310
53.828,8309
53.829,8308
53.829,8307
53.829,8306
53.831,8305
53.831,8304
53.832,8303
53.838,8302
53.838,8301
53.838,8300
53.839,8299
53.839,8298
53.840,8297
53.840,8296
53.841,8295
53.841,8294
53.842,8293
53.843,8292
53.843,8291
53.844,8290
53.844,8289
53.844,8288
53.844,8287
53.845,8286
53.845,8285
53.846,8284
53.847,8283
53.847,8282
53.847,8281
53.848,8280
53.848,8279
53.849,8278
53.850,8277
53.850,8276
53.851,8275
53.851,8274
53.852,8273
53.852,8272
53.853,8271
53.853,8270
53.854,8269
53.854,8268
53.855,8267
53.855,8266
53.856,8265
53.857,8264
53.857,8263
53.858,8262
53.858,8261
53.859,8260
53.859,8259
53.860,8258
53.860,8257
53.860,8256
53.860,8255
53.861,8254
53.861,8253
53.862,8252
53.862,8251
53.863,8250
53.863,8249
53.864,8248
53.865,8247
53.866,8246
53.866,8245
53.867,8244
53.867,8243
53.868,8242
53.868,8241
53.868,8240
53.869,8239
53.869,8238
53.869,8237
53.870,8236
53.871,8235
53.871,8234
53.871,8233
53.872,8232
53.872,8231
53.873,8230
53.874,8229
53.875,8228
53.875,8227
53.876,8226
53.877,8225
53.878,8224
53.879,8223
53.880,8222
53.880,8221
53.881,8220
53.882,8219
53.882,8218
53.885,8217
53.886,8216
53.887,8215
53.888,8214
53.888,8213
53.889,8212
53.889,8211
53.890,8210
53.891,8209
53.892,8208
53.892,8207
53.892,8206
53.892,8205
53.893,8204
53.894,8203
53.894,8202
53.895,8201
53.896,8200
53.897,8199
53.898,8198
53.899,8197
53.900,8196
53.901,8195
53.902,8194
53.903,8193
53.903,8192
53.904,8191
53.905,8190
53.906,8189
53.906,8188
53.907,8187
53.907,8186
53.907,8185
53.907,8184
53.908,8183
53.909,8182
53.909,8181
53.909,8180
53.909,8179
53.910,8178
53.910,8177
53.912,8176
53.913,8175
53.914,8174
53.914,8173
53.915,8172
53.915,8171
53.916,8170
53.917,8169
53.917,8168
53.917,8167
53.918,8166
53.918,8165
53.919,8164
53.919,8163
53.920,8162
53.921,8161
53.921,8160
53.922,8159
53.922,8158
53.923,8157
53.923,8156
53.923,8155
53.924,8154
53.924,8153
53.924,8152
53.924,8151
53.925,8150
53.925,8149
53.926,8148
53.927,8147
53.928,8146
53.930,8145
53.930,8144
53.931,8143
53.931,8142
53.932,8141
53.932,8140
53.933,8139
53.933,8138
53.934,8137
53.934,8136
53.934,8135
53.935,8134
53.935,8133
53.936,8132
53.937,8131
53.937,8130
53.937,8129
53.938,8128
53.939,8127
53.941,8126
53.942,8125
53.942,8124
53.943,8123
53.950,8122
53.952,8121
53.953,8120
53.953,8119
53.954,8118
53.954,8117
53.955,8116
53.955,8115
53.955,8114
53.956,8113
53.956,8112
53.956,8111
53.957,8110
53.957,8109
53.958,8108
53.958,8107
53.958,8106
53.959,8105
53.960,8104
53.960,8103
53.960,8102
53.961,8101
53.962,8100
53.962,8099
53.962,8098
53.963,8097
53.965,8096
53.966,8095
53.966,8094
53.966,8093
53.966,8092
53.967,8091
53.969,8090
53.970,8089
53.970,8088
53.970,8087
53.972,8086
53.974,8085
53.975,8084
53.975,8083
53.976,8082
53.976,8081
53.977,8080
53.977,8079
53.978,8078
53.978,8077
53.979,8076
53.979,8075
53.980,8074
53.980,8073
53.981,8072
53.982,8071
53.983,8070
53.983,8069
53.984,8068
53.985,8067
53.986,8066
53.986,8065
53.987,8064
53.988,8063
53.988,8062
53.989,8061
53.989,8060
53.990,8059
53.991,8058
53.992,8057
53.993,8056
53.993,8055
53.994,8054
53.995,8053
53.995,8052
53.997,8051
54.000,8050
54.002,8049
54.003,8048
54.003,8047
54.004,8046
54.005,8045
54.006,8044
54.006,8043
54.007,8042
54.007,8041
54.008,8040
54.009,8039
54.010,8038
54.011,8037
54.012,8036
54.013,8035
54.014,8034
54.015,8033
54.015,8032
54.015,8031
54.016,8030
54.016,8029
54.018,8028
54.018,8027
54.018,8026
54.019,8025
54.020,8024
54.021,8023
54.021,8022
54.022,8021
54.023,8020
54.024,8019
54.026,8018
54.027,8017
54.027,8016
54.028,8015
54.028,8014
54.029,8013
54.029,8012
54.030,8011
54.031,8010
54.032,8009
54.034,8008
54.035,8007
54.035,8006
54.035,8005
54.036,8004
54.038,8003
54.039,8002
54.040,8001
54.041,8000
54.043,7999
54.043,7998
54.044,7997
54.044,7996
54.045,7995
54.045,7994
54.046,7993
54.047,7992
54.048,7991
54.049,7990
54.050,7989
54.068,7988
54.069,7987
54.069,7986
54.071,7985
54.072,7984
54.072,7983
54.073,7982
54.073,7981
54.074,7980
54.075,7979
54.076,7978
54.076,7977
54.076,7976
54.076,7975
54.077,7974
54.077,7973
54.079,7972
54.091,7971
54.092,7970
54.092,7969
54.093,7968
54.096,7967
54.097,7966
54.098,7965
54.099,7964
54.100,7963
54.101,7962
54.104,7961
54.106,7960
54.107,7959
54.107,7958
54.127,7957
54.128,7956
54.128,7955
54.129,7954
54.132,7953
54.135,7952
54.142,7951
54.142,7950
54.143,7949
54.144,7948
54.145,7947
54.147,7946
54.148,7945
54.148,7944
54.149,7943
54.150,7942
54.152,7941
54.153,7940
54.153,7939
54.155,7938
54.156,7937
54.157,7936
54.157,7935
54.159,7934
54.159,7933
54.160,7932
54.160,7931
54.160,7930
54.161,7929
54.163,7928
54.164,7927
54.164,7926
54.165,7925
54.165,7924
54.166,7923
54.167,7922
54.168,7921
54.168,7920
54.169,7919
54.169,7918
54.170,7917
54.170,7916
54.171,7915
54.171,7914
54.172,7913
54.173,7912
54.173,7911
54.173,7910
54.174,7909
54.176,7908
54.176,7907
54.178,7906
54.178,7905
54.179,7904
54.180,7903
54.181,7902
54.183,7901
54.185,7900
54.186,7899
54.187,7898
54.190,7897
54.191,7896
54.193,7895
54.194,7894
54.197,7893
54.198,7892
54.198,7891
54.200,7890
54.202,7889
54.204,7888
54.205,7887
54.207,7886
54.208,7885
54.208,7884
54.209,7883
54.210,7882
54.211,7881
54.211,7880
54.213,7879
54.214,7878
54.214,7877
54.215,7876
54.216,7875
54.217,7874
54.219,7873
54.219,7872
54.219,7871
54.221,7870
54.226,7869
54.226,7868
54.226,7867
54.226,7866
54.226,7865
54.226,7864
54.226,7863
54.226,7862
54.226,7861
54.226,7860
54.226,7859
54.226,7858
54.226,7857
54.226,7856
54.226,7855
54.242,7854
54.244,7853
54.246,7852
54.249,7851
54.256,7850
54.257,7849
54.257,7848
54.257,7847
54.257,7846
54.257,7845
54.257,7844
54.257,7843
54.257,7842
54.257,7841
54.272,7840
54.273,7839
54.273,7838
54.274,7837
54.275,7836
54.275,7835
54.276,7834
54.277,7833
54.277,7832
54.277,7831
54.277,7830
54.277,7829
54.277,7828
54.277,7827
54.277,7826
54.277,7825
54.277,7824
54.277,7823
54.277,7822
54.277,7821
54.277,7820
54.277,7819
54.277,7818
54.277,7817
54.295,7816
54.295,7815
54.296,7814
54.296,7813
54.298,7812
54.300,7811
54.301,7810
54.301,7809
54.302,7808
54.302,7807
54.303,7806
54.303,7805
54.304,7804
54.305,7803
54.306,7802
54.307,7801
54.308,7800
54.308,7799
54.308,7798
54.308,7797
54.308,7796
54.308,7795
54.308,7794
54.308,7793
54.308,7792
54.308,7791
54.308,7790
54.308,7789
54.325,7788
54.325,7787
54.326,7786
54.327,7785
54.328,7784
54.329,7783
54.332,7782
54.333,7781
54.335,7780
54.335,7779
54.336,7778
54.337,7777
54.337,7776
54.337,7775
54.337,7774
54.337,7773
54.337,7772
54.337,7771
54.337,7770
54.337,7769
54.355,7768
54.358,7767
54.358,7766
54.358,7765
54.358,7764
54.358,7763
54.358,7762
54.358,7761
54.358,7760
54.358,7759
54.358,7758
54.374,7757
54.378,7756
54.378,7755
54.378,7754
54.378,7753
54.378,7752
54.378,7751
54.378,7750
54.378,7749
54.378,7748
54.378,7747
54.378,7746
54.378,7745
54.378,7744
54.398,7743
54.398,7742
54.398,7741
54.398,7740
54.398,7739
54.398,7738
54.398,7737
54.398,7736
54.415,7735
54.417,7734
54.418,7733
54.419,7732
54.420,7731
54.422,7730
54.423,7729
54.423,7728
54.424,7727
54.427,7726
54.429,7725
54.430,7724
54.434,7723
54.435,7722
54.439,7721
54.448,7720
54.450,7719
54.451,7718
54.457,7717
54.457,7716
54.458,7715
54.458,7714
54.459,7713
54.459,7712
54.459,7711
54.460,7710
54.461,7709
54.462,7708
54.463,7707
54.464,7706
54.466,7705
54.466,7704
54.467,7703
54.467,7702
54.467,7701
54.468,7700
54.469,7699
54.470,7698
54.470,7697
54.470,7696
54.470,7695
54.470,7694
54.470,7693
54.470,7692
54.470,7691
54.470,7690
54.470,7689
54.470,7688
54.470,7687
54.470,7686
54.488,7685
54.488,7684
54.489,7683
54.490,7682
54.490,7681
54.490,7680
54.490,7679
54.490,7678
54.490,7677
54.490,7676
54.490,7675
54.490,7674
54.508,7673
54.509,7672
54.511,7671
54.514,7670
54.514,7669
54.516,7668
54.518,7667
54.520,7666
54.521,7665
54.522,7664
54.523,7663
54.526,7662
54.527,7661
54.533,7660
54.541,7659
54.541,7658
54.541,7657
54.541,7656
54.541,7655
54.541,7654
54.541,7653
54.541,7652
54.541,7651
54.541,7650
54.541,7649
54.541,7648
54.541,7647
54.541,7646
54.541,7645
54.561,7644
54.561,7643
54.561,7642
54.561,7641
54.561,7640
54.582,7639
54.582,7638
54.582,7637
54.582,7636
54.582,7635
54.582,7634
54.582,7633
54.582,7632
54.597,7631
54.602,7630
54.602,7629
54.602,7628
54.602,7627
54.602,7626
54.602,7625
54.602,7624
54.602,7623
54.618,7622
54.619,7621
54.621,7620
54.624,7619
54.628,7618
54.629,7617
54.635,7616
54.639,7615
54.642,7614
54.642,7613
54.642,7612
54.642,7611
54.662,7610
54.662,7609
54.662,7608
54.681,7607
54.682,7606
54.683,7605
54.683,7604
54.683,7603
54.683,7602
54.683,7601
54.683,7600
54.683,7599
54.700,7598
54.701,7597
54.702,7596
54.708,7595
54.708,7594
54.709,7593
54.717,7592
54.718,7591
54.720,7590
54.722,7589
54.723,7588
54.725,7587
54.726,7586
54.730,7585
54.733,7584
54.736,7583
54.739,7582
54.744,7581
54.744,7580
54.744,7579
54.744,7578
54.744,7577
54.744,7576
54.762,7575
54.764,7574
54.764,7573
54.764,7572
54.764,7571
54.764,7570
54.764,7569
54.764,7568
54.764,7567
54.764,7566
54.791,7565
54.794,7564
54.795,7563
54.803,7562
54.804,7561
54.804,7560
54.804,7559
54.804,7558
54.804,7557
54.804,7556
54.804,7555
54.828,7554
54.828,7553
54.830,7552
54.836,7551
54.836,7550
54.836,7549
54.852,7548
54.866,7547
54.866,7546
54.866,7545
54.866,7544
54.866,7543
54.882,7542
54.886,7541
54.886,7540
54.886,7539
54.903,7538
54.907,7537
54.907,7537
54.907,7536
54.907,7535
54.907,7534
54.926,7533
54.927,7532
54.927,7531
54.933,7530
54.936,7529
54.936,7528
54.937,7527
54.937,7526
54.937,7525
54.937,7524
54.937,7523
54.956,7522
54.957,7521
54.957,7520
54.984,7519
54.985,7518
54.990,7517
54.992,7516
54.994,7515
54.998,7514
54.998,7513
54.998,7512
54.998,7511
55.015,7510
55.015,7509
55.017,7508
55.018,7507
55.018,7506
55.035,7505
55.036,7504
55.042,7503
55.049,7502
55.049,7501
55.069,7500
55.077,7499
55.079,7498
55.089,7497
55.089,7496
55.089,7495
55.089,7494
55.089,7493
55.089,7492
55.089,7491
55.110,7490
55.129,7489
55.141,7488
55.141,7487
55.141,7486
55.141,7485
55.141,7484
55.156,7483
55.161,7482
55.161,7481
55.161,7480
55.161,7479
55.161,7478
55.187,7477
55.190,7476
55.191,7475
55.191,7474
55.191,7473
55.191,7472
55.211,7471
55.211,7470
55.211,7469
55.211,7468
55.229,7467
55.234,7466
55.242,7465
55.248,7464
55.252,7463
55.252,7462
55.269,7461
55.272,7460
55.272,7459
55.272,7458
55.272,7457
55.292,7456
55.293,7455
55.293,7454
55.293,7453
55.312,7452
55.313,7451
55.313,7450
55.313,7449
55.313,7448
55.339,7447
55.344,7446
55.368,7445
55.374,7444
55.374,7443
55.374,7442
55.394,7441
55.394,7440
55.394,7439
55.394,7438
55.414,7437
55.414,7436
55.414,7435
55.414,7434
55.414,7433
55.433,7432
55.447,7431
55.453,7430
55.460,7429
55.466,7428
55.480,7427
55.487,7426
55.496,7425
55.496,7424
55.496,7423
55.547,7422
55.547,7421
55.567,7420
55.583,7419
55.584,7418
55.587,7417
55.598,7416
55.598,7415
55.618,7414
55.645,7413
55.646,7412
55.648,7411
55.669,7410
55.669,7409
55.669,7408
55.695,7407
55.698,7406
55.699,7405
55.699,7404
55.699,7403
55.719,7402
55.750,7401
55.770,7400
55.795,7399
55.801,7398
55.801,7397
55.819,7396
55.862,7395
55.862,7394
55.899,7393
55.904,7392
55.912,7391
55.912,7390
55.931,7389
55.942,7388
55.958,7387
55.983,7386
55.983,7385
56.001,7384
56.014,7383
56.014,7382
56.014,7381
56.071,7380
56.105,7379
56.133,7378
56.166,7377
56.166,7376
56.288,7375
56.349,7374
56.381,7373
56.410,7372
56.522,7371
56.572,7370
56.588,7369
56.615,7368
56.631,7367
56.632,7366
56.640,7365
56.675,7364
56.694,7363
56.806,7362
56.817,7361
56.837,7360
56.929,7359
56.956,7358
57.060,7357
57.152,7356
57.222,7355
57.281,7354
57.284,7353
57.351,7352
57.425,7352
57.458,7351
57.466,7350
57.505,7349
57.507,7348
57.962,7347
58.342,7346
58.346,7345
58.827,7344
