61.458,8625
61.475,8624
61.475,8623
61.475,8622
61.475,8621
61.476,8620
61.476,8619
61.476,8618
61.476,8617
61.476,8616
61.477,8615
61.477,8614
61.477,8613
61.477,8612
61.477,8611
61.478,8610
61.478,8609
61.478,8608
61.478,8607
61.478,8606
61.479,8605
61.479,8604
61.479,8603
61.479,8602
61.479,8601
61.480,8600
61.480,8599
61.480,8598
61.480,8597
61.480,8596
61.480,8595
61.480,8594
61.481,8593
61.481,8592
61.481,8591
61.482,8590
61.482,8589
61.482,8588
61.482,8587
61.482,8586
61.483,8585
61.483,8584
61.483,8583
61.483,8582
61.484,8581
61.484,8580
61.484,8579
61.484,8578
61.485,8577
61.485,8576
61.485,8575
61.485,8574
61.485,8573
61.486,8572
61.486,8571
61.486,8570
61.486,8569
61.487,8568
61.487,8567
61.487,8566
61.487,8565
61.488,8564
61.488,8563
61.488,8562
61.488,8561
61.489,8560
61.489,8559
61.489,8558
61.490,8557
61.490,8556
61.490,8555
61.490,8554
61.490,8553
61.491,8552
61.491,8551
61.492,8550
61.493,8549
61.493,8548
61.493,8547
61.493,8546
61.494,8545
61.494,8544
61.494,8543
61.494,8542
61.495,8541
61.495,8540
61.495,8539
61.496,8538
61.496,8537
61.496,8536
61.496,8535
61.496,8534
61.497,8533
61.497,8532
61.497,8531
61.498,8530
61.498,8529
61.499,8528
61.499,8527
61.500,8526
61.500,8525
61.500,8524
61.500,8523
61.500,8522
61.501,8521
61.501,8520
61.501,8519
61.501,8518
61.502,8517
61.502,8516
61.502,8515
61.502,8514
61.503,8513
61.503,8512
61.503,8511
61.503,8510
61.504,8509
61.504,8508
61.504,8507
61.504,8506
61.504,8505
61.505,8504
61.505,8503
61.505,8502
61.505,8501
61.506,8500
61.506,8499
61.506,8498
61.506,8497
61.506,8496
61.507,8495
61.507,8494
61.507,8493
61.507,8492
61.507,8491
61.508,8490
61.508,8489
61.508,8488
61.509,8487
61.509,8486
61.509,8485
61.511,8484
61.511,8483
61.512,8482
61.512,8481
61.512,8480
61.513,8479
61.513,8478
61.513,8477
61.513,8476
61.513,8475
61.514,8474
61.515,8473
61.515,8472
61.515,8471
61.515,8470
61.515,8469
61.515,8468
61.516,8467
61.516,8466
61.516,8465
61.516,8464
61.517,8463
61.517,8462
61.517,8461
61.517,8460
61.517,8459
61.518,8458
61.518,8457
61.519,8456
61.519,8455
61.519,8454
61.519,8453
61.519,8452
61.520,8451
61.520,8450
61.521,8449
61.521,8448
61.521,8447
61.522,8446
61.522,8445
61.522,8444
61.523,8443
61.523,8442
61.523,8441
61.523,8440
61.524,8439
61.524,8438
61.524,8437
61.524,8436
61.524,8435
61.525,8434
61.525,8433
61.525,8432
61.525,8431
61.525,8430
61.526,8429
61.526,8428
61.527,8427
61.527,8426
61.527,8425
61.528,8424
61.528,8423
61.528,8422
61.528,8421
61.528,8420
61.528,8419
61.529,8418
61.529,8417
61.531,8416
61.531,8415
61.531,8414
61.531,8413
61.531,8412
61.531,8411
61.531,8410
61.531,8409
61.531,8408
61.531,8407
61.531,8406
61.531,8405
61.531,8404
61.531,8403
61.531,8402
61.531,8401
61.531,8400
61.531,8399
61.531,8398
61.531,8397
61.531,8396
61.531,8395
61.531,8394
61.531,8393
61.531,8392
61.531,8391
61.531,8390
61.531,8389
61.531,8388
61.531,8387
61.531,8386
61.531,8385
61.531,8384
61.531,8383
61.531,8382
61.531,8381
61.531,8380
61.546,8379
61.546,8378
61.547,8377
61.547,8376
61.547,8375
61.547,8374
61.548,8373
61.548,8372
61.548,8371
61.548,8370
61.549,8369
61.549,8368
61.549,8367
61.550,8366
61.550,8365
61.550,8364
61.550,8363
61.551,8362
61.551,8361
61.551,8360
61.552,8359
61.552,8358
61.552,8357
61.553,8356
61.553,8355
61.553,8354
61.553,8353
61.554,8352
61.554,8351
61.554,8350
61.555,8349
61.555,8348
61.556,8347
61.556,8346
61.556,8345
61.557,8344
61.557,8343
61.557,8342
61.557,8341
61.557,8340
61.557,8339
61.558,8338
61.558,8337
61.558,8336
61.559,8335
61.559,8334
61.559,8333
61.560,8332
61.560,8331
61.560,8330
61.560,8329
61.560,8328
61.561,8327
61.561,8326
61.561,8325
61.562,8324
61.562,8323
61.562,8322
61.562,8321
61.563,8320
61.563,8319
61.563,8318
61.564,8317
61.564,8316
61.564,8315
61.571,8314
61.572,8313
61.572,8312
61.572,8311
61.572,8310
61.572,8309
61.573,8308
61.573,8307
61.573,8306
61.573,8305
61.574,8304
61.575,8303
61.575,8302
61.576,8301
61.576,8300
61.576,8300
61.576,8299
61.577,8298
61.577,8297
61.577,8296
61.577,8295
61.577,8294
61.578,8293
61.578,8292
61.578,8291
61.579,8290
61.579,8289
61.579,8288
61.580,8287
61.580,8286
61.580,8285
61.581,8284
61.581,8283
61.581,8282
61.581,8281
61.581,8280
61.582,8279
61.582,8278
61.582,8277
61.582,8276
61.582,8275
61.582,8274
61.582,8273
61.582,8272
61.582,8271
61.582,8270
61.582,8269
61.582,8268
61.582,8267
61.582,8266
61.582,8265
61.582,8264
61.582,8263
61.582,8262
61.582,8261
61.582,8260
61.582,8259
61.582,8258
61.582,8257
61.582,8256
61.582,8255
61.582,8254
61.582,8253
61.582,8252
61.582,8251
61.582,8250
61.582,8249
61.582,8248
61.582,8247
61.582,8246
61.582,8245
61.582,8244
61.582,8243
61.582,8242
61.582,8241
61.582,8240
61.582,8239
61.597,8238
61.598,8237
61.598,8236
61.599,8235
61.599,8234
61.599,8233
61.599,8232
61.599,8231
61.599,8230
61.600,8229
61.600,8228
61.600,8227
61.601,8226
61.601,8225
61.602,8224
61.602,8223
61.602,8222
61.602,8221
61.603,8220
61.603,8219
61.603,8218
61.604,8217
61.605,8216
61.605,8215
61.605,8214
61.606,8213
61.606,8212
61.607,8211
61.607,8210
61.608,8209
61.608,8208
61.608,8207
61.609,8206
61.609,8205
61.609,8204
61.609,8203
61.610,8202
61.610,8201
61.610,8200
61.611,8199
61.611,8198
61.611,8197
61.611,8196
61.611,8195
61.611,8194
61.611,8193
61.611,8192
61.611,8191
61.611,8190
61.611,8189
61.611,8188
61.611,8187
61.611,8186
61.611,8185
61.611,8184
61.611,8183
61.611,8182
61.611,8181
61.611,8180
61.611,8179
61.611,8178
61.611,8177
61.611,8176
61.611,8175
61.611,8174
61.611,8173
61.611,8172
61.611,8171
61.611,8170
61.611,8169
61.611,8168
61.611,8167
61.611,8166
61.611,8165
61.611,8164
61.611,8163
61.611,8162
61.611,8161
61.611,8160
61.611,8159
61.611,8158
61.611,8157
61.611,8156
61.611,8155
61.627,8154
61.628,8153
61.628,8152
61.628,8151
61.629,8150
61.629,8149
61.630,8148
61.630,8147
61.631,8146
61.631,8145
61.631,8144
61.631,8143
61.632,8142
61.632,8141
61.632,8140
61.632,8139
61.632,8138
61.632,8137
61.632,8136
61.632,8135
61.632,8134
61.632,8133
61.632,8132
61.632,8131
61.632,8130
61.632,8129
61.632,8128
61.632,8127
61.632,8126
61.632,8125
61.632,8124
61.632,8123
61.632,8122
61.632,8121
61.632,8120
61.632,8119
61.632,8118
61.632,8117
61.632,8116
61.632,8115
61.632,8114
61.632,8113
61.632,8112
61.632,8111
61.632,8110
61.632,8109
61.632,8108
61.632,8107
61.632,8106
61.632,8105
61.632,8104
61.632,8103
61.632,8102
61.649,8101
61.649,8100
61.649,8099
61.649,8098
61.650,8097
61.651,8096
61.652,8095
61.652,8094
61.652,8093
61.652,8092
61.652,8091
61.652,8090
61.652,8089
61.652,8088
61.652,8087
61.652,8086
61.652,8085
61.652,8084
61.652,8083
61.652,8082
61.652,8081
61.652,8080
61.652,8079
61.652,8078
61.652,8077
61.652,8076
61.652,8075
61.652,8074
61.652,8073
61.652,8072
61.673,8071
61.673,8070
61.674,8069
61.674,8068
61.676,8067
61.676,8066
61.676,8065
61.677,8064
61.677,8063
61.678,8062
61.678,8061
61.678,8060
61.680,8059
61.681,8058
61.681,8057
61.681,8056
61.682,8055
61.683,8054
61.686,8053
61.686,8052
61.687,8051
61.687,8050
61.688,8049
61.691,8048
61.692,8047
61.693,8046
61.696,8045
61.697,8044
61.697,8043
61.697,8042
61.698,8041
61.699,8040
61.700,8039
61.700,8038
61.700,8037
61.701,8036
61.701,8035
61.702,8034
61.703,8033
61.703,8032
61.703,8031
61.703,8030
61.703,8029
61.703,8028
61.703,8027
61.703,8026
61.703,8025
61.703,8024
61.703,8023
61.703,8022
61.703,8021
61.703,8020
61.703,8019
61.703,8018
61.703,8017
61.703,8016
61.703,8015
61.703,8014
61.703,8013
61.703,8012
61.703,8011
61.703,8010
61.703,8009
61.703,8008
61.703,8007
61.719,8006
61.719,8005
61.720,8004
61.720,8003
61.721,8002
61.721,8001
61.722,8000
61.722,7999
61.723,7998
61.724,7997
61.724,7996
61.724,7995
61.727,7994
61.728,7993
61.730,7992
61.733,7991
61.734,7990
61.734,7989
61.734,7988
61.734,7987
61.734,7986
61.734,7985
61.734,7984
61.734,7983
61.734,7982
61.734,7981
61.734,7980
61.734,7979
61.734,7978
61.734,7977
61.734,7976
61.734,7975
61.734,7974
61.734,7973
61.734,7972
61.734,7971
61.734,7970
61.750,7969
61.750,7968
61.750,7967
61.750,7966
61.751,7965
61.751,7964
61.751,7963
61.752,7962
61.753,7961
61.753,7960
61.753,7959
61.754,7958
61.756,7957
61.757,7956
61.758,7955
61.759,7954
61.760,7953
61.760,7952
61.761,7951
61.762,7950
61.762,7949
61.764,7948
61.764,7947
61.765,7946
61.769,7945
61.769,7944
61.769,7943
61.770,7942
61.771,7941
61.772,7940
61.772,7939
61.773,7938
61.773,7937
61.774,7936
61.775,7935
61.775,7934
61.775,7933
61.776,7932
61.777,7931
61.778,7930
61.783,7929
61.783,7928
61.785,7927
61.785,7926
61.785,7925
61.785,7924
61.785,7923
61.785,7922
61.785,7921
61.785,7920
61.785,7919
61.785,7918
61.785,7917
61.785,7916
61.785,7915
61.785,7914
61.785,7913
61.785,7912
61.785,7911
61.801,7910
61.803,7909
61.803,7908
61.804,7907
61.805,7906
61.805,7905
61.805,7904
61.805,7903
61.805,7902
61.805,7901
61.805,7900
61.805,7899
61.805,7898
61.805,7897
61.805,7896
61.805,7895
61.805,7894
61.805,7893
61.805,7892
61.805,7891
61.805,7890
61.805,7889
61.805,7888
61.805,7887
61.805,7886
61.805,7885
61.821,7884
61.822,7883
61.822,7882
61.822,7881
61.823,7880
61.823,7879
61.823,7878
61.824,7877
61.824,7876
61.827,7875
61.827,7874
61.827,7873
61.828,7872
61.828,7871
61.829,7870
61.829,7869
61.831,7868
61.834,7867
61.835,7866
61.835,7865
61.835,7864
61.835,7863
61.835,7862
61.835,7861
61.835,7860
61.835,7859
61.835,7858
61.835,7857
61.835,7856
61.835,7855
61.835,7854
61.835,7853
61.851,7852
61.852,7851
61.852,7850
61.853,7849
61.853,7848
61.854,7847
61.855,7846
61.855,7845
61.856,7844
61.856,7843
61.856,7842
61.856,7841
61.856,7840
61.856,7839
61.856,7838
61.856,7837
61.856,7836
61.856,7835
61.856,7834
61.856,7833
61.856,7832
61.856,7831
61.856,7830
61.856,7829
61.872,7828
61.873,7827
61.873,7826
61.874,7825
61.875,7824
61.877,7823
61.884,7822
61.886,7821
61.886,7820
61.886,7819
61.886,7818
61.886,7817
61.886,7816
61.886,7815
61.886,7814
61.886,7813
61.886,7812
61.886,7811
61.886,7810
61.886,7809
61.886,7808
61.886,7807
61.886,7806
61.886,7805
61.886,7804
61.886,7803
61.886,7802
61.903,7801
61.903,7800
61.904,7799
61.904,7798
61.904,7797
61.904,7796
61.905,7795
61.906,7794
61.906,7793
61.907,7792
61.907,7791
61.907,7790
61.907,7789
61.907,7788
61.907,7787
61.907,7786
61.907,7785
61.907,7784
61.907,7783
61.907,7782
61.927,7781
61.927,7780
61.927,7779
61.927,7778
61.927,7777
61.927,7776
61.927,7775
61.927,7774
61.927,7773
61.927,7772
61.927,7771
61.927,7770
61.927,7769
61.927,7768
61.942,7767
61.944,7766
61.944,7765
61.945,7764
61.946,7763
61.951,7762
61.951,7761
61.952,7760
61.952,7759
61.954,7758
61.956,7757
61.957,7756
61.957,7755
61.957,7754
61.957,7753
61.957,7752
61.957,7751
61.957,7750
61.957,7749
61.957,7748
61.957,7747
61.957,7746
61.957,7745
61.957,7744
61.957,7743
61.957,7742
61.957,7741
61.957,7740
61.957,7739
61.974,7738
61.974,7737
61.975,7736
61.976,7735
61.978,7734
61.980,7733
61.982,7732
61.982,7731
61.983,7730
61.985,7729
61.986,7728
61.986,7727
61.988,7726
61.988,7725
61.988,7724
61.988,7723
61.988,7722
61.988,7721
62.005,7720
62.005,7719
62.006,7718
62.008,7717
62.008,7716
62.008,7715
62.008,7714
62.008,7713
62.008,7712
62.008,7711
62.008,7710
62.008,7709
62.008,7708
62.008,7707
62.008,7706
62.025,7705
62.027,7704
62.030,7703
62.032,7702
62.034,7701
62.034,7700
62.037,7699
62.038,7698
62.038,7697
62.038,7696
62.038,7695
62.038,7694
62.038,7693
62.038,7692
62.038,7691
62.038,7690
62.054,7689
62.055,7688
62.056,7687
62.057,7686
62.059,7685
62.059,7684
62.059,7683
62.060,7682
62.060,7681
62.062,7680
62.064,7679
62.064,7678
62.066,7677
62.067,7676
62.068,7675
62.068,7674
62.069,7673
62.069,7672
62.070,7671
62.072,7670
62.073,7669
62.075,7668
62.075,7667
62.076,7666
62.079,7665
62.079,7664
62.079,7663
62.079,7662
62.079,7661
62.079,7660
62.079,7659
62.079,7658
62.079,7657
62.079,7656
62.079,7655
62.095,7654
62.096,7653
62.097,7652
62.099,7651
62.099,7650
62.099,7649
62.099,7648
62.099,7647
62.099,7646
62.099,7645
62.099,7644
62.099,7643
62.099,7642
62.099,7641
62.099,7640
62.099,7639
62.099,7638
62.099,7637
62.099,7636
62.116,7635
62.118,7634
62.119,7633
62.119,7632
62.120,7631
62.120,7630
62.120,7629
62.120,7628
62.120,7627
62.120,7626
62.120,7625
62.120,7624
62.120,7623
62.136,7622
62.136,7621
62.137,7620
62.140,7619
62.140,7618
62.140,7617
62.140,7616
62.140,7615
62.140,7614
62.156,7613
62.157,7612
62.157,7611
62.158,7610
62.158,7609
62.159,7608
62.161,7607
62.161,7606
62.161,7605
62.161,7604
62.161,7603
62.161,7602
62.161,7601
62.161,7600
62.161,7599
62.161,7598
62.161,7597
62.161,7596
62.181,7595
62.187,7594
62.189,7593
62.190,7592
62.191,7591
62.191,7590
62.191,7589
62.191,7588
62.191,7587
62.191,7586
62.191,7585
62.191,7584
62.191,7583
62.208,7582
62.209,7581
62.212,7580
62.212,7579
62.213,7578
62.216,7577
62.218,7576
62.219,7575
62.221,7574
62.222,7573
62.224,7572
62.225,7571
62.227,7570
62.229,7569
62.229,7568
62.229,7567
62.233,7566
62.234,7565
62.235,7564
62.236,7563
62.237,7562
62.238,7561
62.241,7560
62.242,7559
62.242,7558
62.242,7557
62.242,7556
62.242,7555
62.258,7554
62.259,7553
62.262,7552
62.262,7551
62.262,7550
62.262,7549
62.262,7548
62.262,7547
62.262,7546
62.262,7545
62.262,7544
62.262,7543
62.262,7542
62.277,7541
62.278,7540
62.279,7539
62.280,7538
62.281,7537
62.282,7536
62.283,7535
62.285,7534
62.287,7533
62.291,7532
62.292,7531
62.292,7530
62.292,7529
62.311,7528
62.313,7527
62.313,7526
62.313,7525
62.313,7524
62.313,7523
62.335,7522
62.338,7521
62.339,7520
62.340,7519
62.343,7518
62.343,7517
62.343,7516
62.343,7515
62.343,7514
62.343,7513
62.343,7512
62.343,7511
62.359,7510
62.360,7509
62.362,7508
62.363,7507
62.363,7506
62.363,7505
62.363,7504
62.363,7503
62.363,7502
62.363,7501
62.380,7500
62.382,7499
62.385,7498
62.396,7497
62.399,7496
62.404,7495
62.404,7494
62.404,7493
62.404,7492
62.404,7491
62.404,7490
62.404,7489
62.404,7488
62.404,7487
62.425,7486
62.425,7485
62.425,7484
62.444,7483
62.445,7482
62.445,7481
62.445,7480
62.445,7479
62.445,7478
62.445,7477
62.481,7476
62.486,7475
62.489,7474
62.491,7473
62.494,7472
62.495,7471
62.495,7470
62.495,7469
62.514,7468
62.515,7467
62.537,7466
62.541,7465
62.544,7464
62.546,7463
62.546,7462
62.546,7461
62.546,7460
62.546,7459
62.546,7458
62.562,7457
62.566,7456
62.566,7455
62.566,7454
62.585,7453
62.586,7452
62.589,7451
62.589,7450
62.590,7449
62.591,7448
62.592,7447
62.596,7446
62.597,7445
62.598,7444
62.598,7443
62.617,7442
62.617,7441
62.617,7440
62.617,7439
62.638,7438
62.658,7437
62.658,7436
62.658,7435
62.658,7434
62.658,7433
62.677,7432
62.679,7431
62.680,7430
62.684,7429
62.685,7428
62.687,7427
62.689,7426
62.689,7425
62.709,7424
62.728,7423
62.729,7422
62.729,7421
62.729,7420
62.746,7419
62.750,7418
62.750,7417
62.750,7416
62.750,7415
62.770,7414
62.770,7413
62.770,7412
62.787,7411
62.795,7410
62.800,7409
62.800,7408
62.816,7407
62.821,7406
62.823,7405
62.825,7404
62.826,7403
62.827,7402
62.828,7401
62.861,7400
62.866,7399
62.872,7398
62.872,7397
62.872,7396
62.889,7395
62.903,7394
62.907,7393
62.911,7392
62.912,7391
62.912,7390
62.933,7389
62.960,7388
62.962,7387
62.971,7386
62.971,7385
62.972,7384
62.972,7383
62.973,7382
62.998,7381
63.000,7380
63.003,7379
63.024,7378
63.045,7377
63.054,7376
63.075,7375
63.093,7374
63.095,7373
63.126,7372
63.126,7371
63.126,7370
63.167,7369
63.184,7368
63.194,7367
63.200,7366
63.227,7365
63.247,7364
63.278,7363
63.326,7362
63.329,7361
63.349,7360
63.430,7359
63.451,7358
63.451,7357
63.522,7356
63.603,7355
63.705,7354
63.837,7353
63.927,7352
63.949,7351
64.000,7350
64.070,7349
64.125,7348
64.152,7347
64.273,7346
64.354,7345
64.373,7344
