58.930,8625
58.930,8624
58.930,8623
58.930,8622
58.930,8621
58.930,8620
58.930,8619
58.930,8618
58.930,8617
58.930,8616
58.930,8615
58.930,8614
58.930,8613
58.930,8612
58.930,8611
58.930,8610
58.930,8609
58.930,8608
58.930,8607
58.930,8606
58.930,8605
58.930,8604
58.930,8603
58.930,8602
58.930,8601
58.930,8600
58.930,8599
58.930,8598
58.930,8597
58.930,8596
58.947,8595
58.947,8594
58.947,8593
58.948,8592
58.948,8591
58.949,8590
58.949,8589
58.949,8588
58.950,8587
58.950,8586
58.950,8585
58.950,8584
58.950,8583
58.950,8582
58.950,8581
58.950,8580
58.950,8579
58.950,8578
58.950,8577
58.950,8576
58.950,8575
58.950,8574
58.950,8573
58.950,8572
58.950,8571
58.950,8570
58.950,8569
58.950,8568
58.950,8567
58.950,8566
58.950,8565
58.950,8564
58.950,8563
58.950,8562
58.950,8561
58.950,8560
58.950,8559
58.950,8558
58.950,8557
58.950,8556
58.950,8555
58.950,8554
58.950,8553
58.950,8552
58.950,8551
58.950,8550
58.950,8549
58.950,8548
58.950,8547
58.966,8546
58.966,8545
58.966,8544
58.967,8543
58.967,8542
58.967,8541
58.967,8540
58.969,8539
58.969,8538
58.969,8537
58.969,8536
58.970,8535
58.970,8534
58.970,8533
58.971,8532
58.971,8531
58.971,8530
58.971,8529
58.971,8528
58.971,8527
58.971,8526
58.971,8525
58.971,8524
58.971,8523
58.971,8522
58.971,8521
58.971,8520
58.971,8519
58.971,8518
58.971,8517
58.971,8516
58.971,8515
58.971,8514
58.971,8513
58.971,8512
58.971,8511
58.971,8510
58.971,8509
58.971,8508
58.971,8507
58.971,8506
58.971,8505
58.971,8504
58.971,8503
58.971,8502
58.971,8501
58.971,8500
58.971,8499
58.971,8498
58.971,8497
58.971,8496
58.971,8495
58.971,8494
58.971,8493
58.971,8492
58.987,8491
58.987,8490
58.987,8489
58.988,8488
58.988,8487
58.988,8486
58.989,8485
58.990,8484
58.990,8483
58.990,8482
58.991,8481
58.991,8480
58.991,8479
58.991,8478
58.991,8477
58.991,8476
58.991,8475
58.991,8474
58.991,8473
58.991,8472
58.991,8471
58.991,8470
58.991,8469
58.991,8468
58.991,8467
58.991,8466
58.991,8465
58.991,8464
58.991,8463
58.991,8462
58.991,8461
58.991,8460
58.991,8459
58.991,8458
58.991,8457
58.991,8456
58.991,8455
58.991,8454
58.991,8453
58.991,8452
58.991,8451
58.991,8450
58.991,8449
58.991,8448
58.991,8447
59.007,8446
59.008,8445
59.008,8444
59.008,8443
59.009,8442
59.009,8441
59.010,8440
59.010,8439
59.010,8438
59.011,8437
59.011,8436
59.012,8435
59.012,8434
59.012,8433
59.013,8432
59.014,8431
59.014,8430
59.014,8429
59.015,8428
59.015,8427
59.015,8426
59.016,8425
59.016,8424
59.021,8423
59.021,8422
59.022,8421
59.022,8420
59.023,8419
59.024,8418
59.025,8417
59.025,8416
59.026,8415
59.028,8414
59.028,8413
59.028,8412
59.029,8411
59.029,8410
59.030,8409
59.031,8408
59.031,8407
59.031,8406
59.032,8405
59.032,8404
59.032,8403
59.032,8402
59.032,8401
59.032,8400
59.032,8399
59.032,8398
59.032,8397
59.032,8396
59.032,8395
59.032,8394
59.032,8393
59.032,8392
59.032,8391
59.032,8390
59.032,8389
59.032,8388
59.032,8387
59.032,8386
59.032,8385
59.032,8384
59.032,8383
59.032,8382
59.032,8381
59.048,8380
59.049,8379
59.050,8378
59.050,8377
59.051,8376
59.052,8375
59.052,8374
59.052,8373
59.052,8372
59.052,8371
59.052,8370
59.052,8369
59.052,8368
59.052,8367
59.052,8366
59.052,8365
59.052,8364
59.052,8363
59.052,8362
59.052,8361
59.052,8360
59.052,8359
59.052,8358
59.052,8357
59.052,8356
59.052,8355
59.052,8354
59.052,8353
59.052,8352
59.052,8351
59.052,8350
59.052,8349
59.068,8348
59.068,8347
59.069,8346
59.069,8345
59.070,8344
59.070,8343
59.070,8342
59.071,8341
59.071,8340
59.072,8339
59.073,8338
59.073,8337
59.073,8336
59.073,8335
59.073,8334
59.073,8333
59.073,8332
59.073,8331
59.073,8330
59.073,8329
59.073,8328
59.073,8327
59.073,8326
59.073,8325
59.073,8324
59.073,8323
59.073,8322
59.073,8321
59.073,8320
59.073,8319
59.073,8318
59.073,8317
59.073,8316
59.073,8315
59.073,8314
59.073,8313
59.089,8312
59.089,8311
59.090,8310
59.090,8309
59.091,8308
59.091,8307
59.092,8306
59.092,8305
59.092,8304
59.092,8303
59.110,8302
59.110,8301
59.111,8300
59.112,8299
59.112,8298
59.113,8297
59.113,8296
59.114,8295
59.114,8294
59.115,8293
59.117,8292
59.117,8291
59.118,8290
59.118,8289
59.119,8288
59.119,8287
59.121,8286
59.121,8285
59.122,8284
59.122,8283
59.123,8282
59.123,8281
59.124,8280
59.125,8279
59.126,8278
59.126,8277
59.127,8276
59.127,8275
59.128,8274
59.128,8273
59.129,8272
59.129,8271
59.130,8270
59.130,8269
59.130,8268
59.131,8267
59.131,8266
59.132,8265
59.132,8264
59.133,8263
59.133,8262
59.134,8261
59.134,8260
59.134,8259
59.134,8258
59.134,8257
59.134,8256
59.134,8255
59.134,8254
59.134,8253
59.134,8252
59.134,8251
59.134,8250
59.134,8249
59.134,8248
59.134,8247
59.134,8246
59.134,8245
59.134,8244
59.134,8243
59.134,8242
59.134,8241
59.134,8240
59.134,8239
59.134,8238
59.134,8237
59.134,8236
59.134,8235
59.134,8234
59.134,8233
59.149,8232
59.150,8231
59.151,8230
59.151,8229
59.152,8228
59.152,8227
59.153,8226
59.153,8225
59.153,8224
59.153,8223
59.153,8222
59.153,8221
59.153,8220
59.153,8219
59.153,8218
59.153,8217
59.153,8216
59.153,8215
59.153,8214
59.153,8213
59.153,8212
59.153,8211
59.153,8210
59.170,8209
59.171,8208
59.171,8207
59.172,8206
59.172,8205
59.174,8204
59.174,8203
59.176,8202
59.176,8201
59.176,8200
59.176,8199
59.178,8198
59.178,8197
59.179,8196
59.179,8195
59.180,8194
59.180,8193
59.181,8192
59.181,8191
59.181,8190
59.182,8189
59.182,8188
59.183,8187
59.183,8186
59.184,8185
59.184,8184
59.184,8183
59.184,8182
59.184,8181
59.184,8180
59.184,8179
59.184,8178
59.184,8177
59.184,8176
59.200,8175
59.201,8174
59.202,8173
59.202,8172
59.204,8171
59.204,8170
59.204,8169
59.204,8168
59.204,8167
59.204,8166
59.204,8165
59.204,8164
59.204,8163
59.204,8162
59.204,8161
59.204,8160
59.204,8159
59.204,8158
59.204,8157
59.204,8156
59.204,8155
59.204,8154
59.204,8153
59.204,8152
59.204,8151
59.204,8150
59.204,8149
59.204,8148
59.204,8147
59.220,8146
59.221,8145
59.222,8144
59.222,8143
59.223,8142
59.224,8141
59.224,8140
59.224,8139
59.225,8138
59.225,8137
59.226,8136
59.226,8135
59.226,8134
59.227,8133
59.228,8132
59.228,8131
59.230,8130
59.230,8129
59.230,8128
59.230,8127
59.231,8126
59.232,8125
59.232,8124
59.232,8123
59.233,8122
59.234,8121
59.234,8120
59.234,8119
59.235,8118
59.235,8117
59.235,8116
59.235,8115
59.235,8114
59.235,8113
59.235,8112
59.235,8111
59.235,8110
59.235,8109
59.235,8108
59.235,8107
59.235,8106
59.235,8105
59.235,8104
59.235,8103
59.235,8102
59.235,8101
59.235,8100
59.235,8099
59.251,8098
59.251,8097
59.252,8096
59.252,8095
59.254,8094
59.254,8093
59.255,8092
59.255,8091
59.255,8090
59.255,8089
59.255,8088
59.255,8087
59.255,8086
59.255,8085
59.255,8084
59.255,8083
59.255,8082
59.255,8081
59.255,8080
59.255,8079
59.255,8078
59.255,8077
59.255,8076
59.255,8075
59.255,8074
59.255,8073
59.255,8072
59.255,8071
59.255,8070
59.255,8069
59.255,8068
59.255,8067
59.272,8066
59.275,8065
59.275,8064
59.277,8063
59.278,8062
59.279,8061
59.282,8060
59.283,8059
59.284,8058
59.285,8057
59.285,8056
59.285,8055
59.286,8054
59.286,8053
59.286,8052
59.286,8051
59.286,8050
59.286,8049
59.286,8048
59.286,8047
59.286,8046
59.286,8045
59.286,8044
59.286,8043
59.286,8042
59.286,8041
59.286,8040
59.286,8039
59.286,8038
59.286,8037
59.286,8036
59.286,8035
59.286,8034
59.301,8033
59.302,8032
59.303,8031
59.304,8030
59.304,8029
59.305,8028
59.305,8027
59.305,8026
59.305,8025
59.305,8024
59.305,8023
59.305,8022
59.305,8021
59.305,8020
59.305,8019
59.305,8018
59.305,8017
59.305,8016
59.305,8015
59.305,8014
59.305,8013
59.305,8012
59.305,8011
59.305,8010
59.305,8009
59.305,8008
59.305,8007
59.305,8006
59.305,8005
59.322,8004
59.324,8003
59.327,8002
59.327,8001
59.328,8000
59.332,7999
59.333,7998
59.333,7997
59.334,7996
59.336,7995
59.336,7994
59.336,7993
59.336,7992
59.336,7991
59.336,7990
59.336,7989
59.336,7988
59.336,7987
59.336,7986
59.336,7985
59.336,7984
59.336,7983
59.336,7982
59.336,7981
59.336,7980
59.336,7979
59.353,7978
59.353,7977
59.354,7976
59.355,7975
59.355,7974
59.357,7973
59.357,7972
59.357,7971
59.357,7970
59.357,7969
59.357,7968
59.357,7967
59.357,7966
59.357,7965
59.357,7964
59.357,7963
59.357,7962
59.372,7961
59.373,7960
59.373,7959
59.377,7958
59.377,7957
59.377,7956
59.377,7955
59.377,7954
59.377,7953
59.377,7952
59.377,7951
59.377,7950
59.377,7949
59.377,7948
59.377,7947
59.377,7946
59.394,7945
59.395,7944
59.396,7943
59.397,7942
59.398,7941
59.398,7940
59.398,7939
59.398,7938
59.398,7937
59.398,7936
59.398,7935
59.398,7934
59.398,7933
59.398,7932
59.398,7931
59.398,7930
59.398,7929
59.414,7928
59.414,7927
59.419,7926
59.419,7925
59.421,7924
59.421,7923
59.422,7922
59.427,7921
59.428,7920
59.430,7919
59.430,7918
59.431,7917
59.432,7916
59.432,7915
59.434,7914
59.434,7913
59.435,7912
59.437,7911
59.438,7910
59.438,7909
59.438,7908
59.438,7907
59.438,7906
59.438,7905
59.438,7904
59.438,7903
59.438,7902
59.438,7901
59.438,7900
59.438,7899
59.455,7898
59.455,7897
59.456,7896
59.457,7895
59.458,7894
59.458,7893
59.458,7892
59.461,7891
59.462,7890
59.463,7889
59.467,7888
59.467,7887
59.468,7886
59.468,7885
59.469,7884
59.469,7883
59.469,7882
59.469,7881
59.469,7880
59.469,7879
59.469,7878
59.469,7877
59.469,7876
59.469,7875
59.469,7874
59.469,7873
59.469,7872
59.469,7871
59.469,7870
59.469,7869
59.469,7868
59.486,7867
59.488,7866
59.489,7865
59.489,7864
59.489,7863
59.489,7862
59.489,7861
59.489,7860
59.489,7859
59.489,7858
59.489,7857
59.489,7856
59.489,7855
59.489,7854
59.506,7853
59.508,7852
59.508,7851
59.509,7850
59.509,7849
59.509,7848
59.509,7847
59.509,7846
59.509,7845
59.509,7844
59.509,7843
59.509,7842
59.509,7841
59.509,7840
59.509,7839
59.509,7838
59.509,7837
59.509,7836
59.509,7835
59.529,7834
59.531,7833
59.532,7832
59.533,7831
59.534,7830
59.534,7829
59.537,7828
59.537,7827
59.540,7826
59.542,7825
59.545,7824
59.548,7823
59.550,7822
59.550,7821
59.550,7820
59.550,7819
59.550,7818
59.550,7817
59.550,7816
59.550,7815
59.550,7814
59.550,7813
59.550,7812
59.567,7811
59.567,7810
59.569,7809
59.570,7808
59.570,7807
59.570,7806
59.570,7805
59.570,7804
59.587,7803
59.587,7802
59.589,7801
59.591,7800
59.592,7799
59.592,7798
59.597,7797
59.599,7796
59.600,7795
59.601,7794
59.601,7793
59.601,7792
59.601,7791
59.616,7790
59.617,7789
59.618,7788
59.619,7787
59.622,7786
59.631,7785
59.631,7784
59.631,7783
59.631,7782
59.631,7781
59.631,7780
59.631,7779
59.631,7778
59.649,7777
59.649,7776
59.651,7775
59.651,7774
59.667,7773
59.670,7772
59.670,7771
59.671,7770
59.672,7769
59.672,7768
59.674,7767
59.707,7766
59.708,7765
59.711,7764
59.713,7763
59.713,7762
59.713,7761
59.713,7760
59.713,7759
59.729,7758
59.735,7757
59.736,7756
59.742,7755
59.742,7754
59.742,7753
59.742,7752
59.759,7751
59.763,7750
59.763,7749
59.763,7748
59.763,7747
59.763,7746
59.763,7745
59.763,7744
59.783,7743
59.783,7742
59.800,7741
59.802,7740
59.804,7739
59.804,7738
59.804,7737
59.804,7736
59.804,7735
59.804,7734
59.826,7733
59.832,7732
59.833,7731
59.834,7730
59.834,7729
59.834,7728
59.834,7727
59.834,7726
59.834,7725
59.834,7724
59.834,7723
59.834,7722
59.851,7721
59.853,7720
59.855,7719
59.855,7718
59.855,7717
59.855,7716
59.855,7715
59.855,7714
59.855,7713
59.872,7712
59.874,7711
59.875,7710
59.875,7709
59.875,7708
59.875,7707
59.875,7706
59.875,7705
59.875,7704
59.875,7703
59.875,7702
59.892,7701
59.893,7700
59.895,7699
59.895,7698
59.895,7697
59.895,7696
59.895,7695
59.895,7694
59.895,7693
59.895,7692
59.895,7691
59.895,7690
59.895,7689
59.911,7688
59.912,7687
59.914,7686
59.914,7685
59.914,7684
59.915,7683
59.915,7682
59.915,7681
59.931,7680
59.933,7679
59.934,7678
59.935,7677
59.938,7676
59.939,7675
59.939,7674
59.942,7673
59.944,7672
59.945,7671
59.947,7670
59.948,7669
59.949,7668
59.950,7667
59.956,7666
59.956,7665
59.956,7664
59.956,7663
59.956,7662
59.956,7661
59.956,7660
59.956,7659
59.956,7658
59.973,7657
59.973,7656
59.973,7655
59.974,7654
59.977,7653
59.977,7652
59.977,7651
59.977,7650
59.977,7649
59.977,7648
59.995,7647
59.995,7646
59.995,7645
59.997,7644
59.997,7643
59.997,7642
59.997,7641
59.997,7640
59.997,7639
59.997,7638
59.997,7637
59.997,7636
60.013,7635
60.016,7634
60.017,7633
60.017,7632
60.017,7631
60.017,7630
60.017,7629
60.017,7628
60.017,7627
60.041,7626
60.046,7625
60.048,7624
60.048,7623
60.048,7622
60.048,7621
60.048,7620
60.048,7619
60.048,7618
60.048,7617
60.048,7616
60.048,7615
60.065,7614
60.066,7613
60.068,7612
60.068,7611
60.068,7610
60.068,7609
60.068,7608
60.068,7607
60.068,7606
60.068,7605
60.068,7604
60.068,7603
60.087,7602
60.089,7601
60.089,7600
60.089,7599
60.089,7598
60.112,7597
60.112,7596
60.115,7595
60.119,7594
60.119,7593
60.119,7592
60.119,7591
60.119,7590
60.136,7589
60.137,7588
60.139,7587
60.141,7586
60.146,7585
60.147,7584
60.150,7583
60.150,7582
60.150,7581
60.150,7580
60.150,7579
60.150,7578
60.176,7577
60.178,7576
60.180,7575
60.181,7574
60.188,7573
60.190,7572
60.190,7571
60.190,7570
60.207,7569
60.210,7568
60.210,7567
60.210,7566
60.210,7565
60.210,7564
60.210,7563
60.210,7562
60.210,7561
60.210,7560
60.210,7559
60.228,7558
60.232,7557
60.234,7556
60.237,7555
60.241,7554
60.241,7553
60.241,7552
60.241,7551
60.258,7550
60.261,7549
60.261,7548
60.261,7547
60.261,7546
60.280,7545
60.281,7544
60.281,7543
60.281,7542
60.281,7541
60.281,7540
60.281,7539
60.305,7538
60.307,7537
60.312,7536
60.315,7535
60.316,7534
60.322,7533
60.322,7532
60.322,7531
60.322,7530
60.338,7529
60.341,7528
60.342,7527
60.343,7526
60.349,7525
60.352,7524
60.353,7523
60.353,7522
60.353,7521
60.353,7520
60.373,7519
60.373,7518
60.389,7517
60.390,7516
60.391,7515
60.392,7514
60.392,7513
60.398,7512
60.400,7511
60.404,7510
60.404,7509
60.404,7508
60.404,7507
60.404,7506
60.421,7505
60.441,7504
60.457,7503
60.462,7502
60.486,7501
60.504,7501
60.513,7500
60.514,7499
60.522,7498
60.525,7497
60.544,7496
60.551,7495
60.554,7494
60.557,7493
60.577,7492
60.579,7491
60.596,7490
60.596,7489
60.596,7488
60.596,7487
60.613,7486
60.614,7485
60.617,7484
60.617,7483
60.617,7482
60.617,7481
60.617,7480
60.634,7479
60.641,7478
60.642,7477
60.658,7476
60.658,7475
60.658,7474
60.658,7473
60.678,7472
60.699,7471
60.708,7470
60.712,7469
60.715,7468
60.715,7467
60.716,7466
60.717,7465
60.718,7464
60.725,7463
60.728,7462
60.728,7461
60.728,7460
60.728,7459
60.759,7458
60.765,7457
60.769,7456
60.769,7455
60.789,7454
60.789,7453
60.810,7452
60.810,7451
60.810,7450
60.826,7449
60.830,7448
60.830,7447
60.830,7446
60.848,7445
60.861,7444
60.861,7443
60.861,7442
60.884,7441
60.891,7440
60.891,7439
60.911,7438
60.911,7437
60.927,7436
60.929,7435
60.932,7434
60.932,7433
60.956,7432
60.962,7431
60.962,7430
60.962,7429
60.979,7428
60.982,7427
61.003,7426
61.003,7425
61.040,7424
61.041,7423
61.053,7422
61.053,7421
61.079,7420
61.080,7419
61.082,7418
61.082,7417
61.084,7416
61.105,7415
61.114,7414
61.135,7413
61.135,7412
61.156,7411
61.165,7410
61.206,7409
61.229,7408
61.237,7407
61.253,7406
61.267,7405
61.267,7404
61.284,7403
61.287,7402
61.358,7401
61.378,7400
61.378,7399
61.408,7398
61.409,7397
61.409,7396
61.426,7395
61.426,7394
61.429,7393
61.477,7392
61.479,7391
61.500,7390
61.531,7389
61.531,7388
61.562,7387
61.563,7386
61.581,7385
61.581,7384
61.603,7383
61.616,7382
61.661,7381
61.734,7380
61.761,7379
61.764,7378
61.852,7377
61.876,7376
61.876,7375
61.896,7374
61.967,7373
61.968,7372
62.028,7371
62.161,7370
62.161,7369
62.243,7368
62.293,7367
62.313,7366
62.349,7365
62.384,7364
62.432,7363
62.472,7362
62.771,7361
62.821,7360
62.923,7359
62.923,7358
62.942,7357
63.014,7356
63.187,7355
63.228,7354
63.470,7353
63.511,7352
63.939,7351
64.219,7350
64.619,7349
