56.462,8625
56.462,8624
56.462,8623
56.462,8622
56.462,8621
56.462,8620
56.462,8619
56.462,8618
56.462,8617
56.462,8616
56.462,8615
56.462,8614
56.462,8613
56.462,8612
56.462,8611
56.462,8610
56.462,8609
56.462,8608
56.462,8607
56.462,8606
56.462,8605
56.462,8604
56.462,8603
56.478,8602
56.478,8601
56.478,8600
56.478,8599
56.479,8598
56.479,8597
56.479,8596
56.480,8595
56.480,8594
56.480,8593
56.481,8592
56.481,8591
56.481,8590
56.481,8589
56.482,8588
56.482,8587
56.482,8586
56.482,8585
56.482,8584
56.482,8583
56.482,8582
56.482,8581
56.482,8580
56.482,8579
56.482,8578
56.482,8577
56.482,8576
56.482,8575
56.482,8574
56.482,8573
56.482,8572
56.482,8571
56.482,8570
56.482,8569
56.482,8568
56.482,8567
56.482,8566
56.482,8565
56.482,8564
56.482,8563
56.482,8562
56.482,8561
56.482,8560
56.482,8559
56.482,8558
56.482,8557
56.482,8556
56.482,8555
56.482,8554
56.482,8553
56.482,8552
56.482,8551
56.482,8550
56.482,8549
56.482,8548
56.482,8547
56.502,8546
56.503,8545
56.503,8544
56.503,8543
56.503,8542
56.503,8541
56.503,8540
56.503,8539
56.503,8538
56.503,8537
56.503,8536
56.503,8535
56.503,8534
56.503,8533
56.503,8532
56.503,8531
56.503,8530
56.503,8529
56.503,8528
56.503,8527
56.503,8526
56.503,8525
56.503,8524
56.503,8523
56.503,8522
56.503,8521
56.503,8520
56.503,8519
56.503,8518
56.503,8517
56.503,8516
56.503,8515
56.503,8514
56.503,8513
56.503,8512
56.503,8511
56.503,8510
56.503,8509
56.503,8508
56.503,8507
56.503,8506
56.503,8505
56.503,8504
56.503,8503
56.503,8502
56.503,8501
56.503,8500
56.503,8499
56.503,8498
56.503,8497
56.503,8496
56.503,8495
56.519,8494
56.519,8493
56.519,8492
56.520,8491
56.520,8490
56.520,8489
56.520,8488
56.521,8487
56.521,8486
56.522,8485
56.522,8484
56.523,8483
56.523,8482
56.523,8481
56.524,8480
56.524,8479
56.524,8478
56.525,8477
56.525,8476
56.525,8475
56.526,8474
56.526,8473
56.527,8472
56.527,8471
56.527,8470
56.528,8469
56.529,8468
56.529,8467
56.529,8466
56.530,8465
56.530,8464
56.530,8463
56.531,8462
56.531,8461
56.531,8460
56.531,8459
56.532,8458
56.532,8457
56.533,8456
56.533,8455
56.533,8454
56.533,8453
56.534,8452
56.534,8451
56.534,8450
56.535,8449
56.535,8448
56.536,8447
56.536,8446
56.537,8445
56.537,8444
56.538,8443
56.538,8442
56.538,8441
56.539,8440
56.540,8439
56.540,8438
56.541,8437
56.541,8436
56.541,8435
56.542,8434
56.542,8433
56.542,8432
56.543,8431
56.543,8430
56.543,8429
56.543,8428
56.543,8427
56.543,8426
56.543,8425
56.543,8424
56.543,8423
56.543,8422
56.543,8421
56.543,8420
56.543,8419
56.543,8418
56.543,8417
56.543,8416
56.543,8415
56.543,8414
56.543,8413
56.543,8412
56.543,8411
56.543,8410
56.543,8409
56.543,8408
56.543,8407
56.543,8406
56.543,8405
56.543,8404
56.543,8403
56.543,8402
56.543,8401
56.543,8400
56.543,8399
56.543,8398
56.543,8397
56.543,8396
56.543,8395
56.558,8394
56.559,8393
56.571,8392
56.572,8391
56.572,8390
56.583,8389
56.584,8388
56.584,8387
56.585,8386
56.585,8385
56.586,8384
56.586,8383
56.586,8382
56.587,8381
56.596,8380
56.597,8379
56.597,8378
56.597,8377
56.598,8376
56.599,8375
56.599,8374
56.599,8373
56.600,8372
56.600,8371
56.601,8370
56.601,8369
56.602,8368
56.602,8367
56.603,8366
56.603,8365
56.603,8364
56.604,8363
56.604,8362
56.604,8361
56.604,8360
56.604,8359
56.604,8358
56.604,8357
56.604,8356
56.604,8355
56.604,8354
56.604,8353
56.604,8352
56.604,8351
56.604,8350
56.604,8349
56.604,8348
56.604,8347
56.604,8346
56.604,8345
56.604,8344
56.604,8343
56.604,8342
56.604,8341
56.604,8340
56.604,8339
56.604,8338
56.604,8337
56.604,8336
56.604,8335
56.604,8334
56.604,8333
56.604,8332
56.604,8331
56.604,8330
56.604,8329
56.604,8328
56.604,8327
56.604,8326
56.621,8325
56.621,8324
56.622,8323
56.622,8322
56.623,8321
56.623,8320
56.624,8319
56.625,8318
56.625,8317
56.625,8316
56.625,8315
56.625,8314
56.625,8313
56.625,8312
56.625,8311
56.625,8310
56.625,8309
56.625,8308
56.625,8307
56.625,8306
56.625,8305
56.625,8304
56.625,8303
56.625,8302
56.625,8301
56.625,8300
56.625,8299
56.625,8298
56.625,8297
56.625,8296
56.625,8295
56.625,8294
56.625,8293
56.625,8292
56.625,8291
56.625,8290
56.625,8289
56.625,8288
56.625,8287
56.625,8286
56.625,8285
56.625,8284
56.640,8283
56.641,8282
56.641,8281
56.641,8280
56.642,8279
56.642,8278
56.643,8277
56.644,8276
56.644,8275
56.644,8274
56.645,8273
56.645,8272
56.645,8271
56.645,8270
56.645,8269
56.645,8268
56.645,8267
56.645,8266
56.645,8265
56.645,8264
56.645,8263
56.645,8262
56.645,8261
56.645,8260
56.645,8259
56.645,8258
56.645,8257
56.645,8256
56.645,8255
56.645,8254
56.645,8253
56.645,8252
56.645,8251
56.645,8250
56.645,8249
56.645,8248
56.645,8247
56.645,8246
56.645,8245
56.645,8244
56.645,8243
56.645,8242
56.645,8241
56.645,8240
56.645,8239
56.645,8238
56.645,8237
56.645,8236
56.660,8235
56.661,8234
56.661,8233
56.662,8232
56.663,8231
56.663,8230
56.663,8229
56.664,8228
56.664,8227
56.664,8226
56.665,8225
56.665,8224
56.665,8223
56.666,8222
56.666,8221
56.666,8220
56.666,8219
56.666,8218
56.667,8217
56.667,8216
56.668,8215
56.668,8214
56.669,8213
56.669,8212
56.670,8211
56.671,8210
56.671,8209
56.672,8208
56.672,8207
56.673,8206
56.673,8205
56.674,8204
56.674,8203
56.675,8202
56.675,8201
56.675,8200
56.675,8199
56.675,8198
56.675,8197
56.675,8196
56.675,8195
56.675,8194
56.675,8193
56.675,8192
56.675,8191
56.675,8190
56.675,8189
56.675,8188
56.675,8187
56.675,8186
56.675,8185
56.675,8184
56.691,8183
56.692,8182
56.692,8181
56.692,8180
56.693,8179
56.694,8178
56.695,8177
56.695,8176
56.695,8175
56.695,8174
56.695,8173
56.695,8172
56.695,8171
56.695,8170
56.695,8169
56.695,8168
56.695,8167
56.695,8166
56.695,8165
56.695,8164
56.695,8163
56.695,8162
56.695,8161
56.695,8160
56.695,8159
56.695,8158
56.695,8157
56.695,8156
56.695,8155
56.695,8154
56.695,8153
56.695,8152
56.695,8151
56.695,8150
56.695,8149
56.695,8148
56.695,8147
56.711,8146
56.712,8145
56.712,8144
56.712,8143
56.713,8142
56.713,8141
56.714,8140
56.714,8139
56.715,8138
56.715,8137
56.716,8136
56.716,8135
56.716,8134
56.716,8133
56.716,8132
56.716,8131
56.716,8130
56.716,8129
56.716,8128
56.716,8127
56.716,8126
56.716,8125
56.716,8124
56.716,8123
56.716,8122
56.716,8121
56.716,8120
56.716,8119
56.716,8118
56.716,8117
56.716,8116
56.716,8115
56.716,8114
56.716,8113
56.716,8112
56.716,8111
56.732,8110
56.732,8109
56.733,8108
56.733,8107
56.733,8106
56.734,8105
56.734,8104
56.735,8103
56.735,8102
56.735,8101
56.736,8100
56.736,8099
56.736,8098
56.736,8097
56.736,8096
56.736,8095
56.736,8094
56.736,8093
56.736,8092
56.736,8091
56.736,8090
56.736,8089
56.736,8088
56.736,8087
56.736,8086
56.736,8085
56.736,8084
56.736,8083
56.736,8082
56.736,8081
56.736,8080
56.736,8079
56.736,8078
56.736,8077
56.736,8076
56.736,8075
56.755,8074
56.755,8073
56.758,8072
56.759,8071
56.759,8070
56.760,8069
56.761,8068
56.762,8067
56.763,8066
56.764,8065
56.765,8064
56.767,8063
56.767,8062
56.767,8061
56.767,8060
56.767,8059
56.767,8058
56.767,8057
56.767,8056
56.767,8055
56.767,8054
56.767,8053
56.767,8052
56.767,8051
56.767,8050
56.767,8049
56.767,8048
56.767,8047
56.782,8046
56.783,8045
56.783,8044
56.784,8043
56.785,8042
56.786,8041
56.786,8040
56.786,8039
56.786,8038
56.786,8037
56.786,8036
56.786,8035
56.786,8034
56.786,8033
56.786,8032
56.786,8031
56.786,8030
56.786,8029
56.786,8028
56.786,8027
56.786,8026
56.786,8025
56.786,8024
56.803,8023
56.803,8022
56.804,8021
56.804,8020
56.805,8019
56.806,8018
56.807,8017
56.807,8016
56.807,8015
56.807,8014
56.807,8013
56.807,8012
56.807,8011
56.807,8010
56.807,8009
56.807,8008
56.807,8007
56.807,8006
56.807,8005
56.807,8004
56.807,8003
56.807,8002
56.807,8001
56.807,8000
56.807,7999
56.807,7998
56.807,7997
56.807,7996
56.825,7995
56.826,7994
56.827,7993
56.828,7992
56.828,7991
56.829,7990
56.832,7989
56.832,7988
56.833,7987
56.834,7986
56.834,7985
56.834,7984
56.835,7983
56.836,7982
56.837,7981
56.838,7980
56.838,7979
56.838,7978
56.838,7977
56.838,7976
56.838,7975
56.838,7974
56.838,7973
56.838,7972
56.838,7971
56.838,7970
56.838,7969
56.855,7968
56.856,7967
56.856,7966
56.856,7965
56.857,7964
56.859,7963
56.860,7962
56.862,7961
56.863,7960
56.863,7959
56.865,7958
56.866,7957
56.867,7956
56.867,7955
56.868,7954
56.868,7953
56.869,7952
56.869,7951
56.869,7950
56.869,7949
56.869,7948
56.869,7947
56.869,7946
56.869,7945
56.869,7944
56.869,7943
56.869,7942
56.869,7941
56.869,7940
56.869,7939
56.869,7938
56.869,7937
56.885,7936
56.885,7935
56.887,7934
56.887,7933
56.888,7932
56.888,7931
56.890,7930
56.891,7929
56.894,7928
56.894,7927
56.895,7926
56.895,7925
56.897,7924
56.898,7923
56.899,7922
56.899,7921
56.899,7920
56.899,7919
56.899,7918
56.899,7917
56.899,7916
56.899,7915
56.899,7914
56.899,7913
56.899,7912
56.899,7911
56.899,7910
56.899,7909
56.899,7908
56.899,7907
56.899,7906
56.899,7905
56.899,7904
56.899,7903
56.899,7902
56.899,7901
56.899,7900
56.916,7899
56.917,7898
56.918,7897
56.918,7896
56.918,7895
56.920,7894
56.926,7893
56.926,7892
56.927,7891
56.927,7890
56.927,7889
56.928,7888
56.930,7887
56.931,7886
56.931,7885
56.936,7884
56.936,7883
56.938,7882
56.939,7881
56.940,7880
56.940,7879
56.940,7878
56.941,7877
56.942,7876
56.942,7875
56.945,7874
56.945,7873
56.947,7872
56.947,7871
56.948,7870
56.948,7869
56.949,7868
56.951,7867
56.952,7866
56.953,7865
56.955,7864
56.956,7863
56.957,7862
56.958,7861
56.958,7860
56.958,7859
56.960,7858
56.961,7857
56.962,7856
56.966,7855
56.968,7854
56.968,7853
56.968,7852
56.970,7851
56.970,7850
56.970,7849
56.970,7848
56.970,7847
56.970,7846
56.970,7845
56.970,7844
56.970,7843
56.970,7842
56.970,7841
56.987,7840
56.988,7839
56.989,7838
56.990,7837
56.990,7836
56.990,7835
56.990,7834
56.990,7833
56.990,7832
56.990,7831
56.990,7830
56.990,7829
56.990,7828
56.990,7827
56.990,7826
56.990,7825
56.990,7824
56.990,7823
57.010,7822
57.010,7821
57.010,7820
57.011,7819
57.013,7818
57.013,7817
57.013,7816
57.014,7815
57.015,7814
57.016,7813
57.017,7812
57.017,7811
57.017,7810
57.018,7809
57.019,7808
57.020,7807
57.020,7806
57.021,7805
57.021,7804
57.021,7803
57.021,7802
57.021,7801
57.021,7800
57.021,7799
57.021,7798
57.021,7797
57.037,7796
57.038,7795
57.040,7794
57.040,7793
57.041,7792
57.041,7791
57.041,7790
57.041,7789
57.041,7788
57.041,7787
57.041,7786
57.041,7785
57.041,7784
57.058,7783
57.058,7782
57.059,7781
57.060,7780
57.062,7779
57.063,7778
57.064,7777
57.064,7776
57.064,7775
57.065,7774
57.066,7773
57.067,7772
57.068,7771
57.068,7770
57.070,7769
57.072,7768
57.072,7767
57.072,7766
57.072,7765
57.072,7764
57.072,7763
57.072,7762
57.072,7761
57.072,7760
57.072,7759
57.090,7758
57.091,7757
57.091,7756
57.091,7755
57.091,7754
57.091,7753
57.091,7752
57.091,7751
57.091,7750
57.091,7749
57.091,7748
57.091,7747
57.091,7746
57.091,7745
57.091,7744
57.091,7743
57.091,7742
57.091,7741
57.091,7740
57.091,7739
57.109,7738
57.111,7737
57.112,7736
57.112,7735
57.112,7734
57.112,7733
57.112,7732
57.112,7731
57.112,7730
57.112,7729
57.112,7728
57.112,7727
57.112,7726
57.112,7725
57.129,7724
57.129,7723
57.132,7722
57.132,7721
57.132,7720
57.132,7719
57.132,7718
57.132,7717
57.132,7716
57.132,7715
57.132,7714
57.132,7713
57.132,7712
57.132,7711
57.148,7710
57.148,7709
57.148,7708
57.149,7707
57.149,7706
57.151,7705
57.152,7704
57.153,7703
57.155,7702
57.156,7701
57.160,7700
57.162,7699
57.168,7698
57.168,7697
57.168,7696
57.171,7695
57.172,7694
57.172,7693
57.173,7692
57.181,7691
57.182,7690
57.183,7689
57.183,7688
57.183,7687
57.183,7686
57.183,7685
57.183,7684
57.183,7683
57.183,7682
57.183,7681
57.200,7680
57.201,7679
57.201,7678
57.202,7677
57.203,7676
57.204,7675
57.204,7674
57.204,7673
57.204,7672
57.224,7671
57.225,7670
57.226,7669
57.227,7668
57.229,7667
57.238,7666
57.239,7665
57.240,7664
57.241,7663
57.243,7662
57.244,7661
57.244,7660
57.244,7659
57.244,7658
57.244,7657
57.244,7656
57.273,7655
57.275,7654
57.275,7653
57.275,7652
57.275,7651
57.275,7650
57.275,7649
57.275,7648
57.275,7647
57.275,7646
57.275,7645
57.275,7644
57.291,7643
57.299,7642
57.299,7641
57.300,7640
57.300,7639
57.302,7638
57.305,7637
57.308,7636
57.311,7635
57.313,7634
57.314,7633
57.315,7632
57.315,7631
57.315,7630
57.315,7629
57.315,7628
57.315,7627
57.315,7626
57.332,7625
57.333,7624
57.334,7623
57.335,7622
57.335,7621
57.335,7620
57.335,7619
57.335,7618
57.335,7617
57.335,7616
57.335,7615
57.351,7614
57.355,7613
57.357,7612
57.358,7611
57.361,7610
57.362,7609
57.363,7608
57.365,7607
57.369,7606
57.372,7605
57.375,7604
57.376,7603
57.376,7602
57.376,7601
57.376,7600
57.376,7599
57.376,7598
57.376,7597
57.376,7596
57.376,7595
57.376,7594
57.394,7593
57.395,7592
57.397,7591
57.397,7590
57.397,7589
57.397,7588
57.397,7587
57.413,7586
57.413,7585
57.414,7584
57.415,7583
57.416,7582
57.420,7581
57.421,7580
57.423,7579
57.424,7578
57.424,7577
57.425,7576
57.425,7575
57.427,7574
57.427,7573
57.427,7572
57.427,7571
57.427,7570
57.444,7569
57.444,7568
57.447,7567
57.448,7566
57.448,7565
57.448,7564
57.466,7563
57.467,7562
57.468,7561
57.474,7560
57.476,7559
57.478,7558
57.478,7557
57.478,7556
57.478,7555
57.478,7554
57.478,7553
57.478,7552
57.497,7551
57.498,7550
57.498,7549
57.498,7548
57.498,7547
57.498,7546
57.498,7545
57.498,7544
57.498,7543
57.498,7542
57.498,7541
57.517,7540
57.519,7539
57.519,7538
57.519,7537
57.519,7536
57.519,7535
57.519,7534
57.519,7533
57.519,7532
57.519,7531
57.538,7530
57.538,7529
57.538,7528
57.555,7527
57.559,7526
57.561,7525
57.565,7524
57.573,7523
57.577,7522
57.580,7521
57.581,7520
57.581,7519
57.581,7518
57.583,7517
57.586,7516
57.586,7515
57.590,7514
57.591,7513
57.592,7512
57.595,7511
57.600,7510
57.600,7509
57.600,7508
57.600,7507
57.620,7506
57.620,7505
57.637,7504
57.639,7503
57.642,7502
57.642,7501
57.648,7500
57.650,7499
57.651,7498
57.651,7497
57.651,7496
57.651,7495
57.651,7494
57.667,7493
57.672,7492
57.680,7491
57.680,7490
57.680,7489
57.680,7488
57.696,7487
57.701,7486
57.701,7485
57.701,7484
57.720,7483
57.721,7482
57.721,7481
57.721,7480
57.721,7479
57.721,7478
57.721,7477
57.721,7476
57.721,7475
57.740,7474
57.741,7473
57.741,7472
57.741,7471
57.758,7470
57.761,7469
57.765,7468
57.771,7467
57.773,7466
57.773,7465
57.773,7464
57.773,7463
57.789,7462
57.792,7461
57.809,7460
57.811,7459
57.813,7458
57.813,7457
57.813,7456
57.813,7455
57.813,7454
57.813,7453
57.833,7452
57.833,7451
57.833,7450
57.851,7449
57.854,7448
57.854,7447
57.854,7446
57.854,7445
57.873,7444
57.875,7443
57.876,7442
57.877,7441
57.878,7440
57.880,7439
57.883,7438
57.884,7437
57.884,7436
57.884,7435
57.903,7434
57.904,7433
57.925,7432
57.947,7431
57.949,7430
57.956,7429
57.982,7428
57.983,7427
57.985,7426
57.986,7425
58.001,7424
58.006,7423
58.006,7422
58.006,7421
58.006,7420
58.027,7419
58.043,7418
58.045,7417
58.052,7416
58.057,7415
58.057,7414
58.057,7413
58.057,7412
58.087,7411
58.087,7410
58.087,7409
58.106,7408
58.108,7407
58.128,7406
58.166,7405
58.173,7404
58.176,7403
58.185,7402
58.205,7401
58.210,7400
58.210,7399
58.210,7399
58.210,7398
58.210,7397
58.210,7396
58.228,7395
58.229,7394
58.229,7393
58.248,7392
58.249,7391
58.249,7390
58.249,7389
58.266,7388
58.280,7387
58.284,7386
58.290,7385
58.290,7384
58.308,7383
58.309,7382
58.310,7381
58.311,7380
58.311,7379
58.311,7378
58.330,7377
58.331,7376
58.351,7375
58.394,7374
58.394,7373
58.444,7372
58.456,7371
58.457,7370
58.461,7369
58.468,7368
58.491,7367
58.504,7366
58.504,7365
58.504,7364
58.525,7363
58.525,7362
58.525,7361
58.544,7360
58.544,7359
58.564,7358
58.585,7357
58.615,7356
58.617,7355
58.646,7354
58.671,7353
58.687,7352
58.706,7351
58.748,7350
58.809,7349
58.829,7348
58.829,7347
58.847,7346
58.907,7345
58.929,7344
58.930,7343
58.969,7342
59.038,7341
59.086,7340
59.088,7339
59.103,7338
59.121,7337
59.154,7336
59.184,7335
59.184,7335
59.184,7334
59.284,7333
59.387,7332
59.408,7332
59.408,7331
59.459,7330
59.489,7329
59.651,7328
59.761,7327
59.763,7326
59.814,7325
59.949,7324
60.168,7324
60.332,7323
60.617,7322
61.059,7322
61.494,7322
62.181,7322
62.953,7322
63.903,7322
64.291,7322
64.410,7322
65.265,7322
65.472,7322
65.541,7322
66.397,7322
67.555,7322
67.708,7322
68.256,7322
69.541,7322
69.902,7322
71.111,7322
71.919,7322
72.612,7322
72.675,7322
72.863,7322
74.320,7322
75.205,7322
