63.583,8625
63.583,8624
63.583,8623
63.583,8622
63.583,8621
63.583,8620
63.583,8619
63.583,8618
63.583,8617
63.583,8616
63.583,8615
63.583,8614
63.583,8613
63.583,8612
63.583,8611
63.583,8610
63.599,8609
63.600,8608
63.600,8607
63.600,8606
63.601,8605
63.602,8604
63.602,8603
63.602,8602
63.603,8601
63.603,8600
63.603,8599
63.603,8598
63.603,8597
63.604,8596
63.604,8595
63.604,8594
63.604,8593
63.604,8592
63.604,8591
63.604,8590
63.604,8589
63.604,8588
63.604,8587
63.604,8586
63.604,8585
63.604,8584
63.604,8583
63.604,8582
63.604,8581
63.604,8580
63.604,8579
63.604,8578
63.604,8577
63.604,8576
63.604,8575
63.604,8574
63.604,8573
63.604,8572
63.604,8571
63.604,8570
63.604,8569
63.604,8568
63.604,8567
63.604,8566
63.604,8565
63.604,8564
63.604,8563
63.604,8562
63.604,8561
63.604,8560
63.604,8559
63.604,8558
63.604,8557
63.604,8556
63.604,8555
63.604,8554
63.604,8553
63.604,8552
63.604,8551
63.604,8550
63.604,8549
63.604,8548
63.604,8547
63.604,8546
63.604,8545
63.604,8544
63.604,8543
63.619,8542
63.620,8541
63.620,8540
63.621,8539
63.621,8538
63.621,8537
63.622,8536
63.622,8535
63.622,8534
63.622,8533
63.622,8532
63.623,8531
63.623,8530
63.623,8529
63.624,8528
63.624,8527
63.624,8526
63.624,8525
63.624,8524
63.624,8523
63.624,8522
63.624,8521
63.624,8520
63.624,8519
63.624,8518
63.624,8517
63.624,8516
63.624,8515
63.624,8514
63.624,8513
63.624,8512
63.624,8511
63.624,8510
63.624,8509
63.624,8508
63.624,8507
63.624,8506
63.624,8505
63.624,8504
63.624,8503
63.624,8502
63.624,8501
63.624,8500
63.624,8499
63.624,8498
63.624,8497
63.624,8496
63.624,8495
63.624,8494
63.624,8493
63.624,8492
63.624,8491
63.624,8490
63.624,8489
63.624,8488
63.624,8487
63.624,8486
63.624,8485
63.624,8484
63.624,8483
63.624,8482
63.624,8481
63.624,8480
63.624,8479
63.641,8478
63.642,8477
63.644,8476
63.644,8475
63.645,8474
63.645,8473
63.646,8472
63.646,8471
63.646,8470
63.646,8469
63.647,8468
63.647,8467
63.647,8466
63.647,8465
63.647,8464
63.648,8463
63.649,8462
63.649,8461
63.649,8460
63.650,8459
63.650,8458
63.650,8457
63.650,8456
63.651,8455
63.652,8454
63.652,8453
63.652,8452
63.652,8451
63.653,8450
63.653,8449
63.653,8448
63.654,8447
63.654,8446
63.654,8445
63.654,8444
63.654,8443
63.654,8442
63.654,8441
63.654,8440
63.654,8439
63.654,8438
63.654,8437
63.654,8436
63.654,8435
63.654,8434
63.654,8433
63.654,8432
63.654,8431
63.654,8430
63.654,8429
63.654,8428
63.654,8427
63.654,8426
63.654,8425
63.654,8424
63.654,8423
63.654,8422
63.654,8421
63.654,8420
63.654,8419
63.654,8418
63.654,8417
63.654,8416
63.670,8415
63.670,8414
63.670,8413
63.671,8412
63.671,8411
63.671,8410
63.672,8409
63.672,8408
63.672,8407
63.673,8406
63.673,8405
63.673,8404
63.673,8403
63.674,8402
63.675,8401
63.675,8400
63.675,8399
63.675,8398
63.675,8397
63.675,8396
63.675,8395
63.675,8394
63.675,8393
63.675,8392
63.675,8391
63.675,8390
63.675,8389
63.675,8388
63.675,8387
63.675,8386
63.675,8385
63.675,8384
63.675,8383
63.675,8382
63.675,8381
63.675,8380
63.675,8379
63.675,8378
63.675,8377
63.675,8376
63.675,8375
63.675,8374
63.675,8373
63.675,8372
63.675,8371
63.675,8370
63.675,8369
63.691,8368
63.691,8367
63.692,8366
63.692,8365
63.693,8364
63.693,8363
63.693,8362
63.694,8361
63.694,8360
63.694,8359
63.695,8358
63.695,8357
63.695,8356
63.695,8355
63.695,8354
63.695,8353
63.695,8352
63.695,8351
63.695,8350
63.695,8349
63.695,8348
63.695,8347
63.695,8346
63.695,8345
63.695,8344
63.695,8343
63.695,8342
63.695,8341
63.695,8340
63.695,8339
63.695,8338
63.695,8337
63.695,8336
63.695,8335
63.695,8334
63.695,8333
63.695,8332
63.695,8331
63.695,8330
63.695,8329
63.695,8328
63.695,8327
63.695,8326
63.711,8325
63.711,8324
63.712,8323
63.712,8322
63.713,8321
63.714,8320
63.715,8319
63.715,8318
63.716,8317
63.716,8316
63.717,8315
63.717,8314
63.717,8313
63.717,8312
63.718,8311
63.719,8310
63.719,8309
63.720,8308
63.720,8307
63.721,8306
63.721,8305
63.721,8304
63.721,8303
63.721,8302
63.722,8301
63.722,8300
63.722,8299
63.723,8298
63.723,8297
63.725,8296
63.725,8295
63.726,8294
63.726,8293
63.726,8292
63.726,8291
63.726,8290
63.726,8289
63.726,8288
63.726,8287
63.726,8286
63.726,8285
63.726,8284
63.726,8283
63.726,8282
63.726,8281
63.726,8280
63.726,8279
63.726,8278
63.726,8277
63.726,8276
63.726,8275
63.726,8274
63.726,8273
63.726,8272
63.726,8271
63.726,8270
63.726,8269
63.726,8268
63.726,8267
63.726,8266
63.726,8265
63.726,8264
63.741,8263
63.742,8262
63.743,8261
63.743,8260
63.744,8259
63.744,8258
63.744,8257
63.745,8256
63.745,8255
63.746,8254
63.746,8253
63.746,8252
63.747,8251
63.747,8250
63.748,8249
63.748,8248
63.749,8247
63.749,8246
63.749,8245
63.750,8244
63.751,8243
63.751,8242
63.751,8241
63.752,8240
63.752,8239
63.753,8238
63.753,8237
63.753,8236
63.753,8235
63.754,8234
63.754,8233
63.754,8232
63.754,8231
63.755,8230
63.755,8229
63.755,8228
63.755,8227
63.755,8226
63.755,8225
63.755,8224
63.755,8223
63.755,8222
63.755,8221
63.755,8220
63.755,8219
63.755,8218
63.755,8217
63.755,8216
63.755,8215
63.755,8214
63.755,8213
63.755,8212
63.755,8211
63.755,8210
63.772,8209
63.772,8208
63.773,8207
63.773,8206
63.773,8205
63.773,8204
63.774,8203
63.774,8202
63.774,8201
63.775,8200
63.775,8199
63.776,8198
63.776,8197
63.777,8196
63.777,8195
63.777,8194
63.779,8193
63.779,8192
63.779,8191
63.781,8190
63.781,8189
63.782,8188
63.782,8187
63.782,8186
63.783,8185
63.783,8184
63.783,8183
63.784,8182
63.784,8181
63.785,8180
63.786,8179
63.786,8178
63.786,8177
63.786,8176
63.786,8175
63.786,8174
63.786,8173
63.786,8172
63.786,8171
63.786,8170
63.786,8169
63.786,8168
63.786,8167
63.786,8166
63.786,8165
63.786,8164
63.786,8163
63.786,8162
63.786,8161
63.786,8160
63.786,8159
63.786,8158
63.786,8157
63.786,8156
63.786,8155
63.786,8154
63.786,8153
63.786,8152
63.786,8151
63.786,8150
63.786,8149
63.803,8148
63.803,8147
63.804,8146
63.804,8145
63.804,8144
63.805,8143
63.805,8142
63.806,8141
63.807,8140
63.807,8139
63.807,8138
63.807,8137
63.807,8136
63.807,8135
63.807,8134
63.807,8133
63.807,8132
63.807,8131
63.807,8130
63.807,8129
63.807,8128
63.807,8127
63.807,8126
63.807,8125
63.807,8124
63.807,8123
63.807,8122
63.807,8121
63.807,8120
63.807,8119
63.807,8118
63.807,8117
63.807,8116
63.807,8115
63.807,8114
63.807,8113
63.823,8112
63.824,8111
63.824,8110
63.826,8109
63.827,8108
63.827,8107
63.827,8106
63.827,8105
63.827,8104
63.827,8103
63.827,8102
63.827,8101
63.827,8100
63.827,8099
63.827,8098
63.827,8097
63.827,8096
63.827,8095
63.827,8094
63.827,8093
63.827,8092
63.827,8091
63.827,8090
63.827,8089
63.827,8088
63.827,8087
63.827,8086
63.827,8085
63.827,8084
63.827,8083
63.827,8082
63.827,8081
63.827,8080
63.843,8079
63.844,8078
63.844,8077
63.845,8076
63.846,8075
63.847,8074
63.848,8073
63.849,8072
63.849,8071
63.849,8070
63.850,8069
63.851,8068
63.853,8067
63.853,8066
63.853,8065
63.854,8064
63.854,8063
63.854,8062
63.856,8061
63.856,8060
63.857,8059
63.857,8058
63.857,8057
63.857,8056
63.857,8055
63.857,8054
63.857,8053
63.857,8052
63.857,8051
63.857,8050
63.857,8049
63.857,8048
63.857,8047
63.857,8046
63.857,8045
63.857,8044
63.857,8043
63.857,8042
63.857,8041
63.857,8040
63.857,8039
63.873,8038
63.874,8037
63.875,8036
63.876,8035
63.876,8034
63.877,8033
63.877,8032
63.878,8031
63.878,8030
63.878,8029
63.878,8028
63.878,8027
63.878,8026
63.878,8025
63.878,8024
63.878,8023
63.878,8022
63.878,8021
63.878,8020
63.878,8019
63.878,8018
63.878,8017
63.878,8016
63.878,8015
63.878,8014
63.878,8013
63.878,8012
63.878,8011
63.878,8010
63.878,8009
63.878,8008
63.878,8007
63.878,8006
63.878,8005
63.878,8004
63.897,8003
63.898,8002
63.898,8001
63.898,8000
63.898,7999
63.898,7998
63.898,7997
63.898,7996
63.898,7995
63.898,7994
63.898,7993
63.898,7992
63.898,7991
63.898,7990
63.898,7989
63.898,7988
63.898,7987
63.898,7986
63.914,7985
63.916,7984
63.916,7983
63.917,7982
63.917,7981
63.918,7980
63.918,7979
63.918,7978
63.918,7977
63.918,7976
63.918,7975
63.918,7974
63.918,7973
63.918,7972
63.918,7971
63.918,7970
63.918,7969
63.918,7968
63.918,7967
63.918,7966
63.918,7965
63.918,7964
63.918,7963
63.918,7962
63.918,7961
63.918,7960
63.918,7959
63.934,7958
63.934,7957
63.936,7956
63.936,7955
63.937,7954
63.937,7953
63.938,7952
63.938,7951
63.939,7950
63.941,7949
63.942,7948
63.942,7947
63.942,7946
63.943,7945
63.943,7944
63.944,7943
63.945,7942
63.946,7941
63.947,7940
63.948,7939
63.948,7938
63.949,7937
63.949,7936
63.950,7935
63.950,7934
63.950,7933
63.951,7932
63.951,7931
63.953,7930
63.953,7929
63.954,7928
63.954,7927
63.955,7926
63.955,7925
63.955,7924
63.956,7923
63.956,7922
63.958,7921
63.958,7920
63.958,7919
63.959,7918
63.959,7917
63.959,7916
63.959,7915
63.959,7914
63.959,7913
63.959,7912
63.959,7911
63.959,7910
63.959,7909
63.959,7908
63.959,7907
63.975,7906
63.976,7905
63.978,7904
63.980,7903
63.980,7902
63.980,7901
63.980,7900
63.980,7899
63.980,7898
63.980,7897
63.980,7896
63.980,7895
63.980,7894
63.980,7893
63.980,7892
63.980,7891
63.980,7890
63.980,7889
63.980,7888
63.980,7887
63.980,7886
63.980,7885
63.980,7884
63.980,7883
63.980,7882
63.980,7881
63.996,7880
63.996,7879
63.996,7878
63.999,7877
63.999,7876
63.999,7875
63.999,7874
63.999,7873
63.999,7872
63.999,7871
63.999,7870
63.999,7869
63.999,7868
63.999,7867
63.999,7866
63.999,7865
63.999,7864
63.999,7863
63.999,7862
63.999,7861
64.015,7860
64.016,7859
64.016,7858
64.017,7857
64.018,7856
64.019,7855
64.019,7854
64.019,7853
64.019,7852
64.019,7851
64.019,7850
64.019,7849
64.019,7848
64.019,7847
64.019,7846
64.019,7845
64.019,7844
64.019,7843
64.019,7842
64.019,7841
64.019,7840
64.019,7839
64.019,7838
64.019,7837
64.019,7836
64.019,7835
64.036,7834
64.036,7833
64.036,7832
64.036,7831
64.036,7830
64.037,7829
64.037,7828
64.038,7827
64.041,7826
64.041,7825
64.042,7824
64.043,7823
64.044,7822
64.044,7821
64.047,7820
64.047,7819
64.048,7818
64.049,7817
64.050,7816
64.051,7815
64.052,7814
64.053,7813
64.053,7812
64.054,7811
64.054,7810
64.055,7809
64.055,7808
64.059,7807
64.060,7806
64.060,7805
64.060,7804
64.060,7803
64.060,7802
64.060,7801
64.060,7800
64.060,7799
64.060,7798
64.060,7797
64.060,7796
64.076,7795
64.078,7794
64.079,7793
64.081,7792
64.081,7791
64.081,7790
64.081,7789
64.081,7788
64.081,7787
64.081,7786
64.081,7785
64.081,7784
64.081,7783
64.081,7782
64.081,7781
64.081,7780
64.081,7779
64.081,7778
64.081,7777
64.081,7776
64.081,7775
64.081,7774
64.098,7773
64.099,7772
64.100,7771
64.100,7770
64.102,7769
64.102,7768
64.102,7767
64.102,7766
64.102,7765
64.102,7764
64.102,7763
64.102,7762
64.102,7761
64.102,7760
64.102,7759
64.102,7758
64.102,7757
64.102,7756
64.102,7755
64.102,7754
64.102,7753
64.102,7752
64.121,7751
64.121,7750
64.121,7749
64.121,7748
64.121,7747
64.121,7746
64.121,7745
64.121,7744
64.140,7743
64.140,7742
64.141,7741
64.142,7740
64.143,7739
64.143,7738
64.144,7737
64.150,7736
64.151,7735
64.152,7734
64.152,7733
64.158,7732
64.159,7731
64.159,7730
64.160,7729
64.160,7728
64.162,7727
64.162,7726
64.162,7725
64.162,7724
64.162,7723
64.162,7722
64.162,7721
64.162,7720
64.162,7719
64.162,7718
64.162,7717
64.162,7716
64.162,7715
64.162,7714
64.162,7713
64.162,7712
64.162,7711
64.178,7710
64.179,7709
64.179,7708
64.180,7707
64.181,7706
64.182,7705
64.182,7704
64.183,7703
64.183,7702
64.183,7701
64.183,7700
64.183,7699
64.183,7698
64.183,7697
64.183,7696
64.183,7695
64.183,7694
64.202,7693
64.203,7692
64.203,7691
64.203,7690
64.203,7689
64.203,7688
64.203,7687
64.203,7686
64.203,7685
64.203,7684
64.203,7683
64.203,7682
64.203,7681
64.222,7680
64.223,7679
64.230,7678
64.230,7677
64.233,7676
64.234,7675
64.234,7674
64.234,7673
64.234,7672
64.234,7671
64.234,7670
64.234,7669
64.234,7668
64.234,7667
64.234,7666
64.250,7665
64.252,7664
64.252,7663
64.253,7662
64.254,7661
64.254,7660
64.254,7659
64.257,7658
64.260,7657
64.261,7656
64.262,7655
64.264,7654
64.264,7653
64.264,7652
64.264,7651
64.264,7650
64.264,7649
64.264,7648
64.264,7647
64.264,7646
64.264,7645
64.264,7644
64.279,7643
64.280,7642
64.280,7641
64.283,7640
64.284,7639
64.284,7638
64.284,7637
64.284,7636
64.284,7635
64.284,7634
64.284,7633
64.284,7632
64.300,7631
64.301,7630
64.303,7629
64.303,7628
64.304,7627
64.305,7626
64.305,7625
64.305,7624
64.305,7623
64.305,7622
64.321,7621
64.326,7620
64.326,7619
64.327,7618
64.328,7617
64.332,7616
64.335,7615
64.335,7614
64.335,7613
64.335,7612
64.335,7611
64.335,7610
64.335,7609
64.335,7608
64.335,7607
64.335,7606
64.353,7605
64.353,7604
64.355,7603
64.355,7602
64.358,7601
64.363,7600
64.365,7599
64.365,7598
64.365,7597
64.365,7596
64.365,7595
64.365,7594
64.365,7593
64.386,7592
64.386,7591
64.386,7590
64.386,7589
64.405,7588
64.406,7587
64.406,7586
64.406,7585
64.406,7584
64.406,7583
64.406,7582
64.406,7581
64.427,7580
64.429,7579
64.432,7578
64.437,7577
64.437,7576
64.437,7575
64.437,7574
64.437,7573
64.437,7572
64.437,7571
64.437,7570
64.453,7569
64.453,7568
64.460,7567
64.462,7566
64.463,7565
64.466,7564
64.466,7563
64.466,7562
64.466,7561
64.466,7560
64.484,7559
64.487,7558
64.487,7557
64.487,7556
64.487,7555
64.487,7554
64.487,7553
64.487,7552
64.487,7551
64.487,7550
64.487,7549
64.508,7548
64.513,7547
64.514,7546
64.515,7545
64.515,7544
64.516,7543
64.516,7542
64.521,7541
64.525,7540
64.528,7539
64.528,7538
64.528,7537
64.528,7536
64.528,7535
64.528,7534
64.543,7533
64.544,7532
64.546,7531
64.546,7530
64.553,7529
64.554,7528
64.557,7527
64.557,7526
64.558,7525
64.559,7524
64.559,7523
64.559,7522
64.578,7521
64.578,7520
64.578,7519
64.578,7518
64.578,7517
64.578,7516
64.578,7515
64.578,7514
64.578,7513
64.578,7512
64.578,7511
64.600,7510
64.600,7509
64.600,7508
64.600,7507
64.600,7506
64.620,7505
64.620,7504
64.620,7503
64.620,7502
64.637,7501
64.638,7500
64.639,7499
64.659,7498
64.668,7497
64.668,7496
64.678,7495
64.679,7494
64.680,7493
64.680,7492
64.680,7491
64.697,7490
64.701,7489
64.701,7488
64.701,7487
64.701,7486
64.701,7485
64.701,7484
64.701,7483
64.701,7482
64.701,7481
64.701,7480
64.701,7479
64.701,7478
64.717,7477
64.719,7476
64.722,7475
64.726,7474
64.729,7473
64.730,7472
64.731,7471
64.731,7470
64.731,7469
64.731,7468
64.731,7467
64.751,7466
64.762,7465
64.762,7464
64.781,7463
64.781,7462
64.781,7461
64.781,7460
64.781,7459
64.781,7458
64.781,7457
64.798,7456
64.799,7455
64.800,7454
64.802,7453
64.802,7452
64.802,7451
64.823,7450
64.839,7449
64.841,7448
64.842,7447
64.842,7446
64.842,7445
64.842,7444
64.864,7443
64.870,7442
64.870,7441
64.874,7440
64.874,7439
64.893,7438
64.896,7437
64.899,7436
64.913,7435
64.914,7434
64.914,7433
64.914,7432
64.914,7431
64.914,7430
64.914,7429
64.914,7428
64.934,7427
64.934,7426
64.934,7425
64.965,7424
64.965,7423
64.965,7422
64.965,7421
64.985,7420
64.985,7419
64.985,7418
64.985,7417
65.005,7416
65.023,7415
65.045,7414
65.046,7413
65.074,7412
65.076,7411
65.117,7410
65.117,7409
65.117,7408
65.117,7407
65.133,7406
65.138,7405
65.164,7404
65.168,7403
65.168,7402
65.189,7401
65.208,7400
65.226,7399
65.265,7398
65.280,7397
65.300,7396
65.318,7395
65.351,7394
65.381,7393
65.381,7392
65.400,7391
65.402,7390
65.426,7389
65.442,7388
65.443,7387
65.443,7386
65.443,7385
65.465,7384
65.473,7383
65.473,7382
65.473,7381
65.491,7380
65.493,7379
65.493,7378
65.514,7377
65.533,7376
65.554,7375
65.554,7374
65.605,7373
65.605,7372
65.717,7371
65.717,7370
65.734,7369
65.736,7368
65.815,7367
65.834,7366
65.889,7365
65.910,7364
65.930,7363
65.946,7362
65.976,7361
65.980,7360
65.980,7359
66.000,7358
66.059,7357
66.113,7356
66.159,7355
66.215,7354
66.295,7353
66.537,7352
66.538,7351
66.607,7350
66.657,7349
66.750,7348
67.077,7347
67.159,7346
