57.783,8625
57.783,8624
57.783,8623
57.783,8622
57.784,8621
57.784,8620
57.785,8619
57.785,8618
57.785,8617
57.785,8616
57.785,8615
57.785,8614
57.785,8613
57.785,8612
57.785,8611
57.785,8610
57.785,8609
57.785,8608
57.785,8607
57.785,8606
57.785,8605
57.785,8604
57.785,8603
57.785,8602
57.785,8601
57.785,8600
57.785,8599
57.785,8598
57.785,8597
57.785,8596
57.785,8595
57.785,8594
57.785,8593
57.785,8592
57.785,8591
57.785,8590
57.785,8589
57.785,8588
57.785,8587
57.785,8586
57.785,8585
57.785,8584
57.785,8583
57.785,8582
57.785,8581
57.785,8580
57.785,8579
57.785,8578
57.785,8577
57.785,8576
57.785,8575
57.785,8574
57.785,8573
57.785,8572
57.785,8571
57.785,8570
57.785,8569
57.785,8568
57.785,8567
57.785,8566
57.785,8565
57.785,8564
57.785,8563
57.785,8562
57.785,8561
57.785,8560
57.785,8559
57.785,8558
57.785,8557
57.825,8556
57.825,8555
57.825,8554
57.825,8553
57.825,8552
57.825,8551
57.825,8550
57.825,8549
57.842,8548
57.842,8547
57.842,8546
57.842,8545
57.842,8544
57.843,8543
57.843,8542
57.843,8541
57.844,8540
57.844,8539
57.844,8538
57.845,8537
57.845,8536
57.845,8535
57.846,8534
57.847,8533
57.847,8532
57.851,8531
57.851,8530
57.852,8529
57.852,8528
57.853,8527
57.853,8526
57.853,8525
57.853,8524
57.854,8523
57.854,8522
57.854,8521
57.855,8520
57.855,8519
57.855,8518
57.855,8517
57.856,8516
57.856,8515
57.856,8514
57.856,8513
57.856,8512
57.856,8511
57.856,8510
57.856,8509
57.856,8508
57.856,8507
57.856,8506
57.856,8505
57.856,8504
57.856,8503
57.856,8502
57.856,8501
57.856,8500
57.856,8499
57.856,8498
57.856,8497
57.856,8496
57.856,8495
57.856,8494
57.856,8493
57.856,8492
57.856,8491
57.856,8490
57.856,8489
57.856,8488
57.856,8487
57.856,8486
57.856,8485
57.856,8484
57.856,8483
57.856,8482
57.856,8481
57.856,8480
57.856,8479
57.856,8478
57.856,8477
57.856,8476
57.856,8475
57.856,8474
57.856,8473
57.856,8472
57.856,8471
57.856,8470
57.856,8469
57.856,8468
57.856,8467
57.856,8466
57.856,8465
57.856,8464
57.856,8463
57.856,8462
57.856,8461
57.856,8460
57.856,8459
57.856,8458
57.856,8457
57.856,8456
57.856,8455
57.856,8454
57.856,8453
57.872,8452
57.873,8451
57.873,8450
57.873,8449
57.873,8448
57.874,8447
57.874,8446
57.874,8445
57.875,8444
57.875,8443
57.875,8442
57.875,8441
57.875,8440
57.876,8439
57.876,8438
57.877,8437
57.877,8436
57.877,8435
57.877,8434
57.877,8433
57.878,8432
57.878,8431
57.878,8430
57.879,8429
57.879,8428
57.879,8427
57.879,8426
57.880,8425
57.880,8424
57.880,8423
57.880,8422
57.880,8421
57.881,8420
57.881,8419
57.882,8418
57.882,8417
57.882,8416
57.882,8415
57.883,8414
57.883,8413
57.883,8412
57.884,8411
57.884,8410
57.884,8409
57.884,8408
57.885,8407
57.885,8406
57.885,8405
57.885,8404
57.886,8403
57.886,8402
57.886,8401
57.886,8400
57.886,8399
57.886,8398
57.886,8397
57.886,8396
57.886,8395
57.886,8394
57.886,8393
57.886,8392
57.886,8391
57.886,8390
57.886,8389
57.886,8388
57.886,8387
57.886,8386
57.886,8385
57.886,8384
57.886,8383
57.886,8382
57.886,8381
57.886,8380
57.886,8379
57.886,8378
57.886,8377
57.886,8376
57.886,8375
57.886,8374
57.886,8373
57.886,8372
57.886,8371
57.886,8370
57.886,8369
57.886,8368
57.886,8367
57.886,8366
57.886,8365
57.886,8364
57.886,8363
57.886,8362
57.886,8361
57.886,8360
57.886,8359
57.886,8358
57.886,8357
57.886,8356
57.886,8355
57.886,8354
57.902,8353
57.902,8352
57.902,8351
57.903,8350
57.903,8349
57.903,8348
57.904,8347
57.905,8346
57.905,8345
57.905,8344
57.905,8343
57.906,8342
57.906,8341
57.906,8340
57.906,8339
57.907,8338
57.907,8337
57.907,8336
57.907,8335
57.907,8334
57.908,8333
57.908,8332
57.908,8331
57.908,8330
57.908,8329
57.909,8328
57.909,8327
57.909,8326
57.909,8325
57.910,8324
57.910,8323
57.910,8322
57.910,8321
57.911,8320
57.911,8319
57.911,8318
57.912,8317
57.912,8316
57.912,8315
57.912,8314
57.912,8313
57.913,8312
57.913,8311
57.913,8310
57.914,8309
57.914,8308
57.915,8307
57.915,8306
57.916,8305
57.916,8304
57.917,8303
57.917,8302
57.917,8301
57.917,8300
57.917,8299
57.917,8298
57.917,8297
57.917,8296
57.917,8295
57.917,8294
57.917,8293
57.917,8292
57.917,8291
57.917,8290
57.917,8289
57.917,8288
57.917,8287
57.917,8286
57.917,8285
57.917,8284
57.917,8283
57.917,8282
57.917,8281
57.917,8280
57.917,8279
57.917,8278
57.917,8277
57.917,8276
57.917,8275
57.917,8274
57.917,8273
57.917,8272
57.917,8271
57.917,8270
57.917,8269
57.917,8268
57.917,8267
57.917,8266
57.917,8265
57.917,8264
57.917,8263
57.917,8262
57.917,8261
57.917,8260
57.917,8259
57.932,8258
57.933,8257
57.933,8256
57.934,8255
57.934,8254
57.934,8253
57.936,8252
57.936,8251
57.953,8250
57.954,8249
57.954,8248
57.954,8247
57.954,8246
57.955,8245
57.956,8244
57.956,8243
57.957,8242
57.957,8241
57.957,8240
57.957,8239
57.957,8238
57.957,8237
57.957,8236
57.957,8235
57.957,8234
57.957,8233
57.957,8232
57.957,8231
57.957,8230
57.957,8229
57.957,8228
57.957,8227
57.957,8226
57.957,8225
57.957,8224
57.957,8223
57.957,8222
57.957,8221
57.957,8220
57.957,8219
57.957,8218
57.957,8217
57.957,8216
57.957,8215
57.957,8214
57.957,8213
57.957,8212
57.957,8211
57.957,8210
57.957,8209
57.957,8208
57.957,8207
57.957,8206
57.957,8205
57.957,8204
57.957,8203
57.957,8202
57.957,8201
57.957,8200
57.957,8199
57.957,8198
57.972,8197
57.974,8196
57.974,8195
57.975,8194
57.976,8193
57.977,8192
57.977,8191
57.977,8190
57.978,8189
57.978,8188
57.978,8187
57.979,8186
57.980,8185
57.980,8184
57.981,8183
57.981,8182
57.981,8181
57.981,8180
57.982,8179
57.982,8178
57.982,8177
57.983,8176
57.983,8175
57.984,8174
57.984,8173
57.984,8172
57.985,8171
57.986,8170
57.986,8169
57.987,8168
57.988,8167
57.988,8166
57.988,8165
57.988,8164
57.988,8163
57.988,8162
57.988,8161
57.988,8160
57.988,8159
57.988,8158
57.988,8157
57.988,8156
57.988,8155
57.988,8154
57.988,8153
57.988,8152
57.988,8151
57.988,8150
57.988,8149
57.988,8148
57.988,8147
57.988,8146
57.988,8145
57.988,8144
57.988,8143
57.988,8142
57.988,8141
57.988,8140
57.988,8139
57.988,8138
57.988,8137
57.988,8136
57.988,8135
57.988,8134
58.004,8133
58.005,8132
58.005,8131
58.006,8130
58.006,8129
58.007,8128
58.007,8127
58.008,8126
58.008,8125
58.008,8124
58.008,8123
58.008,8122
58.008,8121
58.008,8120
58.008,8119
58.008,8118
58.008,8117
58.008,8116
58.008,8115
58.008,8114
58.008,8113
58.008,8112
58.008,8111
58.008,8110
58.008,8109
58.008,8108
58.008,8107
58.008,8106
58.008,8105
58.008,8104
58.008,8103
58.008,8102
58.008,8101
58.008,8100
58.008,8099
58.008,8098
58.008,8097
58.008,8096
58.008,8095
58.008,8094
58.008,8093
58.008,8092
58.008,8091
58.008,8090
58.008,8089
58.008,8088
58.024,8087
58.024,8086
58.025,8085
58.026,8084
58.026,8083
58.026,8082
58.027,8081
58.028,8080
58.028,8079
58.028,8078
58.028,8077
58.029,8076
58.029,8075
58.029,8074
58.029,8073
58.029,8072
58.029,8071
58.029,8070
58.029,8069
58.029,8068
58.029,8067
58.029,8066
58.029,8065
58.029,8064
58.029,8063
58.029,8062
58.029,8061
58.029,8060
58.029,8059
58.029,8058
58.029,8057
58.029,8056
58.029,8055
58.029,8054
58.029,8053
58.029,8052
58.029,8051
58.044,8050
58.045,8049
58.045,8048
58.045,8047
58.045,8046
58.045,8045
58.046,8044
58.047,8043
58.047,8042
58.047,8041
58.047,8040
58.048,8039
58.049,8038
58.049,8037
58.049,8036
58.049,8035
58.049,8034
58.049,8033
58.049,8032
58.049,8031
58.049,8030
58.049,8029
58.049,8028
58.049,8027
58.049,8026
58.049,8025
58.049,8024
58.049,8023
58.049,8022
58.049,8021
58.049,8020
58.049,8019
58.049,8018
58.049,8017
58.049,8016
58.049,8015
58.049,8014
58.065,8013
58.066,8012
58.066,8011
58.066,8010
58.066,8009
58.067,8008
58.067,8007
58.068,8006
58.068,8005
58.069,8004
58.069,8003
58.069,8002
58.069,8001
58.070,8000
58.071,7999
58.071,7998
58.072,7997
58.073,7996
58.073,7995
58.074,7994
58.074,7993
58.075,7992
58.075,7991
58.076,7990
58.076,7989
58.077,7988
58.077,7987
58.079,7986
58.080,7985
58.080,7984
58.081,7983
58.081,7982
58.082,7981
58.082,7980
58.083,7979
58.083,7978
58.084,7977
58.085,7976
58.085,7975
58.086,7974
58.086,7973
58.086,7972
58.087,7971
58.087,7970
58.087,7969
58.088,7968
58.088,7967
58.088,7966
58.088,7965
58.089,7964
58.089,7963
58.089,7962
58.089,7961
58.089,7960
58.089,7959
58.089,7958
58.089,7957
58.089,7956
58.089,7955
58.089,7954
58.089,7953
58.089,7952
58.089,7951
58.089,7950
58.089,7949
58.089,7948
58.089,7947
58.089,7946
58.089,7945
58.089,7944
58.089,7943
58.089,7942
58.089,7941
58.089,7940
58.089,7939
58.089,7938
58.089,7937
58.089,7936
58.089,7935
58.089,7934
58.089,7933
58.089,7932
58.089,7931
58.089,7930
58.106,7929
58.106,7928
58.107,7927
58.107,7926
58.108,7925
58.108,7924
58.109,7923
58.109,7922
58.109,7921
58.110,7920
58.110,7919
58.110,7918
58.110,7917
58.110,7916
58.110,7915
58.110,7914
58.110,7913
58.110,7912
58.110,7911
58.110,7910
58.110,7909
58.110,7908
58.110,7907
58.110,7906
58.110,7905
58.110,7904
58.110,7903
58.110,7902
58.110,7901
58.110,7900
58.110,7899
58.110,7898
58.110,7897
58.110,7896
58.110,7895
58.110,7894
58.110,7893
58.110,7892
58.110,7891
58.110,7890
58.110,7889
58.125,7888
58.125,7887
58.127,7886
58.128,7885
58.128,7884
58.129,7883
58.130,7882
58.130,7881
58.130,7880
58.130,7879
58.130,7878
58.130,7877
58.130,7876
58.130,7875
58.130,7874
58.130,7873
58.130,7872
58.130,7871
58.130,7870
58.130,7869
58.130,7868
58.130,7867
58.130,7866
58.130,7865
58.130,7864
58.130,7863
58.130,7862
58.130,7861
58.130,7860
58.146,7859
58.149,7858
58.150,7857
58.150,7856
58.150,7855
58.150,7854
58.150,7853
58.150,7852
58.150,7851
58.150,7850
58.150,7849
58.150,7848
58.150,7847
58.150,7846
58.150,7845
58.150,7844
58.150,7843
58.150,7842
58.150,7841
58.150,7840
58.166,7839
58.168,7838
58.169,7837
58.170,7836
58.170,7835
58.171,7834
58.172,7833
58.173,7832
58.173,7831
58.174,7830
58.175,7829
58.176,7828
58.178,7827
58.178,7826
58.178,7825
58.179,7824
58.181,7823
58.181,7822
58.181,7821
58.181,7820
58.181,7819
58.181,7818
58.181,7817
58.181,7816
58.181,7815
58.181,7814
58.181,7813
58.181,7812
58.181,7811
58.181,7810
58.181,7809
58.181,7808
58.197,7807
58.198,7806
58.199,7805
58.199,7804
58.200,7803
58.201,7802
58.201,7801
58.201,7800
58.201,7799
58.201,7798
58.201,7797
58.201,7796
58.201,7795
58.201,7794
58.201,7793
58.201,7792
58.201,7791
58.201,7790
58.201,7789
58.201,7788
58.201,7787
58.201,7786
58.201,7785
58.201,7784
58.201,7783
58.201,7782
58.218,7781
58.221,7780
58.221,7779
58.221,7778
58.221,7777
58.221,7776
58.221,7775
58.221,7774
58.221,7773
58.221,7772
58.221,7771
58.221,7770
58.221,7769
58.221,7768
58.237,7767
58.241,7766
58.242,7765
58.242,7764
58.242,7763
58.242,7762
58.242,7761
58.242,7760
58.242,7759
58.242,7758
58.242,7757
58.242,7756
58.242,7755
58.242,7754
58.242,7753
58.258,7752
58.260,7751
58.261,7750
58.262,7749
58.262,7748
58.262,7747
58.262,7746
58.262,7745
58.262,7744
58.262,7743
58.262,7742
58.262,7741
58.262,7740
58.262,7739
58.262,7738
58.262,7737
58.262,7736
58.280,7735
58.281,7734
58.281,7733
58.281,7732
58.282,7731
58.283,7730
58.283,7729
58.283,7728
58.284,7727
58.285,7726
58.286,7725
58.288,7724
58.289,7723
58.290,7722
58.292,7721
58.293,7720
58.293,7719
58.293,7718
58.293,7717
58.293,7716
58.293,7715
58.293,7714
58.293,7713
58.293,7712
58.293,7711
58.293,7710
58.293,7709
58.293,7708
58.309,7707
58.310,7706
58.311,7705
58.313,7704
58.313,7703
58.314,7702
58.314,7701
58.314,7700
58.315,7699
58.315,7698
58.315,7697
58.323,7696
58.323,7695
58.323,7694
58.323,7693
58.323,7692
58.323,7691
58.323,7690
58.323,7689
58.323,7688
58.323,7687
58.323,7686
58.323,7685
58.323,7684
58.323,7683
58.323,7682
58.323,7681
58.323,7680
58.323,7679
58.340,7678
58.340,7677
58.341,7676
58.344,7675
58.344,7674
58.344,7673
58.344,7672
58.344,7671
58.344,7670
58.344,7669
58.344,7668
58.344,7667
58.361,7666
58.362,7665
58.363,7664
58.363,7663
58.364,7662
58.364,7661
58.364,7660
58.364,7659
58.364,7658
58.364,7657
58.364,7656
58.364,7655
58.364,7654
58.364,7653
58.364,7652
58.364,7651
58.385,7650
58.386,7649
58.386,7648
58.390,7647
58.391,7646
58.393,7645
58.393,7644
58.393,7643
58.393,7642
58.393,7641
58.393,7640
58.393,7639
58.393,7638
58.393,7637
58.393,7636
58.393,7635
58.393,7634
58.393,7633
58.413,7632
58.414,7631
58.416,7630
58.417,7629
58.418,7628
58.420,7627
58.420,7626
58.420,7625
58.423,7624
58.424,7623
58.424,7622
58.424,7621
58.424,7620
58.424,7619
58.424,7618
58.424,7617
58.424,7616
58.424,7615
58.424,7614
58.424,7613
58.424,7612
58.424,7611
58.441,7610
58.442,7609
58.445,7608
58.445,7607
58.445,7606
58.445,7605
58.445,7604
58.445,7603
58.445,7602
58.445,7601
58.445,7600
58.445,7599
58.445,7598
58.445,7597
58.445,7596
58.461,7595
58.462,7594
58.462,7593
58.463,7592
58.465,7591
58.465,7590
58.465,7589
58.465,7588
58.465,7587
58.465,7586
58.465,7585
58.465,7584
58.465,7583
58.465,7582
58.465,7581
58.465,7580
58.465,7579
58.482,7578
58.483,7577
58.483,7576
58.484,7575
58.484,7574
58.485,7573
58.486,7572
58.486,7571
58.495,7570
58.495,7569
58.500,7568
58.501,7567
58.502,7566
58.505,7565
58.506,7564
58.510,7563
58.511,7562
58.513,7561
58.519,7560
58.520,7559
58.520,7558
58.521,7557
58.523,7556
58.524,7555
58.525,7554
58.526,7553
58.526,7552
58.526,7551
58.526,7550
58.526,7549
58.526,7548
58.526,7547
58.526,7546
58.542,7545
58.544,7544
58.546,7543
58.546,7542
58.546,7541
58.546,7540
58.546,7539
58.546,7538
58.546,7537
58.546,7536
58.562,7535
58.564,7534
58.566,7533
58.567,7532
58.567,7531
58.567,7530
58.567,7529
58.583,7528
58.584,7527
58.585,7526
58.588,7525
58.593,7524
58.593,7523
58.596,7522
58.597,7521
58.597,7520
58.597,7519
58.597,7518
58.597,7517
58.597,7516
58.597,7515
58.616,7514
58.629,7513
58.629,7512
58.632,7511
58.632,7510
58.633,7509
58.636,7508
58.648,7507
58.648,7506
58.648,7505
58.648,7504
58.648,7503
58.648,7502
58.648,7501
58.648,7500
58.668,7499
58.668,7498
58.685,7497
58.685,7496
58.686,7495
58.689,7494
58.691,7493
58.692,7492
58.692,7491
58.694,7490
58.697,7489
58.698,7488
58.698,7487
58.698,7486
58.698,7485
58.715,7484
58.717,7483
58.719,7482
58.719,7481
58.719,7480
58.719,7479
58.719,7478
58.719,7477
58.719,7476
58.736,7475
58.741,7474
58.748,7473
58.749,7472
58.749,7471
58.755,7470
58.756,7469
58.758,7468
58.759,7467
58.760,7466
58.760,7465
58.760,7464
58.761,7463
58.770,7462
58.770,7461
58.770,7460
58.770,7459
58.787,7458
58.788,7457
58.789,7456
58.790,7455
58.793,7454
58.796,7453
58.796,7452
58.800,7451
58.800,7450
58.800,7449
58.817,7448
58.817,7447
58.821,7446
58.821,7445
58.844,7444
58.851,7443
58.851,7442
58.851,7441
58.871,7440
58.895,7439
58.897,7438
58.901,7437
58.902,7436
58.902,7435
58.918,7434
58.920,7433
58.921,7432
58.927,7431
58.928,7430
58.929,7429
58.932,7428
58.932,7427
58.932,7426
58.952,7425
58.952,7424
58.976,7423
58.977,7422
58.979,7421
58.980,7420
58.985,7419
58.985,7418
58.986,7417
58.986,7416
59.013,7415
59.013,7414
59.029,7413
59.034,7412
59.034,7411
59.034,7410
59.054,7409
59.054,7408
59.074,7407
59.099,7406
59.105,7405
59.105,7404
59.124,7403
59.131,7402
59.144,7401
59.149,7400
59.156,7399
59.156,7398
59.177,7397
59.177,7396
59.177,7395
59.217,7394
59.217,7393
59.217,7392
59.249,7391
59.274,7390
59.277,7389
59.278,7388
59.308,7387
59.329,7386
59.329,7385
59.359,7384
59.359,7383
59.359,7382
59.359,7381
59.380,7380
59.380,7379
59.380,7378
59.397,7377
59.401,7376
59.403,7375
59.493,7374
59.495,7373
59.501,7372
59.529,7371
59.534,7370
59.541,7369
59.582,7368
59.606,7367
59.653,7366
59.699,7365
59.826,7364
59.867,7363
59.922,7362
60.010,7361
60.170,7360
60.171,7359
60.232,7358
60.253,7357
60.365,7356
60.365,7355
60.497,7354
60.730,7353
60.883,7352
